Goals: (3,6) (9,1) (1,13) (10,2) (11,7) (13,7) (5,5) (4,2) (3,7) (4,13) (8,3) (10,3) (3,12) (14,8) (5,14) (14,9) (6,13) (7,6) (10,15) (14,7) (5,6) (2,3) (4,9) (7,5) (10,7) (1,10) (5,9) (6,10) (9,7) (12,11) (11,6) (3,10) (7,2) (8,9) (14,13) (1,11) (4,15) (11,11) (9,10) (12,12) (6,9) (11,1) (14,3) (5,11) (2,4) (2,1) (14,11) (13,15) (6,6) (1,9)
/MURDOCH
Time 2
Robots Locations 0-(3,3) 1-(6,6) 2-(9,9) 3-(12,12) 4-(15,15)
Target Locations:  0-(1,9) 1-(6,6) 2-(13,15) 3-(14,11) 4-(2,1)
Task Assignment: 0-1 4-3 1-2 2-0 3-4
Assignment aborted At time 6
Time 8
Robots Locations 0-(3,4) 1-(7,8) 2-(8,9) 3-(12,11) 4-(16,14)
Target Locations:  0-(1,9) 1-(6,6) 2-(13,15) 3-(14,11) 4-(2,1) 5-(2,4)
Task Assignment: 0-1 4-3 1-2 2-0 3-4
Assignment aborted At time 12
Time 14
Robots Locations 0-(5,5) 1-(7,9) 2-(6,9) 3-(11,9) 4-(15,12)
Target Locations:  0-(1,9) 1-(6,6) 2-(13,15) 3-(14,11) 4-(2,1) 5-(2,4) 6-(5,11)
Task Assignment: 0-1 4-3 1-2 2-0 3-4
Assignment aborted At time 18
Time 20
Robots Locations 0-(6,6) 1-(8,10) 2-(4,9) 3-(9,8) 4-(14,11)
Target Locations:  0-(1,9) 1-(6,6) 2-(13,15) 3-(14,11) 4-(2,1) 5-(2,4) 6-(5,11) 7-(14,3)
Task Assignment: 0-1 4-3 1-2 2-0 3-4
Robot 0 finished At time 21
Time 23
Robots Locations 0-(6,6) 1-(8,10) 2-(3,9) 3-(9,8) 4-(14,11)
Target Locations:  0-(1,9) 1-(13,15) 2-(14,11) 3-(2,1) 4-(2,4) 5-(5,11) 6-(14,3)
Task Assignment: 4-2 1-1 2-0 3-3 0-4
Robot 4 finished At time 24
Time 25
Robots Locations 0-(6,6) 1-(8,11) 2-(3,9) 3-(9,8) 4-(14,11)
Target Locations:  0-(1,9) 1-(13,15) 2-(2,1) 3-(2,4) 4-(5,11) 5-(14,3)
Task Assignment: 1-1 2-0 3-2 0-3 4-5
Assignment aborted At time 25
Time 27
Robots Locations 0-(6,6) 1-(9,11) 2-(3,9) 3-(8,7) 4-(14,10)
Target Locations:  0-(1,9) 1-(13,15) 2-(2,1) 3-(2,4) 4-(5,11) 5-(14,3) 6-(11,1)
Task Assignment: 1-1 2-0 3-2 0-3 4-5
Assignment aborted At time 30
Time 31
Robots Locations 0-(5,6) 1-(10,12) 2-(1,9) 3-(7,6) 4-(15,10)
Target Locations:  0-(1,9) 1-(13,15) 2-(2,1) 3-(2,4) 4-(5,11) 5-(14,3) 6-(11,1) 7-(6,9)
Task Assignment: 1-1 2-0 3-2 0-3 4-5
Robot 2 finished At time 33
Time 35
Robots Locations 0-(4,6) 1-(11,13) 2-(1,9) 3-(7,6) 4-(15,10)
Target Locations:  0-(13,15) 1-(2,1) 2-(2,4) 3-(5,11) 4-(14,3) 5-(11,1) 6-(6,9)
Task Assignment: 1-0 3-1 0-2 4-4 2-3
Assignment aborted At time 35
Time 37
Robots Locations 0-(4,6) 1-(11,13) 2-(1,9) 3-(7,6) 4-(15,9)
Target Locations:  0-(13,15) 1-(2,1) 2-(2,4) 3-(5,11) 4-(14,3) 5-(11,1) 6-(6,9) 7-(12,12)
Task Assignment: 1-0 3-1 0-2 4-4 2-3
Assignment aborted At time 41
Time 43
Robots Locations 0-(2,4) 1-(12,14) 2-(2,10) 3-(5,4) 4-(15,7)
Target Locations:  0-(13,15) 1-(2,1) 2-(2,4) 3-(5,11) 4-(14,3) 5-(11,1) 6-(6,9) 7-(12,12) 8-(9,10)
Task Assignment: 1-0 3-1 0-2 4-4 2-3
Robot 0 finished At time 46
Time 48
Robots Locations 0-(2,4) 1-(13,15) 2-(3,10) 3-(4,3) 4-(15,6)
Target Locations:  0-(13,15) 1-(2,1) 2-(5,11) 3-(14,3) 4-(11,1) 5-(6,9) 6-(12,12) 7-(9,10)
Task Assignment: 1-0 3-1 4-3 2-2 0-5
Assignment aborted At time 48
Time 50
Robots Locations 0-(2,4) 1-(13,15) 2-(3,11) 3-(4,3) 4-(14,5)
Target Locations:  0-(13,15) 1-(2,1) 2-(5,11) 3-(14,3) 4-(11,1) 5-(6,9) 6-(12,12) 7-(9,10) 8-(11,11)
Task Assignment: 1-0 3-1 4-3 2-2 0-5
Assignment aborted At time 53
Time 55
Robots Locations 0-(2,6) 1-(13,15) 2-(5,11) 3-(2,1) 4-(14,3)
Target Locations:  0-(13,15) 1-(2,1) 2-(5,11) 3-(14,3) 4-(11,1) 5-(6,9) 6-(12,12) 7-(9,10) 8-(11,11) 9-(4,15)
Task Assignment: 1-0 3-1 4-3 2-2 0-5
Robot 2 finished At time 56
Time 58
Robots Locations 0-(3,6) 1-(13,15) 2-(5,11) 3-(2,1) 4-(14,3)
Target Locations:  0-(13,15) 1-(2,1) 2-(14,3) 3-(11,1) 4-(6,9) 5-(12,12) 6-(9,10) 7-(11,11) 8-(4,15)
Task Assignment: 1-0 3-1 4-2 0-4 2-6
Assignment aborted At time 59
Time 61
Robots Locations 0-(3,6) 1-(13,15) 2-(5,11) 3-(2,1) 4-(14,3)
Target Locations:  0-(13,15) 1-(2,1) 2-(14,3) 3-(11,1) 4-(6,9) 5-(12,12) 6-(9,10) 7-(11,11) 8-(4,15) 9-(1,11)
Task Assignment: 1-0 3-1 4-2 0-4 2-6
Robot 1 finished At time 62
Time 64
Robots Locations 0-(3,7) 1-(13,15) 2-(6,11) 3-(2,1) 4-(14,3)
Target Locations:  0-(2,1) 1-(14,3) 2-(11,1) 3-(6,9) 4-(12,12) 5-(9,10) 6-(11,11) 7-(4,15) 8-(1,11)
Task Assignment: 3-0 4-1 0-3 2-5 1-4
Assignment aborted At time 64
Time 66
Robots Locations 0-(3,7) 1-(13,15) 2-(6,11) 3-(2,1) 4-(14,3)
Target Locations:  0-(2,1) 1-(14,3) 2-(11,1) 3-(6,9) 4-(12,12) 5-(9,10) 6-(11,11) 7-(4,15) 8-(1,11) 9-(14,13)
Task Assignment: 3-0 4-1 0-3 2-5 1-4
Robot 4 finished At time 66
Time 68
Robots Locations 0-(4,7) 1-(13,15) 2-(6,11) 3-(2,1) 4-(14,3)
Target Locations:  0-(2,1) 1-(11,1) 2-(6,9) 3-(12,12) 4-(9,10) 5-(11,11) 6-(4,15) 7-(1,11) 8-(14,13)
Task Assignment: 3-0 0-2 2-4 1-3 4-1
Robot 3 finished At time 69
Time 71
Robots Locations 0-(4,7) 1-(13,15) 2-(6,11) 3-(2,1) 4-(14,3)
Target Locations:  0-(11,1) 1-(6,9) 2-(12,12) 3-(9,10) 4-(11,11) 5-(4,15) 6-(1,11) 7-(14,13)
Task Assignment: 0-1 2-3 1-2 4-0 3-6
Assignment aborted At time 71
Time 73
Robots Locations 0-(4,7) 1-(14,15) 2-(7,11) 3-(1,1) 4-(13,3)
Target Locations:  0-(11,1) 1-(6,9) 2-(12,12) 3-(9,10) 4-(11,11) 5-(4,15) 6-(1,11) 7-(14,13) 8-(8,9)
Task Assignment: 0-1 2-3 1-2 4-0 3-6
Assignment aborted At time 75
Time 77
Robots Locations 0-(5,9) 1-(13,14) 2-(9,10) 3-(1,2) 4-(13,4)
Target Locations:  0-(11,1) 1-(6,9) 2-(12,12) 3-(9,10) 4-(11,11) 5-(4,15) 6-(1,11) 7-(14,13) 8-(8,9) 9-(7,2)
Task Assignment: 0-1 2-3 1-2 4-0 3-6
Robot 2 finished At time 80
Time 82
Robots Locations 0-(6,9) 1-(12,13) 2-(9,10) 3-(1,4) 4-(12,3)
Target Locations:  0-(11,1) 1-(6,9) 2-(12,12) 3-(11,11) 4-(4,15) 5-(1,11) 6-(14,13) 7-(8,9) 8-(7,2)
Task Assignment: 0-1 1-2 4-0 3-5 2-7
Assignment aborted At time 82
Time 84
Robots Locations 0-(6,9) 1-(12,12) 2-(9,10) 3-(1,5) 4-(12,2)
Target Locations:  0-(11,1) 1-(6,9) 2-(12,12) 3-(11,11) 4-(4,15) 5-(1,11) 6-(14,13) 7-(8,9) 8-(7,2) 9-(3,10)
Task Assignment: 0-1 1-2 4-0 3-5 2-7
Robot 0 finished At time 85
Time 87
Robots Locations 0-(6,9) 1-(12,11) 2-(9,9) 3-(1,6) 4-(12,2)
Target Locations:  0-(11,1) 1-(12,12) 2-(11,11) 3-(4,15) 4-(1,11) 5-(14,13) 6-(8,9) 7-(7,2) 8-(3,10)
Task Assignment: 1-1 4-0 3-4 2-6 0-8
Assignment aborted At time 87
Time 89
Robots Locations 0-(6,9) 1-(12,11) 2-(8,9) 3-(1,6) 4-(11,1)
Target Locations:  0-(11,1) 1-(12,12) 2-(11,11) 3-(4,15) 4-(1,11) 5-(14,13) 6-(8,9) 7-(7,2) 8-(3,10) 9-(11,6)
Task Assignment: 1-1 4-0 3-4 2-6 0-8
Assignment aborted At time 92
Time 95
Robots Locations 0-(4,10) 1-(12,12) 2-(9,9) 3-(1,9) 4-(11,1)
Target Locations:  0-(11,1) 1-(12,12) 2-(11,11) 3-(4,15) 4-(1,11) 5-(14,13) 6-(8,9) 7-(7,2) 8-(3,10) 9-(11,6) 10-(12,11)
Task Assignment: 1-1 4-0 3-4 2-6 0-8
Robot 1 finished At time 95
Time 97
Robots Locations 0-(4,10) 1-(12,12) 2-(9,9) 3-(1,9) 4-(11,1)
Target Locations:  0-(11,1) 1-(11,11) 2-(4,15) 3-(1,11) 4-(14,13) 5-(8,9) 6-(7,2) 7-(3,10) 8-(11,6) 9-(12,11)
Task Assignment: 4-0 3-3 2-5 0-7 1-9
Assignment aborted At time 98
Time 100
Robots Locations 0-(3,10) 1-(12,12) 2-(8,9) 3-(1,9) 4-(11,1)
Target Locations:  0-(11,1) 1-(11,11) 2-(4,15) 3-(1,11) 4-(14,13) 5-(8,9) 6-(7,2) 7-(3,10) 8-(11,6) 9-(12,11) 10-(9,7)
Task Assignment: 4-0 3-3 2-5 0-7 1-9
Robot 4 finished At time 102
Time 104
Robots Locations 0-(3,10) 1-(11,11) 2-(8,9) 3-(1,10) 4-(11,1)
Target Locations:  0-(11,11) 1-(4,15) 2-(1,11) 3-(14,13) 4-(8,9) 5-(7,2) 6-(3,10) 7-(11,6) 8-(12,11) 9-(9,7)
Task Assignment: 3-2 2-4 0-6 1-8 4-5
Assignment aborted At time 104
Time 106
Robots Locations 0-(3,10) 1-(12,11) 2-(8,9) 3-(1,11) 4-(10,1)
Target Locations:  0-(11,11) 1-(4,15) 2-(1,11) 3-(14,13) 4-(8,9) 5-(7,2) 6-(3,10) 7-(11,6) 8-(12,11) 9-(9,7) 10-(6,10)
Task Assignment: 3-2 2-4 0-6 1-8 4-5
Robot 0 finished At time 107
Time 109
Robots Locations 0-(3,10) 1-(13,11) 2-(8,9) 3-(1,11) 4-(11,2)
Target Locations:  0-(11,11) 1-(4,15) 2-(1,11) 3-(14,13) 4-(8,9) 5-(7,2) 6-(11,6) 7-(12,11) 8-(9,7) 9-(6,10)
Task Assignment: 3-2 2-4 1-7 4-5 0-9
Assignment aborted At time 109
Time 111
Robots Locations 0-(3,10) 1-(13,11) 2-(8,9) 3-(1,11) 4-(11,2)
Target Locations:  0-(11,11) 1-(4,15) 2-(1,11) 3-(14,13) 4-(8,9) 5-(7,2) 6-(11,6) 7-(12,11) 8-(9,7) 9-(6,10) 10-(5,9)
Task Assignment: 3-2 2-4 1-7 4-5 0-9
Robot 2 finished At time 111
Time 113
Robots Locations 0-(3,10) 1-(13,12) 2-(8,9) 3-(1,11) 4-(11,2)
Target Locations:  0-(11,11) 1-(4,15) 2-(1,11) 3-(14,13) 4-(7,2) 5-(11,6) 6-(12,11) 7-(9,7) 8-(6,10) 9-(5,9)
Task Assignment: 3-2 1-6 4-4 0-8 2-7
Robot 3 finished At time 114
Time 116
Robots Locations 0-(3,11) 1-(12,12) 2-(8,9) 3-(1,11) 4-(11,2)
Target Locations:  0-(11,11) 1-(4,15) 2-(14,13) 3-(7,2) 4-(11,6) 5-(12,11) 6-(9,7) 7-(6,10) 8-(5,9)
Task Assignment: 1-5 4-3 0-7 2-6 3-8
Assignment aborted At time 116
Time 118
Robots Locations 0-(3,10) 1-(12,12) 2-(8,9) 3-(1,11) 4-(10,2)
Target Locations:  0-(11,11) 1-(4,15) 2-(14,13) 3-(7,2) 4-(11,6) 5-(12,11) 6-(9,7) 7-(6,10) 8-(5,9) 9-(1,10)
Task Assignment: 1-5 4-3 0-7 2-6 3-8
Assignment aborted At time 121
Time 123
Robots Locations 0-(4,11) 1-(12,11) 2-(9,7) 3-(2,11) 4-(9,2)
Target Locations:  0-(11,11) 1-(4,15) 2-(14,13) 3-(7,2) 4-(11,6) 5-(12,11) 6-(9,7) 7-(6,10) 8-(5,9) 9-(1,10) 10-(10,7)
Task Assignment: 1-5 4-3 0-7 2-6 3-8
Robot 1 finished At time 124
Time 126
Robots Locations 0-(4,11) 1-(12,11) 2-(9,7) 3-(2,11) 4-(9,2)
Target Locations:  0-(11,11) 1-(4,15) 2-(14,13) 3-(7,2) 4-(11,6) 5-(9,7) 6-(6,10) 7-(5,9) 8-(1,10) 9-(10,7)
Task Assignment: 4-3 0-6 2-5 3-7 1-0
Assignment aborted At time 127
Time 129
Robots Locations 0-(4,10) 1-(12,11) 2-(9,7) 3-(3,11) 4-(8,2)
Target Locations:  0-(11,11) 1-(4,15) 2-(14,13) 3-(7,2) 4-(11,6) 5-(9,7) 6-(6,10) 7-(5,9) 8-(1,10) 9-(10,7) 10-(7,5)
Task Assignment: 4-3 0-6 2-5 3-7 1-0
Robot 2 finished At time 130
Time 132
Robots Locations 0-(5,10) 1-(11,11) 2-(9,7) 3-(3,11) 4-(7,2)
Target Locations:  0-(11,11) 1-(4,15) 2-(14,13) 3-(7,2) 4-(11,6) 5-(6,10) 6-(5,9) 7-(1,10) 8-(10,7) 9-(7,5)
Task Assignment: 4-3 0-5 3-6 1-0 2-8
Assignment aborted At time 132
Time 134
Robots Locations 0-(5,10) 1-(11,11) 2-(9,7) 3-(4,10) 4-(7,2)
Target Locations:  0-(11,11) 1-(4,15) 2-(14,13) 3-(7,2) 4-(11,6) 5-(6,10) 6-(5,9) 7-(1,10) 8-(10,7) 9-(7,5) 10-(4,9)
Task Assignment: 4-3 0-5 3-6 1-0 2-8
Robot 0 finished At time 138
Time 140
Robots Locations 0-(6,10) 1-(12,11) 2-(10,7) 3-(5,9) 4-(7,2)
Target Locations:  0-(11,11) 1-(4,15) 2-(14,13) 3-(7,2) 4-(11,6) 5-(5,9) 6-(1,10) 7-(10,7) 8-(7,5) 9-(4,9)
Task Assignment: 4-3 3-5 1-0 2-7 0-9
Assignment aborted At time 140
Time 142
Robots Locations 0-(6,10) 1-(11,11) 2-(10,7) 3-(5,9) 4-(7,2)
Target Locations:  0-(11,11) 1-(4,15) 2-(14,13) 3-(7,2) 4-(11,6) 5-(5,9) 6-(1,10) 7-(10,7) 8-(7,5) 9-(4,9) 10-(2,3)
Task Assignment: 4-3 3-5 1-0 2-7 0-9
Robot 3 finished At time 143
Time 145
Robots Locations 0-(6,10) 1-(11,11) 2-(10,7) 3-(5,9) 4-(7,2)
Target Locations:  0-(11,11) 1-(4,15) 2-(14,13) 3-(7,2) 4-(11,6) 5-(1,10) 6-(10,7) 7-(7,5) 8-(4,9) 9-(2,3)
Task Assignment: 4-3 1-0 2-6 0-8 3-5
Assignment aborted At time 145
Time 147
Robots Locations 0-(6,10) 1-(11,11) 2-(10,7) 3-(5,8) 4-(7,2)
Target Locations:  0-(11,11) 1-(4,15) 2-(14,13) 3-(7,2) 4-(11,6) 5-(1,10) 6-(10,7) 7-(7,5) 8-(4,9) 9-(2,3) 10-(5,6)
Task Assignment: 4-3 1-0 2-6 0-8 3-5
Robot 2 finished At time 147
Time 149
Robots Locations 0-(6,9) 1-(11,11) 2-(10,7) 3-(4,8) 4-(7,2)
Target Locations:  0-(11,11) 1-(4,15) 2-(14,13) 3-(7,2) 4-(11,6) 5-(1,10) 6-(7,5) 7-(4,9) 8-(2,3) 9-(5,6)
Task Assignment: 4-3 1-0 0-7 3-5 2-4
Assignment aborted At time 149
Time 151
Robots Locations 0-(6,9) 1-(11,11) 2-(10,7) 3-(4,9) 4-(7,2)
Target Locations:  0-(11,11) 1-(4,15) 2-(14,13) 3-(7,2) 4-(11,6) 5-(1,10) 6-(7,5) 7-(4,9) 8-(2,3) 9-(5,6) 10-(14,7)
Task Assignment: 4-3 1-0 0-7 3-5 2-4
Robot 4 finished At time 155
Time 157
Robots Locations 0-(5,8) 1-(11,11) 2-(11,6) 3-(2,10) 4-(7,2)
Target Locations:  0-(11,11) 1-(4,15) 2-(14,13) 3-(11,6) 4-(1,10) 5-(7,5) 6-(4,9) 7-(2,3) 8-(5,6) 9-(14,7)
Task Assignment: 1-0 0-6 3-4 2-3 4-5
Assignment aborted At time 157
Time 159
Robots Locations 0-(5,8) 1-(11,11) 2-(11,6) 3-(1,10) 4-(6,2)
Target Locations:  0-(11,11) 1-(4,15) 2-(14,13) 3-(11,6) 4-(1,10) 5-(7,5) 6-(4,9) 7-(2,3) 8-(5,6) 9-(14,7) 10-(10,15)
Task Assignment: 1-0 0-6 3-4 2-3 4-5
Robot 1 finished At time 159
Time 161
Robots Locations 0-(4,9) 1-(11,11) 2-(11,6) 3-(1,10) 4-(6,3)
Target Locations:  0-(4,15) 1-(14,13) 2-(11,6) 3-(1,10) 4-(7,5) 5-(4,9) 6-(2,3) 7-(5,6) 8-(14,7) 9-(10,15)
Task Assignment: 0-5 3-3 2-2 4-4 1-1
Assignment aborted At time 161
Time 164
Robots Locations 0-(4,9) 1-(11,11) 2-(11,6) 3-(1,10) 4-(7,3)
Target Locations:  0-(4,15) 1-(14,13) 2-(11,6) 3-(1,10) 4-(7,5) 5-(4,9) 6-(2,3) 7-(5,6) 8-(14,7) 9-(10,15) 10-(7,6)
Task Assignment: 0-5 3-3 2-2 4-4 1-1
Robot 3 finished At time 164
Time 166
Robots Locations 0-(4,9) 1-(11,12) 2-(11,6) 3-(1,10) 4-(7,3)
Target Locations:  0-(4,15) 1-(14,13) 2-(11,6) 3-(7,5) 4-(4,9) 5-(2,3) 6-(5,6) 7-(14,7) 8-(10,15) 9-(7,6)
Task Assignment: 0-4 2-2 4-3 1-1 3-6
Assignment aborted At time 166
Time 168
Robots Locations 0-(4,9) 1-(11,12) 2-(11,6) 3-(1,10) 4-(7,3)
Target Locations:  0-(4,15) 1-(14,13) 2-(11,6) 3-(7,5) 4-(4,9) 5-(2,3) 6-(5,6) 7-(14,7) 8-(10,15) 9-(7,6) 10-(6,13)
Task Assignment: 0-4 2-2 4-3 1-1 3-6
Robot 0 finished At time 169
Time 171
Robots Locations 0-(4,9) 1-(11,12) 2-(11,6) 3-(1,9) 4-(7,4)
Target Locations:  0-(4,15) 1-(14,13) 2-(11,6) 3-(7,5) 4-(2,3) 5-(5,6) 6-(14,7) 7-(10,15) 8-(7,6) 9-(6,13)
Task Assignment: 2-2 4-3 1-1 3-5 0-8
Assignment aborted At time 171
Time 173
Robots Locations 0-(4,9) 1-(11,12) 2-(11,6) 3-(1,9) 4-(7,4)
Target Locations:  0-(4,15) 1-(14,13) 2-(11,6) 3-(7,5) 4-(2,3) 5-(5,6) 6-(14,7) 7-(10,15) 8-(7,6) 9-(6,13) 10-(14,9)
Task Assignment: 2-2 4-3 1-1 3-5 0-8
Robot 2 finished At time 177
Time 179
Robots Locations 0-(5,8) 1-(13,13) 2-(11,6) 3-(2,8) 4-(7,5)
Target Locations:  0-(4,15) 1-(14,13) 2-(7,5) 3-(2,3) 4-(5,6) 5-(14,7) 6-(10,15) 7-(7,6) 8-(6,13) 9-(14,9)
Task Assignment: 4-2 1-1 3-4 0-7 2-5
Assignment aborted At time 179
Time 181
Robots Locations 0-(5,8) 1-(13,13) 2-(11,6) 3-(3,8) 4-(7,5)
Target Locations:  0-(4,15) 1-(14,13) 2-(7,5) 3-(2,3) 4-(5,6) 5-(14,7) 6-(10,15) 7-(7,6) 8-(6,13) 9-(14,9) 10-(5,14)
Task Assignment: 4-2 1-1 3-4 0-7 2-5
Robot 4 finished At time 182
Time 184
Robots Locations 0-(6,7) 1-(14,13) 2-(12,6) 3-(3,7) 4-(7,5)
Target Locations:  0-(4,15) 1-(14,13) 2-(2,3) 3-(5,6) 4-(14,7) 5-(10,15) 6-(7,6) 7-(6,13) 8-(14,9) 9-(5,14)
Task Assignment: 1-1 3-3 0-6 2-4 4-2
Assignment aborted At time 184
Time 186
Robots Locations 0-(6,7) 1-(14,13) 2-(13,6) 3-(4,7) 4-(6,6)
Target Locations:  0-(4,15) 1-(14,13) 2-(2,3) 3-(5,6) 4-(14,7) 5-(10,15) 6-(7,6) 7-(6,13) 8-(14,9) 9-(5,14) 10-(14,8)
Task Assignment: 1-1 3-3 0-6 2-4 4-2
Robot 1 finished At time 188
Time 190
Robots Locations 0-(6,6) 1-(14,13) 2-(13,7) 3-(5,6) 4-(6,5)
Target Locations:  0-(4,15) 1-(2,3) 2-(5,6) 3-(14,7) 4-(10,15) 5-(7,6) 6-(6,13) 7-(14,9) 8-(5,14) 9-(14,8)
Task Assignment: 3-2 0-5 2-3 4-1 1-7
Assignment aborted At time 190
Time 192
Robots Locations 0-(6,6) 1-(14,13) 2-(13,7) 3-(5,6) 4-(5,4)
Target Locations:  0-(4,15) 1-(2,3) 2-(5,6) 3-(14,7) 4-(10,15) 5-(7,6) 6-(6,13) 7-(14,9) 8-(5,14) 9-(14,8) 10-(3,12)
Task Assignment: 3-2 0-5 2-3 4-1 1-7
Robot 3 finished At time 194
Time 196
Robots Locations 0-(7,6) 1-(14,11) 2-(14,6) 3-(5,6) 4-(4,4)
Target Locations:  0-(4,15) 1-(2,3) 2-(14,7) 3-(10,15) 4-(7,6) 5-(6,13) 6-(14,9) 7-(5,14) 8-(14,8) 9-(3,12)
Task Assignment: 0-4 2-2 4-1 1-6 3-9
Assignment aborted At time 196
Time 198
Robots Locations 0-(7,6) 1-(14,11) 2-(14,6) 3-(6,6) 4-(3,3)
Target Locations:  0-(4,15) 1-(2,3) 2-(14,7) 3-(10,15) 4-(7,6) 5-(6,13) 6-(14,9) 7-(5,14) 8-(14,8) 9-(3,12) 10-(10,3)
Task Assignment: 0-4 2-2 4-1 1-6 3-9
Assignment aborted At time 201
Time 203
Robots Locations 0-(6,6) 1-(14,9) 2-(14,6) 3-(5,7) 4-(2,3)
Target Locations:  0-(4,15) 1-(2,3) 2-(14,7) 3-(10,15) 4-(7,6) 5-(6,13) 6-(14,9) 7-(5,14) 8-(14,8) 9-(3,12) 10-(10,3) 11-(8,3)
Task Assignment: 0-4 2-2 4-1 1-6 3-9
Robot 4 finished At time 205
Time 207
Robots Locations 0-(7,6) 1-(14,9) 2-(14,7) 3-(5,8) 4-(2,3)
Target Locations:  0-(4,15) 1-(14,7) 2-(10,15) 3-(7,6) 4-(6,13) 5-(14,9) 6-(5,14) 7-(14,8) 8-(3,12) 9-(10,3) 10-(8,3)
Task Assignment: 0-3 2-1 1-5 3-8 4-10
Assignment aborted At time 207
Time 209
Robots Locations 0-(7,6) 1-(14,9) 2-(14,7) 3-(5,9) 4-(2,2)
Target Locations:  0-(4,15) 1-(14,7) 2-(10,15) 3-(7,6) 4-(6,13) 5-(14,9) 6-(5,14) 7-(14,8) 8-(3,12) 9-(10,3) 10-(8,3) 11-(4,13)
Task Assignment: 0-3 2-1 1-5 3-8 4-10
Robot 1 finished At time 209
Time 211
Robots Locations 0-(7,6) 1-(14,9) 2-(14,7) 3-(4,9) 4-(2,2)
Target Locations:  0-(4,15) 1-(14,7) 2-(10,15) 3-(7,6) 4-(6,13) 5-(5,14) 6-(14,8) 7-(3,12) 8-(10,3) 9-(8,3) 10-(4,13)
Task Assignment: 0-3 2-1 3-7 4-9 1-6
Assignment aborted At time 212
Time 214
Robots Locations 0-(7,6) 1-(14,9) 2-(14,7) 3-(4,10) 4-(2,2)
Target Locations:  0-(4,15) 1-(14,7) 2-(10,15) 3-(7,6) 4-(6,13) 5-(5,14) 6-(14,8) 7-(3,12) 8-(10,3) 9-(8,3) 10-(4,13) 11-(3,7)
Task Assignment: 0-3 2-1 3-7 4-9 1-6
Robot 0 finished At time 216
Time 218
Robots Locations 0-(7,6) 1-(14,8) 2-(14,7) 3-(4,11) 4-(3,2)
Target Locations:  0-(4,15) 1-(14,7) 2-(10,15) 3-(6,13) 4-(5,14) 5-(14,8) 6-(3,12) 7-(10,3) 8-(8,3) 9-(4,13) 10-(3,7)
Task Assignment: 2-1 3-6 4-8 1-5 0-10
Assignment aborted At time 218
Time 220
Robots Locations 0-(7,6) 1-(14,8) 2-(14,7) 3-(3,11) 4-(4,2)
Target Locations:  0-(4,15) 1-(14,7) 2-(10,15) 3-(6,13) 4-(5,14) 5-(14,8) 6-(3,12) 7-(10,3) 8-(8,3) 9-(4,13) 10-(3,7) 11-(4,2)
Task Assignment: 2-1 3-6 4-8 1-5 0-10
Robot 3 finished At time 223
Time 225
Robots Locations 0-(5,6) 1-(14,8) 2-(14,7) 3-(3,12) 4-(5,3)
Target Locations:  0-(4,15) 1-(14,7) 2-(10,15) 3-(6,13) 4-(5,14) 5-(14,8) 6-(10,3) 7-(8,3) 8-(4,13) 9-(3,7) 10-(4,2)
Task Assignment: 2-1 4-7 1-5 0-9 3-8
Assignment aborted At time 225
Time 227
Robots Locations 0-(5,6) 1-(14,8) 2-(14,7) 3-(3,12) 4-(6,3)
Target Locations:  0-(4,15) 1-(14,7) 2-(10,15) 3-(6,13) 4-(5,14) 5-(14,8) 6-(10,3) 7-(8,3) 8-(4,13) 9-(3,7) 10-(4,2) 11-(5,5)
Task Assignment: 2-1 4-7 1-5 0-9 3-8
Robot 2 finished At time 228
Time 230
Robots Locations 0-(5,6) 1-(14,8) 2-(14,7) 3-(4,13) 4-(6,3)
Target Locations:  0-(4,15) 1-(10,15) 2-(6,13) 3-(5,14) 4-(14,8) 5-(10,3) 6-(8,3) 7-(4,13) 8-(3,7) 9-(4,2) 10-(5,5)
Task Assignment: 4-6 1-4 0-8 3-7 2-5
Assignment aborted At time 230
Time 232
Robots Locations 0-(5,6) 1-(14,8) 2-(14,7) 3-(4,13) 4-(7,3)
Target Locations:  0-(4,15) 1-(10,15) 2-(6,13) 3-(5,14) 4-(14,8) 5-(10,3) 6-(8,3) 7-(4,13) 8-(3,7) 9-(4,2) 10-(5,5) 11-(13,7)
Task Assignment: 4-6 1-4 0-8 3-7 2-5
Robot 1 finished At time 232
Time 234
Robots Locations 0-(4,7) 1-(14,8) 2-(14,6) 3-(4,13) 4-(8,3)
Target Locations:  0-(4,15) 1-(10,15) 2-(6,13) 3-(5,14) 4-(10,3) 5-(8,3) 6-(4,13) 7-(3,7) 8-(4,2) 9-(5,5) 10-(13,7)
Task Assignment: 4-5 0-7 3-6 2-4 1-10
Robot 3 finished At time 235
Time 237
Robots Locations 0-(4,7) 1-(14,8) 2-(14,6) 3-(4,13) 4-(8,3)
Target Locations:  0-(4,15) 1-(10,15) 2-(6,13) 3-(5,14) 4-(10,3) 5-(8,3) 6-(3,7) 7-(4,2) 8-(5,5) 9-(13,7)
Task Assignment: 4-5 0-6 2-4 1-9 3-3
Assignment aborted At time 237
Time 239
Robots Locations 0-(4,7) 1-(14,8) 2-(14,6) 3-(4,13) 4-(8,3)
Target Locations:  0-(4,15) 1-(10,15) 2-(6,13) 3-(5,14) 4-(10,3) 5-(8,3) 6-(3,7) 7-(4,2) 8-(5,5) 9-(13,7) 10-(11,7)
Task Assignment: 4-5 0-6 2-4 1-9 3-3
Assignment aborted At time 241
Time 243
Robots Locations 0-(2,7) 1-(14,6) 2-(12,5) 3-(5,14) 4-(8,3)
Target Locations:  0-(4,15) 1-(10,15) 2-(6,13) 3-(5,14) 4-(10,3) 5-(8,3) 6-(3,7) 7-(4,2) 8-(5,5) 9-(13,7) 10-(11,7) 11-(10,2)
Task Assignment: 4-5 0-6 2-4 1-9 3-3
Robot 3 finished At time 244
Time 245
Robots Locations 0-(2,6) 1-(13,6) 2-(12,5) 3-(5,14) 4-(8,3)
Target Locations:  0-(4,15) 1-(10,15) 2-(6,13) 3-(10,3) 4-(8,3) 5-(3,7) 6-(4,2) 7-(5,5) 8-(13,7) 9-(11,7) 10-(10,2)
Task Assignment: 4-4 0-5 2-3 1-8 3-0
Assignment aborted At time 246
Time 248
Robots Locations 0-(3,6) 1-(13,7) 2-(12,5) 3-(5,14) 4-(9,3)
Target Locations:  0-(4,15) 1-(10,15) 2-(6,13) 3-(10,3) 4-(8,3) 5-(3,7) 6-(4,2) 7-(5,5) 8-(13,7) 9-(11,7) 10-(10,2) 11-(1,13)
Task Assignment: 4-4 0-5 2-3 1-8 3-0
Robot 1 finished At time 251
Time 253
Robots Locations 0-(3,7) 1-(13,7) 2-(11,4) 3-(4,15) 4-(8,3)
Target Locations:  0-(4,15) 1-(10,15) 2-(6,13) 3-(10,3) 4-(8,3) 5-(3,7) 6-(4,2) 7-(5,5) 8-(11,7) 9-(10,2) 10-(1,13)
Task Assignment: 4-4 0-5 2-3 3-0 1-8
Assignment aborted At time 253
Time 255
Robots Locations 0-(3,7) 1-(13,7) 2-(10,3) 3-(4,15) 4-(8,3)
Target Locations:  0-(4,15) 1-(10,15) 2-(6,13) 3-(10,3) 4-(8,3) 5-(3,7) 6-(4,2) 7-(5,5) 8-(11,7) 9-(10,2) 10-(1,13) 11-(9,1)
Task Assignment: 4-4 0-5 2-3 3-0 1-8
Robot 0 finished At time 256
Time 258
Robots Locations 0-(3,7) 1-(12,7) 2-(10,3) 3-(4,15) 4-(8,3)
Target Locations:  0-(4,15) 1-(10,15) 2-(6,13) 3-(10,3) 4-(8,3) 5-(4,2) 6-(5,5) 7-(11,7) 8-(10,2) 9-(1,13) 10-(9,1)
Task Assignment: 4-4 2-3 3-0 1-7 0-6
Assignment aborted At time 258
Time 260
Robots Locations 0-(3,7) 1-(12,7) 2-(10,3) 3-(4,15) 4-(8,3)
Target Locations:  0-(4,15) 1-(10,15) 2-(6,13) 3-(10,3) 4-(8,3) 5-(4,2) 6-(5,5) 7-(11,7) 8-(10,2) 9-(1,13) 10-(9,1) 11-(3,6)
Task Assignment: 4-4 2-3 3-0 1-7 0-6
Robot 3 finished At time 261
Time 262
Robots Locations 0-(3,7) 1-(12,7) 2-(10,3) 3-(4,15) 4-(8,3)
Target Locations:  0-(10,15) 1-(6,13) 2-(10,3) 3-(8,3) 4-(4,2) 5-(5,5) 6-(11,7) 7-(10,2) 8-(1,13) 9-(9,1) 10-(3,6)
Task Assignment: 4-3 2-2 1-6 0-5 3-1
Assignment aborted At time 263
Time 265
Robots Locations 0-(4,7) 1-(12,7) 2-(10,3) 3-(4,15) 4-(8,3)
Target Locations:  0-(10,15) 1-(6,13) 2-(10,3) 3-(8,3) 4-(4,2) 5-(5,5) 6-(11,7) 7-(10,2) 8-(1,13) 9-(9,1) 10-(3,6)
Task Assignment: 4-3 2-2 1-6 0-5 3-1
Robot 2 finished At time 266
Time 268
Robots Locations 0-(4,7) 1-(11,7) 2-(10,3) 3-(4,15) 4-(8,3)
Target Locations:  0-(10,15) 1-(6,13) 2-(8,3) 3-(4,2) 4-(5,5) 5-(11,7) 6-(10,2) 7-(1,13) 8-(9,1) 9-(3,6)
Task Assignment: 4-2 1-5 0-4 3-1 2-6
Assignment aborted At time 269
Time 271
Robots Locations 0-(4,7) 1-(11,7) 2-(10,3) 3-(3,15) 4-(8,3)
Target Locations:  0-(10,15) 1-(6,13) 2-(8,3) 3-(4,2) 4-(5,5) 5-(11,7) 6-(10,2) 7-(1,13) 8-(9,1) 9-(3,6)
Task Assignment: 4-2 1-5 0-4 3-1 2-6
Robot 1 finished At time 272
Time 274
Robots Locations 0-(4,6) 1-(11,7) 2-(10,2) 3-(4,14) 4-(8,3)
Target Locations:  0-(10,15) 1-(6,13) 2-(8,3) 3-(4,2) 4-(5,5) 5-(10,2) 6-(1,13) 7-(9,1) 8-(3,6)
Task Assignment: 4-2 0-4 3-1 2-5 1-7
Assignment aborted At time 274
Time 276
Robots Locations 0-(4,6) 1-(11,7) 2-(10,2) 3-(5,14) 4-(8,3)
Target Locations:  0-(10,15) 1-(6,13) 2-(8,3) 3-(4,2) 4-(5,5) 5-(10,2) 6-(1,13) 7-(9,1) 8-(3,6)
Task Assignment: 4-2 0-4 3-1 2-5 1-7
Assignment aborted At time 280
Time 282
Robots Locations 0-(5,5) 1-(11,5) 2-(10,2) 3-(6,13) 4-(8,3)
Target Locations:  0-(10,15) 1-(6,13) 2-(8,3) 3-(4,2) 4-(5,5) 5-(10,2) 6-(1,13) 7-(9,1) 8-(3,6)
Task Assignment: 4-2 0-4 3-1 2-5 1-7
Robot 3 finished At time 283
Time 284
Robots Locations 0-(5,5) 1-(11,4) 2-(10,2) 3-(6,13) 4-(8,3)
Target Locations:  0-(10,15) 1-(8,3) 2-(4,2) 3-(5,5) 4-(10,2) 5-(1,13) 6-(9,1) 7-(3,6)
Task Assignment: 4-1 0-3 2-4 1-6 3-0
Robot 4 finished At time 286
Time 288
Robots Locations 0-(5,5) 1-(10,4) 2-(10,2) 3-(7,13) 4-(8,3)
Target Locations:  0-(10,15) 1-(4,2) 2-(5,5) 3-(10,2) 4-(1,13) 5-(9,1) 6-(3,6)
Task Assignment: 0-2 2-3 1-5 3-0 4-1
Assignment aborted At time 288
Time 290
Robots Locations 0-(5,5) 1-(10,4) 2-(10,2) 3-(7,13) 4-(8,2)
Target Locations:  0-(10,15) 1-(4,2) 2-(5,5) 3-(10,2) 4-(1,13) 5-(9,1) 6-(3,6)
Task Assignment: 0-2 2-3 1-5 3-0 4-1
Assignment aborted At time 291
Time 293
Robots Locations 0-(5,5) 1-(10,3) 2-(10,2) 3-(8,14) 4-(8,2)
Target Locations:  0-(10,15) 1-(4,2) 2-(5,5) 3-(10,2) 4-(1,13) 5-(9,1) 6-(3,6)
Task Assignment: 0-2 2-3 1-5 3-0 4-1
Robot 0 finished At time 297
Time 299
Robots Locations 0-(5,5) 1-(10,3) 2-(10,2) 3-(10,15) 4-(6,2)
Target Locations:  0-(10,15) 1-(4,2) 2-(10,2) 3-(1,13) 4-(9,1) 5-(3,6)
Task Assignment: 2-2 1-4 3-0 4-1 0-5
Assignment aborted At time 299
Time 301
Robots Locations 0-(5,5) 1-(10,3) 2-(10,2) 3-(10,15) 4-(5,2)
Target Locations:  0-(10,15) 1-(4,2) 2-(10,2) 3-(1,13) 4-(9,1) 5-(3,6)
Task Assignment: 2-2 1-4 3-0 4-1 0-5
Robot 3 finished At time 302
Time 304
Robots Locations 0-(4,6) 1-(9,2) 2-(10,2) 3-(10,15) 4-(5,2)
Target Locations:  0-(4,2) 1-(10,2) 2-(1,13) 3-(9,1) 4-(3,6)
Task Assignment: 2-1 1-3 4-0 0-4 3-2
Assignment aborted At time 304
Time 306
Robots Locations 0-(4,6) 1-(9,2) 2-(10,2) 3-(10,16) 4-(4,2)
Target Locations:  0-(4,2) 1-(10,2) 2-(1,13) 3-(9,1) 4-(3,6)
Task Assignment: 2-1 1-3 4-0 0-4 3-2
Robot 2 finished At time 306
Robot 1 finished At time 309
Robot 0 finished At time 311
Robot 4 finished At time 313
Robot 3 finished At time 323
/BLE
Time 2
Robots Locations 0-(3,2) 1-(6,7) 2-(9,10) 3-(12,12) 4-(15,15)
Target Locations:  0-(1,9) 1-(6,6) 2-(13,15) 3-(14,11) 4-(2,1)
Task Assignment: 1-1 0-4 4-2 3-3 2-0
Assignment aborted At time 6
Time 8
Robots Locations 0-(2,1) 1-(6,7) 2-(7,10) 3-(14,11) 4-(14,15)
Target Locations:  0-(1,9) 1-(6,6) 2-(13,15) 3-(14,11) 4-(2,1) 5-(2,4)
Task Assignment: 0-4 3-3 4-2 1-1 2-0
Robot 0 finished At time 9
Time 11
Robots Locations 0-(2,1) 1-(6,6) 2-(7,10) 3-(14,11) 4-(13,15)
Target Locations:  0-(1,9) 1-(6,6) 2-(13,15) 3-(14,11) 4-(2,4)
Task Assignment: 4-2 1-1 3-3 0-4 2-0
Assignment aborted At time 12
Time 13
Robots Locations 0-(2,1) 1-(6,6) 2-(7,10) 3-(14,11) 4-(13,15)
Target Locations:  0-(1,9) 1-(6,6) 2-(13,15) 3-(14,11) 4-(2,4) 5-(5,11)
Task Assignment: 4-2 3-3 1-1 2-5 0-4
Robot 3 finished At time 15
Time 17
Robots Locations 0-(1,1) 1-(6,6) 2-(6,10) 3-(14,11) 4-(13,15)
Target Locations:  0-(1,9) 1-(6,6) 2-(13,15) 3-(2,4) 4-(5,11)
Task Assignment: 4-2 1-1 2-4 0-3 3-0
Assignment aborted At time 17
Time 19
Robots Locations 0-(1,1) 1-(6,6) 2-(6,10) 3-(14,11) 4-(13,15)
Target Locations:  0-(1,9) 1-(6,6) 2-(13,15) 3-(2,4) 4-(5,11) 5-(14,3)
Task Assignment: 4-2 1-1 2-4 0-3 3-5
Robot 1 finished At time 21
Time 22
Robots Locations 0-(2,2) 1-(6,6) 2-(6,10) 3-(14,10) 4-(13,15)
Target Locations:  0-(1,9) 1-(13,15) 2-(2,4) 3-(5,11) 4-(14,3)
Task Assignment: 4-1 2-3 0-2 1-0 3-4
Assignment aborted At time 23
Time 25
Robots Locations 0-(2,2) 1-(6,6) 2-(5,11) 3-(14,10) 4-(13,15)
Target Locations:  0-(1,9) 1-(13,15) 2-(2,4) 3-(5,11) 4-(14,3) 5-(11,1)
Task Assignment: 4-1 2-3 0-2 1-0 3-4
Robot 4 finished At time 25
Time 27
Robots Locations 0-(2,3) 1-(5,6) 2-(4,11) 3-(14,9) 4-(13,15)
Target Locations:  0-(1,9) 1-(2,4) 2-(5,11) 3-(14,3) 4-(11,1)
Task Assignment: 0-1 2-2 1-0 3-3 4-4
Assignment aborted At time 28
Time 30
Robots Locations 0-(2,4) 1-(5,7) 2-(4,11) 3-(14,8) 4-(13,14)
Target Locations:  0-(1,9) 1-(2,4) 2-(5,11) 3-(14,3) 4-(11,1) 5-(6,9)
Task Assignment: 0-1 2-2 1-5 3-3 4-0
Robot 0 finished At time 32
Time 34
Robots Locations 0-(2,4) 1-(5,8) 2-(4,11) 3-(14,7) 4-(12,14)
Target Locations:  0-(1,9) 1-(5,11) 2-(14,3) 3-(11,1) 4-(6,9)
Task Assignment: 2-1 1-4 3-2 0-0 4-3
Assignment aborted At time 34
Time 36
Robots Locations 0-(2,4) 1-(5,8) 2-(5,11) 3-(14,6) 4-(12,13)
Target Locations:  0-(1,9) 1-(5,11) 2-(14,3) 3-(11,1) 4-(6,9) 5-(12,12)
Task Assignment: 2-1 4-5 1-4 3-2 0-0
Assignment aborted At time 40
Time 42
Robots Locations 0-(1,5) 1-(6,9) 2-(4,11) 3-(14,4) 4-(12,12)
Target Locations:  0-(1,9) 1-(5,11) 2-(14,3) 3-(11,1) 4-(6,9) 5-(12,12) 6-(9,10)
Task Assignment: 4-5 1-4 3-2 2-1 0-0
Robot 4 finished At time 44
Time 46
Robots Locations 0-(1,7) 1-(6,9) 2-(5,11) 3-(14,3) 4-(12,12)
Target Locations:  0-(1,9) 1-(5,11) 2-(14,3) 3-(11,1) 4-(6,9) 5-(9,10)
Task Assignment: 3-2 2-1 1-4 0-0 4-5
Assignment aborted At time 46
Time 48
Robots Locations 0-(1,7) 1-(6,9) 2-(5,11) 3-(14,3) 4-(12,11)
Target Locations:  0-(1,9) 1-(5,11) 2-(14,3) 3-(11,1) 4-(6,9) 5-(9,10) 6-(11,11)
Task Assignment: 3-2 2-1 1-4 4-6 0-0
Robot 3 finished At time 49
Time 51
Robots Locations 0-(1,8) 1-(6,9) 2-(5,11) 3-(14,3) 4-(12,11)
Target Locations:  0-(1,9) 1-(5,11) 2-(11,1) 3-(6,9) 4-(9,10) 5-(11,11)
Task Assignment: 2-1 1-3 0-0 4-5 3-2
Assignment aborted At time 51
Time 53
Robots Locations 0-(1,8) 1-(6,9) 2-(5,11) 3-(14,3) 4-(11,11)
Target Locations:  0-(1,9) 1-(5,11) 2-(11,1) 3-(6,9) 4-(9,10) 5-(11,11) 6-(4,15)
Task Assignment: 4-5 2-1 1-3 0-0 3-2
Robot 2 finished At time 53
Time 55
Robots Locations 0-(1,8) 1-(6,9) 2-(5,11) 3-(13,2) 4-(11,11)
Target Locations:  0-(1,9) 1-(11,1) 2-(6,9) 3-(9,10) 4-(11,11) 5-(4,15)
Task Assignment: 4-4 1-2 0-0 3-1 2-3
Robot 1 finished At time 56
Time 58
Robots Locations 0-(1,8) 1-(6,9) 2-(5,11) 3-(13,2) 4-(11,11)
Target Locations:  0-(1,9) 1-(11,1) 2-(9,10) 3-(11,11) 4-(4,15)
Task Assignment: 4-3 0-0 3-1 1-2 2-4
Assignment aborted At time 58
Time 60
Robots Locations 0-(1,8) 1-(6,9) 2-(6,11) 3-(12,2) 4-(11,11)
Target Locations:  0-(1,9) 1-(11,1) 2-(9,10) 3-(11,11) 4-(4,15) 5-(1,11)
Task Assignment: 4-3 0-0 3-1 1-2 2-4
Assignment aborted At time 62
Time 64
Robots Locations 0-(2,10) 1-(7,10) 2-(5,12) 3-(11,1) 4-(11,11)
Target Locations:  0-(1,9) 1-(11,1) 2-(9,10) 3-(11,11) 4-(4,15) 5-(1,11) 6-(14,13)
Task Assignment: 4-3 3-1 0-0 1-2 2-4
Robot 4 finished At time 65
Time 67
Robots Locations 0-(2,9) 1-(8,10) 2-(5,13) 3-(11,1) 4-(11,11)
Target Locations:  0-(1,9) 1-(11,1) 2-(9,10) 3-(4,15) 4-(1,11) 5-(14,13)
Task Assignment: 3-1 0-0 1-2 2-3 4-5
Assignment aborted At time 67
Time 69
Robots Locations 0-(2,9) 1-(8,10) 2-(5,13) 3-(11,1) 4-(11,11)
Target Locations:  0-(1,9) 1-(11,1) 2-(9,10) 3-(4,15) 4-(1,11) 5-(14,13) 6-(8,9)
Task Assignment: 3-1 0-0 1-6 2-3 4-2
Robot 3 finished At time 71
Time 73
Robots Locations 0-(1,9) 1-(8,10) 2-(5,14) 3-(11,1) 4-(10,11)
Target Locations:  0-(1,9) 1-(9,10) 2-(4,15) 3-(1,11) 4-(14,13) 5-(8,9)
Task Assignment: 0-0 1-5 4-1 2-2 3-4
Assignment aborted At time 73
Time 75
Robots Locations 0-(1,9) 1-(8,10) 2-(5,14) 3-(11,1) 4-(10,11)
Target Locations:  0-(1,9) 1-(9,10) 2-(4,15) 3-(1,11) 4-(14,13) 5-(8,9) 6-(7,2)
Task Assignment: 0-0 1-1 2-2 4-5 3-6
Robot 0 finished At time 77
Time 79
Robots Locations 0-(1,9) 1-(9,9) 2-(4,15) 3-(10,1) 4-(9,10)
Target Locations:  0-(9,10) 1-(4,15) 2-(1,11) 3-(14,13) 4-(8,9) 5-(7,2)
Task Assignment: 4-0 2-1 1-4 0-2 3-5
Assignment aborted At time 79
Time 81
Robots Locations 0-(1,9) 1-(9,9) 2-(4,15) 3-(9,1) 4-(9,10)
Target Locations:  0-(9,10) 1-(4,15) 2-(1,11) 3-(14,13) 4-(8,9) 5-(7,2) 6-(3,10)
Task Assignment: 4-0 2-1 1-4 0-2 3-5
Assignment aborted At time 85
Time 87
Robots Locations 0-(1,11) 1-(8,9) 2-(5,15) 3-(7,2) 4-(9,11)
Target Locations:  0-(9,10) 1-(4,15) 2-(1,11) 3-(14,13) 4-(8,9) 5-(7,2) 6-(3,10) 7-(11,6)
Task Assignment: 0-2 3-5 1-4 2-1 4-0
Robot 1 finished At time 88
Time 90
Robots Locations 0-(1,11) 1-(8,9) 2-(4,15) 3-(7,2) 4-(9,10)
Target Locations:  0-(9,10) 1-(4,15) 2-(1,11) 3-(14,13) 4-(7,2) 5-(3,10) 6-(11,6)
Task Assignment: 2-1 0-2 4-0 3-4 1-6
Assignment aborted At time 90
Time 93
Robots Locations 0-(1,11) 1-(8,9) 2-(4,15) 3-(7,2) 4-(9,10)
Target Locations:  0-(9,10) 1-(4,15) 2-(1,11) 3-(14,13) 4-(7,2) 5-(3,10) 6-(11,6) 7-(12,11)
Task Assignment: 2-1 0-2 3-4 4-0 1-6
Robot 3 finished At time 94
Time 96
Robots Locations 0-(1,11) 1-(8,8) 2-(4,15) 3-(7,2) 4-(9,10)
Target Locations:  0-(9,10) 1-(4,15) 2-(1,11) 3-(14,13) 4-(3,10) 5-(11,6) 6-(12,11)
Task Assignment: 0-2 4-0 2-1 1-5 3-4
Assignment aborted At time 96
Time 98
Robots Locations 0-(1,11) 1-(8,8) 2-(4,15) 3-(7,2) 4-(9,10)
Target Locations:  0-(9,10) 1-(4,15) 2-(1,11) 3-(14,13) 4-(3,10) 5-(11,6) 6-(12,11) 7-(9,7)
Task Assignment: 0-2 4-0 2-1 1-7 3-5
Robot 0 finished At time 98
Time 100
Robots Locations 0-(1,11) 1-(8,8) 2-(4,15) 3-(7,2) 4-(9,10)
Target Locations:  0-(9,10) 1-(4,15) 2-(14,13) 3-(3,10) 4-(11,6) 5-(12,11) 6-(9,7)
Task Assignment: 4-0 2-1 1-6 0-3 3-4
Robot 4 finished At time 101
Time 103
Robots Locations 0-(1,11) 1-(8,8) 2-(4,15) 3-(7,2) 4-(9,10)
Target Locations:  0-(4,15) 1-(14,13) 2-(3,10) 3-(11,6) 4-(12,11) 5-(9,7)
Task Assignment: 2-0 1-5 0-2 4-4 3-3
Assignment aborted At time 103
Time 105
Robots Locations 0-(1,11) 1-(8,8) 2-(4,15) 3-(7,3) 4-(10,10)
Target Locations:  0-(4,15) 1-(14,13) 2-(3,10) 3-(11,6) 4-(12,11) 5-(9,7) 6-(6,10)
Task Assignment: 2-0 1-5 0-2 4-4 3-3
Robot 2 finished At time 105
Time 107
Robots Locations 0-(2,11) 1-(9,7) 2-(4,15) 3-(8,4) 4-(10,11)
Target Locations:  0-(14,13) 1-(3,10) 2-(11,6) 3-(12,11) 4-(9,7) 5-(6,10)
Task Assignment: 1-4 0-1 4-3 3-2 2-5
Assignment aborted At time 107
Time 109
Robots Locations 0-(2,11) 1-(9,7) 2-(4,15) 3-(8,4) 4-(10,11)
Target Locations:  0-(14,13) 1-(3,10) 2-(11,6) 3-(12,11) 4-(9,7) 5-(6,10) 6-(5,9)
Task Assignment: 1-4 0-1 4-3 3-2 2-5
Robot 1 finished At time 112
Time 114
Robots Locations 0-(3,11) 1-(9,7) 2-(4,13) 3-(10,5) 4-(12,11)
Target Locations:  0-(14,13) 1-(3,10) 2-(11,6) 3-(12,11) 4-(6,10) 5-(5,9)
Task Assignment: 4-3 0-1 3-2 2-4 1-5
Assignment aborted At time 114
Time 116
Robots Locations 0-(3,11) 1-(9,7) 2-(4,13) 3-(11,6) 4-(12,11)
Target Locations:  0-(14,13) 1-(3,10) 2-(11,6) 3-(12,11) 4-(6,10) 5-(5,9) 6-(1,10)
Task Assignment: 3-2 4-3 0-1 2-4 1-5
Assignment aborted At time 119
Time 121
Robots Locations 0-(3,10) 1-(8,8) 2-(5,11) 3-(11,6) 4-(12,11)
Target Locations:  0-(14,13) 1-(3,10) 2-(11,6) 3-(12,11) 4-(6,10) 5-(5,9) 6-(1,10) 7-(10,7)
Task Assignment: 0-1 4-3 3-2 2-4 1-7
Robot 3 finished At time 121
Time 123
Robots Locations 0-(3,10) 1-(8,8) 2-(6,11) 3-(11,6) 4-(12,11)
Target Locations:  0-(14,13) 1-(3,10) 2-(12,11) 3-(6,10) 4-(5,9) 5-(1,10) 6-(10,7)
Task Assignment: 0-1 4-2 2-3 3-6 1-4
Robot 0 finished At time 124
Time 126
Robots Locations 0-(3,10) 1-(8,8) 2-(6,10) 3-(11,6) 4-(12,11)
Target Locations:  0-(14,13) 1-(12,11) 2-(6,10) 3-(5,9) 4-(1,10) 5-(10,7)
Task Assignment: 4-1 2-2 3-5 0-4 1-3
Assignment aborted At time 126
Time 128
Robots Locations 0-(3,10) 1-(8,8) 2-(6,10) 3-(11,7) 4-(12,11)
Target Locations:  0-(14,13) 1-(12,11) 2-(6,10) 3-(5,9) 4-(1,10) 5-(10,7) 6-(7,5)
Task Assignment: 4-1 2-2 3-5 0-4 1-3
Assignment aborted At time 130
Time 132
Robots Locations 0-(2,11) 1-(7,9) 2-(6,10) 3-(10,7) 4-(12,11)
Target Locations:  0-(14,13) 1-(12,11) 2-(6,10) 3-(5,9) 4-(1,10) 5-(10,7) 6-(7,5) 7-(4,9)
Task Assignment: 4-1 2-2 3-5 0-4 1-3
Robot 4 finished At time 133
Time 135
Robots Locations 0-(1,10) 1-(7,9) 2-(6,10) 3-(10,7) 4-(12,11)
Target Locations:  0-(14,13) 1-(6,10) 2-(5,9) 3-(1,10) 4-(10,7) 5-(7,5) 6-(4,9)
Task Assignment: 2-1 0-3 3-4 1-2 4-0
Assignment aborted At time 136
Time 138
Robots Locations 0-(1,10) 1-(6,9) 2-(6,10) 3-(10,7) 4-(12,11)
Target Locations:  0-(14,13) 1-(6,10) 2-(5,9) 3-(1,10) 4-(10,7) 5-(7,5) 6-(4,9) 7-(2,3)
Task Assignment: 0-3 3-4 2-1 1-2 4-0
Robot 3 finished At time 138
Time 140
Robots Locations 0-(1,10) 1-(6,9) 2-(6,10) 3-(10,7) 4-(12,11)
Target Locations:  0-(14,13) 1-(6,10) 2-(5,9) 3-(1,10) 4-(7,5) 5-(4,9) 6-(2,3)
Task Assignment: 0-3 2-1 1-2 4-0 3-4
Assignment aborted At time 141
Time 143
Robots Locations 0-(1,10) 1-(6,9) 2-(6,10) 3-(10,7) 4-(12,12)
Target Locations:  0-(14,13) 1-(6,10) 2-(5,9) 3-(1,10) 4-(7,5) 5-(4,9) 6-(2,3) 7-(5,6)
Task Assignment: 0-3 2-1 1-2 4-0 3-4
Robot 0 finished At time 144
Time 146
Robots Locations 0-(1,10) 1-(5,9) 2-(6,10) 3-(9,6) 4-(12,12)
Target Locations:  0-(14,13) 1-(6,10) 2-(5,9) 3-(7,5) 4-(4,9) 5-(2,3) 6-(5,6)
Task Assignment: 1-2 2-1 4-0 3-3 0-4
Assignment aborted At time 147
Time 149
Robots Locations 0-(1,10) 1-(5,9) 2-(6,10) 3-(9,6) 4-(13,12)
Target Locations:  0-(14,13) 1-(6,10) 2-(5,9) 3-(7,5) 4-(4,9) 5-(2,3) 6-(5,6) 7-(14,7)
Task Assignment: 2-1 1-2 4-0 3-3 0-4
Robot 2 finished At time 150
Time 152
Robots Locations 0-(1,9) 1-(5,9) 2-(6,10) 3-(8,6) 4-(13,12)
Target Locations:  0-(14,13) 1-(5,9) 2-(7,5) 3-(4,9) 4-(2,3) 5-(5,6) 6-(14,7)
Task Assignment: 1-1 4-0 3-2 2-3 0-5
Assignment aborted At time 153
Time 155
Robots Locations 0-(1,9) 1-(5,9) 2-(6,10) 3-(8,6) 4-(13,13)
Target Locations:  0-(14,13) 1-(5,9) 2-(7,5) 3-(4,9) 4-(2,3) 5-(5,6) 6-(14,7) 7-(10,15)
Task Assignment: 1-1 4-0 3-2 2-3 0-5
Robot 1 finished At time 155
Time 157
Robots Locations 0-(1,9) 1-(5,9) 2-(6,10) 3-(8,6) 4-(13,13)
Target Locations:  0-(14,13) 1-(7,5) 2-(4,9) 3-(2,3) 4-(5,6) 5-(14,7) 6-(10,15)
Task Assignment: 1-2 4-0 3-1 2-4 0-3
Assignment aborted At time 158
Time 160
Robots Locations 0-(1,9) 1-(5,9) 2-(6,10) 3-(8,6) 4-(14,13)
Target Locations:  0-(14,13) 1-(7,5) 2-(4,9) 3-(2,3) 4-(5,6) 5-(14,7) 6-(10,15) 7-(7,6)
Task Assignment: 4-0 1-2 3-7 2-4 0-3
Robot 4 finished At time 163
Time 165
Robots Locations 0-(2,8) 1-(4,9) 2-(5,9) 3-(7,6) 4-(14,13)
Target Locations:  0-(7,5) 1-(4,9) 2-(2,3) 3-(5,6) 4-(14,7) 5-(10,15) 6-(7,6)
Task Assignment: 3-6 1-1 2-3 4-5 0-2
Assignment aborted At time 165
Time 167
Robots Locations 0-(2,8) 1-(4,9) 2-(5,9) 3-(7,6) 4-(14,14)
Target Locations:  0-(7,5) 1-(4,9) 2-(2,3) 3-(5,6) 4-(14,7) 5-(10,15) 6-(7,6) 7-(6,13)
Task Assignment: 3-6 1-1 2-3 4-5 0-2
Robot 3 finished At time 168
Time 170
Robots Locations 0-(2,7) 1-(4,9) 2-(5,8) 3-(7,6) 4-(14,14)
Target Locations:  0-(7,5) 1-(4,9) 2-(2,3) 3-(5,6) 4-(14,7) 5-(10,15) 6-(6,13)
Task Assignment: 1-1 3-0 2-3 0-2 4-5
Assignment aborted At time 170
Time 172
Robots Locations 0-(2,7) 1-(4,9) 2-(5,8) 3-(7,6) 4-(13,14)
Target Locations:  0-(7,5) 1-(4,9) 2-(2,3) 3-(5,6) 4-(14,7) 5-(10,15) 6-(6,13) 7-(14,9)
Task Assignment: 1-1 3-0 2-3 4-5 0-2
Robot 1 finished At time 172
Time 175
Robots Locations 0-(2,6) 1-(4,9) 2-(5,7) 3-(6,5) 4-(13,13)
Target Locations:  0-(7,5) 1-(2,3) 2-(5,6) 3-(14,7) 4-(10,15) 5-(6,13) 6-(14,9)
Task Assignment: 3-0 2-2 0-1 4-4 1-5
Assignment aborted At time 175
Time 177
Robots Locations 0-(2,6) 1-(4,9) 2-(5,7) 3-(6,5) 4-(13,13)
Target Locations:  0-(7,5) 1-(2,3) 2-(5,6) 3-(14,7) 4-(10,15) 5-(6,13) 6-(14,9) 7-(5,14)
Task Assignment: 3-0 2-2 0-1 4-4 1-5
Robot 3 finished At time 181
Time 183
Robots Locations 0-(2,4) 1-(4,10) 2-(5,6) 3-(7,5) 4-(12,13)
Target Locations:  0-(2,3) 1-(5,6) 2-(14,7) 3-(10,15) 4-(6,13) 5-(14,9) 6-(5,14)
Task Assignment: 2-1 0-0 4-3 1-4 3-2
Assignment aborted At time 183
Time 185
Robots Locations 0-(2,4) 1-(4,11) 2-(5,6) 3-(8,5) 4-(12,14)
Target Locations:  0-(2,3) 1-(5,6) 2-(14,7) 3-(10,15) 4-(6,13) 5-(14,9) 6-(5,14) 7-(14,8)
Task Assignment: 2-1 0-0 4-3 1-4 3-2
Robot 2 finished At time 186
Time 188
Robots Locations 0-(2,4) 1-(4,11) 2-(5,6) 3-(8,5) 4-(12,14)
Target Locations:  0-(2,3) 1-(14,7) 2-(10,15) 3-(6,13) 4-(14,9) 5-(5,14) 6-(14,8)
Task Assignment: 0-0 4-2 1-3 3-1 2-5
Assignment aborted At time 188
Time 190
Robots Locations 0-(2,4) 1-(4,11) 2-(5,6) 3-(9,5) 4-(11,14)
Target Locations:  0-(2,3) 1-(14,7) 2-(10,15) 3-(6,13) 4-(14,9) 5-(5,14) 6-(14,8) 7-(3,12)
Task Assignment: 0-0 4-2 1-7 3-1 2-3
Assignment aborted At time 193
Time 195
Robots Locations 0-(1,3) 1-(4,12) 2-(5,7) 3-(11,6) 4-(10,15)
Target Locations:  0-(2,3) 1-(14,7) 2-(10,15) 3-(6,13) 4-(14,9) 5-(5,14) 6-(14,8) 7-(3,12) 8-(10,3)
Task Assignment: 4-2 0-0 1-7 3-1 2-3
Robot 4 finished At time 195
Time 197
Robots Locations 0-(1,3) 1-(4,12) 2-(5,8) 3-(11,6) 4-(10,15)
Target Locations:  0-(2,3) 1-(14,7) 2-(6,13) 3-(14,9) 4-(5,14) 5-(14,8) 6-(3,12) 7-(10,3)
Task Assignment: 0-0 1-6 3-7 4-2 2-4
Assignment aborted At time 198
Time 200
Robots Locations 0-(2,3) 1-(4,12) 2-(5,8) 3-(11,6) 4-(10,15)
Target Locations:  0-(2,3) 1-(14,7) 2-(6,13) 3-(14,9) 4-(5,14) 5-(14,8) 6-(3,12) 7-(10,3) 8-(8,3)
Task Assignment: 0-0 1-6 3-7 4-2 2-8
Robot 0 finished At time 203
Time 205
Robots Locations 0-(2,3) 1-(3,12) 2-(5,8) 3-(11,5) 4-(9,14)
Target Locations:  0-(14,7) 1-(6,13) 2-(14,9) 3-(5,14) 4-(14,8) 5-(3,12) 6-(10,3) 7-(8,3)
Task Assignment: 1-5 3-6 4-1 2-7 0-3
Assignment aborted At time 205
Time 207
Robots Locations 0-(2,3) 1-(3,12) 2-(6,8) 3-(11,5) 4-(8,14)
Target Locations:  0-(14,7) 1-(6,13) 2-(14,9) 3-(5,14) 4-(14,8) 5-(3,12) 6-(10,3) 7-(8,3) 8-(4,13)
Task Assignment: 1-5 4-1 3-6 2-8 0-7
Robot 1 finished At time 207
Time 209
Robots Locations 0-(2,4) 1-(3,12) 2-(6,7) 3-(11,4) 4-(7,14)
Target Locations:  0-(14,7) 1-(6,13) 2-(14,9) 3-(5,14) 4-(14,8) 5-(10,3) 6-(8,3) 7-(4,13)
Task Assignment: 4-1 3-5 1-7 2-6 0-3
Assignment aborted At time 209
Time 212
Robots Locations 0-(2,4) 1-(3,12) 2-(7,7) 3-(10,3) 4-(7,13)
Target Locations:  0-(14,7) 1-(6,13) 2-(14,9) 3-(5,14) 4-(14,8) 5-(10,3) 6-(8,3) 7-(4,13) 8-(3,7)
Task Assignment: 3-5 4-1 1-7 0-8 2-6
Robot 3 finished At time 213
Time 215
Robots Locations 0-(3,5) 1-(3,13) 2-(7,6) 3-(10,3) 4-(7,13)
Target Locations:  0-(14,7) 1-(6,13) 2-(14,9) 3-(5,14) 4-(14,8) 5-(8,3) 6-(4,13) 7-(3,7)
Task Assignment: 1-6 4-1 3-5 0-7 2-0
Assignment aborted At time 215
Time 217
Robots Locations 0-(3,5) 1-(3,13) 2-(7,6) 3-(10,3) 4-(7,12)
Target Locations:  0-(14,7) 1-(6,13) 2-(14,9) 3-(5,14) 4-(14,8) 5-(8,3) 6-(4,13) 7-(3,7) 8-(4,2)
Task Assignment: 1-6 4-1 3-5 0-7 2-8
Robot 4 finished At time 221
Time 223
Robots Locations 0-(3,7) 1-(5,13) 2-(7,6) 3-(8,3) 4-(6,13)
Target Locations:  0-(14,7) 1-(14,9) 2-(5,14) 3-(14,8) 4-(8,3) 5-(4,13) 6-(3,7) 7-(4,2)
Task Assignment: 3-4 0-6 1-5 4-2 2-7
Assignment aborted At time 223
Time 225
Robots Locations 0-(3,7) 1-(5,13) 2-(6,6) 3-(8,3) 4-(6,13)
Target Locations:  0-(14,7) 1-(14,9) 2-(5,14) 3-(14,8) 4-(8,3) 5-(4,13) 6-(3,7) 7-(4,2) 8-(5,5)
Task Assignment: 3-4 0-6 1-5 2-8 4-2
Robot 0 finished At time 225
Time 227
Robots Locations 0-(3,7) 1-(4,13) 2-(6,6) 3-(8,3) 4-(6,13)
Target Locations:  0-(14,7) 1-(14,9) 2-(5,14) 3-(14,8) 4-(8,3) 5-(4,13) 6-(4,2) 7-(5,5)
Task Assignment: 1-5 3-4 4-2 2-7 0-6
Assignment aborted At time 227
Time 229
Robots Locations 0-(3,7) 1-(4,13) 2-(6,6) 3-(8,3) 4-(6,13)
Target Locations:  0-(14,7) 1-(14,9) 2-(5,14) 3-(14,8) 4-(8,3) 5-(4,13) 6-(4,2) 7-(5,5) 8-(13,7)
Task Assignment: 3-4 1-5 2-7 4-2 0-6
Robot 3 finished At time 230
Time 232
Robots Locations 0-(3,7) 1-(4,13) 2-(6,6) 3-(8,3) 4-(6,13)
Target Locations:  0-(14,7) 1-(14,9) 2-(5,14) 3-(14,8) 4-(4,13) 5-(4,2) 6-(5,5) 7-(13,7)
Task Assignment: 1-4 2-6 4-2 3-5 0-7
Assignment aborted At time 232
Time 234
Robots Locations 0-(3,7) 1-(4,13) 2-(6,5) 3-(8,3) 4-(5,14)
Target Locations:  0-(14,7) 1-(14,9) 2-(5,14) 3-(14,8) 4-(4,13) 5-(4,2) 6-(5,5) 7-(13,7) 8-(11,7)
Task Assignment: 4-2 1-4 2-6 3-5 0-8
Assignment aborted At time 238
Time 240
Robots Locations 0-(5,8) 1-(4,13) 2-(5,5) 3-(5,2) 4-(5,14)
Target Locations:  0-(14,7) 1-(14,9) 2-(5,14) 3-(14,8) 4-(4,13) 5-(4,2) 6-(5,5) 7-(13,7) 8-(11,7) 9-(10,2)
Task Assignment: 2-6 1-4 4-2 3-5 0-8
Robot 2 finished At time 242
Time 244
Robots Locations 0-(6,8) 1-(4,13) 2-(5,5) 3-(4,2) 4-(5,14)
Target Locations:  0-(14,7) 1-(14,9) 2-(5,14) 3-(14,8) 4-(4,13) 5-(4,2) 6-(13,7) 7-(11,7) 8-(10,2)
Task Assignment: 4-2 3-5 1-4 0-7 2-8
Assignment aborted At time 244
Time 246
Robots Locations 0-(6,8) 1-(4,13) 2-(5,5) 3-(4,2) 4-(5,14)
Target Locations:  0-(14,7) 1-(14,9) 2-(5,14) 3-(14,8) 4-(4,13) 5-(4,2) 6-(13,7) 7-(11,7) 8-(10,2) 9-(1,13)
Task Assignment: 4-2 3-5 1-4 0-7 2-8
Robot 3 finished At time 247
Time 249
Robots Locations 0-(6,8) 1-(4,13) 2-(5,5) 3-(4,2) 4-(5,14)
Target Locations:  0-(14,7) 1-(14,9) 2-(5,14) 3-(14,8) 4-(4,13) 5-(13,7) 6-(11,7) 7-(10,2) 8-(1,13)
Task Assignment: 1-4 4-2 0-6 2-7 3-5
Robot 1 finished At time 249
Time 251
Robots Locations 0-(6,8) 1-(4,13) 2-(5,5) 3-(4,2) 4-(5,14)
Target Locations:  0-(14,7) 1-(14,9) 2-(5,14) 3-(14,8) 4-(13,7) 5-(11,7) 6-(10,2) 7-(1,13)
Task Assignment: 4-2 1-7 0-5 2-6 3-4
Assignment aborted At time 251
Time 253
Robots Locations 0-(6,8) 1-(4,13) 2-(5,4) 3-(3,2) 4-(5,14)
Target Locations:  0-(14,7) 1-(14,9) 2-(5,14) 3-(14,8) 4-(13,7) 5-(11,7) 6-(10,2) 7-(1,13) 8-(9,1)
Task Assignment: 4-2 1-7 2-8 0-5 3-6
Assignment aborted At time 255
Time 257
Robots Locations 0-(8,7) 1-(2,12) 2-(6,4) 3-(4,3) 4-(5,14)
Target Locations:  0-(14,7) 1-(14,9) 2-(5,14) 3-(14,8) 4-(13,7) 5-(11,7) 6-(10,2) 7-(1,13) 8-(9,1) 9-(3,6)
Task Assignment: 4-2 1-7 0-5 3-9 2-8
Robot 4 finished At time 257
Time 259
Robots Locations 0-(8,7) 1-(2,13) 2-(6,4) 3-(4,3) 4-(5,14)
Target Locations:  0-(14,7) 1-(14,9) 2-(14,8) 3-(13,7) 4-(11,7) 5-(10,2) 6-(1,13) 7-(9,1) 8-(3,6)
Task Assignment: 1-6 0-4 3-8 2-7 4-1
Assignment aborted At time 260
Time 262
Robots Locations 0-(9,7) 1-(2,13) 2-(6,4) 3-(5,3) 4-(5,14)
Target Locations:  0-(14,7) 1-(14,9) 2-(14,8) 3-(13,7) 4-(11,7) 5-(10,2) 6-(1,13) 7-(9,1) 8-(3,6)
Task Assignment: 1-6 0-4 3-8 2-7 4-1
Robot 1 finished At time 266
Time 268
Robots Locations 0-(10,7) 1-(1,13) 2-(8,3) 3-(4,5) 4-(6,13)
Target Locations:  0-(14,7) 1-(14,9) 2-(14,8) 3-(13,7) 4-(11,7) 5-(10,2) 6-(9,1) 7-(3,6)
Task Assignment: 0-4 3-7 2-6 4-1 1-3
Assignment aborted At time 268
Time 270
Robots Locations 0-(11,7) 1-(1,13) 2-(8,2) 3-(4,5) 4-(7,12)
Target Locations:  0-(14,7) 1-(14,9) 2-(14,8) 3-(13,7) 4-(11,7) 5-(10,2) 6-(9,1) 7-(3,6)
Task Assignment: 0-4 3-7 2-6 4-1 1-3
Assignment aborted At time 273
Time 275
Robots Locations 0-(12,8) 1-(2,12) 2-(9,1) 3-(3,6) 4-(8,11)
Target Locations:  0-(14,7) 1-(14,9) 2-(14,8) 3-(13,7) 4-(11,7) 5-(10,2) 6-(9,1) 7-(3,6)
Task Assignment: 3-7 2-6 0-3 4-4 1-1
Robot 3 finished At time 275
Time 277
Robots Locations 0-(11,8) 1-(2,12) 2-(9,1) 3-(3,6) 4-(8,11)
Target Locations:  0-(14,7) 1-(14,9) 2-(14,8) 3-(13,7) 4-(11,7) 5-(10,2) 6-(9,1)
Task Assignment: 2-6 0-4 4-1 3-5 1-3
Assignment aborted At time 278
Time 280
Robots Locations 0-(11,8) 1-(2,12) 2-(9,1) 3-(3,6) 4-(8,11)
Target Locations:  0-(14,7) 1-(14,9) 2-(14,8) 3-(13,7) 4-(11,7) 5-(10,2) 6-(9,1)
Task Assignment: 2-6 0-4 4-1 3-5 1-3
Robot 2 finished At time 281
Time 283
Robots Locations 0-(11,8) 1-(2,12) 2-(9,1) 3-(3,6) 4-(9,11)
Target Locations:  0-(14,7) 1-(14,9) 2-(14,8) 3-(13,7) 4-(11,7) 5-(10,2)
Task Assignment: 0-4 2-5 4-1 3-3 1-2
Assignment aborted At time 284
Time 286
Robots Locations 0-(11,8) 1-(3,11) 2-(9,1) 3-(3,7) 4-(9,11)
Target Locations:  0-(14,7) 1-(14,9) 2-(14,8) 3-(13,7) 4-(11,7) 5-(10,2)
Task Assignment: 0-4 2-5 4-1 3-3 1-2
Robot 0 finished At time 290
Time 292
Robots Locations 0-(11,7) 1-(5,11) 2-(10,2) 3-(5,7) 4-(11,10)
Target Locations:  0-(14,7) 1-(14,9) 2-(14,8) 3-(13,7) 4-(10,2)
Task Assignment: 2-4 0-3 4-1 3-0 1-2
Assignment aborted At time 292
Time 294
Robots Locations 0-(11,7) 1-(5,11) 2-(10,2) 3-(6,7) 4-(11,10)
Target Locations:  0-(14,7) 1-(14,9) 2-(14,8) 3-(13,7) 4-(10,2)
Task Assignment: 2-4 0-3 4-1 3-0 1-2
Robot 2 finished At time 294
Robot 4 finished At time 301
Robot 0 finished At time 301
Robot 1 finished At time 312
Robot 3 finished At time 333
/mmdr
Time 2
Robots Locations 0-(3,3) 1-(6,6) 2-(9,9) 3-(12,12) 4-(15,15)
Target Locations:  0-(1,9) 1-(6,6) 2-(13,15) 3-(14,11) 4-(2,1)
Task Assignment: 0-4 1-0 2-1 3-3 4-2
Assignment aborted At time 6
Time 9
Robots Locations 0-(2,1) 1-(4,7) 2-(8,9) 3-(13,12) 4-(14,15)
Target Locations:  0-(1,9) 1-(6,6) 2-(13,15) 3-(14,11) 4-(2,1) 5-(2,4)
Task Assignment: 0-4 1-0 2-1 3-3 4-2
Robot 0 finished At time 17
Time 20
Robots Locations 0-(2,1) 1-(3,8) 2-(7,8) 3-(14,11) 4-(13,15)
Target Locations:  0-(1,9) 1-(6,6) 2-(13,15) 3-(14,11) 4-(2,4)
Task Assignment: 0-4 1-0 2-1 3-3 4-2
Assignment aborted At time 20
Time 24
Robots Locations 0-(2,1) 1-(3,8) 2-(7,8) 3-(14,11) 4-(13,15)
Target Locations:  0-(1,9) 1-(6,6) 2-(13,15) 3-(14,11) 4-(2,4) 5-(5,11)
Task Assignment: 0-4 1-0 2-1 3-3 4-2
Robot 4 finished At time 25
Time 27
Robots Locations 0-(2,1) 1-(3,8) 2-(7,8) 3-(14,11) 4-(13,15)
Target Locations:  0-(1,9) 1-(6,6) 2-(14,11) 3-(2,4) 4-(5,11)
Task Assignment: 0-3 1-0 2-1 3-2 4-4
Assignment aborted At time 27
Time 30
Robots Locations 0-(2,1) 1-(3,8) 2-(7,7) 3-(14,11) 4-(13,15)
Target Locations:  0-(1,9) 1-(6,6) 2-(14,11) 3-(2,4) 4-(5,11) 5-(14,3)
Task Assignment: 0-3 1-0 2-1 3-2 4-4
Assignment aborted At time 31
Time 33
Robots Locations 0-(1,1) 1-(2,8) 2-(7,7) 3-(14,11) 4-(12,15)
Target Locations:  0-(1,9) 1-(6,6) 2-(14,11) 3-(2,4) 4-(5,11) 5-(14,3) 6-(11,1)
Task Assignment: 0-3 1-0 2-1 3-2 4-4
Robot 3 finished At time 35
Time 37
Robots Locations 0-(1,1) 1-(2,8) 2-(6,7) 3-(14,11) 4-(12,15)
Target Locations:  0-(1,9) 1-(6,6) 2-(2,4) 3-(5,11) 4-(14,3) 5-(11,1)
Task Assignment: 0-2 1-0 2-1 3-4 4-3
Assignment aborted At time 37
Time 40
Robots Locations 0-(1,1) 1-(2,9) 2-(6,6) 3-(14,11) 4-(12,15)
Target Locations:  0-(1,9) 1-(6,6) 2-(2,4) 3-(5,11) 4-(14,3) 5-(11,1) 6-(6,9)
Task Assignment: 0-2 1-0 2-1 3-4 4-3
Assignment aborted At time 43
Time 46
Robots Locations 0-(2,3) 1-(1,9) 2-(6,6) 3-(14,10) 4-(11,14)
Target Locations:  0-(1,9) 1-(6,6) 2-(2,4) 3-(5,11) 4-(14,3) 5-(11,1) 6-(6,9) 7-(12,12)
Task Assignment: 0-2 1-0 2-1 3-7 4-3
Robot 1 finished At time 46
Time 49
Robots Locations 0-(2,3) 1-(1,9) 2-(6,6) 3-(14,9) 4-(11,14)
Target Locations:  0-(6,6) 1-(2,4) 2-(5,11) 3-(14,3) 4-(11,1) 5-(6,9) 6-(12,12)
Task Assignment: 0-1 1-2 2-0 3-3 4-6
Assignment aborted At time 49
Time 51
Robots Locations 0-(2,3) 1-(1,9) 2-(6,6) 3-(14,9) 4-(11,14)
Target Locations:  0-(6,6) 1-(2,4) 2-(5,11) 3-(14,3) 4-(11,1) 5-(6,9) 6-(12,12) 7-(9,10)
Task Assignment: 0-1 1-2 2-0 3-6 4-7
Robot 2 finished At time 52
Time 54
Robots Locations 0-(2,3) 1-(1,9) 2-(6,6) 3-(14,9) 4-(10,14)
Target Locations:  0-(2,4) 1-(5,11) 2-(14,3) 3-(11,1) 4-(6,9) 5-(12,12) 6-(9,10)
Task Assignment: 0-0 1-1 2-4 3-5 4-6
Assignment aborted At time 54
Time 57
Robots Locations 0-(2,3) 1-(1,9) 2-(6,6) 3-(14,9) 4-(10,14)
Target Locations:  0-(2,4) 1-(5,11) 2-(14,3) 3-(11,1) 4-(6,9) 5-(12,12) 6-(9,10) 7-(11,11)
Task Assignment: 0-0 1-1 2-4 3-7 4-5
Assignment aborted At time 60
Time 63
Robots Locations 0-(2,4) 1-(2,10) 2-(5,6) 3-(13,9) 4-(11,13)
Target Locations:  0-(2,4) 1-(5,11) 2-(14,3) 3-(11,1) 4-(6,9) 5-(12,12) 6-(9,10) 7-(11,11) 8-(4,15)
Task Assignment: 0-0 1-1 2-4 3-7 4-5
Robot 0 finished At time 63
Time 66
Robots Locations 0-(2,4) 1-(2,10) 2-(5,7) 3-(13,10) 4-(11,13)
Target Locations:  0-(5,11) 1-(14,3) 2-(11,1) 3-(6,9) 4-(12,12) 5-(9,10) 6-(11,11) 7-(4,15)
Task Assignment: 0-3 1-0 2-5 3-6 4-4
Assignment aborted At time 66
Time 68
Robots Locations 0-(2,4) 1-(2,10) 2-(5,7) 3-(13,10) 4-(11,13)
Target Locations:  0-(5,11) 1-(14,3) 2-(11,1) 3-(6,9) 4-(12,12) 5-(9,10) 6-(11,11) 7-(4,15) 8-(1,11)
Task Assignment: 0-3 1-8 2-0 3-6 4-4
Assignment aborted At time 72
Time 74
Robots Locations 0-(3,6) 1-(2,11) 2-(5,8) 3-(11,11) 4-(12,12)
Target Locations:  0-(5,11) 1-(14,3) 2-(11,1) 3-(6,9) 4-(12,12) 5-(9,10) 6-(11,11) 7-(4,15) 8-(1,11) 9-(14,13)
Task Assignment: 0-3 1-8 2-0 3-6 4-4
Robot 4 finished At time 75
Time 77
Robots Locations 0-(3,6) 1-(2,11) 2-(5,8) 3-(11,11) 4-(12,12)
Target Locations:  0-(5,11) 1-(14,3) 2-(11,1) 3-(6,9) 4-(9,10) 5-(11,11) 6-(4,15) 7-(1,11) 8-(14,13)
Task Assignment: 0-3 1-7 2-0 3-5 4-8
Assignment aborted At time 77
Time 80
Robots Locations 0-(3,6) 1-(1,11) 2-(5,9) 3-(11,11) 4-(12,12)
Target Locations:  0-(5,11) 1-(14,3) 2-(11,1) 3-(6,9) 4-(9,10) 5-(11,11) 6-(4,15) 7-(1,11) 8-(14,13) 9-(8,9)
Task Assignment: 0-3 1-7 2-0 3-5 4-8
Robot 3 finished At time 83
Time 85
Robots Locations 0-(4,7) 1-(1,11) 2-(5,10) 3-(11,11) 4-(13,13)
Target Locations:  0-(5,11) 1-(14,3) 2-(11,1) 3-(6,9) 4-(9,10) 5-(4,15) 6-(1,11) 7-(14,13) 8-(8,9)
Task Assignment: 0-3 1-6 2-0 3-4 4-7
Assignment aborted At time 85
Time 88
Robots Locations 0-(4,7) 1-(1,11) 2-(5,10) 3-(11,11) 4-(13,13)
Target Locations:  0-(5,11) 1-(14,3) 2-(11,1) 3-(6,9) 4-(9,10) 5-(4,15) 6-(1,11) 7-(14,13) 8-(8,9) 9-(7,2)
Task Assignment: 0-3 1-6 2-0 3-4 4-7
Robot 1 finished At time 89
Time 91
Robots Locations 0-(4,7) 1-(1,11) 2-(5,10) 3-(11,11) 4-(13,13)
Target Locations:  0-(5,11) 1-(14,3) 2-(11,1) 3-(6,9) 4-(9,10) 5-(4,15) 6-(14,13) 7-(8,9) 8-(7,2)
Task Assignment: 0-3 1-0 2-7 3-4 4-6
Assignment aborted At time 91
Time 94
Robots Locations 0-(4,7) 1-(1,11) 2-(5,10) 3-(11,11) 4-(14,13)
Target Locations:  0-(5,11) 1-(14,3) 2-(11,1) 3-(6,9) 4-(9,10) 5-(4,15) 6-(14,13) 7-(8,9) 8-(7,2) 9-(3,10)
Task Assignment: 0-3 1-9 2-0 3-4 4-6
Assignment aborted At time 96
Time 98
Robots Locations 0-(5,8) 1-(1,12) 2-(5,11) 3-(10,11) 4-(14,13)
Target Locations:  0-(5,11) 1-(14,3) 2-(11,1) 3-(6,9) 4-(9,10) 5-(4,15) 6-(14,13) 7-(8,9) 8-(7,2) 9-(3,10) 10-(11,6)
Task Assignment: 0-3 1-9 2-0 3-4 4-6
Robot 4 finished At time 100
Time 103
Robots Locations 0-(6,9) 1-(2,12) 2-(5,11) 3-(9,10) 4-(14,13)
Target Locations:  0-(5,11) 1-(14,3) 2-(11,1) 3-(6,9) 4-(9,10) 5-(4,15) 6-(8,9) 7-(7,2) 8-(3,10) 9-(11,6)
Task Assignment: 0-3 1-8 2-0 3-6 4-4
Assignment aborted At time 103
Time 105
Robots Locations 0-(6,9) 1-(2,11) 2-(5,11) 3-(9,10) 4-(14,13)
Target Locations:  0-(5,11) 1-(14,3) 2-(11,1) 3-(6,9) 4-(9,10) 5-(4,15) 6-(8,9) 7-(7,2) 8-(3,10) 9-(11,6) 10-(12,11)
Task Assignment: 0-3 1-8 2-0 3-4 4-10
Robot 2 finished At time 106
Time 108
Robots Locations 0-(6,9) 1-(2,11) 2-(5,11) 3-(9,10) 4-(14,13)
Target Locations:  0-(14,3) 1-(11,1) 2-(6,9) 3-(9,10) 4-(4,15) 5-(8,9) 6-(7,2) 7-(3,10) 8-(11,6) 9-(12,11)
Task Assignment: 0-5 1-7 2-2 3-3 4-9
Assignment aborted At time 108
Time 111
Robots Locations 0-(6,9) 1-(2,11) 2-(5,11) 3-(9,10) 4-(14,13)
Target Locations:  0-(14,3) 1-(11,1) 2-(6,9) 3-(9,10) 4-(4,15) 5-(8,9) 6-(7,2) 7-(3,10) 8-(11,6) 9-(12,11) 10-(9,7)
Task Assignment: 0-5 1-7 2-2 3-3 4-9
Assignment aborted At time 113
Time 116
Robots Locations 0-(7,9) 1-(2,11) 2-(6,11) 3-(9,10) 4-(14,14)
Target Locations:  0-(14,3) 1-(11,1) 2-(6,9) 3-(9,10) 4-(4,15) 5-(8,9) 6-(7,2) 7-(3,10) 8-(11,6) 9-(12,11) 10-(9,7) 11-(6,10)
Task Assignment: 0-2 1-7 2-11 3-3 4-9
Robot 3 finished At time 116
Time 119
Robots Locations 0-(7,9) 1-(3,10) 2-(6,11) 3-(9,10) 4-(14,14)
Target Locations:  0-(14,3) 1-(11,1) 2-(6,9) 3-(4,15) 4-(8,9) 5-(7,2) 6-(3,10) 7-(11,6) 8-(12,11) 9-(9,7) 10-(6,10)
Task Assignment: 0-2 1-6 2-10 3-4 4-8
Assignment aborted At time 119
Time 121
Robots Locations 0-(7,9) 1-(3,10) 2-(6,11) 3-(9,10) 4-(14,14)
Target Locations:  0-(14,3) 1-(11,1) 2-(6,9) 3-(4,15) 4-(8,9) 5-(7,2) 6-(3,10) 7-(11,6) 8-(12,11) 9-(9,7) 10-(6,10) 11-(5,9)
Task Assignment: 0-2 1-6 2-10 3-4 4-8
Robot 1 finished At time 124
Time 127
Robots Locations 0-(7,10) 1-(3,10) 2-(6,10) 3-(8,9) 4-(13,13)
Target Locations:  0-(14,3) 1-(11,1) 2-(6,9) 3-(4,15) 4-(8,9) 5-(7,2) 6-(11,6) 7-(12,11) 8-(9,7) 9-(6,10) 10-(5,9)
Task Assignment: 0-2 1-10 2-9 3-4 4-7
Assignment aborted At time 127
Time 130
Robots Locations 0-(7,10) 1-(3,10) 2-(6,10) 3-(8,9) 4-(13,13)
Target Locations:  0-(14,3) 1-(11,1) 2-(6,9) 3-(4,15) 4-(8,9) 5-(7,2) 6-(11,6) 7-(12,11) 8-(9,7) 9-(6,10) 10-(5,9) 11-(1,10)
Task Assignment: 0-2 1-10 2-9 3-4 4-7
Assignment aborted At time 130
Time 133
Robots Locations 0-(6,9) 1-(3,10) 2-(6,10) 3-(8,9) 4-(13,13)
Target Locations:  0-(14,3) 1-(11,1) 2-(6,9) 3-(4,15) 4-(8,9) 5-(7,2) 6-(11,6) 7-(12,11) 8-(9,7) 9-(6,10) 10-(5,9) 11-(1,10) 12-(10,7)
Task Assignment: 0-2 1-10 2-9 3-4 4-7
Robot 3 finished At time 135
Time 138
Robots Locations 0-(6,9) 1-(4,9) 2-(6,10) 3-(8,9) 4-(12,12)
Target Locations:  0-(14,3) 1-(11,1) 2-(6,9) 3-(4,15) 4-(7,2) 5-(11,6) 6-(12,11) 7-(9,7) 8-(6,10) 9-(5,9) 10-(1,10) 11-(10,7)
Task Assignment: 0-2 1-9 2-8 3-7 4-6
Assignment aborted At time 138
Time 140
Robots Locations 0-(6,9) 1-(4,9) 2-(6,10) 3-(8,9) 4-(12,12)
Target Locations:  0-(14,3) 1-(11,1) 2-(6,9) 3-(4,15) 4-(7,2) 5-(11,6) 6-(12,11) 7-(9,7) 8-(6,10) 9-(5,9) 10-(1,10) 11-(10,7) 12-(7,5)
Task Assignment: 0-2 1-9 2-8 3-7 4-6
Robot 0 finished At time 142
Time 144
Robots Locations 0-(6,9) 1-(5,9) 2-(6,10) 3-(8,9) 4-(12,11)
Target Locations:  0-(14,3) 1-(11,1) 2-(4,15) 3-(7,2) 4-(11,6) 5-(12,11) 6-(9,7) 7-(6,10) 8-(5,9) 9-(1,10) 10-(10,7) 11-(7,5)
Task Assignment: 0-6 1-8 2-7 3-10 4-5
Assignment aborted At time 145
Time 147
Robots Locations 0-(6,9) 1-(5,9) 2-(6,10) 3-(8,9) 4-(12,11)
Target Locations:  0-(14,3) 1-(11,1) 2-(4,15) 3-(7,2) 4-(11,6) 5-(12,11) 6-(9,7) 7-(6,10) 8-(5,9) 9-(1,10) 10-(10,7) 11-(7,5) 12-(4,9)
Task Assignment: 0-8 1-12 2-7 3-6 4-5
Assignment aborted At time 149
Time 152
Robots Locations 0-(6,9) 1-(5,9) 2-(6,10) 3-(8,8) 4-(12,11)
Target Locations:  0-(14,3) 1-(11,1) 2-(4,15) 3-(7,2) 4-(11,6) 5-(12,11) 6-(9,7) 7-(6,10) 8-(5,9) 9-(1,10) 10-(10,7) 11-(7,5) 12-(4,9) 13-(2,3)
Task Assignment: 0-8 1-12 2-7 3-6 4-5
Robot 4 finished At time 152
Time 155
Robots Locations 0-(6,9) 1-(5,9) 2-(6,10) 3-(9,8) 4-(12,11)
Target Locations:  0-(14,3) 1-(11,1) 2-(4,15) 3-(7,2) 4-(11,6) 5-(9,7) 6-(6,10) 7-(5,9) 8-(1,10) 9-(10,7) 10-(7,5) 11-(4,9) 12-(2,3)
Task Assignment: 0-7 1-11 2-6 3-5 4-9
Assignment aborted At time 155
Time 157
Robots Locations 0-(6,8) 1-(5,9) 2-(6,10) 3-(9,8) 4-(12,11)
Target Locations:  0-(14,3) 1-(11,1) 2-(4,15) 3-(7,2) 4-(11,6) 5-(9,7) 6-(6,10) 7-(5,9) 8-(1,10) 9-(10,7) 10-(7,5) 11-(4,9) 12-(2,3) 13-(5,6)
Task Assignment: 0-7 1-11 2-6 3-5 4-9
Robot 2 finished At time 160
Time 163
Robots Locations 0-(5,8) 1-(4,10) 2-(6,10) 3-(9,7) 4-(12,10)
Target Locations:  0-(14,3) 1-(11,1) 2-(4,15) 3-(7,2) 4-(11,6) 5-(9,7) 6-(5,9) 7-(1,10) 8-(10,7) 9-(7,5) 10-(4,9) 11-(2,3) 12-(5,6)
Task Assignment: 0-12 1-10 2-6 3-5 4-8
Assignment aborted At time 163
Time 165
Robots Locations 0-(5,8) 1-(4,10) 2-(6,10) 3-(9,7) 4-(11,10)
Target Locations:  0-(14,3) 1-(11,1) 2-(4,15) 3-(7,2) 4-(11,6) 5-(9,7) 6-(5,9) 7-(1,10) 8-(10,7) 9-(7,5) 10-(4,9) 11-(2,3) 12-(5,6) 13-(14,7)
Task Assignment: 0-12 1-10 2-6 3-5 4-8
Robot 3 finished At time 167
Time 170
Robots Locations 0-(4,8) 1-(4,9) 2-(5,10) 3-(9,7) 4-(11,9)
Target Locations:  0-(14,3) 1-(11,1) 2-(4,15) 3-(7,2) 4-(11,6) 5-(5,9) 6-(1,10) 7-(10,7) 8-(7,5) 9-(4,9) 10-(2,3) 11-(5,6) 12-(14,7)
Task Assignment: 0-11 1-9 2-5 3-4 4-7
Assignment aborted At time 170
Time 173
Robots Locations 0-(4,8) 1-(4,9) 2-(5,10) 3-(9,7) 4-(11,9)
Target Locations:  0-(14,3) 1-(11,1) 2-(4,15) 3-(7,2) 4-(11,6) 5-(5,9) 6-(1,10) 7-(10,7) 8-(7,5) 9-(4,9) 10-(2,3) 11-(5,6) 12-(14,7) 13-(10,15)
Task Assignment: 0-11 1-9 2-5 3-4 4-7
Assignment aborted At time 173
Time 176
Robots Locations 0-(4,8) 1-(4,9) 2-(5,10) 3-(9,7) 4-(11,9)
Target Locations:  0-(14,3) 1-(11,1) 2-(4,15) 3-(7,2) 4-(11,6) 5-(5,9) 6-(1,10) 7-(10,7) 8-(7,5) 9-(4,9) 10-(2,3) 11-(5,6) 12-(14,7) 13-(10,15) 14-(7,6)
Task Assignment: 0-11 1-9 2-5 3-4 4-7
Assignment aborted At time 179
Time 181
Robots Locations 0-(5,7) 1-(4,9) 2-(5,9) 3-(10,6) 4-(10,8)
Target Locations:  0-(14,3) 1-(11,1) 2-(4,15) 3-(7,2) 4-(11,6) 5-(5,9) 6-(1,10) 7-(10,7) 8-(7,5) 9-(4,9) 10-(2,3) 11-(5,6) 12-(14,7) 13-(10,15) 14-(7,6) 15-(6,13)
Task Assignment: 0-11 1-9 2-5 3-4 4-7
Robot 1 finished At time 183
Time 186
Robots Locations 0-(5,6) 1-(4,9) 2-(5,9) 3-(11,6) 4-(10,7)
Target Locations:  0-(14,3) 1-(11,1) 2-(4,15) 3-(7,2) 4-(11,6) 5-(5,9) 6-(1,10) 7-(10,7) 8-(7,5) 9-(2,3) 10-(5,6) 11-(14,7) 12-(10,15) 13-(7,6) 14-(6,13)
Task Assignment: 0-10 1-6 2-5 3-4 4-7
Assignment aborted At time 186
Time 188
Robots Locations 0-(5,6) 1-(4,9) 2-(5,9) 3-(11,6) 4-(10,7)
Target Locations:  0-(14,3) 1-(11,1) 2-(4,15) 3-(7,2) 4-(11,6) 5-(5,9) 6-(1,10) 7-(10,7) 8-(7,5) 9-(2,3) 10-(5,6) 11-(14,7) 12-(10,15) 13-(7,6) 14-(6,13) 15-(14,9)
Task Assignment: 0-10 1-6 2-5 3-4 4-7
Assignment aborted At time 190
Time 193
Robots Locations 0-(5,6) 1-(3,9) 2-(5,9) 3-(11,6) 4-(10,7)
Target Locations:  0-(14,3) 1-(11,1) 2-(4,15) 3-(7,2) 4-(11,6) 5-(5,9) 6-(1,10) 7-(10,7) 8-(7,5) 9-(2,3) 10-(5,6) 11-(14,7) 12-(10,15) 13-(7,6) 14-(6,13) 15-(14,9) 16-(5,14)
Task Assignment: 0-10 1-6 2-5 3-4 4-7
Robot 3 finished At time 193
Time 196
Robots Locations 0-(5,6) 1-(3,9) 2-(5,9) 3-(11,6) 4-(10,7)
Target Locations:  0-(14,3) 1-(11,1) 2-(4,15) 3-(7,2) 4-(5,9) 5-(1,10) 6-(10,7) 7-(7,5) 8-(2,3) 9-(5,6) 10-(14,7) 11-(10,15) 12-(7,6) 13-(6,13) 14-(14,9) 15-(5,14)
Task Assignment: 0-9 1-5 2-4 3-10 4-6
Assignment aborted At time 196
Time 198
Robots Locations 0-(5,6) 1-(3,9) 2-(5,9) 3-(11,6) 4-(10,7)
Target Locations:  0-(14,3) 1-(11,1) 2-(4,15) 3-(7,2) 4-(5,9) 5-(1,10) 6-(10,7) 7-(7,5) 8-(2,3) 9-(5,6) 10-(14,7) 11-(10,15) 12-(7,6) 13-(6,13) 14-(14,9) 15-(5,14) 16-(14,8)
Task Assignment: 0-9 1-5 2-4 3-10 4-6
Robot 4 finished At time 199
Time 201
Robots Locations 0-(5,6) 1-(3,9) 2-(5,9) 3-(11,6) 4-(10,7)
Target Locations:  0-(14,3) 1-(11,1) 2-(4,15) 3-(7,2) 4-(5,9) 5-(1,10) 6-(7,5) 7-(2,3) 8-(5,6) 9-(14,7) 10-(10,15) 11-(7,6) 12-(6,13) 13-(14,9) 14-(5,14) 15-(14,8)
Task Assignment: 0-8 1-5 2-4 3-9 4-6
Assignment aborted At time 201
Time 204
Robots Locations 0-(5,6) 1-(2,10) 2-(5,9) 3-(11,6) 4-(10,7)
Target Locations:  0-(14,3) 1-(11,1) 2-(4,15) 3-(7,2) 4-(5,9) 5-(1,10) 6-(7,5) 7-(2,3) 8-(5,6) 9-(14,7) 10-(10,15) 11-(7,6) 12-(6,13) 13-(14,9) 14-(5,14) 15-(14,8) 16-(3,12)
Task Assignment: 0-8 1-5 2-4 3-9 4-6
Robot 2 finished At time 204
Time 206
Robots Locations 0-(5,6) 1-(2,10) 2-(5,9) 3-(11,6) 4-(10,7)
Target Locations:  0-(14,3) 1-(11,1) 2-(4,15) 3-(7,2) 4-(1,10) 5-(7,5) 6-(2,3) 7-(5,6) 8-(14,7) 9-(10,15) 10-(7,6) 11-(6,13) 12-(14,9) 13-(5,14) 14-(14,8) 15-(3,12)
Task Assignment: 0-7 1-4 2-10 3-8 4-5
Assignment aborted At time 207
Time 209
Robots Locations 0-(5,6) 1-(2,10) 2-(5,9) 3-(12,6) 4-(10,7)
Target Locations:  0-(14,3) 1-(11,1) 2-(4,15) 3-(7,2) 4-(1,10) 5-(7,5) 6-(2,3) 7-(5,6) 8-(14,7) 9-(10,15) 10-(7,6) 11-(6,13) 12-(14,9) 13-(5,14) 14-(14,8) 15-(3,12) 16-(10,3)
Task Assignment: 0-7 1-4 2-10 3-8 4-5
Robot 0 finished At time 210
Time 212
Robots Locations 0-(5,6) 1-(2,10) 2-(5,9) 3-(12,6) 4-(10,7)
Target Locations:  0-(14,3) 1-(11,1) 2-(4,15) 3-(7,2) 4-(1,10) 5-(7,5) 6-(2,3) 7-(14,7) 8-(10,15) 9-(7,6) 10-(6,13) 11-(14,9) 12-(5,14) 13-(14,8) 14-(3,12) 15-(10,3)
Task Assignment: 0-5 1-4 2-14 3-7 4-9
Assignment aborted At time 212
Time 215
Robots Locations 0-(5,6) 1-(2,10) 2-(5,9) 3-(12,6) 4-(10,7)
Target Locations:  0-(14,3) 1-(11,1) 2-(4,15) 3-(7,2) 4-(1,10) 5-(7,5) 6-(2,3) 7-(14,7) 8-(10,15) 9-(7,6) 10-(6,13) 11-(14,9) 12-(5,14) 13-(14,8) 14-(3,12) 15-(10,3) 16-(8,3)
Task Assignment: 0-5 1-4 2-14 3-7 4-9
Robot 1 finished At time 218
Time 221
Robots Locations 0-(7,5) 1-(1,10) 2-(4,9) 3-(13,7) 4-(8,6)
Target Locations:  0-(14,3) 1-(11,1) 2-(4,15) 3-(7,2) 4-(7,5) 5-(2,3) 6-(14,7) 7-(10,15) 8-(7,6) 9-(6,13) 10-(14,9) 11-(5,14) 12-(14,8) 13-(3,12) 14-(10,3) 15-(8,3)
Task Assignment: 0-4 1-13 2-9 3-6 4-8
Assignment aborted At time 221
Time 224
Robots Locations 0-(7,5) 1-(1,10) 2-(4,9) 3-(13,7) 4-(8,6)
Target Locations:  0-(14,3) 1-(11,1) 2-(4,15) 3-(7,2) 4-(7,5) 5-(2,3) 6-(14,7) 7-(10,15) 8-(7,6) 9-(6,13) 10-(14,9) 11-(5,14) 12-(14,8) 13-(3,12) 14-(10,3) 15-(8,3) 16-(4,13)
Task Assignment: 0-4 1-13 2-9 3-6 4-8
Assignment aborted At time 224
Time 227
Robots Locations 0-(7,5) 1-(1,10) 2-(4,9) 3-(14,7) 4-(8,6)
Target Locations:  0-(14,3) 1-(11,1) 2-(4,15) 3-(7,2) 4-(7,5) 5-(2,3) 6-(14,7) 7-(10,15) 8-(7,6) 9-(6,13) 10-(14,9) 11-(5,14) 12-(14,8) 13-(3,12) 14-(10,3) 15-(8,3) 16-(4,13) 17-(3,7)
Task Assignment: 0-4 1-13 2-17 3-6 4-8
Robot 0 finished At time 229
Time 232
Robots Locations 0-(7,5) 1-(1,11) 2-(3,10) 3-(14,7) 4-(7,6)
Target Locations:  0-(14,3) 1-(11,1) 2-(4,15) 3-(7,2) 4-(2,3) 5-(14,7) 6-(10,15) 7-(7,6) 8-(6,13) 9-(14,9) 10-(5,14) 11-(14,8) 12-(3,12) 13-(10,3) 14-(8,3) 15-(4,13) 16-(3,7)
Task Assignment: 0-14 1-12 2-15 3-5 4-7
Assignment aborted At time 232
Time 234
Robots Locations 0-(7,5) 1-(1,11) 2-(3,9) 3-(14,7) 4-(7,6)
Target Locations:  0-(14,3) 1-(11,1) 2-(4,15) 3-(7,2) 4-(2,3) 5-(14,7) 6-(10,15) 7-(7,6) 8-(6,13) 9-(14,9) 10-(5,14) 11-(14,8) 12-(3,12) 13-(10,3) 14-(8,3) 15-(4,13) 16-(3,7) 17-(4,2)
Task Assignment: 0-14 1-12 2-16 3-5 4-7
Robot 3 finished At time 235
Time 237
Robots Locations 0-(7,5) 1-(1,11) 2-(3,9) 3-(14,7) 4-(7,6)
Target Locations:  0-(14,3) 1-(11,1) 2-(4,15) 3-(7,2) 4-(2,3) 5-(10,15) 6-(7,6) 7-(6,13) 8-(14,9) 9-(5,14) 10-(14,8) 11-(3,12) 12-(10,3) 13-(8,3) 14-(4,13) 15-(3,7) 16-(4,2)
Task Assignment: 0-13 1-11 2-15 3-10 4-6
Assignment aborted At time 237
Time 240
Robots Locations 0-(7,5) 1-(2,11) 2-(3,9) 3-(14,7) 4-(7,6)
Target Locations:  0-(14,3) 1-(11,1) 2-(4,15) 3-(7,2) 4-(2,3) 5-(10,15) 6-(7,6) 7-(6,13) 8-(14,9) 9-(5,14) 10-(14,8) 11-(3,12) 12-(10,3) 13-(8,3) 14-(4,13) 15-(3,7) 16-(4,2) 17-(5,5)
Task Assignment: 0-13 1-11 2-15 3-10 4-6
Robot 4 finished At time 241
Time 244
Robots Locations 0-(7,4) 1-(2,11) 2-(3,9) 3-(14,7) 4-(7,6)
Target Locations:  0-(14,3) 1-(11,1) 2-(4,15) 3-(7,2) 4-(2,3) 5-(10,15) 6-(6,13) 7-(14,9) 8-(5,14) 9-(14,8) 10-(3,12) 11-(10,3) 12-(8,3) 13-(4,13) 14-(3,7) 15-(4,2) 16-(5,5)
Task Assignment: 0-12 1-10 2-14 3-9 4-16
Assignment aborted At time 244
Time 246
Robots Locations 0-(7,4) 1-(2,11) 2-(3,9) 3-(14,8) 4-(7,6)
Target Locations:  0-(14,3) 1-(11,1) 2-(4,15) 3-(7,2) 4-(2,3) 5-(10,15) 6-(6,13) 7-(14,9) 8-(5,14) 9-(14,8) 10-(3,12) 11-(10,3) 12-(8,3) 13-(4,13) 14-(3,7) 15-(4,2) 16-(5,5) 17-(13,7)
Task Assignment: 0-12 1-10 2-14 3-9 4-16
Assignment aborted At time 247
Time 250
Robots Locations 0-(8,4) 1-(2,12) 2-(3,8) 3-(14,8) 4-(7,6)
Target Locations:  0-(14,3) 1-(11,1) 2-(4,15) 3-(7,2) 4-(2,3) 5-(10,15) 6-(6,13) 7-(14,9) 8-(5,14) 9-(14,8) 10-(3,12) 11-(10,3) 12-(8,3) 13-(4,13) 14-(3,7) 15-(4,2) 16-(5,5) 17-(13,7) 18-(11,7)
Task Assignment: 0-12 1-10 2-14 3-9 4-16
Robot 3 finished At time 252
Time 254
Robots Locations 0-(8,3) 1-(3,12) 2-(3,7) 3-(14,8) 4-(6,5)
Target Locations:  0-(14,3) 1-(11,1) 2-(4,15) 3-(7,2) 4-(2,3) 5-(10,15) 6-(6,13) 7-(14,9) 8-(5,14) 9-(3,12) 10-(10,3) 11-(8,3) 12-(4,13) 13-(3,7) 14-(4,2) 15-(5,5) 16-(13,7) 17-(11,7)
Task Assignment: 0-11 1-9 2-13 3-7 4-15
Assignment aborted At time 254
Time 257
Robots Locations 0-(8,3) 1-(3,12) 2-(3,7) 3-(14,8) 4-(6,5)
Target Locations:  0-(14,3) 1-(11,1) 2-(4,15) 3-(7,2) 4-(2,3) 5-(10,15) 6-(6,13) 7-(14,9) 8-(5,14) 9-(3,12) 10-(10,3) 11-(8,3) 12-(4,13) 13-(3,7) 14-(4,2) 15-(5,5) 16-(13,7) 17-(11,7) 18-(10,2)
Task Assignment: 0-11 1-9 2-13 3-7 4-15
Robot 1 finished At time 257
Time 260
Robots Locations 0-(8,3) 1-(3,12) 2-(3,7) 3-(14,8) 4-(5,5)
Target Locations:  0-(14,3) 1-(11,1) 2-(4,15) 3-(7,2) 4-(2,3) 5-(10,15) 6-(6,13) 7-(14,9) 8-(5,14) 9-(10,3) 10-(8,3) 11-(4,13) 12-(3,7) 13-(4,2) 14-(5,5) 15-(13,7) 16-(11,7) 17-(10,2)
Task Assignment: 0-10 1-11 2-12 3-7 4-14
Assignment aborted At time 260
Time 262
Robots Locations 0-(8,3) 1-(3,12) 2-(3,7) 3-(14,8) 4-(5,5)
Target Locations:  0-(14,3) 1-(11,1) 2-(4,15) 3-(7,2) 4-(2,3) 5-(10,15) 6-(6,13) 7-(14,9) 8-(5,14) 9-(10,3) 10-(8,3) 11-(4,13) 12-(3,7) 13-(4,2) 14-(5,5) 15-(13,7) 16-(11,7) 17-(10,2) 18-(1,13)
Task Assignment: 0-10 1-11 2-12 3-7 4-14
Robot 0 finished At time 263
Time 266
Robots Locations 0-(8,3) 1-(3,12) 2-(3,7) 3-(14,8) 4-(5,5)
Target Locations:  0-(14,3) 1-(11,1) 2-(4,15) 3-(7,2) 4-(2,3) 5-(10,15) 6-(6,13) 7-(14,9) 8-(5,14) 9-(10,3) 10-(4,13) 11-(3,7) 12-(4,2) 13-(5,5) 14-(13,7) 15-(11,7) 16-(10,2) 17-(1,13)
Task Assignment: 0-3 1-10 2-11 3-7 4-13
Assignment aborted At time 266
Time 268
Robots Locations 0-(8,3) 1-(3,12) 2-(3,7) 3-(14,9) 4-(5,5)
Target Locations:  0-(14,3) 1-(11,1) 2-(4,15) 3-(7,2) 4-(2,3) 5-(10,15) 6-(6,13) 7-(14,9) 8-(5,14) 9-(10,3) 10-(4,13) 11-(3,7) 12-(4,2) 13-(5,5) 14-(13,7) 15-(11,7) 16-(10,2) 17-(1,13) 18-(9,1)
Task Assignment: 0-3 1-10 2-11 3-7 4-13
Assignment aborted At time 269
Time 271
Robots Locations 0-(8,3) 1-(3,12) 2-(3,7) 3-(14,9) 4-(5,5)
Target Locations:  0-(14,3) 1-(11,1) 2-(4,15) 3-(7,2) 4-(2,3) 5-(10,15) 6-(6,13) 7-(14,9) 8-(5,14) 9-(10,3) 10-(4,13) 11-(3,7) 12-(4,2) 13-(5,5) 14-(13,7) 15-(11,7) 16-(10,2) 17-(1,13) 18-(9,1) 19-(3,6)
Task Assignment: 0-3 1-10 2-11 3-7 4-13
Robot 2 finished At time 272
Time 274
Robots Locations 0-(8,3) 1-(3,12) 2-(3,7) 3-(14,9) 4-(5,5)
Target Locations:  0-(14,3) 1-(11,1) 2-(4,15) 3-(7,2) 4-(2,3) 5-(10,15) 6-(6,13) 7-(14,9) 8-(5,14) 9-(10,3) 10-(4,13) 11-(4,2) 12-(5,5) 13-(13,7) 14-(11,7) 15-(10,2) 16-(1,13) 17-(9,1) 18-(3,6)
Task Assignment: 0-3 1-10 2-18 3-7 4-12
Assignment aborted At time 274
Time 277
Robots Locations 0-(8,3) 1-(4,13) 2-(3,7) 3-(14,9) 4-(5,5)
Target Locations:  0-(14,3) 1-(11,1) 2-(4,15) 3-(7,2) 4-(2,3) 5-(10,15) 6-(6,13) 7-(14,9) 8-(5,14) 9-(10,3) 10-(4,13) 11-(4,2) 12-(5,5) 13-(13,7) 14-(11,7) 15-(10,2) 16-(1,13) 17-(9,1) 18-(3,6)
Task Assignment: 0-3 1-10 2-18 3-7 4-12
Robot 4 finished At time 279
Time 281
Robots Locations 0-(7,2) 1-(4,13) 2-(3,6) 3-(14,9) 4-(5,5)
Target Locations:  0-(14,3) 1-(11,1) 2-(4,15) 3-(7,2) 4-(2,3) 5-(10,15) 6-(6,13) 7-(14,9) 8-(5,14) 9-(10,3) 10-(4,13) 11-(4,2) 12-(13,7) 13-(11,7) 14-(10,2) 15-(1,13) 16-(9,1) 17-(3,6)
Task Assignment: 0-3 1-10 2-17 3-7 4-4
Assignment aborted At time 282
Time 284
Robots Locations 0-(7,2) 1-(4,13) 2-(3,6) 3-(14,9) 4-(5,5)
Target Locations:  0-(14,3) 1-(11,1) 2-(4,15) 3-(7,2) 4-(2,3) 5-(10,15) 6-(6,13) 7-(14,9) 8-(5,14) 9-(10,3) 10-(4,13) 11-(4,2) 12-(13,7) 13-(11,7) 14-(10,2) 15-(1,13) 16-(9,1) 17-(3,6)
Task Assignment: 0-3 1-10 2-17 3-7 4-4
Robot 3 finished At time 284
Time 287
Robots Locations 0-(7,2) 1-(4,13) 2-(3,6) 3-(14,9) 4-(5,5)
Target Locations:  0-(14,3) 1-(11,1) 2-(4,15) 3-(7,2) 4-(2,3) 5-(10,15) 6-(6,13) 7-(5,14) 8-(10,3) 9-(4,13) 10-(4,2) 11-(13,7) 12-(11,7) 13-(10,2) 14-(1,13) 15-(9,1) 16-(3,6)
Task Assignment: 0-3 1-9 2-16 3-11 4-4
Assignment aborted At time 287
Time 289
Robots Locations 0-(7,2) 1-(4,13) 2-(3,6) 3-(14,9) 4-(5,5)
Target Locations:  0-(14,3) 1-(11,1) 2-(4,15) 3-(7,2) 4-(2,3) 5-(10,15) 6-(6,13) 7-(5,14) 8-(10,3) 9-(4,13) 10-(4,2) 11-(13,7) 12-(11,7) 13-(10,2) 14-(1,13) 15-(9,1) 16-(3,6)
Task Assignment: 0-3 1-9 2-16 3-11 4-4
Robot 1 finished At time 290
Time 292
Robots Locations 0-(7,2) 1-(4,13) 2-(3,6) 3-(14,9) 4-(5,5)
Target Locations:  0-(14,3) 1-(11,1) 2-(4,15) 3-(7,2) 4-(2,3) 5-(10,15) 6-(6,13) 7-(5,14) 8-(10,3) 9-(4,2) 10-(13,7) 11-(11,7) 12-(10,2) 13-(1,13) 14-(9,1) 15-(3,6)
Task Assignment: 0-3 1-7 2-15 3-10 4-4
Assignment aborted At time 292
Time 295
Robots Locations 0-(7,2) 1-(4,13) 2-(3,6) 3-(14,9) 4-(4,5)
Target Locations:  0-(14,3) 1-(11,1) 2-(4,15) 3-(7,2) 4-(2,3) 5-(10,15) 6-(6,13) 7-(5,14) 8-(10,3) 9-(4,2) 10-(13,7) 11-(11,7) 12-(10,2) 13-(1,13) 14-(9,1) 15-(3,6)
Task Assignment: 0-3 1-7 2-15 3-10 4-4
Robot 2 finished At time 295
Time 298
Robots Locations 0-(7,2) 1-(4,13) 2-(3,6) 3-(14,9) 4-(4,5)
Target Locations:  0-(14,3) 1-(11,1) 2-(4,15) 3-(7,2) 4-(2,3) 5-(10,15) 6-(6,13) 7-(5,14) 8-(10,3) 9-(4,2) 10-(13,7) 11-(11,7) 12-(10,2) 13-(1,13) 14-(9,1)
Task Assignment: 0-3 1-7 2-4 3-10 4-9
Assignment aborted At time 298
Time 301
Robots Locations 0-(7,2) 1-(4,13) 2-(3,6) 3-(14,9) 4-(4,5)
Target Locations:  0-(14,3) 1-(11,1) 2-(4,15) 3-(7,2) 4-(2,3) 5-(10,15) 6-(6,13) 7-(5,14) 8-(10,3) 9-(4,2) 10-(13,7) 11-(11,7) 12-(10,2) 13-(1,13) 14-(9,1)
Task Assignment: 0-3 1-7 2-4 3-10 4-9
Robot 0 finished At time 301
Time 304
Robots Locations 0-(7,2) 1-(4,13) 2-(3,6) 3-(14,9) 4-(4,4)
Target Locations:  0-(14,3) 1-(11,1) 2-(4,15) 3-(2,3) 4-(10,15) 5-(6,13) 6-(5,14) 7-(10,3) 8-(4,2) 9-(13,7) 10-(11,7) 11-(10,2) 12-(1,13) 13-(9,1)
Task Assignment: 0-13 1-6 2-3 3-9 4-8
Assignment aborted At time 304
Time 307
Robots Locations 0-(7,2) 1-(5,14) 2-(3,6) 3-(13,9) 4-(4,4)
Target Locations:  0-(14,3) 1-(11,1) 2-(4,15) 3-(2,3) 4-(10,15) 5-(6,13) 6-(5,14) 7-(10,3) 8-(4,2) 9-(13,7) 10-(11,7) 11-(10,2) 12-(1,13) 13-(9,1)
Task Assignment: 0-13 1-6 2-3 3-9 4-8
Assignment aborted At time 307
Time 310
Robots Locations 0-(7,2) 1-(5,14) 2-(3,6) 3-(13,9) 4-(4,4)
Target Locations:  0-(14,3) 1-(11,1) 2-(4,15) 3-(2,3) 4-(10,15) 5-(6,13) 6-(5,14) 7-(10,3) 8-(4,2) 9-(13,7) 10-(11,7) 11-(10,2) 12-(1,13) 13-(9,1)
Task Assignment: 0-13 1-6 2-3 3-9 4-8
Robot 1 finished At time 313
Time 315
Robots Locations 0-(8,1) 1-(5,14) 2-(3,4) 3-(13,8) 4-(4,3)
Target Locations:  0-(14,3) 1-(11,1) 2-(4,15) 3-(2,3) 4-(10,15) 5-(6,13) 6-(10,3) 7-(4,2) 8-(13,7) 9-(11,7) 10-(10,2) 11-(1,13) 12-(9,1)
Task Assignment: 0-12 1-2 2-3 3-8 4-7
Assignment aborted At time 315
Time 318
Robots Locations 0-(8,1) 1-(5,14) 2-(2,4) 3-(13,8) 4-(4,3)
Target Locations:  0-(14,3) 1-(11,1) 2-(4,15) 3-(2,3) 4-(10,15) 5-(6,13) 6-(10,3) 7-(4,2) 8-(13,7) 9-(11,7) 10-(10,2) 11-(1,13) 12-(9,1)
Task Assignment: 0-12 1-2 2-3 3-8 4-7
Assignment aborted At time 319
Time 322
Robots Locations 0-(8,1) 1-(5,14) 2-(2,4) 3-(13,8) 4-(4,3)
Target Locations:  0-(14,3) 1-(11,1) 2-(4,15) 3-(2,3) 4-(10,15) 5-(6,13) 6-(10,3) 7-(4,2) 8-(13,7) 9-(11,7) 10-(10,2) 11-(1,13) 12-(9,1)
Task Assignment: 0-12 1-2 2-3 3-8 4-7
Robot 4 finished At time 325
Time 327
Robots Locations 0-(9,1) 1-(4,15) 2-(2,3) 3-(13,7) 4-(4,2)
Target Locations:  0-(14,3) 1-(11,1) 2-(4,15) 3-(2,3) 4-(10,15) 5-(6,13) 6-(10,3) 7-(13,7) 8-(11,7) 9-(10,2) 10-(1,13) 11-(9,1)
Task Assignment: 0-9 1-2 2-3 3-7 4-11
Assignment aborted At time 328
Time 330
Robots Locations 0-(9,1) 1-(4,15) 2-(2,3) 3-(13,7) 4-(4,2)
Target Locations:  0-(14,3) 1-(11,1) 2-(4,15) 3-(2,3) 4-(10,15) 5-(6,13) 6-(10,3) 7-(13,7) 8-(11,7) 9-(10,2) 10-(1,13) 11-(9,1)
Task Assignment: 0-9 1-2 2-3 3-7 4-11
Robot 3 finished At time 331
Time 333
Robots Locations 0-(9,1) 1-(4,15) 2-(2,3) 3-(13,7) 4-(4,2)
Target Locations:  0-(14,3) 1-(11,1) 2-(4,15) 3-(2,3) 4-(10,15) 5-(6,13) 6-(10,3) 7-(11,7) 8-(10,2) 9-(1,13) 10-(9,1)
Task Assignment: 0-8 1-2 2-3 3-7 4-10
Robot 2 finished At time 334
Time 336
Robots Locations 0-(9,1) 1-(4,15) 2-(2,3) 3-(13,7) 4-(4,2)
Target Locations:  0-(14,3) 1-(11,1) 2-(4,15) 3-(10,15) 4-(6,13) 5-(10,3) 6-(11,7) 7-(10,2) 8-(1,13) 9-(9,1)
Task Assignment: 0-7 1-2 2-9 3-6 4-5
Assignment aborted At time 336
Time 339
Robots Locations 0-(10,1) 1-(4,15) 2-(2,3) 3-(13,7) 4-(4,2)
Target Locations:  0-(14,3) 1-(11,1) 2-(4,15) 3-(10,15) 4-(6,13) 5-(10,3) 6-(11,7) 7-(10,2) 8-(1,13) 9-(9,1)
Task Assignment: 0-1 1-2 2-9 3-6 4-5
Robot 1 finished At time 339
Time 342
Robots Locations 0-(10,1) 1-(4,15) 2-(2,3) 3-(13,7) 4-(4,2)
Target Locations:  0-(14,3) 1-(11,1) 2-(10,15) 3-(6,13) 4-(10,3) 5-(11,7) 6-(10,2) 7-(1,13) 8-(9,1)
Task Assignment: 0-1 1-3 2-8 3-5 4-4
Assignment aborted At time 342
Time 345
Robots Locations 0-(10,1) 1-(4,15) 2-(2,3) 3-(13,7) 4-(4,2)
Target Locations:  0-(14,3) 1-(11,1) 2-(10,15) 3-(6,13) 4-(10,3) 5-(11,7) 6-(10,2) 7-(1,13) 8-(9,1)
Task Assignment: 0-1 1-3 2-8 3-5 4-4
Assignment aborted At time 348
Time 350
Robots Locations 0-(11,1) 1-(4,14) 2-(3,2) 3-(11,7) 4-(6,2)
Target Locations:  0-(14,3) 1-(11,1) 2-(10,15) 3-(6,13) 4-(10,3) 5-(11,7) 6-(10,2) 7-(1,13) 8-(9,1)
Task Assignment: 0-1 1-3 2-8 3-5 4-4
Robot 0 finished At time 352
Time 355
Robots Locations 0-(11,1) 1-(5,14) 2-(4,2) 3-(11,7) 4-(7,2)
Target Locations:  0-(14,3) 1-(10,15) 2-(6,13) 3-(10,3) 4-(11,7) 5-(10,2) 6-(1,13) 7-(9,1)
Task Assignment: 0-5 1-2 2-7 3-4 4-3
Assignment aborted At time 355
Time 357
Robots Locations 0-(11,1) 1-(5,14) 2-(4,2) 3-(11,7) 4-(7,2)
Target Locations:  0-(14,3) 1-(10,15) 2-(6,13) 3-(10,3) 4-(11,7) 5-(10,2) 6-(1,13) 7-(9,1)
Task Assignment: 0-5 1-2 2-7 3-4 4-3
Robot 3 finished At time 359
Time 361
Robots Locations 0-(12,1) 1-(5,13) 2-(5,2) 3-(11,7) 4-(7,2)
Target Locations:  0-(14,3) 1-(10,15) 2-(6,13) 3-(10,3) 4-(10,2) 5-(1,13) 6-(9,1)
Task Assignment: 0-0 1-2 2-6 3-3 4-4
Assignment aborted At time 361
Time 364
Robots Locations 0-(12,1) 1-(5,13) 2-(5,2) 3-(11,7) 4-(7,2)
Target Locations:  0-(14,3) 1-(10,15) 2-(6,13) 3-(10,3) 4-(10,2) 5-(1,13) 6-(9,1)
Task Assignment: 0-0 1-2 2-6 3-3 4-4
Assignment aborted At time 365
Time 368
Robots Locations 0-(12,2) 1-(6,13) 2-(5,2) 3-(11,7) 4-(8,2)
Target Locations:  0-(14,3) 1-(10,15) 2-(6,13) 3-(10,3) 4-(10,2) 5-(1,13) 6-(9,1)
Task Assignment: 0-0 1-2 2-6 3-3 4-4
Robot 1 finished At time 370
Time 373
Robots Locations 0-(13,2) 1-(6,13) 2-(6,2) 3-(10,6) 4-(9,2)
Target Locations:  0-(14,3) 1-(10,15) 2-(10,3) 3-(10,2) 4-(1,13) 5-(9,1)
Task Assignment: 0-0 1-1 2-5 3-2 4-3
Assignment aborted At time 373
Time 376
Robots Locations 0-(13,2) 1-(6,13) 2-(6,2) 3-(10,6) 4-(9,2)
Target Locations:  0-(14,3) 1-(10,15) 2-(10,3) 3-(10,2) 4-(1,13) 5-(9,1)
Task Assignment: 0-0 1-1 2-5 3-2 4-3
Assignment aborted At time 377
Time 379
Robots Locations 0-(13,3) 1-(7,13) 2-(7,1) 3-(10,5) 4-(9,2)
Target Locations:  0-(14,3) 1-(10,15) 2-(10,3) 3-(10,2) 4-(1,13) 5-(9,1)
Task Assignment: 0-0 1-1 2-5 3-2 4-3
Robot 0 finished At time 382
Time 385
Robots Locations 0-(14,3) 1-(8,14) 2-(8,1) 3-(10,4) 4-(10,2)
Target Locations:  0-(10,15) 1-(10,3) 2-(10,2) 3-(1,13) 4-(9,1)
Task Assignment: 0-1 1-3 2-4 3-0 4-2
Assignment aborted At time 385
Time 387
Robots Locations 0-(14,3) 1-(8,14) 2-(8,1) 3-(10,4) 4-(10,2)
Target Locations:  0-(10,15) 1-(10,3) 2-(10,2) 3-(1,13) 4-(9,1)
Task Assignment: 0-1 1-3 2-4 3-0 4-2
Robot 4 finished At time 388
Robot 2 finished At time 391
Robot 0 finished At time 398
Robot 1 finished At time 403
Robot 3 finished At time 410
/mmd_msd2
Time 2
Robots Locations 0-(2,3) 1-(6,6) 2-(9,9) 3-(12,11) 4-(15,15)
Target Locations:  0-(1,9) 1-(6,6) 2-(13,15) 3-(14,11) 4-(2,1)
Task Assignment: 0-4 1-0 2-1 3-3 4-2
Assignment aborted At time 9
Time 11
Robots Locations 0-(2,1) 1-(5,6) 2-(8,9) 3-(14,11) 4-(13,15)
Target Locations:  0-(1,9) 1-(6,6) 2-(13,15) 3-(14,11) 4-(2,1) 5-(2,4)
Task Assignment: 0-4 1-5 2-1 3-3 4-2
Robot 3 finished At time 14
Time 16
Robots Locations 0-(2,1) 1-(4,6) 2-(7,8) 3-(14,11) 4-(13,15)
Target Locations:  0-(1,9) 1-(6,6) 2-(13,15) 3-(2,1) 4-(2,4)
Task Assignment: 0-3 1-4 2-0 3-1 4-2
Assignment aborted At time 16
Time 18
Robots Locations 0-(2,1) 1-(4,6) 2-(7,8) 3-(14,11) 4-(13,15)
Target Locations:  0-(1,9) 1-(6,6) 2-(13,15) 3-(2,1) 4-(2,4) 5-(5,11)
Task Assignment: 0-3 1-4 2-1 3-2 4-5
Robot 0 finished At time 19
Time 21
Robots Locations 0-(2,1) 1-(4,6) 2-(7,8) 3-(14,11) 4-(13,15)
Target Locations:  0-(1,9) 1-(6,6) 2-(13,15) 3-(2,4) 4-(5,11)
Task Assignment: 0-3 1-0 2-1 3-2 4-4
Assignment aborted At time 24
Time 26
Robots Locations 0-(2,1) 1-(3,6) 2-(7,7) 3-(15,11) 4-(12,15)
Target Locations:  0-(1,9) 1-(6,6) 2-(13,15) 3-(2,4) 4-(5,11) 5-(14,3)
Task Assignment: 0-3 1-0 2-1 3-5 4-2
Assignment aborted At time 35
Time 37
Robots Locations 0-(2,3) 1-(2,7) 2-(6,6) 3-(14,11) 4-(13,15)
Target Locations:  0-(1,9) 1-(6,6) 2-(13,15) 3-(2,4) 4-(5,11) 5-(14,3) 6-(11,1)
Task Assignment: 0-3 1-0 2-1 3-5 4-2
Robot 2 finished At time 38
Time 41
Robots Locations 0-(2,3) 1-(2,8) 2-(6,6) 3-(14,10) 4-(13,15)
Target Locations:  0-(1,9) 1-(13,15) 2-(2,4) 3-(5,11) 4-(14,3) 5-(11,1)
Task Assignment: 0-2 1-0 2-3 3-4 4-1
Assignment aborted At time 43
Time 45
Robots Locations 0-(2,3) 1-(2,8) 2-(5,6) 3-(14,10) 4-(13,15)
Target Locations:  0-(1,9) 1-(13,15) 2-(2,4) 3-(5,11) 4-(14,3) 5-(11,1) 6-(6,9)
Task Assignment: 0-2 1-0 2-6 3-4 4-1
Robot 4 finished At time 48
Time 50
Robots Locations 0-(2,4) 1-(1,9) 2-(5,6) 3-(14,9) 4-(13,15)
Target Locations:  0-(1,9) 1-(2,4) 2-(5,11) 3-(14,3) 4-(11,1) 5-(6,9)
Task Assignment: 0-1 1-0 2-5 3-3 4-2
Assignment aborted At time 50
Time 53
Robots Locations 0-(2,4) 1-(1,9) 2-(5,6) 3-(14,9) 4-(13,15)
Target Locations:  0-(1,9) 1-(2,4) 2-(5,11) 3-(14,3) 4-(11,1) 5-(6,9) 6-(12,12)
Task Assignment: 0-1 1-0 2-5 3-3 4-6
Robot 0 finished At time 55
Time 57
Robots Locations 0-(2,4) 1-(1,9) 2-(5,7) 3-(14,8) 4-(13,14)
Target Locations:  0-(1,9) 1-(5,11) 2-(14,3) 3-(11,1) 4-(6,9) 5-(12,12)
Task Assignment: 0-0 1-1 2-4 3-2 4-5
Assignment aborted At time 59
Time 61
Robots Locations 0-(2,4) 1-(1,9) 2-(6,7) 3-(14,8) 4-(13,14)
Target Locations:  0-(1,9) 1-(5,11) 2-(14,3) 3-(11,1) 4-(6,9) 5-(12,12) 6-(9,10)
Task Assignment: 0-0 1-1 2-4 3-2 4-5
Assignment aborted At time 67
Time 69
Robots Locations 0-(2,6) 1-(3,10) 2-(6,9) 3-(14,6) 4-(12,12)
Target Locations:  0-(1,9) 1-(5,11) 2-(14,3) 3-(11,1) 4-(6,9) 5-(12,12) 6-(9,10) 7-(11,11)
Task Assignment: 0-0 1-1 2-4 3-2 4-5
Robot 2 finished At time 71
Time 74
Robots Locations 0-(1,7) 1-(3,10) 2-(6,9) 3-(14,5) 4-(12,12)
Target Locations:  0-(1,9) 1-(5,11) 2-(14,3) 3-(11,1) 4-(12,12) 5-(9,10) 6-(11,11)
Task Assignment: 0-0 1-1 2-5 3-2 4-4
Assignment aborted At time 74
Time 76
Robots Locations 0-(1,7) 1-(4,10) 2-(6,9) 3-(14,5) 4-(12,12)
Target Locations:  0-(1,9) 1-(5,11) 2-(14,3) 3-(11,1) 4-(12,12) 5-(9,10) 6-(11,11) 7-(4,15)
Task Assignment: 0-0 1-1 2-5 3-2 4-4
Robot 4 finished At time 77
Time 79
Robots Locations 0-(1,8) 1-(4,11) 2-(6,9) 3-(14,4) 4-(12,12)
Target Locations:  0-(1,9) 1-(5,11) 2-(14,3) 3-(11,1) 4-(9,10) 5-(11,11) 6-(4,15)
Task Assignment: 0-0 1-1 2-4 3-2 4-5
Assignment aborted At time 80
Time 82
Robots Locations 0-(1,8) 1-(4,11) 2-(7,9) 3-(14,4) 4-(12,12)
Target Locations:  0-(1,9) 1-(5,11) 2-(14,3) 3-(11,1) 4-(9,10) 5-(11,11) 6-(4,15) 7-(1,11)
Task Assignment: 0-0 1-1 2-4 3-2 4-5
Robot 1 finished At time 87
Time 89
Robots Locations 0-(1,9) 1-(5,11) 2-(8,10) 3-(14,3) 4-(11,11)
Target Locations:  0-(1,9) 1-(14,3) 2-(11,1) 3-(9,10) 4-(11,11) 5-(4,15) 6-(1,11)
Task Assignment: 0-0 1-5 2-3 3-1 4-4
Assignment aborted At time 89
Time 91
Robots Locations 0-(1,9) 1-(5,11) 2-(8,10) 3-(14,3) 4-(11,11)
Target Locations:  0-(1,9) 1-(14,3) 2-(11,1) 3-(9,10) 4-(11,11) 5-(4,15) 6-(1,11) 7-(14,13)
Task Assignment: 0-0 1-5 2-3 3-1 4-4
Robot 4 finished At time 92
Time 94
Robots Locations 0-(1,9) 1-(5,11) 2-(9,10) 3-(14,3) 4-(11,11)
Target Locations:  0-(1,9) 1-(14,3) 2-(11,1) 3-(9,10) 4-(4,15) 5-(1,11) 6-(14,13)
Task Assignment: 0-0 1-4 2-3 3-1 4-6
Assignment aborted At time 94
Time 96
Robots Locations 0-(1,9) 1-(5,11) 2-(9,10) 3-(14,3) 4-(11,11)
Target Locations:  0-(1,9) 1-(14,3) 2-(11,1) 3-(9,10) 4-(4,15) 5-(1,11) 6-(14,13) 7-(8,9)
Task Assignment: 0-0 1-7 2-3 3-1 4-6
Robot 0 finished At time 97
Time 99
Robots Locations 0-(1,9) 1-(5,11) 2-(9,10) 3-(14,3) 4-(11,11)
Target Locations:  0-(14,3) 1-(11,1) 2-(9,10) 3-(4,15) 4-(1,11) 5-(14,13) 6-(8,9)
Task Assignment: 0-4 1-6 2-2 3-0 4-5
Robot 3 finished At time 100
Time 102
Robots Locations 0-(1,9) 1-(5,11) 2-(9,10) 3-(14,3) 4-(11,11)
Target Locations:  0-(11,1) 1-(9,10) 2-(4,15) 3-(1,11) 4-(14,13) 5-(8,9)
Task Assignment: 0-3 1-5 2-1 3-0 4-4
Assignment aborted At time 102
Time 104
Robots Locations 0-(1,9) 1-(5,11) 2-(9,10) 3-(14,3) 4-(11,11)
Target Locations:  0-(11,1) 1-(9,10) 2-(4,15) 3-(1,11) 4-(14,13) 5-(8,9) 6-(7,2)
Task Assignment: 0-3 1-5 2-1 3-0 4-4
Assignment aborted At time 107
Time 110
Robots Locations 0-(1,10) 1-(6,11) 2-(9,10) 3-(13,2) 4-(12,10)
Target Locations:  0-(11,1) 1-(9,10) 2-(4,15) 3-(1,11) 4-(14,13) 5-(8,9) 6-(7,2) 7-(3,10)
Task Assignment: 0-3 1-5 2-1 3-0 4-4
Robot 2 finished At time 110
Time 112
Robots Locations 0-(1,10) 1-(6,11) 2-(9,10) 3-(13,2) 4-(12,11)
Target Locations:  0-(11,1) 1-(4,15) 2-(1,11) 3-(14,13) 4-(8,9) 5-(7,2) 6-(3,10)
Task Assignment: 0-2 1-6 2-4 3-0 4-3
Assignment aborted At time 113
Time 115
Robots Locations 0-(1,10) 1-(6,11) 2-(9,10) 3-(13,2) 4-(12,11)
Target Locations:  0-(11,1) 1-(4,15) 2-(1,11) 3-(14,13) 4-(8,9) 5-(7,2) 6-(3,10) 7-(11,6)
Task Assignment: 0-2 1-6 2-4 3-0 4-3
Robot 0 finished At time 119
Time 121
Robots Locations 0-(1,11) 1-(5,10) 2-(9,9) 3-(12,1) 4-(13,12)
Target Locations:  0-(11,1) 1-(4,15) 2-(14,13) 3-(8,9) 4-(7,2) 5-(3,10) 6-(11,6)
Task Assignment: 0-5 1-3 2-6 3-0 4-2
Assignment aborted At time 121
Time 123
Robots Locations 0-(1,11) 1-(5,10) 2-(9,9) 3-(12,1) 4-(13,12)
Target Locations:  0-(11,1) 1-(4,15) 2-(14,13) 3-(8,9) 4-(7,2) 5-(3,10) 6-(11,6) 7-(12,11)
Task Assignment: 0-5 1-3 2-6 3-0 4-2
Assignment aborted At time 127
Time 129
Robots Locations 0-(2,11) 1-(6,9) 2-(9,8) 3-(11,1) 4-(14,13)
Target Locations:  0-(11,1) 1-(4,15) 2-(14,13) 3-(8,9) 4-(7,2) 5-(3,10) 6-(11,6) 7-(12,11) 8-(9,7)
Task Assignment: 0-5 1-3 2-8 3-0 4-2
Robot 3 finished At time 131
Time 133
Robots Locations 0-(2,11) 1-(6,9) 2-(9,8) 3-(11,1) 4-(14,13)
Target Locations:  0-(4,15) 1-(14,13) 2-(8,9) 3-(7,2) 4-(3,10) 5-(11,6) 6-(12,11) 7-(9,7)
Task Assignment: 0-4 1-2 2-7 3-3 4-1
Assignment aborted At time 133
Time 135
Robots Locations 0-(2,11) 1-(6,9) 2-(9,7) 3-(11,1) 4-(14,13)
Target Locations:  0-(4,15) 1-(14,13) 2-(8,9) 3-(7,2) 4-(3,10) 5-(11,6) 6-(12,11) 7-(9,7) 8-(6,10)
Task Assignment: 0-4 1-8 2-7 3-3 4-1
Robot 4 finished At time 138
Time 140
Robots Locations 0-(3,10) 1-(7,10) 2-(9,7) 3-(10,1) 4-(14,13)
Target Locations:  0-(4,15) 1-(8,9) 2-(7,2) 3-(3,10) 4-(11,6) 5-(12,11) 6-(9,7) 7-(6,10)
Task Assignment: 0-3 1-1 2-6 3-2 4-5
Assignment aborted At time 140
Time 142
Robots Locations 0-(3,10) 1-(7,10) 2-(9,7) 3-(10,1) 4-(14,13)
Target Locations:  0-(4,15) 1-(8,9) 2-(7,2) 3-(3,10) 4-(11,6) 5-(12,11) 6-(9,7) 7-(6,10) 8-(5,9)
Task Assignment: 0-3 1-1 2-6 3-2 4-5
Robot 2 finished At time 144
Time 146
Robots Locations 0-(3,10) 1-(7,10) 2-(9,7) 3-(9,1) 4-(14,14)
Target Locations:  0-(4,15) 1-(8,9) 2-(7,2) 3-(3,10) 4-(11,6) 5-(12,11) 6-(6,10) 7-(5,9)
Task Assignment: 0-3 1-1 2-4 3-2 4-5
Assignment aborted At time 146
Time 149
Robots Locations 0-(3,10) 1-(7,10) 2-(9,7) 3-(9,1) 4-(14,14)
Target Locations:  0-(4,15) 1-(8,9) 2-(7,2) 3-(3,10) 4-(11,6) 5-(12,11) 6-(6,10) 7-(5,9) 8-(1,10)
Task Assignment: 0-3 1-1 2-4 3-2 4-5
Robot 0 finished At time 149
Time 152
Robots Locations 0-(3,10) 1-(7,10) 2-(9,7) 3-(9,1) 4-(14,14)
Target Locations:  0-(4,15) 1-(8,9) 2-(7,2) 3-(11,6) 4-(12,11) 5-(6,10) 6-(5,9) 7-(1,10)
Task Assignment: 0-6 1-1 2-3 3-2 4-4
Assignment aborted At time 153
Time 155
Robots Locations 0-(3,10) 1-(8,10) 2-(9,6) 3-(9,1) 4-(13,14)
Target Locations:  0-(4,15) 1-(8,9) 2-(7,2) 3-(11,6) 4-(12,11) 5-(6,10) 6-(5,9) 7-(1,10) 8-(10,7)
Task Assignment: 0-6 1-1 2-8 3-2 4-4
Robot 1 finished At time 160
Time 163
Robots Locations 0-(5,9) 1-(8,9) 2-(10,7) 3-(7,2) 4-(13,12)
Target Locations:  0-(4,15) 1-(7,2) 2-(11,6) 3-(12,11) 4-(6,10) 5-(5,9) 6-(1,10) 7-(10,7)
Task Assignment: 0-5 1-4 2-7 3-1 4-3
Assignment aborted At time 163
Time 165
Robots Locations 0-(5,9) 1-(8,9) 2-(10,7) 3-(7,2) 4-(12,12)
Target Locations:  0-(4,15) 1-(7,2) 2-(11,6) 3-(12,11) 4-(6,10) 5-(5,9) 6-(1,10) 7-(10,7) 8-(7,5)
Task Assignment: 0-5 1-4 2-7 3-1 4-3
Robot 2 finished At time 168
Time 170
Robots Locations 0-(5,9) 1-(8,8) 2-(10,7) 3-(7,2) 4-(12,11)
Target Locations:  0-(4,15) 1-(7,2) 2-(11,6) 3-(12,11) 4-(6,10) 5-(5,9) 6-(1,10) 7-(7,5)
Task Assignment: 0-5 1-4 2-2 3-1 4-3
Assignment aborted At time 170
Time 173
Robots Locations 0-(5,9) 1-(8,8) 2-(10,7) 3-(7,2) 4-(12,11)
Target Locations:  0-(4,15) 1-(7,2) 2-(11,6) 3-(12,11) 4-(6,10) 5-(5,9) 6-(1,10) 7-(7,5) 8-(4,9)
Task Assignment: 0-5 1-4 2-2 3-1 4-3
Robot 3 finished At time 173
Time 175
Robots Locations 0-(5,9) 1-(7,8) 2-(10,7) 3-(7,2) 4-(12,11)
Target Locations:  0-(4,15) 1-(11,6) 2-(12,11) 3-(6,10) 4-(5,9) 5-(1,10) 6-(7,5) 7-(4,9)
Task Assignment: 0-4 1-3 2-1 3-6 4-2
Assignment aborted At time 176
Time 178
Robots Locations 0-(5,9) 1-(7,9) 2-(10,7) 3-(7,2) 4-(12,11)
Target Locations:  0-(4,15) 1-(11,6) 2-(12,11) 3-(6,10) 4-(5,9) 5-(1,10) 6-(7,5) 7-(4,9) 8-(2,3)
Task Assignment: 0-4 1-3 2-1 3-6 4-2
Robot 0 finished At time 179
Time 181
Robots Locations 0-(5,9) 1-(7,9) 2-(10,7) 3-(7,2) 4-(12,11)
Target Locations:  0-(4,15) 1-(11,6) 2-(12,11) 3-(6,10) 4-(1,10) 5-(7,5) 6-(4,9) 7-(2,3)
Task Assignment: 0-6 1-3 2-1 3-5 4-2
Assignment aborted At time 183
Time 185
Robots Locations 0-(5,9) 1-(7,9) 2-(11,7) 3-(7,3) 4-(12,11)
Target Locations:  0-(4,15) 1-(11,6) 2-(12,11) 3-(6,10) 4-(1,10) 5-(7,5) 6-(4,9) 7-(2,3) 8-(5,6)
Task Assignment: 0-6 1-3 2-1 3-5 4-2
Robot 4 finished At time 186
Time 188
Robots Locations 0-(5,8) 1-(7,9) 2-(11,6) 3-(7,3) 4-(12,11)
Target Locations:  0-(4,15) 1-(11,6) 2-(6,10) 3-(1,10) 4-(7,5) 5-(4,9) 6-(2,3) 7-(5,6)
Task Assignment: 0-5 1-2 2-4 3-7 4-1
Assignment aborted At time 189
Time 191
Robots Locations 0-(5,8) 1-(6,10) 2-(11,6) 3-(7,3) 4-(12,11)
Target Locations:  0-(4,15) 1-(11,6) 2-(6,10) 3-(1,10) 4-(7,5) 5-(4,9) 6-(2,3) 7-(5,6) 8-(14,7)
Task Assignment: 0-5 1-2 2-1 3-4 4-8
Robot 2 finished At time 194
Time 196
Robots Locations 0-(4,9) 1-(6,10) 2-(11,6) 3-(7,4) 4-(12,10)
Target Locations:  0-(4,15) 1-(6,10) 2-(1,10) 3-(7,5) 4-(4,9) 5-(2,3) 6-(5,6) 7-(14,7)
Task Assignment: 0-4 1-1 2-3 3-6 4-7
Assignment aborted At time 196
Time 199
Robots Locations 0-(4,9) 1-(6,10) 2-(11,6) 3-(7,4) 4-(12,10)
Target Locations:  0-(4,15) 1-(6,10) 2-(1,10) 3-(7,5) 4-(4,9) 5-(2,3) 6-(5,6) 7-(14,7) 8-(10,15)
Task Assignment: 0-4 1-1 2-3 3-6 4-7
Robot 1 finished At time 199
Time 201
Robots Locations 0-(4,9) 1-(6,10) 2-(11,6) 3-(7,5) 4-(12,10)
Target Locations:  0-(4,15) 1-(1,10) 2-(7,5) 3-(4,9) 4-(2,3) 5-(5,6) 6-(14,7) 7-(10,15)
Task Assignment: 0-1 1-3 2-2 3-5 4-6
Assignment aborted At time 202
Time 204
Robots Locations 0-(4,9) 1-(6,10) 2-(11,6) 3-(7,5) 4-(13,9)
Target Locations:  0-(4,15) 1-(1,10) 2-(7,5) 3-(4,9) 4-(2,3) 5-(5,6) 6-(14,7) 7-(10,15) 8-(7,6)
Task Assignment: 0-1 1-3 2-8 3-2 4-6
Assignment aborted At time 210
Time 212
Robots Locations 0-(2,10) 1-(4,9) 2-(9,6) 3-(7,5) 4-(14,8)
Target Locations:  0-(4,15) 1-(1,10) 2-(7,5) 3-(4,9) 4-(2,3) 5-(5,6) 6-(14,7) 7-(10,15) 8-(7,6) 9-(6,13)
Task Assignment: 0-1 1-3 2-8 3-2 4-6
Robot 3 finished At time 213
Time 215
Robots Locations 0-(2,10) 1-(4,9) 2-(9,6) 3-(7,5) 4-(14,7)
Target Locations:  0-(4,15) 1-(1,10) 2-(4,9) 3-(2,3) 4-(5,6) 5-(14,7) 6-(10,15) 7-(7,6) 8-(6,13)
Task Assignment: 0-1 1-2 2-7 3-4 4-5
Assignment aborted At time 217
Time 219
Robots Locations 0-(1,10) 1-(4,9) 2-(8,6) 3-(7,5) 4-(14,7)
Target Locations:  0-(4,15) 1-(1,10) 2-(4,9) 3-(2,3) 4-(5,6) 5-(14,7) 6-(10,15) 7-(7,6) 8-(6,13) 9-(14,9)
Task Assignment: 0-1 1-2 2-7 3-4 4-5
Robot 1 finished At time 220
Time 222
Robots Locations 0-(1,10) 1-(4,9) 2-(8,6) 3-(7,4) 4-(14,7)
Target Locations:  0-(4,15) 1-(1,10) 2-(2,3) 3-(5,6) 4-(14,7) 5-(10,15) 6-(7,6) 7-(6,13) 8-(14,9)
Task Assignment: 0-1 1-7 2-6 3-3 4-4
Assignment aborted At time 223
Time 226
Robots Locations 0-(1,10) 1-(3,9) 2-(7,6) 3-(6,5) 4-(14,7)
Target Locations:  0-(4,15) 1-(1,10) 2-(2,3) 3-(5,6) 4-(14,7) 5-(10,15) 6-(7,6) 7-(6,13) 8-(14,9) 9-(5,14)
Task Assignment: 0-1 1-3 2-6 3-2 4-4
Robot 0 finished At time 226
Time 228
Robots Locations 0-(1,10) 1-(3,9) 2-(7,6) 3-(6,5) 4-(14,7)
Target Locations:  0-(4,15) 1-(2,3) 2-(5,6) 3-(14,7) 4-(10,15) 5-(7,6) 6-(6,13) 7-(14,9) 8-(5,14)
Task Assignment: 0-0 1-2 2-5 3-1 4-3
Robot 4 finished At time 229
Time 231
Robots Locations 0-(1,10) 1-(3,9) 2-(7,6) 3-(6,5) 4-(14,7)
Target Locations:  0-(4,15) 1-(2,3) 2-(5,6) 3-(10,15) 4-(7,6) 5-(6,13) 6-(14,9) 7-(5,14)
Task Assignment: 0-0 1-2 2-4 3-1 4-6
Assignment aborted At time 231
Time 233
Robots Locations 0-(1,10) 1-(3,9) 2-(7,6) 3-(6,5) 4-(14,7)
Target Locations:  0-(4,15) 1-(2,3) 2-(5,6) 3-(10,15) 4-(7,6) 5-(6,13) 6-(14,9) 7-(5,14) 8-(14,8)
Task Assignment: 0-0 1-2 2-4 3-1 4-8
Robot 2 finished At time 236
Time 238
Robots Locations 0-(1,11) 1-(3,8) 2-(7,6) 3-(5,5) 4-(15,7)
Target Locations:  0-(4,15) 1-(2,3) 2-(5,6) 3-(10,15) 4-(6,13) 5-(14,9) 6-(5,14) 7-(14,8)
Task Assignment: 0-0 1-4 2-2 3-1 4-7
Assignment aborted At time 238
Time 241
Robots Locations 0-(1,11) 1-(3,8) 2-(7,6) 3-(5,5) 4-(15,7)
Target Locations:  0-(4,15) 1-(2,3) 2-(5,6) 3-(10,15) 4-(6,13) 5-(14,9) 6-(5,14) 7-(14,8) 8-(3,12)
Task Assignment: 0-8 1-4 2-2 3-1 4-7
Assignment aborted At time 243
Time 245
Robots Locations 0-(2,11) 1-(4,8) 2-(6,6) 3-(5,4) 4-(15,8)
Target Locations:  0-(4,15) 1-(2,3) 2-(5,6) 3-(10,15) 4-(6,13) 5-(14,9) 6-(5,14) 7-(14,8) 8-(3,12) 9-(10,3)
Task Assignment: 0-0 1-8 2-2 3-1 4-5
Assignment aborted At time 250
Time 252
Robots Locations 0-(3,13) 1-(3,10) 2-(5,6) 3-(3,3) 4-(14,9)
Target Locations:  0-(4,15) 1-(2,3) 2-(5,6) 3-(10,15) 4-(6,13) 5-(14,9) 6-(5,14) 7-(14,8) 8-(3,12) 9-(10,3) 10-(8,3)
Task Assignment: 0-0 1-8 2-2 3-1 4-5
Robot 4 finished At time 254
Time 256
Robots Locations 0-(3,14) 1-(3,11) 2-(5,6) 3-(2,3) 4-(14,9)
Target Locations:  0-(4,15) 1-(2,3) 2-(5,6) 3-(10,15) 4-(6,13) 5-(5,14) 6-(14,8) 7-(3,12) 8-(10,3) 9-(8,3)
Task Assignment: 0-0 1-7 2-2 3-1 4-6
Assignment aborted At time 257
Time 259
Robots Locations 0-(3,14) 1-(3,11) 2-(5,6) 3-(2,3) 4-(14,9)
Target Locations:  0-(4,15) 1-(2,3) 2-(5,6) 3-(10,15) 4-(6,13) 5-(5,14) 6-(14,8) 7-(3,12) 8-(10,3) 9-(8,3) 10-(4,13)
Task Assignment: 0-0 1-7 2-2 3-1 4-6
Robot 2 finished At time 259
Time 262
Robots Locations 0-(3,14) 1-(3,11) 2-(5,6) 3-(2,3) 4-(14,9)
Target Locations:  0-(4,15) 1-(2,3) 2-(10,15) 3-(6,13) 4-(5,14) 5-(14,8) 6-(3,12) 7-(10,3) 8-(8,3) 9-(4,13)
Task Assignment: 0-0 1-6 2-8 3-1 4-5
Assignment aborted At time 263
Time 265
Robots Locations 0-(3,14) 1-(3,12) 2-(5,6) 3-(2,3) 4-(14,9)
Target Locations:  0-(4,15) 1-(2,3) 2-(10,15) 3-(6,13) 4-(5,14) 5-(14,8) 6-(3,12) 7-(10,3) 8-(8,3) 9-(4,13) 10-(3,7)
Task Assignment: 0-0 1-6 2-10 3-1 4-5
Robot 3 finished At time 267
Time 269
Robots Locations 0-(4,15) 1-(3,12) 2-(4,6) 3-(2,3) 4-(13,9)
Target Locations:  0-(4,15) 1-(10,15) 2-(6,13) 3-(5,14) 4-(14,8) 5-(3,12) 6-(10,3) 7-(8,3) 8-(4,13) 9-(3,7)
Task Assignment: 0-0 1-5 2-7 3-9 4-4
Assignment aborted At time 269
Time 271
Robots Locations 0-(4,15) 1-(3,12) 2-(4,6) 3-(2,3) 4-(13,9)
Target Locations:  0-(4,15) 1-(10,15) 2-(6,13) 3-(5,14) 4-(14,8) 5-(3,12) 6-(10,3) 7-(8,3) 8-(4,13) 9-(3,7) 10-(4,2)
Task Assignment: 0-0 1-5 2-9 3-10 4-4
Robot 1 finished At time 273
Time 275
Robots Locations 0-(4,15) 1-(3,12) 2-(4,6) 3-(2,3) 4-(14,8)
Target Locations:  0-(4,15) 1-(10,15) 2-(6,13) 3-(5,14) 4-(14,8) 5-(10,3) 6-(8,3) 7-(4,13) 8-(3,7) 9-(4,2)
Task Assignment: 0-0 1-7 2-8 3-9 4-4
Assignment aborted At time 275
Time 277
Robots Locations 0-(4,15) 1-(3,12) 2-(4,7) 3-(2,2) 4-(14,8)
Target Locations:  0-(4,15) 1-(10,15) 2-(6,13) 3-(5,14) 4-(14,8) 5-(10,3) 6-(8,3) 7-(4,13) 8-(3,7) 9-(4,2) 10-(5,5)
Task Assignment: 0-0 1-7 2-8 3-9 4-4
Robot 0 finished At time 279
Time 281
Robots Locations 0-(4,15) 1-(3,13) 2-(3,7) 3-(2,2) 4-(14,8)
Target Locations:  0-(10,15) 1-(6,13) 2-(5,14) 3-(14,8) 4-(10,3) 5-(8,3) 6-(4,13) 7-(3,7) 8-(4,2) 9-(5,5)
Task Assignment: 0-2 1-6 2-7 3-8 4-3
Assignment aborted At time 281
Time 283
Robots Locations 0-(4,15) 1-(3,13) 2-(3,7) 3-(2,2) 4-(14,8)
Target Locations:  0-(10,15) 1-(6,13) 2-(5,14) 3-(14,8) 4-(10,3) 5-(8,3) 6-(4,13) 7-(3,7) 8-(4,2) 9-(5,5) 10-(13,7)
Task Assignment: 0-2 1-6 2-7 3-8 4-3
Robot 4 finished At time 286
Time 288
Robots Locations 0-(5,15) 1-(4,13) 2-(3,7) 3-(3,2) 4-(14,8)
Target Locations:  0-(10,15) 1-(6,13) 2-(5,14) 3-(10,3) 4-(8,3) 5-(4,13) 6-(3,7) 7-(4,2) 8-(5,5) 9-(13,7)
Task Assignment: 0-2 1-5 2-6 3-7 4-9
Assignment aborted At time 288
Time 290
Robots Locations 0-(5,15) 1-(4,13) 2-(3,7) 3-(3,2) 4-(14,8)
Target Locations:  0-(10,15) 1-(6,13) 2-(5,14) 3-(10,3) 4-(8,3) 5-(4,13) 6-(3,7) 7-(4,2) 8-(5,5) 9-(13,7) 10-(11,7)
Task Assignment: 0-2 1-5 2-6 3-7 4-9
Robot 2 finished At time 291
Time 293
Robots Locations 0-(5,15) 1-(4,13) 2-(3,7) 3-(3,2) 4-(14,8)
Target Locations:  0-(10,15) 1-(6,13) 2-(5,14) 3-(10,3) 4-(8,3) 5-(4,13) 6-(4,2) 7-(5,5) 8-(13,7) 9-(11,7)
Task Assignment: 0-2 1-5 2-7 3-6 4-8
Assignment aborted At time 294
Time 296
Robots Locations 0-(5,14) 1-(4,13) 2-(3,7) 3-(4,2) 4-(14,8)
Target Locations:  0-(10,15) 1-(6,13) 2-(5,14) 3-(10,3) 4-(8,3) 5-(4,13) 6-(4,2) 7-(5,5) 8-(13,7) 9-(11,7) 10-(10,2)
Task Assignment: 0-2 1-5 2-7 3-6 4-8
Robot 1 finished At time 297
Time 299
Robots Locations 0-(5,14) 1-(4,13) 2-(2,7) 3-(4,2) 4-(14,7)
Target Locations:  0-(10,15) 1-(6,13) 2-(5,14) 3-(10,3) 4-(8,3) 5-(4,2) 6-(5,5) 7-(13,7) 8-(11,7) 9-(10,2)
Task Assignment: 0-1 1-2 2-6 3-5 4-7
Assignment aborted At time 300
Time 302
Robots Locations 0-(5,14) 1-(4,13) 2-(2,7) 3-(4,2) 4-(14,7)
Target Locations:  0-(10,15) 1-(6,13) 2-(5,14) 3-(10,3) 4-(8,3) 5-(4,2) 6-(5,5) 7-(13,7) 8-(11,7) 9-(10,2) 10-(1,13)
Task Assignment: 0-1 1-2 2-6 3-5 4-7
Robot 3 finished At time 305
Time 307
Robots Locations 0-(6,13) 1-(4,14) 2-(3,6) 3-(4,2) 4-(13,7)
Target Locations:  0-(10,15) 1-(6,13) 2-(5,14) 3-(10,3) 4-(8,3) 5-(5,5) 6-(13,7) 7-(11,7) 8-(10,2) 9-(1,13)
Task Assignment: 0-1 1-2 2-5 3-4 4-6
Assignment aborted At time 307
Time 309
Robots Locations 0-(6,13) 1-(4,14) 2-(3,6) 3-(4,2) 4-(13,7)
Target Locations:  0-(10,15) 1-(6,13) 2-(5,14) 3-(10,3) 4-(8,3) 5-(5,5) 6-(13,7) 7-(11,7) 8-(10,2) 9-(1,13) 10-(9,1)
Task Assignment: 0-1 1-2 2-5 3-4 4-6
Robot 4 finished At time 311
Time 313
Robots Locations 0-(6,13) 1-(5,14) 2-(3,6) 3-(5,2) 4-(13,7)
Target Locations:  0-(10,15) 1-(6,13) 2-(5,14) 3-(10,3) 4-(8,3) 5-(5,5) 6-(11,7) 7-(10,2) 8-(1,13) 9-(9,1)
Task Assignment: 0-1 1-2 2-5 3-4 4-6
Assignment aborted At time 313
Time 316
Robots Locations 0-(6,13) 1-(5,14) 2-(3,6) 3-(5,2) 4-(13,7)
Target Locations:  0-(10,15) 1-(6,13) 2-(5,14) 3-(10,3) 4-(8,3) 5-(5,5) 6-(11,7) 7-(10,2) 8-(1,13) 9-(9,1) 10-(3,6)
Task Assignment: 0-1 1-2 2-10 3-4 4-6
Robot 0 finished At time 318
Time 319
Robots Locations 0-(6,13) 1-(5,14) 2-(4,6) 3-(5,2) 4-(12,7)
Target Locations:  0-(10,15) 1-(5,14) 2-(10,3) 3-(8,3) 4-(5,5) 5-(11,7) 6-(10,2) 7-(1,13) 8-(9,1) 9-(3,6)
Task Assignment: 0-0 1-1 2-4 3-3 4-5
Assignment aborted At time 320
Time 322
Robots Locations 0-(6,13) 1-(5,14) 2-(4,5) 3-(5,2) 4-(12,7)
Target Locations:  0-(10,15) 1-(5,14) 2-(10,3) 3-(8,3) 4-(5,5) 5-(11,7) 6-(10,2) 7-(1,13) 8-(9,1) 9-(3,6)
Task Assignment: 0-0 1-1 2-4 3-3 4-5
Robot 1 finished At time 322
Time 325
Robots Locations 0-(6,13) 1-(5,14) 2-(4,5) 3-(6,2) 4-(12,7)
Target Locations:  0-(10,15) 1-(10,3) 2-(8,3) 3-(5,5) 4-(11,7) 5-(10,2) 6-(1,13) 7-(9,1) 8-(3,6)
Task Assignment: 0-0 1-6 2-3 3-2 4-4
Assignment aborted At time 327
Time 329
Robots Locations 0-(7,13) 1-(5,15) 2-(4,5) 3-(6,3) 4-(12,7)
Target Locations:  0-(10,15) 1-(10,3) 2-(8,3) 3-(5,5) 4-(11,7) 5-(10,2) 6-(1,13) 7-(9,1) 8-(3,6)
Task Assignment: 0-0 1-6 2-3 3-2 4-4
Robot 4 finished At time 333
Time 335
Robots Locations 0-(8,14) 1-(4,14) 2-(5,5) 3-(8,3) 4-(11,7)
Target Locations:  0-(10,15) 1-(10,3) 2-(8,3) 3-(5,5) 4-(10,2) 5-(1,13) 6-(9,1) 7-(3,6)
Task Assignment: 0-0 1-5 2-3 3-2 4-1
Assignment aborted At time 335
Time 337
Robots Locations 0-(8,14) 1-(4,14) 2-(5,5) 3-(8,3) 4-(11,7)
Target Locations:  0-(10,15) 1-(10,3) 2-(8,3) 3-(5,5) 4-(10,2) 5-(1,13) 6-(9,1) 7-(3,6)
Task Assignment: 0-0 1-5 2-3 3-2 4-1
Robot 2 finished At time 338
Time 340
Robots Locations 0-(8,14) 1-(4,14) 2-(5,5) 3-(8,3) 4-(11,7)
Target Locations:  0-(10,15) 1-(10,3) 2-(8,3) 3-(10,2) 4-(1,13) 5-(9,1) 6-(3,6)
Task Assignment: 0-0 1-4 2-6 3-2 4-1
Assignment aborted At time 340
Time 342
Robots Locations 0-(8,14) 1-(4,14) 2-(5,5) 3-(8,3) 4-(11,7)
Target Locations:  0-(10,15) 1-(10,3) 2-(8,3) 3-(10,2) 4-(1,13) 5-(9,1) 6-(3,6)
Task Assignment: 0-0 1-4 2-6 3-2 4-1
Robot 3 finished At time 346
Time 348
Robots Locations 0-(9,15) 1-(3,14) 2-(5,6) 3-(8,3) 4-(10,6)
Target Locations:  0-(10,15) 1-(10,3) 2-(10,2) 3-(1,13) 4-(9,1) 5-(3,6)
Task Assignment: 0-0 1-3 2-5 3-2 4-1
Assignment aborted At time 348
Time 351
Robots Locations 0-(9,15) 1-(2,14) 2-(5,6) 3-(8,3) 4-(10,6)
Target Locations:  0-(10,15) 1-(10,3) 2-(10,2) 3-(1,13) 4-(9,1) 5-(3,6)
Task Assignment: 0-0 1-3 2-5 3-2 4-1
Robot 0 finished At time 356
Time 358
Robots Locations 0-(10,15) 1-(1,13) 2-(4,6) 3-(9,2) 4-(10,4)
Target Locations:  0-(10,3) 1-(10,2) 2-(1,13) 3-(9,1) 4-(3,6)
Task Assignment: 0-2 1-4 2-0 3-3 4-1
Assignment aborted At time 359
Time 361
Robots Locations 0-(10,15) 1-(1,13) 2-(4,6) 3-(9,2) 4-(10,4)
Target Locations:  0-(10,3) 1-(10,2) 2-(1,13) 3-(9,1) 4-(3,6)
Task Assignment: 0-2 1-4 2-0 3-3 4-1
Assignment aborted At time 364
Time 366
Robots Locations 0-(10,16) 1-(1,12) 2-(4,5) 3-(9,1) 4-(10,3)
Target Locations:  0-(10,3) 1-(10,2) 2-(1,13) 3-(9,1) 4-(3,6)
Task Assignment: 0-2 1-4 2-1 3-3 4-0
Robot 4 finished At time 369
Robot 3 finished At time 370
Robot 1 finished At time 383
Robot 2 finished At time 385
Robot 0 finished At time 389
