Goals: (8,14) (7,13) (14,2) (14,4) (2,11) (6,14) (12,8) (13,10) (1,7) (13,6) (10,1) (2,5) (6,4) (15,6) (4,1) (15,11) (15,4) (5,6) (1,13) (1,10) (9,10) (2,6) (7,12) (3,14) (11,14) (14,1) (12,5) (15,8) (13,2) (10,15) (2,8) (11,1) (13,8) (13,7) (2,14) (8,13) (3,2) (13,1) (14,8) (15,1) (6,12) (4,11) (11,8) (13,4) (12,11) (10,11) (9,1) (13,3) (4,8) (8,7)
/MURDOCH
Time 2
Robots Locations 0-(3,3) 1-(6,6) 2-(8,9) 3-(12,12) 4-(15,16)
Target Locations:  0-(8,7) 1-(4,8) 2-(13,3) 3-(9,1) 4-(10,11) 5-(12,11)
Task Assignment: 0-0 4-1 1-2 2-3 3-5
Robot 3 finished At time 6
Time 9
Robots Locations 0-(3,4) 1-(7,6) 2-(8,7) 3-(12,11) 4-(14,15)
Target Locations:  0-(8,7) 1-(4,8) 2-(13,3) 3-(9,1) 4-(10,11) 5-(13,4)
Task Assignment: 0-0 4-1 1-2 2-3 3-4
Robot 3 finished At time 14
Time 16
Robots Locations 0-(6,6) 1-(9,6) 2-(9,4) 3-(10,11) 4-(11,13)
Target Locations:  0-(8,7) 1-(4,8) 2-(13,3) 3-(9,1) 4-(13,4) 5-(11,8)
Task Assignment: 0-0 4-1 1-2 2-3 3-5
Robot 0 finished At time 22
Time 24
Robots Locations 0-(8,7) 1-(12,4) 2-(9,1) 3-(11,8) 4-(9,12)
Target Locations:  0-(4,8) 1-(13,3) 2-(9,1) 3-(13,4) 4-(11,8) 5-(4,11)
Task Assignment: 4-0 1-1 2-2 3-4 0-5
Robot 2 finished At time 26
Time 28
Robots Locations 0-(8,8) 1-(13,3) 2-(9,1) 3-(11,8) 4-(8,11)
Target Locations:  0-(4,8) 1-(13,3) 2-(13,4) 3-(11,8) 4-(4,11) 5-(6,12)
Task Assignment: 4-0 1-1 3-3 0-4 2-2
Robot 3 finished At time 29
Time 31
Robots Locations 0-(7,8) 1-(13,3) 2-(9,1) 3-(11,8) 4-(7,11)
Target Locations:  0-(4,8) 1-(13,3) 2-(13,4) 3-(4,11) 4-(6,12) 5-(15,1)
Task Assignment: 4-0 1-1 0-3 2-2 3-4
Robot 1 finished At time 33
Time 35
Robots Locations 0-(6,9) 1-(13,3) 2-(10,1) 3-(11,7) 4-(7,10)
Target Locations:  0-(4,8) 1-(13,4) 2-(4,11) 3-(6,12) 4-(15,1) 5-(14,8)
Task Assignment: 4-0 0-2 2-1 3-3 1-4
Robot 1 finished At time 42
Time 44
Robots Locations 0-(4,11) 1-(15,1) 2-(13,4) 3-(8,10) 4-(5,8)
Target Locations:  0-(4,8) 1-(13,4) 2-(4,11) 3-(6,12) 4-(14,8) 5-(13,1)
Task Assignment: 4-0 0-2 2-1 3-3 1-5
Robot 0 finished At time 46
Time 47
Robots Locations 0-(4,11) 1-(15,1) 2-(13,4) 3-(7,10) 4-(4,8)
Target Locations:  0-(4,8) 1-(13,4) 2-(6,12) 3-(14,8) 4-(13,1) 5-(3,2)
Task Assignment: 4-0 2-1 3-2 1-4 0-5
Robot 2 finished At time 49
Time 51
Robots Locations 0-(3,11) 1-(14,0) 2-(13,4) 3-(7,11) 4-(4,8)
Target Locations:  0-(4,8) 1-(6,12) 2-(14,8) 3-(13,1) 4-(3,2) 5-(8,13)
Task Assignment: 4-0 3-1 1-3 0-4 2-2
Robot 4 finished At time 52
Time 54
Robots Locations 0-(3,10) 1-(14,1) 2-(13,4) 3-(7,11) 4-(4,8)
Target Locations:  0-(6,12) 1-(14,8) 2-(13,1) 3-(3,2) 4-(8,13) 5-(2,14)
Task Assignment: 3-0 1-2 0-3 2-1 4-5
Robot 3 finished At time 58
Time 60
Robots Locations 0-(3,9) 1-(13,1) 2-(14,6) 3-(6,12) 4-(3,8)
Target Locations:  0-(14,8) 1-(13,1) 2-(3,2) 3-(8,13) 4-(2,14) 5-(13,7)
Task Assignment: 1-1 0-2 2-0 4-4 3-3
Robot 1 finished At time 60
Time 62
Robots Locations 0-(3,9) 1-(13,1) 2-(14,6) 3-(6,12) 4-(3,8)
Target Locations:  0-(14,8) 1-(3,2) 2-(8,13) 3-(2,14) 4-(13,7) 5-(13,8)
Task Assignment: 0-1 2-0 4-3 3-2 1-4
Robot 2 finished At time 67
Time 69
Robots Locations 0-(4,7) 1-(13,4) 2-(14,8) 3-(8,13) 4-(2,11)
Target Locations:  0-(3,2) 1-(8,13) 2-(2,14) 3-(13,7) 4-(13,8) 5-(11,1)
Task Assignment: 0-0 4-2 3-1 1-3 2-4
Robot 3 finished At time 71
Time 73
Robots Locations 0-(4,6) 1-(13,5) 2-(14,9) 3-(8,13) 4-(2,12)
Target Locations:  0-(3,2) 1-(2,14) 2-(13,7) 3-(13,8) 4-(11,1) 5-(2,8)
Task Assignment: 0-0 4-1 1-2 2-3 3-5
Robot 2 finished At time 76
Time 78
Robots Locations 0-(3,4) 1-(13,6) 2-(13,8) 3-(8,12) 4-(2,13)
Target Locations:  0-(3,2) 1-(2,14) 2-(13,7) 3-(11,1) 4-(2,8) 5-(10,15)
Task Assignment: 0-0 4-1 1-2 3-4 2-3
Robot 4 finished At time 81
Time 84
Robots Locations 0-(3,3) 1-(13,7) 2-(13,8) 3-(6,11) 4-(2,14)
Target Locations:  0-(3,2) 1-(13,7) 2-(11,1) 3-(2,8) 4-(10,15) 5-(13,2)
Task Assignment: 0-0 1-1 3-3 2-2 4-4
Robot 0 finished At time 87
Time 89
Robots Locations 0-(3,2) 1-(13,7) 2-(13,6) 3-(5,10) 4-(3,15)
Target Locations:  0-(13,7) 1-(11,1) 2-(2,8) 3-(10,15) 4-(13,2) 5-(15,8)
Task Assignment: 1-0 3-2 2-1 4-3 0-4
Robot 1 finished At time 93
Time 95
Robots Locations 0-(5,2) 1-(13,7) 2-(13,5) 3-(3,9) 4-(5,15)
Target Locations:  0-(11,1) 1-(2,8) 2-(10,15) 3-(13,2) 4-(15,8) 5-(12,5)
Task Assignment: 3-1 2-0 4-2 0-3 1-4
Robot 3 finished At time 100
Time 102
Robots Locations 0-(7,2) 1-(15,8) 2-(11,2) 3-(2,8) 4-(8,15)
Target Locations:  0-(11,1) 1-(10,15) 2-(13,2) 3-(15,8) 4-(12,5) 5-(14,1)
Task Assignment: 2-0 4-1 0-2 1-3 3-4
Robot 1 finished At time 105
Time 107
Robots Locations 0-(9,2) 1-(15,8) 2-(11,1) 3-(2,7) 4-(9,15)
Target Locations:  0-(11,1) 1-(10,15) 2-(13,2) 3-(12,5) 4-(14,1) 5-(11,14)
Task Assignment: 2-0 4-1 0-2 3-3 1-4
Robot 2 finished At time 109
Time 111
Robots Locations 0-(10,2) 1-(16,8) 2-(11,1) 3-(3,7) 4-(10,15)
Target Locations:  0-(10,15) 1-(13,2) 2-(12,5) 3-(14,1) 4-(11,14) 5-(3,14)
Task Assignment: 4-0 0-1 3-2 1-3 2-4
Robot 4 finished At time 112
Time 114
Robots Locations 0-(11,2) 1-(16,7) 2-(10,1) 3-(4,7) 4-(10,15)
Target Locations:  0-(13,2) 1-(12,5) 2-(14,1) 3-(11,14) 4-(3,14) 5-(7,12)
Task Assignment: 0-0 3-1 1-2 2-3 4-5
Robot 0 finished At time 120
Time 122
Robots Locations 0-(13,2) 1-(15,4) 2-(10,4) 3-(7,6) 4-(8,13)
Target Locations:  0-(12,5) 1-(14,1) 2-(11,14) 3-(3,14) 4-(7,12) 5-(2,6)
Task Assignment: 3-0 1-1 2-2 4-4 0-5
Robot 4 finished At time 127
Time 129
Robots Locations 0-(12,3) 1-(14,1) 2-(11,7) 3-(10,6) 4-(7,12)
Target Locations:  0-(12,5) 1-(14,1) 2-(11,14) 3-(3,14) 4-(2,6) 5-(9,10)
Task Assignment: 3-0 1-1 2-2 0-4 4-5
Robot 1 finished At time 132
Time 134
Robots Locations 0-(11,4) 1-(14,1) 2-(11,8) 3-(11,5) 4-(7,11)
Target Locations:  0-(12,5) 1-(11,14) 2-(3,14) 3-(2,6) 4-(9,10) 5-(1,10)
Task Assignment: 3-0 2-1 0-3 4-4 1-5
Robot 3 finished At time 138
Time 140
Robots Locations 0-(8,4) 1-(12,1) 2-(11,10) 3-(12,5) 4-(9,10)
Target Locations:  0-(11,14) 1-(3,14) 2-(2,6) 3-(9,10) 4-(1,10) 5-(1,13)
Task Assignment: 2-0 0-2 4-3 1-4 3-1
Robot 4 finished At time 142
Time 144
Robots Locations 0-(8,4) 1-(12,2) 2-(11,11) 3-(13,6) 4-(9,10)
Target Locations:  0-(11,14) 1-(3,14) 2-(2,6) 3-(1,10) 4-(1,13) 5-(5,6)
Task Assignment: 2-0 0-2 1-3 3-1 4-5
Robot 2 finished At time 151
Time 153
Robots Locations 0-(4,6) 1-(8,4) 2-(11,14) 3-(10,8) 4-(7,7)
Target Locations:  0-(3,14) 1-(2,6) 2-(1,10) 3-(1,13) 4-(5,6) 5-(15,4)
Task Assignment: 0-1 1-2 3-0 4-4 2-3
Robot 0 finished At time 157
Time 159
Robots Locations 0-(2,6) 1-(6,6) 2-(9,14) 3-(8,10) 4-(5,6)
Target Locations:  0-(3,14) 1-(1,10) 2-(1,13) 3-(5,6) 4-(15,4) 5-(15,11)
Task Assignment: 1-1 3-0 4-3 2-2 0-4
Robot 4 finished At time 161
Time 163
Robots Locations 0-(2,7) 1-(6,6) 2-(8,14) 3-(7,10) 4-(5,6)
Target Locations:  0-(3,14) 1-(1,10) 2-(1,13) 3-(15,4) 4-(15,11) 5-(4,1)
Task Assignment: 1-1 3-0 2-2 0-3 4-5
Robot 4 finished At time 174
Time 177
Robots Locations 0-(8,6) 1-(1,10) 2-(4,13) 3-(3,14) 4-(4,1)
Target Locations:  0-(3,14) 1-(1,10) 2-(1,13) 3-(15,4) 4-(15,11) 5-(15,6)
Task Assignment: 1-1 3-0 2-2 0-3 4-5
Robot 3 finished At time 179
Time 181
Robots Locations 0-(9,5) 1-(1,10) 2-(3,13) 3-(3,14) 4-(5,1)
Target Locations:  0-(1,10) 1-(1,13) 2-(15,4) 3-(15,11) 4-(15,6) 5-(6,4)
Task Assignment: 1-0 2-1 0-2 4-4 3-5
Robot 1 finished At time 181
Time 183
Robots Locations 0-(9,5) 1-(1,10) 2-(3,13) 3-(3,14) 4-(5,1)
Target Locations:  0-(1,13) 1-(15,4) 2-(15,11) 3-(15,6) 4-(6,4) 5-(2,5)
Task Assignment: 2-0 0-1 4-3 3-4 1-5
Robot 2 finished At time 188
Time 190
Robots Locations 0-(12,5) 1-(1,8) 2-(1,13) 3-(3,13) 4-(7,2)
Target Locations:  0-(15,4) 1-(15,11) 2-(15,6) 3-(6,4) 4-(2,5) 5-(10,1)
Task Assignment: 0-0 4-2 3-3 1-4 2-1
Robot 1 finished At time 197
Time 199
Robots Locations 0-(15,4) 1-(2,5) 2-(4,12) 3-(4,9) 4-(11,4)
Target Locations:  0-(15,4) 1-(15,11) 2-(15,6) 3-(6,4) 4-(10,1) 5-(13,6)
Task Assignment: 0-0 4-2 3-3 2-1 1-4
Robot 0 finished At time 200
Time 201
Robots Locations 0-(15,4) 1-(2,5) 2-(4,12) 3-(4,9) 4-(11,4)
Target Locations:  0-(15,11) 1-(15,6) 2-(6,4) 3-(10,1) 4-(13,6) 5-(1,7)
Task Assignment: 4-1 3-2 2-0 1-3 0-4
Robot 3 finished At time 213
Time 214
Robots Locations 0-(13,6) 1-(7,2) 2-(10,11) 3-(6,4) 4-(15,6)
Target Locations:  0-(15,11) 1-(15,6) 2-(10,1) 3-(13,6) 4-(1,7) 5-(13,10)
Task Assignment: 4-1 2-0 1-2 0-3 3-4
Robot 4 finished At time 216
Time 218
Robots Locations 0-(13,6) 1-(8,2) 2-(10,11) 3-(6,4) 4-(15,6)
Target Locations:  0-(15,11) 1-(10,1) 2-(13,6) 3-(1,7) 4-(13,10) 5-(12,8)
Task Assignment: 2-0 1-1 0-2 3-3 4-5
Robot 0 finished At time 218
Time 220
Robots Locations 0-(13,6) 1-(8,2) 2-(10,11) 3-(6,3) 4-(15,6)
Target Locations:  0-(15,11) 1-(10,1) 2-(1,7) 3-(13,10) 4-(12,8) 5-(6,14)
Task Assignment: 2-0 1-1 3-2 4-4 0-3
Robot 1 finished At time 226
Time 228
Robots Locations 0-(13,9) 1-(10,1) 2-(13,11) 3-(3,5) 4-(13,7)
Target Locations:  0-(15,11) 1-(1,7) 2-(13,10) 3-(12,8) 4-(6,14) 5-(2,11)
Task Assignment: 2-0 3-1 4-3 0-2 1-5
Robot 0 finished At time 231
Time 233
Robots Locations 0-(13,10) 1-(10,2) 2-(15,11) 3-(2,6) 4-(12,8)
Target Locations:  0-(15,11) 1-(1,7) 2-(12,8) 3-(6,14) 4-(2,11) 5-(14,4)
Task Assignment: 2-0 3-1 4-2 1-4 0-5
Robot 4 finished At time 234
Time 237
Robots Locations 0-(13,10) 1-(10,3) 2-(15,11) 3-(2,7) 4-(12,8)
Target Locations:  0-(15,11) 1-(1,7) 2-(6,14) 3-(2,11) 4-(14,4) 5-(14,2)
Task Assignment: 2-0 3-1 1-3 0-4 4-5
Robot 2 finished At time 237
Time 239
Robots Locations 0-(13,10) 1-(10,3) 2-(15,11) 3-(1,7) 4-(12,8)
Target Locations:  0-(1,7) 1-(6,14) 2-(2,11) 3-(14,4) 4-(14,2) 5-(7,13)
Task Assignment: 3-0 1-2 0-3 4-4 2-5
Robot 3 finished At time 242
Time 244
Robots Locations 0-(14,9) 1-(9,4) 2-(15,12) 3-(1,7) 4-(12,7)
Target Locations:  0-(6,14) 1-(2,11) 2-(14,4) 3-(14,2) 4-(7,13) 5-(8,14)
Task Assignment: 1-1 0-2 4-3 2-4 3-0
Robot 0 finished At time 255
Time 257
Robots Locations 0-(14,4) 1-(5,8) 2-(9,13) 3-(4,12) 4-(14,2)
Target Locations:  0-(6,14) 1-(2,11) 2-(14,2) 3-(7,13) 4-(8,14)
Task Assignment: 1-1 4-2 2-3 3-0 0-4
Robot 4 finished At time 258
Robot 2 finished At time 263
Robot 3 finished At time 264
Robot 1 finished At time 265
Robot 0 finished At time 278
number of collisions is 158
/BLE
Time 2
Robots Locations 0-(3,3) 1-(6,6) 2-(9,9) 3-(13,12) 4-(15,15)
Target Locations:  0-(8,7) 1-(4,8) 2-(13,3) 3-(9,1) 4-(10,11) 5-(12,11)
Task Assignment: 3-5 1-0 2-4 0-1 4-2
Robot 3 finished At time 7
Time 9
Robots Locations 0-(3,4) 1-(8,7) 2-(10,10) 3-(12,11) 4-(14,14)
Target Locations:  0-(8,7) 1-(4,8) 2-(13,3) 3-(9,1) 4-(10,11) 5-(13,4)
Task Assignment: 1-0 2-4 0-1 3-5 4-2
Robot 1 finished At time 10
Time 12
Robots Locations 0-(3,5) 1-(8,7) 2-(10,11) 3-(11,11) 4-(14,13)
Target Locations:  0-(4,8) 1-(13,3) 2-(9,1) 3-(10,11) 4-(13,4) 5-(11,8)
Task Assignment: 2-3 3-5 0-0 1-4 4-1
Robot 2 finished At time 14
Time 16
Robots Locations 0-(3,6) 1-(9,7) 2-(10,11) 3-(11,10) 4-(14,12)
Target Locations:  0-(4,8) 1-(13,3) 2-(9,1) 3-(13,4) 4-(11,8) 5-(4,11)
Task Assignment: 3-4 0-0 1-3 2-5 4-1
Robot 0 finished At time 21
Time 23
Robots Locations 0-(4,8) 1-(11,5) 2-(7,11) 3-(11,8) 4-(14,9)
Target Locations:  0-(13,3) 1-(9,1) 2-(13,4) 3-(11,8) 4-(4,11) 5-(6,12)
Task Assignment: 3-3 2-5 1-2 0-4 4-0
Robot 3 finished At time 24
Time 26
Robots Locations 0-(4,8) 1-(11,5) 2-(7,11) 3-(11,8) 4-(14,9)
Target Locations:  0-(13,3) 1-(9,1) 2-(13,4) 3-(4,11) 4-(6,12) 5-(15,1)
Task Assignment: 2-4 1-2 0-3 3-0 4-5
Robot 2 finished At time 30
Time 32
Robots Locations 0-(4,11) 1-(13,4) 2-(6,12) 3-(12,6) 4-(14,7)
Target Locations:  0-(13,3) 1-(9,1) 2-(13,4) 3-(4,11) 4-(15,1) 5-(14,8)
Task Assignment: 0-3 1-2 4-5 3-0 2-1
Robot 1 finished At time 34
Time 36
Robots Locations 0-(4,11) 1-(13,4) 2-(5,12) 3-(12,5) 4-(15,6)
Target Locations:  0-(13,3) 1-(9,1) 2-(4,11) 3-(15,1) 4-(14,8) 5-(13,1)
Task Assignment: 0-2 1-0 4-4 3-5 2-1
Robot 0 finished At time 37
Time 39
Robots Locations 0-(4,11) 1-(13,3) 2-(6,11) 3-(12,4) 4-(15,7)
Target Locations:  0-(13,3) 1-(9,1) 2-(15,1) 3-(14,8) 4-(13,1) 5-(3,2)
Task Assignment: 1-0 4-3 3-4 0-5 2-1
Robot 1 finished At time 41
Time 44
Robots Locations 0-(3,11) 1-(13,3) 2-(6,10) 3-(12,4) 4-(14,8)
Target Locations:  0-(9,1) 1-(15,1) 2-(14,8) 3-(13,1) 4-(3,2) 5-(8,13)
Task Assignment: 4-2 1-3 2-5 3-0 0-4
Robot 4 finished At time 45
Time 47
Robots Locations 0-(3,10) 1-(13,2) 2-(7,10) 3-(13,3) 4-(14,8)
Target Locations:  0-(9,1) 1-(15,1) 2-(13,1) 3-(3,2) 4-(8,13) 5-(2,14)
Task Assignment: 1-2 3-1 2-4 0-5 4-0
Robot 1 finished At time 51
Time 53
Robots Locations 0-(2,11) 1-(13,1) 2-(7,11) 3-(14,2) 4-(13,7)
Target Locations:  0-(9,1) 1-(15,1) 2-(3,2) 3-(8,13) 4-(2,14) 5-(13,7)
Task Assignment: 4-5 3-1 2-3 0-4 1-0
Robot 3 finished At time 57
Time 59
Robots Locations 0-(2,13) 1-(11,1) 2-(8,13) 3-(15,1) 4-(13,7)
Target Locations:  0-(9,1) 1-(3,2) 2-(8,13) 3-(2,14) 4-(13,7) 5-(13,8)
Task Assignment: 4-4 2-2 0-3 1-0 3-5
Robot 2 finished At time 60
Time 62
Robots Locations 0-(2,14) 1-(10,1) 2-(8,13) 3-(15,1) 4-(13,7)
Target Locations:  0-(9,1) 1-(3,2) 2-(2,14) 3-(13,7) 4-(13,8) 5-(11,1)
Task Assignment: 0-2 4-3 1-0 3-5 2-4
Robot 4 finished At time 62
Time 64
Robots Locations 0-(2,14) 1-(10,1) 2-(8,13) 3-(15,1) 4-(13,7)
Target Locations:  0-(9,1) 1-(3,2) 2-(2,14) 3-(13,8) 4-(11,1) 5-(2,8)
Task Assignment: 0-2 4-3 1-0 3-4 2-5
Robot 0 finished At time 67
Time 68
Robots Locations 0-(2,14) 1-(9,1) 2-(7,14) 3-(15,0) 4-(13,8)
Target Locations:  0-(9,1) 1-(3,2) 2-(13,8) 3-(11,1) 4-(2,8) 5-(10,15)
Task Assignment: 4-2 1-0 2-5 3-3 0-4
Robot 1 finished At time 70
Time 73
Robots Locations 0-(1,14) 1-(9,1) 2-(8,13) 3-(14,0) 4-(13,8)
Target Locations:  0-(3,2) 1-(13,8) 2-(11,1) 3-(2,8) 4-(10,15) 5-(13,2)
Task Assignment: 4-1 1-2 3-5 2-4 0-3
Robot 4 finished At time 73
Time 75
Robots Locations 0-(1,14) 1-(9,1) 2-(8,13) 3-(14,0) 4-(13,8)
Target Locations:  0-(3,2) 1-(11,1) 2-(2,8) 3-(10,15) 4-(13,2) 5-(15,8)
Task Assignment: 4-5 1-1 3-4 2-3 0-2
Robot 4 finished At time 81
Time 83
Robots Locations 0-(2,11) 1-(11,1) 2-(10,15) 3-(13,2) 4-(15,8)
Target Locations:  0-(3,2) 1-(11,1) 2-(2,8) 3-(10,15) 4-(13,2) 5-(12,5)
Task Assignment: 3-4 2-3 1-1 0-2 4-5
Robot 3 finished At time 83
Time 85
Robots Locations 0-(2,11) 1-(11,1) 2-(10,15) 3-(13,2) 4-(15,8)
Target Locations:  0-(3,2) 1-(11,1) 2-(2,8) 3-(10,15) 4-(12,5) 5-(14,1)
Task Assignment: 2-3 1-1 3-5 0-2 4-4
Robot 2 finished At time 87
Time 89
Robots Locations 0-(2,10) 1-(11,1) 2-(10,15) 3-(13,3) 4-(15,7)
Target Locations:  0-(3,2) 1-(11,1) 2-(2,8) 3-(12,5) 4-(14,1) 5-(11,14)
Task Assignment: 1-1 2-5 0-2 3-4 4-3
Robot 1 finished At time 89
Time 92
Robots Locations 0-(2,10) 1-(11,1) 2-(10,15) 3-(13,3) 4-(15,7)
Target Locations:  0-(3,2) 1-(2,8) 2-(12,5) 3-(14,1) 4-(11,14) 5-(3,14)
Task Assignment: 2-4 0-1 3-3 4-2 1-0
Robot 2 finished At time 96
Time 98
Robots Locations 0-(2,8) 1-(10,1) 2-(11,14) 3-(14,1) 4-(13,6)
Target Locations:  0-(3,2) 1-(2,8) 2-(12,5) 3-(14,1) 4-(3,14) 5-(7,12)
Task Assignment: 0-1 3-3 4-2 2-5 1-0
Robot 3 finished At time 98
Time 100
Robots Locations 0-(2,8) 1-(9,1) 2-(11,14) 3-(14,1) 4-(13,6)
Target Locations:  0-(3,2) 1-(2,8) 2-(12,5) 3-(3,14) 4-(7,12) 5-(2,6)
Task Assignment: 0-1 4-2 2-4 1-0 3-5
Robot 0 finished At time 101
Time 103
Robots Locations 0-(2,8) 1-(9,1) 2-(11,14) 3-(14,1) 4-(13,5)
Target Locations:  0-(3,2) 1-(12,5) 2-(3,14) 3-(7,12) 4-(2,6) 5-(9,10)
Task Assignment: 4-1 0-4 2-5 1-0 3-3
Robot 4 finished At time 106
Time 108
Robots Locations 0-(2,6) 1-(7,1) 2-(10,12) 3-(13,1) 4-(12,5)
Target Locations:  0-(3,2) 1-(3,14) 2-(7,12) 3-(2,6) 4-(9,10) 5-(1,10)
Task Assignment: 0-3 2-4 1-0 4-2 3-5
Robot 0 finished At time 110
Time 112
Robots Locations 0-(2,6) 1-(6,1) 2-(10,11) 3-(12,2) 4-(11,5)
Target Locations:  0-(3,2) 1-(3,14) 2-(7,12) 3-(9,10) 4-(1,10) 5-(1,13)
Task Assignment: 2-3 1-0 0-4 4-2 3-1
Robot 2 finished At time 117
Time 119
Robots Locations 0-(1,7) 1-(4,2) 2-(9,10) 3-(11,4) 4-(10,8)
Target Locations:  0-(3,2) 1-(3,14) 2-(7,12) 3-(1,10) 4-(1,13) 5-(5,6)
Task Assignment: 1-0 2-2 0-3 4-5 3-1
Robot 1 finished At time 122
Time 124
Robots Locations 0-(1,9) 1-(3,2) 2-(8,11) 3-(9,6) 4-(8,7)
Target Locations:  0-(3,14) 1-(7,12) 2-(1,10) 3-(1,13) 4-(5,6) 5-(15,4)
Task Assignment: 0-2 2-1 4-4 3-5 1-3
Robot 0 finished At time 128
Time 130
Robots Locations 0-(1,10) 1-(2,4) 2-(7,12) 3-(11,6) 4-(6,6)
Target Locations:  0-(3,14) 1-(7,12) 2-(1,13) 3-(5,6) 4-(15,4) 5-(15,11)
Task Assignment: 2-1 4-3 0-2 3-4 1-0
Robot 2 finished At time 131
Time 133
Robots Locations 0-(1,10) 1-(3,4) 2-(7,12) 3-(11,6) 4-(6,6)
Target Locations:  0-(3,14) 1-(1,13) 2-(5,6) 3-(15,4) 4-(15,11) 5-(4,1)
Task Assignment: 4-2 0-1 1-5 3-3 2-0
Robot 4 finished At time 136
Time 138
Robots Locations 0-(1,12) 1-(3,4) 2-(6,13) 3-(12,5) 4-(5,6)
Target Locations:  0-(3,14) 1-(1,13) 2-(15,4) 3-(15,11) 4-(4,1) 5-(15,6)
Task Assignment: 0-1 3-5 1-4 2-0 4-2
Robot 0 finished At time 141
Time 143
Robots Locations 0-(1,13) 1-(4,2) 2-(4,13) 3-(14,6) 4-(6,5)
Target Locations:  0-(3,14) 1-(15,4) 2-(15,11) 3-(4,1) 4-(15,6) 5-(6,4)
Task Assignment: 4-5 3-4 1-3 2-0 0-2
Robot 3 finished At time 146
Time 148
Robots Locations 0-(3,13) 1-(4,1) 2-(3,14) 3-(15,6) 4-(6,4)
Target Locations:  0-(3,14) 1-(15,4) 2-(15,11) 3-(4,1) 4-(6,4) 5-(2,5)
Task Assignment: 4-4 2-0 1-3 3-1 0-5
Robot 2 finished At time 149
Time 151
Robots Locations 0-(3,13) 1-(4,1) 2-(3,14) 3-(15,6) 4-(6,4)
Target Locations:  0-(15,4) 1-(15,11) 2-(4,1) 3-(6,4) 4-(2,5) 5-(10,1)
Task Assignment: 4-3 1-2 3-0 0-4 2-1
Robot 1 finished At time 152
Time 154
Robots Locations 0-(3,13) 1-(4,1) 2-(3,14) 3-(15,6) 4-(6,4)
Target Locations:  0-(15,4) 1-(15,11) 2-(6,4) 3-(2,5) 4-(10,1) 5-(13,6)
Task Assignment: 4-2 3-5 1-3 0-1 2-4
Robot 4 finished At time 154
Time 156
Robots Locations 0-(3,13) 1-(4,1) 2-(3,14) 3-(15,6) 4-(6,4)
Target Locations:  0-(15,4) 1-(15,11) 2-(2,5) 3-(10,1) 4-(13,6) 5-(1,7)
Task Assignment: 3-4 4-2 1-3 0-5 2-1
Robot 3 finished At time 165
Time 167
Robots Locations 0-(1,10) 1-(8,1) 2-(6,14) 3-(13,6) 4-(2,5)
Target Locations:  0-(15,4) 1-(15,11) 2-(2,5) 3-(10,1) 4-(1,7) 5-(13,10)
Task Assignment: 4-2 1-3 3-0 0-4 2-5
Robot 4 finished At time 169
Time 171
Robots Locations 0-(1,9) 1-(9,1) 2-(7,13) 3-(12,5) 4-(2,5)
Target Locations:  0-(15,4) 1-(15,11) 2-(10,1) 3-(1,7) 4-(13,10) 5-(12,8)
Task Assignment: 1-2 0-3 3-5 2-4 4-0
Robot 1 finished At time 174
Time 176
Robots Locations 0-(1,7) 1-(10,1) 2-(9,12) 3-(13,6) 4-(3,6)
Target Locations:  0-(15,4) 1-(15,11) 2-(1,7) 3-(13,10) 4-(12,8) 5-(6,14)
Task Assignment: 0-2 3-4 2-5 1-0 4-3
Robot 0 finished At time 177
Time 179
Robots Locations 0-(1,7) 1-(10,1) 2-(9,12) 3-(13,7) 4-(3,6)
Target Locations:  0-(15,4) 1-(15,11) 2-(13,10) 3-(12,8) 4-(6,14) 5-(2,11)
Task Assignment: 3-3 2-4 0-5 1-0 4-2
Robot 3 finished At time 184
Time 186
Robots Locations 0-(2,8) 1-(13,3) 2-(7,13) 3-(12,8) 4-(5,7)
Target Locations:  0-(15,4) 1-(15,11) 2-(13,10) 3-(6,14) 4-(2,11) 5-(14,4)
Task Assignment: 2-3 1-5 3-2 0-4 4-0
Robot 1 finished At time 191
Time 193
Robots Locations 0-(2,11) 1-(14,4) 2-(6,14) 3-(13,10) 4-(8,6)
Target Locations:  0-(15,4) 1-(15,11) 2-(13,10) 3-(6,14) 4-(2,11) 5-(14,2)
Task Assignment: 3-2 0-4 2-3 1-0 4-5
Robot 2 finished At time 193
Time 195
Robots Locations 0-(2,11) 1-(14,4) 2-(6,14) 3-(13,10) 4-(8,6)
Target Locations:  0-(15,4) 1-(15,11) 2-(13,10) 3-(2,11) 4-(14,2) 5-(7,13)
Task Assignment: 0-3 3-2 1-0 2-5 4-4
Robot 3 finished At time 197
Time 199
Robots Locations 0-(2,11) 1-(15,4) 2-(5,14) 3-(13,10) 4-(9,6)
Target Locations:  0-(15,4) 1-(15,11) 2-(2,11) 3-(14,2) 4-(7,13) 5-(8,14)
Task Assignment: 0-2 1-0 3-1 2-4 4-3
Robot 0 finished At time 199
Time 201
Robots Locations 0-(2,11) 1-(15,4) 2-(5,14) 3-(13,10) 4-(9,6)
Target Locations:  0-(15,4) 1-(15,11) 2-(14,2) 3-(7,13) 4-(8,14)
Task Assignment: 1-0 3-1 2-3 4-2 0-4
Robot 1 finished At time 204
Robot 3 finished At time 207
Robot 2 finished At time 208
Robot 4 finished At time 213
Robot 0 finished At time 217
number of collisions is 48
/mmdr
Time 2
Robots Locations 0-(3,3) 1-(6,6) 2-(9,8) 3-(11,12) 4-(15,15)
Target Locations:  0-(8,7) 1-(4,8) 2-(13,3) 3-(9,1) 4-(10,11) 5-(12,11)
Task Assignment: 0-1 1-3 2-0 3-4 4-5
Robot 3 finished At time 7
Time 10
Robots Locations 0-(3,5) 1-(7,4) 2-(8,7) 3-(10,11) 4-(13,14)
Target Locations:  0-(8,7) 1-(4,8) 2-(13,3) 3-(9,1) 4-(12,11) 5-(13,4)
Task Assignment: 0-1 1-3 2-5 3-0 4-4
Robot 4 finished At time 17
Time 19
Robots Locations 0-(4,8) 1-(9,1) 2-(11,5) 3-(8,7) 4-(12,11)
Target Locations:  0-(8,7) 1-(4,8) 2-(13,3) 3-(9,1) 4-(13,4) 5-(11,8)
Task Assignment: 0-1 1-3 2-2 3-0 4-5
Robot 0 finished At time 21
Time 23
Robots Locations 0-(4,8) 1-(9,1) 2-(11,5) 3-(8,7) 4-(12,11)
Target Locations:  0-(8,7) 1-(13,3) 2-(9,1) 3-(13,4) 4-(11,8) 5-(4,11)
Task Assignment: 0-5 1-2 2-1 3-0 4-4
Robot 1 finished At time 23
Time 26
Robots Locations 0-(4,8) 1-(9,1) 2-(11,5) 3-(8,7) 4-(12,10)
Target Locations:  0-(8,7) 1-(13,3) 2-(13,4) 3-(11,8) 4-(4,11) 5-(6,12)
Task Assignment: 0-4 1-1 2-2 3-0 4-3
Robot 3 finished At time 28
Time 31
Robots Locations 0-(4,9) 1-(10,1) 2-(12,4) 3-(8,7) 4-(11,9)
Target Locations:  0-(13,3) 1-(13,4) 2-(11,8) 3-(4,11) 4-(6,12) 5-(15,1)
Task Assignment: 0-3 1-0 2-1 3-4 4-2
Robot 2 finished At time 34
Time 36
Robots Locations 0-(4,11) 1-(12,2) 2-(13,4) 3-(7,8) 4-(11,8)
Target Locations:  0-(13,3) 1-(11,8) 2-(4,11) 3-(6,12) 4-(15,1) 5-(14,8)
Task Assignment: 0-2 1-0 2-4 3-3 4-1
Robot 0 finished At time 38
Time 40
Robots Locations 0-(4,11) 1-(12,2) 2-(13,4) 3-(7,8) 4-(11,8)
Target Locations:  0-(13,3) 1-(11,8) 2-(6,12) 3-(15,1) 4-(14,8) 5-(13,1)
Task Assignment: 0-2 1-5 2-0 3-1 4-4
Robot 1 finished At time 46
Time 48
Robots Locations 0-(6,12) 1-(13,1) 2-(13,3) 3-(9,8) 4-(13,8)
Target Locations:  0-(13,3) 1-(11,8) 2-(6,12) 3-(15,1) 4-(14,8) 5-(3,2)
Task Assignment: 0-2 1-3 2-0 3-1 4-4
Robot 0 finished At time 49
Time 51
Robots Locations 0-(6,12) 1-(13,1) 2-(13,3) 3-(10,8) 4-(14,8)
Target Locations:  0-(13,3) 1-(11,8) 2-(15,1) 3-(14,8) 4-(3,2) 5-(8,13)
Task Assignment: 0-5 1-2 2-0 3-1 4-3
Robot 2 finished At time 52
Time 55
Robots Locations 0-(6,12) 1-(13,1) 2-(13,3) 3-(10,8) 4-(14,8)
Target Locations:  0-(11,8) 1-(15,1) 2-(14,8) 3-(3,2) 4-(8,13) 5-(2,14)
Task Assignment: 0-5 1-1 2-0 3-4 4-2
Robot 4 finished At time 57
Time 59
Robots Locations 0-(6,13) 1-(14,1) 2-(13,4) 3-(10,9) 4-(14,8)
Target Locations:  0-(11,8) 1-(15,1) 2-(3,2) 3-(8,13) 4-(2,14) 5-(13,7)
Task Assignment: 0-4 1-1 2-5 3-3 4-0
Robot 1 finished At time 62
Time 64
Robots Locations 0-(5,13) 1-(15,1) 2-(13,5) 3-(10,10) 4-(14,9)
Target Locations:  0-(11,8) 1-(3,2) 2-(8,13) 3-(2,14) 4-(13,7) 5-(13,8)
Task Assignment: 0-3 1-4 2-0 3-2 4-5
Robot 4 finished At time 68
Time 71
Robots Locations 0-(3,14) 1-(15,3) 2-(12,7) 3-(9,12) 4-(13,8)
Target Locations:  0-(11,8) 1-(3,2) 2-(8,13) 3-(2,14) 4-(13,7) 5-(11,1)
Task Assignment: 0-3 1-5 2-0 3-2 4-4
Robot 0 finished At time 74
Time 76
Robots Locations 0-(2,14) 1-(13,3) 2-(11,8) 3-(8,13) 4-(13,7)
Target Locations:  0-(11,8) 1-(3,2) 2-(8,13) 3-(13,7) 4-(11,1) 5-(2,8)
Task Assignment: 0-5 1-4 2-0 3-2 4-3
Robot 4 finished At time 77
Time 80
Robots Locations 0-(2,14) 1-(13,2) 2-(11,8) 3-(8,13) 4-(13,7)
Target Locations:  0-(11,8) 1-(3,2) 2-(8,13) 3-(11,1) 4-(2,8) 5-(10,15)
Task Assignment: 0-4 1-3 2-2 3-5 4-0
Robot 1 finished At time 85
Time 88
Robots Locations 0-(2,11) 1-(11,1) 2-(9,11) 3-(10,15) 4-(11,8)
Target Locations:  0-(11,8) 1-(3,2) 2-(8,13) 3-(2,8) 4-(10,15) 5-(13,2)
Task Assignment: 0-3 1-5 2-2 3-4 4-0
Robot 4 finished At time 89
Time 91
Robots Locations 0-(2,10) 1-(11,0) 2-(9,11) 3-(10,15) 4-(11,8)
Target Locations:  0-(3,2) 1-(8,13) 2-(2,8) 3-(10,15) 4-(13,2) 5-(15,8)
Task Assignment: 0-2 1-4 2-1 3-3 4-5
Robot 3 finished At time 92
Time 94
Robots Locations 0-(2,10) 1-(11,0) 2-(9,12) 3-(10,15) 4-(11,8)
Target Locations:  0-(3,2) 1-(8,13) 2-(2,8) 3-(13,2) 4-(15,8) 5-(12,5)
Task Assignment: 0-2 1-3 2-4 3-1 4-5
Robot 0 finished At time 98
Time 101
Robots Locations 0-(2,8) 1-(13,2) 2-(10,11) 3-(10,14) 4-(11,7)
Target Locations:  0-(3,2) 1-(8,13) 2-(13,2) 3-(15,8) 4-(12,5) 5-(14,1)
Task Assignment: 0-0 1-2 2-3 3-1 4-4
Robot 1 finished At time 103
Time 105
Robots Locations 0-(2,7) 1-(13,2) 2-(12,11) 3-(8,13) 4-(11,6)
Target Locations:  0-(3,2) 1-(8,13) 2-(15,8) 3-(12,5) 4-(14,1) 5-(11,14)
Task Assignment: 0-0 1-4 2-5 3-1 4-3
Robot 3 finished At time 108
Time 111
Robots Locations 0-(2,5) 1-(14,1) 2-(12,11) 3-(8,13) 4-(12,5)
Target Locations:  0-(3,2) 1-(15,8) 2-(12,5) 3-(14,1) 4-(11,14) 5-(3,14)
Task Assignment: 0-0 1-3 2-1 3-4 4-2
Robot 4 finished At time 112
Time 114
Robots Locations 0-(3,4) 1-(14,1) 2-(12,12) 3-(8,13) 4-(12,5)
Target Locations:  0-(3,2) 1-(15,8) 2-(14,1) 3-(11,14) 4-(3,14) 5-(7,12)
Task Assignment: 0-0 1-2 2-3 3-5 4-1
Robot 1 finished At time 116
Time 118
Robots Locations 0-(3,4) 1-(14,1) 2-(12,13) 3-(7,12) 4-(13,5)
Target Locations:  0-(3,2) 1-(15,8) 2-(11,14) 3-(3,14) 4-(7,12) 5-(2,6)
Task Assignment: 0-0 1-1 2-2 3-3 4-4
Robot 0 finished At time 123
Time 125
Robots Locations 0-(3,2) 1-(15,3) 2-(11,14) 3-(5,13) 4-(11,7)
Target Locations:  0-(15,8) 1-(11,14) 2-(3,14) 3-(7,12) 4-(2,6) 5-(9,10)
Task Assignment: 0-4 1-0 2-1 3-2 4-5
Robot 2 finished At time 126
Time 128
Robots Locations 0-(3,2) 1-(15,3) 2-(11,14) 3-(5,13) 4-(11,7)
Target Locations:  0-(15,8) 1-(3,14) 2-(7,12) 3-(2,6) 4-(9,10) 5-(1,10)
Task Assignment: 0-3 1-0 2-2 3-1 4-4
Robot 3 finished At time 133
Time 136
Robots Locations 0-(2,4) 1-(15,6) 2-(9,13) 3-(3,14) 4-(9,9)
Target Locations:  0-(15,8) 1-(7,12) 2-(2,6) 3-(9,10) 4-(1,10) 5-(1,13)
Task Assignment: 0-2 1-0 2-1 3-5 4-3
Robot 4 finished At time 139
Time 142
Robots Locations 0-(2,5) 1-(15,8) 2-(7,12) 3-(1,13) 4-(9,10)
Target Locations:  0-(15,8) 1-(7,12) 2-(2,6) 3-(1,10) 4-(1,13) 5-(5,6)
Task Assignment: 0-2 1-0 2-1 3-4 4-5
Robot 2 finished At time 144
Time 146
Robots Locations 0-(2,6) 1-(15,8) 2-(7,12) 3-(1,13) 4-(8,10)
Target Locations:  0-(15,8) 1-(2,6) 2-(1,10) 3-(1,13) 4-(5,6) 5-(15,4)
Task Assignment: 0-1 1-0 2-2 3-3 4-4
Robot 1 finished At time 147
Time 149
Robots Locations 0-(2,6) 1-(15,8) 2-(7,12) 3-(1,13) 4-(8,10)
Target Locations:  0-(2,6) 1-(1,10) 2-(1,13) 3-(5,6) 4-(15,4) 5-(15,11)
Task Assignment: 0-0 1-5 2-1 3-2 4-3
Robot 3 finished At time 150
Time 152
Robots Locations 0-(2,6) 1-(15,8) 2-(7,12) 3-(1,13) 4-(8,10)
Target Locations:  0-(2,6) 1-(1,10) 2-(5,6) 3-(15,4) 4-(15,11) 5-(4,1)
Task Assignment: 0-5 1-4 2-0 3-1 4-2
Robot 1 finished At time 158
Time 161
Robots Locations 0-(3,4) 1-(15,11) 2-(4,9) 3-(1,10) 4-(6,7)
Target Locations:  0-(2,6) 1-(1,10) 2-(5,6) 3-(15,4) 4-(4,1) 5-(15,6)
Task Assignment: 0-4 1-5 2-0 3-1 4-2
Robot 3 finished At time 161
Time 164
Robots Locations 0-(3,4) 1-(15,11) 2-(4,9) 3-(1,10) 4-(5,7)
Target Locations:  0-(2,6) 1-(5,6) 2-(15,4) 3-(4,1) 4-(15,6) 5-(6,4)
Task Assignment: 0-3 1-4 2-1 3-0 4-5
Robot 0 finished At time 170
Time 173
Robots Locations 0-(4,1) 1-(15,9) 2-(5,6) 3-(2,7) 4-(6,4)
Target Locations:  0-(2,6) 1-(5,6) 2-(15,4) 3-(15,6) 4-(6,4) 5-(2,5)
Task Assignment: 0-4 1-3 2-5 3-0 4-1
Robot 3 finished At time 176
Time 178
Robots Locations 0-(5,1) 1-(15,7) 2-(4,5) 3-(2,6) 4-(5,4)
Target Locations:  0-(5,6) 1-(15,4) 2-(15,6) 3-(6,4) 4-(2,5) 5-(10,1)
Task Assignment: 0-5 1-2 2-0 3-4 4-3
Robot 1 finished At time 182
Time 184
Robots Locations 0-(7,1) 1-(15,6) 2-(4,6) 3-(2,5) 4-(6,4)
Target Locations:  0-(5,6) 1-(15,4) 2-(6,4) 3-(2,5) 4-(10,1) 5-(13,6)
Task Assignment: 0-4 1-1 2-0 3-3 4-2
Robot 3 finished At time 185
Time 187
Robots Locations 0-(7,1) 1-(15,6) 2-(4,6) 3-(2,5) 4-(6,4)
Target Locations:  0-(5,6) 1-(15,4) 2-(6,4) 3-(10,1) 4-(13,6) 5-(1,7)
Task Assignment: 0-3 1-1 2-0 3-5 4-2
Robot 4 finished At time 188
Time 190
Robots Locations 0-(7,1) 1-(15,6) 2-(5,6) 3-(2,5) 4-(6,4)
Target Locations:  0-(5,6) 1-(15,4) 2-(10,1) 3-(13,6) 4-(1,7) 5-(13,10)
Task Assignment: 0-2 1-1 2-0 3-4 4-3
Robot 2 finished At time 193
Time 195
Robots Locations 0-(9,1) 1-(15,4) 2-(5,6) 3-(1,5) 4-(7,4)
Target Locations:  0-(15,4) 1-(10,1) 2-(13,6) 3-(1,7) 4-(13,10) 5-(12,8)
Task Assignment: 0-1 1-0 2-5 3-3 4-2
Robot 1 finished At time 198
Time 200
Robots Locations 0-(10,1) 1-(15,4) 2-(6,6) 3-(1,6) 4-(8,4)
Target Locations:  0-(10,1) 1-(13,6) 2-(1,7) 3-(13,10) 4-(12,8) 5-(6,14)
Task Assignment: 0-0 1-3 2-4 3-2 4-1
Robot 0 finished At time 202
Time 205
Robots Locations 0-(10,1) 1-(14,4) 2-(7,7) 3-(1,7) 4-(10,5)
Target Locations:  0-(13,6) 1-(1,7) 2-(13,10) 3-(12,8) 4-(6,14) 5-(2,11)
Task Assignment: 0-0 1-3 2-5 3-1 4-2
Robot 3 finished At time 205
Time 207
Robots Locations 0-(10,1) 1-(14,4) 2-(7,7) 3-(1,7) 4-(10,5)
Target Locations:  0-(13,6) 1-(13,10) 2-(12,8) 3-(6,14) 4-(2,11) 5-(14,4)
Task Assignment: 0-0 1-5 2-2 3-4 4-1
Robot 1 finished At time 209
Time 212
Robots Locations 0-(11,2) 1-(14,4) 2-(8,7) 3-(1,8) 4-(10,6)
Target Locations:  0-(13,6) 1-(13,10) 2-(12,8) 3-(6,14) 4-(2,11) 5-(14,2)
Task Assignment: 0-5 1-0 2-1 3-4 4-2
Robot 1 finished At time 218
Time 220
Robots Locations 0-(14,2) 1-(13,6) 2-(11,9) 3-(2,11) 4-(12,8)
Target Locations:  0-(13,10) 1-(12,8) 2-(6,14) 3-(2,11) 4-(14,2) 5-(7,13)
Task Assignment: 0-4 1-1 2-5 3-3 4-0
Robot 3 finished At time 222
Time 224
Robots Locations 0-(14,2) 1-(13,7) 2-(11,10) 3-(2,11) 4-(12,9)
Target Locations:  0-(13,10) 1-(12,8) 2-(6,14) 3-(14,2) 4-(7,13) 5-(8,14)
Task Assignment: 0-3 1-1 2-4 3-2 4-0
Robot 0 finished At time 224
Time 227
Robots Locations 0-(14,2) 1-(13,7) 2-(11,10) 3-(2,11) 4-(12,9)
Target Locations:  0-(13,10) 1-(12,8) 2-(6,14) 3-(7,13) 4-(8,14)
Task Assignment: 0-1 1-0 2-3 3-2 4-4
Robot 1 finished At time 234
Robot 3 finished At time 238
Robot 2 finished At time 238
Robot 0 finished At time 240
Robot 4 finished At time 241
number of collisions is 8
/mmd_msd2
Time 3
Robots Locations 0-(3,3) 1-(6,6) 2-(9,9) 3-(12,12) 4-(15,15)
Target Locations:  0-(8,7) 1-(4,8) 2-(13,3) 3-(9,1) 4-(10,11) 5-(12,11)
Task Assignment: 0-1 1-3 2-0 3-4 4-5
Robot 2 finished At time 8
Time 10
Robots Locations 0-(3,6) 1-(7,3) 2-(8,7) 3-(10,11) 4-(14,13)
Target Locations:  0-(4,8) 1-(13,3) 2-(9,1) 3-(10,11) 4-(12,11) 5-(13,4)
Task Assignment: 0-0 1-2 2-5 3-3 4-4
Robot 3 finished At time 13
Time 15
Robots Locations 0-(4,7) 1-(8,3) 2-(8,6) 3-(10,11) 4-(13,12)
Target Locations:  0-(4,8) 1-(13,3) 2-(9,1) 3-(12,11) 4-(13,4) 5-(11,8)
Task Assignment: 0-0 1-2 2-1 3-5 4-3
Robot 0 finished At time 19
Time 21
Robots Locations 0-(4,8) 1-(9,1) 2-(10,5) 3-(10,9) 4-(12,11)
Target Locations:  0-(13,3) 1-(9,1) 2-(12,11) 3-(13,4) 4-(11,8) 5-(4,11)
Task Assignment: 0-5 1-1 2-0 3-4 4-2
Robot 1 finished At time 22
Time 24
Robots Locations 0-(4,8) 1-(9,1) 2-(11,5) 3-(10,9) 4-(12,11)
Target Locations:  0-(13,3) 1-(12,11) 2-(13,4) 3-(11,8) 4-(4,11) 5-(6,12)
Task Assignment: 0-4 1-0 2-2 3-3 4-1
Robot 4 finished At time 24
Time 26
Robots Locations 0-(4,9) 1-(9,1) 2-(11,5) 3-(11,9) 4-(12,11)
Target Locations:  0-(13,3) 1-(13,4) 2-(11,8) 3-(4,11) 4-(6,12) 5-(15,1)
Task Assignment: 0-3 1-0 2-1 3-4 4-2
Robot 0 finished At time 32
Time 34
Robots Locations 0-(4,11) 1-(12,2) 2-(13,4) 3-(9,10) 4-(11,8)
Target Locations:  0-(13,3) 1-(13,4) 2-(11,8) 3-(6,12) 4-(15,1) 5-(14,8)
Task Assignment: 0-3 1-0 2-1 3-2 4-5
Robot 2 finished At time 34
Time 36
Robots Locations 0-(4,11) 1-(12,2) 2-(13,4) 3-(8,10) 4-(11,8)
Target Locations:  0-(13,3) 1-(11,8) 2-(6,12) 3-(15,1) 4-(14,8) 5-(13,1)
Task Assignment: 0-2 1-5 2-0 3-1 4-4
Robot 2 finished At time 40
Time 42
Robots Locations 0-(6,12) 1-(13,1) 2-(13,3) 3-(10,9) 4-(13,8)
Target Locations:  0-(11,8) 1-(6,12) 2-(15,1) 3-(14,8) 4-(13,1) 5-(3,2)
Task Assignment: 0-1 1-4 2-2 3-0 4-3
Robot 1 finished At time 44
Time 46
Robots Locations 0-(6,12) 1-(13,1) 2-(13,2) 3-(10,9) 4-(14,8)
Target Locations:  0-(11,8) 1-(6,12) 2-(15,1) 3-(14,8) 4-(3,2) 5-(8,13)
Task Assignment: 0-1 1-2 2-0 3-5 4-3
Robot 0 finished At time 46
Time 48
Robots Locations 0-(6,12) 1-(13,1) 2-(13,2) 3-(10,9) 4-(14,8)
Target Locations:  0-(11,8) 1-(15,1) 2-(14,8) 3-(3,2) 4-(8,13) 5-(2,14)
Task Assignment: 0-5 1-1 2-0 3-4 4-2
Robot 4 finished At time 51
Time 53
Robots Locations 0-(6,13) 1-(14,1) 2-(14,3) 3-(11,9) 4-(14,8)
Target Locations:  0-(11,8) 1-(15,1) 2-(3,2) 3-(8,13) 4-(2,14) 5-(13,7)
Task Assignment: 0-4 1-1 2-5 3-3 4-0
Robot 1 finished At time 56
Time 58
Robots Locations 0-(4,13) 1-(15,1) 2-(13,4) 3-(10,11) 4-(14,9)
Target Locations:  0-(11,8) 1-(3,2) 2-(8,13) 3-(2,14) 4-(13,7) 5-(13,8)
Task Assignment: 0-3 1-4 2-0 3-2 4-5
Robot 4 finished At time 63
Time 65
Robots Locations 0-(2,14) 1-(15,3) 2-(12,6) 3-(9,12) 4-(13,8)
Target Locations:  0-(11,8) 1-(3,2) 2-(8,13) 3-(2,14) 4-(13,7) 5-(11,1)
Task Assignment: 0-3 1-5 2-4 3-2 4-0
Robot 0 finished At time 66
Time 68
Robots Locations 0-(2,14) 1-(14,3) 2-(12,7) 3-(8,13) 4-(12,8)
Target Locations:  0-(11,8) 1-(3,2) 2-(8,13) 3-(13,7) 4-(11,1) 5-(2,8)
Task Assignment: 0-5 1-4 2-0 3-2 4-3
Robot 3 finished At time 71
Time 73
Robots Locations 0-(1,13) 1-(13,3) 2-(12,7) 3-(8,13) 4-(12,8)
Target Locations:  0-(11,8) 1-(3,2) 2-(13,7) 3-(11,1) 4-(2,8) 5-(10,15)
Task Assignment: 0-4 1-3 2-0 3-5 4-2
Robot 2 finished At time 78
Time 79
Robots Locations 0-(2,11) 1-(11,1) 2-(11,8) 3-(10,15) 4-(13,7)
Target Locations:  0-(3,2) 1-(13,7) 2-(11,1) 3-(2,8) 4-(10,15) 5-(13,2)
Task Assignment: 0-3 1-2 2-1 3-4 4-5
Robot 1 finished At time 81
Time 83
Robots Locations 0-(2,10) 1-(11,1) 2-(11,9) 3-(10,15) 4-(13,6)
Target Locations:  0-(3,2) 1-(13,7) 2-(2,8) 3-(10,15) 4-(13,2) 5-(15,8)
Task Assignment: 0-2 1-4 2-1 3-3 4-5
Robot 3 finished At time 84
Time 86
Robots Locations 0-(2,9) 1-(11,0) 2-(12,8) 3-(10,15) 4-(14,6)
Target Locations:  0-(3,2) 1-(13,7) 2-(2,8) 3-(13,2) 4-(15,8) 5-(12,5)
Task Assignment: 0-2 1-3 2-1 3-4 4-5
Robot 0 finished At time 90
Time 92
Robots Locations 0-(2,8) 1-(12,1) 2-(13,7) 3-(11,14) 4-(13,5)
Target Locations:  0-(3,2) 1-(13,7) 2-(13,2) 3-(15,8) 4-(12,5) 5-(14,1)
Task Assignment: 0-0 1-2 2-1 3-3 4-4
Robot 2 finished At time 93
Time 95
Robots Locations 0-(2,7) 1-(13,2) 2-(13,7) 3-(12,13) 4-(12,5)
Target Locations:  0-(3,2) 1-(13,2) 2-(15,8) 3-(12,5) 4-(14,1) 5-(11,14)
Task Assignment: 0-0 1-1 2-2 3-5 4-3
Robot 1 finished At time 98
Time 100
Robots Locations 0-(2,6) 1-(13,2) 2-(14,7) 3-(11,13) 4-(12,5)
Target Locations:  0-(3,2) 1-(15,8) 2-(12,5) 3-(14,1) 4-(11,14) 5-(3,14)
Task Assignment: 0-0 1-3 2-1 3-4 4-2
Robot 4 finished At time 100
Time 102
Robots Locations 0-(2,6) 1-(13,2) 2-(14,7) 3-(11,13) 4-(12,5)
Target Locations:  0-(3,2) 1-(15,8) 2-(14,1) 3-(11,14) 4-(3,14) 5-(7,12)
Task Assignment: 0-0 1-2 2-3 3-5 4-1
Robot 1 finished At time 107
Time 110
Robots Locations 0-(3,3) 1-(14,1) 2-(13,10) 3-(9,13) 4-(13,7)
Target Locations:  0-(3,2) 1-(15,8) 2-(11,14) 3-(3,14) 4-(7,12) 5-(2,6)
Task Assignment: 0-0 1-1 2-2 3-3 4-4
Robot 0 finished At time 113
Time 115
Robots Locations 0-(3,2) 1-(15,1) 2-(13,11) 3-(7,13) 4-(12,8)
Target Locations:  0-(15,8) 1-(11,14) 2-(3,14) 3-(7,12) 4-(2,6) 5-(9,10)
Task Assignment: 0-4 1-0 2-1 3-3 4-5
Robot 3 finished At time 120
Time 122
Robots Locations 0-(2,3) 1-(15,4) 2-(11,14) 3-(7,12) 4-(10,9)
Target Locations:  0-(15,8) 1-(11,14) 2-(3,14) 3-(2,6) 4-(9,10) 5-(1,10)
Task Assignment: 0-3 1-0 2-1 3-2 4-4
Robot 2 finished At time 124
Time 127
Robots Locations 0-(2,5) 1-(15,6) 2-(11,14) 3-(7,13) 4-(9,10)
Target Locations:  0-(15,8) 1-(3,14) 2-(2,6) 3-(9,10) 4-(1,10) 5-(1,13)
Task Assignment: 0-2 1-0 2-3 3-4 4-1
Robot 0 finished At time 131
Time 133
Robots Locations 0-(2,6) 1-(15,8) 2-(10,13) 3-(5,12) 4-(7,11)
Target Locations:  0-(15,8) 1-(3,14) 2-(9,10) 3-(1,10) 4-(1,13) 5-(5,6)
Task Assignment: 0-3 1-0 2-2 3-1 4-5
Robot 1 finished At time 135
Time 137
Robots Locations 0-(2,7) 1-(15,8) 2-(10,12) 3-(4,13) 4-(7,11)
Target Locations:  0-(3,14) 1-(9,10) 2-(1,10) 3-(1,13) 4-(5,6) 5-(15,4)
Task Assignment: 0-2 1-5 2-1 3-0 4-4
Robot 3 finished At time 143
Time 145
Robots Locations 0-(1,10) 1-(16,6) 2-(9,10) 3-(3,14) 4-(6,8)
Target Locations:  0-(9,10) 1-(1,10) 2-(1,13) 3-(5,6) 4-(15,4) 5-(15,11)
Task Assignment: 0-1 1-4 2-0 3-2 4-3
Robot 2 finished At time 145
Time 147
Robots Locations 0-(1,10) 1-(15,6) 2-(9,10) 3-(3,14) 4-(6,8)
Target Locations:  0-(1,10) 1-(1,13) 2-(5,6) 3-(15,4) 4-(15,11) 5-(4,1)
Task Assignment: 0-0 1-3 2-4 3-1 4-2
Robot 0 finished At time 148
Time 151
Robots Locations 0-(1,10) 1-(15,6) 2-(9,9) 3-(2,14) 4-(5,7)
Target Locations:  0-(1,13) 1-(5,6) 2-(15,4) 3-(15,11) 4-(4,1) 5-(15,6)
Task Assignment: 0-1 1-5 2-3 3-0 4-4
Robot 3 finished At time 155
Time 157
Robots Locations 0-(3,9) 1-(15,6) 2-(12,10) 3-(1,13) 4-(5,5)
Target Locations:  0-(5,6) 1-(15,4) 2-(15,11) 3-(4,1) 4-(15,6) 5-(6,4)
Task Assignment: 0-5 1-4 2-2 3-0 4-3
Robot 1 finished At time 158
Time 160
Robots Locations 0-(3,9) 1-(15,6) 2-(12,10) 3-(1,13) 4-(5,4)
Target Locations:  0-(5,6) 1-(15,4) 2-(15,11) 3-(4,1) 4-(6,4) 5-(2,5)
Task Assignment: 0-0 1-1 2-2 3-5 4-4
Robot 4 finished At time 166
Time 168
Robots Locations 0-(5,6) 1-(15,4) 2-(15,11) 3-(1,9) 4-(6,4)
Target Locations:  0-(5,6) 1-(15,4) 2-(15,11) 3-(4,1) 4-(2,5) 5-(10,1)
Task Assignment: 0-0 1-1 2-2 3-4 4-3
Robot 1 finished At time 168
Time 170
Robots Locations 0-(5,6) 1-(15,4) 2-(15,11) 3-(1,9) 4-(6,4)
Target Locations:  0-(5,6) 1-(15,11) 2-(4,1) 3-(2,5) 4-(10,1) 5-(13,6)
Task Assignment: 0-0 1-5 2-1 3-3 4-2
Robot 2 finished At time 171
Time 173
Robots Locations 0-(5,6) 1-(15,4) 2-(15,11) 3-(1,9) 4-(7,4)
Target Locations:  0-(5,6) 1-(4,1) 2-(2,5) 3-(10,1) 4-(13,6) 5-(1,7)
Task Assignment: 0-2 1-3 2-4 3-5 4-0
Robot 3 finished At time 178
Time 180
Robots Locations 0-(3,5) 1-(12,2) 2-(15,9) 3-(1,7) 4-(6,5)
Target Locations:  0-(5,6) 1-(4,1) 2-(2,5) 3-(10,1) 4-(13,6) 5-(13,10)
Task Assignment: 0-1 1-3 2-5 3-2 4-0
Robot 4 finished At time 185
Time 187
Robots Locations 0-(3,3) 1-(10,1) 2-(13,10) 3-(2,5) 4-(5,6)
Target Locations:  0-(4,1) 1-(2,5) 2-(10,1) 3-(13,6) 4-(13,10) 5-(12,8)
Task Assignment: 0-0 1-2 2-4 3-1 4-5
Robot 2 finished At time 188
Time 190
Robots Locations 0-(4,2) 1-(10,1) 2-(13,10) 3-(2,5) 4-(5,7)
Target Locations:  0-(4,1) 1-(2,5) 2-(10,1) 3-(13,6) 4-(12,8) 5-(6,14)
Task Assignment: 0-2 1-3 2-4 3-0 4-1
Robot 2 finished At time 198
Time 200
Robots Locations 0-(7,1) 1-(11,4) 2-(12,8) 3-(4,1) 4-(2,5)
Target Locations:  0-(4,1) 1-(2,5) 2-(10,1) 3-(13,6) 4-(6,14) 5-(2,11)
Task Assignment: 0-0 1-2 2-3 3-1 4-5
Robot 2 finished At time 206
Time 207
Robots Locations 0-(6,1) 1-(11,2) 2-(13,6) 3-(3,3) 4-(2,8)
Target Locations:  0-(4,1) 1-(2,5) 2-(10,1) 3-(6,14) 4-(2,11) 5-(14,4)
Task Assignment: 0-0 1-2 2-5 3-1 4-4
Robot 1 finished At time 211
Time 213
Robots Locations 0-(4,1) 1-(10,1) 2-(14,4) 3-(2,5) 4-(2,10)
Target Locations:  0-(4,1) 1-(2,5) 2-(6,14) 3-(2,11) 4-(14,4) 5-(14,2)
Task Assignment: 0-0 1-5 2-4 3-1 4-3
Robot 0 finished At time 214
Time 216
Robots Locations 0-(4,1) 1-(10,1) 2-(14,4) 3-(2,5) 4-(2,11)
Target Locations:  0-(2,5) 1-(6,14) 2-(2,11) 3-(14,4) 4-(14,2) 5-(7,13)
Task Assignment: 0-0 1-4 2-3 3-2 4-1
Robot 2 finished At time 217
Time 219
Robots Locations 0-(4,1) 1-(10,0) 2-(14,4) 3-(2,6) 4-(2,11)
Target Locations:  0-(2,5) 1-(6,14) 2-(2,11) 3-(14,2) 4-(7,13) 5-(8,14)
Task Assignment: 0-2 1-0 2-3 3-1 4-4
Robot 2 finished At time 225
Time 227
Robots Locations 0-(3,5) 1-(9,2) 2-(14,2) 3-(3,8) 4-(5,12)
Target Locations:  0-(2,5) 1-(6,14) 2-(2,11) 3-(7,13) 4-(8,14)
Task Assignment: 0-2 1-3 2-0 3-1 4-4
Robot 4 finished At time 235
Robot 3 finished At time 240
Robot 0 finished At time 240
Robot 1 finished At time 247
Robot 2 finished At time 250
number of collisions is 32
