Goals: (7,8) (15,13) (13,5) (8,6) (1,3) (15,12) (11,5) (2,2) (6,11) (14,15) (10,9) (9,8) (2,3) (2,13) (4,5) (4,9) (6,10) (13,13) (1,2) (13,12) (14,14) (5,10) (3,12) (11,14) (8,3) (8,9) (4,4) (2,1) (6,6) (1,11) (2,6) (1,15) (3,6) (13,14) (2,4) (13,4) (14,2) (5,6) (5,2) (10,10) (7,13) (3,15) (12,6) (8,4) (1,13) (15,1) (11,11) (6,7) (10,5) (1,8)
/MURDOCH
Time 2
Robots Locations 0-(3,3) 1-(6,6) 2-(9,9) 3-(12,12) 4-(15,15)
Target Locations:  0-(1,8) 1-(10,5) 2-(6,7) 3-(11,11) 4-(15,1) 5-(1,13)
Task Assignment: 1-1 2-2 3-0 0-3 4-4
Robot 1 finished At time 11
Time 13
Robots Locations 0-(7,6) 1-(10,5) 2-(6,7) 3-(8,10) 4-(15,10)
Target Locations:  0-(1,8) 1-(6,7) 2-(11,11) 3-(15,1) 4-(1,13) 5-(8,4)
Task Assignment: 2-1 3-0 0-2 4-3 1-5
Robot 2 finished At time 14
Time 16
Robots Locations 0-(7,7) 1-(10,4) 2-(6,7) 3-(7,10) 4-(15,9)
Target Locations:  0-(1,8) 1-(11,11) 2-(15,1) 3-(1,13) 4-(8,4) 5-(12,6)
Task Assignment: 3-0 0-1 4-2 1-4 2-5
Robot 1 finished At time 23
Time 25
Robots Locations 0-(9,9) 1-(8,4) 2-(8,6) 3-(4,9) 4-(15,6)
Target Locations:  0-(1,8) 1-(11,11) 2-(15,1) 3-(1,13) 4-(12,6) 5-(3,15)
Task Assignment: 3-0 0-1 4-2 2-4 1-3
Robot 0 finished At time 30
Time 32
Robots Locations 0-(11,11) 1-(6,6) 2-(11,6) 3-(1,8) 4-(15,3)
Target Locations:  0-(1,8) 1-(15,1) 2-(1,13) 3-(12,6) 4-(3,15) 5-(7,13)
Task Assignment: 3-0 4-1 2-3 1-2 0-5
Robot 3 finished At time 34
Time 36
Robots Locations 0-(11,12) 1-(6,7) 2-(12,6) 3-(1,8) 4-(15,2)
Target Locations:  0-(15,1) 1-(1,13) 2-(12,6) 3-(3,15) 4-(7,13) 5-(10,10)
Task Assignment: 4-0 2-2 1-1 0-4 3-3
Robot 2 finished At time 37
Time 39
Robots Locations 0-(10,12) 1-(5,8) 2-(12,6) 3-(0,8) 4-(15,1)
Target Locations:  0-(15,1) 1-(1,13) 2-(3,15) 3-(7,13) 4-(10,10) 5-(5,2)
Task Assignment: 4-0 1-1 0-3 3-2 2-4
Robot 4 finished At time 41
Time 43
Robots Locations 0-(9,12) 1-(4,8) 2-(12,7) 3-(1,9) 4-(15,1)
Target Locations:  0-(1,13) 1-(3,15) 2-(7,13) 3-(10,10) 4-(5,2) 5-(5,6)
Task Assignment: 1-0 0-2 3-1 2-3 4-4
Robot 0 finished At time 49
Time 51
Robots Locations 0-(7,13) 1-(3,11) 2-(10,9) 3-(2,12) 4-(12,1)
Target Locations:  0-(1,13) 1-(3,15) 2-(10,10) 3-(5,2) 4-(5,6) 5-(14,2)
Task Assignment: 1-0 3-1 2-2 4-3 0-4
Robot 2 finished At time 55
Time 57
Robots Locations 0-(6,12) 1-(1,13) 2-(10,10) 3-(3,14) 4-(10,1)
Target Locations:  0-(1,13) 1-(3,15) 2-(5,2) 3-(5,6) 4-(14,2) 5-(13,4)
Task Assignment: 1-0 3-1 4-2 0-3 2-5
Robot 1 finished At time 60
Time 61
Robots Locations 0-(6,10) 1-(1,13) 2-(9,9) 3-(3,15) 4-(9,1)
Target Locations:  0-(3,15) 1-(5,2) 2-(5,6) 3-(14,2) 4-(13,4) 5-(2,4)
Task Assignment: 3-0 4-1 0-2 2-4 1-5
Robot 3 finished At time 63
Time 65
Robots Locations 0-(6,9) 1-(0,13) 2-(10,9) 3-(3,15) 4-(8,2)
Target Locations:  0-(5,2) 1-(5,6) 2-(14,2) 3-(13,4) 4-(2,4) 5-(13,14)
Task Assignment: 4-0 0-1 2-3 1-4 3-5
Robot 4 finished At time 72
Time 74
Robots Locations 0-(5,6) 1-(1,9) 2-(12,5) 3-(7,15) 4-(5,2)
Target Locations:  0-(5,6) 1-(14,2) 2-(13,4) 3-(2,4) 4-(13,14) 5-(3,6)
Task Assignment: 0-0 2-2 1-3 3-4 4-5
Robot 0 finished At time 75
Time 77
Robots Locations 0-(5,6) 1-(1,9) 2-(12,5) 3-(7,15) 4-(5,2)
Target Locations:  0-(14,2) 1-(13,4) 2-(2,4) 3-(13,14) 4-(3,6) 5-(1,15)
Task Assignment: 2-1 1-2 3-3 4-4 0-0
Robot 2 finished At time 82
Time 84
Robots Locations 0-(7,5) 1-(2,6) 2-(13,4) 3-(10,14) 4-(4,4)
Target Locations:  0-(14,2) 1-(2,4) 2-(13,14) 3-(3,6) 4-(1,15) 5-(2,6)
Task Assignment: 1-1 3-2 4-3 0-0 2-5
Robot 4 finished At time 89
Time 91
Robots Locations 0-(10,4) 1-(2,4) 2-(11,4) 3-(13,14) 4-(3,6)
Target Locations:  0-(14,2) 1-(2,4) 2-(13,14) 3-(1,15) 4-(2,6) 5-(1,11)
Task Assignment: 1-1 3-2 0-0 2-4 4-5
Robot 1 finished At time 92
Time 94
Robots Locations 0-(10,4) 1-(2,4) 2-(11,4) 3-(13,14) 4-(3,6)
Target Locations:  0-(14,2) 1-(13,14) 2-(1,15) 3-(2,6) 4-(1,11) 5-(6,6)
Task Assignment: 3-1 0-0 2-3 4-4 1-5
Robot 3 finished At time 96
Time 98
Robots Locations 0-(10,4) 1-(3,4) 2-(10,3) 3-(13,14) 4-(2,7)
Target Locations:  0-(14,2) 1-(1,15) 2-(2,6) 3-(1,11) 4-(6,6) 5-(2,1)
Task Assignment: 0-0 2-2 4-3 1-4 3-1
Robot 4 finished At time 107
Time 109
Robots Locations 0-(14,2) 1-(6,6) 2-(6,5) 3-(9,14) 4-(1,11)
Target Locations:  0-(14,2) 1-(1,15) 2-(2,6) 3-(6,6) 4-(2,1) 5-(4,4)
Task Assignment: 0-0 2-2 1-3 3-1 4-5
Robot 1 finished At time 109
Time 111
Robots Locations 0-(14,2) 1-(6,6) 2-(6,5) 3-(9,14) 4-(1,11)
Target Locations:  0-(14,2) 1-(1,15) 2-(2,6) 3-(2,1) 4-(4,4) 5-(8,9)
Task Assignment: 0-0 2-2 3-1 4-4 1-5
Robot 0 finished At time 112
Time 113
Robots Locations 0-(14,2) 1-(6,6) 2-(5,5) 3-(9,14) 4-(1,11)
Target Locations:  0-(1,15) 1-(2,6) 2-(2,1) 3-(4,4) 4-(8,9) 5-(8,3)
Task Assignment: 2-1 3-0 4-3 1-4 0-5
Robot 1 finished At time 121
Time 123
Robots Locations 0-(11,2) 1-(8,9) 2-(2,6) 3-(5,14) 4-(3,8)
Target Locations:  0-(1,15) 1-(2,6) 2-(2,1) 3-(4,4) 4-(8,3) 5-(11,14)
Task Assignment: 2-1 3-0 4-3 0-4 1-5
Robot 2 finished At time 124
Time 126
Robots Locations 0-(11,2) 1-(8,9) 2-(2,6) 3-(5,14) 4-(3,8)
Target Locations:  0-(1,15) 1-(2,1) 2-(4,4) 3-(8,3) 4-(11,14) 5-(3,12)
Task Assignment: 3-0 4-2 0-3 1-4 2-1
Robot 0 finished At time 133
Time 135
Robots Locations 0-(8,3) 1-(10,12) 2-(2,3) 3-(1,15) 4-(4,4)
Target Locations:  0-(1,15) 1-(2,1) 2-(4,4) 3-(11,14) 4-(3,12) 5-(5,10)
Task Assignment: 3-0 4-2 1-3 2-1 0-5
Robot 3 finished At time 136
Time 138
Robots Locations 0-(8,4) 1-(10,13) 2-(2,2) 3-(1,15) 4-(4,4)
Target Locations:  0-(2,1) 1-(4,4) 2-(11,14) 3-(3,12) 4-(5,10) 5-(14,14)
Task Assignment: 4-1 1-2 2-0 0-4 3-3
Robot 4 finished At time 139
Time 141
Robots Locations 0-(7,4) 1-(11,13) 2-(2,1) 3-(1,15) 4-(4,4)
Target Locations:  0-(2,1) 1-(11,14) 2-(3,12) 3-(5,10) 4-(14,14) 5-(13,12)
Task Assignment: 1-1 2-0 0-3 3-2 4-5
Robot 2 finished At time 144
Time 146
Robots Locations 0-(7,6) 1-(11,14) 2-(2,1) 3-(1,14) 4-(5,4)
Target Locations:  0-(11,14) 1-(3,12) 2-(5,10) 3-(14,14) 4-(13,12) 5-(1,2)
Task Assignment: 1-0 0-2 3-1 4-4 2-5
Robot 1 finished At time 146
Time 148
Robots Locations 0-(7,6) 1-(11,14) 2-(2,1) 3-(1,14) 4-(5,4)
Target Locations:  0-(3,12) 1-(5,10) 2-(14,14) 3-(13,12) 4-(1,2) 5-(13,13)
Task Assignment: 0-1 3-0 4-3 2-4 1-5
Robot 3 finished At time 154
Time 155
Robots Locations 0-(6,9) 1-(13,13) 2-(1,2) 3-(3,12) 4-(7,7)
Target Locations:  0-(5,10) 1-(14,14) 2-(13,12) 3-(1,2) 4-(13,13) 5-(6,10)
Task Assignment: 0-0 4-2 2-3 1-4 3-5
Robot 1 finished At time 156
Time 158
Robots Locations 0-(5,9) 1-(13,13) 2-(1,2) 3-(3,12) 4-(8,7)
Target Locations:  0-(5,10) 1-(14,14) 2-(13,12) 3-(1,2) 4-(6,10) 5-(4,9)
Task Assignment: 0-0 4-2 2-3 3-4 1-1
Robot 2 finished At time 158
Time 160
Robots Locations 0-(5,9) 1-(13,13) 2-(1,2) 3-(3,12) 4-(8,7)
Target Locations:  0-(5,10) 1-(14,14) 2-(13,12) 3-(6,10) 4-(4,9) 5-(4,5)
Task Assignment: 0-0 4-2 3-3 1-1 2-5
Robot 0 finished At time 164
Time 166
Robots Locations 0-(5,10) 1-(14,14) 2-(2,3) 3-(5,11) 4-(9,8)
Target Locations:  0-(14,14) 1-(13,12) 2-(6,10) 3-(4,9) 4-(4,5) 5-(2,13)
Task Assignment: 4-1 3-2 1-0 2-4 0-3
Robot 1 finished At time 168
Time 170
Robots Locations 0-(5,10) 1-(14,14) 2-(3,4) 3-(5,11) 4-(9,9)
Target Locations:  0-(13,12) 1-(6,10) 2-(4,9) 3-(4,5) 4-(2,13) 5-(2,3)
Task Assignment: 4-0 3-1 2-3 0-2 1-4
Robot 0 finished At time 174
Time 176
Robots Locations 0-(4,9) 1-(12,14) 2-(4,5) 3-(6,10) 4-(11,10)
Target Locations:  0-(13,12) 1-(6,10) 2-(4,5) 3-(2,13) 4-(2,3) 5-(9,8)
Task Assignment: 4-0 3-1 2-2 1-3 0-5
Robot 3 finished At time 177
Time 179
Robots Locations 0-(4,8) 1-(12,14) 2-(4,5) 3-(6,10) 4-(11,10)
Target Locations:  0-(13,12) 1-(4,5) 2-(2,13) 3-(2,3) 4-(9,8) 5-(10,9)
Task Assignment: 4-0 2-1 1-2 0-4 3-5
Robot 2 finished At time 180
Time 182
Robots Locations 0-(4,8) 1-(12,14) 2-(4,5) 3-(6,10) 4-(11,10)
Target Locations:  0-(13,12) 1-(2,13) 2-(2,3) 3-(9,8) 4-(10,9) 5-(14,15)
Task Assignment: 4-0 1-1 0-3 3-4 2-2
Robot 4 finished At time 187
Time 189
Robots Locations 0-(7,8) 1-(9,14) 2-(3,4) 3-(9,9) 4-(13,12)
Target Locations:  0-(2,13) 1-(2,3) 2-(9,8) 3-(10,9) 4-(14,15) 5-(6,11)
Task Assignment: 1-0 0-2 3-3 2-1 4-4
Robot 3 finished At time 193
Time 195
Robots Locations 0-(9,8) 1-(7,14) 2-(2,3) 3-(10,9) 4-(14,14)
Target Locations:  0-(2,13) 1-(2,3) 2-(9,8) 3-(14,15) 4-(6,11) 5-(2,2)
Task Assignment: 1-0 0-2 2-1 4-3 3-4
Robot 2 finished At time 196
Time 198
Robots Locations 0-(9,8) 1-(6,14) 2-(2,3) 3-(10,9) 4-(14,14)
Target Locations:  0-(2,13) 1-(9,8) 2-(14,15) 3-(6,11) 4-(2,2) 5-(11,5)
Task Assignment: 1-0 0-1 4-2 3-3 2-4
Robot 0 finished At time 199
Time 201
Robots Locations 0-(9,8) 1-(6,14) 2-(2,3) 3-(10,9) 4-(14,14)
Target Locations:  0-(2,13) 1-(14,15) 2-(6,11) 3-(2,2) 4-(11,5) 5-(15,12)
Task Assignment: 1-0 4-1 3-2 2-3 0-4
Robot 4 finished At time 204
Time 206
Robots Locations 0-(10,7) 1-(4,13) 2-(2,2) 3-(9,10) 4-(14,15)
Target Locations:  0-(2,13) 1-(6,11) 2-(2,2) 3-(11,5) 4-(15,12) 5-(1,3)
Task Assignment: 1-0 3-1 2-2 0-3 4-4
Robot 2 finished At time 207
Time 208
Robots Locations 0-(10,7) 1-(4,13) 2-(2,2) 3-(9,10) 4-(14,15)
Target Locations:  0-(2,13) 1-(6,11) 2-(11,5) 3-(15,12) 4-(1,3) 5-(8,6)
Task Assignment: 1-0 3-1 0-2 4-3 2-4
Robot 0 finished At time 213
Time 215
Robots Locations 0-(11,5) 1-(2,13) 2-(1,3) 3-(7,11) 4-(15,13)
Target Locations:  0-(2,13) 1-(6,11) 2-(15,12) 3-(1,3) 4-(8,6) 5-(13,5)
Task Assignment: 1-0 3-1 4-2 2-3 0-5
Robot 1 finished At time 216
Time 218
Robots Locations 0-(11,5) 1-(2,13) 2-(1,3) 3-(6,11) 4-(15,13)
Target Locations:  0-(6,11) 1-(15,12) 2-(1,3) 3-(8,6) 4-(13,5) 5-(15,13)
Task Assignment: 3-0 4-1 2-2 0-4 1-3
Robot 2 finished At time 220
Time 222
Robots Locations 0-(12,5) 1-(2,12) 2-(1,3) 3-(6,11) 4-(15,12)
Target Locations:  0-(6,11) 1-(15,12) 2-(8,6) 3-(13,5) 4-(15,13) 5-(7,8)
Task Assignment: 3-0 4-1 0-3 1-2 2-5
Robot 3 finished At time 223
Time 225
Robots Locations 0-(13,5) 1-(2,12) 2-(1,3) 3-(6,11) 4-(15,12)
Target Locations:  0-(15,12) 1-(8,6) 2-(13,5) 3-(15,13) 4-(7,8)
Task Assignment: 4-0 0-2 1-1 2-4 3-3
Robot 4 finished At time 227
Robot 0 finished At time 228
Robot 1 finished At time 242
Robot 2 finished At time 242
Robot 3 finished At time 244
number of collisions is 55
/BLE
Time 1
Robots Locations 0-(3,3) 1-(5,6) 2-(9,9) 3-(12,12) 4-(15,15)
Target Locations:  0-(1,8) 1-(10,5) 2-(6,7) 3-(11,11) 4-(15,1) 5-(1,13)
Task Assignment: 3-3 1-2 2-1 0-0 4-4
Robot 3 finished At time 5
Time 7
Robots Locations 0-(2,5) 1-(6,7) 2-(10,8) 3-(11,11) 4-(16,14)
Target Locations:  0-(1,8) 1-(10,5) 2-(6,7) 3-(15,1) 4-(1,13) 5-(8,4)
Task Assignment: 1-2 2-1 0-0 3-5 4-3
Robot 1 finished At time 9
Time 10
Robots Locations 0-(2,5) 1-(6,7) 2-(10,7) 3-(11,11) 4-(16,14)
Target Locations:  0-(1,8) 1-(10,5) 2-(15,1) 3-(1,13) 4-(8,4) 5-(12,6)
Task Assignment: 2-1 0-0 1-4 3-5 4-2
Robot 2 finished At time 16
Time 18
Robots Locations 0-(1,8) 1-(8,4) 2-(10,5) 3-(12,8) 4-(16,11)
Target Locations:  0-(1,8) 1-(15,1) 2-(1,13) 3-(8,4) 4-(12,6) 5-(3,15)
Task Assignment: 0-0 1-3 3-4 2-1 4-5
Robot 0 finished At time 20
Time 22
Robots Locations 0-(1,8) 1-(8,4) 2-(10,5) 3-(12,7) 4-(15,10)
Target Locations:  0-(15,1) 1-(1,13) 2-(8,4) 3-(12,6) 4-(3,15) 5-(7,13)
Task Assignment: 1-2 3-3 0-1 2-0 4-5
Robot 1 finished At time 24
Time 26
Robots Locations 0-(1,9) 1-(8,4) 2-(11,4) 3-(12,6) 4-(14,10)
Target Locations:  0-(15,1) 1-(1,13) 2-(12,6) 3-(3,15) 4-(7,13) 5-(10,10)
Task Assignment: 3-2 0-1 4-5 2-0 1-4
Robot 3 finished At time 28
Time 30
Robots Locations 0-(1,10) 1-(9,4) 2-(12,3) 3-(12,6) 4-(13,10)
Target Locations:  0-(15,1) 1-(1,13) 2-(3,15) 3-(7,13) 4-(10,10) 5-(5,2)
Task Assignment: 0-1 4-4 2-0 1-5 3-3
Robot 0 finished At time 37
Time 39
Robots Locations 0-(1,13) 1-(6,3) 2-(15,1) 3-(10,8) 4-(10,10)
Target Locations:  0-(15,1) 1-(3,15) 2-(7,13) 3-(10,10) 4-(5,2) 5-(5,6)
Task Assignment: 4-3 2-0 1-4 0-1 3-5
Robot 4 finished At time 40
Time 42
Robots Locations 0-(1,13) 1-(6,2) 2-(15,1) 3-(10,8) 4-(10,10)
Target Locations:  0-(15,1) 1-(3,15) 2-(7,13) 3-(5,2) 4-(5,6) 5-(14,2)
Task Assignment: 2-0 1-3 0-1 4-2 3-4
Robot 2 finished At time 44
Time 46
Robots Locations 0-(2,14) 1-(5,2) 2-(15,1) 3-(9,8) 4-(9,10)
Target Locations:  0-(3,15) 1-(7,13) 2-(5,2) 3-(5,6) 4-(14,2) 5-(13,4)
Task Assignment: 1-2 0-0 2-4 4-1 3-3
Robot 1 finished At time 47
Time 49
Robots Locations 0-(2,14) 1-(5,2) 2-(16,1) 3-(8,8) 4-(9,11)
Target Locations:  0-(3,15) 1-(7,13) 2-(5,6) 3-(14,2) 4-(13,4) 5-(2,4)
Task Assignment: 0-0 2-3 4-1 1-5 3-2
Robot 0 finished At time 52
Time 54
Robots Locations 0-(3,15) 1-(4,3) 2-(14,2) 3-(7,7) 4-(8,12)
Target Locations:  0-(7,13) 1-(5,6) 2-(14,2) 3-(13,4) 4-(2,4) 5-(13,14)
Task Assignment: 2-2 4-0 3-1 1-4 0-5
Robot 2 finished At time 57
Time 59
Robots Locations 0-(5,15) 1-(2,4) 2-(14,2) 3-(5,6) 4-(7,13)
Target Locations:  0-(7,13) 1-(5,6) 2-(13,4) 3-(2,4) 4-(13,14) 5-(3,6)
Task Assignment: 4-0 3-1 1-3 2-2 0-4
Robot 4 finished At time 61
Time 63
Robots Locations 0-(5,15) 1-(2,4) 2-(14,2) 3-(5,6) 4-(7,13)
Target Locations:  0-(5,6) 1-(13,4) 2-(2,4) 3-(13,14) 4-(3,6) 5-(1,15)
Task Assignment: 1-2 3-0 2-1 0-5 4-3
Robot 3 finished At time 64
Time 66
Robots Locations 0-(6,14) 1-(2,4) 2-(13,3) 3-(5,6) 4-(7,13)
Target Locations:  0-(13,4) 1-(2,4) 2-(13,14) 3-(3,6) 4-(1,15) 5-(2,6)
Task Assignment: 1-1 2-0 3-3 0-4 4-2
Robot 1 finished At time 66
Time 68
Robots Locations 0-(6,14) 1-(2,4) 2-(13,3) 3-(5,6) 4-(7,14)
Target Locations:  0-(13,4) 1-(13,14) 2-(3,6) 3-(1,15) 4-(2,6) 5-(1,11)
Task Assignment: 2-0 1-4 3-2 0-3 4-1
Robot 2 finished At time 72
Time 74
Robots Locations 0-(4,14) 1-(2,6) 2-(13,4) 3-(3,6) 4-(9,14)
Target Locations:  0-(13,14) 1-(3,6) 2-(1,15) 3-(2,6) 4-(1,11) 5-(6,6)
Task Assignment: 1-3 3-1 0-2 4-0 2-5
Robot 1 finished At time 76
Time 79
Robots Locations 0-(3,15) 1-(2,6) 2-(12,5) 3-(3,6) 4-(10,14)
Target Locations:  0-(13,14) 1-(3,6) 2-(1,15) 3-(1,11) 4-(6,6) 5-(2,1)
Task Assignment: 3-1 0-2 4-0 1-4 2-5
Robot 3 finished At time 79
Time 81
Robots Locations 0-(2,15) 1-(2,6) 2-(12,5) 3-(3,6) 4-(10,14)
Target Locations:  0-(13,14) 1-(1,15) 2-(1,11) 3-(6,6) 4-(2,1) 5-(4,4)
Task Assignment: 0-1 3-5 4-0 1-3 2-4
Robot 0 finished At time 85
Time 87
Robots Locations 0-(1,15) 1-(4,7) 2-(9,4) 3-(4,5) 4-(12,14)
Target Locations:  0-(13,14) 1-(1,11) 2-(6,6) 3-(2,1) 4-(4,4) 5-(8,9)
Task Assignment: 4-0 3-4 1-2 0-1 2-5
Robot 3 finished At time 90
Time 92
Robots Locations 0-(1,14) 1-(5,6) 2-(9,5) 3-(4,4) 4-(13,14)
Target Locations:  0-(13,14) 1-(1,11) 2-(6,6) 3-(2,1) 4-(8,9) 5-(8,3)
Task Assignment: 4-0 1-2 2-5 0-1 3-3
Robot 4 finished At time 93
Time 95
Robots Locations 0-(1,14) 1-(5,6) 2-(9,5) 3-(4,4) 4-(13,14)
Target Locations:  0-(1,11) 1-(6,6) 2-(2,1) 3-(8,9) 4-(8,3) 5-(11,14)
Task Assignment: 1-1 4-5 2-4 0-0 3-2
Robot 1 finished At time 98
Time 100
Robots Locations 0-(1,12) 1-(6,6) 2-(8,4) 3-(3,3) 4-(13,15)
Target Locations:  0-(1,11) 1-(2,1) 2-(8,9) 3-(8,3) 4-(11,14) 5-(3,12)
Task Assignment: 0-0 2-3 3-1 4-4 1-2
Robot 0 finished At time 103
Time 105
Robots Locations 0-(1,11) 1-(7,7) 2-(8,3) 3-(2,1) 4-(11,14)
Target Locations:  0-(2,1) 1-(8,9) 2-(8,3) 3-(11,14) 4-(3,12) 5-(5,10)
Task Assignment: 3-0 4-3 2-2 0-4 1-1
Robot 2 finished At time 107
Time 109
Robots Locations 0-(1,11) 1-(7,8) 2-(8,3) 3-(2,1) 4-(11,14)
Target Locations:  0-(2,1) 1-(8,9) 2-(11,14) 3-(3,12) 4-(5,10) 5-(14,14)
Task Assignment: 3-0 4-2 1-1 0-3 2-4
Robot 3 finished At time 110
Time 112
Robots Locations 0-(2,11) 1-(8,8) 2-(8,3) 3-(2,1) 4-(11,14)
Target Locations:  0-(8,9) 1-(11,14) 2-(3,12) 3-(5,10) 4-(14,14) 5-(13,12)
Task Assignment: 4-1 1-0 0-2 2-3 3-5
Robot 4 finished At time 112
Time 115
Robots Locations 0-(2,11) 1-(8,8) 2-(8,3) 3-(2,1) 4-(11,14)
Target Locations:  0-(8,9) 1-(3,12) 2-(5,10) 3-(14,14) 4-(13,12) 5-(1,2)
Task Assignment: 1-0 0-1 3-5 4-4 2-2
Robot 1 finished At time 117
Time 120
Robots Locations 0-(3,12) 1-(8,9) 2-(7,4) 3-(1,2) 4-(11,13)
Target Locations:  0-(3,12) 1-(5,10) 2-(14,14) 3-(13,12) 4-(1,2) 5-(13,13)
Task Assignment: 0-0 3-4 4-5 1-1 2-3
Robot 0 finished At time 121
Time 123
Robots Locations 0-(3,12) 1-(8,10) 2-(7,4) 3-(1,2) 4-(12,13)
Target Locations:  0-(5,10) 1-(14,14) 2-(13,12) 3-(1,2) 4-(13,13) 5-(6,10)
Task Assignment: 3-3 4-4 1-5 0-0 2-2
Robot 3 finished At time 125
Time 127
Robots Locations 0-(4,12) 1-(7,10) 2-(8,5) 3-(1,2) 4-(13,13)
Target Locations:  0-(5,10) 1-(14,14) 2-(13,12) 3-(13,13) 4-(6,10) 5-(4,9)
Task Assignment: 4-3 1-4 0-0 2-5 3-2
Robot 4 finished At time 129
Time 131
Robots Locations 0-(4,11) 1-(6,10) 2-(7,6) 3-(2,3) 4-(13,13)
Target Locations:  0-(5,10) 1-(14,14) 2-(13,12) 3-(6,10) 4-(4,9) 5-(4,5)
Task Assignment: 1-3 4-2 0-0 3-5 2-4
Robot 1 finished At time 133
Time 135
Robots Locations 0-(5,10) 1-(6,10) 2-(7,6) 3-(2,4) 4-(14,13)
Target Locations:  0-(5,10) 1-(14,14) 2-(13,12) 3-(4,9) 4-(4,5) 5-(2,13)
Task Assignment: 0-0 4-1 3-4 1-3 2-2
Robot 3 finished At time 141
Time 143
Robots Locations 0-(5,10) 1-(4,9) 2-(9,9) 3-(4,5) 4-(14,14)
Target Locations:  0-(5,10) 1-(14,14) 2-(13,12) 3-(4,9) 4-(2,13) 5-(2,3)
Task Assignment: 4-1 0-0 1-3 3-5 2-2
Robot 4 finished At time 145
Time 147
Robots Locations 0-(5,10) 1-(4,9) 2-(9,9) 3-(5,5) 4-(14,14)
Target Locations:  0-(5,10) 1-(13,12) 2-(4,9) 3-(2,13) 4-(2,3) 5-(9,8)
Task Assignment: 0-0 1-2 2-5 4-1 3-4
Robot 1 finished At time 148
Time 150
Robots Locations 0-(5,10) 1-(4,9) 2-(10,9) 3-(5,4) 4-(13,14)
Target Locations:  0-(5,10) 1-(13,12) 2-(2,13) 3-(2,3) 4-(9,8) 5-(10,9)
Task Assignment: 0-0 2-5 4-1 3-3 1-2
Robot 0 finished At time 152
Time 153
Robots Locations 0-(5,10) 1-(4,9) 2-(10,9) 3-(4,4) 4-(13,14)
Target Locations:  0-(13,12) 1-(2,13) 2-(2,3) 3-(9,8) 4-(10,9) 5-(14,15)
Task Assignment: 2-4 4-5 3-2 0-1 1-3
Robot 2 finished At time 154
Time 156
Robots Locations 0-(5,11) 1-(4,10) 2-(10,9) 3-(3,4) 4-(13,13)
Target Locations:  0-(13,12) 1-(2,13) 2-(2,3) 3-(9,8) 4-(14,15) 5-(6,11)
Task Assignment: 0-5 4-0 3-2 2-3 1-1
Robot 3 finished At time 161
Time 163
Robots Locations 0-(6,11) 1-(3,11) 2-(9,8) 3-(2,3) 4-(13,12)
Target Locations:  0-(13,12) 1-(2,13) 2-(9,8) 3-(14,15) 4-(6,11) 5-(2,2)
Task Assignment: 0-4 2-2 4-0 3-5 1-1
Robot 2 finished At time 163
Time 165
Robots Locations 0-(6,11) 1-(3,12) 2-(9,8) 3-(2,3) 4-(13,12)
Target Locations:  0-(13,12) 1-(2,13) 2-(14,15) 3-(6,11) 4-(2,2) 5-(11,5)
Task Assignment: 0-3 4-0 3-4 1-1 2-5
Robot 4 finished At time 166
Time 168
Robots Locations 0-(6,11) 1-(3,12) 2-(9,8) 3-(2,3) 4-(13,12)
Target Locations:  0-(2,13) 1-(14,15) 2-(6,11) 3-(2,2) 4-(11,5) 5-(15,12)
Task Assignment: 0-2 3-3 1-0 4-5 2-4
Robot 0 finished At time 168
Time 170
Robots Locations 0-(6,11) 1-(3,12) 2-(9,8) 3-(2,3) 4-(13,12)
Target Locations:  0-(2,13) 1-(14,15) 2-(2,2) 3-(11,5) 4-(15,12) 5-(1,3)
Task Assignment: 3-5 1-0 4-4 2-3 0-1
Robot 1 finished At time 174
Time 176
Robots Locations 0-(8,12) 1-(2,13) 2-(10,6) 3-(1,3) 4-(14,12)
Target Locations:  0-(14,15) 1-(2,2) 2-(11,5) 3-(15,12) 4-(1,3) 5-(8,6)
Task Assignment: 3-4 4-3 2-2 0-5 1-1
Robot 3 finished At time 178
Time 180
Robots Locations 0-(9,11) 1-(1,13) 2-(11,6) 3-(1,3) 4-(15,12)
Target Locations:  0-(14,15) 1-(2,2) 2-(11,5) 3-(15,12) 4-(8,6) 5-(13,5)
Task Assignment: 4-3 2-2 3-1 0-4 1-0
Robot 4 finished At time 182
Time 184
Robots Locations 0-(8,10) 1-(2,12) 2-(11,5) 3-(2,3) 4-(15,12)
Target Locations:  0-(14,15) 1-(2,2) 2-(11,5) 3-(8,6) 4-(13,5) 5-(15,13)
Task Assignment: 2-2 4-5 3-1 0-3 1-0
Robot 2 finished At time 186
Time 187
Robots Locations 0-(8,10) 1-(2,12) 2-(11,5) 3-(2,2) 4-(15,13)
Target Locations:  0-(14,15) 1-(2,2) 2-(8,6) 3-(13,5) 4-(15,13) 5-(7,8)
Task Assignment: 4-4 3-1 2-3 0-5 1-2
Robot 4 finished At time 190
Time 192
Robots Locations 0-(7,8) 1-(4,12) 2-(12,5) 3-(2,2) 4-(15,13)
Target Locations:  0-(14,15) 1-(2,2) 2-(8,6) 3-(13,5) 4-(7,8)
Task Assignment: 0-4 3-1 2-3 4-0 1-2
Robot 3 finished At time 193
Robot 0 finished At time 195
Robot 2 finished At time 195
Robot 4 finished At time 198
Robot 1 finished At time 209
number of collisions is 88
/mmdr
Time 2
Robots Locations 0-(3,3) 1-(5,6) 2-(8,9) 3-(12,12) 4-(15,14)
Target Locations:  0-(1,8) 1-(10,5) 2-(6,7) 3-(11,11) 4-(15,1) 5-(1,13)
Task Assignment: 0-0 1-2 2-5 3-1 4-3
Robot 1 finished At time 9
Time 11
Robots Locations 0-(1,6) 1-(6,7) 2-(5,11) 3-(12,9) 4-(12,12)
Target Locations:  0-(1,8) 1-(10,5) 2-(11,11) 3-(15,1) 4-(1,13) 5-(8,4)
Task Assignment: 0-0 1-5 2-4 3-1 4-2
Robot 4 finished At time 16
Time 18
Robots Locations 0-(1,8) 1-(7,5) 2-(3,12) 3-(11,7) 4-(11,11)
Target Locations:  0-(1,8) 1-(10,5) 2-(15,1) 3-(1,13) 4-(8,4) 5-(12,6)
Task Assignment: 0-0 1-4 2-3 3-1 4-5
Robot 0 finished At time 19
Time 22
Robots Locations 0-(1,8) 1-(8,4) 2-(2,13) 3-(11,6) 4-(11,10)
Target Locations:  0-(10,5) 1-(15,1) 2-(1,13) 3-(8,4) 4-(12,6) 5-(3,15)
Task Assignment: 0-2 1-3 2-5 3-0 4-4
Robot 1 finished At time 24
Time 26
Robots Locations 0-(1,9) 1-(8,4) 2-(2,14) 3-(10,5) 4-(11,9)
Target Locations:  0-(10,5) 1-(15,1) 2-(1,13) 3-(12,6) 4-(3,15) 5-(7,13)
Task Assignment: 0-2 1-0 2-4 3-3 4-5
Robot 2 finished At time 31
Time 33
Robots Locations 0-(1,12) 1-(10,5) 2-(3,15) 3-(12,5) 4-(10,9)
Target Locations:  0-(10,5) 1-(15,1) 2-(1,13) 3-(12,6) 4-(7,13) 5-(10,10)
Task Assignment: 0-2 1-0 2-4 3-3 4-5
Robot 1 finished At time 35
Time 37
Robots Locations 0-(1,13) 1-(10,5) 2-(4,15) 3-(12,6) 4-(10,10)
Target Locations:  0-(15,1) 1-(1,13) 2-(12,6) 3-(7,13) 4-(10,10) 5-(5,2)
Task Assignment: 0-1 1-5 2-3 3-2 4-4
Robot 4 finished At time 38
Time 40
Robots Locations 0-(1,13) 1-(10,5) 2-(4,15) 3-(12,6) 4-(10,10)
Target Locations:  0-(15,1) 1-(1,13) 2-(12,6) 3-(7,13) 4-(5,2) 5-(5,6)
Task Assignment: 0-1 1-4 2-3 3-0 4-2
Robot 0 finished At time 41
Time 44
Robots Locations 0-(1,13) 1-(11,5) 2-(5,14) 3-(12,6) 4-(10,10)
Target Locations:  0-(15,1) 1-(12,6) 2-(7,13) 3-(5,2) 4-(5,6) 5-(14,2)
Task Assignment: 0-4 1-5 2-2 3-0 4-1
Robot 2 finished At time 51
Time 53
Robots Locations 0-(3,11) 1-(13,2) 2-(7,13) 3-(14,3) 4-(12,7)
Target Locations:  0-(15,1) 1-(12,6) 2-(5,2) 3-(5,6) 4-(14,2) 5-(13,4)
Task Assignment: 0-3 1-4 2-1 3-0 4-5
Robot 3 finished At time 59
Time 62
Robots Locations 0-(4,7) 1-(14,2) 2-(9,10) 3-(15,1) 4-(13,4)
Target Locations:  0-(12,6) 1-(5,2) 2-(5,6) 3-(14,2) 4-(13,4) 5-(2,4)
Task Assignment: 0-5 1-4 2-2 3-3 4-0
Robot 3 finished At time 68
Time 71
Robots Locations 0-(2,4) 1-(13,4) 2-(7,8) 3-(14,2) 4-(12,6)
Target Locations:  0-(12,6) 1-(5,2) 2-(5,6) 3-(13,4) 4-(2,4) 5-(13,14)
Task Assignment: 0-4 1-0 2-1 3-3 4-2
Robot 0 finished At time 74
Time 76
Robots Locations 0-(2,4) 1-(12,5) 2-(6,6) 3-(13,3) 4-(11,6)
Target Locations:  0-(12,6) 1-(5,2) 2-(5,6) 3-(13,4) 4-(13,14) 5-(3,6)
Task Assignment: 0-1 1-0 2-5 3-3 4-2
Robot 1 finished At time 79
Time 82
Robots Locations 0-(3,3) 1-(12,6) 2-(5,6) 3-(13,4) 4-(9,6)
Target Locations:  0-(5,2) 1-(5,6) 2-(13,4) 3-(13,14) 4-(3,6) 5-(1,15)
Task Assignment: 0-0 1-3 2-4 3-2 4-1
Robot 3 finished At time 82
Time 85
Robots Locations 0-(3,3) 1-(12,6) 2-(5,6) 3-(13,4) 4-(9,6)
Target Locations:  0-(5,2) 1-(5,6) 2-(13,14) 3-(3,6) 4-(1,15) 5-(2,6)
Task Assignment: 0-5 1-2 2-3 3-0 4-1
Robot 2 finished At time 89
Time 91
Robots Locations 0-(3,5) 1-(12,9) 2-(3,6) 3-(11,4) 4-(6,6)
Target Locations:  0-(5,2) 1-(5,6) 2-(13,14) 3-(1,15) 4-(2,6) 5-(1,11)
Task Assignment: 0-4 1-2 2-5 3-0 4-1
Robot 4 finished At time 96
Time 98
Robots Locations 0-(2,6) 1-(13,11) 2-(2,8) 3-(8,3) 4-(5,6)
Target Locations:  0-(5,2) 1-(13,14) 2-(1,15) 3-(2,6) 4-(1,11) 5-(6,6)
Task Assignment: 0-3 1-1 2-4 3-0 4-5
Robot 0 finished At time 99
Time 101
Robots Locations 0-(2,6) 1-(13,12) 2-(2,8) 3-(8,3) 4-(5,6)
Target Locations:  0-(5,2) 1-(13,14) 2-(1,15) 3-(1,11) 4-(6,6) 5-(2,1)
Task Assignment: 0-5 1-1 2-3 3-0 4-4
Robot 1 finished At time 107
Time 110
Robots Locations 0-(2,4) 1-(13,14) 2-(1,11) 3-(5,2) 4-(6,6)
Target Locations:  0-(5,2) 1-(1,15) 2-(1,11) 3-(6,6) 4-(2,1) 5-(4,4)
Task Assignment: 0-4 1-3 2-2 3-0 4-5
Robot 2 finished At time 111
Time 114
Robots Locations 0-(2,3) 1-(13,14) 2-(1,11) 3-(5,2) 4-(6,6)
Target Locations:  0-(5,2) 1-(1,15) 2-(6,6) 3-(2,1) 4-(4,4) 5-(8,9)
Task Assignment: 0-3 1-5 2-1 3-0 4-2
Robot 3 finished At time 115
Time 117
Robots Locations 0-(2,3) 1-(12,14) 2-(1,12) 3-(5,2) 4-(6,7)
Target Locations:  0-(1,15) 1-(6,6) 2-(2,1) 3-(4,4) 4-(8,9) 5-(8,3)
Task Assignment: 0-2 1-4 2-0 3-3 4-1
Robot 0 finished At time 122
Time 125
Robots Locations 0-(2,1) 1-(11,12) 2-(1,14) 3-(4,4) 4-(6,6)
Target Locations:  0-(1,15) 1-(6,6) 2-(4,4) 3-(8,9) 4-(8,3) 5-(11,14)
Task Assignment: 0-2 1-5 2-0 3-1 4-3
Robot 2 finished At time 128
Time 130
Robots Locations 0-(3,1) 1-(10,13) 2-(1,15) 3-(5,5) 4-(7,7)
Target Locations:  0-(6,6) 1-(4,4) 2-(8,9) 3-(8,3) 4-(11,14) 5-(3,12)
Task Assignment: 0-1 1-4 2-5 3-0 4-2
Robot 3 finished At time 134
Time 136
Robots Locations 0-(4,4) 1-(11,14) 2-(2,14) 3-(6,6) 4-(8,9)
Target Locations:  0-(4,4) 1-(8,9) 2-(8,3) 3-(11,14) 4-(3,12) 5-(5,10)
Task Assignment: 0-0 1-3 2-4 3-2 4-1
Robot 1 finished At time 137
Time 140
Robots Locations 0-(4,4) 1-(11,14) 2-(2,14) 3-(6,6) 4-(8,9)
Target Locations:  0-(4,4) 1-(8,9) 2-(8,3) 3-(3,12) 4-(5,10) 5-(14,14)
Task Assignment: 0-0 1-5 2-3 3-2 4-1
Robot 4 finished At time 141
Time 143
Robots Locations 0-(4,4) 1-(12,14) 2-(2,14) 3-(7,6) 4-(8,9)
Target Locations:  0-(4,4) 1-(8,3) 2-(3,12) 3-(5,10) 4-(14,14) 5-(13,12)
Task Assignment: 0-0 1-4 2-2 3-1 4-3
Robot 0 finished At time 144
Time 146
Robots Locations 0-(4,4) 1-(12,14) 2-(3,13) 3-(7,5) 4-(8,10)
Target Locations:  0-(8,3) 1-(3,12) 2-(5,10) 3-(14,14) 4-(13,12) 5-(1,2)
Task Assignment: 0-5 1-3 2-1 3-0 4-2
Robot 2 finished At time 150
Time 152
Robots Locations 0-(3,4) 1-(14,14) 2-(3,12) 3-(8,4) 4-(6,10)
Target Locations:  0-(8,3) 1-(5,10) 2-(14,14) 3-(13,12) 4-(1,2) 5-(13,13)
Task Assignment: 0-4 1-2 2-1 3-0 4-3
Robot 1 finished At time 154
Time 156
Robots Locations 0-(2,3) 1-(14,14) 2-(4,12) 3-(8,3) 4-(6,10)
Target Locations:  0-(8,3) 1-(5,10) 2-(13,12) 3-(1,2) 4-(13,13) 5-(6,10)
Task Assignment: 0-3 1-4 2-1 3-0 4-5
Robot 3 finished At time 158
Time 160
Robots Locations 0-(2,3) 1-(14,13) 2-(4,11) 3-(8,3) 4-(6,11)
Target Locations:  0-(5,10) 1-(13,12) 2-(1,2) 3-(13,13) 4-(6,10) 5-(4,9)
Task Assignment: 0-2 1-1 2-0 3-5 4-4
Robot 0 finished At time 164
Time 166
Robots Locations 0-(1,2) 1-(13,12) 2-(5,10) 3-(7,3) 4-(6,10)
Target Locations:  0-(5,10) 1-(13,12) 2-(13,13) 3-(6,10) 4-(4,9) 5-(4,5)
Task Assignment: 0-5 1-1 2-0 3-4 4-3
Robot 2 finished At time 167
Time 169
Robots Locations 0-(1,2) 1-(13,12) 2-(5,10) 3-(7,3) 4-(6,10)
Target Locations:  0-(13,12) 1-(13,13) 2-(6,10) 3-(4,9) 4-(4,5) 5-(2,13)
Task Assignment: 0-4 1-0 2-5 3-3 4-2
Robot 1 finished At time 170
Time 173
Robots Locations 0-(1,1) 1-(13,12) 2-(5,9) 3-(7,4) 4-(6,10)
Target Locations:  0-(13,13) 1-(6,10) 2-(4,9) 3-(4,5) 4-(2,13) 5-(2,3)
Task Assignment: 0-5 1-0 2-2 3-3 4-1
Robot 2 finished At time 177
Time 179
Robots Locations 0-(2,3) 1-(13,13) 2-(4,9) 3-(5,5) 4-(6,10)
Target Locations:  0-(13,13) 1-(6,10) 2-(4,5) 3-(2,13) 4-(2,3) 5-(9,8)
Task Assignment: 0-4 1-0 2-1 3-2 4-5
Robot 0 finished At time 181
Time 184
Robots Locations 0-(2,3) 1-(13,13) 2-(3,10) 3-(4,5) 4-(7,10)
Target Locations:  0-(13,13) 1-(6,10) 2-(4,5) 3-(2,13) 4-(9,8) 5-(10,9)
Task Assignment: 0-2 1-0 2-3 3-4 4-1
Robot 1 finished At time 184
Time 187
Robots Locations 0-(2,3) 1-(13,13) 2-(4,10) 3-(4,5) 4-(7,9)
Target Locations:  0-(6,10) 1-(4,5) 2-(2,13) 3-(9,8) 4-(10,9) 5-(14,15)
Task Assignment: 0-1 1-5 2-2 3-3 4-0
Robot 1 finished At time 193
Time 195
Robots Locations 0-(4,5) 1-(14,15) 2-(2,13) 3-(6,7) 4-(6,10)
Target Locations:  0-(6,10) 1-(4,5) 2-(2,13) 3-(9,8) 4-(10,9) 5-(6,11)
Task Assignment: 0-1 1-4 2-2 3-3 4-0
Robot 0 finished At time 196
Time 198
Robots Locations 0-(4,5) 1-(14,15) 2-(2,13) 3-(7,7) 4-(6,10)
Target Locations:  0-(6,10) 1-(2,13) 2-(9,8) 3-(10,9) 4-(6,11) 5-(2,2)
Task Assignment: 0-5 1-3 2-1 3-2 4-0
Robot 4 finished At time 199
Time 201
Robots Locations 0-(4,5) 1-(14,15) 2-(2,13) 3-(7,7) 4-(6,10)
Target Locations:  0-(2,13) 1-(9,8) 2-(10,9) 3-(6,11) 4-(2,2) 5-(11,5)
Task Assignment: 0-4 1-2 2-0 3-1 4-3
Robot 2 finished At time 203
Time 206
Robots Locations 0-(5,5) 1-(13,15) 2-(2,13) 3-(8,7) 4-(6,11)
Target Locations:  0-(9,8) 1-(10,9) 2-(6,11) 3-(2,2) 4-(11,5) 5-(15,12)
Task Assignment: 0-3 1-5 2-2 3-0 4-1
Robot 3 finished At time 210
Time 212
Robots Locations 0-(3,3) 1-(14,13) 2-(4,13) 3-(9,8) 4-(8,10)
Target Locations:  0-(10,9) 1-(6,11) 2-(2,2) 3-(11,5) 4-(15,12) 5-(1,3)
Task Assignment: 0-2 1-4 2-1 3-3 4-0
Robot 0 finished At time 216
Time 219
Robots Locations 0-(2,2) 1-(15,12) 2-(5,12) 3-(10,6) 4-(10,9)
Target Locations:  0-(10,9) 1-(6,11) 2-(11,5) 3-(15,12) 4-(1,3) 5-(8,6)
Task Assignment: 0-4 1-3 2-1 3-2 4-0
Robot 1 finished At time 219
Time 222
Robots Locations 0-(2,2) 1-(15,12) 2-(5,11) 3-(10,6) 4-(10,9)
Target Locations:  0-(10,9) 1-(6,11) 2-(11,5) 3-(1,3) 4-(8,6) 5-(13,5)
Task Assignment: 0-3 1-0 2-1 3-2 4-4
Robot 2 finished At time 225
Time 228
Robots Locations 0-(1,3) 1-(14,11) 2-(6,11) 3-(11,5) 4-(9,8)
Target Locations:  0-(10,9) 1-(11,5) 2-(1,3) 3-(8,6) 4-(13,5) 5-(15,13)
Task Assignment: 0-2 1-5 2-0 3-1 4-3
Robot 3 finished At time 229
Time 232
Robots Locations 0-(1,3) 1-(13,11) 2-(7,11) 3-(11,5) 4-(9,7)
Target Locations:  0-(10,9) 1-(1,3) 2-(8,6) 3-(13,5) 4-(15,13) 5-(7,8)
Task Assignment: 0-1 1-4 2-0 3-3 4-2
Robot 0 finished At time 232
Time 235
Robots Locations 0-(1,3) 1-(13,11) 2-(7,11) 3-(11,5) 4-(9,7)
Target Locations:  0-(10,9) 1-(8,6) 2-(13,5) 3-(15,13) 4-(7,8)
Task Assignment: 0-4 1-3 2-0 3-2 4-1
Robot 4 finished At time 239
Robot 3 finished At time 241
Robot 1 finished At time 241
Robot 2 finished At time 243
Robot 0 finished At time 249
number of collisions is 36
/mmd_msd2
Time 2
Robots Locations 0-(3,3) 1-(6,6) 2-(8,10) 3-(12,12) 4-(15,15)
Target Locations:  0-(1,8) 1-(10,5) 2-(6,7) 3-(11,11) 4-(15,1) 5-(1,13)
Task Assignment: 0-0 1-2 2-5 3-1 4-3
Robot 1 finished At time 7
Time 9
Robots Locations 0-(2,5) 1-(6,7) 2-(6,11) 3-(11,11) 4-(13,14)
Target Locations:  0-(1,8) 1-(10,5) 2-(11,11) 3-(15,1) 4-(1,13) 5-(8,4)
Task Assignment: 0-0 1-5 2-4 3-1 4-2
Robot 0 finished At time 16
Time 17
Robots Locations 0-(1,8) 1-(8,4) 2-(2,13) 3-(10,7) 4-(11,11)
Target Locations:  0-(10,5) 1-(11,11) 2-(15,1) 3-(1,13) 4-(8,4) 5-(12,6)
Task Assignment: 0-4 1-0 2-3 3-5 4-1
Robot 4 finished At time 19
Time 22
Robots Locations 0-(2,9) 1-(9,4) 2-(1,13) 3-(11,6) 4-(11,11)
Target Locations:  0-(10,5) 1-(15,1) 2-(1,13) 3-(8,4) 4-(12,6) 5-(3,15)
Task Assignment: 0-2 1-3 2-5 3-0 4-4
Robot 1 finished At time 27
Time 29
Robots Locations 0-(2,11) 1-(8,4) 2-(3,15) 3-(10,5) 4-(12,8)
Target Locations:  0-(10,5) 1-(15,1) 2-(1,13) 3-(12,6) 4-(3,15) 5-(7,13)
Task Assignment: 0-2 1-0 2-4 3-1 4-3
Robot 2 finished At time 31
Time 33
Robots Locations 0-(1,12) 1-(9,4) 2-(3,15) 3-(10,4) 4-(12,7)
Target Locations:  0-(10,5) 1-(15,1) 2-(1,13) 3-(12,6) 4-(7,13) 5-(10,10)
Task Assignment: 0-2 1-0 2-4 3-3 4-5
Robot 0 finished At time 36
Time 38
Robots Locations 0-(1,13) 1-(10,5) 2-(4,14) 3-(11,5) 4-(11,7)
Target Locations:  0-(10,5) 1-(15,1) 2-(12,6) 3-(7,13) 4-(10,10) 5-(5,2)
Task Assignment: 0-3 1-0 2-4 3-1 4-2
Robot 1 finished At time 40
Time 42
Robots Locations 0-(1,14) 1-(10,5) 2-(5,14) 3-(12,5) 4-(11,8)
Target Locations:  0-(15,1) 1-(12,6) 2-(7,13) 3-(10,10) 4-(5,2) 5-(5,6)
Task Assignment: 0-2 1-4 2-3 3-0 4-1
Robot 4 finished At time 47
Time 49
Robots Locations 0-(5,13) 1-(8,5) 2-(8,12) 3-(14,2) 4-(12,6)
Target Locations:  0-(15,1) 1-(7,13) 2-(10,10) 3-(5,2) 4-(5,6) 5-(14,2)
Task Assignment: 0-1 1-4 2-2 3-0 4-5
Robot 3 finished At time 55
Time 57
Robots Locations 0-(7,13) 1-(6,6) 2-(10,10) 3-(15,1) 4-(13,3)
Target Locations:  0-(7,13) 1-(10,10) 2-(5,2) 3-(5,6) 4-(14,2) 5-(13,4)
Task Assignment: 0-0 1-3 2-1 3-4 4-5
Robot 0 finished At time 57
Time 59
Robots Locations 0-(7,13) 1-(5,6) 2-(10,10) 3-(15,1) 4-(13,3)
Target Locations:  0-(10,10) 1-(5,2) 2-(5,6) 3-(14,2) 4-(13,4) 5-(2,4)
Task Assignment: 0-0 1-5 2-2 3-3 4-4
Robot 4 finished At time 65
Time 67
Robots Locations 0-(10,10) 1-(2,4) 2-(8,8) 3-(14,2) 4-(13,4)
Target Locations:  0-(10,10) 1-(5,2) 2-(5,6) 3-(14,2) 4-(2,4) 5-(13,14)
Task Assignment: 0-5 1-4 2-2 3-3 4-0
Robot 3 finished At time 68
Time 70
Robots Locations 0-(10,10) 1-(2,4) 2-(7,8) 3-(14,2) 4-(13,4)
Target Locations:  0-(10,10) 1-(5,2) 2-(5,6) 3-(2,4) 4-(13,14) 5-(3,6)
Task Assignment: 0-4 1-3 2-2 3-0 4-1
Robot 1 finished At time 72
Time 74
Robots Locations 0-(11,11) 1-(2,4) 2-(6,7) 3-(13,3) 4-(12,5)
Target Locations:  0-(10,10) 1-(5,2) 2-(5,6) 3-(13,14) 4-(3,6) 5-(1,15)
Task Assignment: 0-3 1-4 2-2 3-0 4-1
Robot 2 finished At time 80
Time 82
Robots Locations 0-(13,13) 1-(3,6) 2-(5,6) 3-(12,6) 4-(9,4)
Target Locations:  0-(10,10) 1-(5,2) 2-(13,14) 3-(3,6) 4-(1,15) 5-(2,6)
Task Assignment: 0-2 1-5 2-3 3-0 4-1
Robot 0 finished At time 85
Time 86
Robots Locations 0-(13,14) 1-(2,6) 2-(3,6) 3-(11,7) 4-(8,3)
Target Locations:  0-(10,10) 1-(5,2) 2-(3,6) 3-(1,15) 4-(2,6) 5-(1,11)
Task Assignment: 0-0 1-4 2-5 3-1 4-2
Robot 1 finished At time 89
Time 91
Robots Locations 0-(14,14) 1-(2,6) 2-(3,7) 3-(11,7) 4-(7,4)
Target Locations:  0-(10,10) 1-(5,2) 2-(3,6) 3-(1,15) 4-(1,11) 5-(6,6)
Task Assignment: 0-0 1-2 2-4 3-5 4-1
Robot 1 finished At time 95
Time 97
Robots Locations 0-(12,12) 1-(3,6) 2-(2,9) 3-(8,6) 4-(5,2)
Target Locations:  0-(10,10) 1-(5,2) 2-(1,15) 3-(1,11) 4-(6,6) 5-(2,1)
Task Assignment: 0-0 1-1 2-3 3-4 4-5
Robot 2 finished At time 102
Time 104
Robots Locations 0-(10,10) 1-(4,5) 2-(1,11) 3-(6,6) 4-(3,1)
Target Locations:  0-(10,10) 1-(5,2) 2-(1,15) 3-(6,6) 4-(2,1) 5-(4,4)
Task Assignment: 0-0 1-5 2-2 3-3 4-4
Robot 3 finished At time 105
Time 107
Robots Locations 0-(10,10) 1-(4,4) 2-(1,11) 3-(6,6) 4-(2,1)
Target Locations:  0-(10,10) 1-(5,2) 2-(1,15) 3-(2,1) 4-(4,4) 5-(8,9)
Task Assignment: 0-0 1-1 2-2 3-4 4-3
Robot 0 finished At time 108
Time 110
Robots Locations 0-(10,10) 1-(4,4) 2-(1,11) 3-(6,6) 4-(2,1)
Target Locations:  0-(5,2) 1-(1,15) 2-(2,1) 3-(4,4) 4-(8,9) 5-(8,3)
Task Assignment: 0-4 1-0 2-1 3-3 4-2
Robot 4 finished At time 112
Time 114
Robots Locations 0-(9,10) 1-(4,3) 2-(1,12) 3-(5,5) 4-(2,1)
Target Locations:  0-(5,2) 1-(1,15) 2-(4,4) 3-(8,9) 4-(8,3) 5-(11,14)
Task Assignment: 0-3 1-0 2-1 3-4 4-2
Robot 1 finished At time 118
Time 120
Robots Locations 0-(8,9) 1-(5,2) 2-(1,15) 3-(6,4) 4-(2,2)
Target Locations:  0-(1,15) 1-(4,4) 2-(8,9) 3-(8,3) 4-(11,14) 5-(3,12)
Task Assignment: 0-4 1-3 2-0 3-2 4-1
Robot 2 finished At time 123
Time 125
Robots Locations 0-(8,10) 1-(6,2) 2-(1,15) 3-(7,5) 4-(3,3)
Target Locations:  0-(4,4) 1-(8,9) 2-(8,3) 3-(11,14) 4-(3,12) 5-(5,10)
Task Assignment: 0-5 1-2 2-4 3-1 4-0
Robot 4 finished At time 129
Time 131
Robots Locations 0-(6,10) 1-(8,3) 2-(2,14) 3-(8,7) 4-(4,4)
Target Locations:  0-(8,9) 1-(8,3) 2-(11,14) 3-(3,12) 4-(5,10) 5-(14,14)
Task Assignment: 0-2 1-1 2-3 3-0 4-4
Robot 1 finished At time 133
Time 135
Robots Locations 0-(6,11) 1-(8,3) 2-(2,14) 3-(8,7) 4-(4,5)
Target Locations:  0-(8,9) 1-(11,14) 2-(3,12) 3-(5,10) 4-(14,14) 5-(13,12)
Task Assignment: 0-1 1-0 2-2 3-5 4-3
Robot 2 finished At time 140
Time 142
Robots Locations 0-(8,12) 1-(8,6) 2-(3,12) 3-(10,9) 4-(5,8)
Target Locations:  0-(8,9) 1-(11,14) 2-(5,10) 3-(14,14) 4-(13,12) 5-(1,2)
Task Assignment: 0-1 1-0 2-2 3-4 4-5
Robot 2 finished At time 149
Time 151
Robots Locations 0-(11,14) 1-(8,9) 2-(5,10) 3-(13,12) 4-(3,6)
Target Locations:  0-(8,9) 1-(11,14) 2-(14,14) 3-(13,12) 4-(1,2) 5-(13,13)
Task Assignment: 0-1 1-3 2-0 3-5 4-4
Robot 0 finished At time 152
Time 154
Robots Locations 0-(11,14) 1-(8,9) 2-(5,10) 3-(13,12) 4-(3,5)
Target Locations:  0-(8,9) 1-(14,14) 2-(13,12) 3-(1,2) 4-(13,13) 5-(6,10)
Task Assignment: 0-4 1-0 2-5 3-2 4-3
Robot 2 finished At time 157
Time 159
Robots Locations 0-(12,13) 1-(8,9) 2-(6,10) 3-(13,12) 4-(2,4)
Target Locations:  0-(8,9) 1-(14,14) 2-(13,12) 3-(1,2) 4-(13,13) 5-(4,9)
Task Assignment: 0-4 1-0 2-5 3-2 4-3
Robot 1 finished At time 162
Time 164
Robots Locations 0-(13,13) 1-(8,9) 2-(6,9) 3-(13,12) 4-(1,2)
Target Locations:  0-(14,14) 1-(13,12) 2-(1,2) 3-(13,13) 4-(4,9) 5-(4,5)
Task Assignment: 0-3 1-4 2-5 3-1 4-2
Robot 0 finished At time 164
Time 166
Robots Locations 0-(13,13) 1-(8,9) 2-(6,9) 3-(13,12) 4-(1,2)
Target Locations:  0-(14,14) 1-(13,12) 2-(1,2) 3-(4,9) 4-(4,5) 5-(2,13)
Task Assignment: 0-0 1-3 2-4 3-1 4-2
Robot 3 finished At time 167
Time 169
Robots Locations 0-(13,13) 1-(8,9) 2-(6,9) 3-(13,12) 4-(1,2)
Target Locations:  0-(14,14) 1-(1,2) 2-(4,9) 3-(4,5) 4-(2,13) 5-(2,3)
Task Assignment: 0-0 1-3 2-4 3-2 4-1
Robot 4 finished At time 171
Time 173
Robots Locations 0-(14,14) 1-(7,8) 2-(5,9) 3-(12,12) 4-(1,2)
Target Locations:  0-(14,14) 1-(4,9) 2-(4,5) 3-(2,13) 4-(2,3) 5-(9,8)
Task Assignment: 0-0 1-2 2-1 3-5 4-4
Robot 0 finished At time 175
Time 177
Robots Locations 0-(14,14) 1-(6,8) 2-(4,9) 3-(11,11) 4-(1,1)
Target Locations:  0-(4,9) 1-(4,5) 2-(2,13) 3-(2,3) 4-(9,8) 5-(10,9)
Task Assignment: 0-5 1-1 2-0 3-4 4-3
Robot 2 finished At time 180
Time 182
Robots Locations 0-(13,14) 1-(5,6) 2-(4,9) 3-(11,10) 4-(2,3)
Target Locations:  0-(4,5) 1-(2,13) 2-(2,3) 3-(9,8) 4-(10,9) 5-(14,15)
Task Assignment: 0-5 1-0 2-1 3-4 4-2
Robot 4 finished At time 185
Time 187
Robots Locations 0-(14,14) 1-(4,5) 2-(5,9) 3-(10,9) 4-(2,3)
Target Locations:  0-(4,5) 1-(2,13) 2-(9,8) 3-(10,9) 4-(14,15) 5-(6,11)
Task Assignment: 0-4 1-2 2-5 3-3 4-0
Robot 3 finished At time 188
Time 190
Robots Locations 0-(14,15) 1-(4,5) 2-(5,10) 3-(10,9) 4-(2,4)
Target Locations:  0-(4,5) 1-(2,13) 2-(9,8) 3-(14,15) 4-(6,11) 5-(2,2)
Task Assignment: 0-3 1-0 2-4 3-2 4-5
Robot 0 finished At time 192
Time 194
Robots Locations 0-(14,15) 1-(5,5) 2-(6,11) 3-(9,8) 4-(3,4)
Target Locations:  0-(4,5) 1-(2,13) 2-(9,8) 3-(6,11) 4-(2,2) 5-(11,5)
Task Assignment: 0-2 1-0 2-3 3-5 4-4
Robot 2 finished At time 197
Time 199
Robots Locations 0-(13,15) 1-(4,5) 2-(6,11) 3-(10,7) 4-(2,2)
Target Locations:  0-(4,5) 1-(2,13) 2-(9,8) 3-(2,2) 4-(11,5) 5-(15,12)
Task Assignment: 0-5 1-0 2-1 3-2 4-3
Robot 1 finished At time 201
Time 203
Robots Locations 0-(13,14) 1-(4,5) 2-(6,12) 3-(10,7) 4-(2,2)
Target Locations:  0-(2,13) 1-(9,8) 2-(2,2) 3-(11,5) 4-(15,12) 5-(1,3)
Task Assignment: 0-4 1-5 2-0 3-1 4-2
Robot 4 finished At time 204
Time 206
Robots Locations 0-(14,13) 1-(3,5) 2-(5,12) 3-(10,7) 4-(2,2)
Target Locations:  0-(2,13) 1-(9,8) 2-(11,5) 3-(15,12) 4-(1,3) 5-(8,6)
Task Assignment: 0-3 1-5 2-0 3-1 4-4
Robot 3 finished At time 211
Time 213
Robots Locations 0-(15,12) 1-(5,4) 2-(3,13) 3-(9,8) 4-(1,3)
Target Locations:  0-(2,13) 1-(11,5) 2-(15,12) 3-(1,3) 4-(8,6) 5-(13,5)
Task Assignment: 0-2 1-4 2-0 3-1 4-3
Robot 0 finished At time 213
Time 215
Robots Locations 0-(15,12) 1-(5,4) 2-(3,13) 3-(9,8) 4-(1,3)
Target Locations:  0-(2,13) 1-(11,5) 2-(1,3) 3-(8,6) 4-(13,5) 5-(15,13)
Task Assignment: 0-5 1-3 2-0 3-1 4-2
Robot 4 finished At time 215
Time 217
Robots Locations 0-(15,12) 1-(5,4) 2-(3,13) 3-(9,8) 4-(1,3)
Target Locations:  0-(2,13) 1-(11,5) 2-(8,6) 3-(13,5) 4-(15,13) 5-(7,8)
Task Assignment: 0-4 1-2 2-0 3-1 4-5
Robot 2 finished At time 221
Time 223
Robots Locations 0-(15,13) 1-(7,5) 2-(2,13) 3-(9,7) 4-(2,4)
Target Locations:  0-(11,5) 1-(8,6) 2-(13,5) 3-(15,13) 4-(7,8)
Task Assignment: 0-3 1-0 2-4 3-2 4-1
Robot 0 finished At time 225
Robot 3 finished At time 232
Robot 1 finished At time 232
Robot 4 finished At time 235
Robot 2 finished At time 238
number of collisions is 9
