Goals: (5,6) (11,7) (8,5) (3,5) (5,15) (14,14) (10,13) (9,8) (3,13) (11,6) (6,10) (14,8) (7,6) (12,3) (9,11) (7,14) (4,8) (7,2) (7,15) (12,12) (5,2) (10,7) (4,5) (2,9) (2,15) (9,15) (10,8) (7,9) (2,1) (2,2) (1,15) (4,1) (2,4) (15,15) (13,1) (3,9) (6,9) (2,13) (12,7) (14,10) (1,2) (1,14) (15,10) (3,7) (15,8) (14,11) (11,15) (3,2) (1,12) (13,3)
/MURDOCH
Time 2
Robots Locations 0-(3,3) 1-(6,6) 2-(9,9) 3-(12,12) 4-(15,15)
Target Locations:  0-(13,3) 1-(1,12) 2-(3,2) 3-(11,15) 4-(14,11) 5-(15,8)
Task Assignment: 4-0 3-1 0-2 1-3 2-4
Robot 0 finished At time 6
Time 8
Robots Locations 0-(3,2) 1-(7,7) 2-(11,9) 3-(10,12) 4-(16,14)
Target Locations:  0-(13,3) 1-(1,12) 2-(11,15) 3-(14,11) 4-(15,8) 5-(3,7)
Task Assignment: 4-0 3-1 1-2 2-3 0-5
Robot 2 finished At time 17
Time 18
Robots Locations 0-(3,5) 1-(9,12) 2-(14,11) 3-(5,12) 4-(14,9)
Target Locations:  0-(13,3) 1-(1,12) 2-(11,15) 3-(15,8) 4-(3,7) 5-(15,10)
Task Assignment: 4-0 3-1 1-2 0-4 2-5
Robot 0 finished At time 23
Time 25
Robots Locations 0-(3,7) 1-(10,14) 2-(15,10) 3-(3,12) 4-(14,7)
Target Locations:  0-(13,3) 1-(1,12) 2-(11,15) 3-(15,8) 4-(15,10) 5-(1,14)
Task Assignment: 4-0 3-1 1-2 2-4 0-5
Robot 2 finished At time 25
Time 27
Robots Locations 0-(3,7) 1-(10,14) 2-(15,10) 3-(3,12) 4-(14,7)
Target Locations:  0-(13,3) 1-(1,12) 2-(11,15) 3-(15,8) 4-(1,14) 5-(1,2)
Task Assignment: 4-0 3-1 1-2 0-4 2-3
Robot 1 finished At time 31
Time 33
Robots Locations 0-(2,9) 1-(11,15) 2-(15,8) 3-(1,12) 4-(13,5)
Target Locations:  0-(13,3) 1-(1,12) 2-(15,8) 3-(1,14) 4-(1,2) 5-(14,10)
Task Assignment: 4-0 3-1 0-3 2-2 1-5
Robot 3 finished At time 34
Time 36
Robots Locations 0-(2,10) 1-(11,15) 2-(15,8) 3-(1,12) 4-(13,4)
Target Locations:  0-(13,3) 1-(15,8) 2-(1,14) 3-(1,2) 4-(14,10) 5-(12,7)
Task Assignment: 4-0 0-2 2-1 1-4 3-3
Robot 2 finished At time 37
Time 39
Robots Locations 0-(2,10) 1-(12,15) 2-(15,8) 3-(1,12) 4-(13,4)
Target Locations:  0-(13,3) 1-(1,14) 2-(1,2) 3-(14,10) 4-(12,7) 5-(2,13)
Task Assignment: 4-0 0-1 1-3 3-2 2-4
Robot 4 finished At time 43
Time 44
Robots Locations 0-(1,12) 1-(13,13) 2-(13,7) 3-(1,10) 4-(13,3)
Target Locations:  0-(1,14) 1-(1,2) 2-(14,10) 3-(12,7) 4-(2,13) 5-(6,9)
Task Assignment: 0-0 1-2 3-1 2-3 4-5
Robot 2 finished At time 49
Time 51
Robots Locations 0-(1,14) 1-(14,11) 2-(12,7) 3-(1,7) 4-(11,4)
Target Locations:  0-(1,14) 1-(1,2) 2-(14,10) 3-(2,13) 4-(6,9) 5-(3,9)
Task Assignment: 0-0 1-2 3-1 4-4 2-5
Robot 0 finished At time 52
Time 54
Robots Locations 0-(1,14) 1-(14,11) 2-(12,7) 3-(1,7) 4-(11,4)
Target Locations:  0-(1,2) 1-(14,10) 2-(2,13) 3-(6,9) 4-(3,9) 5-(13,1)
Task Assignment: 1-1 3-0 4-3 2-4 0-2
Robot 1 finished At time 57
Time 59
Robots Locations 0-(2,14) 1-(14,10) 2-(10,7) 3-(1,5) 4-(10,5)
Target Locations:  0-(1,2) 1-(2,13) 2-(6,9) 3-(3,9) 4-(13,1) 5-(15,15)
Task Assignment: 3-0 4-2 2-3 0-1 1-5
Robot 0 finished At time 62
Time 64
Robots Locations 0-(2,13) 1-(15,11) 2-(9,8) 3-(1,4) 4-(9,6)
Target Locations:  0-(1,2) 1-(6,9) 2-(3,9) 3-(13,1) 4-(15,15) 5-(2,4)
Task Assignment: 3-0 4-1 2-2 1-4 0-5
Robot 3 finished At time 69
Time 72
Robots Locations 0-(2,10) 1-(15,13) 2-(6,8) 3-(1,2) 4-(7,8)
Target Locations:  0-(6,9) 1-(3,9) 2-(13,1) 3-(15,15) 4-(2,4) 5-(4,1)
Task Assignment: 4-0 2-1 1-3 0-4 3-5
Robot 1 finished At time 76
Time 78
Robots Locations 0-(2,8) 1-(15,15) 2-(3,9) 3-(3,1) 4-(6,9)
Target Locations:  0-(6,9) 1-(3,9) 2-(13,1) 3-(2,4) 4-(4,1) 5-(1,15)
Task Assignment: 4-0 2-1 0-3 3-4 1-5
Robot 4 finished At time 79
Time 81
Robots Locations 0-(2,7) 1-(15,15) 2-(3,9) 3-(3,1) 4-(6,9)
Target Locations:  0-(3,9) 1-(13,1) 2-(2,4) 3-(4,1) 4-(1,15) 5-(2,2)
Task Assignment: 2-0 0-2 3-3 1-4 4-5
Robot 2 finished At time 83
Time 85
Robots Locations 0-(2,6) 1-(14,15) 2-(3,9) 3-(4,1) 4-(5,9)
Target Locations:  0-(13,1) 1-(2,4) 2-(4,1) 3-(1,15) 4-(2,2) 5-(2,1)
Task Assignment: 0-1 3-2 1-3 4-4 2-5
Robot 3 finished At time 86
Time 88
Robots Locations 0-(2,5) 1-(13,15) 2-(3,9) 3-(4,1) 4-(5,8)
Target Locations:  0-(13,1) 1-(2,4) 2-(1,15) 3-(2,2) 4-(2,1) 5-(7,9)
Task Assignment: 0-1 1-2 4-3 2-4 3-5
Robot 0 finished At time 92
Time 94
Robots Locations 0-(2,4) 1-(11,15) 2-(2,7) 3-(5,3) 4-(4,6)
Target Locations:  0-(13,1) 1-(1,15) 2-(2,2) 3-(2,1) 4-(7,9) 5-(10,8)
Task Assignment: 1-1 4-2 2-3 3-4 0-5
Robot 3 finished At time 110
Time 111
Robots Locations 0-(4,5) 1-(3,15) 2-(3,3) 3-(7,9) 4-(2,2)
Target Locations:  0-(13,1) 1-(1,15) 2-(2,2) 3-(2,1) 4-(10,8) 5-(9,15)
Task Assignment: 1-1 4-2 2-3 0-4 3-5
Robot 4 finished At time 115
Time 117
Robots Locations 0-(5,5) 1-(2,15) 2-(3,2) 3-(7,10) 4-(2,2)
Target Locations:  0-(13,1) 1-(1,15) 2-(2,1) 3-(10,8) 4-(9,15) 5-(2,15)
Task Assignment: 1-1 2-2 0-3 3-4 4-0
Robot 1 finished At time 122
Time 124
Robots Locations 0-(7,6) 1-(1,15) 2-(3,1) 3-(8,12) 4-(2,1)
Target Locations:  0-(13,1) 1-(2,1) 2-(10,8) 3-(9,15) 4-(2,15) 5-(2,9)
Task Assignment: 2-1 0-2 3-3 4-0 1-4
Robot 2 finished At time 129
Time 131
Robots Locations 0-(9,8) 1-(2,15) 2-(2,1) 3-(9,15) 4-(4,2)
Target Locations:  0-(13,1) 1-(10,8) 2-(9,15) 3-(2,15) 4-(2,9) 5-(4,5)
Task Assignment: 0-1 3-2 4-0 1-3 2-5
Robot 1 finished At time 133
Time 135
Robots Locations 0-(10,8) 1-(2,15) 2-(2,2) 3-(9,15) 4-(5,2)
Target Locations:  0-(13,1) 1-(10,8) 2-(9,15) 3-(2,9) 4-(4,5) 5-(10,7)
Task Assignment: 0-1 3-2 4-0 2-4 1-3
Robot 3 finished At time 136
Time 138
Robots Locations 0-(10,8) 1-(2,15) 2-(2,2) 3-(9,15) 4-(5,2)
Target Locations:  0-(13,1) 1-(10,8) 2-(2,9) 3-(4,5) 4-(10,7) 5-(5,2)
Task Assignment: 0-1 4-0 2-3 1-2 3-4
Robot 0 finished At time 139
Time 149
Robots Locations 0-(10,8) 1-(3,15) 2-(3,3) 3-(9,15) 4-(6,2)
Target Locations:  0-(13,1) 1-(2,9) 2-(4,5) 3-(10,7) 4-(5,2) 5-(12,12)
Task Assignment: 4-0 2-2 1-1 3-3 0-5
Robot 2 finished At time 156
Time 158
Robots Locations 0-(12,11) 1-(2,11) 2-(4,5) 3-(10,12) 4-(10,1)
Target Locations:  0-(13,1) 1-(2,9) 2-(10,7) 3-(5,2) 4-(12,12) 5-(7,15)
Task Assignment: 4-0 1-1 3-2 0-4 2-3
Robot 0 finished At time 162
Time 164
Robots Locations 0-(12,12) 1-(2,9) 2-(5,4) 3-(10,10) 4-(11,1)
Target Locations:  0-(13,1) 1-(2,9) 2-(10,7) 3-(5,2) 4-(7,15) 5-(7,2)
Task Assignment: 4-0 1-1 3-2 2-3 0-4
Robot 1 finished At time 166
Time 168
Robots Locations 0-(11,13) 1-(2,9) 2-(5,3) 3-(10,9) 4-(13,1)
Target Locations:  0-(13,1) 1-(10,7) 2-(5,2) 3-(7,15) 4-(7,2) 5-(4,8)
Task Assignment: 4-0 3-1 2-2 0-3 1-5
Robot 4 finished At time 170
Time 172
Robots Locations 0-(10,13) 1-(3,8) 2-(5,2) 3-(10,8) 4-(13,1)
Target Locations:  0-(10,7) 1-(5,2) 2-(7,15) 3-(7,2) 4-(4,8) 5-(7,14)
Task Assignment: 3-0 2-1 0-2 1-4 4-3
Robot 2 finished At time 173
Time 175
Robots Locations 0-(10,14) 1-(3,8) 2-(5,2) 3-(10,7) 4-(13,1)
Target Locations:  0-(10,7) 1-(7,15) 2-(7,2) 3-(4,8) 4-(7,14) 5-(9,11)
Task Assignment: 3-0 0-1 1-3 4-2 2-5
Robot 3 finished At time 177
Time 179
Robots Locations 0-(9,14) 1-(4,8) 2-(6,2) 3-(10,7) 4-(13,2)
Target Locations:  0-(7,15) 1-(7,2) 2-(4,8) 3-(7,14) 4-(9,11) 5-(12,3)
Task Assignment: 0-0 1-2 4-1 2-4 3-5
Robot 1 finished At time 180
Time 182
Robots Locations 0-(8,14) 1-(4,8) 2-(6,2) 3-(10,7) 4-(12,2)
Target Locations:  0-(7,15) 1-(7,2) 2-(7,14) 3-(9,11) 4-(12,3) 5-(7,6)
Task Assignment: 0-0 4-1 2-3 3-4 1-5
Robot 0 finished At time 186
Time 188
Robots Locations 0-(7,15) 1-(6,7) 2-(7,4) 3-(11,4) 4-(10,2)
Target Locations:  0-(7,2) 1-(7,14) 2-(9,11) 3-(12,3) 4-(7,6) 5-(14,8)
Task Assignment: 4-0 2-2 3-3 1-4 0-1
Robot 3 finished At time 193
Time 195
Robots Locations 0-(7,14) 1-(7,6) 2-(7,5) 3-(12,3) 4-(7,2)
Target Locations:  0-(7,2) 1-(7,14) 2-(9,11) 3-(7,6) 4-(14,8) 5-(6,10)
Task Assignment: 4-0 2-2 1-3 0-1 3-4
Robot 0 finished At time 195
Time 197
Robots Locations 0-(7,14) 1-(7,6) 2-(7,5) 3-(12,3) 4-(7,2)
Target Locations:  0-(7,2) 1-(9,11) 2-(7,6) 3-(14,8) 4-(6,10) 5-(11,6)
Task Assignment: 4-0 2-1 1-2 3-3 0-4
Robot 4 finished At time 200
Time 201
Robots Locations 0-(7,13) 1-(7,6) 2-(6,6) 3-(13,3) 4-(7,2)
Target Locations:  0-(9,11) 1-(7,6) 2-(14,8) 3-(6,10) 4-(11,6) 5-(3,13)
Task Assignment: 2-0 1-1 3-2 0-3 4-4
Robot 1 finished At time 207
Time 209
Robots Locations 0-(6,10) 1-(7,6) 2-(7,8) 3-(14,6) 4-(8,4)
Target Locations:  0-(9,11) 1-(14,8) 2-(6,10) 3-(11,6) 4-(3,13) 5-(9,8)
Task Assignment: 2-0 3-1 0-2 4-3 1-5
Robot 0 finished At time 211
Time 213
Robots Locations 0-(6,10) 1-(8,7) 2-(8,9) 3-(14,7) 4-(9,5)
Target Locations:  0-(9,11) 1-(14,8) 2-(11,6) 3-(3,13) 4-(9,8) 5-(10,13)
Task Assignment: 2-0 3-1 4-2 1-4 0-3
Robot 3 finished At time 217
Time 219
Robots Locations 0-(5,11) 1-(9,8) 2-(9,10) 3-(14,8) 4-(11,6)
Target Locations:  0-(9,11) 1-(11,6) 2-(3,13) 3-(9,8) 4-(10,13) 5-(14,14)
Task Assignment: 2-0 4-1 1-3 0-2 3-5
Robot 1 finished At time 220
Time 222
Robots Locations 0-(4,11) 1-(9,8) 2-(9,11) 3-(14,9) 4-(11,6)
Target Locations:  0-(9,11) 1-(11,6) 2-(3,13) 3-(10,13) 4-(14,14) 5-(5,15)
Task Assignment: 2-0 4-1 0-2 3-4 1-3
Robot 4 finished At time 224
Time 226
Robots Locations 0-(4,12) 1-(9,9) 2-(9,11) 3-(14,10) 4-(11,6)
Target Locations:  0-(9,11) 1-(3,13) 2-(10,13) 3-(14,14) 4-(5,15) 5-(3,5)
Task Assignment: 2-0 0-1 3-3 1-2 4-5
Robot 2 finished At time 226
Time 228
Robots Locations 0-(4,12) 1-(9,9) 2-(9,11) 3-(14,10) 4-(11,6)
Target Locations:  0-(3,13) 1-(10,13) 2-(14,14) 3-(5,15) 4-(3,5) 5-(8,5)
Task Assignment: 0-0 3-2 1-1 4-4 2-3
Robot 0 finished At time 232
Time 234
Robots Locations 0-(3,13) 1-(10,11) 2-(8,13) 3-(14,12) 4-(10,7)
Target Locations:  0-(10,13) 1-(14,14) 2-(5,15) 3-(3,5) 4-(8,5) 5-(11,7)
Task Assignment: 3-1 1-0 4-3 2-2 0-4
Robot 1 finished At time 239
Time 241
Robots Locations 0-(3,11) 1-(10,13) 2-(6,14) 3-(14,14) 4-(7,6)
Target Locations:  0-(14,14) 1-(5,15) 2-(3,5) 3-(8,5) 4-(11,7) 5-(5,6)
Task Assignment: 3-0 4-2 2-1 0-3 1-4
Robot 3 finished At time 242
Time 243
Robots Locations 0-(3,11) 1-(10,13) 2-(6,15) 3-(14,14) 4-(7,6)
Target Locations:  0-(5,15) 1-(3,5) 2-(8,5) 3-(11,7) 4-(5,6)
Task Assignment: 4-1 2-0 0-2 1-3 3-4
Robot 2 finished At time 246
Robot 4 finished At time 251
Robot 1 finished At time 257
Robot 0 finished At time 257
Robot 3 finished At time 265
number of collisions is 218
/BLE
Time 2
Robots Locations 0-(2,3) 1-(5,6) 2-(9,9) 3-(12,12) 4-(15,15)
Target Locations:  0-(13,3) 1-(1,12) 2-(3,2) 3-(11,15) 4-(14,11) 5-(15,8)
Task Assignment: 0-2 3-4 4-3 2-5 1-1
Robot 0 finished At time 7
Time 9
Robots Locations 0-(3,2) 1-(3,8) 2-(12,8) 3-(14,11) 4-(13,15)
Target Locations:  0-(13,3) 1-(1,12) 2-(11,15) 3-(14,11) 4-(15,8) 5-(3,7)
Task Assignment: 3-3 1-5 4-2 2-4 0-0
Robot 3 finished At time 10
Time 12
Robots Locations 0-(3,2) 1-(3,9) 2-(13,8) 3-(14,11) 4-(13,15)
Target Locations:  0-(13,3) 1-(1,12) 2-(11,15) 3-(15,8) 4-(3,7) 5-(15,10)
Task Assignment: 3-5 4-2 2-3 1-4 0-0
Robot 3 finished At time 16
Time 17
Robots Locations 0-(6,2) 1-(3,7) 2-(15,8) 3-(15,10) 4-(11,15)
Target Locations:  0-(13,3) 1-(1,12) 2-(11,15) 3-(15,8) 4-(3,7) 5-(1,14)
Task Assignment: 4-2 2-3 1-4 0-0 3-1
Robot 4 finished At time 18
Time 20
Robots Locations 0-(6,2) 1-(3,7) 2-(15,8) 3-(15,10) 4-(11,15)
Target Locations:  0-(13,3) 1-(1,12) 2-(15,8) 3-(3,7) 4-(1,14) 5-(1,2)
Task Assignment: 2-2 1-3 0-5 3-0 4-4
Robot 1 finished At time 21
Time 23
Robots Locations 0-(6,3) 1-(3,7) 2-(15,8) 3-(15,9) 4-(11,15)
Target Locations:  0-(13,3) 1-(1,12) 2-(15,8) 3-(1,14) 4-(1,2) 5-(14,10)
Task Assignment: 2-2 3-5 0-4 1-1 4-3
Robot 2 finished At time 24
Time 26
Robots Locations 0-(6,3) 1-(3,7) 2-(15,8) 3-(15,9) 4-(10,15)
Target Locations:  0-(13,3) 1-(1,12) 2-(1,14) 3-(1,2) 4-(14,10) 5-(12,7)
Task Assignment: 3-4 2-5 0-3 1-1 4-2
Robot 3 finished At time 30
Time 32
Robots Locations 0-(4,3) 1-(2,8) 2-(14,7) 3-(14,10) 4-(8,15)
Target Locations:  0-(13,3) 1-(1,12) 2-(1,14) 3-(1,2) 4-(12,7) 5-(2,13)
Task Assignment: 2-4 0-3 1-1 4-5 3-0
Robot 2 finished At time 37
Time 39
Robots Locations 0-(1,2) 1-(1,11) 2-(12,7) 3-(13,8) 4-(5,14)
Target Locations:  0-(13,3) 1-(1,12) 2-(1,14) 3-(1,2) 4-(2,13) 5-(6,9)
Task Assignment: 0-3 1-1 4-4 2-0 3-5
Robot 0 finished At time 42
Time 44
Robots Locations 0-(1,2) 1-(1,12) 2-(12,6) 3-(12,8) 4-(4,14)
Target Locations:  0-(13,3) 1-(1,12) 2-(1,14) 3-(2,13) 4-(6,9) 5-(3,9)
Task Assignment: 1-1 4-3 2-0 3-4 0-5
Robot 1 finished At time 46
Time 48
Robots Locations 0-(1,3) 1-(1,12) 2-(12,5) 3-(11,8) 4-(3,13)
Target Locations:  0-(13,3) 1-(1,14) 2-(2,13) 3-(6,9) 4-(3,9) 5-(13,1)
Task Assignment: 4-2 1-1 2-0 3-3 0-4
Robot 4 finished At time 52
Time 54
Robots Locations 0-(1,5) 1-(1,14) 2-(13,3) 3-(9,8) 4-(2,13)
Target Locations:  0-(13,3) 1-(1,14) 2-(6,9) 3-(3,9) 4-(13,1) 5-(15,15)
Task Assignment: 2-0 1-1 3-2 4-3 0-4
Robot 1 finished At time 56
Time 57
Robots Locations 0-(2,5) 1-(1,14) 2-(13,3) 3-(8,9) 4-(2,12)
Target Locations:  0-(13,3) 1-(6,9) 2-(3,9) 3-(13,1) 4-(15,15) 5-(2,4)
Task Assignment: 2-0 0-5 3-1 4-2 1-4
Robot 2 finished At time 58
Time 60
Robots Locations 0-(2,5) 1-(1,14) 2-(13,3) 3-(8,9) 4-(2,12)
Target Locations:  0-(6,9) 1-(3,9) 2-(13,1) 3-(15,15) 4-(2,4) 5-(4,1)
Task Assignment: 0-4 3-0 2-2 4-1 1-5
Robot 0 finished At time 63
Time 65
Robots Locations 0-(2,4) 1-(2,14) 2-(13,1) 3-(6,9) 4-(2,10)
Target Locations:  0-(6,9) 1-(3,9) 2-(13,1) 3-(15,15) 4-(4,1) 5-(1,15)
Task Assignment: 3-0 2-2 4-1 1-5 0-4
Robot 2 finished At time 67
Time 69
Robots Locations 0-(3,3) 1-(1,13) 2-(13,1) 3-(6,9) 4-(3,9)
Target Locations:  0-(6,9) 1-(3,9) 2-(15,15) 3-(4,1) 4-(1,15) 5-(2,2)
Task Assignment: 4-1 3-0 0-5 1-4 2-3
Robot 3 finished At time 70
Time 72
Robots Locations 0-(3,3) 1-(1,13) 2-(13,1) 3-(6,9) 4-(3,9)
Target Locations:  0-(3,9) 1-(15,15) 2-(4,1) 3-(1,15) 4-(2,2) 5-(2,1)
Task Assignment: 4-0 0-4 1-3 3-2 2-5
Robot 4 finished At time 73
Time 75
Robots Locations 0-(2,2) 1-(1,14) 2-(12,1) 3-(5,8) 4-(3,9)
Target Locations:  0-(15,15) 1-(4,1) 2-(1,15) 3-(2,2) 4-(2,1) 5-(7,9)
Task Assignment: 0-3 1-2 3-5 2-1 4-4
Robot 0 finished At time 77
Time 79
Robots Locations 0-(2,2) 1-(1,15) 2-(11,1) 3-(6,8) 4-(3,8)
Target Locations:  0-(15,15) 1-(4,1) 2-(1,15) 3-(2,1) 4-(7,9) 5-(10,8)
Task Assignment: 1-2 0-3 3-4 4-5 2-1
Robot 1 finished At time 80
Time 82
Robots Locations 0-(1,2) 1-(1,15) 2-(11,1) 3-(7,9) 4-(3,7)
Target Locations:  0-(15,15) 1-(4,1) 2-(2,1) 3-(7,9) 4-(10,8) 5-(9,15)
Task Assignment: 3-3 0-2 4-1 2-4 1-5
Robot 3 finished At time 85
Time 87
Robots Locations 0-(2,1) 1-(2,15) 2-(10,2) 3-(7,9) 4-(4,6)
Target Locations:  0-(15,15) 1-(4,1) 2-(2,1) 3-(10,8) 4-(9,15) 5-(2,15)
Task Assignment: 0-2 1-5 3-3 4-1 2-4
Robot 0 finished At time 88
Time 90
Robots Locations 0-(2,1) 1-(3,15) 2-(10,2) 3-(7,9) 4-(4,6)
Target Locations:  0-(15,15) 1-(4,1) 2-(10,8) 3-(9,15) 4-(2,15) 5-(2,9)
Task Assignment: 1-4 0-1 3-2 4-5 2-3
Robot 0 finished At time 95
Time 97
Robots Locations 0-(4,1) 1-(2,15) 2-(10,5) 3-(10,8) 4-(2,7)
Target Locations:  0-(15,15) 1-(10,8) 2-(9,15) 3-(2,15) 4-(2,9) 5-(4,5)
Task Assignment: 1-3 3-1 4-4 0-5 2-2
Robot 1 finished At time 98
Time 99
Robots Locations 0-(4,1) 1-(2,15) 2-(10,5) 3-(10,8) 4-(2,7)
Target Locations:  0-(15,15) 1-(10,8) 2-(9,15) 3-(2,9) 4-(4,5) 5-(10,7)
Task Assignment: 3-1 2-5 4-3 0-4 1-2
Robot 3 finished At time 102
Time 104
Robots Locations 0-(4,2) 1-(3,16) 2-(10,6) 3-(10,8) 4-(2,9)
Target Locations:  0-(15,15) 1-(9,15) 2-(2,9) 3-(4,5) 4-(10,7) 5-(5,2)
Task Assignment: 4-2 0-5 3-4 1-1 2-3
Robot 4 finished At time 107
Time 109
Robots Locations 0-(5,2) 1-(4,15) 2-(9,7) 3-(10,7) 4-(2,9)
Target Locations:  0-(15,15) 1-(9,15) 2-(4,5) 3-(10,7) 4-(5,2) 5-(12,12)
Task Assignment: 0-4 3-3 4-2 1-1 2-5
Robot 3 finished At time 111
Time 113
Robots Locations 0-(5,2) 1-(5,15) 2-(9,8) 3-(10,7) 4-(3,9)
Target Locations:  0-(15,15) 1-(9,15) 2-(4,5) 3-(5,2) 4-(12,12) 5-(7,15)
Task Assignment: 0-3 1-5 4-2 2-4 3-1
Robot 0 finished At time 114
Time 116
Robots Locations 0-(5,2) 1-(6,15) 2-(9,8) 3-(10,7) 4-(3,9)
Target Locations:  0-(15,15) 1-(9,15) 2-(4,5) 3-(12,12) 4-(7,15) 5-(7,2)
Task Assignment: 1-4 0-5 4-2 2-3 3-1
Robot 1 finished At time 120
Time 122
Robots Locations 0-(7,2) 1-(7,15) 2-(10,9) 3-(9,8) 4-(3,7)
Target Locations:  0-(15,15) 1-(9,15) 2-(4,5) 3-(12,12) 4-(7,2) 5-(4,8)
Task Assignment: 0-4 4-5 1-1 2-3 3-2
Robot 0 finished At time 125
Time 127
Robots Locations 0-(7,2) 1-(8,15) 2-(11,11) 3-(8,8) 4-(4,7)
Target Locations:  0-(15,15) 1-(9,15) 2-(4,5) 3-(12,12) 4-(4,8) 5-(7,14)
Task Assignment: 4-4 1-1 2-3 0-2 3-5
Robot 1 finished At time 130
Time 132
Robots Locations 0-(7,3) 1-(9,15) 2-(12,12) 3-(7,9) 4-(4,8)
Target Locations:  0-(15,15) 1-(4,5) 2-(12,12) 3-(4,8) 4-(7,14) 5-(9,11)
Task Assignment: 4-3 2-2 1-4 3-5 0-1
Robot 4 finished At time 133
Time 135
Robots Locations 0-(6,3) 1-(9,15) 2-(12,12) 3-(7,10) 4-(4,8)
Target Locations:  0-(15,15) 1-(4,5) 2-(12,12) 3-(7,14) 4-(9,11) 5-(12,3)
Task Assignment: 2-2 3-4 1-3 0-1 4-5
Robot 2 finished At time 136
Time 138
Robots Locations 0-(5,4) 1-(9,14) 2-(12,12) 3-(8,10) 4-(4,9)
Target Locations:  0-(15,15) 1-(4,5) 2-(7,14) 3-(9,11) 4-(12,3) 5-(7,6)
Task Assignment: 0-1 3-3 1-2 4-5 2-0
Robot 3 finished At time 142
Time 144
Robots Locations 0-(4,5) 1-(7,14) 2-(14,14) 3-(9,11) 4-(6,7)
Target Locations:  0-(15,15) 1-(4,5) 2-(7,14) 3-(12,3) 4-(7,6) 5-(14,8)
Task Assignment: 0-1 1-2 4-4 2-0 3-5
Robot 0 finished At time 146
Time 147
Robots Locations 0-(4,5) 1-(7,14) 2-(14,14) 3-(10,11) 4-(6,7)
Target Locations:  0-(15,15) 1-(7,14) 2-(12,3) 3-(7,6) 4-(14,8) 5-(6,10)
Task Assignment: 1-1 2-0 4-3 3-5 0-2
Robot 1 finished At time 149
Time 150
Robots Locations 0-(4,6) 1-(7,14) 2-(14,14) 3-(10,11) 4-(7,6)
Target Locations:  0-(15,15) 1-(12,3) 2-(7,6) 3-(14,8) 4-(6,10) 5-(11,6)
Task Assignment: 4-2 2-0 3-4 0-5 1-3
Robot 4 finished At time 153
Time 155
Robots Locations 0-(5,6) 1-(7,13) 2-(15,15) 3-(8,10) 4-(7,6)
Target Locations:  0-(15,15) 1-(12,3) 2-(14,8) 3-(6,10) 4-(11,6) 5-(3,13)
Task Assignment: 2-0 3-3 4-4 1-5 0-1
Robot 2 finished At time 156
Time 158
Robots Locations 0-(6,6) 1-(7,13) 2-(15,15) 3-(8,10) 4-(7,6)
Target Locations:  0-(12,3) 1-(14,8) 2-(6,10) 3-(11,6) 4-(3,13) 5-(9,8)
Task Assignment: 3-2 4-5 1-4 0-3 2-1
Robot 3 finished At time 164
Time 166
Robots Locations 0-(9,6) 1-(5,13) 2-(15,13) 3-(6,10) 4-(9,8)
Target Locations:  0-(12,3) 1-(14,8) 2-(11,6) 3-(3,13) 4-(9,8) 5-(10,13)
Task Assignment: 4-4 0-2 1-3 3-5 2-1
Robot 4 finished At time 168
Time 170
Robots Locations 0-(10,6) 1-(4,13) 2-(15,12) 3-(6,10) 4-(9,8)
Target Locations:  0-(12,3) 1-(14,8) 2-(11,6) 3-(3,13) 4-(10,13) 5-(14,14)
Task Assignment: 0-2 1-3 2-5 4-1 3-4
Robot 1 finished At time 173
Time 175
Robots Locations 0-(11,6) 1-(3,13) 2-(14,13) 3-(7,11) 4-(11,8)
Target Locations:  0-(12,3) 1-(14,8) 2-(11,6) 3-(10,13) 4-(14,14) 5-(5,15)
Task Assignment: 0-2 2-4 1-5 4-1 3-3
Robot 0 finished At time 176
Time 178
Robots Locations 0-(11,6) 1-(3,13) 2-(14,13) 3-(7,12) 4-(11,8)
Target Locations:  0-(12,3) 1-(14,8) 2-(10,13) 3-(14,14) 4-(5,15) 5-(3,5)
Task Assignment: 2-3 1-4 4-1 0-0 3-2
Robot 2 finished At time 182
Time 184
Robots Locations 0-(12,4) 1-(4,15) 2-(14,14) 3-(9,13) 4-(13,8)
Target Locations:  0-(12,3) 1-(14,8) 2-(10,13) 3-(5,15) 4-(3,5) 5-(8,5)
Task Assignment: 0-0 4-1 3-2 1-3 2-5
Robot 4 finished At time 187
Time 189
Robots Locations 0-(12,3) 1-(5,15) 2-(13,14) 3-(10,13) 4-(14,8)
Target Locations:  0-(12,3) 1-(10,13) 2-(5,15) 3-(3,5) 4-(8,5) 5-(11,7)
Task Assignment: 0-0 3-1 1-2 4-5 2-4
Robot 0 finished At time 190
Time 192
Robots Locations 0-(12,3) 1-(5,15) 2-(13,13) 3-(10,13) 4-(14,8)
Target Locations:  0-(10,13) 1-(5,15) 2-(3,5) 3-(8,5) 4-(11,7) 5-(5,6)
Task Assignment: 3-0 1-1 4-4 0-3 2-5
Robot 3 finished At time 192
Time 194
Robots Locations 0-(12,3) 1-(5,15) 2-(13,13) 3-(10,13) 4-(14,8)
Target Locations:  0-(5,15) 1-(3,5) 2-(8,5) 3-(11,7) 4-(5,6)
Task Assignment: 1-0 4-3 0-2 3-4 2-1
Robot 1 finished At time 194
Robot 4 finished At time 202
Robot 0 finished At time 204
Robot 3 finished At time 211
Robot 2 finished At time 222
number of collisions is 50
/mmdr
Time 3
Robots Locations 0-(3,3) 1-(6,6) 2-(9,9) 3-(12,12) 4-(15,15)
Target Locations:  0-(13,3) 1-(1,12) 2-(3,2) 3-(11,15) 4-(14,11) 5-(15,8)
Task Assignment: 0-2 1-0 2-4 3-5 4-3
Robot 0 finished At time 7
Time 9
Robots Locations 0-(3,2) 1-(8,5) 2-(11,10) 3-(13,11) 4-(14,16)
Target Locations:  0-(13,3) 1-(1,12) 2-(11,15) 3-(14,11) 4-(15,8) 5-(3,7)
Task Assignment: 0-5 1-0 2-3 3-4 4-2
Robot 4 finished At time 16
Time 18
Robots Locations 0-(3,5) 1-(11,4) 2-(14,11) 3-(15,8) 4-(11,15)
Target Locations:  0-(13,3) 1-(1,12) 2-(14,11) 3-(15,8) 4-(3,7) 5-(15,10)
Task Assignment: 0-4 1-0 2-5 3-3 4-2
Robot 3 finished At time 20
Time 22
Robots Locations 0-(3,6) 1-(12,3) 2-(15,11) 3-(15,8) 4-(11,15)
Target Locations:  0-(13,3) 1-(1,12) 2-(14,11) 3-(3,7) 4-(15,10) 5-(1,14)
Task Assignment: 0-1 1-3 2-4 3-0 4-2
Robot 2 finished At time 26
Time 28
Robots Locations 0-(2,8) 1-(12,4) 2-(15,10) 3-(14,6) 4-(12,13)
Target Locations:  0-(13,3) 1-(1,12) 2-(14,11) 3-(3,7) 4-(1,14) 5-(1,2)
Task Assignment: 0-1 1-3 2-2 3-0 4-4
Robot 2 finished At time 35
Time 38
Robots Locations 0-(1,12) 1-(8,6) 2-(14,11) 3-(13,3) 4-(9,13)
Target Locations:  0-(13,3) 1-(1,12) 2-(3,7) 3-(1,14) 4-(1,2) 5-(14,10)
Task Assignment: 0-1 1-2 2-5 3-0 4-3
Robot 3 finished At time 39
Time 42
Robots Locations 0-(1,12) 1-(7,6) 2-(14,11) 3-(13,3) 4-(8,13)
Target Locations:  0-(1,12) 1-(3,7) 2-(1,14) 3-(1,2) 4-(14,10) 5-(12,7)
Task Assignment: 0-0 1-1 2-4 3-5 4-2
Robot 0 finished At time 44
Time 46
Robots Locations 0-(1,12) 1-(6,6) 2-(13,11) 3-(12,3) 4-(7,13)
Target Locations:  0-(3,7) 1-(1,14) 2-(1,2) 3-(14,10) 4-(12,7) 5-(2,13)
Task Assignment: 0-1 1-0 2-3 3-4 4-5
Robot 2 finished At time 51
Time 53
Robots Locations 0-(1,14) 1-(4,7) 2-(14,10) 3-(12,5) 4-(5,13)
Target Locations:  0-(3,7) 1-(1,14) 2-(1,2) 3-(12,7) 4-(2,13) 5-(6,9)
Task Assignment: 0-1 1-0 2-3 3-5 4-4
Robot 0 finished At time 54
Time 57
Robots Locations 0-(1,14) 1-(3,7) 2-(14,10) 3-(12,6) 4-(5,13)
Target Locations:  0-(3,7) 1-(1,2) 2-(12,7) 3-(2,13) 4-(6,9) 5-(3,9)
Task Assignment: 0-3 1-0 2-2 3-4 4-5
Robot 1 finished At time 60
Time 62
Robots Locations 0-(2,14) 1-(3,7) 2-(13,8) 3-(11,6) 4-(4,12)
Target Locations:  0-(1,2) 1-(12,7) 2-(2,13) 3-(6,9) 4-(3,9) 5-(13,1)
Task Assignment: 0-2 1-4 2-1 3-5 4-3
Robot 0 finished At time 65
Time 68
Robots Locations 0-(2,13) 1-(3,9) 2-(12,7) 3-(10,5) 4-(5,10)
Target Locations:  0-(1,2) 1-(12,7) 2-(6,9) 3-(3,9) 4-(13,1) 5-(15,15)
Task Assignment: 0-3 1-0 2-1 3-4 4-2
Robot 2 finished At time 70
Time 72
Robots Locations 0-(2,12) 1-(4,9) 2-(12,7) 3-(11,4) 4-(6,9)
Target Locations:  0-(1,2) 1-(6,9) 2-(3,9) 3-(13,1) 4-(15,15) 5-(2,4)
Task Assignment: 0-2 1-0 2-1 3-3 4-5
Robot 0 finished At time 80
Time 82
Robots Locations 0-(3,9) 1-(2,5) 2-(8,8) 3-(13,1) 4-(4,6)
Target Locations:  0-(1,2) 1-(6,9) 2-(13,1) 3-(15,15) 4-(2,4) 5-(4,1)
Task Assignment: 0-4 1-0 2-1 3-2 4-5
Robot 3 finished At time 84
Time 87
Robots Locations 0-(3,8) 1-(2,4) 2-(7,8) 3-(13,1) 4-(4,5)
Target Locations:  0-(1,2) 1-(6,9) 2-(15,15) 3-(2,4) 4-(4,1) 5-(1,15)
Task Assignment: 0-5 1-0 2-1 3-4 4-3
Robot 2 finished At time 91
Time 93
Robots Locations 0-(2,9) 1-(1,2) 2-(6,9) 3-(11,0) 4-(2,4)
Target Locations:  0-(1,2) 1-(15,15) 2-(2,4) 3-(4,1) 4-(1,15) 5-(2,2)
Task Assignment: 0-4 1-0 2-2 3-3 4-5
Robot 1 finished At time 95
Time 97
Robots Locations 0-(2,10) 1-(1,2) 2-(5,9) 3-(10,0) 4-(2,3)
Target Locations:  0-(15,15) 1-(2,4) 2-(4,1) 3-(1,15) 4-(2,2) 5-(2,1)
Task Assignment: 0-3 1-5 2-1 3-2 4-4
Robot 1 finished At time 102
Time 104
Robots Locations 0-(1,12) 1-(2,1) 2-(4,7) 3-(8,1) 4-(2,2)
Target Locations:  0-(15,15) 1-(2,4) 2-(4,1) 3-(1,15) 4-(2,2) 5-(7,9)
Task Assignment: 0-3 1-4 2-5 3-2 4-1
Robot 1 finished At time 111
Time 113
Robots Locations 0-(1,15) 1-(2,2) 2-(6,8) 3-(4,1) 4-(2,4)
Target Locations:  0-(15,15) 1-(2,4) 2-(4,1) 3-(1,15) 4-(7,9) 5-(10,8)
Task Assignment: 0-3 1-1 2-5 3-2 4-4
Robot 0 finished At time 114
Time 116
Robots Locations 0-(1,15) 1-(2,2) 2-(6,8) 3-(4,1) 4-(2,4)
Target Locations:  0-(15,15) 1-(2,4) 2-(4,1) 3-(7,9) 4-(10,8) 5-(9,15)
Task Assignment: 0-5 1-1 2-4 3-2 4-3
Robot 3 finished At time 119
Time 121
Robots Locations 0-(2,15) 1-(2,3) 2-(7,8) 3-(4,1) 4-(3,5)
Target Locations:  0-(15,15) 1-(2,4) 2-(7,9) 3-(10,8) 4-(9,15) 5-(2,15)
Task Assignment: 0-5 1-2 2-4 3-1 4-3
Robot 0 finished At time 126
Time 128
Robots Locations 0-(2,15) 1-(3,5) 2-(8,10) 3-(3,3) 4-(5,6)
Target Locations:  0-(15,15) 1-(2,4) 2-(7,9) 3-(10,8) 4-(9,15) 5-(2,9)
Task Assignment: 0-5 1-2 2-4 3-1 4-3
Robot 3 finished At time 133
Time 135
Robots Locations 0-(2,13) 1-(5,7) 2-(8,12) 3-(2,4) 4-(7,7)
Target Locations:  0-(15,15) 1-(7,9) 2-(10,8) 3-(9,15) 4-(2,9) 5-(4,5)
Task Assignment: 0-4 1-1 2-3 3-5 4-2
Robot 3 finished At time 141
Time 144
Robots Locations 0-(2,9) 1-(7,9) 2-(9,15) 3-(4,5) 4-(10,8)
Target Locations:  0-(15,15) 1-(7,9) 2-(10,8) 3-(9,15) 4-(2,9) 5-(10,7)
Task Assignment: 0-4 1-5 2-3 3-1 4-2
Robot 2 finished At time 144
Time 147
Robots Locations 0-(2,9) 1-(7,9) 2-(9,15) 3-(4,5) 4-(10,8)
Target Locations:  0-(15,15) 1-(7,9) 2-(10,8) 3-(2,9) 4-(10,7) 5-(5,2)
Task Assignment: 0-3 1-1 2-0 3-5 4-2
Robot 4 finished At time 147
Time 150
Robots Locations 0-(2,9) 1-(7,9) 2-(9,15) 3-(4,5) 4-(10,8)
Target Locations:  0-(15,15) 1-(7,9) 2-(2,9) 3-(10,7) 4-(5,2) 5-(12,12)
Task Assignment: 0-2 1-1 2-5 3-4 4-3
Robot 0 finished At time 151
Time 153
Robots Locations 0-(2,9) 1-(7,9) 2-(10,15) 3-(5,5) 4-(10,8)
Target Locations:  0-(15,15) 1-(7,9) 2-(10,7) 3-(5,2) 4-(12,12) 5-(7,15)
Task Assignment: 0-1 1-2 2-5 3-3 4-4
Robot 3 finished At time 160
Time 163
Robots Locations 0-(6,9) 1-(10,7) 2-(7,15) 3-(5,2) 4-(12,11)
Target Locations:  0-(15,15) 1-(7,9) 2-(10,7) 3-(12,12) 4-(7,15) 5-(7,2)
Task Assignment: 0-1 1-2 2-4 3-5 4-3
Robot 1 finished At time 164
Time 166
Robots Locations 0-(6,9) 1-(10,7) 2-(7,15) 3-(5,2) 4-(12,11)
Target Locations:  0-(15,15) 1-(7,9) 2-(12,12) 3-(7,15) 4-(7,2) 5-(4,8)
Task Assignment: 0-5 1-1 2-3 3-4 4-2
Robot 2 finished At time 166
Time 169
Robots Locations 0-(6,9) 1-(10,7) 2-(7,15) 3-(5,2) 4-(12,12)
Target Locations:  0-(15,15) 1-(7,9) 2-(12,12) 3-(7,2) 4-(4,8) 5-(7,14)
Task Assignment: 0-4 1-1 2-5 3-3 4-2
Robot 4 finished At time 172
Time 174
Robots Locations 0-(6,8) 1-(9,6) 2-(7,14) 3-(7,2) 4-(12,12)
Target Locations:  0-(15,15) 1-(7,9) 2-(7,2) 3-(4,8) 4-(7,14) 5-(9,11)
Task Assignment: 0-3 1-1 2-4 3-2 4-5
Robot 2 finished At time 176
Time 179
Robots Locations 0-(5,8) 1-(9,7) 2-(7,14) 3-(7,2) 4-(11,13)
Target Locations:  0-(15,15) 1-(7,9) 2-(7,2) 3-(4,8) 4-(9,11) 5-(12,3)
Task Assignment: 0-3 1-1 2-4 3-2 4-0
Robot 3 finished At time 179
Time 182
Robots Locations 0-(5,8) 1-(9,7) 2-(7,14) 3-(7,2) 4-(11,12)
Target Locations:  0-(15,15) 1-(7,9) 2-(4,8) 3-(9,11) 4-(12,3) 5-(7,6)
Task Assignment: 0-2 1-1 2-3 3-5 4-0
Robot 0 finished At time 185
Time 188
Robots Locations 0-(4,8) 1-(7,9) 2-(8,13) 3-(7,4) 4-(11,13)
Target Locations:  0-(15,15) 1-(7,9) 2-(9,11) 3-(12,3) 4-(7,6) 5-(14,8)
Task Assignment: 0-4 1-1 2-2 3-3 4-0
Robot 1 finished At time 191
Time 193
Robots Locations 0-(4,7) 1-(7,9) 2-(9,11) 3-(8,4) 4-(13,14)
Target Locations:  0-(15,15) 1-(9,11) 2-(12,3) 3-(7,6) 4-(14,8) 5-(6,10)
Task Assignment: 0-3 1-5 2-1 3-2 4-0
Robot 2 finished At time 195
Time 198
Robots Locations 0-(5,7) 1-(6,10) 2-(9,11) 3-(10,4) 4-(14,15)
Target Locations:  0-(15,15) 1-(12,3) 2-(7,6) 3-(14,8) 4-(6,10) 5-(11,6)
Task Assignment: 0-2 1-4 2-3 3-1 4-0
Robot 1 finished At time 200
Time 202
Robots Locations 0-(6,6) 1-(6,10) 2-(10,10) 3-(11,3) 4-(15,15)
Target Locations:  0-(15,15) 1-(12,3) 2-(7,6) 3-(14,8) 4-(11,6) 5-(3,13)
Task Assignment: 0-2 1-5 2-3 3-1 4-0
Robot 4 finished At time 204
Time 207
Robots Locations 0-(7,6) 1-(5,11) 2-(11,10) 3-(12,3) 4-(15,15)
Target Locations:  0-(12,3) 1-(7,6) 2-(14,8) 3-(11,6) 4-(3,13) 5-(9,8)
Task Assignment: 0-1 1-4 2-5 3-0 4-2
Robot 0 finished At time 207
Time 210
Robots Locations 0-(7,6) 1-(5,11) 2-(11,10) 3-(12,3) 4-(15,15)
Target Locations:  0-(12,3) 1-(14,8) 2-(11,6) 3-(3,13) 4-(9,8) 5-(10,13)
Task Assignment: 0-4 1-3 2-1 3-0 4-5
Robot 3 finished At time 212
Time 214
Robots Locations 0-(8,7) 1-(4,12) 2-(12,9) 3-(12,3) 4-(16,14)
Target Locations:  0-(14,8) 1-(11,6) 2-(3,13) 3-(9,8) 4-(10,13) 5-(14,14)
Task Assignment: 0-3 1-2 2-0 3-1 4-5
Robot 4 finished At time 219
Time 222
Robots Locations 0-(9,8) 1-(3,13) 2-(14,8) 3-(12,5) 4-(14,14)
Target Locations:  0-(14,8) 1-(11,6) 2-(3,13) 3-(9,8) 4-(10,13) 5-(5,15)
Task Assignment: 0-3 1-2 2-0 3-1 4-4
Robot 1 finished At time 222
Time 225
Robots Locations 0-(9,8) 1-(3,13) 2-(14,8) 3-(12,5) 4-(14,14)
Target Locations:  0-(14,8) 1-(11,6) 2-(9,8) 3-(10,13) 4-(5,15) 5-(3,5)
Task Assignment: 0-2 1-4 2-0 3-1 4-3
Robot 0 finished At time 225
Time 227
Robots Locations 0-(9,8) 1-(3,13) 2-(14,8) 3-(11,5) 4-(14,14)
Target Locations:  0-(14,8) 1-(11,6) 2-(10,13) 3-(5,15) 4-(3,5) 5-(8,5)
Task Assignment: 0-5 1-3 2-0 3-1 4-2
Robot 2 finished At time 229
Time 231
Robots Locations 0-(9,8) 1-(3,14) 2-(14,8) 3-(11,6) 4-(13,14)
Target Locations:  0-(11,6) 1-(10,13) 2-(5,15) 3-(3,5) 4-(8,5) 5-(11,7)
Task Assignment: 0-4 1-2 2-5 3-0 4-1
Robot 3 finished At time 233
Time 236
Robots Locations 0-(9,7) 1-(4,14) 2-(14,7) 3-(11,6) 4-(12,13)
Target Locations:  0-(10,13) 1-(5,15) 2-(3,5) 3-(8,5) 4-(11,7) 5-(5,6)
Task Assignment: 0-5 1-1 2-4 3-3 4-0
Robot 1 finished At time 240
Time 242
Robots Locations 0-(7,7) 1-(5,15) 2-(12,7) 3-(9,6) 4-(10,13)
Target Locations:  0-(10,13) 1-(3,5) 2-(8,5) 3-(11,7) 4-(5,6)
Task Assignment: 0-1 1-0 2-2 3-4 4-3
Robot 2 finished At time 252
Robot 3 finished At time 252
Robot 0 finished At time 252
Robot 1 finished At time 254
Robot 4 finished At time 255
number of collisions is 28
/mmd_msd2
Time 2
Robots Locations 0-(3,2) 1-(6,6) 2-(9,9) 3-(12,12) 4-(15,15)
Target Locations:  0-(13,3) 1-(1,12) 2-(3,2) 3-(11,15) 4-(14,11) 5-(15,8)
Task Assignment: 0-2 1-0 2-5 3-4 4-3
Robot 0 finished At time 5
Time 7
Robots Locations 0-(3,2) 1-(7,5) 2-(10,9) 3-(13,11) 4-(14,15)
Target Locations:  0-(13,3) 1-(1,12) 2-(11,15) 3-(14,11) 4-(15,8) 5-(3,7)
Task Assignment: 0-5 1-0 2-3 3-4 4-2
Robot 4 finished At time 14
Time 16
Robots Locations 0-(3,5) 1-(11,4) 2-(14,11) 3-(15,8) 4-(11,15)
Target Locations:  0-(13,3) 1-(1,12) 2-(14,11) 3-(15,8) 4-(3,7) 5-(15,10)
Task Assignment: 0-4 1-0 2-5 3-3 4-2
Robot 3 finished At time 18
Time 20
Robots Locations 0-(3,6) 1-(12,3) 2-(15,10) 3-(15,8) 4-(11,14)
Target Locations:  0-(13,3) 1-(1,12) 2-(14,11) 3-(3,7) 4-(15,10) 5-(1,14)
Task Assignment: 0-1 1-3 2-4 3-0 4-2
Robot 2 finished At time 23
Time 25
Robots Locations 0-(2,7) 1-(12,4) 2-(15,10) 3-(15,7) 4-(12,13)
Target Locations:  0-(13,3) 1-(1,12) 2-(14,11) 3-(3,7) 4-(1,14) 5-(1,2)
Task Assignment: 0-1 1-3 2-2 3-0 4-4
Robot 2 finished At time 32
Time 35
Robots Locations 0-(1,11) 1-(8,5) 2-(14,11) 3-(13,3) 4-(9,13)
Target Locations:  0-(13,3) 1-(1,12) 2-(3,7) 3-(1,14) 4-(1,2) 5-(14,10)
Task Assignment: 0-1 1-2 2-5 3-0 4-3
Robot 3 finished At time 36
Time 38
Robots Locations 0-(1,12) 1-(7,6) 2-(13,11) 3-(13,3) 4-(8,13)
Target Locations:  0-(1,12) 1-(3,7) 2-(1,14) 3-(1,2) 4-(14,10) 5-(12,7)
Task Assignment: 0-0 1-1 2-4 3-5 4-2
Robot 0 finished At time 40
Time 42
Robots Locations 0-(1,12) 1-(6,6) 2-(13,11) 3-(12,3) 4-(7,13)
Target Locations:  0-(3,7) 1-(1,14) 2-(1,2) 3-(14,10) 4-(12,7) 5-(2,13)
Task Assignment: 0-1 1-0 2-3 3-4 4-5
Robot 2 finished At time 47
Time 49
Robots Locations 0-(1,14) 1-(4,7) 2-(14,10) 3-(12,5) 4-(5,13)
Target Locations:  0-(3,7) 1-(1,14) 2-(1,2) 3-(12,7) 4-(2,13) 5-(6,9)
Task Assignment: 0-1 1-0 2-3 3-5 4-4
Robot 0 finished At time 51
Time 53
Robots Locations 0-(1,14) 1-(4,7) 2-(14,9) 3-(12,5) 4-(4,13)
Target Locations:  0-(3,7) 1-(1,2) 2-(12,7) 3-(2,13) 4-(6,9) 5-(3,9)
Task Assignment: 0-3 1-0 2-2 3-4 4-5
Robot 1 finished At time 56
Time 58
Robots Locations 0-(2,14) 1-(3,7) 2-(13,8) 3-(10,6) 4-(3,12)
Target Locations:  0-(1,2) 1-(12,7) 2-(2,13) 3-(6,9) 4-(3,9) 5-(13,1)
Task Assignment: 0-2 1-3 2-1 3-5 4-4
Robot 0 finished At time 62
Time 64
Robots Locations 0-(2,13) 1-(4,8) 2-(12,7) 3-(10,5) 4-(3,10)
Target Locations:  0-(1,2) 1-(12,7) 2-(6,9) 3-(3,9) 4-(13,1) 5-(15,15)
Task Assignment: 0-3 1-0 2-1 3-4 4-2
Robot 2 finished At time 65
Time 67
Robots Locations 0-(2,12) 1-(4,8) 2-(12,7) 3-(10,4) 4-(3,9)
Target Locations:  0-(1,2) 1-(6,9) 2-(3,9) 3-(13,1) 4-(15,15) 5-(2,4)
Task Assignment: 0-2 1-0 2-1 3-3 4-5
Robot 3 finished At time 86
Time 88
Robots Locations 0-(3,9) 1-(2,3) 2-(7,9) 3-(13,1) 4-(2,4)
Target Locations:  0-(1,2) 1-(6,9) 2-(3,9) 3-(15,15) 4-(2,4) 5-(4,1)
Task Assignment: 0-2 1-0 2-1 3-5 4-4
Robot 0 finished At time 89
Time 91
Robots Locations 0-(3,9) 1-(2,3) 2-(7,9) 3-(13,1) 4-(2,4)
Target Locations:  0-(1,2) 1-(6,9) 2-(15,15) 3-(2,4) 4-(4,1) 5-(1,15)
Task Assignment: 0-5 1-0 2-1 3-4 4-3
Robot 4 finished At time 93
Time 95
Robots Locations 0-(2,9) 1-(1,2) 2-(6,9) 3-(12,0) 4-(2,4)
Target Locations:  0-(1,2) 1-(6,9) 2-(15,15) 3-(4,1) 4-(1,15) 5-(2,2)
Task Assignment: 0-4 1-0 2-1 3-3 4-5
Robot 1 finished At time 97
Time 99
Robots Locations 0-(2,9) 1-(1,2) 2-(6,9) 3-(12,0) 4-(2,3)
Target Locations:  0-(6,9) 1-(15,15) 2-(4,1) 3-(1,15) 4-(2,2) 5-(2,1)
Task Assignment: 0-3 1-5 2-0 3-2 4-4
Robot 2 finished At time 99
Time 101
Robots Locations 0-(2,10) 1-(1,2) 2-(6,9) 3-(11,0) 4-(2,3)
Target Locations:  0-(15,15) 1-(4,1) 2-(1,15) 3-(2,2) 4-(2,1) 5-(7,9)
Task Assignment: 0-2 1-4 2-5 3-1 4-3
Robot 1 finished At time 106
Time 108
Robots Locations 0-(2,12) 1-(2,1) 2-(7,9) 3-(9,1) 4-(2,2)
Target Locations:  0-(15,15) 1-(4,1) 2-(1,15) 3-(2,2) 4-(7,9) 5-(10,8)
Task Assignment: 0-2 1-1 2-4 3-5 4-3
Robot 2 finished At time 109
Time 111
Robots Locations 0-(1,13) 1-(3,1) 2-(7,9) 3-(9,1) 4-(2,2)
Target Locations:  0-(15,15) 1-(4,1) 2-(1,15) 3-(2,2) 4-(10,8) 5-(9,15)
Task Assignment: 0-2 1-1 2-5 3-4 4-3
Robot 4 finished At time 112
Time 114
Robots Locations 0-(1,13) 1-(3,1) 2-(7,9) 3-(9,1) 4-(2,2)
Target Locations:  0-(15,15) 1-(4,1) 2-(1,15) 3-(10,8) 4-(9,15) 5-(2,15)
Task Assignment: 0-2 1-1 2-4 3-3 4-5
Robot 1 finished At time 117
Time 119
Robots Locations 0-(1,15) 1-(4,1) 2-(8,10) 3-(9,3) 4-(2,3)
Target Locations:  0-(15,15) 1-(1,15) 2-(10,8) 3-(9,15) 4-(2,15) 5-(2,9)
Task Assignment: 0-1 1-5 2-3 3-2 4-4
Robot 0 finished At time 121
Time 123
Robots Locations 0-(1,15) 1-(4,2) 2-(8,11) 3-(9,4) 4-(2,4)
Target Locations:  0-(15,15) 1-(10,8) 2-(9,15) 3-(2,15) 4-(2,9) 5-(4,5)
Task Assignment: 0-3 1-5 2-2 3-1 4-4
Robot 0 finished At time 128
Time 130
Robots Locations 0-(2,15) 1-(4,4) 2-(9,14) 3-(10,7) 4-(2,7)
Target Locations:  0-(15,15) 1-(10,8) 2-(9,15) 3-(2,9) 4-(4,5) 5-(10,7)
Task Assignment: 0-3 1-5 2-2 3-1 4-4
Robot 2 finished At time 134
Time 136
Robots Locations 0-(2,13) 1-(6,6) 2-(9,15) 3-(10,8) 4-(3,6)
Target Locations:  0-(15,15) 1-(10,8) 2-(2,9) 3-(4,5) 4-(10,7) 5-(5,2)
Task Assignment: 0-2 1-4 2-0 3-1 4-3
Robot 3 finished At time 136
Time 138
Robots Locations 0-(2,12) 1-(6,6) 2-(9,15) 3-(10,8) 4-(3,6)
Target Locations:  0-(15,15) 1-(2,9) 2-(4,5) 3-(10,7) 4-(5,2) 5-(12,12)
Task Assignment: 0-1 1-4 2-5 3-3 4-2
Robot 4 finished At time 142
Time 144
Robots Locations 0-(2,10) 1-(6,4) 2-(10,14) 3-(10,7) 4-(4,5)
Target Locations:  0-(15,15) 1-(2,9) 2-(10,7) 3-(5,2) 4-(12,12) 5-(7,15)
Task Assignment: 0-1 1-2 2-5 3-4 4-3
Robot 0 finished At time 147
Time 149
Robots Locations 0-(2,9) 1-(7,4) 2-(9,14) 3-(10,9) 4-(5,3)
Target Locations:  0-(15,15) 1-(10,7) 2-(5,2) 3-(12,12) 4-(7,15) 5-(7,2)
Task Assignment: 0-4 1-5 2-3 3-1 4-2
Robot 4 finished At time 153
Time 155
Robots Locations 0-(3,9) 1-(8,3) 2-(9,13) 3-(11,8) 4-(5,2)
Target Locations:  0-(15,15) 1-(10,7) 2-(12,12) 3-(7,15) 4-(7,2) 5-(4,8)
Task Assignment: 0-5 1-1 2-3 3-2 4-4
Robot 0 finished At time 161
Time 163
Robots Locations 0-(4,8) 1-(9,4) 2-(8,14) 3-(12,9) 4-(7,2)
Target Locations:  0-(15,15) 1-(10,7) 2-(12,12) 3-(7,15) 4-(7,2) 5-(7,14)
Task Assignment: 0-5 1-1 2-3 3-2 4-4
Robot 4 finished At time 163
Time 165
Robots Locations 0-(4,8) 1-(9,4) 2-(8,14) 3-(12,9) 4-(7,2)
Target Locations:  0-(15,15) 1-(10,7) 2-(12,12) 3-(7,15) 4-(7,14) 5-(9,11)
Task Assignment: 0-4 1-5 2-3 3-2 4-1
Robot 2 finished At time 170
Time 172
Robots Locations 0-(5,9) 1-(9,7) 2-(7,15) 3-(12,12) 4-(8,4)
Target Locations:  0-(15,15) 1-(10,7) 2-(12,12) 3-(7,14) 4-(9,11) 5-(12,3)
Task Assignment: 0-4 1-1 2-3 3-2 4-5
Robot 3 finished At time 174
Time 176
Robots Locations 0-(6,10) 1-(10,7) 2-(7,14) 3-(12,12) 4-(9,4)
Target Locations:  0-(15,15) 1-(10,7) 2-(7,14) 3-(9,11) 4-(12,3) 5-(7,6)
Task Assignment: 0-3 1-1 2-2 3-0 4-5
Robot 1 finished At time 178
Time 180
Robots Locations 0-(7,10) 1-(10,7) 2-(7,14) 3-(13,13) 4-(10,4)
Target Locations:  0-(15,15) 1-(7,14) 2-(9,11) 3-(12,3) 4-(7,6) 5-(14,8)
Task Assignment: 0-2 1-4 2-1 3-0 4-3
Robot 2 finished At time 181
Time 183
Robots Locations 0-(8,10) 1-(10,6) 2-(7,14) 3-(13,13) 4-(10,5)
Target Locations:  0-(15,15) 1-(9,11) 2-(12,3) 3-(7,6) 4-(14,8) 5-(6,10)
Task Assignment: 0-5 1-3 2-1 3-0 4-2
Robot 4 finished At time 189
Time 191
Robots Locations 0-(6,10) 1-(7,6) 2-(9,11) 3-(15,15) 4-(12,3)
Target Locations:  0-(15,15) 1-(9,11) 2-(7,6) 3-(14,8) 4-(6,10) 5-(11,6)
Task Assignment: 0-4 1-2 2-1 3-0 4-5
Robot 3 finished At time 192
Time 194
Robots Locations 0-(6,10) 1-(7,6) 2-(9,11) 3-(15,15) 4-(12,3)
Target Locations:  0-(9,11) 1-(7,6) 2-(14,8) 3-(6,10) 4-(11,6) 5-(3,13)
Task Assignment: 0-3 1-1 2-0 3-2 4-4
Robot 1 finished At time 195
Time 197
Robots Locations 0-(6,10) 1-(7,6) 2-(9,11) 3-(16,15) 4-(13,3)
Target Locations:  0-(9,11) 1-(14,8) 2-(6,10) 3-(11,6) 4-(3,13) 5-(9,8)
Task Assignment: 0-2 1-5 2-0 3-1 4-3
Robot 2 finished At time 198
Time 200
Robots Locations 0-(6,10) 1-(7,6) 2-(9,11) 3-(16,15) 4-(13,3)
Target Locations:  0-(14,8) 1-(6,10) 2-(11,6) 3-(3,13) 4-(9,8) 5-(10,13)
Task Assignment: 0-1 1-4 2-0 3-5 4-2
Robot 0 finished At time 200
Time 202
Robots Locations 0-(6,10) 1-(7,6) 2-(9,11) 3-(16,15) 4-(13,3)
Target Locations:  0-(14,8) 1-(11,6) 2-(3,13) 3-(9,8) 4-(10,13) 5-(14,14)
Task Assignment: 0-2 1-3 2-4 3-5 4-1
Robot 3 finished At time 208
Time 209
Robots Locations 0-(4,12) 1-(9,8) 2-(10,13) 3-(14,14) 4-(11,6)
Target Locations:  0-(14,8) 1-(11,6) 2-(3,13) 3-(9,8) 4-(10,13) 5-(5,15)
Task Assignment: 0-2 1-3 2-5 3-4 4-1
Robot 4 finished At time 211
Time 214
Robots Locations 0-(3,13) 1-(9,8) 2-(9,13) 3-(13,14) 4-(11,6)
Target Locations:  0-(14,8) 1-(3,13) 2-(9,8) 3-(10,13) 4-(5,15) 5-(3,5)
Task Assignment: 0-1 1-2 2-4 3-3 4-0
Robot 1 finished At time 214
Time 216
Robots Locations 0-(3,13) 1-(9,8) 2-(9,14) 3-(13,14) 4-(11,6)
Target Locations:  0-(14,8) 1-(3,13) 2-(10,13) 3-(5,15) 4-(3,5) 5-(8,5)
Task Assignment: 0-1 1-5 2-3 3-2 4-0
Robot 0 finished At time 218
Time 220
Robots Locations 0-(3,13) 1-(10,7) 2-(8,14) 3-(12,13) 4-(11,7)
Target Locations:  0-(14,8) 1-(10,13) 2-(5,15) 3-(3,5) 4-(8,5) 5-(11,7)
Task Assignment: 0-2 1-4 2-1 3-0 4-5
Robot 4 finished At time 226
Time 228
Robots Locations 0-(5,15) 1-(8,5) 2-(10,13) 3-(13,11) 4-(11,7)
Target Locations:  0-(14,8) 1-(10,13) 2-(5,15) 3-(3,5) 4-(8,5) 5-(5,6)
Task Assignment: 0-2 1-5 2-1 3-0 4-4
Robot 0 finished At time 229
Time 231
Robots Locations 0-(5,15) 1-(7,5) 2-(10,13) 3-(13,10) 4-(11,6)
Target Locations:  0-(14,8) 1-(10,13) 2-(3,5) 3-(8,5) 4-(5,6)
Task Assignment: 0-1 1-2 2-0 3-3 4-4
Robot 1 finished At time 241
Robot 0 finished At time 242
Robot 4 finished At time 243
Robot 2 finished At time 244
Robot 3 finished At time 245
number of collisions is 10
