Goals: (3,13) (13,7) (5,15) (7,7) (8,1) (9,12) (2,9) (10,10) (8,12) (8,8) (8,3) (7,2) (4,1) (5,4) (2,13) (13,10) (1,6) (14,11) (7,15) (15,7) (1,10) (13,1) (14,5) (15,6) (7,14) (6,6) (9,2) (7,10) (4,10) (8,4) (6,11) (3,6) (12,12) (11,2) (3,5) (12,3) (11,1) (12,4) (1,1) (1,8) (1,11) (3,7) (10,8) (6,10) (1,2) (12,10) (11,12) (15,13) (5,1) (4,15)
/MURDOCH
Time 2
Robots Locations 0-(3,3) 1-(7,6) 2-(8,9) 3-(12,12) 4-(15,15)
Target Locations:  0-(4,15) 1-(5,1) 2-(15,13) 3-(11,12) 4-(12,10) 5-(1,2)
Task Assignment: 4-1 2-0 0-2 3-3 1-4
Robot 3 finished At time 9
Time 11
Robots Locations 0-(5,4) 1-(9,8) 2-(6,12) 3-(11,12) 4-(14,13)
Target Locations:  0-(4,15) 1-(5,1) 2-(15,13) 3-(12,10) 4-(1,2) 5-(6,10)
Task Assignment: 4-1 2-0 0-2 1-3 3-5
Robot 2 finished At time 19
Time 21
Robots Locations 0-(9,7) 1-(12,10) 2-(4,15) 3-(7,10) 4-(13,10)
Target Locations:  0-(5,1) 1-(15,13) 2-(12,10) 3-(1,2) 4-(6,10) 5-(10,8)
Task Assignment: 4-0 0-1 1-2 3-4 2-5
Robot 3 finished At time 24
Time 26
Robots Locations 0-(10,8) 1-(12,10) 2-(5,15) 3-(6,10) 4-(12,8)
Target Locations:  0-(5,1) 1-(15,13) 2-(12,10) 3-(1,2) 4-(10,8) 5-(3,7)
Task Assignment: 4-0 0-1 1-2 2-4 3-5
Robot 1 finished At time 28
Time 30
Robots Locations 0-(11,9) 1-(12,10) 2-(5,14) 3-(5,9) 4-(11,8)
Target Locations:  0-(5,1) 1-(15,13) 2-(1,2) 3-(10,8) 4-(3,7) 5-(1,11)
Task Assignment: 4-0 0-1 2-3 3-4 1-5
Robot 3 finished At time 41
Time 43
Robots Locations 0-(13,11) 1-(10,9) 2-(8,11) 3-(3,7) 4-(8,4)
Target Locations:  0-(5,1) 1-(15,13) 2-(1,2) 3-(10,8) 4-(1,11) 5-(1,8)
Task Assignment: 4-0 0-1 2-3 1-4 3-5
Robot 3 finished At time 50
Time 52
Robots Locations 0-(15,13) 1-(7,10) 2-(10,9) 3-(1,8) 4-(6,2)
Target Locations:  0-(5,1) 1-(15,13) 2-(1,2) 3-(10,8) 4-(1,11) 5-(1,1)
Task Assignment: 4-0 0-1 2-3 1-4 3-2
Robot 0 finished At time 52
Time 54
Robots Locations 0-(15,13) 1-(6,10) 2-(10,9) 3-(1,8) 4-(5,2)
Target Locations:  0-(5,1) 1-(1,2) 2-(10,8) 3-(1,11) 4-(1,1) 5-(12,4)
Task Assignment: 4-0 2-2 1-3 3-1 0-5
Robot 4 finished At time 58
Time 60
Robots Locations 0-(15,12) 1-(5,10) 2-(10,8) 3-(0,7) 4-(5,1)
Target Locations:  0-(1,2) 1-(10,8) 2-(1,11) 3-(1,1) 4-(12,4) 5-(11,1)
Task Assignment: 2-1 1-2 3-0 0-4 4-3
Robot 2 finished At time 61
Time 63
Robots Locations 0-(15,12) 1-(4,10) 2-(10,8) 3-(0,6) 4-(5,1)
Target Locations:  0-(1,2) 1-(1,11) 2-(1,1) 3-(12,4) 4-(11,1) 5-(12,3)
Task Assignment: 1-1 3-0 0-3 4-2 2-5
Robot 1 finished At time 71
Time 73
Robots Locations 0-(14,8) 1-(1,11) 2-(12,4) 3-(1,2) 4-(1,1)
Target Locations:  0-(1,2) 1-(1,1) 2-(12,4) 3-(11,1) 4-(12,3) 5-(3,5)
Task Assignment: 3-0 0-2 4-1 2-4 1-5
Robot 4 finished At time 74
Time 76
Robots Locations 0-(13,7) 1-(1,11) 2-(12,4) 3-(1,2) 4-(1,1)
Target Locations:  0-(1,2) 1-(12,4) 2-(11,1) 3-(12,3) 4-(3,5) 5-(11,2)
Task Assignment: 3-0 0-1 2-3 1-4 4-2
Robot 3 finished At time 78
Time 80
Robots Locations 0-(13,6) 1-(1,10) 2-(12,3) 3-(1,2) 4-(1,0)
Target Locations:  0-(12,4) 1-(11,1) 2-(12,3) 3-(3,5) 4-(11,2) 5-(12,12)
Task Assignment: 0-0 2-2 1-3 4-1 3-4
Robot 2 finished At time 82
Time 83
Robots Locations 0-(13,5) 1-(1,9) 2-(12,3) 3-(1,2) 4-(2,0)
Target Locations:  0-(12,4) 1-(11,1) 2-(3,5) 3-(11,2) 4-(12,12) 5-(3,6)
Task Assignment: 0-0 1-2 4-1 3-3 2-4
Robot 1 finished At time 94
Time 97
Robots Locations 0-(12,5) 1-(3,5) 2-(11,4) 3-(7,2) 4-(7,1)
Target Locations:  0-(12,4) 1-(11,1) 2-(11,2) 3-(12,12) 4-(3,6) 5-(6,11)
Task Assignment: 0-0 4-1 3-2 2-3 1-4
Robot 1 finished At time 104
Time 106
Robots Locations 0-(12,4) 1-(3,6) 2-(11,5) 3-(10,2) 4-(10,1)
Target Locations:  0-(12,4) 1-(11,1) 2-(11,2) 3-(12,12) 4-(6,11) 5-(8,4)
Task Assignment: 0-0 4-1 3-2 2-3 1-5
Robot 0 finished At time 109
Time 111
Robots Locations 0-(12,4) 1-(3,7) 2-(11,7) 3-(11,2) 4-(11,1)
Target Locations:  0-(11,1) 1-(11,2) 2-(12,12) 3-(6,11) 4-(8,4) 5-(4,10)
Task Assignment: 4-0 3-1 2-2 1-4 0-3
Robot 4 finished At time 112
Time 114
Robots Locations 0-(12,4) 1-(4,7) 2-(11,7) 3-(11,2) 4-(11,1)
Target Locations:  0-(11,2) 1-(12,12) 2-(6,11) 3-(8,4) 4-(4,10) 5-(7,10)
Task Assignment: 3-0 2-1 1-3 0-2 4-5
Robot 3 finished At time 114
Time 116
Robots Locations 0-(12,3) 1-(4,6) 2-(11,7) 3-(11,2) 4-(11,1)
Target Locations:  0-(12,12) 1-(6,11) 2-(8,4) 3-(4,10) 4-(7,10) 5-(9,2)
Task Assignment: 2-0 1-2 0-1 4-4 3-5
Robot 1 finished At time 127
Time 129
Robots Locations 0-(8,8) 1-(8,4) 2-(12,12) 3-(10,2) 4-(9,4)
Target Locations:  0-(12,12) 1-(6,11) 2-(4,10) 3-(7,10) 4-(9,2) 5-(6,6)
Task Assignment: 2-0 0-1 4-3 3-4 1-5
Robot 2 finished At time 129
Time 131
Robots Locations 0-(8,8) 1-(8,4) 2-(12,12) 3-(10,2) 4-(9,4)
Target Locations:  0-(6,11) 1-(4,10) 2-(7,10) 3-(9,2) 4-(6,6) 5-(7,14)
Task Assignment: 0-0 4-2 3-3 1-4 2-5
Robot 3 finished At time 135
Time 137
Robots Locations 0-(7,10) 1-(8,5) 2-(11,13) 3-(9,2) 4-(9,6)
Target Locations:  0-(6,11) 1-(4,10) 2-(7,10) 3-(6,6) 4-(7,14) 5-(15,6)
Task Assignment: 0-0 4-2 1-3 2-4 3-5
Robot 0 finished At time 142
Time 144
Robots Locations 0-(6,11) 1-(6,6) 2-(8,14) 3-(10,4) 4-(8,8)
Target Locations:  0-(4,10) 1-(7,10) 2-(6,6) 3-(7,14) 4-(15,6) 5-(14,5)
Task Assignment: 4-1 1-2 2-3 3-4 0-0
Robot 1 finished At time 145
Time 148
Robots Locations 0-(5,11) 1-(6,6) 2-(7,14) 3-(11,4) 4-(7,9)
Target Locations:  0-(4,10) 1-(7,10) 2-(7,14) 3-(15,6) 4-(14,5) 5-(13,1)
Task Assignment: 4-1 2-2 3-3 0-0 1-4
Robot 2 finished At time 150
Time 152
Robots Locations 0-(4,10) 1-(7,7) 2-(7,14) 3-(12,4) 4-(7,10)
Target Locations:  0-(4,10) 1-(7,10) 2-(15,6) 3-(14,5) 4-(13,1) 5-(1,10)
Task Assignment: 4-1 3-2 0-0 1-3 2-5
Robot 4 finished At time 154
Time 156
Robots Locations 0-(4,10) 1-(7,7) 2-(6,14) 3-(13,5) 4-(7,10)
Target Locations:  0-(4,10) 1-(15,6) 2-(14,5) 3-(13,1) 4-(1,10) 5-(15,7)
Task Assignment: 3-1 0-0 1-2 2-4 4-5
Robot 0 finished At time 157
Time 159
Robots Locations 0-(4,10) 1-(8,6) 2-(6,13) 3-(13,5) 4-(7,10)
Target Locations:  0-(15,6) 1-(14,5) 2-(13,1) 3-(1,10) 4-(15,7) 5-(7,15)
Task Assignment: 3-0 1-1 2-3 4-4 0-5
Robot 3 finished At time 165
Time 167
Robots Locations 0-(4,11) 1-(11,6) 2-(4,12) 3-(15,6) 4-(10,9)
Target Locations:  0-(14,5) 1-(13,1) 2-(1,10) 3-(15,7) 4-(7,15) 5-(14,11)
Task Assignment: 1-0 2-2 4-3 0-4 3-5
Robot 1 finished At time 174
Time 176
Robots Locations 0-(5,14) 1-(14,5) 2-(2,10) 3-(14,10) 4-(14,8)
Target Locations:  0-(13,1) 1-(1,10) 2-(15,7) 3-(7,15) 4-(14,11) 5-(1,6)
Task Assignment: 2-1 4-2 0-3 3-4 1-0
Robot 3 finished At time 180
Time 182
Robots Locations 0-(7,15) 1-(14,3) 2-(1,10) 3-(14,11) 4-(15,7)
Target Locations:  0-(13,1) 1-(1,10) 2-(15,7) 3-(7,15) 4-(1,6) 5-(13,10)
Task Assignment: 2-1 4-2 0-3 1-0 3-5
Robot 2 finished At time 183
Time 185
Robots Locations 0-(7,15) 1-(14,3) 2-(1,10) 3-(14,11) 4-(15,7)
Target Locations:  0-(13,1) 1-(15,7) 2-(7,15) 3-(1,6) 4-(13,10) 5-(2,13)
Task Assignment: 4-1 0-2 1-0 3-4 2-5
Robot 4 finished At time 185
Time 187
Robots Locations 0-(7,15) 1-(14,3) 2-(1,10) 3-(14,11) 4-(15,7)
Target Locations:  0-(13,1) 1-(7,15) 2-(1,6) 3-(13,10) 4-(2,13) 5-(5,4)
Task Assignment: 0-1 1-0 3-3 2-4 4-5
Robot 0 finished At time 189
Time 191
Robots Locations 0-(7,15) 1-(13,2) 2-(0,11) 3-(13,11) 4-(15,6)
Target Locations:  0-(13,1) 1-(1,6) 2-(13,10) 3-(2,13) 4-(5,4) 5-(4,1)
Task Assignment: 1-0 3-2 2-3 4-4 0-1
Robot 3 finished At time 196
Time 198
Robots Locations 0-(7,14) 1-(13,1) 2-(2,12) 3-(13,10) 4-(13,6)
Target Locations:  0-(13,1) 1-(1,6) 2-(2,13) 3-(5,4) 4-(4,1) 5-(7,2)
Task Assignment: 1-0 2-2 4-3 0-1 3-5
Robot 1 finished At time 198
Time 200
Robots Locations 0-(7,14) 1-(13,1) 2-(2,13) 3-(13,10) 4-(13,6)
Target Locations:  0-(1,6) 1-(2,13) 2-(5,4) 3-(4,1) 4-(7,2) 5-(8,3)
Task Assignment: 2-1 4-2 0-0 3-4 1-5
Robot 2 finished At time 203
Time 205
Robots Locations 0-(6,12) 1-(12,1) 2-(2,13) 3-(12,9) 4-(11,5)
Target Locations:  0-(1,6) 1-(5,4) 2-(4,1) 3-(7,2) 4-(8,3) 5-(8,8)
Task Assignment: 4-1 0-0 3-3 1-4 2-5
Robot 1 finished At time 215
Time 217
Robots Locations 0-(3,8) 1-(8,3) 2-(6,10) 3-(9,4) 4-(6,4)
Target Locations:  0-(1,6) 1-(5,4) 2-(4,1) 3-(7,2) 4-(8,8) 5-(8,12)
Task Assignment: 4-1 0-0 3-3 2-4 1-2
Robot 4 finished At time 221
Time 224
Robots Locations 0-(1,6) 1-(6,2) 2-(7,9) 3-(7,3) 4-(5,4)
Target Locations:  0-(1,6) 1-(4,1) 2-(7,2) 3-(8,8) 4-(8,12) 5-(10,10)
Task Assignment: 0-0 3-2 2-3 1-1 4-5
Robot 0 finished At time 226
Time 228
Robots Locations 0-(1,6) 1-(5,1) 2-(8,8) 3-(7,2) 4-(5,5)
Target Locations:  0-(4,1) 1-(7,2) 2-(8,8) 3-(8,12) 4-(10,10) 5-(2,9)
Task Assignment: 3-1 2-2 1-0 4-4 0-5
Robot 3 finished At time 229
Time 231
Robots Locations 0-(1,6) 1-(5,1) 2-(8,8) 3-(7,2) 4-(5,5)
Target Locations:  0-(4,1) 1-(8,8) 2-(8,12) 3-(10,10) 4-(2,9) 5-(9,12)
Task Assignment: 2-1 1-0 4-3 0-4 3-2
Robot 2 finished At time 232
Time 234
Robots Locations 0-(1,6) 1-(4,1) 2-(8,8) 3-(7,2) 4-(5,5)
Target Locations:  0-(4,1) 1-(8,12) 2-(10,10) 3-(2,9) 4-(9,12) 5-(8,1)
Task Assignment: 1-0 4-2 0-3 3-1 2-4
Robot 1 finished At time 237
Time 239
Robots Locations 0-(1,7) 1-(4,1) 2-(9,9) 3-(6,3) 4-(6,6)
Target Locations:  0-(8,12) 1-(10,10) 2-(2,9) 3-(9,12) 4-(8,1) 5-(7,7)
Task Assignment: 4-1 0-2 3-0 2-3 1-4
Robot 0 finished At time 245
Time 247
Robots Locations 0-(2,9) 1-(6,1) 2-(9,12) 3-(7,6) 4-(9,9)
Target Locations:  0-(8,12) 1-(10,10) 2-(9,12) 3-(8,1) 4-(7,7) 5-(5,15)
Task Assignment: 4-1 3-0 2-2 1-3 0-4
Robot 2 finished At time 249
Time 251
Robots Locations 0-(3,9) 1-(7,1) 2-(9,12) 3-(7,7) 4-(10,10)
Target Locations:  0-(8,12) 1-(10,10) 2-(8,1) 3-(7,7) 4-(5,15) 5-(13,7)
Task Assignment: 4-1 3-0 1-2 0-3 2-4
Robot 1 finished At time 254
Time 256
Robots Locations 0-(5,8) 1-(8,1) 2-(8,13) 3-(7,9) 4-(10,10)
Target Locations:  0-(8,12) 1-(10,10) 2-(7,7) 3-(5,15) 4-(13,7) 5-(3,13)
Task Assignment: 4-1 3-0 0-2 2-3 1-4
Robot 4 finished At time 256
Time 258
Robots Locations 0-(5,8) 1-(8,1) 2-(8,13) 3-(7,9) 4-(10,10)
Target Locations:  0-(8,12) 1-(7,7) 2-(5,15) 3-(13,7) 4-(3,13)
Task Assignment: 3-0 0-1 2-2 1-3 4-4
Robot 0 finished At time 264
Robot 2 finished At time 266
Robot 3 finished At time 267
Robot 1 finished At time 272
Robot 4 finished At time 275
number of collisions is 259
/BLE
Time 1
Robots Locations 0-(3,3) 1-(6,6) 2-(9,9) 3-(13,12) 4-(15,15)
Target Locations:  0-(4,15) 1-(5,1) 2-(15,13) 3-(11,12) 4-(12,10) 5-(1,2)
Task Assignment: 3-3 4-2 0-5 2-4 1-1
Robot 0 finished At time 6
Time 8
Robots Locations 0-(1,2) 1-(5,3) 2-(12,10) 3-(12,12) 4-(15,13)
Target Locations:  0-(4,15) 1-(5,1) 2-(15,13) 3-(11,12) 4-(12,10) 5-(6,10)
Task Assignment: 4-2 2-4 3-3 1-1 0-5
Robot 4 finished At time 10
Time 12
Robots Locations 0-(0,2) 1-(5,3) 2-(12,10) 3-(11,12) 4-(15,13)
Target Locations:  0-(4,15) 1-(5,1) 2-(11,12) 3-(12,10) 4-(6,10) 5-(10,8)
Task Assignment: 3-2 2-3 1-1 4-5 0-4
Robot 2 finished At time 14
Time 17
Robots Locations 0-(1,3) 1-(5,2) 2-(12,10) 3-(11,12) 4-(14,12)
Target Locations:  0-(4,15) 1-(5,1) 2-(11,12) 3-(6,10) 4-(10,8) 5-(3,7)
Task Assignment: 3-2 1-1 2-4 0-5 4-3
Robot 3 finished At time 17
Time 20
Robots Locations 0-(1,3) 1-(5,2) 2-(12,10) 3-(11,12) 4-(14,12)
Target Locations:  0-(4,15) 1-(5,1) 2-(6,10) 3-(10,8) 4-(3,7) 5-(1,11)
Task Assignment: 1-1 2-3 0-4 3-2 4-0
Robot 1 finished At time 24
Time 26
Robots Locations 0-(2,4) 1-(5,1) 2-(12,9) 3-(10,12) 4-(13,13)
Target Locations:  0-(4,15) 1-(6,10) 2-(10,8) 3-(3,7) 4-(1,11) 5-(1,8)
Task Assignment: 2-2 0-3 3-1 1-5 4-0
Robot 2 finished At time 32
Time 34
Robots Locations 0-(3,7) 1-(3,3) 2-(10,8) 3-(6,10) 4-(9,14)
Target Locations:  0-(4,15) 1-(6,10) 2-(3,7) 3-(1,11) 4-(1,8) 5-(1,1)
Task Assignment: 0-2 3-1 1-5 4-0 2-4
Robot 0 finished At time 35
Time 37
Robots Locations 0-(3,7) 1-(3,3) 2-(10,8) 3-(6,10) 4-(9,14)
Target Locations:  0-(4,15) 1-(6,10) 2-(1,11) 3-(1,8) 4-(1,1) 5-(12,4)
Task Assignment: 3-1 0-3 1-4 2-5 4-0
Robot 3 finished At time 39
Time 52
Robots Locations 0-(2,8) 1-(2,3) 2-(10,7) 3-(6,10) 4-(8,14)
Target Locations:  0-(4,15) 1-(1,11) 2-(1,8) 3-(1,1) 4-(12,4) 5-(11,1)
Task Assignment: 0-2 1-3 2-4 4-0 3-1
Robot 0 finished At time 57
Time 59
Robots Locations 0-(1,8) 1-(1,1) 2-(11,5) 3-(4,10) 4-(6,14)
Target Locations:  0-(4,15) 1-(1,11) 2-(1,1) 3-(12,4) 4-(11,1) 5-(12,3)
Task Assignment: 1-2 2-3 4-0 0-1 3-5
Robot 1 finished At time 61
Time 63
Robots Locations 0-(1,9) 1-(1,1) 2-(12,4) 3-(3,10) 4-(5,15)
Target Locations:  0-(4,15) 1-(1,11) 2-(12,4) 3-(11,1) 4-(12,3) 5-(3,5)
Task Assignment: 2-2 4-0 0-1 1-5 3-4
Robot 2 finished At time 66
Time 68
Robots Locations 0-(1,10) 1-(0,2) 2-(12,4) 3-(5,9) 4-(4,15)
Target Locations:  0-(4,15) 1-(1,11) 2-(11,1) 3-(12,3) 4-(3,5) 5-(11,2)
Task Assignment: 4-0 0-1 2-3 1-4 3-5
Robot 4 finished At time 69
Time 71
Robots Locations 0-(1,11) 1-(1,2) 2-(12,4) 3-(5,8) 4-(4,15)
Target Locations:  0-(1,11) 1-(11,1) 2-(12,3) 3-(3,5) 4-(11,2) 5-(12,12)
Task Assignment: 0-0 2-2 3-3 4-5 1-4
Robot 0 finished At time 73
Time 75
Robots Locations 0-(1,11) 1-(2,2) 2-(12,3) 3-(5,7) 4-(3,14)
Target Locations:  0-(11,1) 1-(12,3) 2-(3,5) 3-(11,2) 4-(12,12) 5-(3,6)
Task Assignment: 2-1 3-5 1-2 4-4 0-3
Robot 2 finished At time 76
Time 78
Robots Locations 0-(1,11) 1-(2,2) 2-(12,3) 3-(4,7) 4-(4,14)
Target Locations:  0-(11,1) 1-(3,5) 2-(11,2) 3-(12,12) 4-(3,6) 5-(6,11)
Task Assignment: 3-4 2-2 1-1 4-5 0-3
Robot 2 finished At time 82
Time 84
Robots Locations 0-(4,12) 1-(3,5) 2-(11,2) 3-(3,6) 4-(5,12)
Target Locations:  0-(11,1) 1-(3,5) 2-(12,12) 3-(3,6) 4-(6,11) 5-(8,4)
Task Assignment: 3-3 1-1 2-0 4-4 0-2
Robot 3 finished At time 86
Time 88
Robots Locations 0-(4,12) 1-(3,5) 2-(11,2) 3-(3,6) 4-(6,12)
Target Locations:  0-(11,1) 1-(3,5) 2-(12,12) 3-(6,11) 4-(8,4) 5-(4,10)
Task Assignment: 1-1 4-3 2-0 0-5 3-4
Robot 2 finished At time 91
Time 93
Robots Locations 0-(5,12) 1-(3,5) 2-(11,1) 3-(3,6) 4-(6,11)
Target Locations:  0-(3,5) 1-(12,12) 2-(6,11) 3-(8,4) 4-(4,10) 5-(7,10)
Task Assignment: 1-0 4-2 0-4 2-3 3-5
Robot 4 finished At time 94
Time 96
Robots Locations 0-(5,12) 1-(3,5) 2-(11,1) 3-(4,6) 4-(6,11)
Target Locations:  0-(3,5) 1-(12,12) 2-(8,4) 3-(4,10) 4-(7,10) 5-(9,2)
Task Assignment: 1-0 4-4 0-3 2-5 3-2
Robot 1 finished At time 100
Time 102
Robots Locations 0-(6,11) 1-(3,5) 2-(9,2) 3-(6,5) 4-(7,10)
Target Locations:  0-(12,12) 1-(8,4) 2-(4,10) 3-(7,10) 4-(9,2) 5-(6,6)
Task Assignment: 4-3 2-4 3-5 0-2 1-1
Robot 4 finished At time 104
Time 105
Robots Locations 0-(5,11) 1-(3,4) 2-(9,2) 3-(6,5) 4-(7,10)
Target Locations:  0-(12,12) 1-(8,4) 2-(4,10) 3-(9,2) 4-(6,6) 5-(7,14)
Task Assignment: 2-3 3-4 0-2 4-5 1-1
Robot 2 finished At time 107
Time 109
Robots Locations 0-(4,10) 1-(4,4) 2-(9,2) 3-(6,6) 4-(8,10)
Target Locations:  0-(12,12) 1-(8,4) 2-(4,10) 3-(6,6) 4-(7,14) 5-(15,6)
Task Assignment: 0-2 3-3 2-1 4-4 1-5
Robot 3 finished At time 110
Time 112
Robots Locations 0-(4,10) 1-(5,4) 2-(9,3) 3-(6,6) 4-(8,11)
Target Locations:  0-(12,12) 1-(8,4) 2-(4,10) 3-(7,14) 4-(15,6) 5-(14,5)
Task Assignment: 0-2 2-1 4-3 3-5 1-4
Robot 0 finished At time 114
Time 115
Robots Locations 0-(4,10) 1-(6,5) 2-(8,3) 3-(6,7) 4-(8,12)
Target Locations:  0-(12,12) 1-(8,4) 2-(7,14) 3-(15,6) 4-(14,5) 5-(13,1)
Task Assignment: 2-1 4-2 3-0 1-4 0-3
Robot 2 finished At time 119
Time 121
Robots Locations 0-(5,9) 1-(7,5) 2-(8,4) 3-(8,8) 4-(7,13)
Target Locations:  0-(12,12) 1-(7,14) 2-(15,6) 3-(14,5) 4-(13,1) 5-(1,10)
Task Assignment: 4-1 0-5 3-0 2-4 1-3
Robot 4 finished At time 124
Time 126
Robots Locations 0-(4,8) 1-(8,5) 2-(8,3) 3-(9,9) 4-(7,14)
Target Locations:  0-(12,12) 1-(15,6) 2-(14,5) 3-(13,1) 4-(1,10) 5-(15,7)
Task Assignment: 0-4 3-0 2-3 1-2 4-5
Robot 0 finished At time 134
Time 136
Robots Locations 0-(1,10) 1-(13,5) 2-(12,1) 3-(12,12) 4-(10,12)
Target Locations:  0-(12,12) 1-(15,6) 2-(14,5) 3-(13,1) 4-(15,7) 5-(7,15)
Task Assignment: 3-0 2-3 1-2 4-5 0-4
Robot 3 finished At time 138
Time 140
Robots Locations 0-(1,11) 1-(14,5) 2-(13,1) 3-(12,12) 4-(10,11)
Target Locations:  0-(15,6) 1-(14,5) 2-(13,1) 3-(15,7) 4-(7,15) 5-(14,11)
Task Assignment: 1-1 2-2 3-5 4-4 0-3
Robot 2 finished At time 142
Time 143
Robots Locations 0-(2,11) 1-(14,5) 2-(13,1) 3-(13,12) 4-(9,11)
Target Locations:  0-(15,6) 1-(14,5) 2-(15,7) 3-(7,15) 4-(14,11) 5-(1,6)
Task Assignment: 1-1 3-4 4-3 0-5 2-0
Robot 1 finished At time 144
Time 146
Robots Locations 0-(2,11) 1-(14,5) 2-(13,1) 3-(13,12) 4-(9,12)
Target Locations:  0-(15,6) 1-(15,7) 2-(7,15) 3-(14,11) 4-(1,6) 5-(13,10)
Task Assignment: 3-3 1-0 4-2 0-4 2-1
Robot 3 finished At time 150
Time 152
Robots Locations 0-(2,8) 1-(15,6) 2-(14,3) 3-(14,11) 4-(8,14)
Target Locations:  0-(15,6) 1-(15,7) 2-(7,15) 3-(1,6) 4-(13,10) 5-(2,13)
Task Assignment: 1-0 3-4 4-2 0-3 2-1
Robot 1 finished At time 152
Time 154
Robots Locations 0-(2,8) 1-(15,6) 2-(14,3) 3-(14,11) 4-(8,14)
Target Locations:  0-(15,7) 1-(7,15) 2-(1,6) 3-(13,10) 4-(2,13) 5-(5,4)
Task Assignment: 1-0 4-1 3-3 0-2 2-5
Robot 1 finished At time 158
Time 160
Robots Locations 0-(1,6) 1-(15,7) 2-(12,4) 3-(13,10) 4-(7,15)
Target Locations:  0-(7,15) 1-(1,6) 2-(13,10) 3-(2,13) 4-(5,4) 5-(4,1)
Task Assignment: 0-1 4-0 3-2 2-4 1-5
Robot 4 finished At time 161
Time 163
Robots Locations 0-(1,6) 1-(14,7) 2-(12,4) 3-(13,10) 4-(7,15)
Target Locations:  0-(1,6) 1-(13,10) 2-(2,13) 3-(5,4) 4-(4,1) 5-(7,2)
Task Assignment: 3-1 0-0 4-2 2-5 1-3
Robot 3 finished At time 163
Time 165
Robots Locations 0-(1,6) 1-(14,7) 2-(12,4) 3-(13,10) 4-(7,15)
Target Locations:  0-(1,6) 1-(2,13) 2-(5,4) 3-(4,1) 4-(7,2) 5-(8,3)
Task Assignment: 0-0 2-5 4-1 1-4 3-2
Robot 0 finished At time 166
Time 168
Robots Locations 0-(1,6) 1-(14,7) 2-(11,4) 3-(13,10) 4-(7,15)
Target Locations:  0-(2,13) 1-(5,4) 2-(4,1) 3-(7,2) 4-(8,3) 5-(8,8)
Task Assignment: 2-4 0-1 4-0 3-5 1-3
Robot 2 finished At time 177
Time 179
Robots Locations 0-(5,4) 1-(10,4) 2-(8,3) 3-(9,8) 4-(3,13)
Target Locations:  0-(2,13) 1-(5,4) 2-(4,1) 3-(7,2) 4-(8,8) 5-(8,12)
Task Assignment: 0-1 4-0 3-4 2-3 1-2
Robot 0 finished At time 181
Time 183
Robots Locations 0-(5,4) 1-(9,4) 2-(7,2) 3-(8,8) 4-(2,13)
Target Locations:  0-(2,13) 1-(4,1) 2-(7,2) 3-(8,8) 4-(8,12) 5-(10,10)
Task Assignment: 3-3 4-0 2-2 0-1 1-5
Robot 3 finished At time 184
Time 186
Robots Locations 0-(5,3) 1-(9,4) 2-(7,2) 3-(8,8) 4-(2,13)
Target Locations:  0-(2,13) 1-(4,1) 2-(7,2) 3-(8,12) 4-(10,10) 5-(2,9)
Task Assignment: 4-0 2-2 0-1 3-4 1-3
Robot 4 finished At time 187
Time 189
Robots Locations 0-(5,3) 1-(9,4) 2-(7,2) 3-(8,8) 4-(2,13)
Target Locations:  0-(4,1) 1-(7,2) 2-(8,12) 3-(10,10) 4-(2,9) 5-(9,12)
Task Assignment: 2-1 0-0 3-3 4-4 1-5
Robot 2 finished At time 190
Time 192
Robots Locations 0-(5,2) 1-(9,5) 2-(7,2) 3-(7,9) 4-(2,12)
Target Locations:  0-(4,1) 1-(8,12) 2-(10,10) 3-(2,9) 4-(9,12) 5-(8,1)
Task Assignment: 2-5 0-0 4-3 3-2 1-4
Robot 0 finished At time 197
Time 199
Robots Locations 0-(4,1) 1-(9,7) 2-(8,1) 3-(10,10) 4-(2,10)
Target Locations:  0-(8,12) 1-(10,10) 2-(2,9) 3-(9,12) 4-(8,1) 5-(7,7)
Task Assignment: 3-1 2-4 4-2 1-5 0-0
Robot 2 finished At time 200
Time 202
Robots Locations 0-(4,1) 1-(9,8) 2-(8,1) 3-(10,10) 4-(2,9)
Target Locations:  0-(8,12) 1-(10,10) 2-(2,9) 3-(9,12) 4-(7,7) 5-(5,15)
Task Assignment: 4-2 3-1 1-4 2-0 0-3
Robot 3 finished At time 204
Time 206
Robots Locations 0-(3,2) 1-(8,8) 2-(9,1) 3-(10,10) 4-(2,9)
Target Locations:  0-(8,12) 1-(2,9) 2-(9,12) 3-(7,7) 4-(5,15) 5-(13,7)
Task Assignment: 4-1 1-3 3-2 2-5 0-0
Robot 4 finished At time 207
Time 209
Robots Locations 0-(4,2) 1-(8,7) 2-(9,2) 3-(10,10) 4-(2,9)
Target Locations:  0-(8,12) 1-(9,12) 2-(7,7) 3-(5,15) 4-(13,7) 5-(3,13)
Task Assignment: 1-2 3-1 4-5 2-4 0-0
Robot 1 finished At time 212
Time 214
Robots Locations 0-(4,4) 1-(7,7) 2-(10,3) 3-(9,12) 4-(3,9)
Target Locations:  0-(8,12) 1-(9,12) 2-(5,15) 3-(13,7) 4-(3,13)
Task Assignment: 3-1 4-4 2-3 1-0 0-2
Robot 3 finished At time 217
Robot 4 finished At time 222
Robot 2 finished At time 225
Robot 0 finished At time 237
Robot 1 finished At time 248
number of collisions is 131
/mmdr
Time 2
Robots Locations 0-(3,3) 1-(6,5) 2-(8,9) 3-(13,12) 4-(15,15)
Target Locations:  0-(4,15) 1-(5,1) 2-(15,13) 3-(11,12) 4-(12,10) 5-(1,2)
Task Assignment: 0-5 1-1 2-3 3-4 4-2
Robot 0 finished At time 8
Time 11
Robots Locations 0-(1,2) 1-(5,2) 2-(10,11) 3-(12,11) 4-(15,13)
Target Locations:  0-(4,15) 1-(5,1) 2-(15,13) 3-(11,12) 4-(12,10) 5-(6,10)
Task Assignment: 0-1 1-5 2-3 3-4 4-2
Robot 4 finished At time 12
Time 14
Robots Locations 0-(1,2) 1-(5,2) 2-(10,11) 3-(12,10) 4-(15,13)
Target Locations:  0-(4,15) 1-(5,1) 2-(11,12) 3-(12,10) 4-(6,10) 5-(10,8)
Task Assignment: 0-1 1-5 2-4 3-3 4-2
Robot 3 finished At time 16
Time 19
Robots Locations 0-(2,1) 1-(5,3) 2-(10,12) 3-(12,10) 4-(14,13)
Target Locations:  0-(4,15) 1-(5,1) 2-(11,12) 3-(6,10) 4-(10,8) 5-(3,7)
Task Assignment: 0-1 1-5 2-3 3-4 4-2
Robot 3 finished At time 26
Time 29
Robots Locations 0-(5,1) 1-(3,6) 2-(6,10) 3-(10,8) 4-(11,12)
Target Locations:  0-(4,15) 1-(5,1) 2-(11,12) 3-(6,10) 4-(3,7) 5-(1,11)
Task Assignment: 0-1 1-4 2-0 3-3 4-2
Robot 0 finished At time 29
Time 32
Robots Locations 0-(5,1) 1-(3,6) 2-(6,10) 3-(10,8) 4-(11,12)
Target Locations:  0-(4,15) 1-(11,12) 2-(6,10) 3-(3,7) 4-(1,11) 5-(1,8)
Task Assignment: 0-3 1-5 2-0 3-2 4-1
Robot 4 finished At time 32
Time 35
Robots Locations 0-(5,1) 1-(3,6) 2-(6,10) 3-(10,8) 4-(11,12)
Target Locations:  0-(4,15) 1-(6,10) 2-(3,7) 3-(1,11) 4-(1,8) 5-(1,1)
Task Assignment: 0-5 1-4 2-2 3-1 4-0
Robot 1 finished At time 41
Time 43
Robots Locations 0-(3,1) 1-(1,8) 2-(4,8) 3-(7,10) 4-(8,13)
Target Locations:  0-(4,15) 1-(6,10) 2-(3,7) 3-(1,11) 4-(1,1) 5-(12,4)
Task Assignment: 0-4 1-3 2-2 3-1 4-0
Robot 3 finished At time 46
Time 49
Robots Locations 0-(1,1) 1-(1,10) 2-(3,7) 3-(6,10) 4-(6,14)
Target Locations:  0-(4,15) 1-(3,7) 2-(1,11) 3-(1,1) 4-(12,4) 5-(11,1)
Task Assignment: 0-3 1-2 2-1 3-4 4-0
Robot 2 finished At time 49
Time 52
Robots Locations 0-(1,1) 1-(1,10) 2-(3,7) 3-(6,10) 4-(6,14)
Target Locations:  0-(4,15) 1-(1,11) 2-(1,1) 3-(12,4) 4-(11,1) 5-(12,3)
Task Assignment: 0-2 1-1 2-5 3-3 4-0
Robot 0 finished At time 53
Time 55
Robots Locations 0-(1,1) 1-(1,10) 2-(3,6) 3-(5,10) 4-(5,14)
Target Locations:  0-(4,15) 1-(1,11) 2-(12,4) 3-(11,1) 4-(12,3) 5-(3,5)
Task Assignment: 0-5 1-1 2-3 3-2 4-0
Robot 1 finished At time 58
Time 61
Robots Locations 0-(1,2) 1-(1,11) 2-(4,6) 3-(6,9) 4-(4,15)
Target Locations:  0-(4,15) 1-(12,4) 2-(11,1) 3-(12,3) 4-(3,5) 5-(11,2)
Task Assignment: 0-2 1-4 2-3 3-1 4-0
Robot 4 finished At time 63
Time 65
Robots Locations 0-(2,2) 1-(2,11) 2-(5,5) 3-(7,8) 4-(4,15)
Target Locations:  0-(12,4) 1-(11,1) 2-(12,3) 3-(3,5) 4-(11,2) 5-(12,12)
Task Assignment: 0-1 1-3 2-4 3-0 4-5
Robot 1 finished At time 78
Time 80
Robots Locations 0-(9,1) 1-(3,5) 2-(11,2) 3-(12,4) 4-(10,13)
Target Locations:  0-(12,4) 1-(11,1) 2-(12,3) 3-(11,2) 4-(12,12) 5-(3,6)
Task Assignment: 0-1 1-5 2-3 3-0 4-4
Robot 3 finished At time 81
Time 83
Robots Locations 0-(10,1) 1-(3,5) 2-(11,2) 3-(12,4) 4-(10,13)
Target Locations:  0-(11,1) 1-(12,3) 2-(11,2) 3-(12,12) 4-(3,6) 5-(6,11)
Task Assignment: 0-0 1-4 2-2 3-1 4-3
Robot 2 finished At time 84
Time 86
Robots Locations 0-(10,1) 1-(3,5) 2-(11,2) 3-(12,4) 4-(10,13)
Target Locations:  0-(11,1) 1-(12,3) 2-(12,12) 3-(3,6) 4-(6,11) 5-(8,4)
Task Assignment: 0-0 1-3 2-5 3-1 4-2
Robot 0 finished At time 91
Time 93
Robots Locations 0-(11,1) 1-(3,6) 2-(11,3) 3-(12,3) 4-(12,12)
Target Locations:  0-(12,3) 1-(12,12) 2-(3,6) 3-(6,11) 4-(8,4) 5-(4,10)
Task Assignment: 0-4 1-5 2-2 3-0 4-1
Robot 4 finished At time 95
Time 97
Robots Locations 0-(11,2) 1-(3,7) 2-(10,3) 3-(12,3) 4-(12,12)
Target Locations:  0-(12,3) 1-(3,6) 2-(6,11) 3-(8,4) 4-(4,10) 5-(7,10)
Task Assignment: 0-3 1-4 2-1 3-0 4-5
Robot 3 finished At time 98
Time 101
Robots Locations 0-(11,2) 1-(3,7) 2-(10,3) 3-(12,3) 4-(12,12)
Target Locations:  0-(3,6) 1-(6,11) 2-(8,4) 3-(4,10) 4-(7,10) 5-(9,2)
Task Assignment: 0-2 1-3 2-0 3-5 4-4
Robot 1 finished At time 110
Time 112
Robots Locations 0-(8,4) 1-(4,10) 2-(6,5) 3-(9,2) 4-(9,10)
Target Locations:  0-(3,6) 1-(6,11) 2-(8,4) 3-(7,10) 4-(9,2) 5-(6,6)
Task Assignment: 0-2 1-1 2-5 3-4 4-3
Robot 0 finished At time 114
Time 116
Robots Locations 0-(8,4) 1-(5,10) 2-(6,5) 3-(9,2) 4-(8,10)
Target Locations:  0-(3,6) 1-(6,11) 2-(7,10) 3-(9,2) 4-(6,6) 5-(7,14)
Task Assignment: 0-4 1-1 2-0 3-3 4-2
Robot 3 finished At time 117
Time 119
Robots Locations 0-(8,4) 1-(5,10) 2-(6,6) 3-(9,2) 4-(8,10)
Target Locations:  0-(3,6) 1-(6,11) 2-(7,10) 3-(6,6) 4-(7,14) 5-(15,6)
Task Assignment: 0-0 1-1 2-2 3-3 4-4
Robot 1 finished At time 124
Time 135
Robots Locations 0-(6,5) 1-(6,11) 2-(6,8) 3-(8,4) 4-(7,12)
Target Locations:  0-(3,6) 1-(7,10) 2-(6,6) 3-(7,14) 4-(15,6) 5-(14,5)
Task Assignment: 0-2 1-1 2-0 3-5 4-3
Robot 1 finished At time 141
Time 143
Robots Locations 0-(6,6) 1-(7,10) 2-(5,7) 3-(10,4) 4-(7,14)
Target Locations:  0-(3,6) 1-(6,6) 2-(7,14) 3-(15,6) 4-(14,5) 5-(13,1)
Task Assignment: 0-1 1-3 2-0 3-4 4-2
Robot 0 finished At time 144
Time 146
Robots Locations 0-(6,6) 1-(7,10) 2-(4,7) 3-(10,4) 4-(7,14)
Target Locations:  0-(3,6) 1-(7,14) 2-(15,6) 3-(14,5) 4-(13,1) 5-(1,10)
Task Assignment: 0-0 1-2 2-5 3-3 4-1
Robot 4 finished At time 147
Time 149
Robots Locations 0-(6,6) 1-(8,10) 2-(4,7) 3-(10,5) 4-(7,14)
Target Locations:  0-(3,6) 1-(15,6) 2-(14,5) 3-(13,1) 4-(1,10) 5-(15,7)
Task Assignment: 0-3 1-5 2-0 3-2 4-4
Robot 2 finished At time 155
Time 157
Robots Locations 0-(8,6) 1-(10,9) 2-(3,6) 3-(13,5) 4-(5,13)
Target Locations:  0-(15,6) 1-(14,5) 2-(13,1) 3-(1,10) 4-(15,7) 5-(7,15)
Task Assignment: 0-1 1-0 2-3 3-4 4-5
Robot 3 finished At time 165
Time 168
Robots Locations 0-(12,5) 1-(14,7) 2-(1,9) 3-(15,7) 4-(7,15)
Target Locations:  0-(15,6) 1-(14,5) 2-(13,1) 3-(1,10) 4-(7,15) 5-(14,11)
Task Assignment: 0-2 1-0 2-3 3-1 4-4
Robot 4 finished At time 170
Time 173
Robots Locations 0-(13,4) 1-(15,6) 2-(1,10) 3-(16,6) 4-(7,15)
Target Locations:  0-(15,6) 1-(14,5) 2-(13,1) 3-(1,10) 4-(14,11) 5-(1,6)
Task Assignment: 0-2 1-1 2-5 3-0 4-3
Robot 3 finished At time 179
Time 182
Robots Locations 0-(13,1) 1-(14,5) 2-(1,8) 3-(15,6) 4-(6,13)
Target Locations:  0-(14,5) 1-(13,1) 2-(1,10) 3-(14,11) 4-(1,6) 5-(13,10)
Task Assignment: 0-1 1-0 2-4 3-5 4-2
Robot 0 finished At time 184
Time 187
Robots Locations 0-(13,1) 1-(14,5) 2-(1,7) 3-(15,6) 4-(5,13)
Target Locations:  0-(14,5) 1-(1,10) 2-(14,11) 3-(1,6) 4-(13,10) 5-(2,13)
Task Assignment: 0-0 1-4 2-3 3-2 4-5
Robot 2 finished At time 192
Time 194
Robots Locations 0-(14,2) 1-(13,6) 2-(1,6) 3-(14,9) 4-(3,13)
Target Locations:  0-(14,5) 1-(1,10) 2-(14,11) 3-(13,10) 4-(2,13) 5-(5,4)
Task Assignment: 0-0 1-3 2-1 3-2 4-4
Robot 4 finished At time 198
Time 201
Robots Locations 0-(14,4) 1-(13,8) 2-(2,7) 3-(14,11) 4-(2,13)
Target Locations:  0-(14,5) 1-(1,10) 2-(14,11) 3-(13,10) 4-(5,4) 5-(4,1)
Task Assignment: 0-0 1-3 2-4 3-2 4-1
Robot 3 finished At time 203
Time 219
Robots Locations 0-(14,5) 1-(13,9) 2-(2,7) 3-(14,11) 4-(14,11)
Target Locations:  0-(14,5) 1-(1,10) 2-(13,10) 3-(5,4) 4-(4,1) 5-(7,2)
Task Assignment: 0-5 1-3 2-1 3-2 4-0
Robot 3 finished At time 225
Time 228
Robots Locations 0-(11,4) 1-(10,8) 2-(2,9) 3-(13,10) 4-(4,10)
Target Locations:  0-(14,5) 1-(1,10) 2-(5,4) 3-(4,1) 4-(7,2) 5-(8,3)
Task Assignment: 0-4 1-5 2-2 3-0 4-1
Robot 4 finished At time 237
Time 240
Robots Locations 0-(7,2) 1-(8,3) 2-(4,6) 3-(14,5) 4-(1,10)
Target Locations:  0-(14,5) 1-(5,4) 2-(4,1) 3-(7,2) 4-(8,3) 5-(8,8)
Task Assignment: 0-3 1-4 2-1 3-0 4-5
Robot 0 finished At time 241
Time 244
Robots Locations 0-(7,2) 1-(8,3) 2-(4,5) 3-(14,5) 4-(1,10)
Target Locations:  0-(14,5) 1-(5,4) 2-(4,1) 3-(8,3) 4-(8,8) 5-(8,12)
Task Assignment: 0-2 1-3 2-1 3-0 4-4
Robot 3 finished At time 245
Time 247
Robots Locations 0-(6,2) 1-(8,3) 2-(4,5) 3-(14,5) 4-(0,10)
Target Locations:  0-(5,4) 1-(4,1) 2-(8,3) 3-(8,8) 4-(8,12) 5-(10,10)
Task Assignment: 0-1 1-2 2-3 3-5 4-0
Robot 1 finished At time 248
Time 251
Robots Locations 0-(6,2) 1-(8,3) 2-(5,5) 3-(14,5) 4-(1,9)
Target Locations:  0-(5,4) 1-(4,1) 2-(8,8) 3-(8,12) 4-(10,10) 5-(2,9)
Task Assignment: 0-1 1-0 2-2 3-4 4-5
Robot 4 finished At time 256
Time 258
Robots Locations 0-(4,1) 1-(6,4) 2-(6,6) 3-(12,6) 4-(2,9)
Target Locations:  0-(5,4) 1-(4,1) 2-(8,8) 3-(8,12) 4-(10,10) 5-(9,12)
Task Assignment: 0-1 1-0 2-2 3-4 4-3
Robot 0 finished At time 259
Time 262
Robots Locations 0-(4,1) 1-(5,4) 2-(7,7) 3-(12,7) 4-(3,9)
Target Locations:  0-(5,4) 1-(8,8) 2-(8,12) 3-(10,10) 4-(9,12) 5-(8,1)
Task Assignment: 0-5 1-0 2-1 3-3 4-2
Robot 1 finished At time 264
Time 266
Robots Locations 0-(4,0) 1-(5,4) 2-(8,8) 3-(11,8) 4-(4,10)
Target Locations:  0-(8,8) 1-(8,12) 2-(10,10) 3-(9,12) 4-(8,1) 5-(7,7)
Task Assignment: 0-4 1-5 2-0 3-2 4-1
Robot 2 finished At time 269
Time 272
Robots Locations 0-(6,0) 1-(5,5) 2-(8,8) 3-(11,9) 4-(5,10)
Target Locations:  0-(8,12) 1-(10,10) 2-(9,12) 3-(8,1) 4-(7,7) 5-(5,15)
Task Assignment: 0-3 1-4 2-1 3-2 4-0
Robot 1 finished At time 278
Time 281
Robots Locations 0-(8,1) 1-(7,7) 2-(10,10) 3-(9,12) 4-(8,12)
Target Locations:  0-(8,12) 1-(10,10) 2-(9,12) 3-(8,1) 4-(5,15) 5-(13,7)
Task Assignment: 0-3 1-1 2-5 3-2 4-0
Robot 0 finished At time 281
Time 283
Robots Locations 0-(8,1) 1-(7,7) 2-(10,10) 3-(9,12) 4-(8,12)
Target Locations:  0-(8,12) 1-(10,10) 2-(9,12) 3-(5,15) 4-(13,7) 5-(3,13)
Task Assignment: 0-4 1-1 2-0 3-2 4-3
Robot 3 finished At time 287
Time 289
Robots Locations 0-(9,2) 1-(8,8) 2-(10,11) 3-(9,12) 4-(7,13)
Target Locations:  0-(8,12) 1-(10,10) 2-(5,15) 3-(13,7) 4-(3,13)
Task Assignment: 0-3 1-1 2-0 3-2 4-4
Robot 1 finished At time 295
Robot 2 finished At time 295
Robot 4 finished At time 299
Robot 3 finished At time 300
Robot 0 finished At time 301
number of collisions is 68
/mmd_msd2
Time 2
Robots Locations 0-(3,3) 1-(6,6) 2-(9,8) 3-(12,12) 4-(15,15)
Target Locations:  0-(4,15) 1-(5,1) 2-(15,13) 3-(11,12) 4-(12,10) 5-(1,2)
Task Assignment: 0-5 1-1 2-4 3-3 4-2
Robot 0 finished At time 7
Time 9
Robots Locations 0-(1,2) 1-(5,3) 2-(12,10) 3-(11,12) 4-(15,13)
Target Locations:  0-(4,15) 1-(5,1) 2-(15,13) 3-(11,12) 4-(12,10) 5-(6,10)
Task Assignment: 0-1 1-5 2-4 3-3 4-2
Robot 4 finished At time 10
Time 12
Robots Locations 0-(1,1) 1-(5,2) 2-(12,10) 3-(11,12) 4-(15,13)
Target Locations:  0-(4,15) 1-(5,1) 2-(11,12) 3-(12,10) 4-(6,10) 5-(10,8)
Task Assignment: 0-1 1-5 2-3 3-4 4-2
Robot 2 finished At time 14
Time 15
Robots Locations 0-(1,1) 1-(4,3) 2-(12,10) 3-(10,12) 4-(14,13)
Target Locations:  0-(4,15) 1-(5,1) 2-(11,12) 3-(6,10) 4-(10,8) 5-(3,7)
Task Assignment: 0-1 1-5 2-4 3-3 4-2
Robot 0 finished At time 24
Time 25
Robots Locations 0-(5,1) 1-(3,7) 2-(10,8) 3-(6,10) 4-(11,12)
Target Locations:  0-(4,15) 1-(11,12) 2-(6,10) 3-(10,8) 4-(3,7) 5-(1,11)
Task Assignment: 0-4 1-5 2-3 3-2 4-1
Robot 4 finished At time 26
Time 28
Robots Locations 0-(5,1) 1-(3,7) 2-(10,8) 3-(6,10) 4-(11,12)
Target Locations:  0-(4,15) 1-(6,10) 2-(10,8) 3-(3,7) 4-(1,11) 5-(1,8)
Task Assignment: 0-3 1-5 2-2 3-0 4-1
Robot 2 finished At time 29
Time 31
Robots Locations 0-(5,2) 1-(2,7) 2-(10,8) 3-(6,10) 4-(10,12)
Target Locations:  0-(4,15) 1-(6,10) 2-(3,7) 3-(1,11) 4-(1,8) 5-(1,1)
Task Assignment: 0-5 1-4 2-1 3-2 4-0
Robot 1 finished At time 36
Time 37
Robots Locations 0-(3,1) 1-(1,8) 2-(8,9) 3-(4,9) 4-(8,13)
Target Locations:  0-(4,15) 1-(6,10) 2-(3,7) 3-(1,11) 4-(1,1) 5-(12,4)
Task Assignment: 0-4 1-2 2-1 3-3 4-0
Robot 0 finished At time 43
Time 45
Robots Locations 0-(1,1) 1-(2,7) 2-(6,10) 3-(2,10) 4-(6,14)
Target Locations:  0-(4,15) 1-(6,10) 2-(3,7) 3-(1,11) 4-(12,4) 5-(11,1)
Task Assignment: 0-2 1-1 2-4 3-3 4-0
Robot 3 finished At time 49
Time 51
Robots Locations 0-(1,2) 1-(4,8) 2-(6,9) 3-(1,11) 4-(4,15)
Target Locations:  0-(4,15) 1-(6,10) 2-(3,7) 3-(12,4) 4-(11,1) 5-(12,3)
Task Assignment: 0-2 1-3 2-5 3-1 4-0
Robot 4 finished At time 53
Time 55
Robots Locations 0-(1,3) 1-(5,8) 2-(7,8) 3-(1,12) 4-(4,15)
Target Locations:  0-(6,10) 1-(3,7) 2-(12,4) 3-(11,1) 4-(12,3) 5-(3,5)
Task Assignment: 0-5 1-4 2-2 3-1 4-0
Robot 0 finished At time 61
Time 63
Robots Locations 0-(3,5) 1-(7,6) 2-(9,6) 3-(2,9) 4-(5,12)
Target Locations:  0-(6,10) 1-(3,7) 2-(12,4) 3-(11,1) 4-(12,3) 5-(11,2)
Task Assignment: 0-3 1-4 2-2 3-1 4-0
Robot 3 finished At time 69
Time 71
Robots Locations 0-(6,4) 1-(10,5) 2-(12,4) 3-(3,7) 4-(6,10)
Target Locations:  0-(6,10) 1-(12,4) 2-(11,1) 3-(12,3) 4-(11,2) 5-(12,12)
Task Assignment: 0-2 1-3 2-1 3-0 4-5
Robot 2 finished At time 73
Time 75
Robots Locations 0-(7,3) 1-(11,4) 2-(12,4) 3-(4,7) 4-(7,10)
Target Locations:  0-(6,10) 1-(11,1) 2-(12,3) 3-(11,2) 4-(12,12) 5-(3,6)
Task Assignment: 0-1 1-2 2-3 3-5 4-0
Robot 4 finished At time 82
Time 84
Robots Locations 0-(10,1) 1-(12,3) 2-(11,2) 3-(3,6) 4-(6,10)
Target Locations:  0-(11,1) 1-(12,3) 2-(11,2) 3-(12,12) 4-(3,6) 5-(6,11)
Task Assignment: 0-0 1-1 2-2 3-4 4-5
Robot 3 finished At time 85
Time 88
Robots Locations 0-(11,1) 1-(12,3) 2-(11,2) 3-(3,6) 4-(6,10)
Target Locations:  0-(11,1) 1-(12,3) 2-(11,2) 3-(12,12) 4-(6,11) 5-(8,4)
Task Assignment: 0-0 1-1 2-2 3-5 4-4
Robot 1 finished At time 88
Time 90
Robots Locations 0-(11,1) 1-(12,3) 2-(11,2) 3-(3,6) 4-(5,10)
Target Locations:  0-(11,1) 1-(11,2) 2-(12,12) 3-(6,11) 4-(8,4) 5-(4,10)
Task Assignment: 0-0 1-1 2-4 3-5 4-3
Robot 0 finished At time 92
Time 94
Robots Locations 0-(11,1) 1-(12,3) 2-(11,2) 3-(3,5) 4-(5,11)
Target Locations:  0-(11,2) 1-(12,12) 2-(6,11) 3-(8,4) 4-(4,10) 5-(7,10)
Task Assignment: 0-0 1-5 2-3 3-4 4-2
Robot 4 finished At time 98
Time 100
Robots Locations 0-(11,1) 1-(12,3) 2-(11,2) 3-(4,7) 4-(6,11)
Target Locations:  0-(11,2) 1-(12,12) 2-(8,4) 3-(4,10) 4-(7,10) 5-(9,2)
Task Assignment: 0-5 1-0 2-2 3-3 4-4
Robot 4 finished At time 105
Time 107
Robots Locations 0-(9,2) 1-(11,2) 2-(9,4) 3-(4,10) 4-(7,10)
Target Locations:  0-(11,2) 1-(12,12) 2-(8,4) 3-(4,10) 4-(9,2) 5-(6,6)
Task Assignment: 0-4 1-0 2-2 3-3 4-5
Robot 1 finished At time 108
Time 110
Robots Locations 0-(9,2) 1-(11,2) 2-(8,4) 3-(4,10) 4-(7,9)
Target Locations:  0-(12,12) 1-(8,4) 2-(4,10) 3-(9,2) 4-(6,6) 5-(7,14)
Task Assignment: 0-1 1-3 2-4 3-2 4-0
Robot 3 finished At time 112
Time 114
Robots Locations 0-(9,2) 1-(11,2) 2-(8,4) 3-(4,10) 4-(7,9)
Target Locations:  0-(12,12) 1-(8,4) 2-(9,2) 3-(6,6) 4-(7,14) 5-(15,6)
Task Assignment: 0-2 1-5 2-1 3-4 4-3
Robot 2 finished At time 119
Time 121
Robots Locations 0-(10,2) 1-(12,3) 2-(8,4) 3-(6,12) 4-(6,6)
Target Locations:  0-(12,12) 1-(9,2) 2-(6,6) 3-(7,14) 4-(15,6) 5-(14,5)
Task Assignment: 0-5 1-4 2-1 3-3 4-2
Robot 4 finished At time 123
Time 125
Robots Locations 0-(11,2) 1-(13,4) 2-(9,4) 3-(7,13) 4-(6,6)
Target Locations:  0-(12,12) 1-(9,2) 2-(7,14) 3-(15,6) 4-(14,5) 5-(13,1)
Task Assignment: 0-5 1-3 2-4 3-2 4-1
Robot 3 finished At time 129
Time 131
Robots Locations 0-(12,1) 1-(14,5) 2-(10,4) 3-(7,14) 4-(7,4)
Target Locations:  0-(12,12) 1-(9,2) 2-(15,6) 3-(14,5) 4-(13,1) 5-(1,10)
Task Assignment: 0-4 1-2 2-3 3-0 4-1
Robot 0 finished At time 134
Time 136
Robots Locations 0-(13,1) 1-(15,6) 2-(12,4) 3-(8,14) 4-(8,3)
Target Locations:  0-(12,12) 1-(9,2) 2-(15,6) 3-(14,5) 4-(1,10) 5-(15,7)
Task Assignment: 0-3 1-5 2-2 3-0 4-1
Robot 1 finished At time 139
Time 141
Robots Locations 0-(14,2) 1-(15,7) 2-(14,5) 3-(10,13) 4-(9,2)
Target Locations:  0-(12,12) 1-(9,2) 2-(15,6) 3-(14,5) 4-(1,10) 5-(7,15)
Task Assignment: 0-3 1-0 2-2 3-5 4-1
Robot 4 finished At time 143
Time 145
Robots Locations 0-(14,3) 1-(14,8) 2-(14,6) 3-(11,13) 4-(9,2)
Target Locations:  0-(12,12) 1-(15,6) 2-(14,5) 3-(1,10) 4-(7,15) 5-(14,11)
Task Assignment: 0-1 1-0 2-5 3-4 4-2
Robot 0 finished At time 152
Time 154
Robots Locations 0-(15,6) 1-(13,11) 2-(14,9) 3-(7,15) 4-(12,4)
Target Locations:  0-(12,12) 1-(14,5) 2-(1,10) 3-(7,15) 4-(14,11) 5-(1,6)
Task Assignment: 0-4 1-3 2-0 3-2 4-1
Robot 4 finished At time 160
Time 162
Robots Locations 0-(14,9) 1-(10,13) 2-(12,12) 3-(5,13) 4-(14,5)
Target Locations:  0-(12,12) 1-(1,10) 2-(7,15) 3-(14,11) 4-(1,6) 5-(13,10)
Task Assignment: 0-3 1-2 2-0 3-1 4-5
Robot 2 finished At time 164
Time 167
Robots Locations 0-(14,11) 1-(9,14) 2-(12,12) 3-(4,12) 4-(14,6)
Target Locations:  0-(1,10) 1-(7,15) 2-(14,11) 3-(1,6) 4-(13,10) 5-(2,13)
Task Assignment: 0-2 1-5 2-1 3-0 4-4
Robot 0 finished At time 169
Time 171
Robots Locations 0-(14,11) 1-(8,14) 2-(11,13) 3-(3,11) 4-(14,7)
Target Locations:  0-(1,10) 1-(7,15) 2-(1,6) 3-(13,10) 4-(2,13) 5-(5,4)
Task Assignment: 0-3 1-4 2-1 3-0 4-5
Robot 3 finished At time 176
Time 178
Robots Locations 0-(13,10) 1-(4,13) 2-(8,14) 3-(1,10) 4-(11,6)
Target Locations:  0-(7,15) 1-(1,6) 2-(13,10) 3-(2,13) 4-(5,4) 5-(4,1)
Task Assignment: 0-2 1-3 2-0 3-1 4-4
Robot 0 finished At time 179
Time 181
Robots Locations 0-(13,10) 1-(4,13) 2-(8,14) 3-(1,10) 4-(11,6)
Target Locations:  0-(7,15) 1-(1,6) 2-(2,13) 3-(5,4) 4-(4,1) 5-(7,2)
Task Assignment: 0-0 1-1 2-2 3-3 4-5
Robot 4 finished At time 193
Time 195
Robots Locations 0-(8,14) 1-(1,7) 2-(2,13) 3-(5,4) 4-(7,2)
Target Locations:  0-(7,15) 1-(1,6) 2-(2,13) 3-(5,4) 4-(4,1) 5-(8,3)
Task Assignment: 0-0 1-1 2-2 3-3 4-5
Robot 2 finished At time 196
Time 198
Robots Locations 0-(8,14) 1-(1,7) 2-(2,13) 3-(5,4) 4-(7,2)
Target Locations:  0-(7,15) 1-(1,6) 2-(5,4) 3-(4,1) 4-(8,3) 5-(8,8)
Task Assignment: 0-5 1-1 2-0 3-2 4-4
Robot 3 finished At time 200
Time 202
Robots Locations 0-(7,14) 1-(1,6) 2-(1,14) 3-(5,4) 4-(8,2)
Target Locations:  0-(7,15) 1-(1,6) 2-(4,1) 3-(8,3) 4-(8,8) 5-(8,12)
Task Assignment: 0-5 1-1 2-0 3-2 4-3
Robot 1 finished At time 203
Time 205
Robots Locations 0-(7,14) 1-(1,6) 2-(2,14) 3-(5,3) 4-(8,2)
Target Locations:  0-(7,15) 1-(4,1) 2-(8,3) 3-(8,8) 4-(8,12) 5-(10,10)
Task Assignment: 0-4 1-1 2-0 3-3 4-2
Robot 4 finished At time 209
Time 211
Robots Locations 0-(8,12) 1-(2,4) 2-(4,14) 3-(6,3) 4-(8,3)
Target Locations:  0-(7,15) 1-(4,1) 2-(8,8) 3-(8,12) 4-(10,10) 5-(2,9)
Task Assignment: 0-3 1-5 2-0 3-1 4-2
Robot 0 finished At time 212
Time 215
Robots Locations 0-(8,12) 1-(3,4) 2-(5,14) 3-(6,4) 4-(8,4)
Target Locations:  0-(7,15) 1-(4,1) 2-(8,8) 3-(10,10) 4-(2,9) 5-(9,12)
Task Assignment: 0-5 1-4 2-0 3-1 4-2
Robot 0 finished At time 219
Time 221
Robots Locations 0-(9,12) 1-(2,6) 2-(7,15) 3-(5,2) 4-(8,6)
Target Locations:  0-(7,15) 1-(4,1) 2-(8,8) 3-(10,10) 4-(2,9) 5-(8,1)
Task Assignment: 0-3 1-4 2-0 3-1 4-2
Robot 2 finished At time 223
Time 225
Robots Locations 0-(10,11) 1-(2,8) 2-(7,15) 3-(4,1) 4-(8,7)
Target Locations:  0-(4,1) 1-(8,8) 2-(10,10) 3-(2,9) 4-(8,1) 5-(7,7)
Task Assignment: 0-1 1-3 2-2 3-0 4-5
Robot 3 finished At time 228
Time 230
Robots Locations 0-(9,10) 1-(2,9) 2-(8,14) 3-(4,1) 4-(7,8)
Target Locations:  0-(8,8) 1-(10,10) 2-(2,9) 3-(8,1) 4-(7,7) 5-(5,15)
Task Assignment: 0-1 1-2 2-5 3-3 4-0
Robot 1 finished At time 232
Time 234
Robots Locations 0-(9,9) 1-(2,9) 2-(8,13) 3-(4,0) 4-(8,7)
Target Locations:  0-(8,8) 1-(10,10) 2-(8,1) 3-(7,7) 4-(5,15) 5-(13,7)
Task Assignment: 0-1 1-3 2-4 3-2 4-0
Robot 0 finished At time 237
Time 239
Robots Locations 0-(10,10) 1-(4,9) 2-(6,14) 3-(6,1) 4-(8,8)
Target Locations:  0-(8,8) 1-(8,1) 2-(7,7) 3-(5,15) 4-(13,7) 5-(3,13)
Task Assignment: 0-0 1-5 2-3 3-1 4-2
Robot 2 finished At time 243
Time 246
Robots Locations 0-(9,10) 1-(4,10) 2-(5,15) 3-(8,1) 4-(7,7)
Target Locations:  0-(8,8) 1-(8,1) 2-(7,7) 3-(13,7) 4-(3,13)
Task Assignment: 0-3 1-0 2-4 3-1 4-2
Robot 3 finished At time 247
Robot 4 finished At time 248
Robot 2 finished At time 253
Robot 0 finished At time 255
Robot 1 finished At time 256
number of collisions is 101
