Goals: (3,7) (11,15) (2,6) (9,13) (3,11) (14,5) (2,10) (12,1) (14,1) (8,4) (9,8) (8,11) (8,15) (10,1) (6,9) (7,1) (6,3) (7,9) (4,14) (10,10) (11,10) (2,3) (10,8) (3,15) (14,2) (12,3) (9,7) (14,11) (5,10) (11,11) (5,12) (13,13) (14,14) (2,8) (7,15) (5,2) (4,5) (3,8) (14,8) (2,1) (10,12) (11,7) (2,15) (6,7) (6,15) (7,7) (1,13) (6,12) (8,5) (13,9)
/MURDOCH
Time 2
Robots Locations 0-(3,3) 1-(6,5) 2-(10,9) 3-(13,12) 4-(15,15)
Target Locations:  0-(13,9) 1-(8,5) 2-(6,12) 3-(1,13) 4-(7,7) 5-(6,15)
Task Assignment: 2-1 3-0 4-2 1-3 0-4
Robot 3 finished At time 8
Time 10
Robots Locations 0-(5,5) 1-(4,7) 2-(8,6) 3-(13,9) 4-(12,15)
Target Locations:  0-(8,5) 1-(6,12) 2-(1,13) 3-(7,7) 4-(6,15) 5-(6,7)
Task Assignment: 2-0 4-1 1-2 0-3 3-5
Robot 2 finished At time 13
Time 15
Robots Locations 0-(6,6) 1-(3,9) 2-(8,5) 3-(12,8) 4-(10,14)
Target Locations:  0-(6,12) 1-(1,13) 2-(7,7) 3-(6,15) 4-(6,7) 5-(2,15)
Task Assignment: 4-0 1-1 0-2 3-4 2-3
Robot 0 finished At time 19
Time 21
Robots Locations 0-(7,7) 1-(2,11) 2-(7,6) 3-(9,8) 4-(8,13)
Target Locations:  0-(6,12) 1-(1,13) 2-(6,15) 3-(6,7) 4-(2,15) 5-(11,7)
Task Assignment: 4-0 1-1 3-3 2-2 0-5
Robot 1 finished At time 27
Time 29
Robots Locations 0-(8,8) 1-(1,13) 2-(7,9) 3-(9,7) 4-(6,12)
Target Locations:  0-(6,12) 1-(6,15) 2-(6,7) 3-(2,15) 4-(11,7) 5-(10,12)
Task Assignment: 4-0 3-2 2-1 0-4 1-3
Robot 4 finished At time 30
Time 32
Robots Locations 0-(8,8) 1-(1,13) 2-(6,9) 3-(8,7) 4-(6,12)
Target Locations:  0-(6,15) 1-(6,7) 2-(2,15) 3-(11,7) 4-(10,12) 5-(2,1)
Task Assignment: 3-1 2-0 0-3 1-2 4-4
Robot 1 finished At time 38
Time 40
Robots Locations 0-(11,7) 1-(2,15) 2-(6,11) 3-(6,7) 4-(8,11)
Target Locations:  0-(6,15) 1-(6,7) 2-(11,7) 3-(10,12) 4-(2,1) 5-(14,8)
Task Assignment: 3-1 2-0 0-2 4-3 1-5
Robot 3 finished At time 41
Time 42
Robots Locations 0-(11,7) 1-(2,15) 2-(6,12) 3-(6,7) 4-(8,12)
Target Locations:  0-(6,15) 1-(11,7) 2-(10,12) 3-(2,1) 4-(14,8) 5-(3,8)
Task Assignment: 2-0 0-1 4-2 1-4 3-5
Robot 0 finished At time 44
Time 46
Robots Locations 0-(11,7) 1-(3,15) 2-(6,12) 3-(5,7) 4-(9,12)
Target Locations:  0-(6,15) 1-(10,12) 2-(2,1) 3-(14,8) 4-(3,8) 5-(4,5)
Task Assignment: 2-0 4-1 1-3 3-4 0-5
Robot 4 finished At time 50
Time 52
Robots Locations 0-(10,6) 1-(5,14) 2-(6,15) 3-(3,8) 4-(10,12)
Target Locations:  0-(6,15) 1-(2,1) 2-(14,8) 3-(3,8) 4-(4,5) 5-(5,2)
Task Assignment: 2-0 1-2 3-3 0-4 4-5
Robot 3 finished At time 55
Time 56
Robots Locations 0-(9,6) 1-(6,13) 2-(6,15) 3-(3,8) 4-(10,11)
Target Locations:  0-(6,15) 1-(2,1) 2-(14,8) 3-(4,5) 4-(5,2) 5-(7,15)
Task Assignment: 2-0 1-2 0-3 4-4 3-1
Robot 2 finished At time 57
Time 59
Robots Locations 0-(8,6) 1-(6,13) 2-(6,15) 3-(3,8) 4-(10,11)
Target Locations:  0-(2,1) 1-(14,8) 2-(4,5) 3-(5,2) 4-(7,15) 5-(2,8)
Task Assignment: 1-1 0-2 4-3 3-0 2-4
Robot 2 finished At time 64
Time 66
Robots Locations 0-(6,5) 1-(8,11) 2-(7,15) 3-(2,5) 4-(9,9)
Target Locations:  0-(2,1) 1-(14,8) 2-(4,5) 3-(5,2) 4-(2,8) 5-(14,14)
Task Assignment: 1-1 0-2 4-3 3-0 2-5
Robot 0 finished At time 71
Time 73
Robots Locations 0-(4,5) 1-(11,10) 2-(9,15) 3-(2,3) 4-(8,6)
Target Locations:  0-(2,1) 1-(14,8) 2-(5,2) 3-(2,8) 4-(14,14) 5-(13,13)
Task Assignment: 1-1 4-2 3-0 2-4 0-3
Robot 3 finished At time 79
Time 81
Robots Locations 0-(2,8) 1-(13,8) 2-(12,14) 3-(2,1) 4-(6,4)
Target Locations:  0-(14,8) 1-(5,2) 2-(2,8) 3-(14,14) 4-(13,13) 5-(5,12)
Task Assignment: 1-0 4-1 2-3 0-2 3-5
Robot 0 finished At time 84
Time 86
Robots Locations 0-(2,8) 1-(14,8) 2-(14,14) 3-(3,1) 4-(5,2)
Target Locations:  0-(14,8) 1-(5,2) 2-(14,14) 3-(13,13) 4-(5,12) 5-(11,11)
Task Assignment: 1-0 4-1 2-2 3-4 0-5
Robot 1 finished At time 86
Time 88
Robots Locations 0-(2,8) 1-(14,8) 2-(14,14) 3-(3,1) 4-(5,2)
Target Locations:  0-(5,2) 1-(14,14) 2-(13,13) 3-(5,12) 4-(11,11) 5-(5,10)
Task Assignment: 4-0 2-1 3-3 0-4 1-2
Robot 2 finished At time 90
Time 91
Robots Locations 0-(2,9) 1-(15,8) 2-(14,14) 3-(3,2) 4-(5,2)
Target Locations:  0-(5,2) 1-(13,13) 2-(5,12) 3-(11,11) 4-(5,10) 5-(14,11)
Task Assignment: 4-0 3-2 0-3 1-1 2-5
Robot 4 finished At time 93
Time 95
Robots Locations 0-(3,9) 1-(15,9) 2-(14,13) 3-(3,3) 4-(5,2)
Target Locations:  0-(13,13) 1-(5,12) 2-(11,11) 3-(5,10) 4-(14,11) 5-(9,7)
Task Assignment: 3-1 0-2 1-0 2-4 4-5
Robot 2 finished At time 106
Time 107
Robots Locations 0-(9,10) 1-(13,13) 2-(14,11) 3-(4,8) 4-(8,5)
Target Locations:  0-(13,13) 1-(5,12) 2-(11,11) 3-(5,10) 4-(9,7) 5-(12,3)
Task Assignment: 3-1 0-2 1-0 4-4 2-5
Robot 1 finished At time 109
Time 111
Robots Locations 0-(9,11) 1-(13,13) 2-(14,11) 3-(4,9) 4-(8,6)
Target Locations:  0-(5,12) 1-(11,11) 2-(5,10) 3-(9,7) 4-(12,3) 5-(14,2)
Task Assignment: 3-0 0-1 4-3 2-4 1-2
Robot 4 finished At time 116
Time 118
Robots Locations 0-(11,11) 1-(11,13) 2-(13,9) 3-(5,11) 4-(9,7)
Target Locations:  0-(5,12) 1-(11,11) 2-(5,10) 3-(12,3) 4-(14,2) 5-(3,15)
Task Assignment: 3-0 0-1 2-3 1-2 4-4
Robot 0 finished At time 118
Time 120
Robots Locations 0-(11,11) 1-(11,13) 2-(13,9) 3-(5,11) 4-(9,7)
Target Locations:  0-(5,12) 1-(5,10) 2-(12,3) 3-(14,2) 4-(3,15) 5-(10,8)
Task Assignment: 3-0 2-2 1-1 4-3 0-5
Robot 3 finished At time 123
Time 125
Robots Locations 0-(11,10) 1-(9,12) 2-(13,7) 3-(5,12) 4-(10,6)
Target Locations:  0-(5,10) 1-(12,3) 2-(14,2) 3-(3,15) 4-(10,8) 5-(2,3)
Task Assignment: 2-1 1-0 4-2 0-4 3-3
Robot 0 finished At time 131
Time 133
Robots Locations 0-(10,8) 1-(6,11) 2-(13,5) 3-(3,14) 4-(12,4)
Target Locations:  0-(5,10) 1-(12,3) 2-(14,2) 3-(3,15) 4-(2,3) 5-(11,10)
Task Assignment: 2-1 1-0 4-2 3-3 0-5
Robot 3 finished At time 136
Time 138
Robots Locations 0-(9,9) 1-(5,10) 2-(13,4) 3-(3,15) 4-(13,3)
Target Locations:  0-(5,10) 1-(12,3) 2-(14,2) 3-(2,3) 4-(11,10) 5-(10,10)
Task Assignment: 2-1 1-0 4-2 0-4 3-5
Robot 1 finished At time 139
Time 141
Robots Locations 0-(10,9) 1-(5,10) 2-(12,3) 3-(3,16) 4-(14,2)
Target Locations:  0-(12,3) 1-(14,2) 2-(2,3) 3-(11,10) 4-(10,10) 5-(4,14)
Task Assignment: 2-0 4-1 0-3 3-4 1-5
Robot 4 finished At time 144
Time 146
Robots Locations 0-(11,10) 1-(4,11) 2-(12,3) 3-(4,15) 4-(14,2)
Target Locations:  0-(12,3) 1-(2,3) 2-(11,10) 3-(10,10) 4-(4,14) 5-(7,9)
Task Assignment: 2-0 0-2 3-3 1-4 4-5
Robot 2 finished At time 146
Time 148
Robots Locations 0-(11,10) 1-(4,11) 2-(12,3) 3-(4,15) 4-(14,2)
Target Locations:  0-(2,3) 1-(11,10) 2-(10,10) 3-(4,14) 4-(7,9) 5-(6,3)
Task Assignment: 0-1 3-2 1-3 4-4 2-5
Robot 0 finished At time 149
Time 151
Robots Locations 0-(11,10) 1-(4,12) 2-(12,3) 3-(5,15) 4-(14,1)
Target Locations:  0-(2,3) 1-(10,10) 2-(4,14) 3-(7,9) 4-(6,3) 5-(7,1)
Task Assignment: 3-1 1-2 4-3 2-4 0-5
Robot 1 finished At time 158
Time 159
Robots Locations 0-(11,8) 1-(4,14) 2-(8,3) 3-(7,13) 4-(12,3)
Target Locations:  0-(2,3) 1-(10,10) 2-(7,9) 3-(6,3) 4-(7,1) 5-(6,9)
Task Assignment: 3-1 4-2 2-3 0-4 1-5
Robot 2 finished At time 166
Time 168
Robots Locations 0-(9,5) 1-(5,12) 2-(6,3) 3-(10,10) 4-(10,5)
Target Locations:  0-(2,3) 1-(10,10) 2-(7,9) 3-(7,1) 4-(6,9) 5-(10,1)
Task Assignment: 3-1 4-2 0-3 1-4 2-0
Robot 3 finished At time 171
Time 173
Robots Locations 0-(8,3) 1-(6,11) 2-(4,3) 3-(10,10) 4-(9,5)
Target Locations:  0-(2,3) 1-(7,9) 2-(7,1) 3-(6,9) 4-(10,1) 5-(8,15)
Task Assignment: 4-1 0-2 1-3 2-0 3-5
Robot 1 finished At time 178
Time 180
Robots Locations 0-(7,1) 1-(6,9) 2-(2,3) 3-(10,12) 4-(8,8)
Target Locations:  0-(2,3) 1-(7,9) 2-(7,1) 3-(10,1) 4-(8,15) 5-(8,11)
Task Assignment: 4-1 0-2 2-0 3-4 1-5
Robot 0 finished At time 181
Time 183
Robots Locations 0-(7,1) 1-(6,9) 2-(2,3) 3-(10,12) 4-(7,8)
Target Locations:  0-(2,3) 1-(7,9) 2-(10,1) 3-(8,15) 4-(8,11) 5-(9,8)
Task Assignment: 4-1 2-0 3-3 1-4 0-2
Robot 2 finished At time 184
Time 186
Robots Locations 0-(7,1) 1-(6,9) 2-(2,3) 3-(9,13) 4-(7,8)
Target Locations:  0-(7,9) 1-(10,1) 2-(8,15) 3-(8,11) 4-(9,8) 5-(8,4)
Task Assignment: 4-0 3-2 1-3 0-1 2-5
Robot 3 finished At time 193
Time 195
Robots Locations 0-(10,1) 1-(8,11) 2-(4,4) 3-(8,15) 4-(7,9)
Target Locations:  0-(7,9) 1-(10,1) 2-(8,11) 3-(9,8) 4-(8,4) 5-(14,1)
Task Assignment: 4-0 1-2 0-1 2-4 3-3
Robot 4 finished At time 196
Time 198
Robots Locations 0-(10,1) 1-(8,11) 2-(5,4) 3-(8,15) 4-(7,9)
Target Locations:  0-(10,1) 1-(8,11) 2-(9,8) 3-(8,4) 4-(14,1) 5-(12,1)
Task Assignment: 1-1 0-0 2-3 3-2 4-5
Robot 1 finished At time 199
Time 201
Robots Locations 0-(10,1) 1-(8,11) 2-(5,4) 3-(7,15) 4-(7,9)
Target Locations:  0-(10,1) 1-(9,8) 2-(8,4) 3-(14,1) 4-(12,1) 5-(2,10)
Task Assignment: 0-0 2-2 3-1 4-4 1-5
Robot 0 finished At time 201
Time 203
Robots Locations 0-(10,1) 1-(8,11) 2-(5,4) 3-(7,15) 4-(7,9)
Target Locations:  0-(9,8) 1-(8,4) 2-(14,1) 3-(12,1) 4-(2,10) 5-(14,5)
Task Assignment: 2-1 3-0 4-3 1-4 0-2
Robot 2 finished At time 210
Time 212
Robots Locations 0-(14,1) 1-(5,11) 2-(8,4) 3-(8,12) 4-(9,5)
Target Locations:  0-(9,8) 1-(14,1) 2-(12,1) 3-(2,10) 4-(14,5) 5-(3,11)
Task Assignment: 3-0 4-2 1-3 0-1 2-4
Robot 0 finished At time 214
Time 216
Robots Locations 0-(14,1) 1-(4,11) 2-(9,4) 3-(8,11) 4-(10,5)
Target Locations:  0-(9,8) 1-(12,1) 2-(2,10) 3-(14,5) 4-(3,11) 5-(9,13)
Task Assignment: 3-0 4-1 1-2 2-3 0-5
Robot 1 finished At time 221
Time 223
Robots Locations 0-(14,3) 1-(2,10) 2-(11,5) 3-(9,8) 4-(11,2)
Target Locations:  0-(9,8) 1-(12,1) 2-(14,5) 3-(3,11) 4-(9,13) 5-(2,6)
Task Assignment: 3-0 4-1 2-2 0-4 1-3
Robot 3 finished At time 224
Time 227
Robots Locations 0-(13,4) 1-(1,10) 2-(12,5) 3-(9,8) 4-(12,1)
Target Locations:  0-(12,1) 1-(14,5) 2-(3,11) 3-(9,13) 4-(2,6) 5-(11,15)
Task Assignment: 4-0 2-1 0-3 1-2 3-4
Robot 4 finished At time 230
Time 232
Robots Locations 0-(13,4) 1-(3,11) 2-(12,5) 3-(8,7) 4-(12,1)
Target Locations:  0-(14,5) 1-(3,11) 2-(9,13) 3-(2,6) 4-(11,15) 5-(3,7)
Task Assignment: 2-0 0-2 1-1 3-3 4-5
Robot 1 finished At time 234
Time 236
Robots Locations 0-(12,5) 1-(3,11) 2-(14,5) 3-(7,7) 4-(11,0)
Target Locations:  0-(14,5) 1-(9,13) 2-(2,6) 3-(11,15) 4-(3,7)
Task Assignment: 2-0 0-1 3-2 4-4 1-3
Robot 2 finished At time 239
Robot 3 finished At time 246
Robot 0 finished At time 252
Robot 1 finished At time 253
Robot 4 finished At time 256
number of collisions is 159
/BLE
Time 2
Robots Locations 0-(3,3) 1-(6,6) 2-(8,9) 3-(12,12) 4-(15,15)
Target Locations:  0-(13,9) 1-(8,5) 2-(6,12) 3-(1,13) 4-(7,7) 5-(6,15)
Task Assignment: 1-4 3-0 2-2 0-1 4-5
Robot 1 finished At time 8
Time 10
Robots Locations 0-(6,4) 1-(7,7) 2-(6,12) 3-(13,9) 4-(12,16)
Target Locations:  0-(13,9) 1-(8,5) 2-(6,12) 3-(1,13) 4-(6,15) 5-(6,7)
Task Assignment: 3-0 2-2 1-5 0-1 4-4
Robot 3 finished At time 11
Time 13
Robots Locations 0-(6,4) 1-(7,7) 2-(6,12) 3-(13,9) 4-(11,15)
Target Locations:  0-(8,5) 1-(6,12) 2-(1,13) 3-(6,15) 4-(6,7) 5-(2,15)
Task Assignment: 2-1 1-4 0-0 4-3 3-5
Robot 2 finished At time 14
Time 16
Robots Locations 0-(7,4) 1-(7,8) 2-(6,12) 3-(13,9) 4-(11,15)
Target Locations:  0-(8,5) 1-(1,13) 2-(6,15) 3-(6,7) 4-(2,15) 5-(11,7)
Task Assignment: 0-0 1-3 3-5 2-2 4-4
Robot 1 finished At time 19
Time 21
Robots Locations 0-(8,5) 1-(6,7) 2-(6,14) 3-(12,7) 4-(9,15)
Target Locations:  0-(8,5) 1-(1,13) 2-(6,15) 3-(2,15) 4-(11,7) 5-(10,12)
Task Assignment: 0-0 3-4 2-2 4-5 1-1
Robot 0 finished At time 22
Time 24
Robots Locations 0-(8,5) 1-(6,7) 2-(6,14) 3-(11,7) 4-(9,15)
Target Locations:  0-(1,13) 1-(6,15) 2-(2,15) 3-(11,7) 4-(10,12) 5-(2,1)
Task Assignment: 3-3 2-1 4-4 1-5 0-0
Robot 3 finished At time 27
Time 29
Robots Locations 0-(8,6) 1-(5,6) 2-(6,15) 3-(11,7) 4-(9,14)
Target Locations:  0-(1,13) 1-(6,15) 2-(2,15) 3-(10,12) 4-(2,1) 5-(14,8)
Task Assignment: 2-1 4-3 3-5 1-4 0-0
Robot 2 finished At time 29
Time 31
Robots Locations 0-(8,6) 1-(5,6) 2-(6,15) 3-(11,7) 4-(9,14)
Target Locations:  0-(1,13) 1-(2,15) 2-(10,12) 3-(2,1) 4-(14,8) 5-(3,8)
Task Assignment: 4-2 1-5 3-4 2-1 0-3
Robot 4 finished At time 37
Time 39
Robots Locations 0-(5,4) 1-(3,8) 2-(3,15) 3-(13,7) 4-(10,12)
Target Locations:  0-(1,13) 1-(2,15) 2-(2,1) 3-(14,8) 4-(3,8) 5-(4,5)
Task Assignment: 1-4 2-1 3-3 0-5 4-0
Robot 1 finished At time 42
Time 44
Robots Locations 0-(4,5) 1-(3,8) 2-(2,15) 3-(14,8) 4-(9,11)
Target Locations:  0-(1,13) 1-(2,15) 2-(2,1) 3-(14,8) 4-(4,5) 5-(5,2)
Task Assignment: 3-3 2-1 0-4 1-0 4-5
Robot 3 finished At time 45
Time 47
Robots Locations 0-(4,5) 1-(3,9) 2-(2,15) 3-(14,8) 4-(8,11)
Target Locations:  0-(1,13) 1-(2,15) 2-(2,1) 3-(4,5) 4-(5,2) 5-(7,15)
Task Assignment: 0-3 2-1 4-5 1-0 3-4
Robot 0 finished At time 47
Time 50
Robots Locations 0-(4,5) 1-(3,9) 2-(2,15) 3-(14,8) 4-(8,11)
Target Locations:  0-(1,13) 1-(2,15) 2-(2,1) 3-(5,2) 4-(7,15) 5-(2,8)
Task Assignment: 2-1 1-5 0-3 4-4 3-2
Robot 2 finished At time 50
Time 52
Robots Locations 0-(4,5) 1-(3,9) 2-(2,15) 3-(14,8) 4-(8,11)
Target Locations:  0-(1,13) 1-(2,1) 2-(5,2) 3-(7,15) 4-(2,8) 5-(14,14)
Task Assignment: 1-4 2-0 0-2 4-3 3-5
Robot 1 finished At time 56
Time 59
Robots Locations 0-(4,3) 1-(2,8) 2-(1,13) 3-(14,11) 4-(7,13)
Target Locations:  0-(1,13) 1-(2,1) 2-(5,2) 3-(7,15) 4-(14,14) 5-(13,13)
Task Assignment: 2-0 0-2 4-3 3-5 1-1
Robot 2 finished At time 60
Time 62
Robots Locations 0-(5,3) 1-(2,7) 2-(1,13) 3-(14,12) 4-(7,13)
Target Locations:  0-(2,1) 1-(5,2) 2-(7,15) 3-(14,14) 4-(13,13) 5-(5,12)
Task Assignment: 0-1 3-4 4-2 2-5 1-0
Robot 0 finished At time 65
Time 67
Robots Locations 0-(5,2) 1-(2,6) 2-(2,12) 3-(13,13) 4-(7,15)
Target Locations:  0-(2,1) 1-(7,15) 2-(14,14) 3-(13,13) 4-(5,12) 5-(11,11)
Task Assignment: 4-1 3-3 2-4 0-0 1-5
Robot 4 finished At time 69
Time 71
Robots Locations 0-(4,1) 1-(3,5) 2-(3,12) 3-(13,13) 4-(7,15)
Target Locations:  0-(2,1) 1-(14,14) 2-(13,13) 3-(5,12) 4-(11,11) 5-(5,10)
Task Assignment: 3-2 0-0 2-3 4-5 1-4
Robot 3 finished At time 72
Time 74
Robots Locations 0-(4,1) 1-(3,5) 2-(3,12) 3-(13,13) 4-(7,15)
Target Locations:  0-(2,1) 1-(14,14) 2-(5,12) 3-(11,11) 4-(5,10) 5-(14,11)
Task Assignment: 3-1 0-0 2-2 4-4 1-3
Robot 2 finished At time 79
Time 81
Robots Locations 0-(2,1) 1-(5,7) 2-(5,12) 3-(14,14) 4-(6,13)
Target Locations:  0-(2,1) 1-(14,14) 2-(11,11) 3-(5,10) 4-(14,11) 5-(9,7)
Task Assignment: 3-1 0-0 2-3 1-5 4-2
Robot 3 finished At time 81
Time 83
Robots Locations 0-(2,1) 1-(5,7) 2-(5,12) 3-(14,14) 4-(6,13)
Target Locations:  0-(2,1) 1-(11,11) 2-(5,10) 3-(14,11) 4-(9,7) 5-(12,3)
Task Assignment: 0-0 2-2 3-3 1-4 4-1
Robot 0 finished At time 83
Time 85
Robots Locations 0-(2,1) 1-(5,7) 2-(5,12) 3-(14,14) 4-(6,13)
Target Locations:  0-(11,11) 1-(5,10) 2-(14,11) 3-(9,7) 4-(12,3) 5-(14,2)
Task Assignment: 2-1 3-2 1-3 4-0 0-4
Robot 2 finished At time 91
Time 92
Robots Locations 0-(4,2) 1-(8,7) 2-(5,10) 3-(14,11) 4-(9,12)
Target Locations:  0-(11,11) 1-(14,11) 2-(9,7) 3-(12,3) 4-(14,2) 5-(3,15)
Task Assignment: 3-1 1-2 4-0 2-5 0-3
Robot 3 finished At time 95
Time 97
Robots Locations 0-(5,2) 1-(9,7) 2-(4,10) 3-(14,11) 4-(10,11)
Target Locations:  0-(11,11) 1-(9,7) 2-(12,3) 3-(14,2) 4-(3,15) 5-(10,8)
Task Assignment: 1-1 4-0 3-5 2-4 0-2
Robot 1 finished At time 97
Time 99
Robots Locations 0-(5,2) 1-(9,7) 2-(4,11) 3-(14,11) 4-(10,11)
Target Locations:  0-(11,11) 1-(12,3) 2-(14,2) 3-(3,15) 4-(10,8) 5-(2,3)
Task Assignment: 4-0 1-4 0-5 2-3 3-1
Robot 4 finished At time 103
Time 105
Robots Locations 0-(4,3) 1-(10,8) 2-(4,12) 3-(13,9) 4-(11,11)
Target Locations:  0-(12,3) 1-(14,2) 2-(3,15) 3-(10,8) 4-(2,3) 5-(11,10)
Task Assignment: 1-3 4-5 0-4 2-2 3-0
Robot 1 finished At time 105
Time 108
Robots Locations 0-(4,3) 1-(10,8) 2-(4,13) 3-(13,9) 4-(11,11)
Target Locations:  0-(12,3) 1-(14,2) 2-(3,15) 3-(2,3) 4-(11,10) 5-(10,10)
Task Assignment: 4-4 0-3 1-5 2-2 3-0
Robot 4 finished At time 111
Time 113
Robots Locations 0-(2,3) 1-(10,10) 2-(3,15) 3-(13,7) 4-(11,10)
Target Locations:  0-(12,3) 1-(14,2) 2-(3,15) 3-(2,3) 4-(10,10) 5-(4,14)
Task Assignment: 0-3 2-2 1-4 3-0 4-5
Robot 0 finished At time 115
Time 117
Robots Locations 0-(2,3) 1-(10,10) 2-(3,15) 3-(13,6) 4-(11,10)
Target Locations:  0-(12,3) 1-(14,2) 2-(3,15) 3-(10,10) 4-(4,14) 5-(7,9)
Task Assignment: 2-2 1-3 3-0 4-5 0-4
Robot 2 finished At time 118
Time 119
Robots Locations 0-(2,3) 1-(10,10) 2-(3,15) 3-(13,6) 4-(11,9)
Target Locations:  0-(12,3) 1-(14,2) 2-(10,10) 3-(4,14) 4-(7,9) 5-(6,3)
Task Assignment: 1-2 2-3 3-0 4-4 0-5
Robot 1 finished At time 120
Time 122
Robots Locations 0-(2,3) 1-(10,10) 2-(3,15) 3-(13,5) 4-(11,9)
Target Locations:  0-(12,3) 1-(14,2) 2-(4,14) 3-(7,9) 4-(6,3) 5-(7,1)
Task Assignment: 2-2 3-0 1-3 0-4 4-1
Robot 3 finished At time 128
Time 130
Robots Locations 0-(4,3) 1-(7,9) 2-(4,14) 3-(12,3) 4-(12,6)
Target Locations:  0-(14,2) 1-(4,14) 2-(7,9) 3-(6,3) 4-(7,1) 5-(6,9)
Task Assignment: 1-2 2-1 0-3 3-0 4-5
Robot 2 finished At time 131
Time 133
Robots Locations 0-(4,3) 1-(7,9) 2-(4,14) 3-(12,3) 4-(12,6)
Target Locations:  0-(14,2) 1-(7,9) 2-(6,3) 3-(7,1) 4-(6,9) 5-(10,1)
Task Assignment: 1-1 0-2 3-0 2-4 4-5
Robot 1 finished At time 136
Time 138
Robots Locations 0-(6,3) 1-(7,9) 2-(5,13) 3-(13,2) 4-(11,5)
Target Locations:  0-(14,2) 1-(6,3) 2-(7,1) 3-(6,9) 4-(10,1) 5-(8,15)
Task Assignment: 0-1 1-3 3-0 2-5 4-4
Robot 0 finished At time 139
Time 141
Robots Locations 0-(6,3) 1-(6,9) 2-(5,13) 3-(14,2) 4-(11,4)
Target Locations:  0-(14,2) 1-(7,1) 2-(6,9) 3-(10,1) 4-(8,15) 5-(8,11)
Task Assignment: 3-0 1-2 0-1 4-3 2-5
Robot 3 finished At time 143
Time 145
Robots Locations 0-(6,2) 1-(6,9) 2-(6,13) 3-(14,2) 4-(11,3)
Target Locations:  0-(7,1) 1-(6,9) 2-(10,1) 3-(8,15) 4-(8,11) 5-(9,8)
Task Assignment: 1-1 0-0 4-2 2-3 3-5
Robot 1 finished At time 146
Time 148
Robots Locations 0-(7,2) 1-(6,9) 2-(6,12) 3-(14,2) 4-(11,3)
Target Locations:  0-(7,1) 1-(10,1) 2-(8,15) 3-(8,11) 4-(9,8) 5-(8,4)
Task Assignment: 0-0 2-3 4-1 1-4 3-5
Robot 0 finished At time 152
Time 154
Robots Locations 0-(7,1) 1-(7,8) 2-(8,11) 3-(13,3) 4-(10,1)
Target Locations:  0-(10,1) 1-(8,15) 2-(8,11) 3-(9,8) 4-(8,4) 5-(14,1)
Task Assignment: 4-0 2-2 1-3 3-5 0-4
Robot 4 finished At time 156
Time 159
Robots Locations 0-(8,1) 1-(8,8) 2-(8,11) 3-(13,2) 4-(10,1)
Target Locations:  0-(8,15) 1-(8,11) 2-(9,8) 3-(8,4) 4-(14,1) 5-(12,1)
Task Assignment: 2-1 1-2 3-5 0-3 4-4
Robot 2 finished At time 159
Time 161
Robots Locations 0-(8,1) 1-(8,8) 2-(8,11) 3-(13,2) 4-(10,1)
Target Locations:  0-(8,15) 1-(9,8) 2-(8,4) 3-(14,1) 4-(12,1) 5-(2,10)
Task Assignment: 1-1 3-4 0-2 4-3 2-0
Robot 1 finished At time 164
Time 166
Robots Locations 0-(8,3) 1-(9,8) 2-(9,12) 3-(12,1) 4-(11,1)
Target Locations:  0-(8,15) 1-(8,4) 2-(14,1) 3-(12,1) 4-(2,10) 5-(14,5)
Task Assignment: 3-3 0-1 4-2 2-0 1-5
Robot 0 finished At time 170
Time 172
Robots Locations 0-(8,4) 1-(10,7) 2-(8,14) 3-(12,1) 4-(11,1)
Target Locations:  0-(8,15) 1-(14,1) 2-(12,1) 3-(2,10) 4-(14,5) 5-(3,11)
Task Assignment: 3-2 2-0 4-1 1-4 0-3
Robot 2 finished At time 176
Time 178
Robots Locations 0-(7,5) 1-(12,6) 2-(8,15) 3-(12,1) 4-(13,1)
Target Locations:  0-(14,1) 1-(12,1) 2-(2,10) 3-(14,5) 4-(3,11) 5-(9,13)
Task Assignment: 3-1 4-0 1-3 2-5 0-2
Robot 3 finished At time 181
Time 183
Robots Locations 0-(5,7) 1-(14,5) 2-(9,15) 3-(12,1) 4-(14,1)
Target Locations:  0-(14,1) 1-(2,10) 2-(14,5) 3-(3,11) 4-(9,13) 5-(2,6)
Task Assignment: 1-2 4-0 2-4 0-5 3-1
Robot 4 finished At time 184
Time 186
Robots Locations 0-(5,7) 1-(14,5) 2-(9,14) 3-(12,1) 4-(14,1)
Target Locations:  0-(2,10) 1-(14,5) 2-(3,11) 3-(9,13) 4-(2,6) 5-(11,15)
Task Assignment: 1-1 2-3 0-4 3-0 4-5
Robot 1 finished At time 188
Time 190
Robots Locations 0-(4,7) 1-(14,5) 2-(9,13) 3-(13,2) 4-(15,2)
Target Locations:  0-(2,10) 1-(3,11) 2-(9,13) 3-(2,6) 4-(11,15) 5-(3,7)
Task Assignment: 2-2 0-5 1-4 3-3 4-1
Robot 2 finished At time 193
Time 195
Robots Locations 0-(3,7) 1-(14,6) 2-(9,13) 3-(11,2) 4-(14,3)
Target Locations:  0-(2,10) 1-(3,11) 2-(2,6) 3-(11,15) 4-(3,7)
Task Assignment: 0-4 2-3 3-2 1-1 4-0
Robot 0 finished At time 196
Robot 2 finished At time 203
Robot 3 finished At time 213
Robot 1 finished At time 216
Robot 4 finished At time 218
number of collisions is 57
/mmdr
Time 3
Robots Locations 0-(3,2) 1-(6,6) 2-(9,8) 3-(12,12) 4-(15,15)
Target Locations:  0-(13,9) 1-(8,5) 2-(6,12) 3-(1,13) 4-(7,7) 5-(6,15)
Task Assignment: 0-1 1-4 2-2 3-5 4-0
Robot 1 finished At time 9
Time 11
Robots Locations 0-(6,3) 1-(7,7) 2-(7,10) 3-(10,14) 4-(15,12)
Target Locations:  0-(13,9) 1-(8,5) 2-(6,12) 3-(1,13) 4-(6,15) 5-(6,7)
Task Assignment: 0-1 1-5 2-2 3-4 4-0
Robot 1 finished At time 15
Time 18
Robots Locations 0-(8,5) 1-(6,7) 2-(6,12) 3-(8,14) 4-(14,10)
Target Locations:  0-(13,9) 1-(8,5) 2-(6,12) 3-(1,13) 4-(6,15) 5-(2,15)
Task Assignment: 0-1 1-2 2-3 3-4 4-0
Robot 0 finished At time 20
Time 23
Robots Locations 0-(8,5) 1-(5,7) 2-(5,12) 3-(7,15) 4-(13,9)
Target Locations:  0-(13,9) 1-(6,12) 2-(1,13) 3-(6,15) 4-(2,15) 5-(11,7)
Task Assignment: 0-5 1-1 2-2 3-3 4-0
Robot 4 finished At time 25
Time 28
Robots Locations 0-(9,6) 1-(5,8) 2-(4,12) 3-(6,15) 4-(13,9)
Target Locations:  0-(6,12) 1-(1,13) 2-(6,15) 3-(2,15) 4-(11,7) 5-(10,12)
Task Assignment: 0-4 1-0 2-1 3-2 4-5
Robot 3 finished At time 29
Time 31
Robots Locations 0-(9,6) 1-(5,9) 2-(3,13) 3-(6,15) 4-(13,9)
Target Locations:  0-(6,12) 1-(1,13) 2-(2,15) 3-(11,7) 4-(10,12) 5-(2,1)
Task Assignment: 0-3 1-0 2-1 3-2 4-4
Robot 0 finished At time 36
Time 39
Robots Locations 0-(11,7) 1-(6,12) 2-(1,13) 3-(3,15) 4-(11,11)
Target Locations:  0-(6,12) 1-(1,13) 2-(2,15) 3-(10,12) 4-(2,1) 5-(14,8)
Task Assignment: 0-5 1-0 2-1 3-2 4-3
Robot 2 finished At time 40
Time 42
Robots Locations 0-(12,7) 1-(6,12) 2-(1,13) 3-(3,15) 4-(11,11)
Target Locations:  0-(6,12) 1-(2,15) 2-(10,12) 3-(2,1) 4-(14,8) 5-(3,8)
Task Assignment: 0-4 1-0 2-5 3-1 4-2
Robot 1 finished At time 44
Time 46
Robots Locations 0-(12,7) 1-(6,12) 2-(0,13) 3-(2,15) 4-(10,12)
Target Locations:  0-(2,15) 1-(10,12) 2-(2,1) 3-(14,8) 4-(3,8) 5-(4,5)
Task Assignment: 0-3 1-5 2-4 3-0 4-1
Robot 3 finished At time 48
Time 50
Robots Locations 0-(13,8) 1-(5,13) 2-(1,12) 3-(2,15) 4-(10,12)
Target Locations:  0-(10,12) 1-(2,1) 2-(14,8) 3-(3,8) 4-(4,5) 5-(5,2)
Task Assignment: 0-5 1-0 2-4 3-3 4-2
Robot 1 finished At time 62
Time 64
Robots Locations 0-(9,4) 1-(10,12) 2-(4,6) 3-(3,9) 4-(14,8)
Target Locations:  0-(2,1) 1-(14,8) 2-(3,8) 3-(4,5) 4-(5,2) 5-(7,15)
Task Assignment: 0-4 1-5 2-3 3-2 4-1
Robot 4 finished At time 67
Time 69
Robots Locations 0-(8,4) 1-(10,13) 2-(4,5) 3-(3,8) 4-(14,8)
Target Locations:  0-(2,1) 1-(3,8) 2-(4,5) 3-(5,2) 4-(7,15) 5-(2,8)
Task Assignment: 0-3 1-1 2-2 3-5 4-4
Robot 2 finished At time 71
Time 73
Robots Locations 0-(7,3) 1-(9,13) 2-(4,5) 3-(3,8) 4-(14,8)
Target Locations:  0-(2,1) 1-(3,8) 2-(5,2) 3-(7,15) 4-(2,8) 5-(14,14)
Task Assignment: 0-2 1-3 2-4 3-1 4-5
Robot 3 finished At time 79
Time 81
Robots Locations 0-(5,2) 1-(7,15) 2-(3,6) 3-(3,8) 4-(13,10)
Target Locations:  0-(2,1) 1-(5,2) 2-(7,15) 3-(2,8) 4-(14,14) 5-(13,13)
Task Assignment: 0-0 1-2 2-1 3-3 4-5
Robot 1 finished At time 84
Time 86
Robots Locations 0-(4,2) 1-(7,15) 2-(3,7) 3-(3,7) 4-(13,11)
Target Locations:  0-(2,1) 1-(5,2) 2-(2,8) 3-(14,14) 4-(13,13) 5-(5,12)
Task Assignment: 0-0 1-5 2-2 3-1 4-4
Robot 0 finished At time 91
Time 94
Robots Locations 0-(2,1) 1-(5,13) 2-(2,8) 3-(4,6) 4-(13,13)
Target Locations:  0-(5,2) 1-(2,8) 2-(14,14) 3-(13,13) 4-(5,12) 5-(11,11)
Task Assignment: 0-0 1-5 2-4 3-1 4-3
Robot 4 finished At time 95
Time 97
Robots Locations 0-(2,1) 1-(6,13) 2-(2,8) 3-(4,5) 4-(13,13)
Target Locations:  0-(5,2) 1-(2,8) 2-(14,14) 3-(5,12) 4-(11,11) 5-(5,10)
Task Assignment: 0-0 1-3 2-5 3-1 4-2
Robot 1 finished At time 102
Time 104
Robots Locations 0-(3,2) 1-(5,12) 2-(4,10) 3-(3,7) 4-(14,14)
Target Locations:  0-(5,2) 1-(2,8) 2-(14,14) 3-(11,11) 4-(5,10) 5-(14,11)
Task Assignment: 0-0 1-3 2-4 3-1 4-2
Robot 4 finished At time 105
Time 107
Robots Locations 0-(3,2) 1-(5,12) 2-(4,10) 3-(2,7) 4-(14,14)
Target Locations:  0-(5,2) 1-(2,8) 2-(11,11) 3-(5,10) 4-(14,11) 5-(9,7)
Task Assignment: 0-0 1-3 2-5 3-1 4-4
Robot 3 finished At time 111
Time 113
Robots Locations 0-(5,2) 1-(5,11) 2-(6,9) 3-(2,8) 4-(14,12)
Target Locations:  0-(5,2) 1-(11,11) 2-(5,10) 3-(14,11) 4-(9,7) 5-(12,3)
Task Assignment: 0-0 1-4 2-1 3-2 4-3
Robot 0 finished At time 114
Time 117
Robots Locations 0-(5,2) 1-(5,10) 2-(7,9) 3-(2,8) 4-(14,12)
Target Locations:  0-(11,11) 1-(5,10) 2-(14,11) 3-(9,7) 4-(12,3) 5-(14,2)
Task Assignment: 0-4 1-3 2-0 3-1 4-2
Robot 4 finished At time 121
Time 123
Robots Locations 0-(7,2) 1-(7,9) 2-(8,10) 3-(4,9) 4-(14,11)
Target Locations:  0-(11,11) 1-(5,10) 2-(9,7) 3-(12,3) 4-(14,2) 5-(3,15)
Task Assignment: 0-3 1-2 2-1 3-5 4-0
Robot 1 finished At time 130
Time 132
Robots Locations 0-(11,3) 1-(9,7) 2-(5,10) 3-(3,13) 4-(11,11)
Target Locations:  0-(11,11) 1-(5,10) 2-(12,3) 3-(14,2) 4-(3,15) 5-(10,8)
Task Assignment: 0-2 1-5 2-1 3-4 4-0
Robot 4 finished At time 133
Time 135
Robots Locations 0-(11,3) 1-(9,7) 2-(5,10) 3-(3,13) 4-(11,11)
Target Locations:  0-(5,10) 1-(12,3) 2-(14,2) 3-(3,15) 4-(10,8) 5-(2,3)
Task Assignment: 0-2 1-1 2-0 3-3 4-4
Robot 2 finished At time 138
Time 140
Robots Locations 0-(13,3) 1-(10,6) 2-(5,10) 3-(3,15) 4-(10,10)
Target Locations:  0-(12,3) 1-(14,2) 2-(3,15) 3-(10,8) 4-(2,3) 5-(11,10)
Task Assignment: 0-1 1-0 2-3 3-2 4-5
Robot 3 finished At time 143
Time 145
Robots Locations 0-(14,2) 1-(11,5) 2-(5,9) 3-(3,15) 4-(11,10)
Target Locations:  0-(12,3) 1-(14,2) 2-(10,8) 3-(2,3) 4-(11,10) 5-(10,10)
Task Assignment: 0-1 1-0 2-2 3-5 4-4
Robot 0 finished At time 148
Time 150
Robots Locations 0-(14,2) 1-(11,4) 2-(6,9) 3-(4,15) 4-(11,10)
Target Locations:  0-(12,3) 1-(10,8) 2-(2,3) 3-(11,10) 4-(10,10) 5-(4,14)
Task Assignment: 0-0 1-1 2-4 3-5 4-3
Robot 4 finished At time 150
Time 153
Robots Locations 0-(14,2) 1-(12,4) 2-(6,9) 3-(4,15) 4-(11,10)
Target Locations:  0-(12,3) 1-(10,8) 2-(2,3) 3-(10,10) 4-(4,14) 5-(7,9)
Task Assignment: 0-0 1-1 2-5 3-4 4-3
Robot 2 finished At time 156
Time 158
Robots Locations 0-(14,3) 1-(12,5) 2-(7,9) 3-(4,14) 4-(10,10)
Target Locations:  0-(12,3) 1-(10,8) 2-(2,3) 3-(10,10) 4-(4,14) 5-(6,3)
Task Assignment: 0-0 1-1 2-5 3-4 4-3
Robot 4 finished At time 159
Time 162
Robots Locations 0-(13,3) 1-(12,5) 2-(8,9) 3-(4,14) 4-(10,10)
Target Locations:  0-(12,3) 1-(10,8) 2-(2,3) 3-(4,14) 4-(6,3) 5-(7,1)
Task Assignment: 0-0 1-5 2-4 3-3 4-1
Robot 3 finished At time 162
Time 165
Robots Locations 0-(13,3) 1-(12,5) 2-(8,9) 3-(4,14) 4-(10,10)
Target Locations:  0-(12,3) 1-(10,8) 2-(2,3) 3-(6,3) 4-(7,1) 5-(6,9)
Task Assignment: 0-0 1-4 2-3 3-5 4-1
Robot 0 finished At time 168
Time 171
Robots Locations 0-(12,3) 1-(10,4) 2-(7,7) 3-(5,12) 4-(10,8)
Target Locations:  0-(10,8) 1-(2,3) 2-(6,3) 3-(7,1) 4-(6,9) 5-(10,1)
Task Assignment: 0-5 1-3 2-2 3-4 4-0
Robot 4 finished At time 173
Time 176
Robots Locations 0-(11,2) 1-(9,4) 2-(7,6) 3-(5,11) 4-(10,8)
Target Locations:  0-(2,3) 1-(6,3) 2-(7,1) 3-(6,9) 4-(10,1) 5-(8,15)
Task Assignment: 0-4 1-2 2-1 3-5 4-3
Robot 0 finished At time 181
Time 183
Robots Locations 0-(10,1) 1-(8,2) 2-(6,3) 3-(7,13) 4-(8,8)
Target Locations:  0-(2,3) 1-(6,3) 2-(7,1) 3-(6,9) 4-(8,15) 5-(8,11)
Task Assignment: 0-2 1-1 2-0 3-4 4-3
Robot 4 finished At time 188
Time 191
Robots Locations 0-(7,1) 1-(6,3) 2-(3,3) 3-(8,15) 4-(6,9)
Target Locations:  0-(2,3) 1-(6,3) 2-(7,1) 3-(8,15) 4-(8,11) 5-(9,8)
Task Assignment: 0-2 1-1 2-0 3-3 4-4
Robot 1 finished At time 192
Time 195
Robots Locations 0-(7,1) 1-(6,3) 2-(3,3) 3-(8,15) 4-(6,9)
Target Locations:  0-(2,3) 1-(7,1) 2-(8,15) 3-(8,11) 4-(9,8) 5-(8,4)
Task Assignment: 0-1 1-5 2-0 3-2 4-3
Robot 3 finished At time 195
Time 197
Robots Locations 0-(7,1) 1-(6,3) 2-(3,3) 3-(8,15) 4-(6,10)
Target Locations:  0-(2,3) 1-(7,1) 2-(8,11) 3-(9,8) 4-(8,4) 5-(14,1)
Task Assignment: 0-1 1-4 2-0 3-2 4-3
Robot 0 finished At time 198
Time 201
Robots Locations 0-(7,1) 1-(6,4) 2-(2,3) 3-(8,15) 4-(6,10)
Target Locations:  0-(2,3) 1-(8,11) 2-(9,8) 3-(8,4) 4-(14,1) 5-(12,1)
Task Assignment: 0-5 1-3 2-0 3-1 4-2
Robot 2 finished At time 203
Time 205
Robots Locations 0-(7,2) 1-(7,4) 2-(2,3) 3-(9,14) 4-(7,9)
Target Locations:  0-(8,11) 1-(9,8) 2-(8,4) 3-(14,1) 4-(12,1) 5-(2,10)
Task Assignment: 0-4 1-1 2-2 3-0 4-5
Robot 3 finished At time 214
Time 216
Robots Locations 0-(11,1) 1-(9,8) 2-(5,4) 3-(8,11) 4-(4,10)
Target Locations:  0-(9,8) 1-(8,4) 2-(14,1) 3-(12,1) 4-(2,10) 5-(14,5)
Task Assignment: 0-3 1-5 2-1 3-0 4-4
Robot 0 finished At time 219
Time 222
Robots Locations 0-(12,1) 1-(10,8) 2-(7,4) 3-(8,9) 4-(2,10)
Target Locations:  0-(9,8) 1-(8,4) 2-(14,1) 3-(2,10) 4-(14,5) 5-(3,11)
Task Assignment: 0-2 1-4 2-1 3-0 4-3
Robot 4 finished At time 224
Time 226
Robots Locations 0-(13,1) 1-(11,7) 2-(8,4) 3-(9,8) 4-(2,10)
Target Locations:  0-(9,8) 1-(8,4) 2-(14,1) 3-(14,5) 4-(3,11) 5-(9,13)
Task Assignment: 0-2 1-3 2-1 3-0 4-4
Robot 2 finished At time 228
Time 231
Robots Locations 0-(14,1) 1-(12,6) 2-(8,4) 3-(9,8) 4-(2,11)
Target Locations:  0-(9,8) 1-(14,1) 2-(14,5) 3-(3,11) 4-(9,13) 5-(2,6)
Task Assignment: 0-1 1-2 2-0 3-4 4-3
Robot 0 finished At time 233
Time 235
Robots Locations 0-(14,1) 1-(13,6) 2-(8,5) 3-(10,8) 4-(3,11)
Target Locations:  0-(9,8) 1-(14,5) 2-(3,11) 3-(9,13) 4-(2,6) 5-(11,15)
Task Assignment: 0-1 1-0 2-4 3-3 4-2
Robot 4 finished At time 238
Time 240
Robots Locations 0-(14,2) 1-(13,5) 2-(8,5) 3-(10,9) 4-(3,11)
Target Locations:  0-(9,8) 1-(14,5) 2-(9,13) 3-(2,6) 4-(11,15) 5-(3,7)
Task Assignment: 0-1 1-0 2-5 3-2 4-3
Robot 0 finished At time 247
Time 250
Robots Locations 0-(14,5) 1-(9,8) 2-(4,7) 3-(9,13) 4-(2,7)
Target Locations:  0-(9,8) 1-(9,13) 2-(2,6) 3-(11,15) 4-(3,7)
Task Assignment: 0-0 1-1 2-4 3-3 4-2
Robot 4 finished At time 254
Robot 2 finished At time 256
Robot 3 finished At time 257
Robot 1 finished At time 260
Robot 0 finished At time 261
number of collisions is 42
/mmd_msd2
Time 2
Robots Locations 0-(2,3) 1-(6,5) 2-(10,9) 3-(12,11) 4-(15,15)
Target Locations:  0-(13,9) 1-(8,5) 2-(6,12) 3-(1,13) 4-(7,7) 5-(6,15)
Task Assignment: 0-1 1-4 2-2 3-5 4-0
Robot 1 finished At time 10
Time 12
Robots Locations 0-(5,3) 1-(7,7) 2-(7,11) 3-(9,13) 4-(14,12)
Target Locations:  0-(13,9) 1-(8,5) 2-(6,12) 3-(1,13) 4-(6,15) 5-(6,7)
Task Assignment: 0-1 1-5 2-2 3-4 4-0
Robot 2 finished At time 16
Time 18
Robots Locations 0-(7,5) 1-(6,7) 2-(6,12) 3-(7,14) 4-(13,10)
Target Locations:  0-(13,9) 1-(8,5) 2-(1,13) 3-(6,15) 4-(6,7) 5-(2,15)
Task Assignment: 0-1 1-4 2-2 3-3 4-0
Robot 1 finished At time 19
Time 21
Robots Locations 0-(8,5) 1-(6,7) 2-(6,12) 3-(7,14) 4-(13,10)
Target Locations:  0-(13,9) 1-(8,5) 2-(1,13) 3-(6,15) 4-(2,15) 5-(11,7)
Task Assignment: 0-5 1-1 2-2 3-3 4-0
Robot 4 finished At time 24
Time 26
Robots Locations 0-(9,6) 1-(7,6) 2-(4,12) 3-(6,15) 4-(13,9)
Target Locations:  0-(8,5) 1-(1,13) 2-(6,15) 3-(2,15) 4-(11,7) 5-(10,12)
Task Assignment: 0-4 1-0 2-1 3-2 4-5
Robot 3 finished At time 27
Time 29
Robots Locations 0-(10,6) 1-(7,5) 2-(3,13) 3-(6,15) 4-(13,9)
Target Locations:  0-(8,5) 1-(1,13) 2-(2,15) 3-(11,7) 4-(10,12) 5-(2,1)
Task Assignment: 0-3 1-0 2-1 3-2 4-4
Robot 1 finished At time 32
Time 34
Robots Locations 0-(11,7) 1-(8,5) 2-(2,13) 3-(5,15) 4-(12,10)
Target Locations:  0-(1,13) 1-(2,15) 2-(11,7) 3-(10,12) 4-(2,1) 5-(14,8)
Task Assignment: 0-5 1-2 2-0 3-1 4-3
Robot 2 finished At time 38
Time 39
Robots Locations 0-(13,8) 1-(10,6) 2-(1,13) 3-(2,15) 4-(10,12)
Target Locations:  0-(2,15) 1-(11,7) 2-(10,12) 3-(2,1) 4-(14,8) 5-(3,8)
Task Assignment: 0-4 1-1 2-5 3-0 4-2
Robot 3 finished At time 42
Time 44
Robots Locations 0-(14,8) 1-(11,7) 2-(1,12) 3-(2,15) 4-(10,12)
Target Locations:  0-(11,7) 1-(10,12) 2-(2,1) 3-(14,8) 4-(3,8) 5-(4,5)
Task Assignment: 0-3 1-0 2-5 3-4 4-1
Robot 4 finished At time 45
Time 47
Robots Locations 0-(14,8) 1-(11,7) 2-(1,12) 3-(2,15) 4-(10,12)
Target Locations:  0-(11,7) 1-(2,1) 2-(14,8) 3-(3,8) 4-(4,5) 5-(5,2)
Task Assignment: 0-2 1-5 2-4 3-3 4-0
Robot 0 finished At time 47
Time 49
Robots Locations 0-(14,8) 1-(11,7) 2-(1,11) 3-(2,15) 4-(10,12)
Target Locations:  0-(11,7) 1-(2,1) 2-(3,8) 3-(4,5) 4-(5,2) 5-(7,15)
Task Assignment: 0-0 1-4 2-3 3-2 4-5
Robot 4 finished At time 59
Time 61
Robots Locations 0-(11,7) 1-(8,4) 2-(3,7) 3-(3,10) 4-(7,15)
Target Locations:  0-(11,7) 1-(2,1) 2-(3,8) 3-(4,5) 4-(5,2) 5-(2,8)
Task Assignment: 0-0 1-4 2-3 3-5 4-2
Robot 0 finished At time 62
Time 64
Robots Locations 0-(11,7) 1-(8,4) 2-(3,6) 3-(2,9) 4-(7,15)
Target Locations:  0-(2,1) 1-(3,8) 2-(4,5) 3-(5,2) 4-(2,8) 5-(14,14)
Task Assignment: 0-2 1-3 2-4 3-1 4-5
Robot 3 finished At time 69
Time 71
Robots Locations 0-(8,6) 1-(5,2) 2-(2,7) 3-(3,8) 4-(8,14)
Target Locations:  0-(2,1) 1-(4,5) 2-(5,2) 3-(2,8) 4-(14,14) 5-(13,13)
Task Assignment: 0-2 1-0 2-1 3-3 4-5
Robot 3 finished At time 77
Time 79
Robots Locations 0-(6,4) 1-(2,1) 2-(4,6) 3-(2,8) 4-(12,13)
Target Locations:  0-(2,1) 1-(4,5) 2-(5,2) 3-(14,14) 4-(13,13) 5-(5,12)
Task Assignment: 0-2 1-0 2-1 3-5 4-4
Robot 1 finished At time 81
Time 83
Robots Locations 0-(6,3) 1-(2,1) 2-(4,5) 3-(3,9) 4-(13,13)
Target Locations:  0-(4,5) 1-(5,2) 2-(14,14) 3-(13,13) 4-(5,12) 5-(11,11)
Task Assignment: 0-0 1-1 2-4 3-5 4-3
Robot 4 finished At time 86
Time 87
Robots Locations 0-(5,3) 1-(2,0) 2-(5,6) 3-(4,9) 4-(13,13)
Target Locations:  0-(4,5) 1-(5,2) 2-(14,14) 3-(5,12) 4-(11,11) 5-(5,10)
Task Assignment: 0-0 1-1 2-5 3-3 4-2
Robot 4 finished At time 92
Time 94
Robots Locations 0-(4,5) 1-(4,2) 2-(5,8) 3-(5,12) 4-(14,14)
Target Locations:  0-(4,5) 1-(5,2) 2-(5,12) 3-(11,11) 4-(5,10) 5-(14,11)
Task Assignment: 0-0 1-1 2-4 3-2 4-5
Robot 0 finished At time 95
Time 97
Robots Locations 0-(4,5) 1-(5,2) 2-(5,9) 3-(5,12) 4-(14,14)
Target Locations:  0-(5,2) 1-(5,12) 2-(11,11) 3-(5,10) 4-(14,11) 5-(9,7)
Task Assignment: 0-5 1-0 2-3 3-1 4-4
Robot 3 finished At time 99
Time 101
Robots Locations 0-(5,6) 1-(5,2) 2-(5,9) 3-(5,12) 4-(15,13)
Target Locations:  0-(5,2) 1-(11,11) 2-(5,10) 3-(14,11) 4-(9,7) 5-(12,3)
Task Assignment: 0-4 1-0 2-2 3-1 4-3
Robot 1 finished At time 102
Time 104
Robots Locations 0-(5,6) 1-(5,2) 2-(5,10) 3-(5,12) 4-(15,13)
Target Locations:  0-(11,11) 1-(5,10) 2-(14,11) 3-(9,7) 4-(12,3) 5-(14,2)
Task Assignment: 0-3 1-4 2-1 3-0 4-2
Robot 2 finished At time 106
Time 108
Robots Locations 0-(6,6) 1-(6,2) 2-(5,10) 3-(6,12) 4-(14,12)
Target Locations:  0-(11,11) 1-(14,11) 2-(9,7) 3-(12,3) 4-(14,2) 5-(3,15)
Task Assignment: 0-2 1-3 2-5 3-0 4-1
Robot 4 finished At time 112
Time 114
Robots Locations 0-(8,7) 1-(8,3) 2-(4,12) 3-(8,12) 4-(14,11)
Target Locations:  0-(11,11) 1-(9,7) 2-(12,3) 3-(14,2) 4-(3,15) 5-(10,8)
Task Assignment: 0-1 1-2 2-4 3-5 4-0
Robot 0 finished At time 117
Time 119
Robots Locations 0-(9,7) 1-(10,3) 2-(4,13) 3-(9,10) 4-(13,11)
Target Locations:  0-(11,11) 1-(12,3) 2-(14,2) 3-(3,15) 4-(10,8) 5-(2,3)
Task Assignment: 0-1 1-2 2-3 3-4 4-0
Robot 2 finished At time 124
Time 126
Robots Locations 0-(11,5) 1-(13,2) 2-(3,15) 3-(10,8) 4-(11,11)
Target Locations:  0-(11,11) 1-(12,3) 2-(14,2) 3-(10,8) 4-(2,3) 5-(11,10)
Task Assignment: 0-1 1-2 2-0 3-3 4-5
Robot 3 finished At time 127
Time 129
Robots Locations 0-(11,4) 1-(13,2) 2-(3,16) 3-(10,8) 4-(11,11)
Target Locations:  0-(11,11) 1-(12,3) 2-(14,2) 3-(2,3) 4-(11,10) 5-(10,10)
Task Assignment: 0-1 1-2 2-5 3-4 4-0
Robot 1 finished At time 132
Time 135
Robots Locations 0-(12,3) 1-(14,2) 2-(5,15) 3-(11,9) 4-(11,11)
Target Locations:  0-(11,11) 1-(12,3) 2-(2,3) 3-(11,10) 4-(10,10) 5-(4,14)
Task Assignment: 0-3 1-1 2-5 3-4 4-0
Robot 4 finished At time 138
Time 140
Robots Locations 0-(13,4) 1-(14,3) 2-(4,14) 3-(10,10) 4-(11,11)
Target Locations:  0-(12,3) 1-(2,3) 2-(11,10) 3-(10,10) 4-(4,14) 5-(7,9)
Task Assignment: 0-2 1-0 2-4 3-5 4-3
Robot 2 finished At time 142
Time 143
Robots Locations 0-(12,5) 1-(13,3) 2-(4,14) 3-(9,10) 4-(10,11)
Target Locations:  0-(12,3) 1-(2,3) 2-(11,10) 3-(10,10) 4-(7,9) 5-(6,3)
Task Assignment: 0-5 1-0 2-4 3-3 4-2
Robot 1 finished At time 147
Time 149
Robots Locations 0-(11,5) 1-(12,3) 2-(4,13) 3-(10,10) 4-(11,10)
Target Locations:  0-(2,3) 1-(11,10) 2-(10,10) 3-(7,9) 4-(6,3) 5-(7,1)
Task Assignment: 0-4 1-5 2-3 3-2 4-1
Robot 4 finished At time 150
Time 152
Robots Locations 0-(10,5) 1-(12,3) 2-(4,12) 3-(10,10) 4-(11,10)
Target Locations:  0-(2,3) 1-(10,10) 2-(7,9) 3-(6,3) 4-(7,1) 5-(6,9)
Task Assignment: 0-3 1-4 2-5 3-2 4-1
Robot 4 finished At time 158
Time 160
Robots Locations 0-(7,3) 1-(9,2) 2-(6,9) 3-(7,9) 4-(10,10)
Target Locations:  0-(2,3) 1-(7,9) 2-(6,3) 3-(7,1) 4-(6,9) 5-(10,1)
Task Assignment: 0-3 1-5 2-4 3-2 4-1
Robot 2 finished At time 164
Time 166
Robots Locations 0-(7,1) 1-(10,1) 2-(6,9) 3-(7,7) 4-(8,9)
Target Locations:  0-(2,3) 1-(7,9) 2-(6,3) 3-(7,1) 4-(10,1) 5-(8,15)
Task Assignment: 0-3 1-4 2-1 3-2 4-5
Robot 0 finished At time 168
Time 170
Robots Locations 0-(7,1) 1-(10,1) 2-(6,8) 3-(6,6) 4-(7,10)
Target Locations:  0-(2,3) 1-(7,9) 2-(6,3) 3-(10,1) 4-(8,15) 5-(8,11)
Task Assignment: 0-2 1-3 2-1 3-0 4-5
Robot 1 finished At time 171
Time 173
Robots Locations 0-(7,1) 1-(10,1) 2-(6,8) 3-(6,6) 4-(7,10)
Target Locations:  0-(2,3) 1-(7,9) 2-(6,3) 3-(8,15) 4-(8,11) 5-(9,8)
Task Assignment: 0-0 1-2 2-1 3-5 4-4
Robot 2 finished At time 177
Time 179
Robots Locations 0-(5,1) 1-(9,2) 2-(7,9) 3-(8,6) 4-(8,11)
Target Locations:  0-(2,3) 1-(6,3) 2-(8,15) 3-(8,11) 4-(9,8) 5-(8,4)
Task Assignment: 0-0 1-5 2-4 3-1 4-3
Robot 4 finished At time 180
Time 181
Robots Locations 0-(5,1) 1-(9,2) 2-(7,9) 3-(8,6) 4-(8,11)
Target Locations:  0-(2,3) 1-(6,3) 2-(8,15) 3-(9,8) 4-(8,4) 5-(14,1)
Task Assignment: 0-0 1-4 2-3 3-1 4-2
Robot 2 finished At time 187
Time 189
Robots Locations 0-(2,3) 1-(8,4) 2-(9,8) 3-(7,4) 4-(8,14)
Target Locations:  0-(2,3) 1-(6,3) 2-(8,15) 3-(8,4) 4-(14,1) 5-(12,1)
Task Assignment: 0-0 1-5 2-3 3-1 4-2
Robot 0 finished At time 191
Time 193
Robots Locations 0-(2,3) 1-(8,3) 2-(9,7) 3-(7,4) 4-(8,15)
Target Locations:  0-(6,3) 1-(8,15) 2-(8,4) 3-(14,1) 4-(12,1) 5-(2,10)
Task Assignment: 0-0 1-3 2-2 3-4 4-1
Robot 4 finished At time 195
Time 197
Robots Locations 0-(2,4) 1-(9,3) 2-(9,6) 3-(7,3) 4-(8,15)
Target Locations:  0-(6,3) 1-(8,4) 2-(14,1) 3-(12,1) 4-(2,10) 5-(14,5)
Task Assignment: 0-0 1-3 2-5 3-1 4-4
Robot 3 finished At time 202
Time 204
Robots Locations 0-(5,3) 1-(11,1) 2-(11,5) 3-(8,4) 4-(6,14)
Target Locations:  0-(6,3) 1-(14,1) 2-(12,1) 3-(2,10) 4-(14,5) 5-(3,11)
Task Assignment: 0-0 1-1 2-4 3-2 4-5
Robot 0 finished At time 208
Time 210
Robots Locations 0-(6,3) 1-(14,1) 2-(13,5) 3-(10,3) 4-(5,13)
Target Locations:  0-(14,1) 1-(12,1) 2-(2,10) 3-(14,5) 4-(3,11) 5-(9,13)
Task Assignment: 0-2 1-0 2-3 3-1 4-4
Robot 1 finished At time 213
Time 215
Robots Locations 0-(6,4) 1-(14,1) 2-(14,5) 3-(11,2) 4-(4,12)
Target Locations:  0-(12,1) 1-(2,10) 2-(14,5) 3-(3,11) 4-(9,13) 5-(2,6)
Task Assignment: 0-5 1-2 2-4 3-0 4-3
Robot 4 finished At time 218
Time 220
Robots Locations 0-(5,5) 1-(14,2) 2-(14,6) 3-(12,1) 4-(3,11)
Target Locations:  0-(12,1) 1-(2,10) 2-(14,5) 3-(9,13) 4-(2,6) 5-(11,15)
Task Assignment: 0-4 1-2 2-3 3-0 4-1
Robot 3 finished At time 222
Time 224
Robots Locations 0-(4,5) 1-(14,3) 2-(13,7) 3-(12,1) 4-(2,10)
Target Locations:  0-(2,10) 1-(14,5) 2-(9,13) 3-(2,6) 4-(11,15) 5-(3,7)
Task Assignment: 0-3 1-1 2-2 3-5 4-0
Robot 4 finished At time 227
Time 229
Robots Locations 0-(2,6) 1-(14,5) 2-(12,8) 3-(11,0) 4-(2,10)
Target Locations:  0-(14,5) 1-(9,13) 2-(2,6) 3-(11,15) 4-(3,7)
Task Assignment: 0-2 1-1 2-3 3-0 4-4
Robot 0 finished At time 231
Robot 4 finished At time 236
Robot 3 finished At time 240
Robot 2 finished At time 242
Robot 1 finished At time 245
number of collisions is 32
