Goals: (5,10) (2,8) (7,4) (4,12) (15,8) (6,14) (2,11) (10,15) (13,3) (13,4) (8,1) (4,6) (10,13) (13,14) (6,3) (6,7) (10,4) (4,9) (14,9) (1,1) (10,6) (12,13) (8,4) (11,2) (7,15) (4,7) (10,8) (7,9) (11,14) (5,4) (8,6) (15,3) (3,7) (14,10) (7,10) (8,8) (12,11) (12,7) (14,14) (2,2) (5,15) (11,12) (11,1) (4,4) (2,13) (14,6) (1,15) (8,15) (6,10) (1,4)
/MURDOCH
Time 2
Robots Locations 0-(3,2) 1-(6,6) 2-(9,8) 3-(12,13) 4-(15,15)
Target Locations:  0-(1,4) 1-(6,10) 2-(8,15) 3-(1,15) 4-(14,6) 5-(2,13)
Task Assignment: 2-0 3-1 4-3 1-2 0-5
Robot 3 finished At time 20
Time 22
Robots Locations 0-(2,11) 1-(7,13) 2-(1,4) 3-(6,10) 4-(6,15)
Target Locations:  0-(1,4) 1-(8,15) 2-(1,15) 3-(14,6) 4-(2,13) 5-(4,4)
Task Assignment: 2-0 4-2 1-1 0-4 3-5
Robot 2 finished At time 23
Time 25
Robots Locations 0-(2,12) 1-(7,13) 2-(1,4) 3-(6,10) 4-(6,15)
Target Locations:  0-(8,15) 1-(1,15) 2-(14,6) 3-(2,13) 4-(4,4) 5-(11,1)
Task Assignment: 4-1 1-0 0-3 3-4 2-5
Robot 0 finished At time 29
Time 31
Robots Locations 0-(2,13) 1-(8,15) 2-(2,3) 3-(5,8) 4-(3,15)
Target Locations:  0-(8,15) 1-(1,15) 2-(14,6) 3-(4,4) 4-(11,1) 5-(11,12)
Task Assignment: 4-1 1-0 3-3 2-4 0-5
Robot 1 finished At time 32
Time 34
Robots Locations 0-(2,14) 1-(8,15) 2-(3,3) 3-(5,7) 4-(3,15)
Target Locations:  0-(1,15) 1-(14,6) 2-(4,4) 3-(11,1) 4-(11,12) 5-(5,15)
Task Assignment: 4-0 3-2 2-3 0-4 1-5
Robot 4 finished At time 39
Time 41
Robots Locations 0-(5,13) 1-(6,15) 2-(6,2) 3-(4,5) 4-(1,15)
Target Locations:  0-(14,6) 1-(4,4) 2-(11,1) 3-(11,12) 4-(5,15) 5-(2,2)
Task Assignment: 3-1 2-2 0-3 1-4 4-5
Robot 3 finished At time 44
Time 46
Robots Locations 0-(7,13) 1-(5,15) 2-(7,2) 3-(4,4) 4-(1,14)
Target Locations:  0-(14,6) 1-(11,1) 2-(11,12) 3-(5,15) 4-(2,2) 5-(14,14)
Task Assignment: 2-1 0-2 1-3 4-4 3-0
Robot 1 finished At time 46
Time 48
Robots Locations 0-(7,13) 1-(5,15) 2-(7,2) 3-(4,4) 4-(1,14)
Target Locations:  0-(14,6) 1-(11,1) 2-(11,12) 3-(2,2) 4-(14,14) 5-(12,7)
Task Assignment: 2-1 0-2 4-3 3-0 1-4
Robot 2 finished At time 57
Time 59
Robots Locations 0-(11,12) 1-(9,14) 2-(11,1) 3-(8,5) 4-(1,9)
Target Locations:  0-(14,6) 1-(11,12) 2-(2,2) 3-(14,14) 4-(12,7) 5-(12,11)
Task Assignment: 0-1 4-2 3-0 1-3 2-4
Robot 0 finished At time 59
Time 61
Robots Locations 0-(11,12) 1-(9,14) 2-(11,1) 3-(9,5) 4-(1,9)
Target Locations:  0-(14,6) 1-(2,2) 2-(14,14) 3-(12,7) 4-(12,11) 5-(8,8)
Task Assignment: 4-1 3-0 1-2 2-3 0-4
Robot 0 finished At time 66
Time 68
Robots Locations 0-(12,11) 1-(11,14) 2-(12,3) 3-(11,5) 4-(2,6)
Target Locations:  0-(14,6) 1-(2,2) 2-(14,14) 3-(12,7) 4-(8,8) 5-(7,10)
Task Assignment: 4-1 3-0 1-2 2-3 0-4
Robot 1 finished At time 74
Time 76
Robots Locations 0-(9,9) 1-(14,14) 2-(12,7) 3-(14,6) 4-(2,3)
Target Locations:  0-(14,6) 1-(2,2) 2-(12,7) 3-(8,8) 4-(7,10) 5-(14,10)
Task Assignment: 4-1 3-0 2-2 0-3 1-5
Robot 3 finished At time 77
Time 79
Robots Locations 0-(9,9) 1-(14,14) 2-(12,7) 3-(14,6) 4-(2,2)
Target Locations:  0-(2,2) 1-(12,7) 2-(8,8) 3-(7,10) 4-(14,10) 5-(3,7)
Task Assignment: 4-0 2-1 0-2 1-4 3-3
Robot 2 finished At time 81
Time 83
Robots Locations 0-(8,8) 1-(14,13) 2-(12,7) 3-(14,7) 4-(2,2)
Target Locations:  0-(2,2) 1-(8,8) 2-(7,10) 3-(14,10) 4-(3,7) 5-(15,3)
Task Assignment: 4-0 0-1 1-3 3-2 2-5
Robot 4 finished At time 84
Time 86
Robots Locations 0-(8,8) 1-(14,13) 2-(12,7) 3-(14,7) 4-(2,2)
Target Locations:  0-(8,8) 1-(7,10) 2-(14,10) 3-(3,7) 4-(15,3) 5-(8,6)
Task Assignment: 0-0 1-2 3-1 2-4 4-3
Robot 0 finished At time 88
Time 90
Robots Locations 0-(8,8) 1-(14,12) 2-(12,7) 3-(13,7) 4-(3,2)
Target Locations:  0-(7,10) 1-(14,10) 2-(3,7) 3-(15,3) 4-(8,6) 5-(5,4)
Task Assignment: 1-1 3-0 2-3 4-2 0-4
Robot 1 finished At time 95
Time 97
Robots Locations 0-(8,6) 1-(14,10) 2-(14,7) 3-(12,7) 4-(3,4)
Target Locations:  0-(7,10) 1-(3,7) 2-(15,3) 3-(8,6) 4-(5,4) 5-(11,14)
Task Assignment: 3-0 2-2 4-1 0-3 1-5
Robot 0 finished At time 97
Time 99
Robots Locations 0-(8,6) 1-(14,10) 2-(14,7) 3-(12,7) 4-(3,4)
Target Locations:  0-(7,10) 1-(3,7) 2-(15,3) 3-(5,4) 4-(11,14) 5-(7,9)
Task Assignment: 3-0 2-2 4-1 1-4 0-5
Robot 4 finished At time 106
Time 108
Robots Locations 0-(7,8) 1-(12,12) 2-(15,3) 3-(8,9) 4-(3,7)
Target Locations:  0-(7,10) 1-(15,3) 2-(5,4) 3-(11,14) 4-(7,9) 5-(10,8)
Task Assignment: 3-0 2-1 1-3 0-4 4-2
Robot 2 finished At time 110
Time 112
Robots Locations 0-(7,9) 1-(11,13) 2-(15,3) 3-(7,10) 4-(4,7)
Target Locations:  0-(7,10) 1-(5,4) 2-(11,14) 3-(7,9) 4-(10,8) 5-(4,7)
Task Assignment: 3-0 1-2 0-3 4-1 2-4
Robot 3 finished At time 115
Time 117
Robots Locations 0-(7,9) 1-(11,14) 2-(14,3) 3-(7,10) 4-(4,6)
Target Locations:  0-(5,4) 1-(11,14) 2-(7,9) 3-(10,8) 4-(4,7) 5-(7,15)
Task Assignment: 1-1 0-2 4-0 2-3 3-4
Robot 1 finished At time 118
Time 120
Robots Locations 0-(7,9) 1-(11,14) 2-(14,3) 3-(6,10) 4-(4,6)
Target Locations:  0-(5,4) 1-(7,9) 2-(10,8) 3-(4,7) 4-(7,15) 5-(11,2)
Task Assignment: 0-1 4-0 2-2 3-3 1-4
Robot 0 finished At time 122
Time 124
Robots Locations 0-(7,9) 1-(10,14) 2-(13,4) 3-(6,9) 4-(5,5)
Target Locations:  0-(5,4) 1-(10,8) 2-(4,7) 3-(7,15) 4-(11,2) 5-(8,4)
Task Assignment: 4-0 2-1 3-2 1-3 0-5
Robot 4 finished At time 127
Time 130
Robots Locations 0-(7,7) 1-(8,15) 2-(12,5) 3-(5,8) 4-(5,4)
Target Locations:  0-(10,8) 1-(4,7) 2-(7,15) 3-(11,2) 4-(8,4) 5-(12,13)
Task Assignment: 2-0 3-1 1-2 0-4 4-3
Robot 3 finished At time 134
Time 136
Robots Locations 0-(8,5) 1-(7,15) 2-(11,7) 3-(4,7) 4-(7,3)
Target Locations:  0-(10,8) 1-(7,15) 2-(11,2) 3-(8,4) 4-(12,13) 5-(10,6)
Task Assignment: 2-0 1-1 0-3 4-2 3-5
Robot 1 finished At time 136
Time 138
Robots Locations 0-(8,5) 1-(7,15) 2-(11,7) 3-(4,7) 4-(7,3)
Target Locations:  0-(10,8) 1-(11,2) 2-(8,4) 3-(12,13) 4-(10,6) 5-(1,1)
Task Assignment: 2-0 0-2 4-1 3-4 1-3
Robot 0 finished At time 141
Time 143
Robots Locations 0-(8,4) 1-(7,14) 2-(10,8) 3-(5,6) 4-(9,3)
Target Locations:  0-(10,8) 1-(11,2) 2-(12,13) 3-(10,6) 4-(1,1) 5-(14,9)
Task Assignment: 2-0 4-1 3-3 1-2 0-4
Robot 2 finished At time 145
Time 146
Robots Locations 0-(8,3) 1-(8,14) 2-(10,8) 3-(6,6) 4-(9,2)
Target Locations:  0-(11,2) 1-(12,13) 2-(10,6) 3-(1,1) 4-(14,9) 5-(4,9)
Task Assignment: 4-0 3-2 1-1 0-3 2-4
Robot 4 finished At time 152
Time 154
Robots Locations 0-(5,3) 1-(11,13) 2-(12,9) 3-(9,6) 4-(11,2)
Target Locations:  0-(12,13) 1-(10,6) 2-(1,1) 3-(14,9) 4-(4,9) 5-(10,4)
Task Assignment: 3-1 1-0 0-2 2-3 4-5
Robot 3 finished At time 158
Time 160
Robots Locations 0-(3,2) 1-(12,13) 2-(14,9) 3-(10,6) 4-(11,3)
Target Locations:  0-(12,13) 1-(1,1) 2-(14,9) 3-(4,9) 4-(10,4) 5-(6,7)
Task Assignment: 1-0 0-1 2-2 4-4 3-5
Robot 1 finished At time 160
Time 162
Robots Locations 0-(3,2) 1-(12,13) 2-(14,9) 3-(10,6) 4-(11,3)
Target Locations:  0-(1,1) 1-(14,9) 2-(4,9) 3-(10,4) 4-(6,7) 5-(6,3)
Task Assignment: 0-0 2-1 4-3 3-4 1-2
Robot 2 finished At time 163
Time 165
Robots Locations 0-(2,2) 1-(12,13) 2-(14,9) 3-(10,6) 4-(10,4)
Target Locations:  0-(1,1) 1-(4,9) 2-(10,4) 3-(6,7) 4-(6,3) 5-(13,14)
Task Assignment: 0-0 4-2 3-3 1-1 2-5
Robot 4 finished At time 168
Time 170
Robots Locations 0-(1,1) 1-(11,12) 2-(14,10) 3-(9,7) 4-(10,4)
Target Locations:  0-(1,1) 1-(4,9) 2-(6,7) 3-(6,3) 4-(13,14) 5-(10,13)
Task Assignment: 0-0 3-2 1-1 2-4 4-3
Robot 0 finished At time 171
Time 173
Robots Locations 0-(1,1) 1-(10,12) 2-(14,11) 3-(9,7) 4-(9,4)
Target Locations:  0-(4,9) 1-(6,7) 2-(6,3) 3-(13,14) 4-(10,13) 5-(4,6)
Task Assignment: 3-1 1-0 2-3 4-2 0-5
Robot 3 finished At time 179
Time 181
Robots Locations 0-(2,3) 1-(7,10) 2-(13,14) 3-(6,7) 4-(6,3)
Target Locations:  0-(4,9) 1-(6,3) 2-(13,14) 3-(10,13) 4-(4,6) 5-(8,1)
Task Assignment: 1-0 2-2 4-1 0-4 3-5
Robot 2 finished At time 182
Time 184
Robots Locations 0-(2,4) 1-(7,10) 2-(13,14) 3-(6,7) 4-(6,3)
Target Locations:  0-(4,9) 1-(6,3) 2-(10,13) 3-(4,6) 4-(8,1) 5-(13,4)
Task Assignment: 1-0 4-1 0-3 3-4 2-2
Robot 4 finished At time 185
Time 186
Robots Locations 0-(2,4) 1-(6,10) 2-(13,14) 3-(6,6) 4-(6,3)
Target Locations:  0-(4,9) 1-(10,13) 2-(4,6) 3-(8,1) 4-(13,4) 5-(13,3)
Task Assignment: 1-0 0-2 3-3 2-1 4-5
Robot 0 finished At time 192
Time 194
Robots Locations 0-(4,6) 1-(4,9) 2-(10,13) 3-(7,3) 4-(8,2)
Target Locations:  0-(4,9) 1-(10,13) 2-(8,1) 3-(13,4) 4-(13,3) 5-(10,15)
Task Assignment: 1-0 3-2 2-1 4-4 0-3
Robot 1 finished At time 195
Time 197
Robots Locations 0-(4,6) 1-(4,9) 2-(10,13) 3-(7,3) 4-(9,2)
Target Locations:  0-(10,13) 1-(8,1) 2-(13,4) 3-(13,3) 4-(10,15) 5-(2,11)
Task Assignment: 3-1 2-0 4-3 0-2 1-5
Robot 2 finished At time 198
Time 200
Robots Locations 0-(5,6) 1-(3,9) 2-(10,13) 3-(7,2) 4-(9,3)
Target Locations:  0-(8,1) 1-(13,4) 2-(13,3) 3-(10,15) 4-(2,11) 5-(6,14)
Task Assignment: 3-0 4-2 0-1 1-4 2-3
Robot 3 finished At time 205
Time 207
Robots Locations 0-(7,5) 1-(2,11) 2-(10,15) 3-(8,1) 4-(12,3)
Target Locations:  0-(13,4) 1-(13,3) 2-(10,15) 3-(2,11) 4-(6,14) 5-(15,8)
Task Assignment: 4-1 0-0 1-3 2-2 3-5
Robot 1 finished At time 208
Time 210
Robots Locations 0-(8,5) 1-(2,11) 2-(10,15) 3-(8,1) 4-(12,3)
Target Locations:  0-(13,4) 1-(13,3) 2-(10,15) 3-(6,14) 4-(15,8) 5-(4,12)
Task Assignment: 4-1 0-0 2-2 3-4 1-5
Robot 2 finished At time 211
Time 213
Robots Locations 0-(8,5) 1-(2,11) 2-(10,15) 3-(9,1) 4-(13,3)
Target Locations:  0-(13,4) 1-(13,3) 2-(6,14) 3-(15,8) 4-(4,12) 5-(7,4)
Task Assignment: 4-1 0-0 3-3 1-4 2-2
Robot 4 finished At time 215
Time 217
Robots Locations 0-(10,5) 1-(3,12) 2-(9,16) 3-(10,2) 4-(13,3)
Target Locations:  0-(13,4) 1-(6,14) 2-(15,8) 3-(4,12) 4-(7,4) 5-(2,8)
Task Assignment: 0-0 3-2 1-3 2-1 4-4
Robot 1 finished At time 221
Time 223
Robots Locations 0-(12,4) 1-(4,12) 2-(8,15) 3-(11,3) 4-(13,4)
Target Locations:  0-(13,4) 1-(6,14) 2-(15,8) 3-(7,4) 4-(2,8) 5-(5,10)
Task Assignment: 0-0 3-2 2-1 4-3 1-5
Robot 2 finished At time 228
Time 230
Robots Locations 0-(13,4) 1-(5,10) 2-(6,14) 3-(12,5) 4-(11,3)
Target Locations:  0-(13,4) 1-(15,8) 2-(7,4) 3-(2,8) 4-(5,10)
Task Assignment: 0-0 3-1 4-2 1-4 2-3
Robot 0 finished At time 231
Robot 1 finished At time 231
Robot 4 finished At time 238
Robot 3 finished At time 238
Robot 2 finished At time 242
number of collisions is 103
/BLE
Time 2
Robots Locations 0-(3,3) 1-(6,5) 2-(9,9) 3-(12,12) 4-(15,15)
Target Locations:  0-(1,4) 1-(6,10) 2-(8,15) 3-(1,15) 4-(14,6) 5-(2,13)
Task Assignment: 0-0 2-1 3-2 1-4 4-5
Robot 0 finished At time 7
Time 9
Robots Locations 0-(1,4) 1-(9,5) 2-(8,10) 3-(9,14) 4-(13,15)
Target Locations:  0-(6,10) 1-(8,15) 2-(1,15) 3-(14,6) 4-(2,13) 5-(4,4)
Task Assignment: 3-1 2-0 0-5 1-3 4-4
Robot 3 finished At time 13
Time 16
Robots Locations 0-(2,4) 1-(12,6) 2-(6,10) 3-(8,15) 4-(10,15)
Target Locations:  0-(6,10) 1-(1,15) 2-(14,6) 3-(2,13) 4-(4,4) 5-(11,1)
Task Assignment: 2-0 0-4 1-2 3-3 4-1
Robot 2 finished At time 16
Time 18
Robots Locations 0-(3,4) 1-(12,6) 2-(6,10) 3-(8,15) 4-(10,15)
Target Locations:  0-(1,15) 1-(14,6) 2-(2,13) 3-(4,4) 4-(11,1) 5-(11,12)
Task Assignment: 0-3 1-1 4-5 2-2 3-0
Robot 0 finished At time 22
Time 24
Robots Locations 0-(4,4) 1-(14,6) 2-(4,11) 3-(6,15) 4-(10,13)
Target Locations:  0-(1,15) 1-(14,6) 2-(2,13) 3-(11,1) 4-(11,12) 5-(5,15)
Task Assignment: 1-1 3-5 4-4 2-2 0-3
Robot 1 finished At time 25
Time 27
Robots Locations 0-(5,4) 1-(14,6) 2-(4,12) 3-(5,15) 4-(11,12)
Target Locations:  0-(1,15) 1-(2,13) 2-(11,1) 3-(11,12) 4-(5,15) 5-(2,2)
Task Assignment: 3-4 4-3 2-1 0-5 1-2
Robot 3 finished At time 29
Time 31
Robots Locations 0-(5,3) 1-(14,5) 2-(3,12) 3-(5,15) 4-(11,12)
Target Locations:  0-(1,15) 1-(2,13) 2-(11,1) 3-(11,12) 4-(2,2) 5-(14,14)
Task Assignment: 4-3 2-1 0-4 3-0 1-2
Robot 4 finished At time 32
Time 34
Robots Locations 0-(4,3) 1-(14,5) 2-(2,13) 3-(5,15) 4-(11,12)
Target Locations:  0-(1,15) 1-(2,13) 2-(11,1) 3-(2,2) 4-(14,14) 5-(12,7)
Task Assignment: 2-1 0-3 1-5 4-4 3-0
Robot 2 finished At time 37
Time 39
Robots Locations 0-(3,2) 1-(13,6) 2-(2,13) 3-(3,15) 4-(12,12)
Target Locations:  0-(1,15) 1-(11,1) 2-(2,2) 3-(14,14) 4-(12,7) 5-(12,11)
Task Assignment: 0-2 4-5 1-4 3-0 2-3
Robot 0 finished At time 42
Time 44
Robots Locations 0-(2,2) 1-(12,7) 2-(3,14) 3-(1,15) 4-(13,12)
Target Locations:  0-(1,15) 1-(11,1) 2-(14,14) 3-(12,7) 4-(12,11) 5-(8,8)
Task Assignment: 3-0 1-3 4-4 2-5 0-1
Robot 1 finished At time 45
Time 47
Robots Locations 0-(2,1) 1-(12,7) 2-(3,14) 3-(1,15) 4-(12,11)
Target Locations:  0-(1,15) 1-(11,1) 2-(14,14) 3-(12,11) 4-(8,8) 5-(7,10)
Task Assignment: 3-0 4-3 1-4 2-5 0-1
Robot 3 finished At time 49
Time 51
Robots Locations 0-(2,1) 1-(11,7) 2-(4,13) 3-(1,15) 4-(12,11)
Target Locations:  0-(11,1) 1-(14,14) 2-(12,11) 3-(8,8) 4-(7,10) 5-(14,10)
Task Assignment: 4-2 1-3 2-4 0-0 3-1
Robot 4 finished At time 52
Time 54
Robots Locations 0-(3,1) 1-(11,7) 2-(4,13) 3-(1,15) 4-(12,11)
Target Locations:  0-(11,1) 1-(14,14) 2-(8,8) 3-(7,10) 4-(14,10) 5-(3,7)
Task Assignment: 4-4 1-2 2-3 0-5 3-1
Robot 1 finished At time 61
Time 63
Robots Locations 0-(3,5) 1-(8,8) 2-(7,10) 3-(4,14) 4-(14,10)
Target Locations:  0-(11,1) 1-(14,14) 2-(7,10) 3-(14,10) 4-(3,7) 5-(15,3)
Task Assignment: 4-3 2-2 0-4 1-0 3-1
Robot 4 finished At time 64
Time 66
Robots Locations 0-(3,5) 1-(8,8) 2-(7,10) 3-(4,14) 4-(14,10)
Target Locations:  0-(11,1) 1-(14,14) 2-(7,10) 3-(3,7) 4-(15,3) 5-(8,6)
Task Assignment: 2-2 0-3 1-5 4-1 3-0
Robot 2 finished At time 68
Time 70
Robots Locations 0-(3,6) 1-(8,7) 2-(7,10) 3-(5,13) 4-(15,11)
Target Locations:  0-(11,1) 1-(14,14) 2-(3,7) 3-(15,3) 4-(8,6) 5-(5,4)
Task Assignment: 0-2 1-4 4-1 2-5 3-0
Robot 0 finished At time 74
Time 75
Robots Locations 0-(3,7) 1-(8,6) 2-(7,8) 3-(6,12) 4-(14,13)
Target Locations:  0-(11,1) 1-(14,14) 2-(15,3) 3-(8,6) 4-(5,4) 5-(11,14)
Task Assignment: 1-3 4-1 0-4 3-5 2-0
Robot 1 finished At time 76
Time 78
Robots Locations 0-(3,7) 1-(8,6) 2-(7,8) 3-(6,11) 4-(14,13)
Target Locations:  0-(11,1) 1-(14,14) 2-(15,3) 3-(5,4) 4-(11,14) 5-(7,9)
Task Assignment: 4-1 2-5 0-3 1-0 3-4
Robot 4 finished At time 82
Time 84
Robots Locations 0-(4,6) 1-(9,4) 2-(7,9) 3-(8,12) 4-(14,14)
Target Locations:  0-(11,1) 1-(15,3) 2-(5,4) 3-(11,14) 4-(7,9) 5-(10,8)
Task Assignment: 2-4 0-2 4-3 1-0 3-5
Robot 2 finished At time 87
Time 89
Robots Locations 0-(5,5) 1-(10,3) 2-(7,9) 3-(9,12) 4-(13,14)
Target Locations:  0-(11,1) 1-(15,3) 2-(5,4) 3-(11,14) 4-(10,8) 5-(4,7)
Task Assignment: 0-2 4-3 1-0 2-4 3-5
Robot 0 finished At time 92
Time 94
Robots Locations 0-(5,4) 1-(11,2) 2-(8,9) 3-(8,10) 4-(12,14)
Target Locations:  0-(11,1) 1-(15,3) 2-(11,14) 3-(10,8) 4-(4,7) 5-(7,15)
Task Assignment: 4-2 1-0 2-3 0-4 3-5
Robot 1 finished At time 97
Time 99
Robots Locations 0-(6,4) 1-(11,1) 2-(9,9) 3-(7,11) 4-(11,14)
Target Locations:  0-(15,3) 1-(11,14) 2-(10,8) 3-(4,7) 4-(7,15) 5-(11,2)
Task Assignment: 4-1 1-5 2-2 0-3 3-4
Robot 4 finished At time 99
Time 101
Robots Locations 0-(6,5) 1-(11,1) 2-(9,8) 3-(7,11) 4-(11,14)
Target Locations:  0-(15,3) 1-(10,8) 2-(4,7) 3-(7,15) 4-(11,2) 5-(8,4)
Task Assignment: 2-1 1-4 0-5 3-3 4-2
Robot 2 finished At time 105
Time 106
Robots Locations 0-(7,5) 1-(11,2) 2-(10,8) 3-(7,13) 4-(10,13)
Target Locations:  0-(15,3) 1-(4,7) 2-(7,15) 3-(11,2) 4-(8,4) 5-(12,13)
Task Assignment: 1-3 0-4 4-5 3-2 2-1
Robot 1 finished At time 109
Time 111
Robots Locations 0-(8,4) 1-(11,2) 2-(10,7) 3-(7,15) 4-(10,12)
Target Locations:  0-(15,3) 1-(4,7) 2-(7,15) 3-(8,4) 4-(12,13) 5-(10,6)
Task Assignment: 0-3 3-2 2-5 4-4 1-0
Robot 0 finished At time 113
Time 115
Robots Locations 0-(8,4) 1-(11,3) 2-(9,6) 3-(7,15) 4-(11,13)
Target Locations:  0-(15,3) 1-(4,7) 2-(7,15) 3-(12,13) 4-(10,6) 5-(1,1)
Task Assignment: 3-2 4-3 2-4 1-0 0-1
Robot 3 finished At time 116
Time 118
Robots Locations 0-(8,4) 1-(11,3) 2-(9,6) 3-(7,15) 4-(11,13)
Target Locations:  0-(15,3) 1-(4,7) 2-(12,13) 3-(10,6) 4-(1,1) 5-(14,9)
Task Assignment: 4-2 2-3 1-0 0-1 3-5
Robot 4 finished At time 121
Time 123
Robots Locations 0-(7,3) 1-(13,3) 2-(10,6) 3-(8,15) 4-(12,13)
Target Locations:  0-(15,3) 1-(4,7) 2-(10,6) 3-(1,1) 4-(14,9) 5-(4,9)
Task Assignment: 2-2 1-0 4-4 0-1 3-5
Robot 2 finished At time 123
Time 126
Robots Locations 0-(7,4) 1-(13,3) 2-(10,6) 3-(8,15) 4-(12,13)
Target Locations:  0-(15,3) 1-(4,7) 2-(1,1) 3-(14,9) 4-(4,9) 5-(10,4)
Task Assignment: 1-0 2-5 0-1 4-3 3-4
Robot 1 finished At time 131
Time 133
Robots Locations 0-(5,6) 1-(15,3) 2-(10,4) 3-(7,12) 4-(13,11)
Target Locations:  0-(4,7) 1-(1,1) 2-(14,9) 3-(4,9) 4-(10,4) 5-(6,7)
Task Assignment: 2-4 0-0 4-2 3-3 1-5
Robot 2 finished At time 134
Time 136
Robots Locations 0-(5,6) 1-(15,3) 2-(10,4) 3-(7,12) 4-(13,10)
Target Locations:  0-(4,7) 1-(1,1) 2-(14,9) 3-(4,9) 4-(6,7) 5-(6,3)
Task Assignment: 0-0 4-2 2-5 3-3 1-4
Robot 0 finished At time 140
Time 142
Robots Locations 0-(4,7) 1-(14,4) 2-(8,3) 3-(5,11) 4-(14,9)
Target Locations:  0-(1,1) 1-(14,9) 2-(4,9) 3-(6,7) 4-(6,3) 5-(13,14)
Task Assignment: 4-1 0-2 2-4 3-3 1-5
Robot 4 finished At time 143
Time 145
Robots Locations 0-(4,7) 1-(14,4) 2-(8,3) 3-(5,10) 4-(14,9)
Target Locations:  0-(1,1) 1-(4,9) 2-(6,7) 3-(6,3) 4-(13,14) 5-(10,13)
Task Assignment: 3-1 0-2 2-3 4-4 1-5
Robot 2 finished At time 150
Time 152
Robots Locations 0-(6,7) 1-(13,7) 2-(6,3) 3-(4,9) 4-(14,11)
Target Locations:  0-(1,1) 1-(4,9) 2-(6,7) 3-(13,14) 4-(10,13) 5-(4,6)
Task Assignment: 0-2 3-1 4-3 2-5 1-4
Robot 3 finished At time 152
Time 154
Robots Locations 0-(6,7) 1-(13,7) 2-(6,3) 3-(4,9) 4-(14,11)
Target Locations:  0-(1,1) 1-(6,7) 2-(13,14) 3-(10,13) 4-(4,6) 5-(8,1)
Task Assignment: 0-1 2-5 3-4 4-2 1-3
Robot 0 finished At time 156
Time 158
Robots Locations 0-(6,7) 1-(12,8) 2-(5,3) 3-(4,8) 4-(14,12)
Target Locations:  0-(1,1) 1-(13,14) 2-(10,13) 3-(4,6) 4-(8,1) 5-(13,4)
Task Assignment: 3-3 4-1 2-4 1-5 0-2
Robot 3 finished At time 164
Time 166
Robots Locations 0-(8,9) 1-(12,6) 2-(8,1) 3-(4,6) 4-(13,14)
Target Locations:  0-(1,1) 1-(13,14) 2-(10,13) 3-(8,1) 4-(13,4) 5-(13,3)
Task Assignment: 2-3 4-1 1-4 0-2 3-0
Robot 4 finished At time 167
Time 169
Robots Locations 0-(8,10) 1-(12,5) 2-(8,1) 3-(4,6) 4-(13,14)
Target Locations:  0-(1,1) 1-(10,13) 2-(8,1) 3-(13,4) 4-(13,3) 5-(10,15)
Task Assignment: 2-2 1-3 4-5 0-1 3-0
Robot 2 finished At time 170
Time 172
Robots Locations 0-(8,10) 1-(13,5) 2-(8,1) 3-(4,5) 4-(13,14)
Target Locations:  0-(1,1) 1-(10,13) 2-(13,4) 3-(13,3) 4-(10,15) 5-(2,11)
Task Assignment: 1-2 4-1 3-0 0-4 2-3
Robot 1 finished At time 175
Time 177
Robots Locations 0-(9,12) 1-(13,4) 2-(10,2) 3-(3,4) 4-(11,14)
Target Locations:  0-(1,1) 1-(10,13) 2-(13,3) 3-(10,15) 4-(2,11) 5-(6,14)
Task Assignment: 1-2 0-1 4-3 3-0 2-4
Robot 1 finished At time 180
Time 182
Robots Locations 0-(10,13) 1-(13,3) 2-(9,3) 3-(2,2) 4-(10,15)
Target Locations:  0-(1,1) 1-(10,13) 2-(10,15) 3-(2,11) 4-(6,14) 5-(15,8)
Task Assignment: 0-1 4-2 3-0 1-5 2-3
Robot 0 finished At time 183
Time 185
Robots Locations 0-(10,13) 1-(13,3) 2-(9,3) 3-(2,2) 4-(10,15)
Target Locations:  0-(1,1) 1-(10,15) 2-(2,11) 3-(6,14) 4-(15,8) 5-(4,12)
Task Assignment: 4-1 3-0 0-3 1-4 2-5
Robot 4 finished At time 187
Time 188
Robots Locations 0-(10,14) 1-(14,3) 2-(8,4) 3-(1,1) 4-(10,15)
Target Locations:  0-(1,1) 1-(2,11) 2-(6,14) 3-(15,8) 4-(4,12) 5-(7,4)
Task Assignment: 3-0 2-5 0-2 1-3 4-4
Robot 3 finished At time 191
Time 193
Robots Locations 0-(8,14) 1-(14,4) 2-(7,4) 3-(1,1) 4-(9,15)
Target Locations:  0-(2,11) 1-(6,14) 2-(15,8) 3-(4,12) 4-(7,4) 5-(2,8)
Task Assignment: 2-4 0-1 1-2 4-3 3-5
Robot 2 finished At time 195
Time 198
Robots Locations 0-(7,14) 1-(14,6) 2-(7,4) 3-(0,1) 4-(8,14)
Target Locations:  0-(2,11) 1-(6,14) 2-(15,8) 3-(4,12) 4-(2,8) 5-(5,10)
Task Assignment: 0-1 1-2 4-3 2-5 3-4
Robot 0 finished At time 201
Time 203
Robots Locations 0-(6,14) 1-(15,7) 2-(6,5) 3-(1,3) 4-(7,14)
Target Locations:  0-(2,11) 1-(15,8) 2-(4,12) 3-(2,8) 4-(5,10)
Task Assignment: 1-1 0-2 4-4 2-3 3-0
Robot 1 finished At time 206
Robot 0 finished At time 210
Robot 4 finished At time 212
Robot 2 finished At time 216
Robot 3 finished At time 218
number of collisions is 20
/mmdr
Time 2
Robots Locations 0-(3,3) 1-(6,6) 2-(9,9) 3-(12,12) 4-(15,15)
Target Locations:  0-(1,4) 1-(6,10) 2-(8,15) 3-(1,15) 4-(14,6) 5-(2,13)
Task Assignment: 0-0 1-5 2-1 3-4 4-2
Robot 0 finished At time 8
Time 11
Robots Locations 0-(1,4) 1-(4,9) 2-(7,10) 3-(13,9) 4-(12,15)
Target Locations:  0-(6,10) 1-(8,15) 2-(1,15) 3-(14,6) 4-(2,13) 5-(4,4)
Task Assignment: 0-5 1-4 2-0 3-3 4-1
Robot 2 finished At time 14
Time 17
Robots Locations 0-(2,4) 1-(3,11) 2-(6,10) 3-(14,7) 4-(10,15)
Target Locations:  0-(8,15) 1-(1,15) 2-(14,6) 3-(2,13) 4-(4,4) 5-(11,1)
Task Assignment: 0-4 1-1 2-3 3-2 4-0
Robot 3 finished At time 20
Time 22
Robots Locations 0-(4,4) 1-(2,12) 2-(5,11) 3-(14,6) 4-(9,15)
Target Locations:  0-(8,15) 1-(1,15) 2-(2,13) 3-(4,4) 4-(11,1) 5-(11,12)
Task Assignment: 0-3 1-1 2-2 3-4 4-0
Robot 0 finished At time 24
Time 27
Robots Locations 0-(4,4) 1-(2,13) 2-(4,12) 3-(14,5) 4-(8,15)
Target Locations:  0-(8,15) 1-(1,15) 2-(2,13) 3-(11,1) 4-(11,12) 5-(5,15)
Task Assignment: 0-3 1-1 2-2 3-4 4-0
Robot 4 finished At time 28
Time 30
Robots Locations 0-(4,4) 1-(2,14) 2-(3,12) 3-(13,5) 4-(8,15)
Target Locations:  0-(1,15) 1-(2,13) 2-(11,1) 3-(11,12) 4-(5,15) 5-(2,2)
Task Assignment: 0-5 1-0 2-1 3-2 4-4
Robot 1 finished At time 34
Time 37
Robots Locations 0-(3,3) 1-(1,15) 2-(2,13) 3-(12,3) 4-(6,15)
Target Locations:  0-(2,13) 1-(11,1) 2-(11,12) 3-(5,15) 4-(2,2) 5-(14,14)
Task Assignment: 0-4 1-0 2-3 3-1 4-2
Robot 0 finished At time 40
Time 43
Robots Locations 0-(2,2) 1-(2,15) 2-(3,14) 3-(11,1) 4-(6,14)
Target Locations:  0-(2,13) 1-(11,1) 2-(11,12) 3-(5,15) 4-(14,14) 5-(12,7)
Task Assignment: 0-1 1-0 2-3 3-5 4-2
Robot 1 finished At time 48
Time 50
Robots Locations 0-(4,1) 1-(2,13) 2-(5,15) 3-(11,3) 4-(9,13)
Target Locations:  0-(11,1) 1-(11,12) 2-(5,15) 3-(14,14) 4-(12,7) 5-(12,11)
Task Assignment: 0-0 1-2 2-1 3-4 4-5
Robot 4 finished At time 59
Time 61
Robots Locations 0-(9,1) 1-(5,15) 2-(9,13) 3-(12,7) 4-(12,11)
Target Locations:  0-(11,1) 1-(11,12) 2-(5,15) 3-(14,14) 4-(12,7) 5-(8,8)
Task Assignment: 0-0 1-2 2-1 3-4 4-3
Robot 1 finished At time 62
Time 64
Robots Locations 0-(9,1) 1-(5,15) 2-(9,13) 3-(12,7) 4-(12,11)
Target Locations:  0-(11,1) 1-(11,12) 2-(14,14) 3-(12,7) 4-(8,8) 5-(7,10)
Task Assignment: 0-0 1-5 2-1 3-3 4-2
Robot 3 finished At time 66
Time 68
Robots Locations 0-(10,1) 1-(6,15) 2-(10,13) 3-(12,7) 4-(13,11)
Target Locations:  0-(11,1) 1-(11,12) 2-(14,14) 3-(8,8) 4-(7,10) 5-(14,10)
Task Assignment: 0-0 1-4 2-1 3-5 4-2
Robot 0 finished At time 72
Time 74
Robots Locations 0-(11,1) 1-(6,13) 2-(11,12) 3-(13,9) 4-(14,13)
Target Locations:  0-(11,12) 1-(14,14) 2-(8,8) 3-(7,10) 4-(14,10) 5-(3,7)
Task Assignment: 0-2 1-3 2-0 3-4 4-1
Robot 2 finished At time 75
Time 77
Robots Locations 0-(11,1) 1-(6,13) 2-(11,12) 3-(13,9) 4-(14,13)
Target Locations:  0-(14,14) 1-(8,8) 2-(7,10) 3-(14,10) 4-(3,7) 5-(15,3)
Task Assignment: 0-5 1-2 2-1 3-3 4-0
Robot 4 finished At time 80
Time 82
Robots Locations 0-(13,2) 1-(7,11) 2-(10,11) 3-(14,10) 4-(14,14)
Target Locations:  0-(8,8) 1-(7,10) 2-(14,10) 3-(3,7) 4-(15,3) 5-(8,6)
Task Assignment: 0-4 1-1 2-5 3-0 4-2
Robot 1 finished At time 85
Time 87
Robots Locations 0-(15,3) 1-(7,10) 2-(10,9) 3-(13,10) 4-(15,13)
Target Locations:  0-(8,8) 1-(14,10) 2-(3,7) 3-(15,3) 4-(8,6) 5-(5,4)
Task Assignment: 0-3 1-2 2-4 3-0 4-1
Robot 0 finished At time 90
Time 93
Robots Locations 0-(15,3) 1-(6,9) 2-(9,8) 3-(12,10) 4-(14,12)
Target Locations:  0-(8,8) 1-(14,10) 2-(3,7) 3-(8,6) 4-(5,4) 5-(11,14)
Task Assignment: 0-3 1-2 2-0 3-1 4-5
Robot 2 finished At time 97
Time 100
Robots Locations 0-(14,4) 1-(4,8) 2-(8,8) 3-(13,9) 4-(13,13)
Target Locations:  0-(14,10) 1-(3,7) 2-(8,6) 3-(5,4) 4-(11,14) 5-(7,9)
Task Assignment: 0-2 1-1 2-5 3-0 4-4
Robot 3 finished At time 104
Time 106
Robots Locations 0-(12,5) 1-(3,7) 2-(7,9) 3-(14,10) 4-(11,14)
Target Locations:  0-(3,7) 1-(8,6) 2-(5,4) 3-(11,14) 4-(7,9) 5-(10,8)
Task Assignment: 0-1 1-0 2-4 3-5 4-3
Robot 2 finished At time 107
Time 109
Robots Locations 0-(11,5) 1-(3,7) 2-(7,9) 3-(14,10) 4-(11,14)
Target Locations:  0-(3,7) 1-(8,6) 2-(5,4) 3-(11,14) 4-(10,8) 5-(4,7)
Task Assignment: 0-1 1-0 2-5 3-4 4-3
Robot 1 finished At time 110
Time 112
Robots Locations 0-(11,5) 1-(3,7) 2-(7,9) 3-(14,10) 4-(11,14)
Target Locations:  0-(8,6) 1-(5,4) 2-(11,14) 3-(10,8) 4-(4,7) 5-(7,15)
Task Assignment: 0-0 1-1 2-4 3-3 4-2
Robot 4 finished At time 114
Time 116
Robots Locations 0-(11,5) 1-(3,6) 2-(6,9) 3-(14,11) 4-(11,14)
Target Locations:  0-(8,6) 1-(5,4) 2-(10,8) 3-(4,7) 4-(7,15) 5-(11,2)
Task Assignment: 0-0 1-1 2-3 3-2 4-4
Robot 0 finished At time 122
Time 124
Robots Locations 0-(8,6) 1-(5,4) 2-(4,7) 3-(11,9) 4-(8,15)
Target Locations:  0-(5,4) 1-(10,8) 2-(4,7) 3-(7,15) 4-(11,2) 5-(8,4)
Task Assignment: 0-5 1-0 2-2 3-1 4-3
Robot 2 finished At time 125
Time 127
Robots Locations 0-(8,6) 1-(5,4) 2-(4,7) 3-(11,9) 4-(7,15)
Target Locations:  0-(5,4) 1-(10,8) 2-(7,15) 3-(11,2) 4-(8,4) 5-(12,13)
Task Assignment: 0-1 1-4 2-0 3-5 4-2
Robot 4 finished At time 129
Time 132
Robots Locations 0-(7,6) 1-(6,4) 2-(4,6) 3-(10,9) 4-(7,15)
Target Locations:  0-(5,4) 1-(10,8) 2-(11,2) 3-(8,4) 4-(12,13) 5-(10,6)
Task Assignment: 0-5 1-3 2-0 3-1 4-4
Robot 1 finished At time 137
Time 139
Robots Locations 0-(10,6) 1-(8,4) 2-(5,4) 3-(10,8) 4-(8,14)
Target Locations:  0-(5,4) 1-(10,8) 2-(11,2) 3-(12,13) 4-(10,6) 5-(1,1)
Task Assignment: 0-4 1-2 2-0 3-1 4-3
Robot 2 finished At time 140
Time 142
Robots Locations 0-(10,6) 1-(8,4) 2-(5,4) 3-(10,8) 4-(8,14)
Target Locations:  0-(10,8) 1-(11,2) 2-(12,13) 3-(10,6) 4-(1,1) 5-(14,9)
Task Assignment: 0-3 1-1 2-4 3-0 4-2
Robot 3 finished At time 143
Time 145
Robots Locations 0-(10,6) 1-(9,4) 2-(5,3) 3-(10,8) 4-(9,14)
Target Locations:  0-(11,2) 1-(12,13) 2-(10,6) 3-(1,1) 4-(14,9) 5-(4,9)
Task Assignment: 0-2 1-0 2-3 3-4 4-1
Robot 0 finished At time 147
Time 149
Robots Locations 0-(10,6) 1-(9,3) 2-(4,3) 3-(10,7) 4-(10,14)
Target Locations:  0-(11,2) 1-(12,13) 2-(1,1) 3-(14,9) 4-(4,9) 5-(10,4)
Task Assignment: 0-5 1-0 2-2 3-3 4-1
Robot 1 finished At time 155
Time 157
Robots Locations 0-(10,4) 1-(11,2) 2-(2,2) 3-(12,8) 4-(12,13)
Target Locations:  0-(12,13) 1-(1,1) 2-(14,9) 3-(4,9) 4-(10,4) 5-(6,7)
Task Assignment: 0-5 1-4 2-1 3-2 4-0
Robot 4 finished At time 159
Time 161
Robots Locations 0-(10,4) 1-(12,2) 2-(1,1) 3-(13,8) 4-(12,13)
Target Locations:  0-(1,1) 1-(14,9) 2-(4,9) 3-(10,4) 4-(6,7) 5-(6,3)
Task Assignment: 0-4 1-5 2-0 3-3 4-1
Robot 2 finished At time 164
Time 166
Robots Locations 0-(9,4) 1-(11,3) 2-(1,1) 3-(14,8) 4-(13,12)
Target Locations:  0-(14,9) 1-(4,9) 2-(10,4) 3-(6,7) 4-(6,3) 5-(13,14)
Task Assignment: 0-3 1-2 2-4 3-0 4-5
Robot 1 finished At time 171
Time 173
Robots Locations 0-(7,6) 1-(10,4) 2-(2,1) 3-(14,9) 4-(13,13)
Target Locations:  0-(14,9) 1-(4,9) 2-(6,7) 3-(6,3) 4-(13,14) 5-(10,13)
Task Assignment: 0-1 1-2 2-3 3-0 4-4
Robot 3 finished At time 176
Time 178
Robots Locations 0-(6,7) 1-(9,5) 2-(3,1) 3-(14,9) 4-(13,14)
Target Locations:  0-(4,9) 1-(6,7) 2-(6,3) 3-(13,14) 4-(10,13) 5-(4,6)
Task Assignment: 0-0 1-1 2-2 3-4 4-3
Robot 4 finished At time 179
Time 182
Robots Locations 0-(5,8) 1-(8,5) 2-(4,2) 3-(14,10) 4-(13,14)
Target Locations:  0-(4,9) 1-(6,7) 2-(6,3) 3-(10,13) 4-(4,6) 5-(8,1)
Task Assignment: 0-0 1-4 2-2 3-1 4-3
Robot 0 finished At time 187
Time 189
Robots Locations 0-(4,9) 1-(6,6) 2-(6,3) 3-(12,9) 4-(11,13)
Target Locations:  0-(6,7) 1-(6,3) 2-(10,13) 3-(4,6) 4-(8,1) 5-(13,4)
Task Assignment: 0-0 1-3 2-1 3-5 4-2
Robot 2 finished At time 190
Time 192
Robots Locations 0-(4,9) 1-(5,6) 2-(6,3) 3-(11,9) 4-(10,13)
Target Locations:  0-(6,7) 1-(10,13) 2-(4,6) 3-(8,1) 4-(13,4) 5-(13,3)
Task Assignment: 0-0 1-2 2-3 3-4 4-1
Robot 4 finished At time 195
Time 197
Robots Locations 0-(4,8) 1-(4,6) 2-(7,2) 3-(12,8) 4-(10,13)
Target Locations:  0-(6,7) 1-(4,6) 2-(8,1) 3-(13,4) 4-(13,3) 5-(10,15)
Task Assignment: 0-0 1-1 2-2 3-3 4-5
Robot 1 finished At time 199
Time 201
Robots Locations 0-(4,8) 1-(4,6) 2-(7,2) 3-(12,7) 4-(9,13)
Target Locations:  0-(6,7) 1-(8,1) 2-(13,4) 3-(13,3) 4-(10,15) 5-(2,11)
Task Assignment: 0-5 1-0 2-1 3-2 4-4
Robot 2 finished At time 205
Time 207
Robots Locations 0-(5,9) 1-(4,7) 2-(8,1) 3-(13,5) 4-(10,15)
Target Locations:  0-(6,7) 1-(13,4) 2-(13,3) 3-(10,15) 4-(2,11) 5-(6,14)
Task Assignment: 0-4 1-0 2-2 3-1 4-3
Robot 4 finished At time 210
Time 212
Robots Locations 0-(4,10) 1-(6,7) 2-(9,1) 3-(13,4) 4-(10,15)
Target Locations:  0-(6,7) 1-(13,4) 2-(13,3) 3-(2,11) 4-(6,14) 5-(15,8)
Task Assignment: 0-3 1-0 2-2 3-1 4-4
Robot 3 finished At time 214
Time 217
Robots Locations 0-(3,10) 1-(6,7) 2-(10,2) 3-(13,4) 4-(9,16)
Target Locations:  0-(6,7) 1-(13,3) 2-(2,11) 3-(6,14) 4-(15,8) 5-(4,12)
Task Assignment: 0-2 1-0 2-1 3-4 4-3
Robot 1 finished At time 217
Time 220
Robots Locations 0-(3,10) 1-(6,7) 2-(10,2) 3-(13,4) 4-(9,16)
Target Locations:  0-(13,3) 1-(2,11) 2-(6,14) 3-(15,8) 4-(4,12) 5-(7,4)
Task Assignment: 0-1 1-5 2-0 3-3 4-2
Robot 0 finished At time 223
Time 225
Robots Locations 0-(2,11) 1-(7,6) 2-(12,2) 3-(14,5) 4-(8,15)
Target Locations:  0-(13,3) 1-(6,14) 2-(15,8) 3-(4,12) 4-(7,4) 5-(2,8)
Task Assignment: 0-3 1-4 2-0 3-2 4-1
Robot 2 finished At time 229
Time 232
Robots Locations 0-(3,12) 1-(7,4) 2-(13,3) 3-(15,7) 4-(6,14)
Target Locations:  0-(6,14) 1-(15,8) 2-(4,12) 3-(7,4) 4-(2,8) 5-(5,10)
Task Assignment: 0-2 1-4 2-3 3-1 4-0
Robot 4 finished At time 233
Time 235
Robots Locations 0-(4,12) 1-(7,4) 2-(13,3) 3-(15,8) 4-(6,14)
Target Locations:  0-(15,8) 1-(4,12) 2-(7,4) 3-(2,8) 4-(5,10)
Task Assignment: 0-4 1-3 2-2 3-0 4-1
Robot 3 finished At time 238
Robot 0 finished At time 241
Robot 4 finished At time 242
Robot 2 finished At time 247
Robot 1 finished At time 247
number of collisions is 0
/mmd_msd2
Time 2
Robots Locations 0-(3,3) 1-(6,6) 2-(9,9) 3-(12,12) 4-(15,15)
Target Locations:  0-(1,4) 1-(6,10) 2-(8,15) 3-(1,15) 4-(14,6) 5-(2,13)
Task Assignment: 0-0 1-5 2-1 3-4 4-2
Robot 0 finished At time 9
Time 10
Robots Locations 0-(1,4) 1-(6,8) 2-(6,10) 3-(12,10) 4-(13,16)
Target Locations:  0-(6,10) 1-(8,15) 2-(1,15) 3-(14,6) 4-(2,13) 5-(4,4)
Task Assignment: 0-5 1-0 2-4 3-3 4-1
Robot 1 finished At time 16
Time 18
Robots Locations 0-(3,4) 1-(6,10) 2-(4,12) 3-(13,8) 4-(10,15)
Target Locations:  0-(8,15) 1-(1,15) 2-(14,6) 3-(2,13) 4-(4,4) 5-(11,1)
Task Assignment: 0-4 1-3 2-1 3-2 4-0
Robot 0 finished At time 21
Time 23
Robots Locations 0-(4,4) 1-(5,11) 2-(3,13) 3-(14,6) 4-(8,15)
Target Locations:  0-(8,15) 1-(1,15) 2-(14,6) 3-(2,13) 4-(11,1) 5-(11,12)
Task Assignment: 0-4 1-3 2-1 3-2 4-0
Robot 3 finished At time 25
Time 27
Robots Locations 0-(5,4) 1-(4,12) 2-(2,14) 3-(14,6) 4-(8,15)
Target Locations:  0-(8,15) 1-(1,15) 2-(2,13) 3-(11,1) 4-(11,12) 5-(5,15)
Task Assignment: 0-3 1-2 2-1 3-4 4-0
Robot 4 finished At time 28
Time 30
Robots Locations 0-(5,3) 1-(4,12) 2-(2,14) 3-(14,6) 4-(8,15)
Target Locations:  0-(1,15) 1-(2,13) 2-(11,1) 3-(11,12) 4-(5,15) 5-(2,2)
Task Assignment: 0-5 1-1 2-0 3-2 4-4
Robot 2 finished At time 35
Time 37
Robots Locations 0-(4,2) 1-(2,13) 2-(1,15) 3-(14,4) 4-(6,15)
Target Locations:  0-(2,13) 1-(11,1) 2-(11,12) 3-(5,15) 4-(2,2) 5-(14,14)
Task Assignment: 0-4 1-3 2-0 3-1 4-2
Robot 0 finished At time 42
Time 44
Robots Locations 0-(2,2) 1-(4,15) 2-(2,13) 3-(12,2) 4-(7,14)
Target Locations:  0-(2,13) 1-(11,1) 2-(11,12) 3-(5,15) 4-(14,14) 5-(12,7)
Task Assignment: 0-1 1-3 2-0 3-5 4-2
Robot 2 finished At time 47
Time 49
Robots Locations 0-(2,1) 1-(5,15) 2-(2,13) 3-(11,3) 4-(9,13)
Target Locations:  0-(11,1) 1-(11,12) 2-(5,15) 3-(14,14) 4-(12,7) 5-(12,11)
Task Assignment: 0-0 1-1 2-2 3-4 4-5
Robot 2 finished At time 58
Time 60
Robots Locations 0-(7,1) 1-(9,13) 2-(5,15) 3-(12,7) 4-(12,11)
Target Locations:  0-(11,1) 1-(11,12) 2-(14,14) 3-(12,7) 4-(12,11) 5-(8,8)
Task Assignment: 0-0 1-4 2-1 3-3 4-2
Robot 3 finished At time 61
Time 63
Robots Locations 0-(8,1) 1-(10,13) 2-(6,15) 3-(12,7) 4-(13,11)
Target Locations:  0-(11,1) 1-(11,12) 2-(14,14) 3-(12,11) 4-(8,8) 5-(7,10)
Task Assignment: 0-0 1-1 2-5 3-4 4-3
Robot 1 finished At time 69
Time 71
Robots Locations 0-(11,1) 1-(11,12) 2-(6,12) 3-(10,8) 4-(12,11)
Target Locations:  0-(11,1) 1-(14,14) 2-(12,11) 3-(8,8) 4-(7,10) 5-(14,10)
Task Assignment: 0-0 1-2 2-4 3-3 4-5
Robot 0 finished At time 72
Time 75
Robots Locations 0-(11,1) 1-(11,11) 2-(7,12) 3-(9,8) 4-(13,11)
Target Locations:  0-(14,14) 1-(12,11) 2-(8,8) 3-(7,10) 4-(14,10) 5-(3,7)
Task Assignment: 0-2 1-0 2-3 3-1 4-4
Robot 4 finished At time 79
Time 81
Robots Locations 0-(11,3) 1-(13,13) 2-(7,10) 3-(10,10) 4-(14,10)
Target Locations:  0-(14,14) 1-(12,11) 2-(8,8) 3-(7,10) 4-(3,7) 5-(15,3)
Task Assignment: 0-5 1-0 2-3 3-2 4-1
Robot 2 finished At time 82
Time 84
Robots Locations 0-(11,3) 1-(13,13) 2-(7,10) 3-(10,10) 4-(14,10)
Target Locations:  0-(14,14) 1-(12,11) 2-(8,8) 3-(3,7) 4-(15,3) 5-(8,6)
Task Assignment: 0-4 1-0 2-2 3-5 4-1
Robot 1 finished At time 87
Time 90
Robots Locations 0-(12,3) 1-(14,14) 2-(8,8) 3-(10,8) 4-(13,10)
Target Locations:  0-(12,11) 1-(8,8) 2-(3,7) 3-(15,3) 4-(8,6) 5-(5,4)
Task Assignment: 0-3 1-0 2-2 3-4 4-1
Robot 0 finished At time 96
Time 98
Robots Locations 0-(15,3) 1-(13,12) 2-(5,7) 3-(8,6) 4-(10,9)
Target Locations:  0-(12,11) 1-(8,8) 2-(3,7) 3-(8,6) 4-(5,4) 5-(11,14)
Task Assignment: 0-3 1-5 2-2 3-1 4-0
Robot 2 finished At time 104
Time 106
Robots Locations 0-(14,4) 1-(11,14) 2-(3,7) 3-(8,8) 4-(11,10)
Target Locations:  0-(12,11) 1-(8,8) 2-(8,6) 3-(5,4) 4-(11,14) 5-(7,9)
Task Assignment: 0-2 1-4 2-3 3-1 4-0
Robot 3 finished At time 108
Time 110
Robots Locations 0-(13,5) 1-(11,14) 2-(3,6) 3-(8,8) 4-(12,11)
Target Locations:  0-(12,11) 1-(8,6) 2-(5,4) 3-(11,14) 4-(7,9) 5-(10,8)
Task Assignment: 0-5 1-3 2-2 3-4 4-0
Robot 1 finished At time 111
Time 113
Robots Locations 0-(13,5) 1-(11,14) 2-(3,6) 3-(8,8) 4-(12,11)
Target Locations:  0-(12,11) 1-(8,6) 2-(5,4) 3-(7,9) 4-(10,8) 5-(4,7)
Task Assignment: 0-1 1-0 2-5 3-3 4-4
Robot 3 finished At time 118
Time 120
Robots Locations 0-(10,5) 1-(11,13) 2-(4,7) 3-(7,9) 4-(11,9)
Target Locations:  0-(12,11) 1-(8,6) 2-(5,4) 3-(10,8) 4-(4,7) 5-(7,15)
Task Assignment: 0-1 1-0 2-2 3-4 4-3
Robot 4 finished At time 125
Time 127
Robots Locations 0-(8,6) 1-(12,11) 2-(5,5) 3-(5,8) 4-(10,8)
Target Locations:  0-(12,11) 1-(8,6) 2-(5,4) 3-(4,7) 4-(7,15) 5-(11,2)
Task Assignment: 0-5 1-0 2-2 3-3 4-1
Robot 1 finished At time 127
Time 129
Robots Locations 0-(8,6) 1-(12,11) 2-(5,5) 3-(5,8) 4-(10,8)
Target Locations:  0-(8,6) 1-(5,4) 2-(4,7) 3-(7,15) 4-(11,2) 5-(8,4)
Task Assignment: 0-5 1-3 2-1 3-2 4-0
Robot 3 finished At time 133
Time 135
Robots Locations 0-(8,4) 1-(11,11) 2-(5,4) 3-(4,7) 4-(9,7)
Target Locations:  0-(8,6) 1-(5,4) 2-(7,15) 3-(11,2) 4-(8,4) 5-(12,13)
Task Assignment: 0-3 1-5 2-4 3-1 4-0
Robot 4 finished At time 138
Time 140
Robots Locations 0-(9,3) 1-(12,12) 2-(7,4) 3-(4,5) 4-(8,6)
Target Locations:  0-(5,4) 1-(7,15) 2-(11,2) 3-(8,4) 4-(12,13) 5-(10,6)
Task Assignment: 0-2 1-4 2-3 3-0 4-5
Robot 1 finished At time 144
Time 146
Robots Locations 0-(11,2) 1-(12,13) 2-(8,4) 3-(5,4) 4-(9,5)
Target Locations:  0-(5,4) 1-(7,15) 2-(11,2) 3-(8,4) 4-(10,6) 5-(1,1)
Task Assignment: 0-2 1-1 2-3 3-0 4-4
Robot 2 finished At time 147
Time 149
Robots Locations 0-(11,2) 1-(12,14) 2-(8,4) 3-(5,4) 4-(9,6)
Target Locations:  0-(5,4) 1-(7,15) 2-(11,2) 3-(10,6) 4-(1,1) 5-(14,9)
Task Assignment: 0-2 1-1 2-3 3-0 4-5
Robot 0 finished At time 149
Time 151
Robots Locations 0-(11,2) 1-(12,14) 2-(8,4) 3-(5,4) 4-(10,6)
Target Locations:  0-(5,4) 1-(7,15) 2-(10,6) 3-(1,1) 4-(14,9) 5-(4,9)
Task Assignment: 0-2 1-1 2-0 3-3 4-4
Robot 2 finished At time 160
Time 162
Robots Locations 0-(10,6) 1-(7,15) 2-(5,4) 3-(1,1) 4-(14,9)
Target Locations:  0-(7,15) 1-(10,6) 2-(1,1) 3-(14,9) 4-(4,9) 5-(10,4)
Task Assignment: 0-1 1-0 2-4 3-2 4-3
Robot 1 finished At time 163
Time 165
Robots Locations 0-(10,6) 1-(7,15) 2-(5,4) 3-(1,1) 4-(14,9)
Target Locations:  0-(10,6) 1-(1,1) 2-(14,9) 3-(4,9) 4-(10,4) 5-(6,7)
Task Assignment: 0-0 1-3 2-5 3-1 4-2
Robot 0 finished At time 165
Time 167
Robots Locations 0-(10,6) 1-(7,15) 2-(5,4) 3-(1,1) 4-(14,9)
Target Locations:  0-(1,1) 1-(14,9) 2-(4,9) 3-(10,4) 4-(6,7) 5-(6,3)
Task Assignment: 0-3 1-2 2-5 3-0 4-1
Robot 3 finished At time 168
Time 171
Robots Locations 0-(10,6) 1-(6,15) 2-(4,4) 3-(1,1) 4-(14,9)
Target Locations:  0-(14,9) 1-(4,9) 2-(10,4) 3-(6,7) 4-(6,3) 5-(13,14)
Task Assignment: 0-2 1-1 2-3 3-4 4-0
Robot 4 finished At time 171
Time 173
Robots Locations 0-(9,6) 1-(6,14) 2-(4,4) 3-(1,1) 4-(14,9)
Target Locations:  0-(4,9) 1-(10,4) 2-(6,7) 3-(6,3) 4-(13,14) 5-(10,13)
Task Assignment: 0-1 1-5 2-2 3-3 4-4
Robot 0 finished At time 179
Time 181
Robots Locations 0-(10,4) 1-(9,13) 2-(5,6) 3-(3,1) 4-(13,12)
Target Locations:  0-(4,9) 1-(6,7) 2-(6,3) 3-(13,14) 4-(10,13) 5-(4,6)
Task Assignment: 0-1 1-4 2-5 3-2 4-3
Robot 1 finished At time 184
Time 186
Robots Locations 0-(9,4) 1-(10,13) 2-(4,7) 3-(5,2) 4-(13,14)
Target Locations:  0-(4,9) 1-(6,7) 2-(6,3) 3-(13,14) 4-(4,6) 5-(8,1)
Task Assignment: 0-5 1-0 2-4 3-2 4-3
Robot 4 finished At time 188
Time 190
Robots Locations 0-(8,3) 1-(10,12) 2-(4,6) 3-(6,3) 4-(13,14)
Target Locations:  0-(4,9) 1-(6,7) 2-(6,3) 3-(4,6) 4-(8,1) 5-(13,4)
Task Assignment: 0-4 1-0 2-3 3-2 4-1
Robot 2 finished At time 192
Time 194
Robots Locations 0-(8,3) 1-(9,12) 2-(4,6) 3-(6,3) 4-(12,14)
Target Locations:  0-(4,9) 1-(6,7) 2-(6,3) 3-(8,1) 4-(13,4) 5-(13,3)
Task Assignment: 0-4 1-0 2-2 3-3 4-1
Robot 3 finished At time 201
Time 203
Robots Locations 0-(12,3) 1-(5,10) 2-(6,3) 3-(8,1) 4-(10,11)
Target Locations:  0-(4,9) 1-(6,7) 2-(6,3) 3-(13,4) 4-(13,3) 5-(10,15)
Task Assignment: 0-3 1-0 2-1 3-2 4-5
Robot 0 finished At time 208
Time 210
Robots Locations 0-(13,4) 1-(4,9) 2-(6,5) 3-(7,1) 4-(9,13)
Target Locations:  0-(4,9) 1-(6,7) 2-(6,3) 3-(13,3) 4-(10,15) 5-(2,11)
Task Assignment: 0-3 1-0 2-1 3-2 4-4
Robot 1 finished At time 210
Time 213
Robots Locations 0-(13,4) 1-(4,9) 2-(6,5) 3-(7,1) 4-(9,13)
Target Locations:  0-(6,7) 1-(6,3) 2-(13,3) 3-(10,15) 4-(2,11) 5-(6,14)
Task Assignment: 0-2 1-4 2-0 3-1 4-3
Robot 0 finished At time 217
Time 219
Robots Locations 0-(13,3) 1-(2,11) 2-(6,7) 3-(6,3) 4-(10,15)
Target Locations:  0-(6,7) 1-(6,3) 2-(10,15) 3-(2,11) 4-(6,14) 5-(15,8)
Task Assignment: 0-5 1-3 2-0 3-1 4-2
Robot 3 finished At time 220
Time 221
Robots Locations 0-(13,3) 1-(2,11) 2-(6,7) 3-(6,3) 4-(10,15)
Target Locations:  0-(6,7) 1-(10,15) 2-(2,11) 3-(6,14) 4-(15,8) 5-(4,12)
Task Assignment: 0-4 1-2 2-5 3-0 4-1
Robot 4 finished At time 223
Time 225
Robots Locations 0-(12,3) 1-(2,11) 2-(6,7) 3-(6,4) 4-(10,15)
Target Locations:  0-(6,7) 1-(2,11) 2-(6,14) 3-(15,8) 4-(4,12) 5-(7,4)
Task Assignment: 0-3 1-1 2-0 3-5 4-2
Robot 1 finished At time 226
Time 228
Robots Locations 0-(13,4) 1-(2,11) 2-(6,8) 3-(6,4) 4-(10,15)
Target Locations:  0-(6,7) 1-(6,14) 2-(15,8) 3-(4,12) 4-(7,4) 5-(2,8)
Task Assignment: 0-2 1-3 2-0 3-4 4-1
Robot 3 finished At time 232
Time 233
Robots Locations 0-(13,5) 1-(3,12) 2-(6,7) 3-(7,4) 4-(8,15)
Target Locations:  0-(6,7) 1-(6,14) 2-(15,8) 3-(4,12) 4-(2,8) 5-(5,10)
Task Assignment: 0-2 1-3 2-5 3-0 4-1
Robot 1 finished At time 236
Time 238
Robots Locations 0-(14,7) 1-(4,12) 2-(5,8) 3-(7,5) 4-(7,14)
Target Locations:  0-(6,7) 1-(6,14) 2-(15,8) 3-(2,8) 4-(5,10)
Task Assignment: 0-2 1-4 2-3 3-0 4-1
Robot 4 finished At time 242
Robot 0 finished At time 242
Robot 1 finished At time 244
Robot 3 finished At time 244
Robot 2 finished At time 246
number of collisions is 7
