Goals: (5,11) (13,5) (3,13) (5,14) (3,7) (7,15) (1,13) (8,5) (2,11) (8,9) (15,1) (13,15) (14,14) (15,5) (15,12) (14,15) (12,11) (8,11) (2,14) (12,12) (3,4) (1,3) (15,10) (5,9) (9,1) (8,13) (12,1) (6,12) (8,3) (4,14) (9,4) (5,8) (3,8) (2,15) (9,3) (3,1) (2,6) (10,4) (11,1) (5,6) (11,12) (8,15) (6,11) (4,6) (13,2) (15,7) (1,11) (11,15) (14,4) (12,6)
/MURDOCH
Time 1
Robots Locations 0-(3,3) 1-(6,5) 2-(9,9) 3-(12,12) 4-(15,15)
Target Locations:  0-(12,6) 1-(14,4) 2-(11,15) 3-(1,11) 4-(15,7) 5-(13,2)
Task Assignment: 0-0 3-1 1-3 2-2 4-4
Robot 2 finished At time 15
Time 16
Robots Locations 0-(9,5) 1-(2,10) 2-(11,15) 3-(14,6) 4-(15,8)
Target Locations:  0-(12,6) 1-(14,4) 2-(1,11) 3-(15,7) 4-(13,2) 5-(4,6)
Task Assignment: 0-0 3-1 1-2 4-3 2-5
Robot 4 finished At time 20
Time 22
Robots Locations 0-(11,5) 1-(1,11) 2-(10,15) 3-(14,4) 4-(15,7)
Target Locations:  0-(12,6) 1-(14,4) 2-(1,11) 3-(13,2) 4-(4,6) 5-(6,11)
Task Assignment: 0-0 3-1 1-2 2-4 4-3
Robot 1 finished At time 23
Time 25
Robots Locations 0-(11,6) 1-(1,11) 2-(10,15) 3-(14,4) 4-(15,7)
Target Locations:  0-(12,6) 1-(14,4) 2-(13,2) 3-(4,6) 4-(6,11) 5-(8,15)
Task Assignment: 0-0 3-1 2-3 4-2 1-4
Robot 3 finished At time 26
Time 27
Robots Locations 0-(12,6) 1-(1,11) 2-(9,14) 3-(14,4) 4-(15,7)
Target Locations:  0-(12,6) 1-(13,2) 2-(4,6) 3-(6,11) 4-(8,15) 5-(11,12)
Task Assignment: 0-0 2-2 4-1 1-3 3-5
Robot 0 finished At time 30
Time 32
Robots Locations 0-(12,6) 1-(2,12) 2-(9,13) 3-(13,4) 4-(14,5)
Target Locations:  0-(13,2) 1-(4,6) 2-(6,11) 3-(8,15) 4-(11,12) 5-(5,6)
Task Assignment: 2-1 4-0 1-2 3-4 0-5
Robot 4 finished At time 40
Time 42
Robots Locations 0-(9,6) 1-(6,11) 2-(6,9) 3-(12,8) 4-(13,2)
Target Locations:  0-(4,6) 1-(6,11) 2-(8,15) 3-(11,12) 4-(5,6) 5-(11,1)
Task Assignment: 2-0 1-1 3-3 0-4 4-5
Robot 1 finished At time 42
Time 44
Robots Locations 0-(9,6) 1-(6,11) 2-(6,9) 3-(12,8) 4-(13,2)
Target Locations:  0-(4,6) 1-(8,15) 2-(11,12) 3-(5,6) 4-(11,1) 5-(10,4)
Task Assignment: 2-0 3-2 0-3 4-4 1-1
Robot 4 finished At time 50
Time 52
Robots Locations 0-(5,6) 1-(8,14) 2-(4,6) 3-(11,12) 4-(11,1)
Target Locations:  0-(4,6) 1-(8,15) 2-(11,12) 3-(5,6) 4-(10,4) 5-(2,6)
Task Assignment: 2-0 3-2 0-3 1-1 4-4
Robot 3 finished At time 55
Time 57
Robots Locations 0-(5,6) 1-(8,15) 2-(4,6) 3-(11,12) 4-(10,2)
Target Locations:  0-(4,6) 1-(8,15) 2-(5,6) 3-(10,4) 4-(2,6) 5-(3,1)
Task Assignment: 2-0 0-2 1-1 4-3 3-4
Robot 2 finished At time 58
Time 60
Robots Locations 0-(5,6) 1-(8,15) 2-(4,6) 3-(11,12) 4-(10,2)
Target Locations:  0-(8,15) 1-(5,6) 2-(10,4) 3-(2,6) 4-(3,1) 5-(9,3)
Task Assignment: 0-1 1-0 4-2 3-3 2-4
Robot 1 finished At time 61
Time 63
Robots Locations 0-(5,6) 1-(8,15) 2-(4,5) 3-(10,12) 4-(10,3)
Target Locations:  0-(5,6) 1-(10,4) 2-(2,6) 3-(3,1) 4-(9,3) 5-(2,15)
Task Assignment: 0-0 4-1 3-2 2-3 1-5
Robot 0 finished At time 67
Time 69
Robots Locations 0-(5,6) 1-(7,16) 2-(3,3) 3-(9,11) 4-(10,4)
Target Locations:  0-(10,4) 1-(2,6) 2-(3,1) 3-(9,3) 4-(2,15) 5-(3,8)
Task Assignment: 4-0 3-1 2-2 1-4 0-5
Robot 4 finished At time 69
Time 71
Robots Locations 0-(5,6) 1-(6,15) 2-(3,3) 3-(9,11) 4-(10,4)
Target Locations:  0-(2,6) 1-(3,1) 2-(9,3) 3-(2,15) 4-(3,8) 5-(5,8)
Task Assignment: 3-0 2-1 1-3 0-4 4-2
Robot 2 finished At time 78
Time 80
Robots Locations 0-(3,7) 1-(3,15) 2-(3,1) 3-(6,9) 4-(9,3)
Target Locations:  0-(2,6) 1-(9,3) 2-(2,15) 3-(3,8) 4-(5,8) 5-(9,4)
Task Assignment: 3-0 1-2 0-3 4-1 2-5
Robot 4 finished At time 80
Time 82
Robots Locations 0-(3,8) 1-(3,15) 2-(3,1) 3-(6,9) 4-(9,3)
Target Locations:  0-(2,6) 1-(2,15) 2-(3,8) 3-(5,8) 4-(9,4) 5-(4,14)
Task Assignment: 3-0 1-1 0-2 2-4 4-3
Robot 0 finished At time 85
Time 87
Robots Locations 0-(3,8) 1-(2,15) 2-(4,1) 3-(5,8) 4-(8,3)
Target Locations:  0-(2,6) 1-(2,15) 2-(5,8) 3-(9,4) 4-(4,14) 5-(8,3)
Task Assignment: 3-0 1-1 2-3 4-2 0-4
Robot 1 finished At time 87
Time 89
Robots Locations 0-(3,8) 1-(2,15) 2-(4,1) 3-(4,8) 4-(8,3)
Target Locations:  0-(2,6) 1-(5,8) 2-(9,4) 3-(4,14) 4-(8,3) 5-(6,12)
Task Assignment: 3-0 2-2 4-1 0-3 1-5
Robot 3 finished At time 96
Time 98
Robots Locations 0-(4,12) 1-(4,13) 2-(8,3) 3-(2,6) 4-(6,7)
Target Locations:  0-(5,8) 1-(9,4) 2-(4,14) 3-(8,3) 4-(6,12) 5-(12,1)
Task Assignment: 2-1 4-0 0-2 1-4 3-3
Robot 4 finished At time 103
Time 105
Robots Locations 0-(4,14) 1-(6,12) 2-(9,4) 3-(3,5) 4-(5,8)
Target Locations:  0-(9,4) 1-(4,14) 2-(8,3) 3-(6,12) 4-(12,1) 5-(8,13)
Task Assignment: 2-0 0-1 1-3 3-2 4-5
Robot 2 finished At time 105
Time 107
Robots Locations 0-(4,14) 1-(6,12) 2-(9,4) 3-(4,5) 4-(5,8)
Target Locations:  0-(4,14) 1-(8,3) 2-(6,12) 3-(12,1) 4-(8,13) 5-(9,1)
Task Assignment: 0-0 1-2 3-1 4-4 2-5
Robot 1 finished At time 108
Time 110
Robots Locations 0-(4,14) 1-(6,12) 2-(9,4) 3-(4,5) 4-(5,8)
Target Locations:  0-(4,14) 1-(8,3) 2-(12,1) 3-(8,13) 4-(9,1) 5-(5,9)
Task Assignment: 0-0 3-1 4-3 2-4 1-5
Robot 0 finished At time 110
Time 112
Robots Locations 0-(4,14) 1-(6,12) 2-(9,4) 3-(4,5) 4-(5,8)
Target Locations:  0-(8,3) 1-(12,1) 2-(8,13) 3-(9,1) 4-(5,9) 5-(15,10)
Task Assignment: 3-0 4-2 2-3 1-4 0-5
Robot 2 finished At time 121
Time 123
Robots Locations 0-(8,13) 1-(6,9) 2-(9,1) 3-(8,3) 4-(6,11)
Target Locations:  0-(8,3) 1-(12,1) 2-(8,13) 3-(5,9) 4-(15,10) 5-(1,3)
Task Assignment: 3-0 4-2 1-3 0-4 2-1
Robot 3 finished At time 124
Time 126
Robots Locations 0-(9,12) 1-(5,9) 2-(9,0) 3-(8,3) 4-(6,12)
Target Locations:  0-(12,1) 1-(8,13) 2-(5,9) 3-(15,10) 4-(1,3) 5-(3,4)
Task Assignment: 4-1 1-2 0-3 2-0 3-5
Robot 1 finished At time 128
Time 130
Robots Locations 0-(10,12) 1-(5,9) 2-(10,1) 3-(8,2) 4-(7,12)
Target Locations:  0-(12,1) 1-(8,13) 2-(15,10) 3-(1,3) 4-(3,4) 5-(12,12)
Task Assignment: 4-1 0-2 2-0 3-4 1-3
Robot 4 finished At time 134
Time 136
Robots Locations 0-(12,11) 1-(4,7) 2-(12,1) 3-(6,3) 4-(8,13)
Target Locations:  0-(12,1) 1-(15,10) 2-(1,3) 3-(3,4) 4-(12,12) 5-(2,14)
Task Assignment: 0-1 2-0 3-3 1-2 4-4
Robot 2 finished At time 138
Time 140
Robots Locations 0-(13,11) 1-(3,7) 2-(12,1) 3-(6,3) 4-(9,13)
Target Locations:  0-(15,10) 1-(1,3) 2-(3,4) 3-(12,12) 4-(2,14) 5-(8,11)
Task Assignment: 0-0 3-2 1-1 4-3 2-5
Robot 0 finished At time 146
Time 148
Robots Locations 0-(15,10) 1-(1,4) 2-(11,4) 3-(3,4) 4-(12,12)
Target Locations:  0-(1,3) 1-(3,4) 2-(12,12) 3-(2,14) 4-(8,11) 5-(12,11)
Task Assignment: 3-1 1-0 4-2 2-4 0-5
Robot 3 finished At time 149
Time 150
Robots Locations 0-(15,10) 1-(1,4) 2-(11,4) 3-(3,4) 4-(12,12)
Target Locations:  0-(1,3) 1-(12,12) 2-(2,14) 3-(8,11) 4-(12,11) 5-(14,15)
Task Assignment: 1-0 4-1 2-3 0-4 3-2
Robot 4 finished At time 152
Time 154
Robots Locations 0-(15,9) 1-(1,3) 2-(11,5) 3-(3,5) 4-(12,12)
Target Locations:  0-(1,3) 1-(2,14) 2-(8,11) 3-(12,11) 4-(14,15) 5-(15,12)
Task Assignment: 1-0 2-2 0-3 3-1 4-5
Robot 1 finished At time 156
Time 157
Robots Locations 0-(14,10) 1-(1,3) 2-(10,6) 3-(3,6) 4-(13,12)
Target Locations:  0-(2,14) 1-(8,11) 2-(12,11) 3-(14,15) 4-(15,12) 5-(15,5)
Task Assignment: 2-1 0-2 3-0 4-4 1-5
Robot 4 finished At time 163
Time 165
Robots Locations 0-(12,11) 1-(4,3) 2-(9,9) 3-(2,9) 4-(15,12)
Target Locations:  0-(2,14) 1-(8,11) 2-(12,11) 3-(14,15) 4-(15,5) 5-(14,14)
Task Assignment: 2-1 0-2 3-0 1-4 4-5
Robot 0 finished At time 166
Time 168
Robots Locations 0-(12,11) 1-(4,3) 2-(9,9) 3-(2,9) 4-(15,12)
Target Locations:  0-(2,14) 1-(8,11) 2-(14,15) 3-(15,5) 4-(14,14) 5-(13,15)
Task Assignment: 2-1 3-0 1-3 4-4 0-5
Robot 2 finished At time 173
Time 175
Robots Locations 0-(13,14) 1-(7,3) 2-(8,11) 3-(2,12) 4-(14,14)
Target Locations:  0-(2,14) 1-(14,15) 2-(15,5) 3-(14,14) 4-(13,15) 5-(15,1)
Task Assignment: 3-0 1-2 4-3 0-4 2-1
Robot 4 finished At time 177
Time 179
Robots Locations 0-(13,15) 1-(8,4) 2-(8,12) 3-(2,13) 4-(14,14)
Target Locations:  0-(2,14) 1-(14,15) 2-(15,5) 3-(13,15) 4-(15,1) 5-(8,9)
Task Assignment: 3-0 1-2 0-3 2-1 4-5
Robot 0 finished At time 181
Time 184
Robots Locations 0-(13,15) 1-(9,4) 2-(10,12) 3-(2,14) 4-(13,14)
Target Locations:  0-(2,14) 1-(14,15) 2-(15,5) 3-(15,1) 4-(8,9) 5-(2,11)
Task Assignment: 3-0 1-2 2-1 4-4 0-5
Robot 3 finished At time 185
Time 187
Robots Locations 0-(12,16) 1-(10,4) 2-(10,13) 3-(2,14) 4-(13,13)
Target Locations:  0-(14,15) 1-(15,5) 2-(15,1) 3-(8,9) 4-(2,11) 5-(8,5)
Task Assignment: 1-1 2-0 4-3 0-4 3-5
Robot 2 finished At time 196
Time 199
Robots Locations 0-(8,13) 1-(15,5) 2-(14,15) 3-(5,11) 4-(9,10)
Target Locations:  0-(15,5) 1-(15,1) 2-(8,9) 3-(2,11) 4-(8,5) 5-(1,13)
Task Assignment: 1-0 4-2 0-3 3-4 2-5
Robot 1 finished At time 200
Time 203
Robots Locations 0-(7,13) 1-(15,5) 2-(14,16) 3-(5,10) 4-(8,9)
Target Locations:  0-(15,1) 1-(8,9) 2-(2,11) 3-(8,5) 4-(1,13) 5-(7,15)
Task Assignment: 4-1 0-2 3-3 2-4 1-0
Robot 4 finished At time 205
Time 207
Robots Locations 0-(6,13) 1-(15,4) 2-(13,16) 3-(6,9) 4-(8,9)
Target Locations:  0-(15,1) 1-(2,11) 2-(8,5) 3-(1,13) 4-(7,15) 5-(3,7)
Task Assignment: 0-1 3-2 2-3 1-0 4-5
Robot 1 finished At time 215
Time 217
Robots Locations 0-(2,11) 1-(15,1) 2-(9,15) 3-(8,5) 4-(6,8)
Target Locations:  0-(2,11) 1-(8,5) 2-(1,13) 3-(7,15) 4-(3,7) 5-(5,14)
Task Assignment: 0-0 3-1 2-2 4-4 1-3
Robot 0 finished At time 219
Time 221
Robots Locations 0-(2,11) 1-(14,1) 2-(8,15) 3-(8,5) 4-(5,7)
Target Locations:  0-(8,5) 1-(1,13) 2-(7,15) 3-(3,7) 4-(5,14) 5-(3,13)
Task Assignment: 3-0 2-1 4-3 1-2 0-5
Robot 3 finished At time 222
Time 224
Robots Locations 0-(1,11) 1-(14,1) 2-(8,15) 3-(8,5) 4-(4,7)
Target Locations:  0-(1,13) 1-(7,15) 2-(3,7) 3-(5,14) 4-(3,13) 5-(13,5)
Task Assignment: 2-0 4-2 1-1 0-4 3-5
Robot 4 finished At time 228
Time 229
Robots Locations 0-(3,13) 1-(13,3) 2-(6,14) 3-(10,5) 4-(3,7)
Target Locations:  0-(1,13) 1-(7,15) 2-(5,14) 3-(3,13) 4-(13,5) 5-(5,11)
Task Assignment: 2-0 1-1 0-3 3-4 4-5
Robot 0 finished At time 232
Time 234
Robots Locations 0-(3,13) 1-(12,4) 2-(4,14) 3-(12,5) 4-(3,8)
Target Locations:  0-(1,13) 1-(7,15) 2-(5,14) 3-(13,5) 4-(5,11)
Task Assignment: 2-0 1-1 3-3 4-4 0-2
Robot 3 finished At time 240
Robot 4 finished At time 243
Robot 0 finished At time 243
Robot 2 finished At time 246
Robot 1 finished At time 256
number of collisions is 121
/BLE
Time 2
Robots Locations 0-(3,3) 1-(6,6) 2-(9,9) 3-(12,12) 4-(15,15)
Target Locations:  0-(12,6) 1-(14,4) 2-(11,15) 3-(1,11) 4-(15,7) 5-(13,2)
Task Assignment: 3-2 2-0 1-3 4-4 0-5
Robot 3 finished At time 9
Time 11
Robots Locations 0-(7,2) 1-(3,8) 2-(12,6) 3-(11,15) 4-(15,12)
Target Locations:  0-(12,6) 1-(14,4) 2-(1,11) 3-(15,7) 4-(13,2) 5-(4,6)
Task Assignment: 2-0 1-5 4-3 0-4 3-2
Robot 2 finished At time 14
Time 16
Robots Locations 0-(8,2) 1-(3,8) 2-(12,6) 3-(10,15) 4-(15,10)
Target Locations:  0-(14,4) 1-(1,11) 2-(15,7) 3-(13,2) 4-(4,6) 5-(6,11)
Task Assignment: 1-4 2-0 4-2 0-3 3-5
Robot 1 finished At time 21
Time 23
Robots Locations 0-(11,2) 1-(4,6) 2-(14,4) 3-(8,13) 4-(15,7)
Target Locations:  0-(14,4) 1-(1,11) 2-(15,7) 3-(13,2) 4-(6,11) 5-(8,15)
Task Assignment: 4-2 2-0 0-3 3-5 1-4
Robot 2 finished At time 25
Time 27
Robots Locations 0-(12,2) 1-(5,6) 2-(14,4) 3-(7,13) 4-(15,7)
Target Locations:  0-(1,11) 1-(15,7) 2-(13,2) 3-(6,11) 4-(8,15) 5-(11,12)
Task Assignment: 4-1 0-2 3-4 1-3 2-5
Robot 4 finished At time 28
Time 30
Robots Locations 0-(12,2) 1-(5,7) 2-(14,4) 3-(7,14) 4-(15,7)
Target Locations:  0-(1,11) 1-(13,2) 2-(6,11) 3-(8,15) 4-(11,12) 5-(5,6)
Task Assignment: 0-1 1-5 3-3 4-4 2-2
Robot 0 finished At time 33
Time 35
Robots Locations 0-(13,2) 1-(6,6) 2-(14,5) 3-(8,15) 4-(14,7)
Target Locations:  0-(1,11) 1-(6,11) 2-(8,15) 3-(11,12) 4-(5,6) 5-(11,1)
Task Assignment: 3-2 1-4 0-5 4-3 2-1
Robot 3 finished At time 36
Time 38
Robots Locations 0-(13,2) 1-(5,6) 2-(14,5) 3-(8,15) 4-(14,8)
Target Locations:  0-(1,11) 1-(6,11) 2-(11,12) 3-(5,6) 4-(11,1) 5-(10,4)
Task Assignment: 1-3 0-4 2-5 3-2 4-1
Robot 1 finished At time 40
Time 42
Robots Locations 0-(13,1) 1-(5,6) 2-(13,5) 3-(9,15) 4-(13,8)
Target Locations:  0-(1,11) 1-(6,11) 2-(11,12) 3-(11,1) 4-(10,4) 5-(2,6)
Task Assignment: 0-3 1-5 2-4 3-2 4-1
Robot 0 finished At time 47
Time 49
Robots Locations 0-(11,1) 1-(2,6) 2-(10,4) 3-(10,13) 4-(10,9)
Target Locations:  0-(1,11) 1-(6,11) 2-(11,12) 3-(10,4) 4-(2,6) 5-(3,1)
Task Assignment: 2-3 1-4 3-2 4-1 0-5
Robot 2 finished At time 51
Time 53
Robots Locations 0-(10,1) 1-(2,6) 2-(10,4) 3-(11,12) 4-(9,10)
Target Locations:  0-(1,11) 1-(6,11) 2-(11,12) 3-(2,6) 4-(3,1) 5-(9,3)
Task Assignment: 3-2 1-3 2-5 4-1 0-4
Robot 1 finished At time 54
Time 56
Robots Locations 0-(9,1) 1-(2,6) 2-(10,4) 3-(11,12) 4-(9,10)
Target Locations:  0-(1,11) 1-(6,11) 2-(11,12) 3-(3,1) 4-(9,3) 5-(2,15)
Task Assignment: 3-2 2-4 4-1 1-0 0-3
Robot 3 finished At time 57
Time 59
Robots Locations 0-(9,1) 1-(2,6) 2-(9,3) 3-(11,12) 4-(8,10)
Target Locations:  0-(1,11) 1-(6,11) 2-(3,1) 3-(9,3) 4-(2,15) 5-(3,8)
Task Assignment: 2-3 4-1 1-5 0-2 3-4
Robot 2 finished At time 62
Time 64
Robots Locations 0-(7,1) 1-(3,8) 2-(9,3) 3-(10,12) 4-(7,11)
Target Locations:  0-(1,11) 1-(6,11) 2-(3,1) 3-(2,15) 4-(3,8) 5-(5,8)
Task Assignment: 1-4 4-1 0-2 2-5 3-3
Robot 1 finished At time 67
Time 69
Robots Locations 0-(6,1) 1-(3,8) 2-(8,4) 3-(9,12) 4-(6,11)
Target Locations:  0-(1,11) 1-(6,11) 2-(3,1) 3-(2,15) 4-(5,8) 5-(9,4)
Task Assignment: 4-1 2-5 1-4 0-2 3-3
Robot 4 finished At time 70
Time 72
Robots Locations 0-(5,1) 1-(4,8) 2-(8,4) 3-(8,12) 4-(6,11)
Target Locations:  0-(1,11) 1-(3,1) 2-(2,15) 3-(5,8) 4-(9,4) 5-(4,14)
Task Assignment: 2-4 1-3 0-1 4-5 3-2
Robot 2 finished At time 76
Time 78
Robots Locations 0-(3,1) 1-(5,8) 2-(9,4) 3-(6,13) 4-(5,13)
Target Locations:  0-(1,11) 1-(3,1) 2-(2,15) 3-(5,8) 4-(4,14) 5-(8,3)
Task Assignment: 0-1 1-3 4-4 2-5 3-2
Robot 1 finished At time 78
Time 80
Robots Locations 0-(3,1) 1-(5,8) 2-(9,4) 3-(6,13) 4-(5,13)
Target Locations:  0-(1,11) 1-(3,1) 2-(2,15) 3-(4,14) 4-(8,3) 5-(6,12)
Task Assignment: 0-1 3-5 4-3 2-4 1-0
Robot 0 finished At time 82
Time 84
Robots Locations 0-(3,1) 1-(5,8) 2-(9,3) 3-(6,13) 4-(5,13)
Target Locations:  0-(1,11) 1-(2,15) 2-(4,14) 3-(8,3) 4-(6,12) 5-(12,1)
Task Assignment: 2-3 3-4 4-2 1-0 0-5
Robot 4 finished At time 87
Time 89
Robots Locations 0-(4,0) 1-(4,9) 2-(8,3) 3-(6,12) 4-(4,14)
Target Locations:  0-(1,11) 1-(2,15) 2-(8,3) 3-(6,12) 4-(12,1) 5-(8,13)
Task Assignment: 2-2 3-3 4-1 1-0 0-4
Robot 2 finished At time 89
Time 91
Robots Locations 0-(4,0) 1-(4,10) 2-(8,3) 3-(6,12) 4-(4,14)
Target Locations:  0-(1,11) 1-(2,15) 2-(6,12) 3-(12,1) 4-(8,13) 5-(9,1)
Task Assignment: 3-2 2-5 4-1 1-0 0-3
Robot 3 finished At time 92
Time 94
Robots Locations 0-(4,0) 1-(4,10) 2-(8,3) 3-(6,12) 4-(4,14)
Target Locations:  0-(1,11) 1-(2,15) 2-(12,1) 3-(8,13) 4-(9,1) 5-(5,9)
Task Assignment: 1-5 2-4 3-3 4-1 0-2
Robot 4 finished At time 99
Time 101
Robots Locations 0-(7,1) 1-(5,9) 2-(9,1) 3-(8,13) 4-(2,15)
Target Locations:  0-(1,11) 1-(12,1) 2-(8,13) 3-(9,1) 4-(5,9) 5-(15,10)
Task Assignment: 1-4 3-2 2-3 4-0 0-1
Robot 2 finished At time 102
Time 104
Robots Locations 0-(8,1) 1-(5,9) 2-(9,1) 3-(8,13) 4-(1,15)
Target Locations:  0-(1,11) 1-(12,1) 2-(8,13) 3-(5,9) 4-(15,10) 5-(1,3)
Task Assignment: 3-2 1-3 2-1 4-0 0-5
Robot 3 finished At time 105
Time 107
Robots Locations 0-(8,1) 1-(5,9) 2-(9,1) 3-(8,13) 4-(1,15)
Target Locations:  0-(1,11) 1-(12,1) 2-(5,9) 3-(15,10) 4-(1,3) 5-(3,4)
Task Assignment: 1-2 2-1 4-0 0-5 3-3
Robot 1 finished At time 108
Time 110
Robots Locations 0-(8,1) 1-(5,9) 2-(10,1) 3-(8,13) 4-(1,14)
Target Locations:  0-(1,11) 1-(12,1) 2-(15,10) 3-(1,3) 4-(3,4) 5-(12,12)
Task Assignment: 2-1 4-0 3-5 1-4 0-3
Robot 2 finished At time 117
Time 119
Robots Locations 0-(5,2) 1-(4,6) 2-(12,1) 3-(12,12) 4-(1,11)
Target Locations:  0-(1,11) 1-(15,10) 2-(1,3) 3-(3,4) 4-(12,12) 5-(2,14)
Task Assignment: 4-0 3-4 1-3 0-2 2-1
Robot 4 finished At time 120
Time 122
Robots Locations 0-(4,2) 1-(4,5) 2-(12,1) 3-(12,12) 4-(1,11)
Target Locations:  0-(15,10) 1-(1,3) 2-(3,4) 3-(12,12) 4-(2,14) 5-(8,11)
Task Assignment: 3-3 1-2 0-1 4-4 2-0
Robot 3 finished At time 123
Time 125
Robots Locations 0-(3,2) 1-(3,5) 2-(13,2) 3-(12,12) 4-(1,11)
Target Locations:  0-(15,10) 1-(1,3) 2-(3,4) 3-(2,14) 4-(8,11) 5-(12,11)
Task Assignment: 1-2 3-5 0-1 4-3 2-0
Robot 1 finished At time 128
Time 130
Robots Locations 0-(1,3) 1-(3,4) 2-(13,4) 3-(12,11) 4-(2,12)
Target Locations:  0-(15,10) 1-(1,3) 2-(2,14) 3-(8,11) 4-(12,11) 5-(14,15)
Task Assignment: 0-1 3-4 4-2 2-0 1-3
Robot 3 finished At time 132
Time 134
Robots Locations 0-(1,3) 1-(3,3) 2-(13,4) 3-(12,11) 4-(2,12)
Target Locations:  0-(15,10) 1-(1,3) 2-(2,14) 3-(8,11) 4-(14,15) 5-(15,12)
Task Assignment: 0-1 4-2 3-0 2-5 1-3
Robot 0 finished At time 135
Time 137
Robots Locations 0-(1,3) 1-(4,4) 2-(13,5) 3-(12,10) 4-(2,13)
Target Locations:  0-(15,10) 1-(2,14) 2-(8,11) 3-(14,15) 4-(15,12) 5-(15,5)
Task Assignment: 4-1 2-5 3-0 1-2 0-4
Robot 4 finished At time 141
Time 143
Robots Locations 0-(2,4) 1-(5,5) 2-(15,5) 3-(14,10) 4-(2,14)
Target Locations:  0-(15,10) 1-(8,11) 2-(14,15) 3-(15,12) 4-(15,5) 5-(14,14)
Task Assignment: 2-4 3-0 4-1 1-3 0-5
Robot 2 finished At time 144
Time 146
Robots Locations 0-(2,5) 1-(5,6) 2-(15,5) 3-(15,10) 4-(3,14)
Target Locations:  0-(15,10) 1-(8,11) 2-(14,15) 3-(15,12) 4-(14,14) 5-(13,15)
Task Assignment: 3-0 4-1 2-3 1-5 0-4
Robot 3 finished At time 148
Time 150
Robots Locations 0-(3,5) 1-(6,6) 2-(16,5) 3-(15,10) 4-(3,14)
Target Locations:  0-(8,11) 1-(14,15) 2-(15,12) 3-(14,14) 4-(13,15) 5-(15,1)
Task Assignment: 3-2 2-5 1-0 4-4 0-3
Robot 3 finished At time 156
Time 158
Robots Locations 0-(6,8) 1-(7,9) 2-(15,4) 3-(15,12) 4-(7,14)
Target Locations:  0-(8,11) 1-(14,15) 2-(14,14) 3-(13,15) 4-(15,1) 5-(8,9)
Task Assignment: 1-5 3-2 2-4 4-0 0-3
Robot 3 finished At time 164
Time 166
Robots Locations 0-(7,9) 1-(8,9) 2-(15,1) 3-(14,14) 4-(8,11)
Target Locations:  0-(8,11) 1-(14,15) 2-(13,15) 3-(15,1) 4-(8,9) 5-(2,11)
Task Assignment: 4-0 2-3 1-4 3-1 0-5
Robot 1 finished At time 167
Time 169
Robots Locations 0-(7,9) 1-(8,9) 2-(15,1) 3-(14,14) 4-(8,11)
Target Locations:  0-(8,11) 1-(14,15) 2-(13,15) 3-(15,1) 4-(2,11) 5-(8,5)
Task Assignment: 4-0 2-3 3-1 1-5 0-4
Robot 2 finished At time 169
Time 171
Robots Locations 0-(7,9) 1-(8,9) 2-(15,1) 3-(14,14) 4-(8,11)
Target Locations:  0-(8,11) 1-(14,15) 2-(13,15) 3-(2,11) 4-(8,5) 5-(1,13)
Task Assignment: 4-0 3-1 1-4 0-3 2-2
Robot 4 finished At time 173
Time 175
Robots Locations 0-(6,10) 1-(8,8) 2-(14,1) 3-(14,15) 4-(8,11)
Target Locations:  0-(14,15) 1-(13,15) 2-(2,11) 3-(8,5) 4-(1,13) 5-(7,15)
Task Assignment: 3-0 1-3 4-5 0-2 2-1
Robot 3 finished At time 176
Time 178
Robots Locations 0-(5,10) 1-(8,7) 2-(14,1) 3-(14,15) 4-(8,10)
Target Locations:  0-(13,15) 1-(2,11) 2-(8,5) 3-(1,13) 4-(7,15) 5-(3,7)
Task Assignment: 3-0 1-2 0-1 4-4 2-5
Robot 3 finished At time 183
Time 186
Robots Locations 0-(2,11) 1-(8,5) 2-(12,3) 3-(13,15) 4-(7,13)
Target Locations:  0-(2,11) 1-(8,5) 2-(1,13) 3-(7,15) 4-(3,7) 5-(5,14)
Task Assignment: 0-0 1-1 4-3 3-5 2-4
Robot 1 finished At time 186
Time 188
Robots Locations 0-(2,11) 1-(8,5) 2-(12,3) 3-(13,15) 4-(7,13)
Target Locations:  0-(2,11) 1-(1,13) 2-(7,15) 3-(3,7) 4-(5,14) 5-(3,13)
Task Assignment: 0-0 4-2 1-3 3-4 2-5
Robot 0 finished At time 190
Time 192
Robots Locations 0-(2,11) 1-(7,5) 2-(11,4) 3-(11,15) 4-(7,14)
Target Locations:  0-(1,13) 1-(7,15) 2-(3,7) 3-(5,14) 4-(3,13) 5-(13,5)
Task Assignment: 4-1 0-4 2-5 1-2 3-3
Robot 4 finished At time 195
Time 197
Robots Locations 0-(2,12) 1-(5,6) 2-(12,5) 3-(10,14) 4-(7,15)
Target Locations:  0-(1,13) 1-(3,7) 2-(5,14) 3-(3,13) 4-(13,5) 5-(5,11)
Task Assignment: 2-4 0-0 4-2 1-1 3-5
Robot 2 finished At time 202
Time 204
Robots Locations 0-(1,13) 1-(3,7) 2-(13,5) 3-(8,13) 4-(5,14)
Target Locations:  0-(1,13) 1-(3,7) 2-(5,14) 3-(3,13) 4-(5,11)
Task Assignment: 0-0 4-2 1-1 3-4 2-3
Robot 0 finished At time 205
Robot 1 finished At time 206
Robot 4 finished At time 207
Robot 3 finished At time 211
Robot 2 finished At time 268
number of collisions is 193
/mmdr
Time 3
Robots Locations 0-(3,3) 1-(6,6) 2-(9,9) 3-(12,12) 4-(15,15)
Target Locations:  0-(12,6) 1-(14,4) 2-(11,15) 3-(1,11) 4-(15,7) 5-(13,2)
Task Assignment: 0-3 1-0 2-1 3-4 4-2
Robot 4 finished At time 14
Time 17
Robots Locations 0-(2,8) 1-(12,6) 2-(14,4) 3-(15,7) 4-(11,15)
Target Locations:  0-(12,6) 1-(14,4) 2-(1,11) 3-(15,7) 4-(13,2) 5-(4,6)
Task Assignment: 0-5 1-0 2-4 3-1 4-3
Robot 1 finished At time 17
Time 20
Robots Locations 0-(2,8) 1-(12,6) 2-(14,4) 3-(15,7) 4-(11,15)
Target Locations:  0-(14,4) 1-(1,11) 2-(15,7) 3-(13,2) 4-(4,6) 5-(6,11)
Task Assignment: 0-4 1-0 2-3 3-2 4-5
Robot 3 finished At time 25
Time 28
Robots Locations 0-(4,6) 1-(14,4) 2-(13,2) 3-(15,7) 4-(8,13)
Target Locations:  0-(14,4) 1-(1,11) 2-(13,2) 3-(4,6) 4-(6,11) 5-(8,15)
Task Assignment: 0-3 1-0 2-2 3-4 4-5
Robot 2 finished At time 28
Time 31
Robots Locations 0-(4,6) 1-(14,4) 2-(13,2) 3-(15,7) 4-(8,13)
Target Locations:  0-(14,4) 1-(1,11) 2-(4,6) 3-(6,11) 4-(8,15) 5-(11,12)
Task Assignment: 0-1 1-0 2-2 3-5 4-3
Robot 1 finished At time 32
Time 34
Robots Locations 0-(4,6) 1-(14,4) 2-(13,2) 3-(15,6) 4-(8,13)
Target Locations:  0-(1,11) 1-(4,6) 2-(6,11) 3-(8,15) 4-(11,12) 5-(5,6)
Task Assignment: 0-0 1-5 2-1 3-4 4-2
Robot 4 finished At time 40
Time 43
Robots Locations 0-(2,8) 1-(11,4) 2-(9,3) 3-(13,9) 4-(6,11)
Target Locations:  0-(1,11) 1-(4,6) 2-(8,15) 3-(11,12) 4-(5,6) 5-(11,1)
Task Assignment: 0-1 1-5 2-4 3-3 4-2
Robot 1 finished At time 51
Time 53
Robots Locations 0-(4,6) 1-(11,1) 2-(6,6) 3-(11,12) 4-(7,14)
Target Locations:  0-(1,11) 1-(4,6) 2-(8,15) 3-(11,12) 4-(5,6) 5-(10,4)
Task Assignment: 0-1 1-5 2-4 3-3 4-2
Robot 3 finished At time 54
Time 57
Robots Locations 0-(4,6) 1-(11,1) 2-(5,6) 3-(11,12) 4-(7,14)
Target Locations:  0-(1,11) 1-(4,6) 2-(8,15) 3-(5,6) 4-(10,4) 5-(2,6)
Task Assignment: 0-1 1-4 2-3 3-2 4-0
Robot 0 finished At time 58
Time 61
Robots Locations 0-(4,6) 1-(10,1) 2-(5,6) 3-(11,12) 4-(8,15)
Target Locations:  0-(1,11) 1-(8,15) 2-(5,6) 3-(10,4) 4-(2,6) 5-(3,1)
Task Assignment: 0-4 1-3 2-2 3-1 4-0
Robot 2 finished At time 62
Time 65
Robots Locations 0-(4,5) 1-(10,1) 2-(5,6) 3-(10,13) 4-(7,15)
Target Locations:  0-(1,11) 1-(8,15) 2-(10,4) 3-(2,6) 4-(3,1) 5-(9,3)
Task Assignment: 0-4 1-5 2-3 3-1 4-0
Robot 1 finished At time 70
Time 72
Robots Locations 0-(3,3) 1-(9,3) 2-(2,6) 3-(8,15) 4-(4,13)
Target Locations:  0-(1,11) 1-(8,15) 2-(10,4) 3-(2,6) 4-(3,1) 5-(2,15)
Task Assignment: 0-4 1-2 2-3 3-1 4-5
Robot 3 finished At time 74
Time 76
Robots Locations 0-(3,2) 1-(9,4) 2-(2,6) 3-(8,15) 4-(4,13)
Target Locations:  0-(1,11) 1-(10,4) 2-(2,6) 3-(3,1) 4-(2,15) 5-(3,8)
Task Assignment: 0-3 1-1 2-2 3-4 4-0
Robot 2 finished At time 77
Time 79
Robots Locations 0-(3,2) 1-(9,4) 2-(2,6) 3-(8,15) 4-(4,14)
Target Locations:  0-(1,11) 1-(10,4) 2-(3,1) 3-(2,15) 4-(3,8) 5-(5,8)
Task Assignment: 0-2 1-1 2-4 3-3 4-0
Robot 1 finished At time 82
Time 85
Robots Locations 0-(3,1) 1-(10,4) 2-(2,7) 3-(6,15) 4-(2,13)
Target Locations:  0-(1,11) 1-(3,1) 2-(2,15) 3-(3,8) 4-(5,8) 5-(9,4)
Task Assignment: 0-1 1-5 2-3 3-2 4-0
Robot 0 finished At time 85
Time 88
Robots Locations 0-(3,1) 1-(10,4) 2-(2,7) 3-(6,15) 4-(2,13)
Target Locations:  0-(1,11) 1-(2,15) 2-(3,8) 3-(5,8) 4-(9,4) 5-(4,14)
Task Assignment: 0-4 1-3 2-2 3-5 4-0
Robot 2 finished At time 92
Time 94
Robots Locations 0-(5,1) 1-(9,5) 2-(3,8) 3-(4,14) 4-(1,11)
Target Locations:  0-(1,11) 1-(2,15) 2-(5,8) 3-(9,4) 4-(4,14) 5-(8,3)
Task Assignment: 0-5 1-3 2-2 3-4 4-0
Robot 4 finished At time 96
Time 99
Robots Locations 0-(6,2) 1-(8,5) 2-(4,8) 3-(4,14) 4-(1,11)
Target Locations:  0-(2,15) 1-(5,8) 2-(9,4) 3-(4,14) 4-(8,3) 5-(6,12)
Task Assignment: 0-4 1-2 2-1 3-3 4-0
Robot 3 finished At time 99
Time 102
Robots Locations 0-(6,2) 1-(8,5) 2-(4,8) 3-(4,14) 4-(1,11)
Target Locations:  0-(2,15) 1-(5,8) 2-(9,4) 3-(8,3) 4-(6,12) 5-(12,1)
Task Assignment: 0-3 1-2 2-1 3-4 4-0
Robot 2 finished At time 105
Time 108
Robots Locations 0-(8,3) 1-(9,4) 2-(5,8) 3-(5,13) 4-(1,12)
Target Locations:  0-(2,15) 1-(9,4) 2-(8,3) 3-(6,12) 4-(12,1) 5-(8,13)
Task Assignment: 0-2 1-1 2-3 3-5 4-0
Robot 1 finished At time 108
Time 111
Robots Locations 0-(8,3) 1-(9,4) 2-(5,8) 3-(5,13) 4-(1,12)
Target Locations:  0-(2,15) 1-(8,3) 2-(6,12) 3-(12,1) 4-(8,13) 5-(9,1)
Task Assignment: 0-5 1-1 2-2 3-4 4-0
Robot 0 finished At time 117
Time 119
Robots Locations 0-(9,1) 1-(8,3) 2-(6,11) 3-(8,13) 4-(2,15)
Target Locations:  0-(2,15) 1-(8,3) 2-(6,12) 3-(12,1) 4-(8,13) 5-(5,9)
Task Assignment: 0-3 1-1 2-2 3-4 4-0
Robot 4 finished At time 120
Time 123
Robots Locations 0-(9,1) 1-(8,3) 2-(6,12) 3-(8,13) 4-(2,15)
Target Locations:  0-(8,3) 1-(6,12) 2-(12,1) 3-(8,13) 4-(5,9) 5-(15,10)
Task Assignment: 0-2 1-0 2-4 3-3 4-1
Robot 3 finished At time 123
Time 126
Robots Locations 0-(10,1) 1-(8,3) 2-(6,12) 3-(8,13) 4-(2,15)
Target Locations:  0-(8,3) 1-(6,12) 2-(12,1) 3-(5,9) 4-(15,10) 5-(1,3)
Task Assignment: 0-2 1-0 2-3 3-4 4-1
Robot 1 finished At time 126
Time 129
Robots Locations 0-(10,1) 1-(8,3) 2-(6,12) 3-(8,13) 4-(2,15)
Target Locations:  0-(6,12) 1-(12,1) 2-(5,9) 3-(15,10) 4-(1,3) 5-(3,4)
Task Assignment: 0-1 1-5 2-2 3-3 4-0
Robot 0 finished At time 134
Time 136
Robots Locations 0-(12,1) 1-(5,4) 2-(5,10) 3-(11,12) 4-(4,13)
Target Locations:  0-(6,12) 1-(5,9) 2-(15,10) 3-(1,3) 4-(3,4) 5-(12,12)
Task Assignment: 0-2 1-4 2-1 3-5 4-0
Robot 2 finished At time 140
Time 142
Robots Locations 0-(13,3) 1-(3,4) 2-(5,9) 3-(12,12) 4-(6,12)
Target Locations:  0-(6,12) 1-(15,10) 2-(1,3) 3-(3,4) 4-(12,12) 5-(2,14)
Task Assignment: 0-1 1-3 2-0 3-4 4-5
Robot 3 finished At time 143
Time 146
Robots Locations 0-(13,3) 1-(3,4) 2-(5,9) 3-(12,12) 4-(6,12)
Target Locations:  0-(6,12) 1-(15,10) 2-(1,3) 3-(3,4) 4-(2,14) 5-(8,11)
Task Assignment: 0-1 1-3 2-0 3-5 4-4
Robot 1 finished At time 147
Time 149
Robots Locations 0-(13,4) 1-(3,4) 2-(6,9) 3-(12,12) 4-(6,11)
Target Locations:  0-(6,12) 1-(15,10) 2-(1,3) 3-(2,14) 4-(8,11) 5-(12,11)
Task Assignment: 0-1 1-2 2-4 3-5 4-0
Robot 3 finished At time 153
Time 156
Robots Locations 0-(14,6) 1-(1,3) 2-(7,10) 3-(12,11) 4-(6,12)
Target Locations:  0-(6,12) 1-(15,10) 2-(1,3) 3-(2,14) 4-(8,11) 5-(14,15)
Task Assignment: 0-1 1-2 2-4 3-5 4-0
Robot 4 finished At time 158
Time 160
Robots Locations 0-(14,7) 1-(1,3) 2-(8,11) 3-(11,11) 4-(6,12)
Target Locations:  0-(15,10) 1-(1,3) 2-(2,14) 3-(8,11) 4-(14,15) 5-(15,12)
Task Assignment: 0-0 1-1 2-3 3-5 4-2
Robot 1 finished At time 161
Time 163
Robots Locations 0-(14,7) 1-(1,3) 2-(8,11) 3-(11,12) 4-(6,12)
Target Locations:  0-(15,10) 1-(2,14) 2-(8,11) 3-(14,15) 4-(15,12) 5-(15,5)
Task Assignment: 0-5 1-2 2-3 3-0 4-1
Robot 0 finished At time 170
Time 173
Robots Locations 0-(15,5) 1-(2,6) 2-(11,13) 3-(15,10) 4-(3,13)
Target Locations:  0-(15,10) 1-(2,14) 2-(8,11) 3-(14,15) 4-(15,12) 5-(14,14)
Task Assignment: 0-0 1-2 2-3 3-4 4-1
Robot 4 finished At time 178
Time 180
Robots Locations 0-(16,6) 1-(4,7) 2-(14,15) 3-(15,12) 4-(2,14)
Target Locations:  0-(15,10) 1-(8,11) 2-(14,15) 3-(15,12) 4-(14,14) 5-(13,15)
Task Assignment: 0-0 1-1 2-2 3-3 4-5
Robot 3 finished At time 182
Time 184
Robots Locations 0-(15,7) 1-(5,8) 2-(14,15) 3-(15,12) 4-(2,15)
Target Locations:  0-(15,10) 1-(8,11) 2-(14,15) 3-(14,14) 4-(13,15) 5-(15,1)
Task Assignment: 0-0 1-4 2-2 3-3 4-1
Robot 2 finished At time 185
Time 188
Robots Locations 0-(15,8) 1-(5,8) 2-(14,15) 3-(15,12) 4-(3,15)
Target Locations:  0-(15,10) 1-(8,11) 2-(14,14) 3-(13,15) 4-(15,1) 5-(8,9)
Task Assignment: 0-0 1-5 2-3 3-2 4-1
Robot 3 finished At time 193
Time 195
Robots Locations 0-(15,10) 1-(8,9) 2-(13,15) 3-(14,14) 4-(5,13)
Target Locations:  0-(15,10) 1-(8,11) 2-(13,15) 3-(15,1) 4-(8,9) 5-(2,11)
Task Assignment: 0-0 1-4 2-2 3-1 4-5
Robot 0 finished At time 196
Time 198
Robots Locations 0-(15,10) 1-(8,9) 2-(13,15) 3-(14,14) 4-(5,13)
Target Locations:  0-(8,11) 1-(13,15) 2-(15,1) 3-(8,9) 4-(2,11) 5-(8,5)
Task Assignment: 0-3 1-5 2-1 3-0 4-4
Robot 2 finished At time 199
Time 202
Robots Locations 0-(15,10) 1-(8,9) 2-(13,15) 3-(14,14) 4-(5,13)
Target Locations:  0-(8,11) 1-(15,1) 2-(8,9) 3-(2,11) 4-(8,5) 5-(1,13)
Task Assignment: 0-4 1-3 2-0 3-2 4-5
Robot 4 finished At time 211
Time 214
Robots Locations 0-(11,7) 1-(4,10) 2-(9,12) 3-(10,11) 4-(1,13)
Target Locations:  0-(8,11) 1-(15,1) 2-(8,9) 3-(2,11) 4-(8,5) 5-(7,15)
Task Assignment: 0-4 1-0 2-5 3-2 4-3
Robot 3 finished At time 220
Time 222
Robots Locations 0-(8,5) 1-(6,11) 2-(7,14) 3-(8,9) 4-(2,11)
Target Locations:  0-(8,11) 1-(15,1) 2-(2,11) 3-(8,5) 4-(7,15) 5-(3,7)
Task Assignment: 0-3 1-2 2-4 3-0 4-5
Robot 0 finished At time 224
Time 226
Robots Locations 0-(8,5) 1-(7,12) 2-(7,15) 3-(7,9) 4-(2,10)
Target Locations:  0-(8,11) 1-(15,1) 2-(2,11) 3-(7,15) 4-(3,7) 5-(5,14)
Task Assignment: 0-4 1-5 2-3 3-0 4-2
Robot 2 finished At time 228
Time 230
Robots Locations 0-(7,5) 1-(6,12) 2-(7,15) 3-(8,10) 4-(3,10)
Target Locations:  0-(8,11) 1-(15,1) 2-(2,11) 3-(3,7) 4-(5,14) 5-(3,13)
Task Assignment: 0-3 1-5 2-4 3-0 4-2
Robot 3 finished At time 234
Time 236
Robots Locations 0-(5,6) 1-(4,13) 2-(5,14) 3-(8,11) 4-(2,11)
Target Locations:  0-(15,1) 1-(2,11) 2-(3,7) 3-(5,14) 4-(3,13) 5-(13,5)
Task Assignment: 0-2 1-4 2-3 3-5 4-1
Robot 4 finished At time 238
Time 241
Robots Locations 0-(4,6) 1-(3,13) 2-(5,14) 3-(9,11) 4-(2,11)
Target Locations:  0-(15,1) 1-(3,7) 2-(5,14) 3-(3,13) 4-(13,5) 5-(5,11)
Task Assignment: 0-1 1-5 2-2 3-4 4-3
Robot 2 finished At time 242
Time 244
Robots Locations 0-(4,7) 1-(3,13) 2-(5,14) 3-(9,11) 4-(2,11)
Target Locations:  0-(15,1) 1-(3,7) 2-(3,13) 3-(13,5) 4-(5,11)
Task Assignment: 0-3 1-4 2-2 3-0 4-1
Robot 2 finished At time 250
Robot 1 finished At time 251
Robot 4 finished At time 257
Robot 0 finished At time 262
Robot 3 finished At time 264
number of collisions is 20
/mmd_msd2
Time 2
Robots Locations 0-(3,3) 1-(6,5) 2-(9,9) 3-(12,12) 4-(15,15)
Target Locations:  0-(12,6) 1-(14,4) 2-(11,15) 3-(1,11) 4-(15,7) 5-(13,2)
Task Assignment: 0-3 1-5 2-0 3-4 4-2
Robot 2 finished At time 11
Time 13
Robots Locations 0-(2,8) 1-(10,3) 2-(12,6) 3-(14,9) 4-(11,15)
Target Locations:  0-(14,4) 1-(11,15) 2-(1,11) 3-(15,7) 4-(13,2) 5-(4,6)
Task Assignment: 0-5 1-4 2-0 3-3 4-1
Robot 4 finished At time 15
Time 17
Robots Locations 0-(2,8) 1-(11,3) 2-(13,5) 3-(14,8) 4-(11,15)
Target Locations:  0-(14,4) 1-(1,11) 2-(15,7) 3-(13,2) 4-(4,6) 5-(6,11)
Task Assignment: 0-4 1-3 2-0 3-2 4-5
Robot 3 finished At time 22
Time 24
Robots Locations 0-(4,6) 1-(13,2) 2-(14,4) 3-(15,7) 4-(9,14)
Target Locations:  0-(14,4) 1-(1,11) 2-(13,2) 3-(4,6) 4-(6,11) 5-(8,15)
Task Assignment: 0-3 1-2 2-0 3-4 4-5
Robot 1 finished At time 24
Time 26
Robots Locations 0-(4,6) 1-(13,2) 2-(14,4) 3-(15,7) 4-(9,13)
Target Locations:  0-(14,4) 1-(1,11) 2-(4,6) 3-(6,11) 4-(8,15) 5-(11,12)
Task Assignment: 0-1 1-2 2-0 3-5 4-4
Robot 2 finished At time 27
Time 29
Robots Locations 0-(4,6) 1-(13,2) 2-(14,4) 3-(15,7) 4-(9,13)
Target Locations:  0-(1,11) 1-(4,6) 2-(6,11) 3-(8,15) 4-(11,12) 5-(5,6)
Task Assignment: 0-1 1-5 2-4 3-2 4-3
Robot 4 finished At time 34
Time 36
Robots Locations 0-(4,6) 1-(11,3) 2-(14,6) 3-(12,7) 4-(8,15)
Target Locations:  0-(1,11) 1-(4,6) 2-(6,11) 3-(11,12) 4-(5,6) 5-(11,1)
Task Assignment: 0-1 1-4 2-5 3-3 4-2
Robot 0 finished At time 37
Time 39
Robots Locations 0-(4,6) 1-(11,4) 2-(14,6) 3-(12,8) 4-(8,15)
Target Locations:  0-(1,11) 1-(6,11) 2-(11,12) 3-(5,6) 4-(11,1) 5-(10,4)
Task Assignment: 0-3 1-4 2-5 3-2 4-1
Robot 0 finished At time 42
Time 45
Robots Locations 0-(5,6) 1-(11,2) 2-(12,5) 3-(12,9) 4-(7,14)
Target Locations:  0-(1,11) 1-(6,11) 2-(11,12) 3-(11,1) 4-(10,4) 5-(2,6)
Task Assignment: 0-5 1-3 2-4 3-2 4-1
Robot 1 finished At time 48
Time 50
Robots Locations 0-(4,7) 1-(11,1) 2-(11,4) 3-(11,11) 4-(6,12)
Target Locations:  0-(1,11) 1-(6,11) 2-(11,12) 3-(10,4) 4-(2,6) 5-(3,1)
Task Assignment: 0-4 1-5 2-3 3-2 4-1
Robot 3 finished At time 53
Time 56
Robots Locations 0-(2,6) 1-(10,1) 2-(10,4) 3-(11,12) 4-(6,11)
Target Locations:  0-(1,11) 1-(6,11) 2-(10,4) 3-(2,6) 4-(3,1) 5-(9,3)
Task Assignment: 0-3 1-5 2-2 3-1 4-0
Robot 2 finished At time 56
Time 58
Robots Locations 0-(2,6) 1-(10,1) 2-(10,4) 3-(11,12) 4-(6,11)
Target Locations:  0-(1,11) 1-(6,11) 2-(2,6) 3-(3,1) 4-(9,3) 5-(2,15)
Task Assignment: 0-2 1-3 2-4 3-1 4-0
Robot 0 finished At time 60
Time 62
Robots Locations 0-(2,6) 1-(8,1) 2-(9,3) 3-(10,12) 4-(5,11)
Target Locations:  0-(1,11) 1-(6,11) 2-(3,1) 3-(9,3) 4-(2,15) 5-(3,8)
Task Assignment: 0-5 1-2 2-3 3-1 4-0
Robot 2 finished At time 65
Time 67
Robots Locations 0-(2,7) 1-(7,1) 2-(9,3) 3-(9,12) 4-(3,11)
Target Locations:  0-(1,11) 1-(6,11) 2-(3,1) 3-(2,15) 4-(3,8) 5-(5,8)
Task Assignment: 0-4 1-2 2-5 3-1 4-0
Robot 0 finished At time 72
Time 73
Robots Locations 0-(3,8) 1-(4,1) 2-(7,5) 3-(6,11) 4-(1,11)
Target Locations:  0-(1,11) 1-(6,11) 2-(3,1) 3-(2,15) 4-(5,8) 5-(9,4)
Task Assignment: 0-4 1-2 2-5 3-1 4-0
Robot 4 finished At time 75
Time 77
Robots Locations 0-(4,8) 1-(3,1) 2-(8,5) 3-(6,11) 4-(1,11)
Target Locations:  0-(6,11) 1-(3,1) 2-(2,15) 3-(5,8) 4-(9,4) 5-(4,14)
Task Assignment: 0-3 1-1 2-4 3-0 4-2
Robot 3 finished At time 78
Time 80
Robots Locations 0-(4,8) 1-(3,1) 2-(8,5) 3-(6,11) 4-(1,11)
Target Locations:  0-(3,1) 1-(2,15) 2-(5,8) 3-(9,4) 4-(4,14) 5-(8,3)
Task Assignment: 0-2 1-0 2-3 3-4 4-1
Robot 1 finished At time 82
Time 84
Robots Locations 0-(5,8) 1-(3,1) 2-(9,5) 3-(5,12) 4-(1,12)
Target Locations:  0-(2,15) 1-(5,8) 2-(9,4) 3-(4,14) 4-(8,3) 5-(6,12)
Task Assignment: 0-1 1-4 2-2 3-5 4-0
Robot 0 finished At time 85
Time 87
Robots Locations 0-(5,8) 1-(3,1) 2-(9,4) 3-(5,12) 4-(1,13)
Target Locations:  0-(2,15) 1-(9,4) 2-(4,14) 3-(8,3) 4-(6,12) 5-(12,1)
Task Assignment: 0-4 1-3 2-1 3-2 4-0
Robot 2 finished At time 89
Time 91
Robots Locations 0-(6,9) 1-(3,2) 2-(9,4) 3-(5,13) 4-(1,14)
Target Locations:  0-(2,15) 1-(4,14) 2-(8,3) 3-(6,12) 4-(12,1) 5-(8,13)
Task Assignment: 0-3 1-2 2-4 3-1 4-0
Robot 3 finished At time 95
Time 97
Robots Locations 0-(6,11) 1-(6,2) 2-(11,2) 3-(4,14) 4-(2,15)
Target Locations:  0-(2,15) 1-(8,3) 2-(6,12) 3-(12,1) 4-(8,13) 5-(9,1)
Task Assignment: 0-4 1-1 2-3 3-2 4-0
Robot 4 finished At time 97
Time 99
Robots Locations 0-(6,11) 1-(6,2) 2-(11,2) 3-(4,14) 4-(2,15)
Target Locations:  0-(8,3) 1-(6,12) 2-(12,1) 3-(8,13) 4-(9,1) 5-(5,9)
Task Assignment: 0-5 1-0 2-2 3-3 4-1
Robot 2 finished At time 104
Time 106
Robots Locations 0-(6,10) 1-(8,3) 2-(12,1) 3-(5,14) 4-(4,15)
Target Locations:  0-(8,3) 1-(6,12) 2-(8,13) 3-(9,1) 4-(5,9) 5-(15,10)
Task Assignment: 0-4 1-0 2-3 3-2 4-1
Robot 1 finished At time 107
Time 109
Robots Locations 0-(5,9) 1-(8,3) 2-(12,1) 3-(5,14) 4-(4,15)
Target Locations:  0-(6,12) 1-(8,13) 2-(9,1) 3-(5,9) 4-(15,10) 5-(1,3)
Task Assignment: 0-3 1-5 2-2 3-1 4-0
Robot 0 finished At time 112
Time 114
Robots Locations 0-(5,9) 1-(8,4) 2-(11,0) 3-(7,14) 4-(5,13)
Target Locations:  0-(6,12) 1-(8,13) 2-(9,1) 3-(15,10) 4-(1,3) 5-(3,4)
Task Assignment: 0-4 1-5 2-2 3-1 4-0
Robot 3 finished At time 119
Time 120
Robots Locations 0-(4,7) 1-(5,4) 2-(9,1) 3-(8,13) 4-(6,12)
Target Locations:  0-(6,12) 1-(9,1) 2-(15,10) 3-(1,3) 4-(3,4) 5-(12,12)
Task Assignment: 0-4 1-3 2-1 3-5 4-0
Robot 4 finished At time 122
Time 123
Robots Locations 0-(4,7) 1-(5,4) 2-(9,1) 3-(8,13) 4-(6,12)
Target Locations:  0-(9,1) 1-(15,10) 2-(1,3) 3-(3,4) 4-(12,12) 5-(2,14)
Task Assignment: 0-3 1-2 2-0 3-4 4-5
Robot 2 finished At time 124
Time 126
Robots Locations 0-(4,6) 1-(5,4) 2-(9,1) 3-(9,13) 4-(6,12)
Target Locations:  0-(15,10) 1-(1,3) 2-(3,4) 3-(12,12) 4-(2,14) 5-(8,11)
Task Assignment: 0-5 1-1 2-2 3-3 4-4
Robot 3 finished At time 133
Time 136
Robots Locations 0-(6,9) 1-(1,3) 2-(5,3) 3-(12,12) 4-(3,13)
Target Locations:  0-(15,10) 1-(1,3) 2-(3,4) 3-(2,14) 4-(8,11) 5-(12,11)
Task Assignment: 0-4 1-1 2-2 3-5 4-3
Robot 1 finished At time 136
Time 138
Robots Locations 0-(6,9) 1-(1,3) 2-(5,3) 3-(12,12) 4-(3,13)
Target Locations:  0-(15,10) 1-(3,4) 2-(2,14) 3-(8,11) 4-(12,11) 5-(14,15)
Task Assignment: 0-4 1-1 2-3 3-0 4-2
Robot 4 finished At time 142
Time 143
Robots Locations 0-(8,10) 1-(1,4) 2-(5,5) 3-(14,11) 4-(2,14)
Target Locations:  0-(15,10) 1-(3,4) 2-(8,11) 3-(12,11) 4-(14,15) 5-(15,12)
Task Assignment: 0-4 1-1 2-3 3-0 4-2
Robot 3 finished At time 148
Time 150
Robots Locations 0-(10,11) 1-(3,4) 2-(7,7) 3-(15,10) 4-(3,14)
Target Locations:  0-(3,4) 1-(8,11) 2-(12,11) 3-(14,15) 4-(15,12) 5-(15,5)
Task Assignment: 0-3 1-0 2-2 3-4 4-1
Robot 1 finished At time 150
Time 152
Robots Locations 0-(10,12) 1-(3,4) 2-(7,7) 3-(15,10) 4-(4,14)
Target Locations:  0-(8,11) 1-(12,11) 2-(14,15) 3-(15,12) 4-(15,5) 5-(14,14)
Task Assignment: 0-5 1-0 2-4 3-3 4-1
Robot 3 finished At time 159
Time 161
Robots Locations 0-(13,13) 1-(5,7) 2-(10,6) 3-(15,12) 4-(7,13)
Target Locations:  0-(8,11) 1-(12,11) 2-(14,15) 3-(15,5) 4-(14,14) 5-(13,15)
Task Assignment: 0-2 1-0 2-3 3-4 4-1
Robot 0 finished At time 166
Time 168
Robots Locations 0-(14,15) 1-(7,9) 2-(13,5) 3-(14,14) 4-(10,12)
Target Locations:  0-(8,11) 1-(12,11) 2-(15,5) 3-(14,14) 4-(13,15) 5-(15,1)
Task Assignment: 0-4 1-0 2-2 3-3 4-1
Robot 3 finished At time 170
Time 172
Robots Locations 0-(13,16) 1-(7,10) 2-(14,5) 3-(14,14) 4-(10,12)
Target Locations:  0-(8,11) 1-(12,11) 2-(15,5) 3-(13,15) 4-(15,1) 5-(8,9)
Task Assignment: 0-3 1-5 2-2 3-1 4-0
Robot 2 finished At time 176
Time 178
Robots Locations 0-(13,15) 1-(8,9) 2-(15,5) 3-(13,13) 4-(10,11)
Target Locations:  0-(8,11) 1-(12,11) 2-(13,15) 3-(15,1) 4-(8,9) 5-(2,11)
Task Assignment: 0-2 1-4 2-3 3-1 4-0
Robot 1 finished At time 180
Time 182
Robots Locations 0-(13,15) 1-(8,9) 2-(15,4) 3-(13,13) 4-(9,11)
Target Locations:  0-(8,11) 1-(12,11) 2-(13,15) 3-(15,1) 4-(2,11) 5-(8,5)
Task Assignment: 0-2 1-5 2-3 3-1 4-0
Robot 0 finished At time 184
Time 186
Robots Locations 0-(13,15) 1-(8,8) 2-(15,3) 3-(12,12) 4-(8,11)
Target Locations:  0-(8,11) 1-(12,11) 2-(15,1) 3-(2,11) 4-(8,5) 5-(1,13)
Task Assignment: 0-1 1-4 2-2 3-0 4-3
Robot 2 finished At time 192
Time 194
Robots Locations 0-(12,13) 1-(8,5) 2-(15,1) 3-(9,11) 4-(5,11)
Target Locations:  0-(8,11) 1-(12,11) 2-(2,11) 3-(8,5) 4-(1,13) 5-(7,15)
Task Assignment: 0-1 1-0 2-3 3-5 4-2
Robot 0 finished At time 200
Time 202
Robots Locations 0-(12,11) 1-(9,7) 2-(12,2) 3-(8,14) 4-(2,11)
Target Locations:  0-(8,11) 1-(2,11) 2-(8,5) 3-(1,13) 4-(7,15) 5-(3,7)
Task Assignment: 0-0 1-5 2-2 3-4 4-1
Robot 4 finished At time 204
Time 206
Robots Locations 0-(12,11) 1-(8,7) 2-(12,2) 3-(7,14) 4-(2,11)
Target Locations:  0-(8,11) 1-(8,5) 2-(1,13) 3-(7,15) 4-(3,7) 5-(5,14)
Task Assignment: 0-0 1-4 2-1 3-3 4-2
Robot 3 finished At time 209
Time 211
Robots Locations 0-(10,11) 1-(6,7) 2-(10,3) 3-(7,15) 4-(1,12)
Target Locations:  0-(8,11) 1-(8,5) 2-(1,13) 3-(3,7) 4-(5,14) 5-(3,13)
Task Assignment: 0-0 1-3 2-1 3-4 4-2
Robot 4 finished At time 214
Time 216
Robots Locations 0-(8,11) 1-(4,7) 2-(9,4) 3-(6,15) 4-(1,13)
Target Locations:  0-(8,11) 1-(8,5) 2-(3,7) 3-(5,14) 4-(3,13) 5-(13,5)
Task Assignment: 0-0 1-2 2-1 3-3 4-4
Robot 0 finished At time 218
Time 220
Robots Locations 0-(8,11) 1-(3,7) 2-(8,5) 3-(5,14) 4-(2,14)
Target Locations:  0-(8,5) 1-(3,7) 2-(5,14) 3-(3,13) 4-(13,5) 5-(5,11)
Task Assignment: 0-5 1-1 2-0 3-2 4-3
Robot 3 finished At time 222
Time 224
Robots Locations 0-(7,11) 1-(3,7) 2-(8,5) 3-(5,14) 4-(2,13)
Target Locations:  0-(8,5) 1-(3,7) 2-(3,13) 3-(13,5) 4-(5,11)
Task Assignment: 0-1 1-0 2-3 3-4 4-2
Robot 4 finished At time 227
Robot 3 finished At time 231
Robot 0 finished At time 235
Robot 2 finished At time 235
Robot 1 finished At time 236
number of collisions is 28
