Goals: (4,1) (1,1) (4,10) (7,4) (11,6) (2,6) (11,1) (10,5) (12,15) (6,3) (5,3) (10,6) (1,8) (12,14) (6,14) (14,15) (9,6) (2,10) (15,7) (12,12) (12,1) (13,7) (6,6) (4,11) (9,5) (12,13) (3,9) (15,15) (5,6) (12,5) (11,4) (5,13) (4,4) (15,4) (12,8) (9,9) (9,12) (14,1) (12,4) (1,7) (8,1) (15,11) (8,7) (14,5) (2,13) (1,3) (14,12) (4,15) (3,10) (10,10)
/MURDOCH
Time 2
Robots Locations 0-(3,2) 1-(5,6) 2-(9,9) 3-(12,12) 4-(15,15)
Target Locations:  0-(10,10) 1-(3,10) 2-(4,15) 3-(14,12) 4-(1,3) 5-(2,13)
Task Assignment: 2-0 1-1 3-3 0-2 4-5
Robot 3 finished At time 7
Time 9
Robots Locations 0-(4,4) 1-(4,8) 2-(10,10) 3-(14,12) 4-(14,16)
Target Locations:  0-(10,10) 1-(3,10) 2-(4,15) 3-(1,3) 4-(2,13) 5-(14,5)
Task Assignment: 2-0 1-1 0-2 4-4 3-5
Robot 2 finished At time 11
Time 13
Robots Locations 0-(4,4) 1-(4,9) 2-(10,10) 3-(14,12) 4-(13,15)
Target Locations:  0-(3,10) 1-(4,15) 2-(1,3) 3-(2,13) 4-(14,5) 5-(8,7)
Task Assignment: 1-0 0-1 4-3 3-4 2-5
Robot 1 finished At time 17
Time 19
Robots Locations 0-(4,7) 1-(3,10) 2-(9,8) 3-(14,9) 4-(11,15)
Target Locations:  0-(4,15) 1-(1,3) 2-(2,13) 3-(14,5) 4-(8,7) 5-(15,11)
Task Assignment: 0-0 4-2 3-3 2-4 1-1
Robot 2 finished At time 24
Time 26
Robots Locations 0-(4,10) 1-(2,8) 2-(8,7) 3-(14,7) 4-(8,14)
Target Locations:  0-(4,15) 1-(1,3) 2-(2,13) 3-(14,5) 4-(15,11) 5-(8,1)
Task Assignment: 0-0 4-2 3-3 1-1 2-5
Robot 3 finished At time 31
Time 33
Robots Locations 0-(4,12) 1-(1,6) 2-(8,4) 3-(14,5) 4-(5,14)
Target Locations:  0-(4,15) 1-(1,3) 2-(2,13) 3-(15,11) 4-(8,1) 5-(1,7)
Task Assignment: 0-0 4-2 1-1 2-4 3-3
Robot 1 finished At time 39
Time 41
Robots Locations 0-(4,15) 1-(1,3) 2-(8,1) 3-(15,7) 4-(3,13)
Target Locations:  0-(4,15) 1-(2,13) 2-(15,11) 3-(8,1) 4-(1,7) 5-(12,4)
Task Assignment: 0-0 4-1 2-3 3-2 1-4
Robot 0 finished At time 42
Time 44
Robots Locations 0-(4,15) 1-(1,3) 2-(8,1) 3-(15,7) 4-(3,13)
Target Locations:  0-(2,13) 1-(15,11) 2-(8,1) 3-(1,7) 4-(12,4) 5-(14,1)
Task Assignment: 4-0 2-2 3-1 1-3 0-4
Robot 2 finished At time 46
Time 48
Robots Locations 0-(5,15) 1-(0,3) 2-(8,1) 3-(15,8) 4-(2,13)
Target Locations:  0-(2,13) 1-(15,11) 2-(1,7) 3-(12,4) 4-(14,1) 5-(9,12)
Task Assignment: 4-0 3-1 1-2 0-3 2-4
Robot 4 finished At time 50
Time 52
Robots Locations 0-(5,14) 1-(0,4) 2-(9,1) 3-(15,9) 4-(2,13)
Target Locations:  0-(15,11) 1-(1,7) 2-(12,4) 3-(14,1) 4-(9,12) 5-(9,9)
Task Assignment: 3-0 1-1 0-2 2-3 4-4
Robot 3 finished At time 56
Time 58
Robots Locations 0-(7,12) 1-(1,7) 2-(12,1) 3-(15,11) 4-(3,12)
Target Locations:  0-(1,7) 1-(12,4) 2-(14,1) 3-(9,12) 4-(9,9) 5-(12,8)
Task Assignment: 1-0 0-1 2-2 4-3 3-5
Robot 1 finished At time 61
Time 63
Robots Locations 0-(7,11) 1-(1,7) 2-(13,1) 3-(14,11) 4-(4,12)
Target Locations:  0-(12,4) 1-(14,1) 2-(9,12) 3-(9,9) 4-(12,8) 5-(15,4)
Task Assignment: 0-0 2-1 4-2 3-4 1-3
Robot 2 finished At time 67
Time 69
Robots Locations 0-(9,9) 1-(3,8) 2-(14,1) 3-(13,9) 4-(6,12)
Target Locations:  0-(12,4) 1-(9,12) 2-(9,9) 3-(12,8) 4-(15,4) 5-(4,4)
Task Assignment: 0-0 4-1 3-3 1-2 2-4
Robot 3 finished At time 74
Time 76
Robots Locations 0-(10,7) 1-(6,8) 2-(15,3) 3-(12,8) 4-(9,12)
Target Locations:  0-(12,4) 1-(9,12) 2-(9,9) 3-(15,4) 4-(4,4) 5-(5,13)
Task Assignment: 0-0 4-1 1-2 2-3 3-5
Robot 4 finished At time 77
Time 79
Robots Locations 0-(11,6) 1-(6,8) 2-(15,4) 3-(11,8) 4-(9,12)
Target Locations:  0-(12,4) 1-(9,9) 2-(15,4) 3-(4,4) 4-(5,13) 5-(11,4)
Task Assignment: 0-0 1-1 2-2 3-4 4-5
Robot 2 finished At time 81
Time 83
Robots Locations 0-(11,5) 1-(7,9) 2-(15,4) 3-(11,9) 4-(10,11)
Target Locations:  0-(12,4) 1-(9,9) 2-(4,4) 3-(5,13) 4-(11,4) 5-(12,5)
Task Assignment: 0-0 1-1 3-3 4-4 2-5
Robot 0 finished At time 88
Time 90
Robots Locations 0-(12,4) 1-(9,9) 2-(13,5) 3-(10,9) 4-(10,10)
Target Locations:  0-(9,9) 1-(4,4) 2-(5,13) 3-(11,4) 4-(12,5) 5-(5,6)
Task Assignment: 1-0 3-2 4-3 2-4 0-5
Robot 2 finished At time 94
Time 96
Robots Locations 0-(11,4) 1-(9,9) 2-(12,5) 3-(9,9) 4-(11,8)
Target Locations:  0-(9,9) 1-(4,4) 2-(5,13) 3-(11,4) 4-(5,6) 5-(15,15)
Task Assignment: 1-0 3-2 4-3 0-4 2-1
Robot 1 finished At time 101
Time 103
Robots Locations 0-(8,5) 1-(9,9) 2-(10,5) 3-(7,10) 4-(11,6)
Target Locations:  0-(4,4) 1-(5,13) 2-(11,4) 3-(5,6) 4-(15,15) 5-(3,9)
Task Assignment: 3-1 4-2 0-3 2-0 1-5
Robot 4 finished At time 108
Time 110
Robots Locations 0-(6,6) 1-(6,9) 2-(7,4) 3-(5,13) 4-(11,4)
Target Locations:  0-(4,4) 1-(5,13) 2-(5,6) 3-(15,15) 4-(3,9) 5-(12,13)
Task Assignment: 3-1 0-2 2-0 1-4 4-5
Robot 3 finished At time 113
Time 115
Robots Locations 0-(5,6) 1-(5,9) 2-(5,4) 3-(5,13) 4-(12,4)
Target Locations:  0-(4,4) 1-(5,6) 2-(15,15) 3-(3,9) 4-(12,13) 5-(9,5)
Task Assignment: 0-1 2-0 1-3 4-4 3-5
Robot 0 finished At time 116
Time 117
Robots Locations 0-(5,6) 1-(5,9) 2-(5,4) 3-(5,13) 4-(12,4)
Target Locations:  0-(4,4) 1-(15,15) 2-(3,9) 3-(12,13) 4-(9,5) 5-(4,11)
Task Assignment: 2-0 1-2 4-3 3-4 0-5
Robot 2 finished At time 121
Time 123
Robots Locations 0-(5,8) 1-(3,9) 2-(4,4) 3-(5,12) 4-(12,6)
Target Locations:  0-(15,15) 1-(3,9) 2-(12,13) 3-(9,5) 4-(4,11) 5-(6,6)
Task Assignment: 1-1 4-2 3-3 0-4 2-5
Robot 1 finished At time 123
Time 125
Robots Locations 0-(4,8) 1-(3,9) 2-(4,4) 3-(5,12) 4-(12,7)
Target Locations:  0-(15,15) 1-(12,13) 2-(9,5) 3-(4,11) 4-(6,6) 5-(13,7)
Task Assignment: 4-1 3-2 0-3 2-4 1-5
Robot 0 finished At time 132
Time 134
Robots Locations 0-(4,11) 1-(5,8) 2-(6,6) 3-(7,8) 4-(12,10)
Target Locations:  0-(15,15) 1-(12,13) 2-(9,5) 3-(6,6) 4-(13,7) 5-(12,1)
Task Assignment: 4-1 3-2 2-3 1-4 0-0
Robot 2 finished At time 135
Time 137
Robots Locations 0-(4,12) 1-(6,8) 2-(6,6) 3-(7,8) 4-(12,11)
Target Locations:  0-(15,15) 1-(12,13) 2-(9,5) 3-(13,7) 4-(12,1) 5-(12,12)
Task Assignment: 4-1 3-2 1-3 0-0 2-4
Robot 4 finished At time 143
Time 145
Robots Locations 0-(7,12) 1-(9,8) 2-(8,4) 3-(9,5) 4-(12,13)
Target Locations:  0-(15,15) 1-(9,5) 2-(13,7) 3-(12,1) 4-(12,12) 5-(15,7)
Task Assignment: 3-1 1-2 0-0 2-3 4-4
Robot 3 finished At time 148
Time 150
Robots Locations 0-(9,13) 1-(10,7) 2-(9,3) 3-(9,5) 4-(13,13)
Target Locations:  0-(15,15) 1-(13,7) 2-(12,1) 3-(12,12) 4-(15,7) 5-(2,10)
Task Assignment: 1-1 0-0 2-2 4-3 3-4
Robot 4 finished At time 154
Time 156
Robots Locations 0-(11,14) 1-(13,7) 2-(11,2) 3-(11,5) 4-(12,12)
Target Locations:  0-(15,15) 1-(13,7) 2-(12,1) 3-(15,7) 4-(2,10) 5-(9,6)
Task Assignment: 1-1 0-0 2-2 3-3 4-5
Robot 1 finished At time 159
Time 160
Robots Locations 0-(12,14) 1-(13,7) 2-(12,1) 3-(12,6) 4-(11,11)
Target Locations:  0-(15,15) 1-(12,1) 2-(15,7) 3-(2,10) 4-(9,6) 5-(14,15)
Task Assignment: 0-0 2-1 3-2 4-4 1-5
Robot 2 finished At time 162
Time 164
Robots Locations 0-(13,14) 1-(14,7) 2-(12,1) 3-(13,6) 4-(11,10)
Target Locations:  0-(15,15) 1-(15,7) 2-(2,10) 3-(9,6) 4-(14,15) 5-(6,14)
Task Assignment: 0-0 3-1 4-3 1-4 2-2
Robot 0 finished At time 169
Time 171
Robots Locations 0-(15,15) 1-(14,10) 2-(12,2) 3-(15,7) 4-(10,8)
Target Locations:  0-(15,7) 1-(2,10) 2-(9,6) 3-(14,15) 4-(6,14) 5-(12,14)
Task Assignment: 3-0 4-2 1-3 2-1 0-5
Robot 3 finished At time 173
Time 175
Robots Locations 0-(16,15) 1-(14,11) 2-(11,3) 3-(15,7) 4-(9,7)
Target Locations:  0-(2,10) 1-(9,6) 2-(14,15) 3-(6,14) 4-(12,14) 5-(1,8)
Task Assignment: 4-1 1-2 2-0 0-4 3-3
Robot 4 finished At time 179
Time 181
Robots Locations 0-(14,14) 1-(14,13) 2-(9,4) 3-(14,8) 4-(9,6)
Target Locations:  0-(2,10) 1-(14,15) 2-(6,14) 3-(12,14) 4-(1,8) 5-(10,6)
Task Assignment: 1-1 2-0 0-3 3-2 4-5
Robot 0 finished At time 185
Time 187
Robots Locations 0-(12,14) 1-(14,14) 2-(7,6) 3-(12,10) 4-(10,6)
Target Locations:  0-(2,10) 1-(14,15) 2-(6,14) 3-(1,8) 4-(10,6) 5-(5,3)
Task Assignment: 1-1 2-0 3-2 4-4 0-3
Robot 4 finished At time 188
Time 190
Robots Locations 0-(12,14) 1-(14,15) 2-(7,6) 3-(12,10) 4-(10,6)
Target Locations:  0-(2,10) 1-(14,15) 2-(6,14) 3-(1,8) 4-(5,3) 5-(6,3)
Task Assignment: 1-1 2-0 3-2 0-3 4-5
Robot 1 finished At time 192
Time 194
Robots Locations 0-(11,13) 1-(14,15) 2-(6,7) 3-(11,11) 4-(9,7)
Target Locations:  0-(2,10) 1-(6,14) 2-(1,8) 3-(5,3) 4-(6,3) 5-(12,15)
Task Assignment: 2-0 3-1 0-2 4-4 1-5
Robot 1 finished At time 201
Time 203
Robots Locations 0-(7,11) 1-(12,15) 2-(3,9) 3-(9,11) 4-(7,4)
Target Locations:  0-(2,10) 1-(6,14) 2-(1,8) 3-(5,3) 4-(6,3) 5-(10,5)
Task Assignment: 2-0 3-1 0-2 4-4 1-5
Robot 4 finished At time 208
Time 210
Robots Locations 0-(5,10) 1-(11,13) 2-(2,10) 3-(7,13) 4-(6,3)
Target Locations:  0-(2,10) 1-(6,14) 2-(1,8) 3-(5,3) 4-(10,5) 5-(11,1)
Task Assignment: 2-0 3-1 0-2 1-4 4-3
Robot 2 finished At time 211
Time 213
Robots Locations 0-(5,10) 1-(11,13) 2-(2,10) 3-(7,13) 4-(6,3)
Target Locations:  0-(6,14) 1-(1,8) 2-(5,3) 3-(10,5) 4-(11,1) 5-(2,6)
Task Assignment: 3-0 0-1 1-3 4-2 2-5
Robot 4 finished At time 216
Time 218
Robots Locations 0-(3,9) 1-(11,11) 2-(1,9) 3-(6,14) 4-(5,3)
Target Locations:  0-(6,14) 1-(1,8) 2-(10,5) 3-(11,1) 4-(2,6) 5-(11,6)
Task Assignment: 3-0 0-1 1-2 2-4 4-3
Robot 3 finished At time 218
Time 220
Robots Locations 0-(3,9) 1-(11,10) 2-(1,9) 3-(6,14) 4-(5,3)
Target Locations:  0-(1,8) 1-(10,5) 2-(11,1) 3-(2,6) 4-(11,6) 5-(7,4)
Task Assignment: 0-0 1-1 2-3 4-2 3-4
Robot 2 finished At time 227
Time 229
Robots Locations 0-(1,8) 1-(10,7) 2-(2,6) 3-(7,12) 4-(7,2)
Target Locations:  0-(1,8) 1-(10,5) 2-(11,1) 3-(11,6) 4-(7,4) 5-(4,10)
Task Assignment: 0-0 1-1 4-2 3-3 2-5
Robot 0 finished At time 229
Time 232
Robots Locations 0-(1,8) 1-(10,7) 2-(2,6) 3-(7,12) 4-(7,2)
Target Locations:  0-(10,5) 1-(11,1) 2-(11,6) 3-(7,4) 4-(4,10) 5-(1,1)
Task Assignment: 1-0 4-1 3-2 2-4 0-5
Robot 1 finished At time 236
Time 238
Robots Locations 0-(1,5) 1-(10,5) 2-(3,7) 3-(8,9) 4-(10,1)
Target Locations:  0-(11,1) 1-(11,6) 2-(7,4) 3-(4,10) 4-(1,1) 5-(4,1)
Task Assignment: 4-0 3-1 2-3 0-4 1-2
Robot 4 finished At time 243
Time 245
Robots Locations 0-(1,3) 1-(8,4) 2-(4,10) 3-(10,8) 4-(11,1)
Target Locations:  0-(11,6) 1-(7,4) 2-(4,10) 3-(1,1) 4-(4,1)
Task Assignment: 3-0 2-2 0-3 1-1 4-4
Robot 2 finished At time 248
Robot 1 finished At time 249
Robot 0 finished At time 250
Robot 3 finished At time 250
Robot 4 finished At time 259
number of collisions is 125
/BLE
Time 3
Robots Locations 0-(3,4) 1-(6,7) 2-(10,9) 3-(12,13) 4-(15,15)
Target Locations:  0-(10,10) 1-(3,10) 2-(4,15) 3-(14,12) 4-(1,3) 5-(2,13)
Task Assignment: 2-0 3-3 0-4 1-1 4-2
Robot 2 finished At time 8
Time 10
Robots Locations 0-(1,3) 1-(4,9) 2-(10,10) 3-(14,12) 4-(13,16)
Target Locations:  0-(3,10) 1-(4,15) 2-(14,12) 3-(1,3) 4-(2,13) 5-(14,5)
Task Assignment: 0-3 3-2 1-0 2-5 4-1
Robot 3 finished At time 12
Time 14
Robots Locations 0-(1,3) 1-(3,10) 2-(10,11) 3-(14,12) 4-(12,16)
Target Locations:  0-(3,10) 1-(4,15) 2-(1,3) 3-(2,13) 4-(14,5) 5-(8,7)
Task Assignment: 0-2 1-0 2-5 3-4 4-1
Robot 0 finished At time 15
Time 16
Robots Locations 0-(1,3) 1-(3,10) 2-(10,11) 3-(14,12) 4-(12,16)
Target Locations:  0-(3,10) 1-(4,15) 2-(2,13) 3-(14,5) 4-(8,7) 5-(15,11)
Task Assignment: 1-0 3-5 2-4 4-1 0-2
Robot 1 finished At time 19
Time 21
Robots Locations 0-(0,3) 1-(3,10) 2-(11,10) 3-(15,11) 4-(10,15)
Target Locations:  0-(4,15) 1-(2,13) 2-(14,5) 3-(8,7) 4-(15,11) 5-(8,1)
Task Assignment: 3-4 1-1 2-3 4-0 0-5
Robot 3 finished At time 23
Time 25
Robots Locations 0-(1,3) 1-(3,11) 2-(10,9) 3-(15,11) 4-(9,15)
Target Locations:  0-(4,15) 1-(2,13) 2-(14,5) 3-(8,7) 4-(8,1) 5-(1,7)
Task Assignment: 1-1 2-3 0-5 4-0 3-2
Robot 1 finished At time 31
Time 33
Robots Locations 0-(1,6) 1-(2,13) 2-(8,7) 3-(15,8) 4-(6,15)
Target Locations:  0-(4,15) 1-(14,5) 2-(8,7) 3-(8,1) 4-(1,7) 5-(12,4)
Task Assignment: 2-2 0-4 4-0 3-1 1-3
Robot 2 finished At time 34
Time 36
Robots Locations 0-(1,7) 1-(2,14) 2-(8,7) 3-(15,8) 4-(6,15)
Target Locations:  0-(4,15) 1-(14,5) 2-(8,1) 3-(1,7) 4-(12,4) 5-(14,1)
Task Assignment: 0-3 4-0 3-1 2-4 1-2
Robot 0 finished At time 38
Time 40
Robots Locations 0-(1,7) 1-(3,13) 2-(8,6) 3-(14,6) 4-(4,15)
Target Locations:  0-(4,15) 1-(14,5) 2-(8,1) 3-(12,4) 4-(14,1) 5-(9,12)
Task Assignment: 4-0 3-1 2-3 1-5 0-2
Robot 4 finished At time 42
Time 44
Robots Locations 0-(2,7) 1-(4,12) 2-(9,6) 3-(14,5) 4-(4,15)
Target Locations:  0-(14,5) 1-(8,1) 2-(12,4) 3-(14,1) 4-(9,12) 5-(9,9)
Task Assignment: 3-0 2-5 1-4 0-1 4-2
Robot 3 finished At time 47
Time 49
Robots Locations 0-(3,6) 1-(5,12) 2-(10,6) 3-(14,5) 4-(4,14)
Target Locations:  0-(8,1) 1-(12,4) 2-(14,1) 3-(9,12) 4-(9,9) 5-(12,8)
Task Assignment: 3-1 2-5 1-3 0-4 4-0
Robot 3 finished At time 55
Time 57
Robots Locations 0-(6,8) 1-(9,12) 2-(12,8) 3-(12,4) 4-(5,11)
Target Locations:  0-(8,1) 1-(14,1) 2-(9,12) 3-(9,9) 4-(12,8) 5-(15,4)
Task Assignment: 2-4 1-2 3-5 0-3 4-0
Robot 2 finished At time 58
Time 60
Robots Locations 0-(6,8) 1-(9,12) 2-(12,8) 3-(12,4) 4-(5,11)
Target Locations:  0-(8,1) 1-(14,1) 2-(9,12) 3-(9,9) 4-(15,4) 5-(4,4)
Task Assignment: 1-2 3-4 0-3 4-5 2-1
Robot 1 finished At time 62
Time 64
Robots Locations 0-(7,8) 1-(9,12) 2-(13,8) 3-(12,3) 4-(5,10)
Target Locations:  0-(8,1) 1-(14,1) 2-(9,9) 3-(15,4) 4-(4,4) 5-(5,13)
Task Assignment: 0-2 3-1 4-5 2-3 1-4
Robot 0 finished At time 69
Time 71
Robots Locations 0-(9,9) 1-(8,10) 2-(14,6) 3-(14,1) 4-(5,11)
Target Locations:  0-(8,1) 1-(14,1) 2-(15,4) 3-(4,4) 4-(5,13) 5-(11,4)
Task Assignment: 3-1 4-4 2-2 0-5 1-3
Robot 3 finished At time 74
Time 76
Robots Locations 0-(10,8) 1-(8,9) 2-(15,4) 3-(14,1) 4-(5,12)
Target Locations:  0-(8,1) 1-(15,4) 2-(4,4) 3-(5,13) 4-(11,4) 5-(12,5)
Task Assignment: 2-1 4-3 0-5 3-4 1-2
Robot 2 finished At time 78
Time 81
Robots Locations 0-(11,7) 1-(7,8) 2-(15,4) 3-(13,1) 4-(5,13)
Target Locations:  0-(8,1) 1-(4,4) 2-(5,13) 3-(11,4) 4-(12,5) 5-(5,6)
Task Assignment: 4-2 0-4 1-5 3-3 2-0
Robot 4 finished At time 82
Time 83
Robots Locations 0-(11,7) 1-(6,7) 2-(15,4) 3-(13,1) 4-(5,13)
Target Locations:  0-(8,1) 1-(4,4) 2-(11,4) 3-(12,5) 4-(5,6) 5-(15,15)
Task Assignment: 1-4 0-3 3-2 2-0 4-1
Robot 0 finished At time 88
Time 90
Robots Locations 0-(12,5) 1-(5,6) 2-(13,3) 3-(11,3) 4-(4,12)
Target Locations:  0-(8,1) 1-(4,4) 2-(11,4) 3-(5,6) 4-(15,15) 5-(3,9)
Task Assignment: 1-3 3-2 4-5 2-0 0-1
Robot 1 finished At time 91
Time 93
Robots Locations 0-(12,5) 1-(5,6) 2-(12,3) 3-(11,4) 4-(4,11)
Target Locations:  0-(8,1) 1-(4,4) 2-(11,4) 3-(15,15) 4-(3,9) 5-(12,13)
Task Assignment: 3-2 4-4 1-1 2-0 0-5
Robot 3 finished At time 96
Time 98
Robots Locations 0-(12,4) 1-(4,5) 2-(11,2) 3-(11,4) 4-(3,10)
Target Locations:  0-(8,1) 1-(4,4) 2-(15,15) 3-(3,9) 4-(12,13) 5-(9,5)
Task Assignment: 4-3 1-1 3-5 2-0 0-4
Robot 1 finished At time 101
Time 103
Robots Locations 0-(13,5) 1-(4,4) 2-(9,1) 3-(10,5) 4-(3,9)
Target Locations:  0-(8,1) 1-(15,15) 2-(3,9) 3-(12,13) 4-(9,5) 5-(4,11)
Task Assignment: 4-2 3-4 2-0 1-5 0-3
Robot 4 finished At time 104
Time 105
Robots Locations 0-(13,6) 1-(4,4) 2-(9,1) 3-(9,5) 4-(3,9)
Target Locations:  0-(8,1) 1-(15,15) 2-(12,13) 3-(9,5) 4-(4,11) 5-(6,6)
Task Assignment: 3-3 2-0 4-4 1-5 0-2
Robot 3 finished At time 108
Time 110
Robots Locations 0-(13,7) 1-(3,4) 2-(8,1) 3-(9,5) 4-(4,9)
Target Locations:  0-(8,1) 1-(15,15) 2-(12,13) 3-(4,11) 4-(6,6) 5-(13,7)
Task Assignment: 0-5 2-0 4-3 3-4 1-2
Robot 2 finished At time 111
Time 114
Robots Locations 0-(13,8) 1-(4,5) 2-(8,1) 3-(8,5) 4-(4,9)
Target Locations:  0-(15,15) 1-(12,13) 2-(4,11) 3-(6,6) 4-(13,7) 5-(12,1)
Task Assignment: 0-4 4-2 1-3 2-5 3-1
Robot 0 finished At time 117
Time 119
Robots Locations 0-(13,7) 1-(6,6) 2-(9,0) 3-(9,7) 4-(4,11)
Target Locations:  0-(15,15) 1-(12,13) 2-(4,11) 3-(6,6) 4-(12,1) 5-(12,12)
Task Assignment: 1-3 4-2 2-4 0-5 3-1
Robot 4 finished At time 121
Time 123
Robots Locations 0-(12,7) 1-(6,6) 2-(10,0) 3-(9,8) 4-(4,11)
Target Locations:  0-(15,15) 1-(12,13) 2-(6,6) 3-(12,1) 4-(12,12) 5-(15,7)
Task Assignment: 1-2 2-3 0-5 3-4 4-1
Robot 1 finished At time 124
Time 126
Robots Locations 0-(12,8) 1-(6,6) 2-(10,1) 3-(9,8) 4-(4,11)
Target Locations:  0-(15,15) 1-(12,13) 2-(12,1) 3-(12,12) 4-(15,7) 5-(2,10)
Task Assignment: 2-2 4-5 0-4 3-3 1-1
Robot 2 finished At time 131
Time 133
Robots Locations 0-(15,7) 1-(8,8) 2-(12,1) 3-(11,10) 4-(3,10)
Target Locations:  0-(15,15) 1-(12,13) 2-(12,12) 3-(15,7) 4-(2,10) 5-(9,6)
Task Assignment: 0-3 4-4 3-2 1-5 2-1
Robot 0 finished At time 134
Time 136
Robots Locations 0-(15,7) 1-(8,8) 2-(12,2) 3-(11,11) 4-(3,10)
Target Locations:  0-(15,15) 1-(12,13) 2-(12,12) 3-(2,10) 4-(9,6) 5-(14,15)
Task Assignment: 4-3 3-2 1-4 0-1 2-5
Robot 4 finished At time 139
Time 142
Robots Locations 0-(15,8) 1-(9,7) 2-(13,3) 3-(12,12) 4-(2,10)
Target Locations:  0-(15,15) 1-(12,13) 2-(12,12) 3-(9,6) 4-(14,15) 5-(6,14)
Task Assignment: 3-2 1-3 4-5 0-1 2-4
Robot 3 finished At time 143
Time 145
Robots Locations 0-(15,9) 1-(9,6) 2-(13,4) 3-(12,12) 4-(1,10)
Target Locations:  0-(15,15) 1-(12,13) 2-(9,6) 3-(14,15) 4-(6,14) 5-(12,14)
Task Assignment: 1-2 3-1 0-5 4-4 2-3
Robot 1 finished At time 147
Time 149
Robots Locations 0-(14,10) 1-(9,6) 2-(13,5) 3-(12,13) 4-(2,11)
Target Locations:  0-(15,15) 1-(12,13) 2-(14,15) 3-(6,14) 4-(12,14) 5-(1,8)
Task Assignment: 3-1 4-5 0-4 1-3 2-2
Robot 3 finished At time 151
Time 153
Robots Locations 0-(14,11) 1-(8,5) 2-(13,6) 3-(12,13) 4-(3,11)
Target Locations:  0-(15,15) 1-(14,15) 2-(6,14) 3-(12,14) 4-(1,8) 5-(10,6)
Task Assignment: 3-3 1-5 4-4 0-1 2-0
Robot 3 finished At time 157
Time 159
Robots Locations 0-(14,13) 1-(9,6) 2-(13,8) 3-(12,14) 4-(2,9)
Target Locations:  0-(15,15) 1-(14,15) 2-(6,14) 3-(1,8) 4-(10,6) 5-(5,3)
Task Assignment: 1-4 4-3 0-1 3-0 2-2
Robot 1 finished At time 162
Time 164
Robots Locations 0-(14,14) 1-(10,6) 2-(12,9) 3-(13,15) 4-(1,8)
Target Locations:  0-(15,15) 1-(14,15) 2-(6,14) 3-(1,8) 4-(5,3) 5-(6,3)
Task Assignment: 4-3 0-1 3-0 1-5 2-2
Robot 4 finished At time 165
Time 167
Robots Locations 0-(14,15) 1-(10,6) 2-(12,9) 3-(13,15) 4-(1,8)
Target Locations:  0-(15,15) 1-(14,15) 2-(6,14) 3-(5,3) 4-(6,3) 5-(12,15)
Task Assignment: 0-1 3-5 1-4 4-3 2-0
Robot 0 finished At time 169
Time 171
Robots Locations 0-(14,15) 1-(10,5) 2-(12,10) 3-(12,15) 4-(1,7)
Target Locations:  0-(15,15) 1-(6,14) 2-(5,3) 3-(6,3) 4-(12,15) 5-(10,5)
Task Assignment: 1-5 3-4 0-0 4-2 2-1
Robot 3 finished At time 174
Time 176
Robots Locations 0-(15,15) 1-(10,5) 2-(11,11) 3-(12,15) 4-(2,6)
Target Locations:  0-(15,15) 1-(6,14) 2-(5,3) 3-(6,3) 4-(10,5) 5-(11,1)
Task Assignment: 1-4 0-0 4-2 2-1 3-3
Robot 0 finished At time 177
Time 179
Robots Locations 0-(15,15) 1-(10,5) 2-(11,11) 3-(12,15) 4-(3,6)
Target Locations:  0-(6,14) 1-(5,3) 2-(6,3) 3-(10,5) 4-(11,1) 5-(2,6)
Task Assignment: 1-3 4-5 2-0 3-2 0-4
Robot 1 finished At time 180
Time 182
Robots Locations 0-(15,15) 1-(10,5) 2-(10,12) 3-(11,14) 4-(3,5)
Target Locations:  0-(6,14) 1-(5,3) 2-(6,3) 3-(11,1) 4-(2,6) 5-(11,6)
Task Assignment: 4-4 1-5 2-0 3-2 0-3
Robot 1 finished At time 187
Time 188
Robots Locations 0-(14,12) 1-(11,6) 2-(8,13) 3-(10,12) 4-(2,6)
Target Locations:  0-(6,14) 1-(5,3) 2-(6,3) 3-(11,1) 4-(2,6) 5-(7,4)
Task Assignment: 4-4 2-0 1-5 3-2 0-3
Robot 4 finished At time 190
Time 192
Robots Locations 0-(14,11) 1-(11,7) 2-(7,13) 3-(10,11) 4-(2,6)
Target Locations:  0-(6,14) 1-(5,3) 2-(6,3) 3-(11,1) 4-(7,4) 5-(4,10)
Task Assignment: 2-0 4-1 1-4 3-5 0-3
Robot 2 finished At time 197
Time 199
Robots Locations 0-(13,9) 1-(9,5) 2-(6,14) 3-(8,11) 4-(4,5)
Target Locations:  0-(5,3) 1-(6,3) 2-(11,1) 3-(7,4) 4-(4,10) 5-(1,1)
Task Assignment: 1-3 4-0 3-4 0-2 2-1
Robot 1 finished At time 205
Time 207
Robots Locations 0-(12,6) 1-(7,4) 2-(5,12) 3-(4,10) 4-(5,3)
Target Locations:  0-(5,3) 1-(6,3) 2-(11,1) 3-(4,10) 4-(1,1) 5-(4,1)
Task Assignment: 4-0 3-3 1-1 0-2 2-5
Robot 4 finished At time 208
Time 210
Robots Locations 0-(12,5) 1-(7,4) 2-(5,11) 3-(4,10) 4-(5,3)
Target Locations:  0-(6,3) 1-(11,1) 2-(4,10) 3-(1,1) 4-(4,1)
Task Assignment: 3-2 4-0 0-1 1-4 2-3
Robot 3 finished At time 212
Robot 4 finished At time 217
Robot 0 finished At time 219
Robot 1 finished At time 219
Robot 2 finished At time 228
number of collisions is 38
/mmdr
Time 3
Robots Locations 0-(2,3) 1-(6,7) 2-(9,9) 3-(12,12) 4-(15,15)
Target Locations:  0-(10,10) 1-(3,10) 2-(4,15) 3-(14,12) 4-(1,3) 5-(2,13)
Task Assignment: 0-4 1-1 2-2 3-0 4-3
Robot 0 finished At time 7
Time 10
Robots Locations 0-(1,3) 1-(5,8) 2-(8,11) 3-(12,11) 4-(15,14)
Target Locations:  0-(10,10) 1-(3,10) 2-(4,15) 3-(14,12) 4-(2,13) 5-(14,5)
Task Assignment: 0-1 1-4 2-2 3-0 4-3
Robot 3 finished At time 15
Time 17
Robots Locations 0-(1,5) 1-(3,11) 2-(6,13) 3-(10,10) 4-(14,12)
Target Locations:  0-(3,10) 1-(4,15) 2-(14,12) 3-(2,13) 4-(14,5) 5-(8,7)
Task Assignment: 0-0 1-3 2-1 3-5 4-2
Robot 4 finished At time 18
Time 20
Robots Locations 0-(1,5) 1-(3,11) 2-(6,13) 3-(10,10) 4-(14,12)
Target Locations:  0-(3,10) 1-(4,15) 2-(2,13) 3-(14,5) 4-(8,7) 5-(15,11)
Task Assignment: 0-0 1-2 2-1 3-4 4-5
Robot 4 finished At time 25
Time 27
Robots Locations 0-(2,8) 1-(2,13) 2-(4,15) 3-(8,8) 4-(15,11)
Target Locations:  0-(3,10) 1-(4,15) 2-(2,13) 3-(14,5) 4-(8,7) 5-(8,1)
Task Assignment: 0-0 1-2 2-1 3-4 4-3
Robot 2 finished At time 29
Time 31
Robots Locations 0-(3,9) 1-(2,13) 2-(4,15) 3-(8,7) 4-(15,10)
Target Locations:  0-(3,10) 1-(2,13) 2-(14,5) 3-(8,7) 4-(8,1) 5-(1,7)
Task Assignment: 0-5 1-0 2-1 3-3 4-2
Robot 3 finished At time 33
Time 35
Robots Locations 0-(2,9) 1-(1,13) 2-(3,15) 3-(8,7) 4-(15,9)
Target Locations:  0-(3,10) 1-(2,13) 2-(14,5) 3-(8,1) 4-(1,7) 5-(12,4)
Task Assignment: 0-4 1-0 2-1 3-5 4-2
Robot 2 finished At time 41
Time 44
Robots Locations 0-(1,7) 1-(3,10) 2-(2,13) 3-(10,5) 4-(14,6)
Target Locations:  0-(3,10) 1-(14,5) 2-(8,1) 3-(1,7) 4-(12,4) 5-(14,1)
Task Assignment: 0-2 1-3 2-0 3-4 4-1
Robot 4 finished At time 48
Time 50
Robots Locations 0-(3,5) 1-(2,8) 2-(3,11) 3-(12,4) 4-(14,5)
Target Locations:  0-(3,10) 1-(8,1) 2-(1,7) 3-(12,4) 4-(14,1) 5-(9,12)
Task Assignment: 0-1 1-2 2-0 3-4 4-3
Robot 2 finished At time 54
Time 57
Robots Locations 0-(4,4) 1-(1,7) 2-(3,10) 3-(13,2) 4-(12,4)
Target Locations:  0-(8,1) 1-(1,7) 2-(12,4) 3-(14,1) 4-(9,12) 5-(9,9)
Task Assignment: 0-0 1-1 2-4 3-3 4-2
Robot 1 finished At time 58
Time 60
Robots Locations 0-(4,4) 1-(1,7) 2-(3,10) 3-(13,2) 4-(12,4)
Target Locations:  0-(8,1) 1-(12,4) 2-(14,1) 3-(9,12) 4-(9,9) 5-(12,8)
Task Assignment: 0-0 1-4 2-3 3-2 4-1
Robot 4 finished At time 62
Time 65
Robots Locations 0-(5,3) 1-(1,6) 2-(4,10) 3-(14,1) 4-(12,4)
Target Locations:  0-(8,1) 1-(14,1) 2-(9,12) 3-(9,9) 4-(12,8) 5-(15,4)
Task Assignment: 0-0 1-3 2-2 3-1 4-5
Robot 3 finished At time 67
Time 69
Robots Locations 0-(6,2) 1-(3,7) 2-(5,11) 3-(14,1) 4-(12,3)
Target Locations:  0-(8,1) 1-(9,12) 2-(9,9) 3-(12,8) 4-(15,4) 5-(4,4)
Task Assignment: 0-0 1-5 2-1 3-4 4-3
Robot 0 finished At time 75
Time 77
Robots Locations 0-(8,1) 1-(4,4) 2-(8,12) 3-(15,3) 4-(12,6)
Target Locations:  0-(9,12) 1-(9,9) 2-(12,8) 3-(15,4) 4-(4,4) 5-(5,13)
Task Assignment: 0-4 1-1 2-0 3-3 4-2
Robot 2 finished At time 80
Time 83
Robots Locations 0-(7,0) 1-(5,5) 2-(9,12) 3-(15,4) 4-(12,8)
Target Locations:  0-(9,9) 1-(12,8) 2-(15,4) 3-(4,4) 4-(5,13) 5-(11,4)
Task Assignment: 0-5 1-3 2-0 3-2 4-1
Robot 3 finished At time 83
Time 86
Robots Locations 0-(7,1) 1-(5,5) 2-(9,12) 3-(15,4) 4-(12,8)
Target Locations:  0-(9,9) 1-(12,8) 2-(4,4) 3-(5,13) 4-(11,4) 5-(12,5)
Task Assignment: 0-4 1-2 2-0 3-5 4-1
Robot 4 finished At time 88
Time 90
Robots Locations 0-(8,2) 1-(5,5) 2-(10,11) 3-(14,5) 4-(12,8)
Target Locations:  0-(9,9) 1-(4,4) 2-(5,13) 3-(11,4) 4-(12,5) 5-(5,6)
Task Assignment: 0-1 1-5 2-0 3-3 4-4
Robot 2 finished At time 97
Time 99
Robots Locations 0-(6,3) 1-(5,6) 2-(9,9) 3-(11,4) 4-(12,6)
Target Locations:  0-(4,4) 1-(5,13) 2-(11,4) 3-(12,5) 4-(5,6) 5-(15,15)
Task Assignment: 0-0 1-4 2-1 3-2 4-3
Robot 1 finished At time 99
Time 102
Robots Locations 0-(5,3) 1-(5,6) 2-(9,9) 3-(11,4) 4-(12,6)
Target Locations:  0-(4,4) 1-(5,13) 2-(11,4) 3-(12,5) 4-(15,15) 5-(3,9)
Task Assignment: 0-0 1-5 2-1 3-2 4-3
Robot 3 finished At time 104
Time 106
Robots Locations 0-(4,4) 1-(5,7) 2-(8,9) 3-(11,4) 4-(12,5)
Target Locations:  0-(4,4) 1-(5,13) 2-(12,5) 3-(15,15) 4-(3,9) 5-(12,13)
Task Assignment: 0-4 1-1 2-5 3-0 4-2
Robot 4 finished At time 108
Time 111
Robots Locations 0-(4,5) 1-(5,8) 2-(9,10) 3-(10,4) 4-(12,5)
Target Locations:  0-(4,4) 1-(5,13) 2-(15,15) 3-(3,9) 4-(12,13) 5-(9,5)
Task Assignment: 0-3 1-1 2-4 3-0 4-5
Robot 4 finished At time 119
Time 122
Robots Locations 0-(3,9) 1-(5,12) 2-(12,13) 3-(5,4) 4-(9,5)
Target Locations:  0-(4,4) 1-(5,13) 2-(15,15) 3-(3,9) 4-(12,13) 5-(4,11)
Task Assignment: 0-5 1-1 2-4 3-3 4-0
Robot 2 finished At time 124
Time 126
Robots Locations 0-(3,10) 1-(5,13) 2-(12,13) 3-(5,5) 4-(8,5)
Target Locations:  0-(4,4) 1-(5,13) 2-(15,15) 3-(3,9) 4-(4,11) 5-(6,6)
Task Assignment: 0-3 1-1 2-2 3-0 4-5
Robot 1 finished At time 128
Time 130
Robots Locations 0-(3,10) 1-(5,13) 2-(12,13) 3-(4,5) 4-(7,5)
Target Locations:  0-(4,4) 1-(15,15) 2-(3,9) 3-(4,11) 4-(6,6) 5-(13,7)
Task Assignment: 0-2 1-3 2-1 3-0 4-4
Robot 3 finished At time 134
Time 136
Robots Locations 0-(3,9) 1-(4,12) 2-(14,14) 3-(4,4) 4-(6,6)
Target Locations:  0-(15,15) 1-(3,9) 2-(4,11) 3-(6,6) 4-(13,7) 5-(12,1)
Task Assignment: 0-1 1-2 2-0 3-3 4-4
Robot 0 finished At time 138
Time 140
Robots Locations 0-(3,9) 1-(4,11) 2-(15,15) 3-(5,4) 4-(6,7)
Target Locations:  0-(15,15) 1-(4,11) 2-(6,6) 3-(13,7) 4-(12,1) 5-(12,12)
Task Assignment: 0-2 1-1 2-0 3-4 4-3
Robot 2 finished At time 142
Time 145
Robots Locations 0-(4,8) 1-(4,11) 2-(15,15) 3-(6,4) 4-(7,7)
Target Locations:  0-(4,11) 1-(6,6) 2-(13,7) 3-(12,1) 4-(12,12) 5-(15,7)
Task Assignment: 0-1 1-0 2-4 3-3 4-2
Robot 1 finished At time 145
Time 148
Robots Locations 0-(4,8) 1-(4,11) 2-(15,15) 3-(6,4) 4-(7,7)
Target Locations:  0-(6,6) 1-(13,7) 2-(12,1) 3-(12,12) 4-(15,7) 5-(2,10)
Task Assignment: 0-0 1-5 2-3 3-2 4-1
Robot 1 finished At time 154
Time 156
Robots Locations 0-(6,6) 1-(2,10) 2-(14,13) 3-(9,2) 4-(11,7)
Target Locations:  0-(6,6) 1-(13,7) 2-(12,1) 3-(12,12) 4-(15,7) 5-(9,6)
Task Assignment: 0-5 1-0 2-3 3-2 4-1
Robot 2 finished At time 162
Time 164
Robots Locations 0-(9,6) 1-(4,8) 2-(12,12) 3-(12,1) 4-(13,7)
Target Locations:  0-(6,6) 1-(13,7) 2-(12,1) 3-(15,7) 4-(9,6) 5-(14,15)
Task Assignment: 0-4 1-0 2-5 3-2 4-1
Robot 4 finished At time 165
Time 168
Robots Locations 0-(9,6) 1-(4,8) 2-(12,12) 3-(12,1) 4-(13,7)
Target Locations:  0-(6,6) 1-(12,1) 2-(15,7) 3-(9,6) 4-(14,15) 5-(6,14)
Task Assignment: 0-3 1-0 2-4 3-1 4-2
Robot 0 finished At time 169
Time 171
Robots Locations 0-(9,6) 1-(4,7) 2-(11,12) 3-(12,1) 4-(13,7)
Target Locations:  0-(6,6) 1-(12,1) 2-(15,7) 3-(14,15) 4-(6,14) 5-(12,14)
Task Assignment: 0-0 1-4 2-5 3-1 4-2
Robot 3 finished At time 172
Time 175
Robots Locations 0-(9,6) 1-(5,7) 2-(11,13) 3-(12,1) 4-(14,7)
Target Locations:  0-(6,6) 1-(15,7) 2-(14,15) 3-(6,14) 4-(12,14) 5-(1,8)
Task Assignment: 0-0 1-5 2-2 3-1 4-4
Robot 2 finished At time 183
Time 185
Robots Locations 0-(6,6) 1-(1,8) 2-(14,15) 3-(14,5) 4-(13,11)
Target Locations:  0-(6,6) 1-(15,7) 2-(6,14) 3-(12,14) 4-(1,8) 5-(10,6)
Task Assignment: 0-0 1-4 2-3 3-5 4-1
Robot 0 finished At time 186
Time 189
Robots Locations 0-(6,6) 1-(1,8) 2-(14,15) 3-(14,5) 4-(13,11)
Target Locations:  0-(15,7) 1-(6,14) 2-(12,14) 3-(1,8) 4-(10,6) 5-(5,3)
Task Assignment: 0-5 1-3 2-2 3-4 4-0
Robot 1 finished At time 191
Time 193
Robots Locations 0-(5,5) 1-(1,8) 2-(13,16) 3-(13,5) 4-(14,11)
Target Locations:  0-(15,7) 1-(6,14) 2-(12,14) 3-(10,6) 4-(5,3) 5-(6,3)
Task Assignment: 0-5 1-4 2-2 3-3 4-0
Robot 2 finished At time 198
Time 201
Robots Locations 0-(6,3) 1-(2,6) 2-(12,14) 3-(10,6) 4-(15,8)
Target Locations:  0-(15,7) 1-(6,14) 2-(10,6) 3-(5,3) 4-(6,3) 5-(12,15)
Task Assignment: 0-4 1-3 2-5 3-2 4-0
Robot 0 finished At time 201
Time 204
Robots Locations 0-(6,3) 1-(2,6) 2-(12,14) 3-(10,6) 4-(15,8)
Target Locations:  0-(15,7) 1-(6,14) 2-(10,6) 3-(5,3) 4-(12,15) 5-(10,5)
Task Assignment: 0-5 1-3 2-4 3-2 4-0
Robot 3 finished At time 205
Time 208
Robots Locations 0-(7,3) 1-(3,5) 2-(11,14) 3-(10,6) 4-(15,7)
Target Locations:  0-(15,7) 1-(6,14) 2-(5,3) 3-(12,15) 4-(10,5) 5-(11,1)
Task Assignment: 0-5 1-2 2-3 3-4 4-0
Robot 4 finished At time 210
Time 213
Robots Locations 0-(8,2) 1-(4,4) 2-(12,15) 3-(10,5) 4-(15,7)
Target Locations:  0-(6,14) 1-(5,3) 2-(12,15) 3-(10,5) 4-(11,1) 5-(2,6)
Task Assignment: 0-1 1-5 2-2 3-4 4-3
Robot 2 finished At time 215
Time 218
Robots Locations 0-(7,1) 1-(4,5) 2-(12,15) 3-(10,4) 4-(14,6)
Target Locations:  0-(6,14) 1-(5,3) 2-(10,5) 3-(11,1) 4-(2,6) 5-(11,6)
Task Assignment: 0-1 1-4 2-0 3-2 4-5
Robot 1 finished At time 224
Time 227
Robots Locations 0-(5,3) 1-(2,6) 2-(10,15) 3-(10,5) 4-(11,6)
Target Locations:  0-(6,14) 1-(5,3) 2-(10,5) 3-(11,1) 4-(11,6) 5-(7,4)
Task Assignment: 0-5 1-1 2-0 3-2 4-4
Robot 3 finished At time 228
Time 230
Robots Locations 0-(5,3) 1-(2,6) 2-(9,15) 3-(10,5) 4-(11,6)
Target Locations:  0-(6,14) 1-(5,3) 2-(11,1) 3-(11,6) 4-(7,4) 5-(4,10)
Task Assignment: 0-1 1-5 2-0 3-4 4-3
Robot 4 finished At time 231
Time 233
Robots Locations 0-(5,4) 1-(1,6) 2-(9,15) 3-(10,5) 4-(11,6)
Target Locations:  0-(6,14) 1-(5,3) 2-(11,1) 3-(7,4) 4-(4,10) 5-(1,1)
Task Assignment: 0-1 1-4 2-0 3-2 4-3
Robot 0 finished At time 238
Time 241
Robots Locations 0-(5,3) 1-(2,8) 2-(6,14) 3-(10,3) 4-(8,5)
Target Locations:  0-(6,14) 1-(11,1) 2-(7,4) 3-(4,10) 4-(1,1) 5-(4,1)
Task Assignment: 0-5 1-3 2-0 3-1 4-2
Robot 2 finished At time 242
Time 245
Robots Locations 0-(4,3) 1-(3,9) 2-(6,14) 3-(11,2) 4-(8,4)
Target Locations:  0-(11,1) 1-(7,4) 2-(4,10) 3-(1,1) 4-(4,1)
Task Assignment: 0-3 1-1 2-2 3-0 4-4
Robot 3 finished At time 248
Robot 0 finished At time 253
Robot 2 finished At time 255
Robot 4 finished At time 255
Robot 1 finished At time 257
number of collisions is 0
/mmd_msd2
Time 2
Robots Locations 0-(4,3) 1-(5,7) 2-(10,9) 3-(12,13) 4-(15,15)
Target Locations:  0-(10,10) 1-(3,10) 2-(4,15) 3-(14,12) 4-(1,3) 5-(2,13)
Task Assignment: 0-4 1-5 2-1 3-0 4-3
Robot 0 finished At time 12
Time 14
Robots Locations 0-(1,3) 1-(3,12) 2-(6,10) 3-(10,10) 4-(14,12)
Target Locations:  0-(10,10) 1-(3,10) 2-(4,15) 3-(14,12) 4-(2,13) 5-(14,5)
Task Assignment: 0-1 1-4 2-2 3-0 4-3
Robot 3 finished At time 14
Time 16
Robots Locations 0-(1,3) 1-(3,12) 2-(6,10) 3-(10,10) 4-(14,12)
Target Locations:  0-(3,10) 1-(4,15) 2-(14,12) 3-(2,13) 4-(14,5) 5-(8,7)
Task Assignment: 0-0 1-3 2-1 3-5 4-2
Robot 4 finished At time 17
Time 19
Robots Locations 0-(1,3) 1-(3,12) 2-(6,10) 3-(10,10) 4-(14,12)
Target Locations:  0-(3,10) 1-(4,15) 2-(2,13) 3-(14,5) 4-(8,7) 5-(15,11)
Task Assignment: 0-0 1-2 2-1 3-4 4-5
Robot 1 finished At time 23
Time 25
Robots Locations 0-(1,5) 1-(2,13) 2-(5,12) 3-(9,8) 4-(15,11)
Target Locations:  0-(3,10) 1-(4,15) 2-(14,5) 3-(8,7) 4-(15,11) 5-(8,1)
Task Assignment: 0-0 1-1 2-3 3-2 4-4
Robot 4 finished At time 26
Time 28
Robots Locations 0-(1,6) 1-(2,14) 2-(5,13) 3-(9,7) 4-(15,11)
Target Locations:  0-(3,10) 1-(4,15) 2-(14,5) 3-(8,7) 4-(8,1) 5-(1,7)
Task Assignment: 0-5 1-1 2-0 3-3 4-2
Robot 0 finished At time 33
Time 35
Robots Locations 0-(1,7) 1-(4,15) 2-(5,11) 3-(8,7) 4-(15,9)
Target Locations:  0-(3,10) 1-(4,15) 2-(14,5) 3-(8,7) 4-(8,1) 5-(12,4)
Task Assignment: 0-0 1-1 2-3 3-5 4-2
Robot 1 finished At time 37
Time 39
Robots Locations 0-(1,8) 1-(4,15) 2-(5,11) 3-(8,8) 4-(15,8)
Target Locations:  0-(3,10) 1-(14,5) 2-(8,7) 3-(8,1) 4-(12,4) 5-(14,1)
Task Assignment: 0-3 1-0 2-2 3-4 4-1
Robot 4 finished At time 46
Time 48
Robots Locations 0-(4,5) 1-(4,12) 2-(8,7) 3-(11,5) 4-(14,5)
Target Locations:  0-(3,10) 1-(8,7) 2-(8,1) 3-(12,4) 4-(14,1) 5-(9,12)
Task Assignment: 0-2 1-0 2-1 3-3 4-4
Robot 2 finished At time 51
Time 53
Robots Locations 0-(5,4) 1-(3,10) 2-(8,7) 3-(12,4) 4-(14,4)
Target Locations:  0-(3,10) 1-(8,1) 2-(12,4) 3-(14,1) 4-(9,12) 5-(9,9)
Task Assignment: 0-1 1-0 2-5 3-2 4-3
Robot 3 finished At time 55
Time 57
Robots Locations 0-(6,4) 1-(3,10) 2-(9,7) 3-(12,4) 4-(14,3)
Target Locations:  0-(3,10) 1-(8,1) 2-(14,1) 3-(9,12) 4-(9,9) 5-(12,8)
Task Assignment: 0-1 1-0 2-4 3-5 4-2
Robot 1 finished At time 58
Time 60
Robots Locations 0-(6,3) 1-(3,10) 2-(9,7) 3-(12,4) 4-(14,2)
Target Locations:  0-(8,1) 1-(14,1) 2-(9,12) 3-(9,9) 4-(12,8) 5-(15,4)
Task Assignment: 0-0 1-2 2-3 3-5 4-1
Robot 4 finished At time 64
Time 66
Robots Locations 0-(8,1) 1-(5,10) 2-(9,9) 3-(15,4) 4-(14,1)
Target Locations:  0-(8,1) 1-(9,12) 2-(9,9) 3-(12,8) 4-(15,4) 5-(4,4)
Task Assignment: 0-0 1-1 2-2 3-3 4-4
Robot 2 finished At time 67
Time 69
Robots Locations 0-(8,1) 1-(5,10) 2-(9,9) 3-(15,4) 4-(14,1)
Target Locations:  0-(8,1) 1-(9,12) 2-(12,8) 3-(15,4) 4-(4,4) 5-(5,13)
Task Assignment: 0-0 1-5 2-1 3-2 4-3
Robot 0 finished At time 71
Time 73
Robots Locations 0-(8,1) 1-(5,11) 2-(9,10) 3-(15,5) 4-(15,1)
Target Locations:  0-(9,12) 1-(12,8) 2-(15,4) 3-(4,4) 4-(5,13) 5-(11,4)
Task Assignment: 0-5 1-4 2-0 3-1 4-2
Robot 2 finished At time 78
Time 80
Robots Locations 0-(10,3) 1-(5,13) 2-(9,12) 3-(13,7) 4-(15,4)
Target Locations:  0-(12,8) 1-(15,4) 2-(4,4) 3-(5,13) 4-(11,4) 5-(12,5)
Task Assignment: 0-4 1-3 2-0 3-5 4-1
Robot 1 finished At time 80
Time 82
Robots Locations 0-(10,3) 1-(5,13) 2-(9,12) 3-(13,7) 4-(15,4)
Target Locations:  0-(12,8) 1-(15,4) 2-(4,4) 3-(11,4) 4-(12,5) 5-(5,6)
Task Assignment: 0-3 1-5 2-0 3-4 4-1
Robot 4 finished At time 84
Time 86
Robots Locations 0-(11,4) 1-(4,13) 2-(10,12) 3-(12,7) 4-(15,4)
Target Locations:  0-(12,8) 1-(4,4) 2-(11,4) 3-(12,5) 4-(5,6) 5-(15,15)
Task Assignment: 0-2 1-4 2-5 3-0 4-3
Robot 0 finished At time 89
Time 91
Robots Locations 0-(11,4) 1-(4,12) 2-(11,13) 3-(11,7) 4-(14,5)
Target Locations:  0-(12,8) 1-(4,4) 2-(12,5) 3-(5,6) 4-(15,15) 5-(3,9)
Task Assignment: 0-3 1-5 2-4 3-0 4-2
Robot 3 finished At time 96
Time 98
Robots Locations 0-(9,5) 1-(3,10) 2-(13,14) 3-(12,8) 4-(12,5)
Target Locations:  0-(4,4) 1-(12,5) 2-(5,6) 3-(15,15) 4-(3,9) 5-(12,13)
Task Assignment: 0-2 1-4 2-3 3-5 4-1
Robot 4 finished At time 99
Time 101
Robots Locations 0-(9,5) 1-(3,9) 2-(13,14) 3-(12,8) 4-(12,5)
Target Locations:  0-(4,4) 1-(5,6) 2-(15,15) 3-(3,9) 4-(12,13) 5-(9,5)
Task Assignment: 0-1 1-3 2-2 3-4 4-5
Robot 1 finished At time 104
Time 106
Robots Locations 0-(8,5) 1-(3,9) 2-(14,15) 3-(12,10) 4-(10,5)
Target Locations:  0-(4,4) 1-(5,6) 2-(15,15) 3-(12,13) 4-(9,5) 5-(4,11)
Task Assignment: 0-1 1-5 2-2 3-3 4-4
Robot 2 finished At time 109
Time 111
Robots Locations 0-(6,6) 1-(4,9) 2-(15,15) 3-(12,11) 4-(9,5)
Target Locations:  0-(4,4) 1-(5,6) 2-(12,13) 3-(9,5) 4-(4,11) 5-(6,6)
Task Assignment: 0-1 1-4 2-2 3-3 4-5
Robot 0 finished At time 114
Time 116
Robots Locations 0-(5,6) 1-(4,10) 2-(15,14) 3-(11,11) 4-(8,6)
Target Locations:  0-(4,4) 1-(12,13) 2-(9,5) 3-(4,11) 4-(6,6) 5-(13,7)
Task Assignment: 0-4 1-3 2-1 3-5 4-2
Robot 1 finished At time 118
Time 120
Robots Locations 0-(5,7) 1-(4,11) 2-(14,14) 3-(12,10) 4-(7,5)
Target Locations:  0-(4,4) 1-(12,13) 2-(9,5) 3-(6,6) 4-(13,7) 5-(12,1)
Task Assignment: 0-0 1-3 2-1 3-4 4-2
Robot 4 finished At time 125
Time 127
Robots Locations 0-(4,4) 1-(5,9) 2-(12,13) 3-(13,7) 4-(9,5)
Target Locations:  0-(4,4) 1-(12,13) 2-(6,6) 3-(13,7) 4-(12,1) 5-(12,12)
Task Assignment: 0-0 1-2 2-1 3-3 4-4
Robot 2 finished At time 128
Time 130
Robots Locations 0-(4,4) 1-(5,9) 2-(12,13) 3-(13,7) 4-(9,5)
Target Locations:  0-(4,4) 1-(6,6) 2-(13,7) 3-(12,1) 4-(12,12) 5-(15,7)
Task Assignment: 0-0 1-1 2-4 3-5 4-2
Robot 0 finished At time 132
Time 134
Robots Locations 0-(4,4) 1-(6,8) 2-(12,12) 3-(14,7) 4-(10,5)
Target Locations:  0-(6,6) 1-(13,7) 2-(12,1) 3-(12,12) 4-(15,7) 5-(2,10)
Task Assignment: 0-0 1-5 2-3 3-4 4-1
Robot 2 finished At time 136
Time 138
Robots Locations 0-(5,3) 1-(5,7) 2-(12,12) 3-(15,7) 4-(11,6)
Target Locations:  0-(6,6) 1-(13,7) 2-(12,1) 3-(15,7) 4-(2,10) 5-(9,6)
Task Assignment: 0-0 1-4 2-1 3-3 4-5
Robot 3 finished At time 139
Time 141
Robots Locations 0-(5,4) 1-(4,8) 2-(12,11) 3-(15,7) 4-(12,7)
Target Locations:  0-(6,6) 1-(13,7) 2-(12,1) 3-(2,10) 4-(9,6) 5-(14,15)
Task Assignment: 0-0 1-3 2-5 3-1 4-4
Robot 0 finished At time 147
Time 149
Robots Locations 0-(6,6) 1-(2,10) 2-(13,13) 3-(13,7) 4-(9,6)
Target Locations:  0-(13,7) 1-(12,1) 2-(2,10) 3-(9,6) 4-(14,15) 5-(6,14)
Task Assignment: 0-3 1-2 2-4 3-0 4-1
Robot 1 finished At time 150
Time 152
Robots Locations 0-(7,6) 1-(2,10) 2-(14,14) 3-(13,7) 4-(9,5)
Target Locations:  0-(13,7) 1-(12,1) 2-(9,6) 3-(14,15) 4-(6,14) 5-(12,14)
Task Assignment: 0-2 1-4 2-3 3-0 4-1
Robot 3 finished At time 153
Time 155
Robots Locations 0-(7,6) 1-(2,11) 2-(14,15) 3-(13,7) 4-(9,5)
Target Locations:  0-(12,1) 1-(9,6) 2-(14,15) 3-(6,14) 4-(12,14) 5-(1,8)
Task Assignment: 0-5 1-3 2-2 3-0 4-1
Robot 2 finished At time 158
Time 160
Robots Locations 0-(7,7) 1-(3,11) 2-(14,15) 3-(13,6) 4-(10,5)
Target Locations:  0-(12,1) 1-(9,6) 2-(6,14) 3-(12,14) 4-(1,8) 5-(10,6)
Task Assignment: 0-1 1-4 2-3 3-5 4-0
Robot 0 finished At time 168
Time 170
Robots Locations 0-(9,6) 1-(2,9) 2-(12,14) 3-(10,6) 4-(11,3)
Target Locations:  0-(12,1) 1-(6,14) 2-(12,14) 3-(1,8) 4-(10,6) 5-(5,3)
Task Assignment: 0-5 1-3 2-2 3-4 4-0
Robot 3 finished At time 170
Time 172
Robots Locations 0-(9,6) 1-(2,9) 2-(12,14) 3-(10,6) 4-(11,3)
Target Locations:  0-(12,1) 1-(6,14) 2-(12,14) 3-(1,8) 4-(5,3) 5-(6,3)
Task Assignment: 0-5 1-3 2-2 3-4 4-0
Robot 2 finished At time 173
Time 175
Robots Locations 0-(9,6) 1-(2,9) 2-(12,14) 3-(10,6) 4-(11,3)
Target Locations:  0-(12,1) 1-(6,14) 2-(1,8) 3-(5,3) 4-(6,3) 5-(12,15)
Task Assignment: 0-4 1-2 2-5 3-3 4-0
Robot 1 finished At time 178
Time 180
Robots Locations 0-(8,6) 1-(1,8) 2-(12,15) 3-(9,5) 4-(12,1)
Target Locations:  0-(12,1) 1-(6,14) 2-(5,3) 3-(6,3) 4-(12,15) 5-(10,5)
Task Assignment: 0-3 1-2 2-4 3-5 4-0
Robot 4 finished At time 182
Time 184
Robots Locations 0-(7,5) 1-(1,7) 2-(12,15) 3-(9,4) 4-(12,1)
Target Locations:  0-(6,14) 1-(5,3) 2-(6,3) 3-(12,15) 4-(10,5) 5-(11,1)
Task Assignment: 0-2 1-1 2-3 3-4 4-5
Robot 2 finished At time 185
Time 187
Robots Locations 0-(7,5) 1-(1,7) 2-(12,15) 3-(10,5) 4-(12,1)
Target Locations:  0-(6,14) 1-(5,3) 2-(6,3) 3-(10,5) 4-(11,1) 5-(2,6)
Task Assignment: 0-1 1-5 2-0 3-3 4-4
Robot 3 finished At time 189
Time 191
Robots Locations 0-(6,4) 1-(2,6) 2-(11,16) 3-(10,5) 4-(11,1)
Target Locations:  0-(6,14) 1-(5,3) 2-(6,3) 3-(11,1) 4-(2,6) 5-(11,6)
Task Assignment: 0-1 1-4 2-0 3-5 4-3
Robot 1 finished At time 192
Time 195
Robots Locations 0-(6,3) 1-(2,6) 2-(11,16) 3-(10,5) 4-(11,1)
Target Locations:  0-(6,14) 1-(5,3) 2-(6,3) 3-(11,1) 4-(11,6) 5-(7,4)
Task Assignment: 0-2 1-1 2-0 3-4 4-3
Robot 4 finished At time 196
Time 198
Robots Locations 0-(6,3) 1-(3,5) 2-(10,15) 3-(11,6) 4-(11,1)
Target Locations:  0-(6,14) 1-(5,3) 2-(6,3) 3-(11,6) 4-(7,4) 5-(4,10)
Task Assignment: 0-2 1-1 2-0 3-3 4-4
Robot 3 finished At time 200
Time 202
Robots Locations 0-(6,3) 1-(3,5) 2-(9,15) 3-(11,6) 4-(10,2)
Target Locations:  0-(6,14) 1-(5,3) 2-(6,3) 3-(7,4) 4-(4,10) 5-(1,1)
Task Assignment: 0-1 1-5 2-0 3-3 4-2
Robot 0 finished At time 206
Time 209
Robots Locations 0-(5,3) 1-(2,3) 2-(7,14) 3-(10,6) 4-(8,2)
Target Locations:  0-(6,14) 1-(6,3) 2-(7,4) 3-(4,10) 4-(1,1) 5-(4,1)
Task Assignment: 0-5 1-4 2-0 3-2 4-1
Robot 2 finished At time 212
Time 214
Robots Locations 0-(4,1) 1-(1,1) 2-(6,14) 3-(8,5) 4-(6,3)
Target Locations:  0-(6,3) 1-(7,4) 2-(4,10) 3-(1,1) 4-(4,1)
Task Assignment: 0-4 1-3 2-2 3-1 4-0
Robot 0 finished At time 216
Robot 4 finished At time 216
Robot 1 finished At time 217
Robot 3 finished At time 219
Robot 2 finished At time 223
number of collisions is 24
