Goals: (13,3) (3,10) (14,3) (2,14) (6,6) (8,9) (15,12) (1,1) (12,10) (8,6) (1,5) (1,15) (15,6) (6,9) (11,9) (12,5) (10,8) (14,13) (6,1) (12,13) (13,12) (14,4) (2,1) (5,6) (12,2) (7,13) (9,11) (4,13) (13,14) (10,15) (15,11) (2,6) (12,7) (7,8) (5,13) (6,12) (9,1) (4,4) (1,9) (14,14) (4,6) (2,3) (14,8) (6,13) (13,1) (7,15) (14,9) (13,5) (8,3) (10,10)
/MURDOCH
Time 2
Robots Locations 0-(3,4) 1-(6,6) 2-(10,9) 3-(12,12) 4-(15,15)
Target Locations:  0-(10,10) 1-(8,3) 2-(13,5) 3-(14,9) 4-(7,15) 5-(13,1)
Task Assignment: 3-0 2-2 1-1 4-3 0-5
Robot 1 finished At time 11
Time 13
Robots Locations 0-(7,3) 1-(8,3) 2-(13,5) 3-(10,10) 4-(15,11)
Target Locations:  0-(10,10) 1-(13,5) 2-(14,9) 3-(7,15) 4-(13,1) 5-(6,13)
Task Assignment: 3-0 2-1 4-2 0-4 1-5
Robot 3 finished At time 14
Time 16
Robots Locations 0-(7,3) 1-(8,3) 2-(13,5) 3-(10,10) 4-(14,10)
Target Locations:  0-(13,5) 1-(14,9) 2-(7,15) 3-(13,1) 4-(6,13) 5-(14,8)
Task Assignment: 2-0 4-1 0-3 1-4 3-5
Robot 2 finished At time 17
Time 19
Robots Locations 0-(8,4) 1-(9,3) 2-(13,5) 3-(10,10) 4-(14,10)
Target Locations:  0-(14,9) 1-(7,15) 2-(13,1) 3-(6,13) 4-(14,8) 5-(2,3)
Task Assignment: 4-0 0-2 1-3 3-4 2-5
Robot 4 finished At time 23
Time 25
Robots Locations 0-(8,4) 1-(9,3) 2-(12,4) 3-(12,9) 4-(14,9)
Target Locations:  0-(7,15) 1-(13,1) 2-(6,13) 3-(14,8) 4-(2,3) 5-(4,6)
Task Assignment: 0-1 1-2 3-3 2-4 4-0
Robot 3 finished At time 35
Time 37
Robots Locations 0-(11,3) 1-(7,7) 2-(8,3) 3-(14,8) 4-(11,10)
Target Locations:  0-(7,15) 1-(13,1) 2-(6,13) 3-(2,3) 4-(4,6) 5-(14,14)
Task Assignment: 0-1 1-2 2-3 4-0 3-5
Robot 0 finished At time 44
Time 46
Robots Locations 0-(13,1) 1-(6,11) 2-(5,3) 3-(14,11) 4-(9,13)
Target Locations:  0-(7,15) 1-(6,13) 2-(2,3) 3-(4,6) 4-(14,14) 5-(1,9)
Task Assignment: 1-1 2-2 4-0 3-4 0-3
Robot 1 finished At time 51
Time 53
Robots Locations 0-(11,1) 1-(6,13) 2-(2,3) 3-(14,13) 4-(7,15)
Target Locations:  0-(7,15) 1-(2,3) 2-(4,6) 3-(14,14) 4-(1,9) 5-(4,4)
Task Assignment: 2-1 4-0 3-3 0-2 1-4
Robot 2 finished At time 55
Time 57
Robots Locations 0-(10,2) 1-(5,13) 2-(2,3) 3-(14,14) 4-(7,15)
Target Locations:  0-(7,15) 1-(4,6) 2-(14,14) 3-(1,9) 4-(4,4) 5-(9,1)
Task Assignment: 4-0 3-2 0-1 1-3 2-4
Robot 4 finished At time 57
Time 60
Robots Locations 0-(10,2) 1-(5,13) 2-(2,3) 3-(14,14) 4-(7,15)
Target Locations:  0-(4,6) 1-(14,14) 2-(1,9) 3-(4,4) 4-(9,1) 5-(6,12)
Task Assignment: 3-1 0-0 1-2 2-3 4-5
Robot 3 finished At time 61
Time 63
Robots Locations 0-(10,2) 1-(5,13) 2-(2,3) 3-(14,14) 4-(6,15)
Target Locations:  0-(4,6) 1-(1,9) 2-(4,4) 3-(9,1) 4-(6,12) 5-(5,13)
Task Assignment: 0-0 1-1 2-2 4-4 3-5
Robot 2 finished At time 70
Time 72
Robots Locations 0-(6,4) 1-(2,10) 2-(4,4) 3-(10,14) 4-(6,12)
Target Locations:  0-(4,6) 1-(1,9) 2-(9,1) 3-(6,12) 4-(5,13) 5-(7,8)
Task Assignment: 0-0 1-1 4-3 3-4 2-5
Robot 4 finished At time 73
Time 75
Robots Locations 0-(6,5) 1-(2,10) 2-(4,4) 3-(10,14) 4-(6,12)
Target Locations:  0-(4,6) 1-(1,9) 2-(9,1) 3-(5,13) 4-(7,8) 5-(12,7)
Task Assignment: 0-0 1-1 3-3 2-4 4-5
Robot 1 finished At time 79
Time 81
Robots Locations 0-(5,5) 1-(1,9) 2-(5,5) 3-(8,13) 4-(7,11)
Target Locations:  0-(4,6) 1-(9,1) 2-(5,13) 3-(7,8) 4-(12,7) 5-(2,6)
Task Assignment: 0-0 3-2 2-3 4-4 1-5
Robot 3 finished At time 88
Time 90
Robots Locations 0-(4,6) 1-(2,6) 2-(7,8) 3-(5,13) 4-(10,8)
Target Locations:  0-(4,6) 1-(9,1) 2-(7,8) 3-(12,7) 4-(2,6) 5-(15,11)
Task Assignment: 0-0 2-2 4-3 1-4 3-5
Robot 1 finished At time 91
Time 93
Robots Locations 0-(4,6) 1-(2,6) 2-(7,8) 3-(5,13) 4-(11,8)
Target Locations:  0-(4,6) 1-(9,1) 2-(7,8) 3-(12,7) 4-(15,11) 5-(10,15)
Task Assignment: 0-0 2-2 4-3 3-4 1-1
Robot 0 finished At time 93
Time 95
Robots Locations 0-(4,6) 1-(2,6) 2-(7,8) 3-(5,13) 4-(11,8)
Target Locations:  0-(9,1) 1-(7,8) 2-(12,7) 3-(15,11) 4-(10,15) 5-(13,14)
Task Assignment: 2-1 4-2 3-3 1-0 0-4
Robot 2 finished At time 96
Time 98
Robots Locations 0-(4,6) 1-(2,6) 2-(7,8) 3-(5,12) 4-(11,8)
Target Locations:  0-(9,1) 1-(12,7) 2-(15,11) 3-(10,15) 4-(13,14) 5-(4,13)
Task Assignment: 4-1 3-2 1-0 0-3 2-5
Robot 4 finished At time 102
Time 104
Robots Locations 0-(6,8) 1-(5,4) 2-(6,10) 3-(7,12) 4-(12,7)
Target Locations:  0-(9,1) 1-(15,11) 2-(10,15) 3-(13,14) 4-(4,13) 5-(9,11)
Task Assignment: 3-1 1-0 0-2 2-4 4-5
Robot 2 finished At time 113
Time 115
Robots Locations 0-(8,12) 1-(8,1) 2-(4,13) 3-(12,11) 4-(10,10)
Target Locations:  0-(9,1) 1-(15,11) 2-(10,15) 3-(13,14) 4-(9,11) 5-(7,13)
Task Assignment: 3-1 1-0 0-2 4-4 2-5
Robot 1 finished At time 118
Time 120
Robots Locations 0-(9,14) 1-(9,1) 2-(5,14) 3-(13,11) 4-(9,11)
Target Locations:  0-(15,11) 1-(10,15) 2-(13,14) 3-(9,11) 4-(7,13) 5-(12,2)
Task Assignment: 3-0 0-1 4-3 2-4 1-5
Robot 4 finished At time 122
Time 124
Robots Locations 0-(10,15) 1-(10,1) 2-(6,13) 3-(14,11) 4-(9,11)
Target Locations:  0-(15,11) 1-(10,15) 2-(13,14) 3-(7,13) 4-(12,2) 5-(5,6)
Task Assignment: 3-0 0-1 2-3 1-4 4-2
Robot 0 finished At time 127
Time 129
Robots Locations 0-(10,15) 1-(11,2) 2-(7,13) 3-(15,11) 4-(10,12)
Target Locations:  0-(15,11) 1-(13,14) 2-(7,13) 3-(12,2) 4-(5,6) 5-(2,1)
Task Assignment: 3-0 2-2 1-3 4-1 0-4
Robot 3 finished At time 130
Time 131
Robots Locations 0-(10,15) 1-(12,2) 2-(7,13) 3-(15,11) 4-(10,12)
Target Locations:  0-(13,14) 1-(7,13) 2-(12,2) 3-(5,6) 4-(2,1) 5-(14,4)
Task Assignment: 2-1 1-2 4-0 0-3 3-5
Robot 2 finished At time 132
Time 134
Robots Locations 0-(11,15) 1-(12,2) 2-(7,13) 3-(15,11) 4-(10,12)
Target Locations:  0-(13,14) 1-(12,2) 2-(5,6) 3-(2,1) 4-(14,4) 5-(13,12)
Task Assignment: 1-1 4-0 0-2 3-4 2-5
Robot 1 finished At time 136
Time 138
Robots Locations 0-(10,14) 1-(12,2) 2-(8,13) 3-(15,10) 4-(11,13)
Target Locations:  0-(13,14) 1-(5,6) 2-(2,1) 3-(14,4) 4-(13,12) 5-(12,13)
Task Assignment: 4-0 0-1 3-3 2-4 1-2
Robot 4 finished At time 144
Time 146
Robots Locations 0-(10,12) 1-(10,3) 2-(9,13) 3-(15,7) 4-(13,14)
Target Locations:  0-(5,6) 1-(2,1) 2-(14,4) 3-(13,12) 4-(12,13) 5-(6,1)
Task Assignment: 0-0 3-2 2-3 1-1 4-4
Robot 3 finished At time 153
Time 155
Robots Locations 0-(8,9) 1-(6,2) 2-(12,13) 3-(14,4) 4-(12,13)
Target Locations:  0-(5,6) 1-(2,1) 2-(13,12) 3-(12,13) 4-(6,1) 5-(14,13)
Task Assignment: 0-0 2-2 1-1 4-3 3-4
Robot 4 finished At time 163
Time 165
Robots Locations 0-(5,6) 1-(2,1) 2-(13,12) 3-(10,2) 4-(12,13)
Target Locations:  0-(5,6) 1-(2,1) 2-(13,12) 3-(6,1) 4-(14,13) 5-(10,8)
Task Assignment: 0-0 2-2 1-1 3-3 4-4
Robot 2 finished At time 166
Time 168
Robots Locations 0-(5,6) 1-(2,1) 2-(13,12) 3-(10,2) 4-(12,13)
Target Locations:  0-(5,6) 1-(2,1) 2-(6,1) 3-(14,13) 4-(10,8) 5-(12,5)
Task Assignment: 0-0 1-1 3-2 4-3 2-4
Robot 0 finished At time 169
Time 171
Robots Locations 0-(5,6) 1-(2,1) 2-(13,11) 3-(9,2) 4-(13,13)
Target Locations:  0-(2,1) 1-(6,1) 2-(14,13) 3-(10,8) 4-(12,5) 5-(11,9)
Task Assignment: 1-0 3-1 4-2 2-3 0-5
Robot 1 finished At time 172
Time 174
Robots Locations 0-(5,6) 1-(2,1) 2-(13,11) 3-(9,2) 4-(13,13)
Target Locations:  0-(6,1) 1-(14,13) 2-(10,8) 3-(12,5) 4-(11,9) 5-(6,9)
Task Assignment: 3-0 4-1 2-2 0-4 1-5
Robot 4 finished At time 177
Time 179
Robots Locations 0-(6,6) 1-(2,3) 2-(11,10) 3-(7,1) 4-(14,13)
Target Locations:  0-(6,1) 1-(10,8) 2-(12,5) 3-(11,9) 4-(6,9) 5-(15,6)
Task Assignment: 3-0 2-1 0-3 1-4 4-5
Robot 3 finished At time 183
Time 185
Robots Locations 0-(8,7) 1-(3,5) 2-(10,8) 3-(6,1) 4-(15,11)
Target Locations:  0-(10,8) 1-(12,5) 2-(11,9) 3-(6,9) 4-(15,6) 5-(1,15)
Task Assignment: 2-0 0-2 1-3 4-4 3-1
Robot 2 finished At time 186
Time 188
Robots Locations 0-(9,8) 1-(4,5) 2-(10,8) 3-(5,1) 4-(15,10)
Target Locations:  0-(12,5) 1-(11,9) 2-(6,9) 3-(15,6) 4-(1,15) 5-(1,5)
Task Assignment: 0-1 1-2 4-3 3-0 2-5
Robot 0 finished At time 196
Time 198
Robots Locations 0-(11,9) 1-(6,9) 2-(7,7) 3-(9,3) 4-(15,6)
Target Locations:  0-(12,5) 1-(6,9) 2-(15,6) 3-(1,15) 4-(1,5) 5-(8,6)
Task Assignment: 1-1 4-2 3-0 2-4 0-5
Robot 4 finished At time 200
Time 203
Robots Locations 0-(12,8) 1-(6,9) 2-(6,6) 3-(10,4) 4-(15,6)
Target Locations:  0-(12,5) 1-(6,9) 2-(1,15) 3-(1,5) 4-(8,6) 5-(12,10)
Task Assignment: 1-1 3-0 2-3 0-4 4-5
Robot 1 finished At time 203
Time 205
Robots Locations 0-(11,8) 1-(6,9) 2-(6,6) 3-(10,4) 4-(15,6)
Target Locations:  0-(12,5) 1-(1,15) 2-(1,5) 3-(8,6) 4-(12,10) 5-(1,1)
Task Assignment: 3-0 2-2 0-3 4-4 1-1
Robot 3 finished At time 211
Time 213
Robots Locations 0-(9,6) 1-(4,12) 2-(3,5) 3-(12,5) 4-(13,8)
Target Locations:  0-(1,15) 1-(1,5) 2-(8,6) 3-(12,10) 4-(1,1) 5-(15,12)
Task Assignment: 2-1 0-2 4-3 1-0 3-5
Robot 0 finished At time 216
Time 218
Robots Locations 0-(8,6) 1-(3,13) 2-(1,5) 3-(13,7) 4-(12,9)
Target Locations:  0-(1,15) 1-(1,5) 2-(12,10) 3-(1,1) 4-(15,12) 5-(8,9)
Task Assignment: 2-1 4-2 1-0 3-4 0-5
Robot 2 finished At time 220
Time 223
Robots Locations 0-(7,6) 1-(2,14) 2-(1,5) 3-(13,7) 4-(12,10)
Target Locations:  0-(1,15) 1-(12,10) 2-(1,1) 3-(15,12) 4-(8,9) 5-(6,6)
Task Assignment: 4-1 1-0 3-3 0-4 2-2
Robot 4 finished At time 224
Time 226
Robots Locations 0-(7,7) 1-(2,14) 2-(1,5) 3-(13,8) 4-(12,10)
Target Locations:  0-(1,15) 1-(1,1) 2-(15,12) 3-(8,9) 4-(6,6) 5-(2,14)
Task Assignment: 1-0 3-2 0-3 2-1 4-4
Robot 1 finished At time 230
Time 232
Robots Locations 0-(8,9) 1-(1,15) 2-(1,2) 3-(14,10) 4-(10,9)
Target Locations:  0-(1,1) 1-(15,12) 2-(8,9) 3-(6,6) 4-(2,14) 5-(14,3)
Task Assignment: 3-1 0-2 2-0 4-3 1-4
Robot 0 finished At time 233
Time 235
Robots Locations 0-(8,9) 1-(1,16) 2-(1,2) 3-(14,11) 4-(10,9)
Target Locations:  0-(1,1) 1-(15,12) 2-(6,6) 3-(2,14) 4-(14,3) 5-(3,10)
Task Assignment: 3-1 2-0 4-2 1-3 0-5
Robot 2 finished At time 239
Time 241
Robots Locations 0-(7,10) 1-(2,15) 2-(1,1) 3-(15,12) 4-(8,8)
Target Locations:  0-(15,12) 1-(6,6) 2-(2,14) 3-(14,3) 4-(3,10) 5-(13,3)
Task Assignment: 3-0 4-1 1-2 0-4 2-5
Robot 3 finished At time 242
Time 244
Robots Locations 0-(6,10) 1-(2,14) 2-(2,1) 3-(15,12) 4-(8,7)
Target Locations:  0-(6,6) 1-(2,14) 2-(14,3) 3-(3,10) 4-(13,3)
Task Assignment: 4-0 1-1 0-3 2-4 3-2
Robot 1 finished At time 246
Robot 4 finished At time 250
Robot 0 finished At time 251
Robot 3 finished At time 262
Robot 2 finished At time 264
number of collisions is 244
/BLE
Time 2
Robots Locations 0-(3,2) 1-(6,6) 2-(9,10) 3-(12,12) 4-(15,15)
Target Locations:  0-(10,10) 1-(8,3) 2-(13,5) 3-(14,9) 4-(7,15) 5-(13,1)
Task Assignment: 2-0 3-3 1-1 4-4 0-5
Robot 2 finished At time 8
Time 10
Robots Locations 0-(6,2) 1-(8,3) 2-(10,10) 3-(13,11) 4-(13,16)
Target Locations:  0-(8,3) 1-(13,5) 2-(14,9) 3-(7,15) 4-(13,1) 5-(6,13)
Task Assignment: 1-0 3-2 2-5 4-3 0-4
Robot 1 finished At time 11
Time 13
Robots Locations 0-(7,2) 1-(8,3) 2-(11,10) 3-(14,10) 4-(12,15)
Target Locations:  0-(13,5) 1-(14,9) 2-(7,15) 3-(13,1) 4-(6,13) 5-(14,8)
Task Assignment: 3-1 2-5 4-2 1-0 0-3
Robot 3 finished At time 17
Time 19
Robots Locations 0-(9,1) 1-(10,3) 2-(12,10) 3-(14,9) 4-(10,15)
Target Locations:  0-(13,5) 1-(7,15) 2-(13,1) 3-(6,13) 4-(14,8) 5-(2,3)
Task Assignment: 3-4 4-1 1-0 0-2 2-3
Robot 3 finished At time 23
Time 25
Robots Locations 0-(11,1) 1-(11,4) 2-(11,10) 3-(14,8) 4-(8,15)
Target Locations:  0-(13,5) 1-(7,15) 2-(13,1) 3-(6,13) 4-(2,3) 5-(4,6)
Task Assignment: 4-1 0-2 1-0 2-3 3-5
Robot 4 finished At time 28
Time 30
Robots Locations 0-(13,1) 1-(13,5) 2-(9,11) 3-(12,7) 4-(7,15)
Target Locations:  0-(13,5) 1-(13,1) 2-(6,13) 3-(2,3) 4-(4,6) 5-(14,14)
Task Assignment: 0-1 1-0 4-2 2-5 3-4
Robot 1 finished At time 32
Time 34
Robots Locations 0-(13,1) 1-(13,5) 2-(9,12) 3-(12,7) 4-(7,14)
Target Locations:  0-(13,1) 1-(6,13) 2-(2,3) 3-(4,6) 4-(14,14) 5-(1,9)
Task Assignment: 0-0 4-1 2-4 3-3 1-2
Robot 0 finished At time 35
Time 37
Robots Locations 0-(13,1) 1-(13,5) 2-(9,12) 3-(11,7) 4-(6,14)
Target Locations:  0-(6,13) 1-(2,3) 2-(4,6) 3-(14,14) 4-(1,9) 5-(4,4)
Task Assignment: 4-0 2-3 3-2 1-5 0-1
Robot 4 finished At time 41
Time 43
Robots Locations 0-(12,2) 1-(11,6) 2-(11,13) 3-(9,7) 4-(6,13)
Target Locations:  0-(2,3) 1-(4,6) 2-(14,14) 3-(1,9) 4-(4,4) 5-(9,1)
Task Assignment: 0-5 2-2 3-1 4-3 1-4
Robot 2 finished At time 50
Time 52
Robots Locations 0-(9,1) 1-(8,5) 2-(14,14) 3-(5,6) 4-(3,11)
Target Locations:  0-(2,3) 1-(4,6) 2-(1,9) 3-(4,4) 4-(9,1) 5-(6,12)
Task Assignment: 0-4 3-1 4-2 1-3 2-5
Robot 0 finished At time 53
Time 55
Robots Locations 0-(9,1) 1-(7,5) 2-(14,14) 3-(5,6) 4-(3,10)
Target Locations:  0-(2,3) 1-(4,6) 2-(1,9) 3-(4,4) 4-(6,12) 5-(5,13)
Task Assignment: 3-1 4-2 1-3 0-0 2-4
Robot 3 finished At time 58
Time 60
Robots Locations 0-(7,1) 1-(6,4) 2-(13,15) 3-(4,6) 4-(2,9)
Target Locations:  0-(2,3) 1-(1,9) 2-(4,4) 3-(6,12) 4-(5,13) 5-(7,8)
Task Assignment: 4-1 1-2 3-5 0-0 2-3
Robot 4 finished At time 63
Time 65
Robots Locations 0-(6,2) 1-(4,4) 2-(12,14) 3-(4,7) 4-(1,9)
Target Locations:  0-(2,3) 1-(4,4) 2-(6,12) 3-(5,13) 4-(7,8) 5-(12,7)
Task Assignment: 1-1 3-4 0-0 4-3 2-2
Robot 1 finished At time 67
Time 69
Robots Locations 0-(5,2) 1-(4,4) 2-(11,14) 3-(5,7) 4-(0,9)
Target Locations:  0-(2,3) 1-(6,12) 2-(5,13) 3-(7,8) 4-(12,7) 5-(2,6)
Task Assignment: 3-3 1-0 4-5 2-1 0-4
Robot 1 finished At time 75
Time 77
Robots Locations 0-(7,4) 1-(2,3) 2-(8,13) 3-(7,8) 4-(2,8)
Target Locations:  0-(6,12) 1-(5,13) 2-(7,8) 3-(12,7) 4-(2,6) 5-(15,11)
Task Assignment: 3-2 4-4 2-0 0-3 1-1
Robot 3 finished At time 77
Time 79
Robots Locations 0-(7,4) 1-(2,3) 2-(8,13) 3-(7,8) 4-(2,8)
Target Locations:  0-(6,12) 1-(5,13) 2-(12,7) 3-(2,6) 4-(15,11) 5-(10,15)
Task Assignment: 4-3 2-0 3-2 0-1 1-5
Robot 4 finished At time 84
Time 86
Robots Locations 0-(6,7) 1-(2,5) 2-(6,12) 3-(10,7) 4-(2,6)
Target Locations:  0-(6,12) 1-(5,13) 2-(12,7) 3-(15,11) 4-(10,15) 5-(13,14)
Task Assignment: 2-0 3-2 0-1 4-4 1-5
Robot 2 finished At time 87
Time 89
Robots Locations 0-(6,7) 1-(3,5) 2-(6,12) 3-(10,7) 4-(2,6)
Target Locations:  0-(5,13) 1-(12,7) 2-(15,11) 3-(10,15) 4-(13,14) 5-(4,13)
Task Assignment: 2-0 3-1 0-5 4-3 1-2
Robot 2 finished At time 94
Time 96
Robots Locations 0-(5,9) 1-(5,6) 2-(5,13) 3-(12,7) 4-(4,8)
Target Locations:  0-(12,7) 1-(15,11) 2-(10,15) 3-(13,14) 4-(4,13) 5-(9,11)
Task Assignment: 3-0 2-4 0-5 4-2 1-1
Robot 3 finished At time 97
Time 99
Robots Locations 0-(6,10) 1-(5,6) 2-(5,13) 3-(12,7) 4-(4,8)
Target Locations:  0-(15,11) 1-(10,15) 2-(13,14) 3-(4,13) 4-(9,11) 5-(7,13)
Task Assignment: 2-3 0-4 3-0 4-5 1-1
Robot 2 finished At time 102
Time 104
Robots Locations 0-(7,10) 1-(6,8) 2-(4,13) 3-(13,8) 4-(5,9)
Target Locations:  0-(15,11) 1-(10,15) 2-(13,14) 3-(9,11) 4-(7,13) 5-(12,2)
Task Assignment: 0-3 2-4 3-0 4-1 1-5
Robot 0 finished At time 109
Time 111
Robots Locations 0-(9,11) 1-(8,6) 2-(6,13) 3-(15,10) 4-(7,11)
Target Locations:  0-(15,11) 1-(10,15) 2-(13,14) 3-(7,13) 4-(12,2) 5-(5,6)
Task Assignment: 3-0 2-3 1-5 0-1 4-2
Robot 3 finished At time 114
Time 116
Robots Locations 0-(9,12) 1-(7,6) 2-(7,13) 3-(15,11) 4-(8,12)
Target Locations:  0-(10,15) 1-(13,14) 2-(7,13) 3-(12,2) 4-(5,6) 5-(2,1)
Task Assignment: 2-2 1-4 0-0 3-1 4-3
Robot 2 finished At time 118
Time 120
Robots Locations 0-(10,13) 1-(7,6) 2-(7,13) 3-(15,12) 4-(9,12)
Target Locations:  0-(10,15) 1-(13,14) 2-(12,2) 3-(5,6) 4-(2,1) 5-(14,4)
Task Assignment: 0-0 1-3 3-1 4-5 2-2
Robot 1 finished At time 125
Time 127
Robots Locations 0-(10,15) 1-(5,6) 2-(8,11) 3-(13,14) 4-(10,10)
Target Locations:  0-(10,15) 1-(13,14) 2-(12,2) 3-(2,1) 4-(14,4) 5-(13,12)
Task Assignment: 0-0 3-1 4-5 1-3 2-4
Robot 0 finished At time 127
Time 129
Robots Locations 0-(10,15) 1-(5,6) 2-(8,11) 3-(13,14) 4-(10,10)
Target Locations:  0-(13,14) 1-(12,2) 2-(2,1) 3-(14,4) 4-(13,12) 5-(12,13)
Task Assignment: 3-0 0-5 4-4 1-2 2-3
Robot 3 finished At time 132
Time 134
Robots Locations 0-(11,15) 1-(4,5) 2-(9,10) 3-(13,14) 4-(11,10)
Target Locations:  0-(12,2) 1-(2,1) 2-(14,4) 3-(13,12) 4-(12,13) 5-(6,1)
Task Assignment: 3-4 4-3 1-1 2-2 0-0
Robot 4 finished At time 140
Time 142
Robots Locations 0-(11,11) 1-(2,2) 2-(11,7) 3-(12,13) 4-(13,12)
Target Locations:  0-(12,2) 1-(2,1) 2-(14,4) 3-(12,13) 4-(6,1) 5-(14,13)
Task Assignment: 3-3 1-1 4-5 2-2 0-0
Robot 3 finished At time 143
Time 145
Robots Locations 0-(11,11) 1-(2,2) 2-(11,7) 3-(12,13) 4-(13,12)
Target Locations:  0-(12,2) 1-(2,1) 2-(14,4) 3-(6,1) 4-(14,13) 5-(10,8)
Task Assignment: 1-1 4-4 2-5 0-2 3-0
Robot 1 finished At time 148
Time 150
Robots Locations 0-(12,10) 1-(2,1) 2-(11,7) 3-(12,12) 4-(14,13)
Target Locations:  0-(12,2) 1-(14,4) 2-(6,1) 3-(14,13) 4-(10,8) 5-(12,5)
Task Assignment: 4-3 2-4 1-2 0-5 3-1
Robot 4 finished At time 151
Time 153
Robots Locations 0-(12,9) 1-(2,0) 2-(10,7) 3-(12,11) 4-(14,13)
Target Locations:  0-(12,2) 1-(14,4) 2-(6,1) 3-(10,8) 4-(12,5) 5-(11,9)
Task Assignment: 0-5 2-3 1-2 3-4 4-1
Robot 2 finished At time 156
Time 158
Robots Locations 0-(11,9) 1-(4,1) 2-(10,8) 3-(12,9) 4-(15,12)
Target Locations:  0-(12,2) 1-(14,4) 2-(6,1) 3-(12,5) 4-(11,9) 5-(6,9)
Task Assignment: 0-4 1-2 2-3 3-1 4-5
Robot 0 finished At time 160
Time 162
Robots Locations 0-(11,9) 1-(5,1) 2-(10,9) 3-(12,8) 4-(14,12)
Target Locations:  0-(12,2) 1-(14,4) 2-(6,1) 3-(12,5) 4-(6,9) 5-(15,6)
Task Assignment: 1-2 3-3 2-4 0-5 4-1
Robot 1 finished At time 166
Time 168
Robots Locations 0-(13,8) 1-(6,1) 2-(8,9) 3-(12,6) 4-(14,10)
Target Locations:  0-(12,2) 1-(14,4) 2-(12,5) 3-(6,9) 4-(15,6) 5-(1,15)
Task Assignment: 3-2 2-3 0-4 4-1 1-0
Robot 3 finished At time 172
Time 174
Robots Locations 0-(14,7) 1-(8,1) 2-(6,9) 3-(12,5) 4-(14,8)
Target Locations:  0-(12,2) 1-(14,4) 2-(6,9) 3-(15,6) 4-(1,15) 5-(1,5)
Task Assignment: 2-2 0-3 3-1 1-0 4-5
Robot 2 finished At time 177
Time 178
Robots Locations 0-(15,6) 1-(10,2) 2-(6,9) 3-(13,4) 4-(13,7)
Target Locations:  0-(12,2) 1-(14,4) 2-(15,6) 3-(1,15) 4-(1,5) 5-(8,6)
Task Assignment: 0-2 3-1 1-0 2-5 4-4
Robot 0 finished At time 179
Time 181
Robots Locations 0-(15,6) 1-(10,2) 2-(6,9) 3-(13,4) 4-(13,7)
Target Locations:  0-(12,2) 1-(14,4) 2-(1,15) 3-(1,5) 4-(8,6) 5-(12,10)
Task Assignment: 3-1 1-0 4-5 2-4 0-3
Robot 3 finished At time 184
Time 186
Robots Locations 0-(14,5) 1-(12,2) 2-(6,8) 3-(14,4) 4-(12,9)
Target Locations:  0-(12,2) 1-(1,15) 2-(1,5) 3-(8,6) 4-(12,10) 5-(1,1)
Task Assignment: 1-0 4-4 2-3 0-2 3-5
Robot 1 finished At time 189
Time 191
Robots Locations 0-(13,5) 1-(12,2) 2-(7,7) 3-(14,3) 4-(12,10)
Target Locations:  0-(1,15) 1-(1,5) 2-(8,6) 3-(12,10) 4-(1,1) 5-(15,12)
Task Assignment: 4-3 2-2 0-5 1-4 3-1
Robot 4 finished At time 193
Time 195
Robots Locations 0-(12,6) 1-(12,3) 2-(8,6) 3-(13,3) 4-(12,10)
Target Locations:  0-(1,15) 1-(1,5) 2-(8,6) 3-(1,1) 4-(15,12) 5-(8,9)
Task Assignment: 2-2 4-4 0-5 1-3 3-1
Robot 2 finished At time 197
Time 199
Robots Locations 0-(12,7) 1-(11,3) 2-(8,6) 3-(13,3) 4-(13,11)
Target Locations:  0-(1,15) 1-(1,5) 2-(1,1) 3-(15,12) 4-(8,9) 5-(6,6)
Task Assignment: 2-5 4-3 0-4 1-2 3-1
Robot 4 finished At time 205
Time 207
Robots Locations 0-(9,9) 1-(8,2) 2-(6,6) 3-(9,3) 4-(15,12)
Target Locations:  0-(1,15) 1-(1,5) 2-(1,1) 3-(8,9) 4-(6,6) 5-(2,14)
Task Assignment: 2-4 0-3 1-2 3-1 4-5
Robot 2 finished At time 208
Time 210
Robots Locations 0-(8,9) 1-(8,2) 2-(6,6) 3-(9,3) 4-(15,12)
Target Locations:  0-(1,15) 1-(1,5) 2-(1,1) 3-(8,9) 4-(2,14) 5-(14,3)
Task Assignment: 0-3 3-5 2-1 1-2 4-4
Robot 0 finished At time 213
Time 215
Robots Locations 0-(8,9) 1-(6,2) 2-(5,6) 3-(9,4) 4-(14,13)
Target Locations:  0-(1,15) 1-(1,5) 2-(1,1) 3-(2,14) 4-(14,3) 5-(3,10)
Task Assignment: 2-1 1-2 3-4 0-5 4-3
Robot 2 finished At time 223
Time 225
Robots Locations 0-(3,10) 1-(2,1) 2-(1,5) 3-(14,3) 4-(10,13)
Target Locations:  0-(1,15) 1-(1,1) 2-(2,14) 3-(14,3) 4-(3,10) 5-(13,3)
Task Assignment: 0-4 3-3 1-1 4-2 2-0
Robot 0 finished At time 227
Time 229
Robots Locations 0-(3,10) 1-(1,1) 2-(0,6) 3-(14,3) 4-(8,13)
Target Locations:  0-(1,15) 1-(1,1) 2-(2,14) 3-(14,3) 4-(13,3)
Task Assignment: 3-3 1-1 0-2 4-0 2-4
Robot 3 finished At time 230
Robot 1 finished At time 230
Robot 0 finished At time 237
Robot 4 finished At time 251
Robot 2 finished At time 262
number of collisions is 123
/mmdr
Time 2
Robots Locations 0-(3,3) 1-(6,6) 2-(9,9) 3-(12,12) 4-(15,15)
Target Locations:  0-(10,10) 1-(8,3) 2-(13,5) 3-(14,9) 4-(7,15) 5-(13,1)
Task Assignment: 0-1 1-0 2-2 3-4 4-3
Robot 1 finished At time 13
Time 15
Robots Locations 0-(8,3) 1-(10,10) 2-(12,6) 3-(7,15) 4-(14,9)
Target Locations:  0-(8,3) 1-(13,5) 2-(14,9) 3-(7,15) 4-(13,1) 5-(6,13)
Task Assignment: 0-0 1-5 2-1 3-3 4-2
Robot 0 finished At time 15
Time 18
Robots Locations 0-(8,3) 1-(10,10) 2-(12,6) 3-(7,15) 4-(14,9)
Target Locations:  0-(13,5) 1-(14,9) 2-(7,15) 3-(13,1) 4-(6,13) 5-(14,8)
Task Assignment: 0-3 1-5 2-0 3-2 4-1
Robot 3 finished At time 19
Time 22
Robots Locations 0-(9,3) 1-(11,10) 2-(13,6) 3-(7,15) 4-(14,9)
Target Locations:  0-(13,5) 1-(14,9) 2-(13,1) 3-(6,13) 4-(14,8) 5-(2,3)
Task Assignment: 0-2 1-4 2-0 3-3 4-1
Robot 4 finished At time 23
Time 26
Robots Locations 0-(9,2) 1-(11,10) 2-(13,5) 3-(6,15) 4-(14,9)
Target Locations:  0-(13,5) 1-(13,1) 2-(6,13) 3-(14,8) 4-(2,3) 5-(4,6)
Task Assignment: 0-5 1-3 2-1 3-2 4-0
Robot 3 finished At time 31
Time 33
Robots Locations 0-(9,4) 1-(14,8) 2-(13,2) 3-(6,13) 4-(13,6)
Target Locations:  0-(13,5) 1-(13,1) 2-(14,8) 3-(2,3) 4-(4,6) 5-(14,14)
Task Assignment: 0-0 1-5 2-1 3-4 4-2
Robot 2 finished At time 38
Time 40
Robots Locations 0-(10,5) 1-(14,10) 2-(13,1) 3-(5,11) 4-(14,7)
Target Locations:  0-(13,5) 1-(14,8) 2-(2,3) 3-(4,6) 4-(14,14) 5-(1,9)
Task Assignment: 0-3 1-4 2-0 3-5 4-1
Robot 4 finished At time 44
Time 46
Robots Locations 0-(9,6) 1-(14,12) 2-(14,2) 3-(4,10) 4-(14,8)
Target Locations:  0-(13,5) 1-(2,3) 2-(4,6) 3-(14,14) 4-(1,9) 5-(4,4)
Task Assignment: 0-2 1-3 2-0 3-4 4-5
Robot 1 finished At time 51
Time 53
Robots Locations 0-(7,6) 1-(14,14) 2-(13,4) 3-(1,9) 4-(12,8)
Target Locations:  0-(13,5) 1-(2,3) 2-(4,6) 3-(1,9) 4-(4,4) 5-(9,1)
Task Assignment: 0-2 1-0 2-5 3-3 4-4
Robot 3 finished At time 55
Time 58
Robots Locations 0-(6,6) 1-(13,14) 2-(12,4) 3-(1,9) 4-(11,7)
Target Locations:  0-(13,5) 1-(2,3) 2-(4,6) 3-(4,4) 4-(9,1) 5-(6,12)
Task Assignment: 0-3 1-5 2-4 3-2 4-0
Robot 0 finished At time 64
Time 66
Robots Locations 0-(4,4) 1-(10,13) 2-(10,2) 3-(3,7) 4-(13,5)
Target Locations:  0-(13,5) 1-(2,3) 2-(4,6) 3-(9,1) 4-(6,12) 5-(5,13)
Task Assignment: 0-1 1-4 2-3 3-2 4-0
Robot 4 finished At time 69
Time 71
Robots Locations 0-(3,3) 1-(9,13) 2-(9,1) 3-(4,6) 4-(13,5)
Target Locations:  0-(2,3) 1-(4,6) 2-(9,1) 3-(6,12) 4-(5,13) 5-(7,8)
Task Assignment: 0-0 1-3 2-2 3-1 4-5
Robot 2 finished At time 73
Time 76
Robots Locations 0-(2,3) 1-(8,13) 2-(9,1) 3-(4,6) 4-(13,4)
Target Locations:  0-(2,3) 1-(4,6) 2-(6,12) 3-(5,13) 4-(7,8) 5-(12,7)
Task Assignment: 0-0 1-2 2-4 3-1 4-5
Robot 3 finished At time 76
Time 79
Robots Locations 0-(2,3) 1-(8,12) 2-(9,1) 3-(4,6) 4-(13,4)
Target Locations:  0-(2,3) 1-(6,12) 2-(5,13) 3-(7,8) 4-(12,7) 5-(2,6)
Task Assignment: 0-0 1-1 2-3 3-5 4-4
Robot 0 finished At time 80
Time 83
Robots Locations 0-(2,3) 1-(7,12) 2-(8,1) 3-(4,5) 4-(12,5)
Target Locations:  0-(6,12) 1-(5,13) 2-(7,8) 3-(12,7) 4-(2,6) 5-(15,11)
Task Assignment: 0-4 1-0 2-3 3-2 4-5
Robot 1 finished At time 86
Time 89
Robots Locations 0-(2,4) 1-(6,12) 2-(9,3) 3-(4,6) 4-(13,6)
Target Locations:  0-(5,13) 1-(7,8) 2-(12,7) 3-(2,6) 4-(15,11) 5-(10,15)
Task Assignment: 0-3 1-0 2-2 3-1 4-4
Robot 1 finished At time 93
Time 96
Robots Locations 0-(2,6) 1-(5,13) 2-(11,5) 3-(6,8) 4-(14,9)
Target Locations:  0-(7,8) 1-(12,7) 2-(2,6) 3-(15,11) 4-(10,15) 5-(13,14)
Task Assignment: 0-2 1-4 2-1 3-0 4-3
Robot 0 finished At time 96
Time 99
Robots Locations 0-(2,6) 1-(5,13) 2-(11,5) 3-(6,8) 4-(14,9)
Target Locations:  0-(7,8) 1-(12,7) 2-(15,11) 3-(10,15) 4-(13,14) 5-(4,13)
Task Assignment: 0-0 1-3 2-1 3-5 4-2
Robot 4 finished At time 105
Time 107
Robots Locations 0-(5,7) 1-(8,14) 2-(12,7) 3-(5,11) 4-(15,11)
Target Locations:  0-(7,8) 1-(12,7) 2-(10,15) 3-(13,14) 4-(4,13) 5-(9,11)
Task Assignment: 0-0 1-2 2-1 3-4 4-3
Robot 2 finished At time 107
Time 110
Robots Locations 0-(5,7) 1-(8,14) 2-(12,7) 3-(5,11) 4-(15,11)
Target Locations:  0-(7,8) 1-(10,15) 2-(13,14) 3-(4,13) 4-(9,11) 5-(7,13)
Task Assignment: 0-0 1-5 2-4 3-3 4-2
Robot 0 finished At time 115
Time 118
Robots Locations 0-(7,8) 1-(7,13) 2-(10,9) 3-(4,13) 4-(13,14)
Target Locations:  0-(10,15) 1-(13,14) 2-(4,13) 3-(9,11) 4-(7,13) 5-(12,2)
Task Assignment: 0-4 1-0 2-3 3-2 4-1
Robot 3 finished At time 119
Time 122
Robots Locations 0-(7,9) 1-(6,13) 2-(10,10) 3-(4,13) 4-(13,14)
Target Locations:  0-(10,15) 1-(13,14) 2-(9,11) 3-(7,13) 4-(12,2) 5-(5,6)
Task Assignment: 0-5 1-0 2-2 3-3 4-1
Robot 4 finished At time 124
Time 126
Robots Locations 0-(7,9) 1-(7,14) 2-(9,11) 3-(4,14) 4-(13,14)
Target Locations:  0-(10,15) 1-(9,11) 2-(7,13) 3-(12,2) 4-(5,6) 5-(2,1)
Task Assignment: 0-3 1-1 2-4 3-2 4-0
Robot 3 finished At time 133
Time 136
Robots Locations 0-(9,6) 1-(9,11) 2-(7,8) 3-(7,13) 4-(10,15)
Target Locations:  0-(10,15) 1-(9,11) 2-(12,2) 3-(5,6) 4-(2,1) 5-(14,4)
Task Assignment: 0-5 1-3 2-2 3-1 4-0
Robot 4 finished At time 137
Time 139
Robots Locations 0-(9,6) 1-(9,11) 2-(7,8) 3-(7,13) 4-(10,15)
Target Locations:  0-(9,11) 1-(12,2) 2-(5,6) 3-(2,1) 4-(14,4) 5-(13,12)
Task Assignment: 0-4 1-2 2-1 3-0 4-5
Robot 3 finished At time 146
Time 148
Robots Locations 0-(12,5) 1-(7,8) 2-(9,5) 3-(9,11) 4-(12,13)
Target Locations:  0-(12,2) 1-(5,6) 2-(2,1) 3-(14,4) 4-(13,12) 5-(12,13)
Task Assignment: 0-3 1-1 2-0 3-5 4-4
Robot 0 finished At time 153
Time 155
Robots Locations 0-(14,4) 1-(5,6) 2-(11,3) 3-(11,12) 4-(13,12)
Target Locations:  0-(12,2) 1-(5,6) 2-(2,1) 3-(13,12) 4-(12,13) 5-(6,1)
Task Assignment: 0-0 1-1 2-5 3-4 4-3
Robot 4 finished At time 156
Time 158
Robots Locations 0-(14,4) 1-(5,6) 2-(11,3) 3-(11,12) 4-(13,12)
Target Locations:  0-(12,2) 1-(5,6) 2-(2,1) 3-(12,13) 4-(6,1) 5-(14,13)
Task Assignment: 0-0 1-1 2-4 3-3 4-5
Robot 1 finished At time 160
Time 162
Robots Locations 0-(14,3) 1-(5,6) 2-(11,2) 3-(12,13) 4-(14,12)
Target Locations:  0-(12,2) 1-(2,1) 2-(12,13) 3-(6,1) 4-(14,13) 5-(10,8)
Task Assignment: 0-0 1-1 2-3 3-2 4-4
Robot 3 finished At time 165
Time 167
Robots Locations 0-(13,3) 1-(4,5) 2-(9,2) 3-(12,13) 4-(14,13)
Target Locations:  0-(12,2) 1-(2,1) 2-(6,1) 3-(14,13) 4-(10,8) 5-(12,5)
Task Assignment: 0-0 1-1 2-2 3-4 4-3
Robot 4 finished At time 169
Time 171
Robots Locations 0-(12,2) 1-(4,4) 2-(9,2) 3-(12,13) 4-(14,13)
Target Locations:  0-(12,2) 1-(2,1) 2-(6,1) 3-(10,8) 4-(12,5) 5-(11,9)
Task Assignment: 0-0 1-1 2-2 3-3 4-5
Robot 0 finished At time 174
Time 176
Robots Locations 0-(12,2) 1-(3,3) 2-(7,1) 3-(12,12) 4-(13,13)
Target Locations:  0-(2,1) 1-(6,1) 2-(10,8) 3-(12,5) 4-(11,9) 5-(6,9)
Task Assignment: 0-3 1-0 2-1 3-2 4-4
Robot 2 finished At time 181
Time 183
Robots Locations 0-(12,4) 1-(2,1) 2-(6,1) 3-(11,10) 4-(12,11)
Target Locations:  0-(2,1) 1-(10,8) 2-(12,5) 3-(11,9) 4-(6,9) 5-(15,6)
Task Assignment: 0-5 1-0 2-2 3-1 4-3
Robot 1 finished At time 185
Time 188
Robots Locations 0-(12,4) 1-(2,1) 2-(5,2) 3-(11,9) 4-(12,10)
Target Locations:  0-(10,8) 1-(12,5) 2-(11,9) 3-(6,9) 4-(15,6) 5-(1,15)
Task Assignment: 0-4 1-3 2-1 3-0 4-2
Robot 3 finished At time 191
Time 194
Robots Locations 0-(14,5) 1-(2,2) 2-(7,3) 3-(10,8) 4-(11,9)
Target Locations:  0-(12,5) 1-(11,9) 2-(6,9) 3-(15,6) 4-(1,15) 5-(1,5)
Task Assignment: 0-3 1-5 2-0 3-2 4-1
Robot 4 finished At time 195
Time 197
Robots Locations 0-(15,6) 1-(2,2) 2-(8,3) 3-(10,8) 4-(11,9)
Target Locations:  0-(12,5) 1-(6,9) 2-(15,6) 3-(1,15) 4-(1,5) 5-(8,6)
Task Assignment: 0-2 1-4 2-5 3-1 4-0
Robot 0 finished At time 200
Time 202
Robots Locations 0-(15,6) 1-(1,4) 2-(8,4) 3-(8,8) 4-(11,8)
Target Locations:  0-(12,5) 1-(6,9) 2-(1,15) 3-(1,5) 4-(8,6) 5-(12,10)
Task Assignment: 0-0 1-3 2-4 3-1 4-5
Robot 1 finished At time 206
Time 209
Robots Locations 0-(14,6) 1-(1,5) 2-(8,6) 3-(6,9) 4-(12,8)
Target Locations:  0-(12,5) 1-(6,9) 2-(1,15) 3-(8,6) 4-(12,10) 5-(1,1)
Task Assignment: 0-0 1-5 2-3 3-1 4-4
Robot 2 finished At time 211
Time 213
Robots Locations 0-(13,6) 1-(0,5) 2-(8,6) 3-(6,9) 4-(12,9)
Target Locations:  0-(12,5) 1-(6,9) 2-(1,15) 3-(12,10) 4-(1,1) 5-(15,12)
Task Assignment: 0-3 1-4 2-0 3-1 4-5
Robot 3 finished At time 214
Time 217
Robots Locations 0-(13,6) 1-(0,5) 2-(8,6) 3-(6,9) 4-(12,10)
Target Locations:  0-(12,5) 1-(1,15) 2-(12,10) 3-(1,1) 4-(15,12) 5-(8,9)
Task Assignment: 0-2 1-3 2-0 3-5 4-4
Robot 3 finished At time 225
Time 227
Robots Locations 0-(12,10) 1-(1,1) 2-(12,5) 3-(8,9) 4-(15,12)
Target Locations:  0-(12,5) 1-(1,15) 2-(12,10) 3-(1,1) 4-(15,12) 5-(6,6)
Task Assignment: 0-2 1-3 2-0 3-5 4-4
Robot 1 finished At time 228
Time 230
Robots Locations 0-(12,10) 1-(1,1) 2-(12,5) 3-(8,9) 4-(15,12)
Target Locations:  0-(12,5) 1-(1,15) 2-(12,10) 3-(15,12) 4-(6,6) 5-(2,14)
Task Assignment: 0-2 1-4 2-0 3-5 4-3
Robot 0 finished At time 231
Time 233
Robots Locations 0-(12,10) 1-(1,1) 2-(12,5) 3-(8,9) 4-(15,12)
Target Locations:  0-(12,5) 1-(1,15) 2-(15,12) 3-(6,6) 4-(2,14) 5-(14,3)
Task Assignment: 0-0 1-3 2-5 3-4 4-2
Robot 4 finished At time 234
Time 236
Robots Locations 0-(12,10) 1-(1,1) 2-(12,5) 3-(8,9) 4-(15,12)
Target Locations:  0-(12,5) 1-(1,15) 2-(6,6) 3-(2,14) 4-(14,3) 5-(3,10)
Task Assignment: 0-5 1-2 2-4 3-3 4-0
Robot 2 finished At time 243
Time 245
Robots Locations 0-(8,10) 1-(4,3) 2-(14,3) 3-(6,10) 4-(14,9)
Target Locations:  0-(12,5) 1-(1,15) 2-(6,6) 3-(2,14) 4-(3,10) 5-(13,3)
Task Assignment: 0-4 1-2 2-5 3-3 4-0
Robot 2 finished At time 251
Time 254
Robots Locations 0-(5,10) 1-(6,6) 2-(13,3) 3-(3,12) 4-(13,6)
Target Locations:  0-(12,5) 1-(1,15) 2-(6,6) 3-(2,14) 4-(3,10)
Task Assignment: 0-3 1-4 2-2 3-1 4-0
Robot 4 finished At time 258
Robot 3 finished At time 261
Robot 0 finished At time 263
Robot 1 finished At time 264
Robot 2 finished At time 267
number of collisions is 0
/mmd_msd2
Time 2
Robots Locations 0-(3,3) 1-(6,6) 2-(9,9) 3-(12,12) 4-(15,15)
Target Locations:  0-(10,10) 1-(8,3) 2-(13,5) 3-(14,9) 4-(7,15) 5-(13,1)
Task Assignment: 0-1 1-0 2-2 3-4 4-3
Robot 0 finished At time 13
Time 15
Robots Locations 0-(8,3) 1-(10,10) 2-(13,5) 3-(8,15) 4-(14,10)
Target Locations:  0-(10,10) 1-(13,5) 2-(14,9) 3-(7,15) 4-(13,1) 5-(6,13)
Task Assignment: 0-4 1-0 2-1 3-3 4-2
Robot 2 finished At time 17
Time 19
Robots Locations 0-(9,3) 1-(10,10) 2-(13,5) 3-(7,15) 4-(14,9)
Target Locations:  0-(10,10) 1-(14,9) 2-(7,15) 3-(13,1) 4-(6,13) 5-(14,8)
Task Assignment: 0-3 1-0 2-5 3-2 4-1
Robot 1 finished At time 19
Time 21
Robots Locations 0-(9,3) 1-(10,10) 2-(13,5) 3-(7,15) 4-(14,9)
Target Locations:  0-(14,9) 1-(7,15) 2-(13,1) 3-(6,13) 4-(14,8) 5-(2,3)
Task Assignment: 0-2 1-3 2-4 3-1 4-0
Robot 3 finished At time 23
Time 25
Robots Locations 0-(10,2) 1-(10,11) 2-(14,5) 3-(7,15) 4-(14,9)
Target Locations:  0-(14,9) 1-(13,1) 2-(6,13) 3-(14,8) 4-(2,3) 5-(4,6)
Task Assignment: 0-1 1-5 2-3 3-2 4-0
Robot 4 finished At time 26
Time 28
Robots Locations 0-(10,2) 1-(9,11) 2-(14,5) 3-(7,15) 4-(14,9)
Target Locations:  0-(13,1) 1-(6,13) 2-(14,8) 3-(2,3) 4-(4,6) 5-(14,14)
Task Assignment: 0-4 1-5 2-0 3-1 4-2
Robot 4 finished At time 31
Time 33
Robots Locations 0-(10,3) 1-(10,12) 2-(13,5) 3-(6,13) 4-(14,8)
Target Locations:  0-(13,1) 1-(6,13) 2-(2,3) 3-(4,6) 4-(14,14) 5-(1,9)
Task Assignment: 0-3 1-1 2-0 3-5 4-4
Robot 2 finished At time 42
Time 44
Robots Locations 0-(5,5) 1-(6,13) 2-(13,1) 3-(3,10) 4-(14,11)
Target Locations:  0-(6,13) 1-(2,3) 2-(4,6) 3-(14,14) 4-(1,9) 5-(4,4)
Task Assignment: 0-2 1-0 2-5 3-4 4-3
Robot 1 finished At time 46
Time 48
Robots Locations 0-(4,6) 1-(6,13) 2-(12,1) 3-(2,9) 4-(14,13)
Target Locations:  0-(2,3) 1-(4,6) 2-(14,14) 3-(1,9) 4-(4,4) 5-(9,1)
Task Assignment: 0-4 1-3 2-5 3-1 4-2
Robot 4 finished At time 53
Time 55
Robots Locations 0-(4,4) 1-(4,12) 2-(10,1) 3-(3,8) 4-(14,14)
Target Locations:  0-(2,3) 1-(4,6) 2-(1,9) 3-(4,4) 4-(9,1) 5-(6,12)
Task Assignment: 0-3 1-2 2-4 3-1 4-5
Robot 0 finished At time 57
Time 59
Robots Locations 0-(4,4) 1-(3,11) 2-(9,1) 3-(3,7) 4-(13,14)
Target Locations:  0-(2,3) 1-(4,6) 2-(1,9) 3-(9,1) 4-(6,12) 5-(5,13)
Task Assignment: 0-0 1-2 2-3 3-1 4-4
Robot 2 finished At time 61
Time 63
Robots Locations 0-(4,3) 1-(3,10) 2-(9,1) 3-(4,6) 4-(12,14)
Target Locations:  0-(2,3) 1-(4,6) 2-(1,9) 3-(6,12) 4-(5,13) 5-(7,8)
Task Assignment: 0-0 1-2 2-5 3-1 4-3
Robot 3 finished At time 65
Time 67
Robots Locations 0-(2,3) 1-(2,9) 2-(8,2) 3-(4,6) 4-(11,14)
Target Locations:  0-(2,3) 1-(1,9) 2-(6,12) 3-(5,13) 4-(7,8) 5-(12,7)
Task Assignment: 0-0 1-1 2-5 3-4 4-2
Robot 0 finished At time 69
Time 71
Robots Locations 0-(2,3) 1-(1,9) 2-(9,3) 3-(5,6) 4-(10,13)
Target Locations:  0-(1,9) 1-(6,12) 2-(5,13) 3-(7,8) 4-(12,7) 5-(2,6)
Task Assignment: 0-5 1-0 2-4 3-3 4-1
Robot 1 finished At time 73
Time 75
Robots Locations 0-(2,3) 1-(1,9) 2-(9,4) 3-(5,7) 4-(9,13)
Target Locations:  0-(6,12) 1-(5,13) 2-(7,8) 3-(12,7) 4-(2,6) 5-(15,11)
Task Assignment: 0-4 1-1 2-3 3-2 4-0
Robot 3 finished At time 81
Time 83
Robots Locations 0-(2,6) 1-(2,11) 2-(11,6) 3-(7,8) 4-(6,12)
Target Locations:  0-(6,12) 1-(5,13) 2-(12,7) 3-(2,6) 4-(15,11) 5-(10,15)
Task Assignment: 0-3 1-1 2-2 3-0 4-5
Robot 0 finished At time 84
Time 86
Robots Locations 0-(2,6) 1-(2,11) 2-(12,7) 3-(7,9) 4-(6,12)
Target Locations:  0-(6,12) 1-(5,13) 2-(12,7) 3-(15,11) 4-(10,15) 5-(13,14)
Task Assignment: 0-0 1-1 2-2 3-5 4-4
Robot 2 finished At time 89
Time 91
Robots Locations 0-(3,7) 1-(4,12) 2-(12,7) 3-(8,10) 4-(7,13)
Target Locations:  0-(6,12) 1-(5,13) 2-(15,11) 3-(10,15) 4-(13,14) 5-(4,13)
Task Assignment: 0-0 1-5 2-2 3-1 4-3
Robot 1 finished At time 95
Time 97
Robots Locations 0-(4,9) 1-(4,13) 2-(13,9) 3-(7,11) 4-(8,14)
Target Locations:  0-(6,12) 1-(5,13) 2-(15,11) 3-(10,15) 4-(13,14) 5-(9,11)
Task Assignment: 0-0 1-1 2-2 3-5 4-3
Robot 1 finished At time 101
Time 103
Robots Locations 0-(5,11) 1-(5,13) 2-(14,10) 3-(8,12) 4-(10,15)
Target Locations:  0-(6,12) 1-(15,11) 2-(10,15) 3-(13,14) 4-(9,11) 5-(7,13)
Task Assignment: 0-0 1-5 2-1 3-4 4-2
Robot 4 finished At time 104
Time 106
Robots Locations 0-(6,11) 1-(5,13) 2-(15,11) 3-(9,11) 4-(10,15)
Target Locations:  0-(6,12) 1-(15,11) 2-(13,14) 3-(9,11) 4-(7,13) 5-(12,2)
Task Assignment: 0-0 1-4 2-1 3-3 4-2
Robot 3 finished At time 109
Time 111
Robots Locations 0-(6,12) 1-(7,13) 2-(15,11) 3-(9,11) 4-(11,15)
Target Locations:  0-(6,12) 1-(15,11) 2-(13,14) 3-(7,13) 4-(12,2) 5-(5,6)
Task Assignment: 0-0 1-3 2-1 3-5 4-2
Robot 2 finished At time 112
Time 114
Robots Locations 0-(6,12) 1-(7,13) 2-(15,11) 3-(9,11) 4-(11,15)
Target Locations:  0-(6,12) 1-(13,14) 2-(7,13) 3-(12,2) 4-(5,6) 5-(2,1)
Task Assignment: 0-0 1-2 2-3 3-4 4-1
Robot 0 finished At time 116
Time 117
Robots Locations 0-(6,12) 1-(7,13) 2-(16,11) 3-(9,10) 4-(12,14)
Target Locations:  0-(13,14) 1-(7,13) 2-(12,2) 3-(5,6) 4-(2,1) 5-(14,4)
Task Assignment: 0-3 1-1 2-5 3-2 4-0
Robot 1 finished At time 118
Time 120
Robots Locations 0-(6,12) 1-(7,13) 2-(16,11) 3-(9,10) 4-(12,14)
Target Locations:  0-(13,14) 1-(12,2) 2-(5,6) 3-(2,1) 4-(14,4) 5-(13,12)
Task Assignment: 0-2 1-5 2-4 3-1 4-0
Robot 4 finished At time 124
Time 126
Robots Locations 0-(6,11) 1-(9,13) 2-(15,9) 3-(9,8) 4-(13,14)
Target Locations:  0-(12,2) 1-(5,6) 2-(2,1) 3-(14,4) 4-(13,12) 5-(12,13)
Task Assignment: 0-1 1-5 2-3 3-0 4-4
Robot 4 finished At time 132
Time 134
Robots Locations 0-(5,7) 1-(12,13) 2-(15,6) 3-(11,5) 4-(13,12)
Target Locations:  0-(12,2) 1-(5,6) 2-(2,1) 3-(14,4) 4-(12,13) 5-(6,1)
Task Assignment: 0-1 1-4 2-0 3-5 4-3
Robot 1 finished At time 135
Time 137
Robots Locations 0-(5,7) 1-(12,13) 2-(14,5) 3-(11,5) 4-(13,11)
Target Locations:  0-(12,2) 1-(5,6) 2-(2,1) 3-(14,4) 4-(6,1) 5-(14,13)
Task Assignment: 0-1 1-5 2-0 3-4 4-3
Robot 0 finished At time 140
Time 142
Robots Locations 0-(5,6) 1-(13,13) 2-(13,4) 3-(9,4) 4-(13,10)
Target Locations:  0-(12,2) 1-(2,1) 2-(14,4) 3-(6,1) 4-(14,13) 5-(10,8)
Task Assignment: 0-1 1-4 2-2 3-0 4-5
Robot 1 finished At time 145
Time 147
Robots Locations 0-(4,5) 1-(14,13) 2-(14,4) 3-(10,3) 4-(12,9)
Target Locations:  0-(12,2) 1-(2,1) 2-(14,4) 3-(6,1) 4-(10,8) 5-(12,5)
Task Assignment: 0-1 1-4 2-2 3-0 4-5
Robot 2 finished At time 149
Time 151
Robots Locations 0-(4,4) 1-(14,12) 2-(14,4) 3-(11,2) 4-(12,8)
Target Locations:  0-(12,2) 1-(2,1) 2-(6,1) 3-(10,8) 4-(12,5) 5-(11,9)
Task Assignment: 0-1 1-5 2-4 3-0 4-3
Robot 3 finished At time 155
Time 157
Robots Locations 0-(3,2) 1-(13,11) 2-(12,5) 3-(12,2) 4-(10,8)
Target Locations:  0-(2,1) 1-(6,1) 2-(10,8) 3-(12,5) 4-(11,9) 5-(6,9)
Task Assignment: 0-0 1-4 2-2 3-3 4-5
Robot 0 finished At time 160
Time 163
Robots Locations 0-(2,1) 1-(11,9) 2-(11,6) 3-(12,3) 4-(8,8)
Target Locations:  0-(6,1) 1-(10,8) 2-(12,5) 3-(11,9) 4-(6,9) 5-(15,6)
Task Assignment: 0-0 1-3 2-1 3-2 4-4
Robot 1 finished At time 166
Time 168
Robots Locations 0-(3,0) 1-(11,9) 2-(10,8) 3-(12,5) 4-(7,9)
Target Locations:  0-(6,1) 1-(10,8) 2-(12,5) 3-(6,9) 4-(15,6) 5-(1,15)
Task Assignment: 0-0 1-1 2-2 3-4 4-3
Robot 4 finished At time 171
Time 173
Robots Locations 0-(5,1) 1-(10,8) 2-(10,7) 3-(13,6) 4-(6,9)
Target Locations:  0-(6,1) 1-(10,8) 2-(12,5) 3-(15,6) 4-(1,15) 5-(1,5)
Task Assignment: 0-0 1-1 2-2 3-3 4-5
Robot 1 finished At time 175
Time 177
Robots Locations 0-(6,1) 1-(10,8) 2-(11,6) 3-(15,6) 4-(5,8)
Target Locations:  0-(6,1) 1-(12,5) 2-(15,6) 3-(1,15) 4-(1,5) 5-(8,6)
Task Assignment: 0-0 1-5 2-1 3-2 4-4
Robot 0 finished At time 179
Time 181
Robots Locations 0-(6,1) 1-(10,8) 2-(11,6) 3-(15,6) 4-(4,8)
Target Locations:  0-(12,5) 1-(15,6) 2-(1,15) 3-(1,5) 4-(8,6) 5-(12,10)
Task Assignment: 0-4 1-5 2-0 3-1 4-3
Robot 3 finished At time 182
Time 184
Robots Locations 0-(6,1) 1-(10,7) 2-(12,5) 3-(15,6) 4-(4,7)
Target Locations:  0-(12,5) 1-(1,15) 2-(1,5) 3-(8,6) 4-(12,10) 5-(1,1)
Task Assignment: 0-5 1-3 2-0 3-4 4-2
Robot 2 finished At time 187
Time 189
Robots Locations 0-(5,2) 1-(9,6) 2-(12,5) 3-(15,7) 4-(3,6)
Target Locations:  0-(1,15) 1-(1,5) 2-(8,6) 3-(12,10) 4-(1,1) 5-(15,12)
Task Assignment: 0-4 1-2 2-3 3-5 4-1
Robot 1 finished At time 193
Time 195
Robots Locations 0-(3,1) 1-(8,6) 2-(13,6) 3-(15,9) 4-(1,5)
Target Locations:  0-(1,15) 1-(1,5) 2-(12,10) 3-(1,1) 4-(15,12) 5-(8,9)
Task Assignment: 0-3 1-5 2-2 3-4 4-1
Robot 4 finished At time 197
Time 199
Robots Locations 0-(2,1) 1-(8,7) 2-(12,7) 3-(15,10) 4-(1,5)
Target Locations:  0-(1,15) 1-(12,10) 2-(1,1) 3-(15,12) 4-(8,9) 5-(6,6)
Task Assignment: 0-2 1-4 2-1 3-3 4-5
Robot 0 finished At time 203
Time 205
Robots Locations 0-(1,1) 1-(8,9) 2-(12,9) 3-(15,12) 4-(2,5)
Target Locations:  0-(1,15) 1-(12,10) 2-(15,12) 3-(8,9) 4-(6,6) 5-(2,14)
Task Assignment: 0-4 1-5 2-1 3-2 4-3
Robot 3 finished At time 207
Time 209
Robots Locations 0-(0,1) 1-(8,9) 2-(12,10) 3-(15,12) 4-(3,5)
Target Locations:  0-(1,15) 1-(12,10) 2-(8,9) 3-(6,6) 4-(2,14) 5-(14,3)
Task Assignment: 0-3 1-4 2-5 3-1 4-2
Robot 3 finished At time 219
Time 221
Robots Locations 0-(4,5) 1-(3,13) 2-(13,6) 3-(12,10) 4-(7,8)
Target Locations:  0-(1,15) 1-(8,9) 2-(6,6) 3-(2,14) 4-(14,3) 5-(3,10)
Task Assignment: 0-2 1-3 2-4 3-1 4-5
Robot 0 finished At time 226
Time 228
Robots Locations 0-(6,6) 1-(2,14) 2-(14,3) 3-(9,9) 4-(5,9)
Target Locations:  0-(1,15) 1-(8,9) 2-(2,14) 3-(14,3) 4-(3,10) 5-(13,3)
Task Assignment: 0-4 1-0 2-3 3-1 4-2
Robot 2 finished At time 231
Time 233
Robots Locations 0-(5,7) 1-(1,15) 2-(14,3) 3-(8,9) 4-(4,11)
Target Locations:  0-(1,15) 1-(8,9) 2-(2,14) 3-(3,10) 4-(13,3)
Task Assignment: 0-3 1-0 2-4 3-1 4-2
Robot 1 finished At time 234
Robot 3 finished At time 234
Robot 2 finished At time 237
Robot 0 finished At time 240
Robot 4 finished At time 241
number of collisions is 11
