Goals: (13,8) (1,13) (12,5) (2,14) (11,8) (13,12) (7,4) (3,15) (4,5) (12,8) (14,1) (1,10) (15,12) (6,13) (14,7) (7,1) (13,11) (15,7) (13,9) (1,8) (5,8) (3,6) (12,3) (7,6) (5,15) (8,4) (13,4) (7,8) (3,13) (14,9) (7,10) (11,5) (4,3) (8,9) (11,6) (3,4) (11,9) (3,10) (9,2) (12,9) (6,6) (9,14) (14,10) (5,14) (9,15) (9,7) (10,2) (12,2) (11,12) (11,14)
/MURDOCH
Time 2
Robots Locations 0-(3,3) 1-(6,6) 2-(9,9) 3-(12,12) 4-(15,15)
Target Locations:  0-(11,14) 1-(11,12) 2-(12,2) 3-(10,2) 4-(9,7) 5-(9,15)
Task Assignment: 4-0 0-2 2-3 3-1 1-4
Robot 3 finished At time 9
Time 11
Robots Locations 0-(7,2) 1-(9,7) 2-(9,8) 3-(11,12) 4-(13,14)
Target Locations:  0-(11,14) 1-(12,2) 2-(10,2) 3-(9,7) 4-(9,15) 5-(5,14)
Task Assignment: 4-0 0-1 2-2 1-3 3-4
Robot 1 finished At time 12
Time 14
Robots Locations 0-(7,2) 1-(9,7) 2-(9,8) 3-(11,12) 4-(12,14)
Target Locations:  0-(11,14) 1-(12,2) 2-(10,2) 3-(9,15) 4-(5,14) 5-(14,10)
Task Assignment: 4-0 0-1 2-2 3-3 1-5
Robot 4 finished At time 19
Time 20
Robots Locations 0-(10,2) 1-(9,8) 2-(10,7) 3-(10,14) 4-(11,14)
Target Locations:  0-(12,2) 1-(10,2) 2-(9,15) 3-(5,14) 4-(14,10) 5-(9,14)
Task Assignment: 0-0 2-1 3-2 1-4 4-5
Robot 3 finished At time 25
Time 27
Robots Locations 0-(12,2) 1-(11,9) 2-(10,4) 3-(9,15) 4-(9,14)
Target Locations:  0-(12,2) 1-(10,2) 2-(5,14) 3-(14,10) 4-(9,14) 5-(6,6)
Task Assignment: 0-0 2-1 1-3 4-4 3-2
Robot 0 finished At time 29
Time 31
Robots Locations 0-(12,2) 1-(12,9) 2-(10,3) 3-(8,15) 4-(9,14)
Target Locations:  0-(10,2) 1-(5,14) 2-(14,10) 3-(9,14) 4-(6,6) 5-(12,9)
Task Assignment: 2-0 1-2 4-3 3-1 0-5
Robot 4 finished At time 32
Time 34
Robots Locations 0-(12,2) 1-(12,9) 2-(10,3) 3-(8,15) 4-(9,14)
Target Locations:  0-(10,2) 1-(5,14) 2-(14,10) 3-(6,6) 4-(12,9) 5-(9,2)
Task Assignment: 2-0 1-2 3-1 0-4 4-3
Robot 2 finished At time 37
Time 39
Robots Locations 0-(12,4) 1-(14,10) 2-(10,2) 3-(6,14) 4-(8,13)
Target Locations:  0-(5,14) 1-(14,10) 2-(6,6) 3-(12,9) 4-(9,2) 5-(3,10)
Task Assignment: 1-1 3-0 0-3 4-2 2-4
Robot 1 finished At time 41
Time 43
Robots Locations 0-(12,5) 1-(14,10) 2-(10,2) 3-(5,14) 4-(8,12)
Target Locations:  0-(5,14) 1-(6,6) 2-(12,9) 3-(9,2) 4-(3,10) 5-(11,9)
Task Assignment: 3-0 0-2 4-1 2-3 1-5
Robot 3 finished At time 46
Time 48
Robots Locations 0-(12,7) 1-(13,11) 2-(9,2) 3-(5,14) 4-(7,10)
Target Locations:  0-(6,6) 1-(12,9) 2-(9,2) 3-(3,10) 4-(11,9) 5-(3,4)
Task Assignment: 0-1 4-0 2-2 1-4 3-3
Robot 2 finished At time 49
Time 51
Robots Locations 0-(12,7) 1-(13,10) 2-(9,2) 3-(5,14) 4-(7,10)
Target Locations:  0-(6,6) 1-(12,9) 2-(3,10) 3-(11,9) 4-(3,4) 5-(11,6)
Task Assignment: 0-1 4-0 1-3 3-2 2-5
Robot 1 finished At time 57
Time 59
Robots Locations 0-(12,8) 1-(11,9) 2-(10,5) 3-(3,11) 4-(6,7)
Target Locations:  0-(6,6) 1-(12,9) 2-(3,10) 3-(3,4) 4-(11,6) 5-(8,9)
Task Assignment: 0-1 4-0 3-2 2-4 1-5
Robot 3 finished At time 62
Time 64
Robots Locations 0-(12,8) 1-(10,9) 2-(11,6) 3-(3,10) 4-(6,6)
Target Locations:  0-(6,6) 1-(12,9) 2-(3,4) 3-(11,6) 4-(8,9) 5-(4,3)
Task Assignment: 0-1 4-0 2-3 1-4 3-2
Robot 4 finished At time 65
Time 67
Robots Locations 0-(12,8) 1-(10,9) 2-(11,6) 3-(3,10) 4-(6,6)
Target Locations:  0-(12,9) 1-(3,4) 2-(11,6) 3-(8,9) 4-(4,3) 5-(11,5)
Task Assignment: 0-0 2-2 1-3 3-1 4-4
Robot 2 finished At time 68
Time 70
Robots Locations 0-(12,8) 1-(9,9) 2-(11,6) 3-(3,9) 4-(6,6)
Target Locations:  0-(12,9) 1-(3,4) 2-(8,9) 3-(4,3) 4-(11,5) 5-(7,10)
Task Assignment: 0-0 1-2 3-1 4-3 2-4
Robot 0 finished At time 74
Time 76
Robots Locations 0-(12,9) 1-(8,9) 2-(11,5) 3-(3,7) 4-(5,4)
Target Locations:  0-(3,4) 1-(8,9) 2-(4,3) 3-(11,5) 4-(7,10) 5-(14,9)
Task Assignment: 1-1 3-0 4-2 2-3 0-5
Robot 1 finished At time 76
Time 78
Robots Locations 0-(12,9) 1-(8,9) 2-(11,5) 3-(3,7) 4-(5,4)
Target Locations:  0-(3,4) 1-(4,3) 2-(11,5) 3-(7,10) 4-(14,9) 5-(3,13)
Task Assignment: 3-0 4-1 2-2 0-4 1-3
Robot 2 finished At time 81
Time 83
Robots Locations 0-(13,9) 1-(7,10) 2-(11,5) 3-(3,6) 4-(4,3)
Target Locations:  0-(3,4) 1-(4,3) 2-(7,10) 3-(14,9) 4-(3,13) 5-(7,8)
Task Assignment: 3-0 4-1 0-3 1-2 2-5
Robot 4 finished At time 85
Time 87
Robots Locations 0-(14,9) 1-(7,10) 2-(10,5) 3-(3,5) 4-(4,3)
Target Locations:  0-(3,4) 1-(7,10) 2-(14,9) 3-(3,13) 4-(7,8) 5-(13,4)
Task Assignment: 3-0 0-2 1-1 2-4 4-5
Robot 1 finished At time 87
Time 89
Robots Locations 0-(14,9) 1-(7,10) 2-(10,5) 3-(3,5) 4-(4,3)
Target Locations:  0-(3,4) 1-(14,9) 2-(3,13) 3-(7,8) 4-(13,4) 5-(8,4)
Task Assignment: 3-0 0-1 2-3 4-4 1-2
Robot 0 finished At time 90
Time 92
Robots Locations 0-(14,9) 1-(6,10) 2-(10,6) 3-(3,4) 4-(4,2)
Target Locations:  0-(3,4) 1-(3,13) 2-(7,8) 3-(13,4) 4-(8,4) 5-(5,15)
Task Assignment: 3-0 2-2 4-3 1-1 0-4
Robot 3 finished At time 95
Time 97
Robots Locations 0-(14,8) 1-(5,11) 2-(9,7) 3-(3,4) 4-(6,3)
Target Locations:  0-(3,13) 1-(7,8) 2-(13,4) 3-(8,4) 4-(5,15) 5-(7,6)
Task Assignment: 2-1 4-2 1-0 0-3 3-5
Robot 2 finished At time 103
Time 105
Robots Locations 0-(11,6) 1-(3,13) 2-(7,8) 3-(5,5) 4-(9,3)
Target Locations:  0-(3,13) 1-(13,4) 2-(8,4) 3-(5,15) 4-(7,6) 5-(12,3)
Task Assignment: 4-1 1-0 0-2 3-4 2-5
Robot 1 finished At time 105
Time 107
Robots Locations 0-(11,6) 1-(3,13) 2-(7,8) 3-(6,5) 4-(9,3)
Target Locations:  0-(13,4) 1-(8,4) 2-(5,15) 3-(7,6) 4-(12,3) 5-(3,6)
Task Assignment: 4-0 0-1 3-3 2-4 1-2
Robot 1 finished At time 115
Time 117
Robots Locations 0-(8,4) 1-(5,15) 2-(8,6) 3-(7,6) 4-(13,4)
Target Locations:  0-(13,4) 1-(8,4) 2-(7,6) 3-(12,3) 4-(3,6) 5-(5,8)
Task Assignment: 4-0 0-1 3-2 2-3 1-5
Robot 0 finished At time 117
Time 119
Robots Locations 0-(8,4) 1-(5,15) 2-(9,6) 3-(7,6) 4-(13,4)
Target Locations:  0-(13,4) 1-(7,6) 2-(12,3) 3-(3,6) 4-(5,8) 5-(1,8)
Task Assignment: 4-0 3-1 2-2 1-4 0-3
Robot 4 finished At time 121
Time 122
Robots Locations 0-(7,4) 1-(6,14) 2-(9,5) 3-(7,6) 4-(13,4)
Target Locations:  0-(7,6) 1-(12,3) 2-(3,6) 3-(5,8) 4-(1,8) 5-(13,9)
Task Assignment: 3-0 2-1 1-3 0-2 4-5
Robot 3 finished At time 124
Time 127
Robots Locations 0-(6,5) 1-(6,13) 2-(10,5) 3-(7,6) 4-(13,5)
Target Locations:  0-(12,3) 1-(3,6) 2-(5,8) 3-(1,8) 4-(13,9) 5-(15,7)
Task Assignment: 2-0 1-2 0-1 4-4 3-3
Robot 2 finished At time 133
Time 135
Robots Locations 0-(3,6) 1-(5,10) 2-(12,3) 3-(4,7) 4-(13,8)
Target Locations:  0-(3,6) 1-(5,8) 2-(1,8) 3-(13,9) 4-(15,7) 5-(13,11)
Task Assignment: 1-1 0-0 4-3 3-2 2-4
Robot 0 finished At time 136
Time 138
Robots Locations 0-(3,6) 1-(5,9) 2-(13,3) 3-(3,7) 4-(13,9)
Target Locations:  0-(5,8) 1-(1,8) 2-(13,9) 3-(15,7) 4-(13,11) 5-(7,1)
Task Assignment: 1-0 4-2 3-1 2-3 0-5
Robot 4 finished At time 139
Time 142
Robots Locations 0-(2,6) 1-(5,8) 2-(13,4) 3-(2,8) 4-(13,9)
Target Locations:  0-(5,8) 1-(1,8) 2-(15,7) 3-(13,11) 4-(7,1) 5-(14,7)
Task Assignment: 1-0 3-1 2-2 0-4 4-3
Robot 1 finished At time 144
Time 146
Robots Locations 0-(3,5) 1-(5,8) 2-(14,5) 3-(1,8) 4-(13,10)
Target Locations:  0-(1,8) 1-(15,7) 2-(13,11) 3-(7,1) 4-(14,7) 5-(6,13)
Task Assignment: 3-0 2-1 0-3 4-2 1-5
Robot 3 finished At time 148
Time 150
Robots Locations 0-(4,4) 1-(6,8) 2-(14,6) 3-(1,8) 4-(13,11)
Target Locations:  0-(15,7) 1-(13,11) 2-(7,1) 3-(14,7) 4-(6,13) 5-(15,12)
Task Assignment: 2-0 0-2 4-1 1-4 3-3
Robot 4 finished At time 152
Time 154
Robots Locations 0-(4,3) 1-(6,8) 2-(15,6) 3-(1,9) 4-(13,11)
Target Locations:  0-(15,7) 1-(7,1) 2-(14,7) 3-(6,13) 4-(15,12) 5-(1,10)
Task Assignment: 2-0 0-1 1-3 3-2 4-4
Robot 2 finished At time 158
Time 160
Robots Locations 0-(6,2) 1-(6,10) 2-(15,7) 3-(3,9) 4-(15,12)
Target Locations:  0-(7,1) 1-(14,7) 2-(6,13) 3-(15,12) 4-(1,10) 5-(14,1)
Task Assignment: 0-0 1-2 3-1 4-3 2-5
Robot 4 finished At time 163
Time 165
Robots Locations 0-(7,1) 1-(6,12) 2-(16,6) 3-(4,8) 4-(15,12)
Target Locations:  0-(7,1) 1-(14,7) 2-(6,13) 3-(1,10) 4-(14,1) 5-(12,8)
Task Assignment: 0-0 1-2 3-1 2-4 4-5
Robot 0 finished At time 166
Time 168
Robots Locations 0-(7,1) 1-(6,13) 2-(15,6) 3-(5,8) 4-(16,12)
Target Locations:  0-(14,7) 1-(6,13) 2-(1,10) 3-(14,1) 4-(12,8) 5-(4,5)
Task Assignment: 1-1 3-0 2-3 4-4 0-5
Robot 1 finished At time 171
Time 173
Robots Locations 0-(8,1) 1-(6,13) 2-(15,4) 3-(6,8) 4-(15,11)
Target Locations:  0-(14,7) 1-(1,10) 2-(14,1) 3-(12,8) 4-(4,5) 5-(3,15)
Task Assignment: 3-0 2-2 4-3 0-4 1-5
Robot 2 finished At time 181
Time 183
Robots Locations 0-(4,5) 1-(3,15) 2-(14,1) 3-(11,7) 4-(12,8)
Target Locations:  0-(14,7) 1-(1,10) 2-(12,8) 3-(4,5) 4-(3,15) 5-(7,4)
Task Assignment: 3-0 4-2 0-3 1-4 2-5
Robot 1 finished At time 183
Time 185
Robots Locations 0-(4,5) 1-(3,15) 2-(14,1) 3-(11,7) 4-(12,8)
Target Locations:  0-(14,7) 1-(1,10) 2-(12,8) 3-(4,5) 4-(7,4) 5-(13,12)
Task Assignment: 3-0 4-2 0-3 2-4 1-1
Robot 4 finished At time 186
Time 188
Robots Locations 0-(4,5) 1-(3,15) 2-(14,1) 3-(11,7) 4-(12,8)
Target Locations:  0-(14,7) 1-(1,10) 2-(4,5) 3-(7,4) 4-(13,12) 5-(11,8)
Task Assignment: 3-0 0-2 2-3 1-1 4-5
Robot 0 finished At time 190
Time 192
Robots Locations 0-(4,5) 1-(2,14) 2-(13,1) 3-(11,7) 4-(12,8)
Target Locations:  0-(14,7) 1-(1,10) 2-(7,4) 3-(13,12) 4-(11,8) 5-(2,14)
Task Assignment: 3-0 2-2 1-1 4-4 0-5
Robot 4 finished At time 199
Time 201
Robots Locations 0-(3,8) 1-(1,11) 2-(10,3) 3-(14,7) 4-(11,8)
Target Locations:  0-(14,7) 1-(1,10) 2-(7,4) 3-(13,12) 4-(2,14) 5-(12,5)
Task Assignment: 3-0 2-2 1-1 0-4 4-5
Robot 3 finished At time 203
Time 205
Robots Locations 0-(3,10) 1-(1,10) 2-(9,3) 3-(14,7) 4-(10,8)
Target Locations:  0-(1,10) 1-(7,4) 2-(13,12) 3-(2,14) 4-(12,5) 5-(1,13)
Task Assignment: 2-1 1-0 0-3 4-4 3-2
Robot 1 finished At time 207
Time 209
Robots Locations 0-(3,11) 1-(1,10) 2-(8,4) 3-(15,8) 4-(11,7)
Target Locations:  0-(7,4) 1-(13,12) 2-(2,14) 3-(12,5) 4-(1,13) 5-(13,8)
Task Assignment: 2-0 0-2 4-3 3-1 1-4
Robot 2 finished At time 213
Time 215
Robots Locations 0-(2,13) 1-(0,11) 2-(7,4) 3-(14,9) 4-(12,6)
Target Locations:  0-(13,12) 1-(2,14) 2-(12,5) 3-(1,13) 4-(13,8)
Task Assignment: 0-1 4-2 3-0 1-3 2-4
Robot 4 finished At time 217
Robot 0 finished At time 219
Robot 1 finished At time 220
Robot 3 finished At time 221
Robot 2 finished At time 228
number of collisions is 129
/BLE
Time 2
Robots Locations 0-(3,3) 1-(6,6) 2-(8,9) 3-(12,11) 4-(15,15)
Target Locations:  0-(11,14) 1-(11,12) 2-(12,2) 3-(10,2) 4-(9,7) 5-(9,15)
Task Assignment: 3-1 2-4 4-0 1-3 0-2
Robot 3 finished At time 7
Time 9
Robots Locations 0-(6,2) 1-(8,4) 2-(9,7) 3-(11,12) 4-(13,15)
Target Locations:  0-(11,14) 1-(12,2) 2-(10,2) 3-(9,7) 4-(9,15) 5-(5,14)
Task Assignment: 2-3 3-0 1-2 4-4 0-1
Robot 2 finished At time 11
Time 13
Robots Locations 0-(7,2) 1-(9,3) 2-(9,7) 3-(11,13) 4-(12,15)
Target Locations:  0-(11,14) 1-(12,2) 2-(10,2) 3-(9,15) 4-(5,14) 5-(14,10)
Task Assignment: 3-0 1-2 4-3 0-1 2-5
Robot 1 finished At time 18
Time 20
Robots Locations 0-(9,2) 1-(10,2) 2-(11,8) 3-(11,14) 4-(9,15)
Target Locations:  0-(11,14) 1-(12,2) 2-(9,15) 3-(5,14) 4-(14,10) 5-(9,14)
Task Assignment: 4-2 3-0 1-1 2-4 0-5
Robot 3 finished At time 20
Time 22
Robots Locations 0-(9,2) 1-(10,2) 2-(11,8) 3-(11,14) 4-(9,15)
Target Locations:  0-(12,2) 1-(9,15) 2-(5,14) 3-(14,10) 4-(9,14) 5-(6,6)
Task Assignment: 4-1 3-4 1-0 2-3 0-5
Robot 4 finished At time 24
Time 26
Robots Locations 0-(9,3) 1-(11,2) 2-(12,9) 3-(10,15) 4-(9,15)
Target Locations:  0-(12,2) 1-(5,14) 2-(14,10) 3-(9,14) 4-(6,6) 5-(12,9)
Task Assignment: 2-5 4-3 1-0 0-4 3-1
Robot 1 finished At time 29
Time 31
Robots Locations 0-(7,4) 1-(12,2) 2-(12,9) 3-(10,14) 4-(9,14)
Target Locations:  0-(5,14) 1-(14,10) 2-(9,14) 3-(6,6) 4-(12,9) 5-(9,2)
Task Assignment: 2-4 4-2 0-3 1-5 3-0
Robot 2 finished At time 34
Time 36
Robots Locations 0-(7,5) 1-(12,3) 2-(12,9) 3-(9,14) 4-(9,14)
Target Locations:  0-(5,14) 1-(14,10) 2-(9,14) 3-(6,6) 4-(9,2) 5-(3,10)
Task Assignment: 4-2 0-3 2-1 1-4 3-0
Robot 0 finished At time 39
Time 41
Robots Locations 0-(6,6) 1-(10,2) 2-(13,9) 3-(8,14) 4-(10,14)
Target Locations:  0-(5,14) 1-(14,10) 2-(9,14) 3-(9,2) 4-(3,10) 5-(11,9)
Task Assignment: 3-2 1-3 2-1 4-0 0-4
Robot 2 finished At time 45
Time 47
Robots Locations 0-(5,8) 1-(9,2) 2-(14,10) 3-(8,15) 4-(8,14)
Target Locations:  0-(5,14) 1-(9,14) 2-(9,2) 3-(3,10) 4-(11,9) 5-(3,4)
Task Assignment: 1-2 4-1 0-3 3-0 2-4
Robot 1 finished At time 48
Time 50
Robots Locations 0-(5,8) 1-(9,2) 2-(14,10) 3-(8,15) 4-(8,14)
Target Locations:  0-(5,14) 1-(9,14) 2-(3,10) 3-(11,9) 4-(3,4) 5-(11,6)
Task Assignment: 4-1 0-2 3-0 2-3 1-5
Robot 4 finished At time 56
Time 58
Robots Locations 0-(3,10) 1-(10,5) 2-(12,9) 3-(6,14) 4-(9,14)
Target Locations:  0-(5,14) 1-(3,10) 2-(11,9) 3-(3,4) 4-(11,6) 5-(8,9)
Task Assignment: 0-1 3-0 2-2 1-4 4-5
Robot 0 finished At time 59
Time 61
Robots Locations 0-(3,10) 1-(10,5) 2-(11,9) 3-(6,14) 4-(9,14)
Target Locations:  0-(5,14) 1-(11,9) 2-(3,4) 3-(11,6) 4-(8,9) 5-(4,3)
Task Assignment: 2-1 3-0 1-3 4-4 0-2
Robot 2 finished At time 63
Time 66
Robots Locations 0-(2,9) 1-(11,6) 2-(11,9) 3-(5,14) 4-(10,13)
Target Locations:  0-(5,14) 1-(3,4) 2-(11,6) 3-(8,9) 4-(4,3) 5-(11,5)
Task Assignment: 3-0 1-2 2-3 0-1 4-5
Robot 3 finished At time 66
Time 68
Robots Locations 0-(2,9) 1-(11,6) 2-(11,9) 3-(5,14) 4-(10,13)
Target Locations:  0-(3,4) 1-(11,6) 2-(8,9) 3-(4,3) 4-(11,5) 5-(7,10)
Task Assignment: 1-1 2-2 4-5 0-0 3-4
Robot 1 finished At time 70
Time 72
Robots Locations 0-(2,8) 1-(11,6) 2-(10,9) 3-(5,13) 4-(9,12)
Target Locations:  0-(3,4) 1-(8,9) 2-(4,3) 3-(11,5) 4-(7,10) 5-(14,9)
Task Assignment: 1-3 2-1 4-4 0-0 3-5
Robot 2 finished At time 77
Time 79
Robots Locations 0-(3,5) 1-(11,5) 2-(8,9) 3-(8,12) 4-(7,10)
Target Locations:  0-(3,4) 1-(4,3) 2-(11,5) 3-(7,10) 4-(14,9) 5-(3,13)
Task Assignment: 4-3 1-2 0-0 3-5 2-4
Robot 1 finished At time 80
Time 82
Robots Locations 0-(3,5) 1-(11,5) 2-(8,9) 3-(8,12) 4-(7,10)
Target Locations:  0-(3,4) 1-(4,3) 2-(7,10) 3-(14,9) 4-(3,13) 5-(7,8)
Task Assignment: 4-2 0-0 2-5 1-3 3-4
Robot 4 finished At time 84
Time 86
Robots Locations 0-(3,4) 1-(10,6) 2-(7,8) 3-(7,11) 4-(7,10)
Target Locations:  0-(3,4) 1-(4,3) 2-(14,9) 3-(3,13) 4-(7,8) 5-(13,4)
Task Assignment: 2-4 0-0 1-5 3-3 4-2
Robot 2 finished At time 88
Time 90
Robots Locations 0-(3,4) 1-(11,6) 2-(7,8) 3-(6,12) 4-(7,9)
Target Locations:  0-(3,4) 1-(4,3) 2-(14,9) 3-(3,13) 4-(13,4) 5-(8,4)
Task Assignment: 0-0 1-4 3-3 2-5 4-1
Robot 0 finished At time 90
Time 92
Robots Locations 0-(3,4) 1-(11,5) 2-(7,8) 3-(6,12) 4-(8,9)
Target Locations:  0-(4,3) 1-(14,9) 2-(3,13) 3-(13,4) 4-(8,4) 5-(5,15)
Task Assignment: 0-0 1-3 3-5 2-4 4-1
Robot 0 finished At time 96
Time 98
Robots Locations 0-(4,3) 1-(13,4) 2-(8,6) 3-(5,14) 4-(10,9)
Target Locations:  0-(14,9) 1-(3,13) 2-(13,4) 3-(8,4) 4-(5,15) 5-(7,6)
Task Assignment: 1-2 3-4 2-5 4-0 0-3
Robot 1 finished At time 100
Time 102
Robots Locations 0-(5,3) 1-(13,4) 2-(7,5) 3-(5,15) 4-(11,9)
Target Locations:  0-(14,9) 1-(3,13) 2-(8,4) 3-(5,15) 4-(7,6) 5-(12,3)
Task Assignment: 3-3 2-4 1-5 4-0 0-2
Robot 3 finished At time 105
Time 107
Robots Locations 0-(6,3) 1-(12,3) 2-(7,6) 3-(5,15) 4-(12,9)
Target Locations:  0-(14,9) 1-(3,13) 2-(8,4) 3-(7,6) 4-(12,3) 5-(3,6)
Task Assignment: 2-3 1-4 4-0 0-2 3-1
Robot 2 finished At time 109
Time 111
Robots Locations 0-(7,4) 1-(12,3) 2-(7,6) 3-(4,15) 4-(13,9)
Target Locations:  0-(14,9) 1-(3,13) 2-(8,4) 3-(12,3) 4-(3,6) 5-(5,8)
Task Assignment: 1-3 0-2 4-0 3-1 2-5
Robot 1 finished At time 111
Time 113
Robots Locations 0-(8,4) 1-(12,3) 2-(7,6) 3-(4,15) 4-(13,9)
Target Locations:  0-(14,9) 1-(3,13) 2-(8,4) 3-(3,6) 4-(5,8) 5-(1,8)
Task Assignment: 0-2 4-0 3-1 2-4 1-3
Robot 0 finished At time 116
Time 118
Robots Locations 0-(8,4) 1-(11,3) 2-(6,7) 3-(3,14) 4-(14,9)
Target Locations:  0-(14,9) 1-(3,13) 2-(3,6) 3-(5,8) 4-(1,8) 5-(13,9)
Task Assignment: 4-0 3-1 2-3 0-2 1-5
Robot 4 finished At time 119
Time 121
Robots Locations 0-(8,4) 1-(11,3) 2-(6,7) 3-(3,14) 4-(14,9)
Target Locations:  0-(3,13) 1-(3,6) 2-(5,8) 3-(1,8) 4-(13,9) 5-(15,7)
Task Assignment: 4-4 3-0 2-2 0-1 1-5
Robot 3 finished At time 124
Time 126
Robots Locations 0-(7,5) 1-(11,5) 2-(5,8) 3-(3,13) 4-(14,8)
Target Locations:  0-(3,6) 1-(5,8) 2-(1,8) 3-(13,9) 4-(15,7) 5-(13,11)
Task Assignment: 2-1 4-4 0-0 1-3 3-2
Robot 2 finished At time 128
Time 130
Robots Locations 0-(6,5) 1-(12,5) 2-(5,8) 3-(3,12) 4-(14,9)
Target Locations:  0-(3,6) 1-(1,8) 2-(13,9) 3-(15,7) 4-(13,11) 5-(7,1)
Task Assignment: 4-2 2-0 1-3 0-5 3-1
Robot 4 finished At time 136
Time 138
Robots Locations 0-(7,2) 1-(15,7) 2-(3,6) 3-(1,9) 4-(13,9)
Target Locations:  0-(3,6) 1-(1,8) 2-(15,7) 3-(13,11) 4-(7,1) 5-(14,7)
Task Assignment: 1-2 2-0 0-4 3-1 4-3
Robot 2 finished At time 139
Time 141
Robots Locations 0-(7,2) 1-(15,7) 2-(3,6) 3-(1,8) 4-(13,9)
Target Locations:  0-(1,8) 1-(15,7) 2-(13,11) 3-(7,1) 4-(14,7) 5-(6,13)
Task Assignment: 3-0 1-1 0-3 4-2 2-5
Robot 1 finished At time 142
Time 144
Robots Locations 0-(7,1) 1-(15,7) 2-(2,6) 3-(1,8) 4-(12,9)
Target Locations:  0-(1,8) 1-(13,11) 2-(7,1) 3-(14,7) 4-(6,13) 5-(15,12)
Task Assignment: 0-2 3-0 1-3 4-1 2-4
Robot 0 finished At time 146
Time 148
Robots Locations 0-(7,1) 1-(15,8) 2-(2,6) 3-(1,8) 4-(13,10)
Target Locations:  0-(1,8) 1-(13,11) 2-(14,7) 3-(6,13) 4-(15,12) 5-(1,10)
Task Assignment: 3-0 4-1 1-2 2-5 0-3
Robot 3 finished At time 148
Time 150
Robots Locations 0-(7,1) 1-(15,8) 2-(2,7) 3-(1,8) 4-(13,10)
Target Locations:  0-(13,11) 1-(14,7) 2-(6,13) 3-(15,12) 4-(1,10) 5-(14,1)
Task Assignment: 4-0 1-1 3-4 0-5 2-2
Robot 4 finished At time 154
Time 156
Robots Locations 0-(9,1) 1-(14,7) 2-(3,8) 3-(0,9) 4-(13,11)
Target Locations:  0-(14,7) 1-(6,13) 2-(15,12) 3-(1,10) 4-(14,1) 5-(12,8)
Task Assignment: 1-0 3-3 4-2 0-4 2-1
Robot 1 finished At time 157
Time 159
Robots Locations 0-(9,1) 1-(14,7) 2-(4,9) 3-(1,9) 4-(13,11)
Target Locations:  0-(6,13) 1-(15,12) 2-(1,10) 3-(14,1) 4-(12,8) 5-(4,5)
Task Assignment: 3-2 4-1 1-4 2-5 0-3
Robot 3 finished At time 163
Time 165
Robots Locations 0-(11,1) 1-(12,8) 2-(4,8) 3-(1,10) 4-(15,12)
Target Locations:  0-(6,13) 1-(15,12) 2-(14,1) 3-(12,8) 4-(4,5) 5-(3,15)
Task Assignment: 4-1 1-3 0-2 2-4 3-5
Robot 4 finished At time 167
Time 169
Robots Locations 0-(12,1) 1-(12,8) 2-(4,7) 3-(1,11) 4-(15,12)
Target Locations:  0-(6,13) 1-(14,1) 2-(12,8) 3-(4,5) 4-(3,15) 5-(7,4)
Task Assignment: 1-2 0-1 2-3 3-4 4-0
Robot 1 finished At time 170
Time 172
Robots Locations 0-(13,1) 1-(12,8) 2-(4,6) 3-(2,12) 4-(15,12)
Target Locations:  0-(6,13) 1-(14,1) 2-(4,5) 3-(3,15) 4-(7,4) 5-(13,12)
Task Assignment: 0-1 2-2 4-5 3-3 1-4
Robot 0 finished At time 176
Time 178
Robots Locations 0-(14,1) 1-(11,7) 2-(4,5) 3-(2,13) 4-(14,12)
Target Locations:  0-(6,13) 1-(4,5) 2-(3,15) 3-(7,4) 4-(13,12) 5-(11,8)
Task Assignment: 2-1 4-4 1-5 3-2 0-3
Robot 2 finished At time 179
Time 181
Robots Locations 0-(14,1) 1-(10,7) 2-(4,5) 3-(3,14) 4-(13,12)
Target Locations:  0-(6,13) 1-(3,15) 2-(7,4) 3-(13,12) 4-(11,8) 5-(2,14)
Task Assignment: 4-3 3-1 1-4 2-2 0-0
Robot 4 finished At time 183
Time 185
Robots Locations 0-(14,3) 1-(10,8) 2-(5,4) 3-(3,15) 4-(13,12)
Target Locations:  0-(6,13) 1-(3,15) 2-(7,4) 3-(11,8) 4-(2,14) 5-(12,5)
Task Assignment: 3-1 1-3 2-2 0-5 4-0
Robot 3 finished At time 188
Time 190
Robots Locations 0-(13,3) 1-(11,8) 2-(6,4) 3-(3,15) 4-(12,12)
Target Locations:  0-(6,13) 1-(7,4) 2-(11,8) 3-(2,14) 4-(12,5) 5-(1,13)
Task Assignment: 1-2 2-1 3-3 0-4 4-0
Robot 1 finished At time 191
Time 193
Robots Locations 0-(13,4) 1-(11,8) 2-(7,4) 3-(3,15) 4-(11,12)
Target Locations:  0-(6,13) 1-(7,4) 2-(2,14) 3-(12,5) 4-(1,13) 5-(13,8)
Task Assignment: 2-1 0-3 3-2 1-5 4-0
Robot 2 finished At time 196
Time 197
Robots Locations 0-(12,5) 1-(12,8) 2-(7,4) 3-(2,15) 4-(10,12)
Target Locations:  0-(6,13) 1-(2,14) 2-(12,5) 3-(1,13) 4-(13,8)
Task Assignment: 0-2 3-1 1-4 4-0 2-3
Robot 0 finished At time 199
Robot 1 finished At time 200
Robot 3 finished At time 200
Robot 4 finished At time 205
Robot 2 finished At time 216
number of collisions is 57
/mmdr
Time 3
Robots Locations 0-(3,3) 1-(6,6) 2-(9,9) 3-(12,12) 4-(15,15)
Target Locations:  0-(11,14) 1-(11,12) 2-(12,2) 3-(10,2) 4-(9,7) 5-(9,15)
Task Assignment: 0-3 1-4 2-1 3-5 4-0
Robot 2 finished At time 11
Time 14
Robots Locations 0-(7,2) 1-(9,7) 2-(11,12) 3-(9,15) 4-(12,14)
Target Locations:  0-(11,14) 1-(12,2) 2-(10,2) 3-(9,7) 4-(9,15) 5-(5,14)
Task Assignment: 0-2 1-3 2-4 3-5 4-0
Robot 1 finished At time 16
Time 18
Robots Locations 0-(8,2) 1-(9,7) 2-(11,13) 3-(9,15) 4-(11,14)
Target Locations:  0-(11,14) 1-(12,2) 2-(10,2) 3-(9,15) 4-(5,14) 5-(14,10)
Task Assignment: 0-2 1-1 2-5 3-3 4-0
Robot 4 finished At time 20
Time 22
Robots Locations 0-(8,2) 1-(10,7) 2-(10,13) 3-(8,15) 4-(11,14)
Target Locations:  0-(12,2) 1-(10,2) 2-(9,15) 3-(5,14) 4-(14,10) 5-(9,14)
Task Assignment: 0-1 1-0 2-5 3-3 4-2
Robot 0 finished At time 27
Time 29
Robots Locations 0-(10,2) 1-(11,4) 2-(9,14) 3-(6,15) 4-(10,14)
Target Locations:  0-(12,2) 1-(9,15) 2-(5,14) 3-(14,10) 4-(9,14) 5-(6,6)
Task Assignment: 0-0 1-5 2-4 3-2 4-1
Robot 2 finished At time 31
Time 33
Robots Locations 0-(11,2) 1-(11,4) 2-(9,14) 3-(6,15) 4-(10,14)
Target Locations:  0-(12,2) 1-(9,15) 2-(5,14) 3-(14,10) 4-(6,6) 5-(12,9)
Task Assignment: 0-0 1-4 2-1 3-2 4-3
Robot 3 finished At time 37
Time 40
Robots Locations 0-(12,2) 1-(9,5) 2-(9,15) 3-(5,14) 4-(11,12)
Target Locations:  0-(12,2) 1-(9,15) 2-(14,10) 3-(6,6) 4-(12,9) 5-(9,2)
Task Assignment: 0-0 1-3 2-4 3-1 4-2
Robot 0 finished At time 40
Time 42
Robots Locations 0-(12,2) 1-(9,5) 2-(9,15) 3-(5,14) 4-(11,12)
Target Locations:  0-(9,15) 1-(14,10) 2-(6,6) 3-(12,9) 4-(9,2) 5-(3,10)
Task Assignment: 0-4 1-2 2-0 3-5 4-1
Robot 2 finished At time 48
Time 50
Robots Locations 0-(10,2) 1-(6,6) 2-(9,15) 3-(4,11) 4-(13,11)
Target Locations:  0-(14,10) 1-(6,6) 2-(12,9) 3-(9,2) 4-(3,10) 5-(11,9)
Task Assignment: 0-3 1-1 2-2 3-4 4-0
Robot 1 finished At time 52
Time 54
Robots Locations 0-(10,2) 1-(6,6) 2-(9,15) 3-(3,10) 4-(14,10)
Target Locations:  0-(14,10) 1-(12,9) 2-(9,2) 3-(3,10) 4-(11,9) 5-(3,4)
Task Assignment: 0-2 1-5 2-1 3-3 4-0
Robot 4 finished At time 57
Time 59
Robots Locations 0-(9,2) 1-(5,5) 2-(10,14) 3-(3,10) 4-(14,10)
Target Locations:  0-(12,9) 1-(9,2) 2-(3,10) 3-(11,9) 4-(3,4) 5-(11,6)
Task Assignment: 0-1 1-4 2-3 3-2 4-0
Robot 3 finished At time 59
Time 62
Robots Locations 0-(9,2) 1-(5,5) 2-(10,14) 3-(3,10) 4-(14,10)
Target Locations:  0-(12,9) 1-(9,2) 2-(11,9) 3-(3,4) 4-(11,6) 5-(8,9)
Task Assignment: 0-1 1-3 2-2 3-5 4-0
Robot 0 finished At time 62
Time 64
Robots Locations 0-(9,2) 1-(5,5) 2-(10,14) 3-(3,10) 4-(14,10)
Target Locations:  0-(12,9) 1-(11,9) 2-(3,4) 3-(11,6) 4-(8,9) 5-(4,3)
Task Assignment: 0-3 1-2 2-1 3-4 4-0
Robot 1 finished At time 70
Time 72
Robots Locations 0-(10,4) 1-(3,4) 2-(11,11) 3-(6,9) 4-(12,9)
Target Locations:  0-(12,9) 1-(11,9) 2-(11,6) 3-(8,9) 4-(4,3) 5-(11,5)
Task Assignment: 0-5 1-4 2-1 3-3 4-0
Robot 4 finished At time 74
Time 77
Robots Locations 0-(11,5) 1-(3,3) 2-(11,10) 3-(7,9) 4-(12,9)
Target Locations:  0-(11,9) 1-(11,6) 2-(8,9) 3-(4,3) 4-(11,5) 5-(7,10)
Task Assignment: 0-4 1-3 2-0 3-2 4-1
Robot 0 finished At time 79
Time 82
Robots Locations 0-(11,5) 1-(4,3) 2-(11,9) 3-(8,9) 4-(11,8)
Target Locations:  0-(11,9) 1-(11,6) 2-(8,9) 3-(4,3) 4-(7,10) 5-(14,9)
Task Assignment: 0-1 1-3 2-0 3-2 4-5
Robot 1 finished At time 83
Time 85
Robots Locations 0-(11,6) 1-(4,3) 2-(11,9) 3-(8,9) 4-(12,7)
Target Locations:  0-(11,9) 1-(11,6) 2-(8,9) 3-(7,10) 4-(14,9) 5-(3,13)
Task Assignment: 0-1 1-3 2-0 3-2 4-4
Robot 2 finished At time 86
Time 89
Robots Locations 0-(11,6) 1-(4,3) 2-(11,9) 3-(8,9) 4-(12,8)
Target Locations:  0-(11,6) 1-(8,9) 2-(7,10) 3-(14,9) 4-(3,13) 5-(7,8)
Task Assignment: 0-0 1-5 2-1 3-2 4-3
Robot 0 finished At time 90
Time 93
Robots Locations 0-(11,6) 1-(5,4) 2-(10,8) 3-(8,10) 4-(13,8)
Target Locations:  0-(8,9) 1-(7,10) 2-(14,9) 3-(3,13) 4-(7,8) 5-(13,4)
Task Assignment: 0-5 1-4 2-0 3-1 4-2
Robot 4 finished At time 98
Time 100
Robots Locations 0-(12,5) 1-(6,6) 2-(8,9) 3-(7,10) 4-(14,9)
Target Locations:  0-(8,9) 1-(7,10) 2-(3,13) 3-(7,8) 4-(13,4) 5-(8,4)
Task Assignment: 0-5 1-3 2-0 3-1 4-4
Robot 3 finished At time 101
Time 103
Robots Locations 0-(12,5) 1-(6,6) 2-(8,9) 3-(7,10) 4-(14,9)
Target Locations:  0-(8,9) 1-(3,13) 2-(7,8) 3-(13,4) 4-(8,4) 5-(5,15)
Task Assignment: 0-4 1-2 2-0 3-1 4-3
Robot 2 finished At time 105
Time 107
Robots Locations 0-(12,4) 1-(7,7) 2-(8,9) 3-(6,10) 4-(15,9)
Target Locations:  0-(3,13) 1-(7,8) 2-(13,4) 3-(8,4) 4-(5,15) 5-(7,6)
Task Assignment: 0-3 1-5 2-1 3-0 4-2
Robot 2 finished At time 112
Time 115
Robots Locations 0-(9,4) 1-(7,6) 2-(7,8) 3-(4,12) 4-(14,6)
Target Locations:  0-(3,13) 1-(13,4) 2-(8,4) 3-(5,15) 4-(7,6) 5-(12,3)
Task Assignment: 0-5 1-2 2-4 3-0 4-1
Robot 3 finished At time 120
Time 122
Robots Locations 0-(11,3) 1-(8,4) 2-(7,6) 3-(3,13) 4-(13,4)
Target Locations:  0-(13,4) 1-(8,4) 2-(5,15) 3-(7,6) 4-(12,3) 5-(3,6)
Task Assignment: 0-4 1-1 2-3 3-2 4-0
Robot 2 finished At time 123
Time 125
Robots Locations 0-(11,3) 1-(8,4) 2-(7,6) 3-(3,13) 4-(13,4)
Target Locations:  0-(13,4) 1-(8,4) 2-(5,15) 3-(12,3) 4-(3,6) 5-(5,8)
Task Assignment: 0-3 1-1 2-5 3-2 4-0
Robot 4 finished At time 126
Time 129
Robots Locations 0-(11,3) 1-(8,4) 2-(7,6) 3-(3,14) 4-(13,4)
Target Locations:  0-(8,4) 1-(5,15) 2-(12,3) 3-(3,6) 4-(5,8) 5-(1,8)
Task Assignment: 0-0 1-3 2-4 3-1 4-2
Robot 4 finished At time 135
Time 137
Robots Locations 0-(10,4) 1-(6,4) 2-(5,8) 3-(5,15) 4-(12,3)
Target Locations:  0-(8,4) 1-(5,15) 2-(3,6) 3-(5,8) 4-(1,8) 5-(13,9)
Task Assignment: 0-5 1-2 2-3 3-1 4-0
Robot 3 finished At time 138
Time 141
Robots Locations 0-(9,4) 1-(5,5) 2-(5,8) 3-(5,15) 4-(12,3)
Target Locations:  0-(8,4) 1-(3,6) 2-(5,8) 3-(1,8) 4-(13,9) 5-(15,7)
Task Assignment: 0-0 1-1 2-3 3-2 4-5
Robot 0 finished At time 145
Time 147
Robots Locations 0-(8,4) 1-(3,6) 2-(3,8) 3-(6,13) 4-(12,5)
Target Locations:  0-(3,6) 1-(5,8) 2-(1,8) 3-(13,9) 4-(15,7) 5-(13,11)
Task Assignment: 0-3 1-0 2-2 3-1 4-4
Robot 1 finished At time 150
Time 152
Robots Locations 0-(8,5) 1-(3,6) 2-(2,8) 3-(5,12) 4-(13,6)
Target Locations:  0-(5,8) 1-(1,8) 2-(13,9) 3-(15,7) 4-(13,11) 5-(7,1)
Task Assignment: 0-2 1-5 2-1 3-0 4-3
Robot 2 finished At time 155
Time 157
Robots Locations 0-(9,6) 1-(3,5) 2-(1,8) 3-(5,11) 4-(15,7)
Target Locations:  0-(5,8) 1-(13,9) 2-(15,7) 3-(13,11) 4-(7,1) 5-(14,7)
Task Assignment: 0-1 1-4 2-0 3-3 4-2
Robot 4 finished At time 160
Time 162
Robots Locations 0-(10,7) 1-(4,4) 2-(1,7) 3-(6,10) 4-(15,7)
Target Locations:  0-(5,8) 1-(13,9) 2-(13,11) 3-(7,1) 4-(14,7) 5-(6,13)
Task Assignment: 0-1 1-3 2-0 3-5 4-4
Robot 4 finished At time 168
Time 170
Robots Locations 0-(13,9) 1-(6,2) 2-(4,8) 3-(6,13) 4-(14,7)
Target Locations:  0-(5,8) 1-(13,9) 2-(13,11) 3-(7,1) 4-(6,13) 5-(15,12)
Task Assignment: 0-2 1-3 2-0 3-4 4-1
Robot 3 finished At time 173
Time 175
Robots Locations 0-(13,10) 1-(7,1) 2-(5,8) 3-(6,13) 4-(13,7)
Target Locations:  0-(5,8) 1-(13,9) 2-(13,11) 3-(7,1) 4-(15,12) 5-(1,10)
Task Assignment: 0-2 1-3 2-0 3-5 4-1
Robot 2 finished At time 176
Time 178
Robots Locations 0-(13,10) 1-(7,1) 2-(5,8) 3-(6,13) 4-(13,8)
Target Locations:  0-(13,9) 1-(13,11) 2-(7,1) 3-(15,12) 4-(1,10) 5-(14,1)
Task Assignment: 0-3 1-2 2-4 3-1 4-0
Robot 1 finished At time 179
Time 181
Robots Locations 0-(13,11) 1-(7,1) 2-(5,8) 3-(5,13) 4-(13,9)
Target Locations:  0-(13,9) 1-(13,11) 2-(15,12) 3-(1,10) 4-(14,1) 5-(12,8)
Task Assignment: 0-1 1-4 2-5 3-3 4-0
Robot 4 finished At time 184
Time 186
Robots Locations 0-(13,11) 1-(8,1) 2-(6,9) 3-(4,12) 4-(13,9)
Target Locations:  0-(13,11) 1-(15,12) 2-(1,10) 3-(14,1) 4-(12,8) 5-(4,5)
Task Assignment: 0-0 1-3 2-5 3-2 4-4
Robot 0 finished At time 189
Time 191
Robots Locations 0-(13,11) 1-(10,1) 2-(6,8) 3-(3,11) 4-(12,9)
Target Locations:  0-(15,12) 1-(1,10) 2-(14,1) 3-(12,8) 4-(4,5) 5-(3,15)
Task Assignment: 0-0 1-2 2-4 3-1 4-3
Robot 4 finished At time 194
Time 197
Robots Locations 0-(14,11) 1-(12,1) 2-(5,6) 3-(1,10) 4-(12,8)
Target Locations:  0-(15,12) 1-(1,10) 2-(14,1) 3-(4,5) 4-(3,15) 5-(7,4)
Task Assignment: 0-0 1-2 2-3 3-1 4-5
Robot 3 finished At time 199
Time 202
Robots Locations 0-(15,12) 1-(13,1) 2-(4,5) 3-(1,10) 4-(11,7)
Target Locations:  0-(15,12) 1-(14,1) 2-(4,5) 3-(3,15) 4-(7,4) 5-(13,12)
Task Assignment: 0-0 1-1 2-2 3-3 4-4
Robot 0 finished At time 203
Time 206
Robots Locations 0-(15,12) 1-(14,1) 2-(4,5) 3-(0,10) 4-(10,7)
Target Locations:  0-(14,1) 1-(4,5) 2-(3,15) 3-(7,4) 4-(13,12) 5-(11,8)
Task Assignment: 0-4 1-0 2-1 3-2 4-5
Robot 2 finished At time 208
Time 210
Robots Locations 0-(15,13) 1-(14,1) 2-(4,5) 3-(1,11) 4-(10,7)
Target Locations:  0-(14,1) 1-(3,15) 2-(7,4) 3-(13,12) 4-(11,8) 5-(2,14)
Task Assignment: 0-3 1-0 2-2 3-5 4-4
Robot 1 finished At time 211
Time 213
Robots Locations 0-(15,13) 1-(14,1) 2-(4,5) 3-(1,11) 4-(10,7)
Target Locations:  0-(3,15) 1-(7,4) 2-(13,12) 3-(11,8) 4-(2,14) 5-(12,5)
Task Assignment: 0-2 1-5 2-1 3-4 4-3
Robot 4 finished At time 218
Time 221
Robots Locations 0-(13,12) 1-(13,3) 2-(6,4) 3-(2,14) 4-(11,8)
Target Locations:  0-(3,15) 1-(7,4) 2-(13,12) 3-(2,14) 4-(12,5) 5-(1,13)
Task Assignment: 0-2 1-4 2-1 3-3 4-0
Robot 0 finished At time 221
Time 224
Robots Locations 0-(13,12) 1-(13,3) 2-(6,4) 3-(2,14) 4-(11,8)
Target Locations:  0-(3,15) 1-(7,4) 2-(2,14) 3-(12,5) 4-(1,13) 5-(13,8)
Task Assignment: 0-0 1-3 2-1 3-2 4-5
Robot 3 finished At time 226
Time 228
Robots Locations 0-(12,12) 1-(12,5) 2-(7,4) 3-(2,14) 4-(12,8)
Target Locations:  0-(3,15) 1-(7,4) 2-(12,5) 3-(1,13) 4-(13,8)
Task Assignment: 0-0 1-2 2-1 3-3 4-4
Robot 2 finished At time 229
Robot 1 finished At time 231
Robot 4 finished At time 231
Robot 3 finished At time 235
Robot 0 finished At time 244
number of collisions is 49
/mmd_msd2
Time 2
Robots Locations 0-(3,3) 1-(6,6) 2-(9,9) 3-(12,12) 4-(15,15)
Target Locations:  0-(11,14) 1-(11,12) 2-(12,2) 3-(10,2) 4-(9,7) 5-(9,15)
Task Assignment: 0-3 1-4 2-1 3-5 4-0
Robot 2 finished At time 10
Time 11
Robots Locations 0-(7,2) 1-(8,7) 2-(11,12) 3-(10,14) 4-(12,14)
Target Locations:  0-(11,14) 1-(12,2) 2-(10,2) 3-(9,7) 4-(9,15) 5-(5,14)
Task Assignment: 0-2 1-3 2-4 3-5 4-0
Robot 1 finished At time 15
Time 17
Robots Locations 0-(9,2) 1-(9,7) 2-(10,13) 3-(8,14) 4-(11,14)
Target Locations:  0-(11,14) 1-(12,2) 2-(10,2) 3-(9,15) 4-(5,14) 5-(14,10)
Task Assignment: 0-2 1-1 2-3 3-4 4-0
Robot 4 finished At time 20
Time 22
Robots Locations 0-(10,2) 1-(10,6) 2-(9,15) 3-(6,14) 4-(11,14)
Target Locations:  0-(12,2) 1-(10,2) 2-(9,15) 3-(5,14) 4-(14,10) 5-(9,14)
Task Assignment: 0-1 1-0 2-2 3-3 4-5
Robot 0 finished At time 23
Time 25
Robots Locations 0-(10,2) 1-(10,6) 2-(9,15) 3-(6,14) 4-(11,14)
Target Locations:  0-(12,2) 1-(9,15) 2-(5,14) 3-(14,10) 4-(9,14) 5-(6,6)
Task Assignment: 0-0 1-5 2-1 3-2 4-4
Robot 2 finished At time 27
Time 29
Robots Locations 0-(11,2) 1-(9,5) 2-(9,15) 3-(5,14) 4-(10,14)
Target Locations:  0-(12,2) 1-(5,14) 2-(14,10) 3-(9,14) 4-(6,6) 5-(12,9)
Task Assignment: 0-0 1-4 2-3 3-1 4-2
Robot 3 finished At time 31
Time 33
Robots Locations 0-(12,2) 1-(8,5) 2-(8,15) 3-(5,14) 4-(10,13)
Target Locations:  0-(12,2) 1-(14,10) 2-(9,14) 3-(6,6) 4-(12,9) 5-(9,2)
Task Assignment: 0-0 1-3 2-1 3-2 4-4
Robot 0 finished At time 34
Time 36
Robots Locations 0-(12,2) 1-(8,5) 2-(9,14) 3-(5,13) 4-(10,13)
Target Locations:  0-(14,10) 1-(9,14) 2-(6,6) 3-(12,9) 4-(9,2) 5-(3,10)
Task Assignment: 0-4 1-2 2-1 3-5 4-3
Robot 2 finished At time 39
Time 41
Robots Locations 0-(12,3) 1-(6,6) 2-(9,14) 3-(4,12) 4-(11,11)
Target Locations:  0-(14,10) 1-(6,6) 2-(12,9) 3-(9,2) 4-(3,10) 5-(11,9)
Task Assignment: 0-3 1-1 2-2 3-4 4-5
Robot 1 finished At time 44
Time 46
Robots Locations 0-(11,3) 1-(6,6) 2-(10,13) 3-(4,11) 4-(11,10)
Target Locations:  0-(14,10) 1-(12,9) 2-(9,2) 3-(3,10) 4-(11,9) 5-(3,4)
Task Assignment: 0-2 1-5 2-1 3-3 4-4
Robot 3 finished At time 50
Time 52
Robots Locations 0-(9,2) 1-(4,5) 2-(11,11) 3-(3,10) 4-(11,9)
Target Locations:  0-(14,10) 1-(12,9) 2-(9,2) 3-(11,9) 4-(3,4) 5-(11,6)
Task Assignment: 0-5 1-2 2-1 3-4 4-3
Robot 4 finished At time 52
Time 54
Robots Locations 0-(9,2) 1-(4,5) 2-(11,11) 3-(3,10) 4-(11,9)
Target Locations:  0-(14,10) 1-(12,9) 2-(9,2) 3-(3,4) 4-(11,6) 5-(8,9)
Task Assignment: 0-2 1-3 2-0 3-5 4-1
Robot 1 finished At time 58
Time 60
Robots Locations 0-(9,2) 1-(3,4) 2-(13,10) 3-(5,9) 4-(12,9)
Target Locations:  0-(14,10) 1-(12,9) 2-(9,2) 3-(11,6) 4-(8,9) 5-(4,3)
Task Assignment: 0-2 1-5 2-0 3-4 4-1
Robot 4 finished At time 61
Time 63
Robots Locations 0-(9,2) 1-(3,4) 2-(13,10) 3-(5,9) 4-(12,9)
Target Locations:  0-(14,10) 1-(9,2) 2-(11,6) 3-(8,9) 4-(4,3) 5-(11,5)
Task Assignment: 0-1 1-4 2-0 3-3 4-2
Robot 0 finished At time 63
Time 65
Robots Locations 0-(9,2) 1-(3,4) 2-(13,10) 3-(5,9) 4-(12,9)
Target Locations:  0-(14,10) 1-(11,6) 2-(8,9) 3-(4,3) 4-(11,5) 5-(7,10)
Task Assignment: 0-4 1-3 2-0 3-5 4-1
Robot 2 finished At time 68
Time 70
Robots Locations 0-(9,3) 1-(4,3) 2-(14,10) 3-(7,10) 4-(12,8)
Target Locations:  0-(11,6) 1-(8,9) 2-(4,3) 3-(11,5) 4-(7,10) 5-(14,9)
Task Assignment: 0-3 1-2 2-5 3-4 4-0
Robot 1 finished At time 72
Time 73
Robots Locations 0-(10,4) 1-(4,3) 2-(14,10) 3-(7,10) 4-(12,8)
Target Locations:  0-(11,6) 1-(8,9) 2-(11,5) 3-(7,10) 4-(14,9) 5-(3,13)
Task Assignment: 0-2 1-1 2-4 3-3 4-0
Robot 3 finished At time 75
Time 76
Robots Locations 0-(10,4) 1-(5,3) 2-(14,9) 3-(7,10) 4-(12,7)
Target Locations:  0-(11,6) 1-(8,9) 2-(11,5) 3-(14,9) 4-(3,13) 5-(7,8)
Task Assignment: 0-2 1-5 2-3 3-1 4-0
Robot 2 finished At time 78
Time 80
Robots Locations 0-(11,5) 1-(5,4) 2-(14,9) 3-(8,10) 4-(11,6)
Target Locations:  0-(11,6) 1-(8,9) 2-(11,5) 3-(3,13) 4-(7,8) 5-(13,4)
Task Assignment: 0-2 1-4 2-0 3-1 4-5
Robot 3 finished At time 84
Time 86
Robots Locations 0-(11,5) 1-(6,6) 2-(13,8) 3-(8,9) 4-(12,5)
Target Locations:  0-(11,6) 1-(11,5) 2-(3,13) 3-(7,8) 4-(13,4) 5-(8,4)
Task Assignment: 0-1 1-5 2-0 3-3 4-4
Robot 0 finished At time 90
Time 92
Robots Locations 0-(11,5) 1-(7,5) 2-(11,6) 3-(7,8) 4-(13,4)
Target Locations:  0-(11,6) 1-(3,13) 2-(7,8) 3-(13,4) 4-(8,4) 5-(5,15)
Task Assignment: 0-0 1-4 2-2 3-1 4-3
Robot 4 finished At time 93
Time 96
Robots Locations 0-(10,5) 1-(8,4) 2-(11,6) 3-(6,8) 4-(13,4)
Target Locations:  0-(11,6) 1-(3,13) 2-(7,8) 3-(8,4) 4-(5,15) 5-(7,6)
Task Assignment: 0-3 1-5 2-2 3-1 4-0
Robot 0 finished At time 104
Time 106
Robots Locations 0-(8,4) 1-(7,6) 2-(7,8) 3-(4,12) 4-(11,6)
Target Locations:  0-(11,6) 1-(3,13) 2-(7,8) 3-(5,15) 4-(7,6) 5-(12,3)
Task Assignment: 0-0 1-4 2-2 3-1 4-5
Robot 1 finished At time 106
Time 108
Robots Locations 0-(8,4) 1-(7,6) 2-(7,8) 3-(4,12) 4-(11,6)
Target Locations:  0-(11,6) 1-(3,13) 2-(7,8) 3-(5,15) 4-(12,3) 5-(3,6)
Task Assignment: 0-4 1-5 2-2 3-1 4-0
Robot 2 finished At time 109
Time 111
Robots Locations 0-(8,4) 1-(7,6) 2-(7,8) 3-(3,12) 4-(11,6)
Target Locations:  0-(11,6) 1-(3,13) 2-(5,15) 3-(12,3) 4-(3,6) 5-(5,8)
Task Assignment: 0-3 1-5 2-4 3-1 4-0
Robot 3 finished At time 115
Time 117
Robots Locations 0-(9,4) 1-(6,7) 2-(6,8) 3-(3,13) 4-(11,6)
Target Locations:  0-(11,6) 1-(5,15) 2-(12,3) 3-(3,6) 4-(5,8) 5-(1,8)
Task Assignment: 0-2 1-4 2-3 3-1 4-0
Robot 4 finished At time 118
Time 120
Robots Locations 0-(10,4) 1-(5,7) 2-(6,7) 3-(3,14) 4-(11,6)
Target Locations:  0-(5,15) 1-(12,3) 2-(3,6) 3-(5,8) 4-(1,8) 5-(13,9)
Task Assignment: 0-1 1-2 2-3 3-0 4-5
Robot 3 finished At time 126
Time 128
Robots Locations 0-(12,3) 1-(3,6) 2-(5,8) 3-(5,15) 4-(13,9)
Target Locations:  0-(12,3) 1-(3,6) 2-(5,8) 3-(1,8) 4-(13,9) 5-(15,7)
Task Assignment: 0-0 1-3 2-1 3-2 4-4
Robot 0 finished At time 129
Time 131
Robots Locations 0-(12,3) 1-(3,6) 2-(5,8) 3-(5,15) 4-(13,9)
Target Locations:  0-(3,6) 1-(5,8) 2-(1,8) 3-(13,9) 4-(15,7) 5-(13,11)
Task Assignment: 0-4 1-2 2-0 3-1 4-3
Robot 4 finished At time 133
Time 135
Robots Locations 0-(13,4) 1-(2,7) 2-(4,8) 3-(6,14) 4-(13,9)
Target Locations:  0-(3,6) 1-(5,8) 2-(1,8) 3-(15,7) 4-(13,11) 5-(7,1)
Task Assignment: 0-3 1-2 2-0 3-1 4-4
Robot 1 finished At time 140
Time 142
Robots Locations 0-(14,6) 1-(1,8) 2-(3,6) 3-(5,12) 4-(13,11)
Target Locations:  0-(3,6) 1-(5,8) 2-(15,7) 3-(13,11) 4-(7,1) 5-(14,7)
Task Assignment: 0-2 1-0 2-4 3-1 4-3
Robot 4 finished At time 143
Time 145
Robots Locations 0-(15,6) 1-(1,9) 2-(3,5) 3-(5,11) 4-(13,11)
Target Locations:  0-(3,6) 1-(5,8) 2-(15,7) 3-(7,1) 4-(14,7) 5-(6,13)
Task Assignment: 0-2 1-1 2-0 3-5 4-4
Robot 0 finished At time 148
Time 150
Robots Locations 0-(15,7) 1-(3,8) 2-(3,6) 3-(6,11) 4-(14,11)
Target Locations:  0-(3,6) 1-(5,8) 2-(7,1) 3-(14,7) 4-(6,13) 5-(15,12)
Task Assignment: 0-3 1-1 2-0 3-4 4-5
Robot 2 finished At time 153
Time 155
Robots Locations 0-(14,7) 1-(4,8) 2-(3,6) 3-(6,13) 4-(15,11)
Target Locations:  0-(5,8) 1-(7,1) 2-(14,7) 3-(6,13) 4-(15,12) 5-(1,10)
Task Assignment: 0-2 1-5 2-0 3-3 4-4
Robot 3 finished At time 157
Time 159
Robots Locations 0-(14,7) 1-(5,9) 2-(3,5) 3-(6,13) 4-(15,12)
Target Locations:  0-(5,8) 1-(7,1) 2-(14,7) 3-(15,12) 4-(1,10) 5-(14,1)
Task Assignment: 0-2 1-0 2-1 3-4 4-3
Robot 0 finished At time 160
Time 162
Robots Locations 0-(14,7) 1-(5,9) 2-(3,5) 3-(6,13) 4-(15,12)
Target Locations:  0-(5,8) 1-(7,1) 2-(15,12) 3-(1,10) 4-(14,1) 5-(12,8)
Task Assignment: 0-5 1-0 2-1 3-3 4-2
Robot 4 finished At time 164
Time 166
Robots Locations 0-(13,7) 1-(6,9) 2-(4,4) 3-(5,13) 4-(15,12)
Target Locations:  0-(5,8) 1-(7,1) 2-(1,10) 3-(14,1) 4-(12,8) 5-(4,5)
Task Assignment: 0-3 1-0 2-5 3-2 4-4
Robot 1 finished At time 170
Time 172
Robots Locations 0-(13,6) 1-(5,8) 2-(4,5) 3-(3,12) 4-(14,12)
Target Locations:  0-(7,1) 1-(1,10) 2-(14,1) 3-(12,8) 4-(4,5) 5-(3,15)
Task Assignment: 0-2 1-1 2-4 3-5 4-3
Robot 2 finished At time 174
Time 176
Robots Locations 0-(13,5) 1-(4,8) 2-(4,5) 3-(3,12) 4-(13,11)
Target Locations:  0-(7,1) 1-(1,10) 2-(14,1) 3-(12,8) 4-(3,15) 5-(7,4)
Task Assignment: 0-2 1-1 2-5 3-4 4-3
Robot 3 finished At time 183
Time 185
Robots Locations 0-(14,1) 1-(1,10) 2-(7,4) 3-(3,15) 4-(12,8)
Target Locations:  0-(7,1) 1-(1,10) 2-(14,1) 3-(12,8) 4-(7,4) 5-(13,12)
Task Assignment: 0-2 1-4 2-0 3-1 4-3
Robot 4 finished At time 186
Time 188
Robots Locations 0-(14,1) 1-(1,10) 2-(7,4) 3-(3,15) 4-(12,8)
Target Locations:  0-(7,1) 1-(1,10) 2-(14,1) 3-(7,4) 4-(13,12) 5-(11,8)
Task Assignment: 0-2 1-3 2-0 3-1 4-5
Robot 0 finished At time 189
Time 191
Robots Locations 0-(14,1) 1-(0,10) 2-(7,4) 3-(3,15) 4-(12,8)
Target Locations:  0-(7,1) 1-(1,10) 2-(7,4) 3-(13,12) 4-(11,8) 5-(2,14)
Task Assignment: 0-0 1-1 2-2 3-5 4-4
Robot 4 finished At time 194
Time 196
Robots Locations 0-(12,1) 1-(1,10) 2-(7,4) 3-(2,14) 4-(11,8)
Target Locations:  0-(7,1) 1-(1,10) 2-(7,4) 3-(13,12) 4-(2,14) 5-(12,5)
Task Assignment: 0-5 1-1 2-2 3-4 4-3
Robot 2 finished At time 198
Time 200
Robots Locations 0-(12,1) 1-(1,10) 2-(7,4) 3-(2,14) 4-(11,9)
Target Locations:  0-(7,1) 1-(1,10) 2-(13,12) 3-(2,14) 4-(12,5) 5-(1,13)
Task Assignment: 0-4 1-1 2-0 3-3 4-2
Robot 3 finished At time 200
Time 202
Robots Locations 0-(12,2) 1-(1,10) 2-(7,4) 3-(2,14) 4-(11,9)
Target Locations:  0-(7,1) 1-(1,10) 2-(13,12) 3-(12,5) 4-(1,13) 5-(13,8)
Task Assignment: 0-3 1-1 2-0 3-4 4-5
Robot 1 finished At time 203
Time 205
Robots Locations 0-(12,2) 1-(1,10) 2-(7,4) 3-(2,14) 4-(11,9)
Target Locations:  0-(7,1) 1-(13,12) 2-(12,5) 3-(1,13) 4-(13,8)
Task Assignment: 0-2 1-0 2-4 3-3 4-1
Robot 3 finished At time 209
Robot 0 finished At time 212
Robot 4 finished At time 213
Robot 2 finished At time 220
Robot 1 finished At time 225
number of collisions is 71
