Goals: (8,11) (7,5) (3,14) (10,13) (9,13) (11,1) (7,7) (3,4) (15,12) (6,1) (9,12) (3,4) (14,14) (5,3) (8,3) (14,14) (3,7) (12,12) (9,12) (2,6) (13,9) (1,12) (7,5) (1,3) (11,7) (10,13) (1,11) (9,12) (15,6) (9,13) (3,14) (13,14) (10,13) (9,9) (7,10) (3,2) (14,4) (8,3) (13,12) (3,1) (13,15) (10,5) (1,6) (11,3) (1,7) (6,11) (9,3) (7,10) (3,10) (11,1)
/BLE
Time 3
Robots Locations 0-(3,3) 1-(6,6) 2-(9,9) 3-(12,12) 4-(15,15)
Target Locations:  0-(11,1) 1-(3,10) 2-(7,10) 3-(9,3) 4-(6,11)
Task Assignment: 2-2 1-3 3-4 0-1 4-0
Robot 2 finished At time 12
Time 15
Robots Locations 0-(3,7) 1-(9,3) 2-(7,10) 3-(9,11) 4-(14,11)
Target Locations:  0-(11,1) 1-(3,10) 2-(9,3) 3-(6,11) 4-(1,7)
Task Assignment: 1-2 2-3 0-4 3-1 4-0
Robot 1 finished At time 17
Time 19
Robots Locations 0-(3,8) 1-(9,3) 2-(6,11) 3-(8,11) 4-(14,10)
Target Locations:  0-(11,1) 1-(3,10) 2-(6,11) 3-(1,7) 4-(11,3)
Task Assignment: 2-2 0-1 1-4 3-3 4-0
Robot 2 finished At time 23
Time 25
Robots Locations 0-(2,9) 1-(11,3) 2-(6,11) 3-(7,10) 4-(13,9)
Target Locations:  0-(11,1) 1-(3,10) 2-(1,7) 3-(11,3) 4-(1,6)
Task Assignment: 1-3 0-1 2-2 3-4 4-0
Robot 1 finished At time 29
Time 31
Robots Locations 0-(3,10) 1-(11,3) 2-(5,11) 3-(6,9) 4-(13,7)
Target Locations:  0-(11,1) 1-(3,10) 2-(1,7) 3-(1,6) 4-(10,5)
Task Assignment: 0-1 1-0 4-4 3-2 2-3
Robot 0 finished At time 33
Time 35
Robots Locations 0-(3,10) 1-(11,2) 2-(4,10) 3-(5,9) 4-(12,7)
Target Locations:  0-(11,1) 1-(1,7) 2-(1,6) 3-(10,5) 4-(13,15)
Task Assignment: 1-0 4-3 0-1 3-2 2-4
Robot 1 finished At time 40
Time 42
Robots Locations 0-(2,10) 1-(11,1) 2-(5,10) 3-(3,7) 4-(10,5)
Target Locations:  0-(1,7) 1-(1,6) 2-(10,5) 3-(13,15) 4-(3,1)
Task Assignment: 4-2 3-0 0-1 1-4 2-3
Robot 4 finished At time 45
Time 47
Robots Locations 0-(2,8) 1-(10,1) 2-(7,11) 3-(1,7) 4-(10,5)
Target Locations:  0-(1,7) 1-(1,6) 2-(13,15) 3-(3,1) 4-(13,12)
Task Assignment: 3-0 0-1 2-4 1-3 4-2
Robot 3 finished At time 51
Time 53
Robots Locations 0-(2,8) 1-(8,1) 2-(8,11) 3-(1,7) 4-(9,6)
Target Locations:  0-(1,6) 1-(13,15) 2-(3,1) 3-(13,12) 4-(8,3)
Task Assignment: 3-0 1-4 2-3 0-2 4-1
Robot 3 finished At time 58
Time 60
Robots Locations 0-(2,5) 1-(8,3) 2-(10,12) 3-(1,6) 4-(10,8)
Target Locations:  0-(13,15) 1-(3,1) 2-(13,12) 3-(8,3) 4-(14,4)
Task Assignment: 1-3 2-2 0-1 4-4 3-0
Robot 1 finished At time 62
Time 65
Robots Locations 0-(2,4) 1-(8,3) 2-(12,12) 3-(2,6) 4-(11,8)
Target Locations:  0-(13,15) 1-(3,1) 2-(13,12) 3-(14,4) 4-(3,2)
Task Assignment: 2-2 0-4 4-3 3-1 1-0
Robot 2 finished At time 70
Time 72
Robots Locations 0-(3,2) 1-(9,5) 2-(13,12) 3-(3,4) 4-(13,6)
Target Locations:  0-(13,15) 1-(3,1) 2-(14,4) 3-(3,2) 4-(7,10)
Task Assignment: 0-3 4-2 3-1 2-0 1-4
Robot 0 finished At time 74
Time 76
Robots Locations 0-(3,2) 1-(9,6) 2-(13,12) 3-(3,4) 4-(13,5)
Target Locations:  0-(13,15) 1-(3,1) 2-(14,4) 3-(7,10) 4-(9,9)
Task Assignment: 0-1 4-2 1-4 2-0 3-3
Robot 0 finished At time 80
Time 83
Robots Locations 0-(3,1) 1-(9,8) 2-(13,14) 3-(4,4) 4-(14,4)
Target Locations:  0-(13,15) 1-(14,4) 2-(7,10) 3-(9,9) 4-(10,13)
Task Assignment: 4-1 2-0 1-3 3-2 0-4
Robot 4 finished At time 84
Time 86
Robots Locations 0-(3,1) 1-(9,9) 2-(13,15) 3-(4,5) 4-(14,4)
Target Locations:  0-(13,15) 1-(7,10) 2-(9,9) 3-(10,13) 4-(13,14)
Task Assignment: 2-0 1-2 3-1 4-3 0-4
Robot 2 finished At time 89
Time 91
Robots Locations 0-(4,1) 1-(9,9) 2-(13,15) 3-(5,6) 4-(15,4)
Target Locations:  0-(7,10) 1-(9,9) 2-(10,13) 3-(13,14) 4-(3,14)
Task Assignment: 1-1 2-3 3-0 4-2 0-4
Robot 1 finished At time 92
Time 94
Robots Locations 0-(4,1) 1-(9,9) 2-(13,15) 3-(5,6) 4-(15,5)
Target Locations:  0-(7,10) 1-(10,13) 2-(13,14) 3-(3,14) 4-(9,13)
Task Assignment: 2-2 1-0 3-4 4-1 0-3
Robot 2 finished At time 102
Time 104
Robots Locations 0-(4,5) 1-(7,10) 2-(13,14) 3-(7,9) 4-(13,7)
Target Locations:  0-(7,10) 1-(10,13) 2-(3,14) 3-(9,13) 4-(15,6)
Task Assignment: 1-0 4-4 2-1 3-3 0-2
Robot 1 finished At time 105
Time 108
Robots Locations 0-(4,5) 1-(7,10) 2-(13,14) 3-(7,9) 4-(13,8)
Target Locations:  0-(10,13) 1-(3,14) 2-(9,13) 3-(15,6) 4-(9,12)
Task Assignment: 4-3 1-4 2-0 3-2 0-1
Robot 4 finished At time 119
Time 121
Robots Locations 0-(3,10) 1-(9,12) 2-(10,13) 3-(8,12) 4-(15,6)
Target Locations:  0-(10,13) 1-(3,14) 2-(9,13) 3-(9,12) 4-(1,11)
Task Assignment: 2-0 1-3 3-2 0-4 4-1
Robot 1 finished At time 122
Time 124
Robots Locations 0-(3,10) 1-(9,12) 2-(10,13) 3-(8,12) 4-(15,6)
Target Locations:  0-(10,13) 1-(3,14) 2-(9,13) 3-(1,11) 4-(10,13)
Task Assignment: 2-4 1-2 3-0 0-3 4-1
Robot 2 finished At time 125
Time 127
Robots Locations 0-(3,10) 1-(9,12) 2-(10,13) 3-(8,12) 4-(15,6)
Target Locations:  0-(10,13) 1-(3,14) 2-(9,13) 3-(1,11) 4-(11,7)
Task Assignment: 2-0 1-2 0-3 4-4 3-1
Robot 2 finished At time 127
Time 129
Robots Locations 0-(3,10) 1-(9,12) 2-(10,13) 3-(8,12) 4-(15,6)
Target Locations:  0-(3,14) 1-(9,13) 2-(1,11) 3-(11,7) 4-(1,3)
Task Assignment: 1-1 0-2 4-3 3-0 2-4
Robot 1 finished At time 135
Time 137
Robots Locations 0-(1,11) 1-(9,13) 2-(10,12) 3-(6,13) 4-(13,6)
Target Locations:  0-(3,14) 1-(1,11) 2-(11,7) 3-(1,3) 4-(7,5)
Task Assignment: 0-1 4-2 3-0 2-4 1-3
Robot 0 finished At time 141
Time 143
Robots Locations 0-(1,11) 1-(8,13) 2-(9,11) 3-(5,13) 4-(12,7)
Target Locations:  0-(3,14) 1-(11,7) 2-(1,3) 3-(7,5) 4-(1,12)
Task Assignment: 4-1 0-4 3-0 2-3 1-2
Robot 4 finished At time 148
Time 150
Robots Locations 0-(1,12) 1-(7,11) 2-(8,9) 3-(3,14) 4-(11,7)
Target Locations:  0-(3,14) 1-(1,3) 2-(7,5) 3-(1,12) 4-(13,9)
Task Assignment: 3-0 0-3 4-4 2-2 1-1
Robot 0 finished At time 151
Time 153
Robots Locations 0-(1,12) 1-(7,11) 2-(8,9) 3-(3,14) 4-(11,7)
Target Locations:  0-(3,14) 1-(1,3) 2-(7,5) 3-(13,9) 4-(2,6)
Task Assignment: 3-0 4-3 2-2 0-4 1-1
Robot 3 finished At time 155
Time 157
Robots Locations 0-(1,12) 1-(6,10) 2-(8,8) 3-(3,14) 4-(11,8)
Target Locations:  0-(1,3) 1-(7,5) 2-(13,9) 3-(2,6) 4-(9,12)
Task Assignment: 4-2 2-1 1-4 0-3 3-0
Robot 4 finished At time 166
Time 168
Robots Locations 0-(2,9) 1-(8,11) 2-(7,5) 3-(2,11) 4-(13,9)
Target Locations:  0-(1,3) 1-(7,5) 2-(2,6) 3-(9,12) 4-(12,12)
Task Assignment: 2-1 1-3 0-2 4-4 3-0
Robot 2 finished At time 171
Time 173
Robots Locations 0-(2,8) 1-(9,12) 2-(7,5) 3-(2,10) 4-(13,10)
Target Locations:  0-(1,3) 1-(2,6) 2-(9,12) 3-(12,12) 4-(3,7)
Task Assignment: 1-2 0-4 4-3 3-1 2-0
Robot 1 finished At time 176
Time 178
Robots Locations 0-(3,7) 1-(9,12) 2-(6,5) 3-(2,9) 4-(13,11)
Target Locations:  0-(1,3) 1-(2,6) 2-(12,12) 3-(3,7) 4-(14,14)
Task Assignment: 0-3 4-2 3-1 1-4 2-0
Robot 0 finished At time 182
Time 184
Robots Locations 0-(3,7) 1-(10,13) 2-(5,4) 3-(2,8) 4-(12,12)
Target Locations:  0-(1,3) 1-(2,6) 2-(12,12) 3-(14,14) 4-(8,3)
Task Assignment: 4-2 0-1 2-4 1-3 3-0
Robot 4 finished At time 186
Time 188
Robots Locations 0-(3,6) 1-(11,13) 2-(4,3) 3-(2,7) 4-(12,12)
Target Locations:  0-(1,3) 1-(2,6) 2-(14,14) 3-(8,3) 4-(5,3)
Task Assignment: 0-1 2-4 4-2 3-0 1-3
Robot 2 finished At time 193
Time 195
Robots Locations 0-(3,6) 1-(12,13) 2-(5,3) 3-(1,5) 4-(11,12)
Target Locations:  0-(1,3) 1-(2,6) 2-(14,14) 3-(8,3) 4-(14,14)
Task Assignment: 0-1 3-0 1-4 2-3 4-2
Robot 0 finished At time 204
Time 206
Robots Locations 0-(2,6) 1-(14,14) 2-(8,3) 3-(1,3) 4-(13,14)
Target Locations:  0-(1,3) 1-(14,14) 2-(8,3) 3-(14,14) 4-(3,4)
Task Assignment: 3-0 1-3 2-2 4-1 0-4
Robot 1 finished At time 206
Time 209
Robots Locations 0-(2,6) 1-(14,14) 2-(8,3) 3-(1,3) 4-(13,14)
Target Locations:  0-(1,3) 1-(14,14) 2-(8,3) 3-(3,4) 4-(9,12)
Task Assignment: 3-0 1-1 2-2 0-3 4-4
Robot 3 finished At time 209
Time 211
Robots Locations 0-(2,6) 1-(14,14) 2-(8,3) 3-(1,3) 4-(13,14)
Target Locations:  0-(14,14) 1-(8,3) 2-(3,4) 3-(9,12) 4-(6,1)
Task Assignment: 1-0 2-1 0-2 4-3 3-4
Robot 1 finished At time 212
Time 214
Robots Locations 0-(2,6) 1-(14,14) 2-(8,3) 3-(1,3) 4-(13,14)
Target Locations:  0-(8,3) 1-(3,4) 2-(9,12) 3-(6,1) 4-(15,12)
Task Assignment: 2-0 0-1 1-4 4-2 3-3
Robot 2 finished At time 215
Time 217
Robots Locations 0-(3,6) 1-(14,14) 2-(8,3) 3-(1,3) 4-(13,14)
Target Locations:  0-(3,4) 1-(9,12) 2-(6,1) 3-(15,12) 4-(3,4)
Task Assignment: 0-4 3-0 1-3 2-2 4-1
Robot 1 finished At time 226
Time 228
Robots Locations 0-(3,4) 1-(15,12) 2-(6,1) 3-(2,4) 4-(10,13)
Target Locations:  0-(3,4) 1-(9,12) 2-(6,1) 3-(3,4) 4-(7,7)
Task Assignment: 2-2 0-3 3-0 4-1 1-4
Robot 0 finished At time 228
Time 230
Robots Locations 0-(3,4) 1-(15,12) 2-(6,1) 3-(2,4) 4-(10,13)
Target Locations:  0-(3,4) 1-(9,12) 2-(6,1) 3-(7,7) 4-(11,1)
Task Assignment: 0-0 2-2 4-1 3-3 1-4
Robot 0 finished At time 231
Time 233
Robots Locations 0-(3,4) 1-(15,12) 2-(6,1) 3-(2,4) 4-(10,12)
Target Locations:  0-(9,12) 1-(6,1) 2-(7,7) 3-(11,1) 4-(9,13)
Task Assignment: 2-1 4-0 0-2 1-4 3-3
Robot 2 finished At time 236
Time 238
Robots Locations 0-(4,4) 1-(14,12) 2-(6,1) 3-(3,5) 4-(9,12)
Target Locations:  0-(9,12) 1-(7,7) 2-(11,1) 3-(9,13) 4-(10,13)
Task Assignment: 4-0 1-4 0-1 2-2 3-3
Robot 4 finished At time 240
Time 242
Robots Locations 0-(4,4) 1-(13,12) 2-(6,0) 3-(3,5) 4-(9,12)
Target Locations:  0-(7,7) 1-(11,1) 2-(9,13) 3-(10,13) 4-(3,14)
Task Assignment: 4-2 1-3 0-0 2-1 3-4
Robot 4 finished At time 250
Time 252
Robots Locations 0-(6,6) 1-(11,13) 2-(9,1) 3-(3,8) 4-(9,13)
Target Locations:  0-(7,7) 1-(11,1) 2-(10,13) 3-(3,14) 4-(7,5)
Task Assignment: 4-2 0-4 2-1 3-0 1-3
Robot 2 finished At time 261
Time 263
Robots Locations 0-(7,5) 1-(8,13) 2-(11,1) 3-(6,7) 4-(10,13)
Target Locations:  0-(7,7) 1-(10,13) 2-(3,14) 3-(7,5) 4-(8,11)
Task Assignment: 0-3 4-1 3-0 1-4 2-2
Robot 0 finished At time 263
Robot 4 finished At time 264
Robot 3 finished At time 267
Robot 1 finished At time 269
Robot 2 finished At time 311
/MURDOCH
Time 2
Robots Locations 0-(3,3) 1-(6,6) 2-(9,9) 3-(12,12) 4-(15,15)
Target Locations:  0-(11,1) 1-(3,10) 2-(7,10) 3-(9,3) 4-(6,11)
Task Assignment: 2-2 1-3 3-4 0-1 4-0
Robot 2 finished At time 13
Time 15
Robots Locations 0-(3,7) 1-(9,3) 2-(7,10) 3-(8,12) 4-(14,11)
Target Locations:  0-(11,1) 1-(3,10) 2-(9,3) 3-(6,11) 4-(1,7)
Task Assignment: 1-2 3-3 0-1 4-0 2-4
Robot 1 finished At time 18
Time 20
Robots Locations 0-(3,8) 1-(9,3) 2-(6,10) 3-(7,11) 4-(14,10)
Target Locations:  0-(11,1) 1-(3,10) 2-(6,11) 3-(1,7) 4-(11,3)
Task Assignment: 3-2 0-1 4-0 2-3 1-4
Robot 3 finished At time 26
Time 29
Robots Locations 0-(3,10) 1-(11,3) 2-(4,9) 3-(6,11) 4-(13,8)
Target Locations:  0-(11,1) 1-(3,10) 2-(1,7) 3-(11,3) 4-(1,6)
Task Assignment: 0-1 4-0 2-2 1-3 3-4
Robot 1 finished At time 30
Time 32
Robots Locations 0-(3,10) 1-(11,3) 2-(4,8) 3-(5,10) 4-(13,7)
Target Locations:  0-(11,1) 1-(3,10) 2-(1,7) 3-(1,6) 4-(10,5)
Task Assignment: 0-1 4-0 2-2 3-3 1-4
Robot 0 finished At time 33
Time 35
Robots Locations 0-(3,10) 1-(11,3) 2-(3,8) 3-(5,10) 4-(13,7)
Target Locations:  0-(11,1) 1-(1,7) 2-(1,6) 3-(10,5) 4-(13,15)
Task Assignment: 4-0 2-1 3-2 1-3 0-4
Robot 1 finished At time 44
Time 46
Robots Locations 0-(6,12) 1-(10,5) 2-(1,7) 3-(3,8) 4-(12,4)
Target Locations:  0-(11,1) 1-(1,7) 2-(1,6) 3-(13,15) 4-(3,1)
Task Assignment: 4-0 2-1 3-2 0-3 1-4
Robot 2 finished At time 47
Time 49
Robots Locations 0-(6,12) 1-(10,5) 2-(1,7) 3-(3,8) 4-(12,4)
Target Locations:  0-(11,1) 1-(1,6) 2-(13,15) 3-(3,1) 4-(13,12)
Task Assignment: 4-0 3-1 0-2 1-3 2-4
Robot 4 finished At time 58
Time 61
Robots Locations 0-(9,13) 1-(7,3) 2-(2,7) 3-(2,6) 4-(11,1)
Target Locations:  0-(1,6) 1-(13,15) 2-(3,1) 3-(13,12) 4-(8,3)
Task Assignment: 3-0 0-1 1-2 2-3 4-4
Robot 3 finished At time 65
Time 67
Robots Locations 0-(11,14) 1-(5,2) 2-(3,8) 3-(1,6) 4-(10,1)
Target Locations:  0-(13,15) 1-(3,1) 2-(13,12) 3-(8,3) 4-(14,4)
Task Assignment: 0-0 1-1 2-2 4-3 3-4
Robot 4 finished At time 75
Time 77
Robots Locations 0-(13,15) 1-(3,1) 2-(6,9) 3-(3,6) 4-(8,3)
Target Locations:  0-(13,15) 1-(3,1) 2-(13,12) 3-(14,4) 4-(3,2)
Task Assignment: 0-0 1-1 2-2 3-3 4-4
Robot 0 finished At time 78
Time 80
Robots Locations 0-(13,15) 1-(3,1) 2-(6,9) 3-(3,6) 4-(8,3)
Target Locations:  0-(3,1) 1-(13,12) 2-(14,4) 3-(3,2) 4-(7,10)
Task Assignment: 1-0 2-1 3-2 4-3 0-4
Robot 1 finished At time 80
Time 82
Robots Locations 0-(13,15) 1-(3,1) 2-(6,9) 3-(3,6) 4-(8,3)
Target Locations:  0-(13,12) 1-(14,4) 2-(3,2) 3-(7,10) 4-(9,9)
Task Assignment: 2-0 3-1 4-2 0-3 1-4
Robot 4 finished At time 95
Time 97
Robots Locations 0-(9,12) 1-(6,5) 2-(12,12) 3-(9,5) 4-(3,2)
Target Locations:  0-(13,12) 1-(14,4) 2-(7,10) 3-(9,9) 4-(10,13)
Task Assignment: 2-0 3-1 0-2 1-3 4-4
Robot 2 finished At time 103
Time 105
Robots Locations 0-(8,10) 1-(7,7) 2-(13,12) 3-(11,5) 4-(3,4)
Target Locations:  0-(14,4) 1-(7,10) 2-(9,9) 3-(10,13) 4-(13,14)
Task Assignment: 3-0 0-1 1-2 4-3 2-4
Robot 0 finished At time 109
Time 111
Robots Locations 0-(7,10) 1-(8,8) 2-(13,13) 3-(13,4) 4-(4,5)
Target Locations:  0-(14,4) 1-(9,9) 2-(10,13) 3-(13,14) 4-(3,14)
Task Assignment: 3-0 1-1 4-2 2-3 0-4
Robot 2 finished At time 115
Time 117
Robots Locations 0-(6,11) 1-(9,9) 2-(13,14) 3-(14,4) 4-(5,6)
Target Locations:  0-(14,4) 1-(9,9) 2-(10,13) 3-(3,14) 4-(9,13)
Task Assignment: 3-0 1-1 4-2 0-3 2-4
Robot 3 finished At time 118
Time 120
Robots Locations 0-(6,11) 1-(9,9) 2-(13,14) 3-(14,4) 4-(5,7)
Target Locations:  0-(9,9) 1-(10,13) 2-(3,14) 3-(9,13) 4-(15,6)
Task Assignment: 1-0 4-1 0-2 2-3 3-4
Robot 1 finished At time 121
Time 123
Robots Locations 0-(5,11) 1-(9,9) 2-(13,14) 3-(14,4) 4-(6,7)
Target Locations:  0-(10,13) 1-(3,14) 2-(9,13) 3-(15,6) 4-(9,12)
Task Assignment: 4-0 0-1 2-2 3-3 1-4
Robot 3 finished At time 132
Time 134
Robots Locations 0-(3,14) 1-(9,12) 2-(9,13) 3-(15,6) 4-(8,10)
Target Locations:  0-(10,13) 1-(3,14) 2-(9,13) 3-(9,12) 4-(1,11)
Task Assignment: 4-0 0-1 2-2 1-3 3-4
Robot 1 finished At time 136
Time 138
Robots Locations 0-(3,14) 1-(9,12) 2-(9,13) 3-(15,7) 4-(8,10)
Target Locations:  0-(10,13) 1-(3,14) 2-(9,13) 3-(1,11) 4-(10,13)
Task Assignment: 4-0 0-1 2-2 3-3 1-4
Robot 0 finished At time 139
Time 141
Robots Locations 0-(3,14) 1-(9,12) 2-(9,13) 3-(15,7) 4-(8,10)
Target Locations:  0-(10,13) 1-(9,13) 2-(1,11) 3-(10,13) 4-(11,7)
Task Assignment: 4-0 2-1 3-2 1-3 0-4
Robot 2 finished At time 143
Time 145
Robots Locations 0-(3,15) 1-(9,12) 2-(9,13) 3-(14,7) 4-(8,11)
Target Locations:  0-(10,13) 1-(1,11) 2-(10,13) 3-(11,7) 4-(1,3)
Task Assignment: 4-0 3-1 1-2 0-3 2-4
Robot 1 finished At time 158
Time 161
Robots Locations 0-(6,12) 1-(10,13) 2-(8,11) 3-(9,8) 4-(9,13)
Target Locations:  0-(10,13) 1-(1,11) 2-(11,7) 3-(1,3) 4-(7,5)
Task Assignment: 3-0 1-1 0-2 2-3 4-4
Robot 0 finished At time 180
Time 182
Robots Locations 0-(11,7) 1-(3,11) 2-(3,5) 3-(10,13) 4-(10,9)
Target Locations:  0-(10,13) 1-(1,11) 2-(1,3) 3-(7,5) 4-(1,12)
Task Assignment: 3-0 1-1 2-2 4-3 0-4
Robot 3 finished At time 185
Time 187
Robots Locations 0-(11,6) 1-(2,11) 2-(2,4) 3-(10,13) 4-(9,8)
Target Locations:  0-(1,11) 1-(1,3) 2-(7,5) 3-(1,12) 4-(13,9)
Task Assignment: 1-0 2-1 4-2 0-3 3-4
Robot 1 finished At time 193
Time 195
Robots Locations 0-(9,7) 1-(1,11) 2-(1,3) 3-(11,12) 4-(8,7)
Target Locations:  0-(1,3) 1-(7,5) 2-(1,12) 3-(13,9) 4-(2,6)
Task Assignment: 2-0 4-1 0-2 3-3 1-4
Robot 2 finished At time 197
Time 199
Robots Locations 0-(9,7) 1-(1,11) 2-(1,3) 3-(12,11) 4-(8,6)
Target Locations:  0-(7,5) 1-(1,12) 2-(13,9) 3-(2,6) 4-(9,12)
Task Assignment: 4-0 0-1 3-2 1-3 2-4
Robot 4 finished At time 204
Time 206
Robots Locations 0-(7,8) 1-(1,9) 2-(1,4) 3-(13,9) 4-(7,5)
Target Locations:  0-(1,12) 1-(13,9) 2-(2,6) 3-(9,12) 4-(12,12)
Task Assignment: 0-0 3-1 1-2 2-3 4-4
Robot 3 finished At time 210
Time 212
Robots Locations 0-(6,9) 1-(2,7) 2-(2,5) 3-(13,9) 4-(8,5)
Target Locations:  0-(1,12) 1-(2,6) 2-(9,12) 3-(12,12) 4-(3,7)
Task Assignment: 0-0 1-1 2-2 4-3 3-4
Robot 1 finished At time 226
Time 229
Robots Locations 0-(1,12) 1-(2,6) 2-(6,9) 3-(10,7) 4-(10,9)
Target Locations:  0-(1,12) 1-(9,12) 2-(12,12) 3-(3,7) 4-(14,14)
Task Assignment: 0-0 2-1 4-2 3-3 1-4
Robot 0 finished At time 231
Time 233
Robots Locations 0-(1,12) 1-(3,7) 2-(7,10) 3-(9,7) 4-(10,9)
Target Locations:  0-(9,12) 1-(12,12) 2-(3,7) 3-(14,14) 4-(8,3)
Task Assignment: 2-0 4-1 3-2 1-3 0-4
Robot 4 finished At time 243
Time 246
Robots Locations 0-(2,9) 1-(6,9) 2-(9,12) 3-(5,7) 4-(12,12)
Target Locations:  0-(9,12) 1-(3,7) 2-(14,14) 3-(8,3) 4-(5,3)
Task Assignment: 2-0 3-1 1-2 0-3 4-4
Robot 2 finished At time 248
Time 250
Robots Locations 0-(3,9) 1-(7,9) 2-(9,12) 3-(4,7) 4-(12,12)
Target Locations:  0-(3,7) 1-(14,14) 2-(8,3) 3-(5,3) 4-(14,14)
Task Assignment: 3-0 1-1 0-2 4-3 2-4
Robot 3 finished At time 256
Time 258
Robots Locations 0-(4,8) 1-(8,10) 2-(11,13) 3-(3,7) 4-(11,12)
Target Locations:  0-(14,14) 1-(8,3) 2-(5,3) 3-(14,14) 4-(3,4)
Task Assignment: 1-0 0-1 4-2 2-3 3-4
Robot 3 finished At time 268
Time 270
Robots Locations 0-(7,4) 1-(12,13) 2-(14,14) 3-(3,4) 4-(8,8)
Target Locations:  0-(14,14) 1-(8,3) 2-(5,3) 3-(14,14) 4-(9,12)
Task Assignment: 1-0 0-1 4-2 2-3 3-4
Robot 2 finished At time 271
Time 273
Robots Locations 0-(7,4) 1-(12,13) 2-(14,14) 3-(3,4) 4-(8,8)
Target Locations:  0-(14,14) 1-(8,3) 2-(5,3) 3-(9,12) 4-(6,1)
Task Assignment: 0-0 4-1 2-2 3-3 1-4
Robot 4 finished At time 294
Time 296
Robots Locations 0-(9,8) 1-(10,7) 2-(10,9) 3-(7,10) 4-(8,3)
Target Locations:  0-(14,14) 1-(5,3) 2-(9,12) 3-(6,1) 4-(15,12)
Task Assignment: 0-0 2-1 3-2 1-3 4-4
Robot 3 finished At time 305
Time 307
Robots Locations 0-(11,10) 1-(8,4) 2-(8,6) 3-(9,12) 4-(10,5)
Target Locations:  0-(14,14) 1-(5,3) 2-(6,1) 3-(15,12) 4-(3,4)
Task Assignment: 0-0 2-1 1-2 4-3 3-4
Robot 1 finished At time 317
Time 320
Robots Locations 0-(14,13) 1-(6,1) 2-(5,3) 3-(7,10) 4-(12,8)
Target Locations:  0-(14,14) 1-(5,3) 2-(15,12) 3-(3,4) 4-(7,7)
Task Assignment: 0-0 2-1 4-2 3-3 1-4
Robot 2 finished At time 323
Time 325
Robots Locations 0-(14,14) 1-(5,1) 2-(5,3) 3-(6,9) 4-(13,9)
Target Locations:  0-(14,14) 1-(15,12) 2-(3,4) 3-(7,7) 4-(11,1)
Task Assignment: 0-0 4-1 3-2 1-3 2-4
Robot 0 finished At time 326
Time 328
Robots Locations 0-(14,14) 1-(5,2) 2-(5,3) 3-(6,9) 4-(13,10)
Target Locations:  0-(15,12) 1-(3,4) 2-(7,7) 3-(11,1) 4-(9,13)
Task Assignment: 4-0 3-1 1-2 2-3 0-4
Robot 4 finished At time 338
Time 340
Robots Locations 0-(11,14) 1-(5,4) 2-(8,2) 3-(4,6) 4-(15,12)
Target Locations:  0-(3,4) 1-(7,7) 2-(11,1) 3-(9,13) 4-(10,13)
Task Assignment: 3-0 1-1 2-2 0-3 4-4
Robot 3 finished At time 348
Time 351
Robots Locations 0-(9,13) 1-(7,6) 2-(10,1) 3-(3,4) 4-(13,13)
Target Locations:  0-(7,7) 1-(11,1) 2-(9,13) 3-(10,13) 4-(3,14)
Task Assignment: 1-0 2-1 0-2 4-3 3-4
Robot 0 finished At time 352
Time 354
Robots Locations 0-(9,13) 1-(7,7) 2-(11,1) 3-(3,4) 4-(12,13)
Target Locations:  0-(7,7) 1-(11,1) 2-(10,13) 3-(3,14) 4-(7,5)
Task Assignment: 1-0 2-1 4-2 3-3 0-4
Robot 1 finished At time 358
Time 360
Robots Locations 0-(9,12) 1-(7,7) 2-(11,1) 3-(2,5) 4-(11,13)
Target Locations:  0-(11,1) 1-(10,13) 2-(3,14) 3-(7,5) 4-(8,11)
Task Assignment: 2-0 4-1 3-2 0-3 1-4
Robot 2 finished At time 360
Robot 4 finished At time 364
Robot 1 finished At time 374
Robot 0 finished At time 379
Robot 3 finished At time 382
/mmdr
Time 2
Robots Locations 0-(3,3) 1-(6,6) 2-(9,9) 3-(12,12) 4-(15,15)
Target Locations:  0-(11,1) 1-(3,10) 2-(7,10) 3-(9,3) 4-(6,11)
Task Assignment: 0-3 1-0 2-1 3-2 4-4
Robot 2 finished At time 19
Time 22
Robots Locations 0-(9,3) 1-(11,1) 2-(3,10) 3-(7,10) 4-(10,12)
Target Locations:  0-(11,1) 1-(7,10) 2-(9,3) 3-(6,11) 4-(1,7)
Task Assignment: 0-2 1-0 2-4 3-3 4-1
Robot 1 finished At time 24
Time 27
Robots Locations 0-(9,3) 1-(11,1) 2-(2,10) 3-(6,10) 4-(9,12)
Target Locations:  0-(7,10) 1-(9,3) 2-(6,11) 3-(1,7) 4-(11,3)
Task Assignment: 0-1 1-4 2-3 3-2 4-0
Robot 0 finished At time 28
Time 31
Robots Locations 0-(9,3) 1-(11,1) 2-(2,9) 3-(6,11) 4-(9,11)
Target Locations:  0-(7,10) 1-(6,11) 2-(1,7) 3-(11,3) 4-(1,6)
Task Assignment: 0-0 1-3 2-4 3-2 4-1
Robot 1 finished At time 39
Time 42
Robots Locations 0-(8,6) 1-(11,3) 2-(1,6) 3-(3,9) 4-(6,11)
Target Locations:  0-(7,10) 1-(6,11) 2-(1,7) 3-(1,6) 4-(10,5)
Task Assignment: 0-0 1-4 2-3 3-2 4-1
Robot 4 finished At time 43
Time 45
Robots Locations 0-(8,6) 1-(11,3) 2-(1,6) 3-(3,9) 4-(6,11)
Target Locations:  0-(7,10) 1-(1,7) 2-(1,6) 3-(10,5) 4-(13,15)
Task Assignment: 0-0 1-3 2-2 3-1 4-4
Robot 2 finished At time 47
Time 50
Robots Locations 0-(8,7) 1-(10,4) 2-(1,6) 3-(3,8) 4-(6,12)
Target Locations:  0-(7,10) 1-(1,7) 2-(10,5) 3-(13,15) 4-(3,1)
Task Assignment: 0-0 1-2 2-4 3-1 4-3
Robot 1 finished At time 55
Time 58
Robots Locations 0-(7,9) 1-(10,5) 2-(2,4) 3-(1,7) 4-(7,13)
Target Locations:  0-(7,10) 1-(1,7) 2-(13,15) 3-(3,1) 4-(13,12)
Task Assignment: 0-4 1-0 2-3 3-1 4-2
Robot 3 finished At time 61
Time 63
Robots Locations 0-(8,10) 1-(9,6) 2-(2,3) 3-(1,7) 4-(8,13)
Target Locations:  0-(7,10) 1-(13,15) 2-(3,1) 3-(13,12) 4-(8,3)
Task Assignment: 0-3 1-4 2-2 3-0 4-1
Robot 2 finished At time 73
Time 76
Robots Locations 0-(11,11) 1-(8,3) 2-(3,1) 3-(3,7) 4-(11,14)
Target Locations:  0-(7,10) 1-(13,15) 2-(13,12) 3-(8,3) 4-(14,4)
Task Assignment: 0-2 1-4 2-3 3-0 4-1
Robot 4 finished At time 82
Time 85
Robots Locations 0-(13,12) 1-(10,3) 2-(5,2) 3-(5,9) 4-(13,15)
Target Locations:  0-(7,10) 1-(13,12) 2-(8,3) 3-(14,4) 4-(3,2)
Task Assignment: 0-0 1-3 2-4 3-2 4-1
Robot 2 finished At time 96
Time 98
Robots Locations 0-(10,11) 1-(14,4) 2-(3,2) 3-(7,5) 4-(13,12)
Target Locations:  0-(7,10) 1-(13,12) 2-(8,3) 3-(14,4) 4-(7,10)
Task Assignment: 0-4 1-3 2-2 3-0 4-1
Robot 4 finished At time 99
Time 102
Robots Locations 0-(10,11) 1-(14,4) 2-(3,2) 3-(7,5) 4-(13,12)
Target Locations:  0-(7,10) 1-(8,3) 2-(14,4) 3-(7,10) 4-(9,9)
Task Assignment: 0-0 1-2 2-1 3-3 4-4
Robot 1 finished At time 102
Time 105
Robots Locations 0-(10,11) 1-(14,4) 2-(3,2) 3-(7,5) 4-(13,12)
Target Locations:  0-(7,10) 1-(8,3) 2-(7,10) 3-(9,9) 4-(10,13)
Task Assignment: 0-2 1-3 2-1 3-0 4-4
Robot 0 finished At time 114
Time 117
Robots Locations 0-(7,10) 1-(12,7) 2-(6,2) 3-(7,8) 4-(10,13)
Target Locations:  0-(7,10) 1-(8,3) 2-(9,9) 3-(10,13) 4-(13,14)
Task Assignment: 0-3 1-2 2-1 3-0 4-4
Robot 3 finished At time 125
Time 127
Robots Locations 0-(8,12) 1-(10,8) 2-(8,3) 3-(7,10) 4-(12,14)
Target Locations:  0-(8,3) 1-(9,9) 2-(10,13) 3-(13,14) 4-(3,14)
Task Assignment: 0-2 1-1 2-0 3-4 4-3
Robot 2 finished At time 128
Time 131
Robots Locations 0-(8,12) 1-(9,9) 2-(8,3) 3-(7,10) 4-(12,14)
Target Locations:  0-(9,9) 1-(10,13) 2-(13,14) 3-(3,14) 4-(9,13)
Task Assignment: 0-4 1-1 2-0 3-3 4-2
Robot 4 finished At time 135
Time 138
Robots Locations 0-(9,13) 1-(10,10) 2-(8,5) 3-(6,11) 4-(13,14)
Target Locations:  0-(9,9) 1-(10,13) 2-(3,14) 3-(9,13) 4-(15,6)
Task Assignment: 0-3 1-4 2-0 3-2 4-1
Robot 0 finished At time 140
Time 142
Robots Locations 0-(9,13) 1-(10,11) 2-(9,5) 3-(5,12) 4-(13,14)
Target Locations:  0-(9,9) 1-(10,13) 2-(3,14) 3-(15,6) 4-(9,12)
Task Assignment: 0-4 1-0 2-3 3-2 4-1
Robot 0 finished At time 151
Time 153
Robots Locations 0-(9,12) 1-(9,9) 2-(12,6) 3-(3,14) 4-(11,13)
Target Locations:  0-(9,9) 1-(10,13) 2-(3,14) 3-(15,6) 4-(1,11)
Task Assignment: 0-2 1-0 2-3 3-4 4-1
Robot 1 finished At time 155
Time 157
Robots Locations 0-(9,12) 1-(9,9) 2-(12,6) 3-(3,14) 4-(10,13)
Target Locations:  0-(10,13) 1-(3,14) 2-(15,6) 3-(1,11) 4-(10,13)
Task Assignment: 0-1 1-4 2-2 3-3 4-0
Robot 4 finished At time 160
Time 163
Robots Locations 0-(7,12) 1-(8,10) 2-(13,6) 3-(2,13) 4-(10,13)
Target Locations:  0-(3,14) 1-(15,6) 2-(1,11) 3-(10,13) 4-(11,7)
Task Assignment: 0-0 1-4 2-1 3-2 4-3
Robot 4 finished At time 164
Time 166
Robots Locations 0-(7,12) 1-(8,10) 2-(14,6) 3-(2,13) 4-(10,13)
Target Locations:  0-(3,14) 1-(15,6) 2-(1,11) 3-(11,7) 4-(1,3)
Task Assignment: 0-0 1-4 2-1 3-2 4-3
Robot 2 finished At time 172
Time 175
Robots Locations 0-(5,13) 1-(8,8) 2-(15,6) 3-(1,11) 4-(10,11)
Target Locations:  0-(3,14) 1-(1,11) 2-(11,7) 3-(1,3) 4-(7,5)
Task Assignment: 0-0 1-3 2-2 3-1 4-4
Robot 3 finished At time 177
Time 180
Robots Locations 0-(4,14) 1-(8,8) 2-(15,6) 3-(1,11) 4-(10,10)
Target Locations:  0-(3,14) 1-(11,7) 2-(1,3) 3-(7,5) 4-(1,12)
Task Assignment: 0-0 1-2 2-1 3-4 4-3
Robot 0 finished At time 185
Time 188
Robots Locations 0-(3,14) 1-(6,7) 2-(14,7) 3-(1,12) 4-(9,8)
Target Locations:  0-(11,7) 1-(1,3) 2-(7,5) 3-(1,12) 4-(13,9)
Task Assignment: 0-3 1-2 2-4 3-1 4-0
Robot 2 finished At time 197
Time 200
Robots Locations 0-(1,12) 1-(7,5) 2-(13,9) 3-(1,9) 4-(11,7)
Target Locations:  0-(11,7) 1-(1,3) 2-(7,5) 3-(1,12) 4-(2,6)
Task Assignment: 0-3 1-1 2-0 3-4 4-2
Robot 0 finished At time 202
Time 205
Robots Locations 0-(1,12) 1-(7,4) 2-(13,9) 3-(1,9) 4-(11,6)
Target Locations:  0-(11,7) 1-(1,3) 2-(7,5) 3-(2,6) 4-(9,12)
Task Assignment: 0-3 1-2 2-4 3-1 4-0
Robot 4 finished At time 212
Time 214
Robots Locations 0-(1,9) 1-(7,5) 2-(10,11) 3-(1,5) 4-(11,7)
Target Locations:  0-(1,3) 1-(7,5) 2-(2,6) 3-(9,12) 4-(12,12)
Task Assignment: 0-2 1-1 2-3 3-0 4-4
Robot 1 finished At time 215
Time 217
Robots Locations 0-(1,9) 1-(7,5) 2-(10,11) 3-(1,5) 4-(11,7)
Target Locations:  0-(1,3) 1-(2,6) 2-(9,12) 3-(12,12) 4-(3,7)
Task Assignment: 0-1 1-4 2-2 3-0 4-3
Robot 2 finished At time 221
Time 224
Robots Locations 0-(2,7) 1-(6,6) 2-(9,12) 3-(1,3) 4-(12,9)
Target Locations:  0-(1,3) 1-(2,6) 2-(12,12) 3-(3,7) 4-(14,14)
Task Assignment: 0-1 1-3 2-2 3-0 4-4
Robot 3 finished At time 226
Time 228
Robots Locations 0-(2,6) 1-(6,6) 2-(9,13) 3-(1,3) 4-(12,10)
Target Locations:  0-(2,6) 1-(12,12) 2-(3,7) 3-(14,14) 4-(8,3)
Task Assignment: 0-2 1-4 2-1 3-0 4-3
Robot 0 finished At time 234
Time 236
Robots Locations 0-(3,7) 1-(7,4) 2-(12,12) 3-(2,5) 4-(13,13)
Target Locations:  0-(2,6) 1-(12,12) 2-(14,14) 3-(8,3) 4-(5,3)
Task Assignment: 0-0 1-3 2-1 3-4 4-2
Robot 2 finished At time 238
Time 240
Robots Locations 0-(3,8) 1-(7,4) 2-(12,12) 3-(2,5) 4-(14,14)
Target Locations:  0-(2,6) 1-(14,14) 2-(8,3) 3-(5,3) 4-(14,14)
Task Assignment: 0-0 1-2 2-1 3-3 4-4
Robot 4 finished At time 243
Time 245
Robots Locations 0-(2,7) 1-(8,3) 2-(13,13) 3-(3,4) 4-(14,14)
Target Locations:  0-(2,6) 1-(14,14) 2-(8,3) 3-(5,3) 4-(3,4)
Task Assignment: 0-0 1-3 2-2 3-4 4-1
Robot 4 finished At time 246
Time 248
Robots Locations 0-(2,6) 1-(8,3) 2-(13,13) 3-(4,4) 4-(14,14)
Target Locations:  0-(2,6) 1-(8,3) 2-(5,3) 3-(3,4) 4-(9,12)
Task Assignment: 0-0 1-2 2-1 3-3 4-4
Robot 0 finished At time 251
Time 253
Robots Locations 0-(2,6) 1-(7,2) 2-(14,12) 3-(3,4) 4-(13,15)
Target Locations:  0-(8,3) 1-(5,3) 2-(3,4) 3-(9,12) 4-(6,1)
Task Assignment: 0-2 1-4 2-0 3-1 4-3
Robot 1 finished At time 259
Time 261
Robots Locations 0-(3,4) 1-(6,1) 2-(12,10) 3-(5,3) 4-(11,13)
Target Locations:  0-(8,3) 1-(5,3) 2-(3,4) 3-(9,12) 4-(15,12)
Task Assignment: 0-2 1-0 2-4 3-1 4-3
Robot 0 finished At time 262
Time 265
Robots Locations 0-(3,4) 1-(6,1) 2-(12,9) 3-(5,3) 4-(10,13)
Target Locations:  0-(8,3) 1-(5,3) 2-(9,12) 3-(15,12) 4-(3,4)
Task Assignment: 0-4 1-0 2-3 3-1 4-2
Robot 0 finished At time 265
Time 268
Robots Locations 0-(3,4) 1-(6,0) 2-(12,9) 3-(5,3) 4-(10,13)
Target Locations:  0-(8,3) 1-(5,3) 2-(9,12) 3-(15,12) 4-(7,7)
Task Assignment: 0-1 1-0 2-3 3-4 4-2
Robot 4 finished At time 272
Time 274
Robots Locations 0-(5,3) 1-(8,2) 2-(14,10) 3-(6,4) 4-(9,12)
Target Locations:  0-(8,3) 1-(5,3) 2-(15,12) 3-(7,7) 4-(11,1)
Task Assignment: 0-1 1-4 2-2 3-0 4-3
Robot 0 finished At time 276
Time 278
Robots Locations 0-(5,3) 1-(9,2) 2-(14,11) 3-(7,4) 4-(9,11)
Target Locations:  0-(8,3) 1-(15,12) 2-(7,7) 3-(11,1) 4-(9,13)
Task Assignment: 0-0 1-3 2-1 3-2 4-4
Robot 2 finished At time 282
Time 284
Robots Locations 0-(7,3) 1-(11,1) 2-(15,12) 3-(8,5) 4-(8,12)
Target Locations:  0-(8,3) 1-(7,7) 2-(11,1) 3-(9,13) 4-(10,13)
Task Assignment: 0-0 1-2 2-4 3-1 4-3
Robot 1 finished At time 286
Time 289
Robots Locations 0-(8,3) 1-(11,1) 2-(14,13) 3-(7,7) 4-(9,13)
Target Locations:  0-(8,3) 1-(7,7) 2-(9,13) 3-(10,13) 4-(3,14)
Task Assignment: 0-1 1-0 2-3 3-2 4-4
Robot 2 finished At time 298
Time 301
Robots Locations 0-(7,7) 1-(8,3) 2-(10,13) 3-(9,12) 4-(4,14)
Target Locations:  0-(8,3) 1-(7,7) 2-(9,13) 3-(3,14) 4-(7,5)
Task Assignment: 0-4 1-0 2-2 3-1 4-3
Robot 1 finished At time 302
Time 304
Robots Locations 0-(6,7) 1-(8,3) 2-(9,13) 3-(8,12) 4-(4,14)
Target Locations:  0-(7,7) 1-(9,13) 2-(3,14) 3-(7,5) 4-(8,11)
Task Assignment: 0-0 1-3 2-1 3-4 4-2
Robot 2 finished At time 307
Robot 4 finished At time 308
Robot 3 finished At time 309
Robot 0 finished At time 310
Robot 1 finished At time 310
/mmd_msd2
Time 2
Robots Locations 0-(3,3) 1-(5,7) 2-(9,8) 3-(13,12) 4-(15,15)
Target Locations:  0-(11,1) 1-(3,10) 2-(7,10) 3-(9,3) 4-(6,11)
Task Assignment: 0-3 1-1 2-0 3-2 4-4
Robot 1 finished At time 22
Time 24
Robots Locations 0-(7,3) 1-(3,10) 2-(10,3) 3-(9,11) 4-(11,13)
Target Locations:  0-(11,1) 1-(7,10) 2-(9,3) 3-(6,11) 4-(1,7)
Task Assignment: 0-2 1-4 2-0 3-1 4-3
Robot 0 finished At time 30
Time 32
Robots Locations 0-(9,3) 1-(1,8) 2-(11,1) 3-(7,10) 4-(9,12)
Target Locations:  0-(11,1) 1-(7,10) 2-(6,11) 3-(1,7) 4-(11,3)
Task Assignment: 0-4 1-3 2-0 3-2 4-1
Robot 2 finished At time 32
Time 34
Robots Locations 0-(9,3) 1-(1,8) 2-(11,1) 3-(7,10) 4-(8,12)
Target Locations:  0-(7,10) 1-(6,11) 2-(1,7) 3-(11,3) 4-(1,6)
Task Assignment: 0-0 1-4 2-3 3-2 4-1
Robot 1 finished At time 39
Time 41
Robots Locations 0-(9,5) 1-(1,6) 2-(11,2) 3-(4,9) 4-(6,11)
Target Locations:  0-(7,10) 1-(6,11) 2-(1,7) 3-(11,3) 4-(10,5)
Task Assignment: 0-4 1-2 2-3 3-1 4-0
Robot 2 finished At time 44
Time 46
Robots Locations 0-(10,5) 1-(1,7) 2-(11,3) 3-(4,10) 4-(7,10)
Target Locations:  0-(7,10) 1-(6,11) 2-(1,7) 3-(10,5) 4-(13,15)
Task Assignment: 0-0 1-2 2-3 3-1 4-4
Robot 1 finished At time 50
Time 52
Robots Locations 0-(9,5) 1-(1,7) 2-(10,4) 3-(6,11) 4-(8,11)
Target Locations:  0-(7,10) 1-(6,11) 2-(10,5) 3-(13,15) 4-(3,1)
Task Assignment: 0-0 1-4 2-2 3-1 4-3
Robot 3 finished At time 54
Time 56
Robots Locations 0-(9,6) 1-(2,6) 2-(10,5) 3-(6,11) 4-(9,12)
Target Locations:  0-(7,10) 1-(10,5) 2-(13,15) 3-(3,1) 4-(13,12)
Task Assignment: 0-4 1-3 2-1 3-0 4-2
Robot 2 finished At time 57
Time 59
Robots Locations 0-(9,7) 1-(2,6) 2-(10,5) 3-(6,11) 4-(9,12)
Target Locations:  0-(7,10) 1-(13,15) 2-(3,1) 3-(13,12) 4-(8,3)
Task Assignment: 0-3 1-2 2-4 3-0 4-1
Robot 3 finished At time 63
Time 65
Robots Locations 0-(10,9) 1-(2,4) 2-(9,4) 3-(7,10) 4-(11,13)
Target Locations:  0-(13,15) 1-(3,1) 2-(13,12) 3-(8,3) 4-(14,4)
Task Assignment: 0-4 1-1 2-3 3-2 4-0
Robot 2 finished At time 69
Time 71
Robots Locations 0-(12,7) 1-(3,1) 2-(8,3) 3-(9,10) 4-(13,15)
Target Locations:  0-(13,15) 1-(3,1) 2-(13,12) 3-(14,4) 4-(3,2)
Task Assignment: 0-3 1-1 2-4 3-2 4-0
Robot 1 finished At time 73
Time 75
Robots Locations 0-(12,6) 1-(3,1) 2-(7,3) 3-(10,11) 4-(13,15)
Target Locations:  0-(13,15) 1-(13,12) 2-(14,4) 3-(3,2) 4-(7,10)
Task Assignment: 0-2 1-3 2-4 3-1 4-0
Robot 4 finished At time 76
Time 78
Robots Locations 0-(13,6) 1-(3,1) 2-(7,3) 3-(10,11) 4-(13,15)
Target Locations:  0-(13,12) 1-(14,4) 2-(3,2) 3-(7,10) 4-(9,9)
Task Assignment: 0-1 1-2 2-4 3-3 4-0
Robot 1 finished At time 84
Time 85
Robots Locations 0-(14,4) 1-(3,2) 2-(7,6) 3-(8,11) 4-(13,12)
Target Locations:  0-(13,12) 1-(14,4) 2-(7,10) 3-(9,9) 4-(10,13)
Task Assignment: 0-1 1-2 2-3 3-4 4-0
Robot 0 finished At time 86
Time 88
Robots Locations 0-(14,4) 1-(3,2) 2-(8,6) 3-(8,11) 4-(13,12)
Target Locations:  0-(13,12) 1-(7,10) 2-(9,9) 3-(10,13) 4-(13,14)
Task Assignment: 0-0 1-1 2-2 3-3 4-4
Robot 4 finished At time 95
Time 97
Robots Locations 0-(14,7) 1-(5,6) 2-(9,9) 3-(10,13) 4-(13,14)
Target Locations:  0-(13,12) 1-(7,10) 2-(9,9) 3-(10,13) 4-(3,14)
Task Assignment: 0-2 1-1 2-4 3-3 4-0
Robot 3 finished At time 98
Time 100
Robots Locations 0-(13,8) 1-(5,7) 2-(9,10) 3-(10,13) 4-(14,14)
Target Locations:  0-(13,12) 1-(7,10) 2-(9,9) 3-(3,14) 4-(9,13)
Task Assignment: 0-2 1-3 2-1 3-4 4-0
Robot 2 finished At time 105
Time 107
Robots Locations 0-(11,8) 1-(5,9) 2-(7,10) 3-(9,13) 4-(13,12)
Target Locations:  0-(13,12) 1-(9,9) 2-(3,14) 3-(9,13) 4-(15,6)
Task Assignment: 0-4 1-2 2-1 3-3 4-0
Robot 3 finished At time 108
Time 110
Robots Locations 0-(10,8) 1-(4,10) 2-(7,10) 3-(9,13) 4-(13,12)
Target Locations:  0-(13,12) 1-(9,9) 2-(3,14) 3-(15,6) 4-(9,12)
Task Assignment: 0-3 1-2 2-1 3-4 4-0
Robot 4 finished At time 111
Time 112
Robots Locations 0-(10,8) 1-(4,10) 2-(6,10) 3-(9,13) 4-(13,12)
Target Locations:  0-(9,9) 1-(3,14) 2-(15,6) 3-(9,12) 4-(1,11)
Task Assignment: 0-2 1-4 2-1 3-3 4-0
Robot 3 finished At time 116
Time 118
Robots Locations 0-(12,7) 1-(3,11) 2-(5,10) 3-(9,12) 4-(12,11)
Target Locations:  0-(9,9) 1-(3,14) 2-(15,6) 3-(1,11) 4-(10,13)
Task Assignment: 0-2 1-3 2-1 3-4 4-0
Robot 1 finished At time 122
Time 125
Robots Locations 0-(14,6) 1-(1,11) 2-(4,12) 3-(10,13) 4-(9,9)
Target Locations:  0-(9,9) 1-(3,14) 2-(15,6) 3-(10,13) 4-(11,7)
Task Assignment: 0-2 1-1 2-0 3-3 4-4
Robot 3 finished At time 126
Time 128
Robots Locations 0-(15,6) 1-(1,11) 2-(4,13) 3-(10,13) 4-(9,9)
Target Locations:  0-(9,9) 1-(3,14) 2-(15,6) 3-(11,7) 4-(1,3)
Task Assignment: 0-2 1-4 2-1 3-0 4-3
Robot 0 finished At time 130
Time 132
Robots Locations 0-(15,6) 1-(0,11) 2-(4,13) 3-(9,13) 4-(10,8)
Target Locations:  0-(9,9) 1-(3,14) 2-(11,7) 3-(1,3) 4-(7,5)
Task Assignment: 0-2 1-3 2-1 3-0 4-4
Robot 2 finished At time 136
Time 138
Robots Locations 0-(14,5) 1-(0,10) 2-(3,14) 3-(9,11) 4-(9,7)
Target Locations:  0-(9,9) 1-(11,7) 2-(1,3) 3-(7,5) 4-(1,12)
Task Assignment: 0-1 1-2 2-4 3-0 4-3
Robot 4 finished At time 144
Time 147
Robots Locations 0-(11,7) 1-(1,6) 2-(1,12) 3-(9,9) 4-(7,5)
Target Locations:  0-(9,9) 1-(11,7) 2-(1,3) 3-(1,12) 4-(13,9)
Task Assignment: 0-4 1-2 2-3 3-0 4-1
Robot 3 finished At time 147
Time 149
Robots Locations 0-(11,7) 1-(1,6) 2-(1,12) 3-(9,9) 4-(7,5)
Target Locations:  0-(11,7) 1-(1,3) 2-(1,12) 3-(13,9) 4-(2,6)
Task Assignment: 0-3 1-1 2-2 3-0 4-4
Robot 2 finished At time 150
Time 152
Robots Locations 0-(11,7) 1-(1,5) 2-(1,12) 3-(9,9) 4-(7,5)
Target Locations:  0-(11,7) 1-(1,3) 2-(13,9) 3-(2,6) 4-(9,12)
Task Assignment: 0-2 1-1 2-3 3-4 4-0
Robot 1 finished At time 157
Time 159
Robots Locations 0-(13,9) 1-(1,3) 2-(1,9) 3-(9,11) 4-(8,6)
Target Locations:  0-(11,7) 1-(13,9) 2-(2,6) 3-(9,12) 4-(12,12)
Task Assignment: 0-1 1-2 2-3 3-4 4-0
Robot 0 finished At time 160
Time 162
Robots Locations 0-(13,9) 1-(1,3) 2-(2,9) 3-(9,12) 4-(9,6)
Target Locations:  0-(11,7) 1-(2,6) 2-(9,12) 3-(12,12) 4-(3,7)
Task Assignment: 0-3 1-1 2-4 3-2 4-0
Robot 3 finished At time 166
Time 168
Robots Locations 0-(12,11) 1-(2,5) 2-(3,7) 3-(9,12) 4-(11,7)
Target Locations:  0-(11,7) 1-(2,6) 2-(12,12) 3-(3,7) 4-(14,14)
Task Assignment: 0-4 1-1 2-3 3-2 4-0
Robot 2 finished At time 169
Time 171
Robots Locations 0-(13,12) 1-(2,5) 2-(3,7) 3-(9,11) 4-(11,7)
Target Locations:  0-(11,7) 1-(2,6) 2-(12,12) 3-(14,14) 4-(8,3)
Task Assignment: 0-3 1-1 2-4 3-2 4-0
Robot 4 finished At time 173
Time 175
Robots Locations 0-(13,12) 1-(2,6) 2-(3,7) 3-(9,11) 4-(11,7)
Target Locations:  0-(2,6) 1-(12,12) 2-(14,14) 3-(8,3) 4-(5,3)
Task Assignment: 0-2 1-0 2-4 3-1 4-3
Robot 1 finished At time 177
Time 179
Robots Locations 0-(13,13) 1-(2,6) 2-(4,6) 3-(10,11) 4-(12,6)
Target Locations:  0-(12,12) 1-(14,14) 2-(8,3) 3-(5,3) 4-(14,14)
Task Assignment: 0-1 1-3 2-2 3-4 4-0
Robot 0 finished At time 183
Time 185
Robots Locations 0-(14,14) 1-(3,5) 2-(6,4) 3-(12,13) 4-(11,7)
Target Locations:  0-(12,12) 1-(8,3) 2-(5,3) 3-(14,14) 4-(3,4)
Task Assignment: 0-3 1-4 2-2 3-0 4-1
Robot 0 finished At time 185
Time 187
Robots Locations 0-(14,14) 1-(4,5) 2-(6,4) 3-(12,13) 4-(11,8)
Target Locations:  0-(12,12) 1-(8,3) 2-(5,3) 3-(3,4) 4-(9,12)
Task Assignment: 0-0 1-3 2-2 3-4 4-1
Robot 1 finished At time 190
Time 192
Robots Locations 0-(13,14) 1-(3,4) 2-(5,3) 3-(11,13) 4-(10,7)
Target Locations:  0-(12,12) 1-(8,3) 2-(5,3) 3-(9,12) 4-(6,1)
Task Assignment: 0-0 1-2 2-4 3-3 4-1
Robot 0 finished At time 197
Time 200
Robots Locations 0-(12,12) 1-(5,3) 2-(6,1) 3-(9,12) 4-(9,4)
Target Locations:  0-(8,3) 1-(5,3) 2-(9,12) 3-(6,1) 4-(15,12)
Task Assignment: 0-4 1-1 2-3 3-2 4-0
Robot 1 finished At time 201
Time 203
Robots Locations 0-(12,12) 1-(5,3) 2-(6,1) 3-(9,12) 4-(8,4)
Target Locations:  0-(8,3) 1-(9,12) 2-(6,1) 3-(15,12) 4-(3,4)
Task Assignment: 0-3 1-4 2-2 3-1 4-0
Robot 3 finished At time 204
Time 206
Robots Locations 0-(12,11) 1-(5,3) 2-(6,1) 3-(9,12) 4-(8,4)
Target Locations:  0-(8,3) 1-(6,1) 2-(15,12) 3-(3,4) 4-(7,7)
Task Assignment: 0-2 1-3 2-1 3-4 4-0
Robot 2 finished At time 207
Time 209
Robots Locations 0-(12,11) 1-(5,3) 2-(6,1) 3-(9,12) 4-(8,3)
Target Locations:  0-(8,3) 1-(15,12) 2-(3,4) 3-(7,7) 4-(11,1)
Task Assignment: 0-1 1-2 2-0 3-3 4-4
Robot 0 finished At time 215
Time 217
Robots Locations 0-(15,12) 1-(3,4) 2-(8,3) 3-(8,9) 4-(11,1)
Target Locations:  0-(8,3) 1-(3,4) 2-(7,7) 3-(11,1) 4-(9,13)
Task Assignment: 0-4 1-1 2-0 3-2 4-3
Robot 2 finished At time 218
Time 220
Robots Locations 0-(15,13) 1-(3,4) 2-(8,3) 3-(7,8) 4-(11,1)
Target Locations:  0-(3,4) 1-(7,7) 2-(11,1) 3-(9,13) 4-(10,13)
Task Assignment: 0-4 1-0 2-1 3-3 4-2
Robot 1 finished At time 221
Time 224
Robots Locations 0-(15,13) 1-(3,4) 2-(8,3) 3-(7,8) 4-(11,1)
Target Locations:  0-(7,7) 1-(11,1) 2-(9,13) 3-(10,13) 4-(3,14)
Task Assignment: 0-3 1-4 2-0 3-2 4-1
Robot 4 finished At time 225
Time 234
Robots Locations 0-(15,13) 1-(3,4) 2-(8,4) 3-(7,8) 4-(11,1)
Target Locations:  0-(7,7) 1-(9,13) 2-(10,13) 3-(3,14) 4-(7,5)
Task Assignment: 0-2 1-0 2-1 3-3 4-4
Robot 0 finished At time 245
Time 247
Robots Locations 0-(10,13) 1-(7,7) 2-(9,9) 3-(4,12) 4-(8,4)
Target Locations:  0-(7,7) 1-(9,13) 2-(3,14) 3-(7,5) 4-(8,11)
Task Assignment: 0-1 1-0 2-4 3-2 4-3
Robot 1 finished At time 248
Robot 0 finished At time 250
Robot 4 finished At time 251
Robot 2 finished At time 251
Robot 3 finished At time 251
