Goals: (12,9) (3,11) (15,3) (5,2) (7,7) (2,5) (8,1) (2,7) (13,2) (2,11) (9,2) (15,8) (9,8) (10,7) (11,10) (3,12) (7,15) (2,12) (14,14) (12,13) (2,12) (4,13) (12,1) (9,5) (8,9) (2,2) (9,8) (15,1) (7,10) (11,10) (13,10) (9,5) (2,4) (9,10) (8,7) (10,13) (2,1) (9,13) (3,13) (14,2) (4,2) (9,15) (1,4) (13,9) (10,14) (8,15) (12,14) (2,8) (3,5) (11,3)
/BLE
Time 2
Robots Locations 0-(3,2) 1-(6,5) 2-(9,10) 3-(12,13) 4-(15,15)
Target Locations:  0-(11,3) 1-(3,5) 2-(2,8) 3-(12,14) 4-(8,15)
Task Assignment: 3-3 0-1 1-2 2-4 4-0
Robot 3 finished At time 6
Time 8
Robots Locations 0-(2,3) 1-(5,5) 2-(9,12) 3-(12,14) 4-(15,14)
Target Locations:  0-(11,3) 1-(3,5) 2-(2,8) 3-(8,15) 4-(10,14)
Task Assignment: 3-4 1-1 2-3 0-2 4-0
Robot 3 finished At time 15
Time 16
Robots Locations 0-(2,7) 1-(3,5) 2-(8,15) 3-(10,14) 4-(14,11)
Target Locations:  0-(11,3) 1-(3,5) 2-(2,8) 3-(8,15) 4-(13,9)
Task Assignment: 1-1 2-3 0-2 4-4 3-0
Robot 1 finished At time 17
Time 19
Robots Locations 0-(2,7) 1-(3,5) 2-(8,15) 3-(10,14) 4-(14,10)
Target Locations:  0-(11,3) 1-(2,8) 2-(8,15) 3-(13,9) 4-(1,4)
Task Assignment: 2-2 0-1 4-3 1-4 3-0
Robot 2 finished At time 20
Time 22
Robots Locations 0-(2,7) 1-(2,5) 2-(8,15) 3-(10,13) 4-(14,10)
Target Locations:  0-(11,3) 1-(2,8) 2-(13,9) 3-(1,4) 4-(9,15)
Task Assignment: 0-1 2-4 4-2 1-3 3-0
Robot 0 finished At time 25
Time 27
Robots Locations 0-(2,8) 1-(1,4) 2-(9,15) 3-(10,12) 4-(13,9)
Target Locations:  0-(11,3) 1-(13,9) 2-(1,4) 3-(9,15) 4-(4,2)
Task Assignment: 1-2 4-1 2-3 0-4 3-0
Robot 4 finished At time 28
Time 30
Robots Locations 0-(2,8) 1-(1,4) 2-(9,15) 3-(10,11) 4-(13,9)
Target Locations:  0-(11,3) 1-(1,4) 2-(9,15) 3-(4,2) 4-(14,2)
Task Assignment: 1-1 2-2 4-0 0-3 3-4
Robot 1 finished At time 31
Time 33
Robots Locations 0-(3,8) 1-(1,4) 2-(9,15) 3-(10,11) 4-(13,9)
Target Locations:  0-(11,3) 1-(9,15) 2-(4,2) 3-(14,2) 4-(3,13)
Task Assignment: 2-1 1-2 0-4 4-0 3-3
Robot 2 finished At time 33
Time 35
Robots Locations 0-(3,8) 1-(1,4) 2-(9,15) 3-(10,11) 4-(13,9)
Target Locations:  0-(11,3) 1-(4,2) 2-(14,2) 3-(3,13) 4-(9,13)
Task Assignment: 2-4 1-1 0-3 4-0 3-2
Robot 2 finished At time 40
Time 42
Robots Locations 0-(3,11) 1-(3,2) 2-(9,13) 3-(11,8) 4-(12,6)
Target Locations:  0-(11,3) 1-(4,2) 2-(14,2) 3-(3,13) 4-(2,1)
Task Assignment: 1-1 0-3 4-0 3-2 2-4
Robot 1 finished At time 46
Time 48
Robots Locations 0-(3,13) 1-(4,2) 2-(8,11) 3-(12,6) 4-(11,4)
Target Locations:  0-(11,3) 1-(14,2) 2-(3,13) 3-(2,1) 4-(10,13)
Task Assignment: 0-2 4-0 1-3 2-4 3-1
Robot 0 finished At time 50
Time 52
Robots Locations 0-(3,13) 1-(4,1) 2-(9,11) 3-(13,5) 4-(11,3)
Target Locations:  0-(11,3) 1-(14,2) 2-(2,1) 3-(10,13) 4-(8,7)
Task Assignment: 4-0 1-2 2-3 3-1 0-4
Robot 4 finished At time 53
Time 55
Robots Locations 0-(3,13) 1-(4,1) 2-(9,11) 3-(13,5) 4-(11,3)
Target Locations:  0-(14,2) 1-(2,1) 2-(10,13) 3-(8,7) 4-(9,10)
Task Assignment: 2-4 1-1 4-0 3-3 0-2
Robot 1 finished At time 59
Time 61
Robots Locations 0-(5,13) 1-(2,1) 2-(9,10) 3-(11,5) 4-(13,2)
Target Locations:  0-(14,2) 1-(10,13) 2-(8,7) 3-(9,10) 4-(2,4)
Task Assignment: 2-3 4-0 1-4 3-2 0-1
Robot 2 finished At time 63
Time 65
Robots Locations 0-(6,13) 1-(2,2) 2-(9,10) 3-(10,5) 4-(14,2)
Target Locations:  0-(14,2) 1-(10,13) 2-(8,7) 3-(2,4) 4-(9,5)
Task Assignment: 4-0 3-4 1-3 2-2 0-1
Robot 4 finished At time 67
Time 69
Robots Locations 0-(7,13) 1-(2,3) 2-(9,9) 3-(9,5) 4-(14,2)
Target Locations:  0-(10,13) 1-(8,7) 2-(2,4) 3-(9,5) 4-(13,10)
Task Assignment: 3-3 1-2 2-1 0-0 4-4
Robot 3 finished At time 72
Time 74
Robots Locations 0-(9,13) 1-(2,4) 2-(8,8) 3-(9,5) 4-(14,3)
Target Locations:  0-(10,13) 1-(8,7) 2-(2,4) 3-(13,10) 4-(11,10)
Task Assignment: 1-2 0-0 2-1 3-4 4-3
Robot 1 finished At time 75
Time 78
Robots Locations 0-(10,13) 1-(2,4) 2-(8,7) 3-(8,5) 4-(14,4)
Target Locations:  0-(10,13) 1-(8,7) 2-(13,10) 3-(11,10) 4-(7,10)
Task Assignment: 0-0 2-1 3-4 4-2 1-3
Robot 2 finished At time 80
Time 82
Robots Locations 0-(10,13) 1-(3,4) 2-(8,7) 3-(8,6) 4-(14,4)
Target Locations:  0-(10,13) 1-(13,10) 2-(11,10) 3-(7,10) 4-(15,1)
Task Assignment: 0-0 4-4 2-3 3-2 1-1
Robot 0 finished At time 84
Time 85
Robots Locations 0-(10,13) 1-(3,5) 2-(8,7) 3-(8,6) 4-(14,5)
Target Locations:  0-(13,10) 1-(11,10) 2-(7,10) 3-(15,1) 4-(9,8)
Task Assignment: 2-4 0-1 3-2 4-3 1-0
Robot 2 finished At time 90
Time 92
Robots Locations 0-(11,11) 1-(5,6) 2-(9,8) 3-(7,8) 4-(15,3)
Target Locations:  0-(13,10) 1-(11,10) 2-(7,10) 3-(15,1) 4-(2,2)
Task Assignment: 0-1 3-2 4-3 2-0 1-4
Robot 0 finished At time 95
Time 97
Robots Locations 0-(11,10) 1-(6,5) 2-(10,9) 3-(7,10) 4-(15,1)
Target Locations:  0-(13,10) 1-(7,10) 2-(15,1) 3-(2,2) 4-(8,9)
Task Assignment: 4-2 3-1 2-4 0-0 1-3
Robot 4 finished At time 100
Time 102
Robots Locations 0-(12,10) 1-(5,4) 2-(10,9) 3-(7,10) 4-(15,1)
Target Locations:  0-(13,10) 1-(7,10) 2-(2,2) 3-(8,9) 4-(9,5)
Task Assignment: 3-1 0-0 2-3 1-2 4-4
Robot 3 finished At time 116
Time 118
Robots Locations 0-(12,10) 1-(5,4) 2-(10,9) 3-(7,10) 4-(15,1)
Target Locations:  0-(13,10) 1-(2,2) 2-(8,9) 3-(9,5) 4-(12,1)
Task Assignment: 0-0 3-2 4-4 1-1 2-3
Robot 0 finished At time 121
Time 122
Robots Locations 0-(13,10) 1-(3,3) 2-(9,8) 3-(8,10) 4-(13,1)
Target Locations:  0-(2,2) 1-(8,9) 2-(9,5) 3-(12,1) 4-(4,13)
Task Assignment: 3-1 4-3 1-0 2-2 0-4
Robot 3 finished At time 126
Time 128
Robots Locations 0-(13,11) 1-(2,2) 2-(9,6) 3-(8,9) 4-(12,1)
Target Locations:  0-(2,2) 1-(9,5) 2-(12,1) 3-(4,13) 4-(2,12)
Task Assignment: 1-0 4-2 2-1 3-3 0-4
Robot 4 finished At time 129
Time 131
Robots Locations 0-(12,11) 1-(2,2) 2-(9,5) 3-(8,9) 4-(12,1)
Target Locations:  0-(2,2) 1-(9,5) 2-(4,13) 3-(2,12) 4-(12,13)
Task Assignment: 1-0 2-1 0-4 3-2 4-3
Robot 1 finished At time 131
Time 133
Robots Locations 0-(12,11) 1-(2,2) 2-(9,5) 3-(8,9) 4-(12,1)
Target Locations:  0-(9,5) 1-(4,13) 2-(2,12) 3-(12,13) 4-(14,14)
Task Assignment: 2-0 0-3 3-1 1-2 4-4
Robot 2 finished At time 136
Time 138
Robots Locations 0-(12,12) 1-(1,3) 2-(9,5) 3-(7,9) 4-(12,2)
Target Locations:  0-(4,13) 1-(2,12) 2-(12,13) 3-(14,14) 4-(2,12)
Task Assignment: 0-2 3-0 1-4 2-1 4-3
Robot 0 finished At time 140
Time 143
Robots Locations 0-(12,13) 1-(1,5) 2-(8,5) 3-(6,10) 4-(12,4)
Target Locations:  0-(4,13) 1-(2,12) 2-(14,14) 3-(2,12) 4-(7,15)
Task Assignment: 0-2 3-0 1-3 2-1 4-4
Robot 0 finished At time 149
Time 151
Robots Locations 0-(14,14) 1-(2,8) 2-(6,8) 3-(4,13) 4-(11,7)
Target Locations:  0-(4,13) 1-(2,12) 2-(2,12) 3-(7,15) 4-(3,12)
Task Assignment: 3-0 1-1 2-4 0-3 4-2
Robot 3 finished At time 152
Time 154
Robots Locations 0-(14,15) 1-(2,9) 2-(5,9) 3-(4,13) 4-(10,8)
Target Locations:  0-(2,12) 1-(2,12) 2-(7,15) 3-(3,12) 4-(11,10)
Task Assignment: 3-3 4-4 1-0 2-1 0-2
Robot 3 finished At time 160
Time 163
Robots Locations 0-(11,15) 1-(2,12) 2-(3,11) 3-(3,12) 4-(11,10)
Target Locations:  0-(2,12) 1-(2,12) 2-(7,15) 3-(11,10) 4-(10,7)
Task Assignment: 4-3 1-0 3-1 0-2 2-4
Robot 4 finished At time 167
Time 169
Robots Locations 0-(11,15) 1-(2,12) 2-(3,11) 3-(3,12) 4-(11,10)
Target Locations:  0-(2,12) 1-(2,12) 2-(7,15) 3-(10,7) 4-(9,8)
Task Assignment: 1-0 3-1 4-4 0-2 2-3
Robot 1 finished At time 171
Time 173
Robots Locations 0-(10,15) 1-(2,12) 2-(3,10) 3-(3,11) 4-(11,11)
Target Locations:  0-(2,12) 1-(7,15) 2-(10,7) 3-(9,8) 4-(15,8)
Task Assignment: 1-0 0-1 4-3 2-2 3-4
Robot 1 finished At time 174
Time 176
Robots Locations 0-(10,15) 1-(2,12) 2-(3,10) 3-(3,11) 4-(11,11)
Target Locations:  0-(7,15) 1-(10,7) 2-(9,8) 3-(15,8) 4-(9,2)
Task Assignment: 0-0 4-2 2-1 3-4 1-3
Robot 0 finished At time 182
Time 184
Robots Locations 0-(7,15) 1-(5,11) 2-(6,9) 3-(5,9) 4-(9,8)
Target Locations:  0-(10,7) 1-(9,8) 2-(15,8) 3-(9,2) 4-(2,11)
Task Assignment: 4-1 1-4 2-0 3-3 0-2
Robot 4 finished At time 197
Time 199
Robots Locations 0-(7,14) 1-(5,11) 2-(7,8) 3-(5,8) 4-(9,8)
Target Locations:  0-(10,7) 1-(15,8) 2-(9,2) 3-(2,11) 4-(13,2)
Task Assignment: 4-0 1-3 2-2 3-1 0-4
Robot 4 finished At time 203
Time 205
Robots Locations 0-(8,12) 1-(3,11) 2-(8,6) 3-(7,8) 4-(10,7)
Target Locations:  0-(15,8) 1-(9,2) 2-(2,11) 3-(13,2) 4-(2,7)
Task Assignment: 1-2 2-1 4-0 3-4 0-3
Robot 1 finished At time 208
Time 210
Robots Locations 0-(9,10) 1-(2,11) 2-(8,4) 3-(7,7) 4-(12,7)
Target Locations:  0-(15,8) 1-(9,2) 2-(13,2) 3-(2,7) 4-(8,1)
Task Assignment: 2-1 4-0 1-3 3-4 0-2
Robot 2 finished At time 216
Time 218
Robots Locations 0-(10,8) 1-(2,8) 2-(9,2) 3-(7,4) 4-(15,8)
Target Locations:  0-(15,8) 1-(13,2) 2-(2,7) 3-(8,1) 4-(2,5)
Task Assignment: 4-0 1-2 2-3 3-4 0-1
Robot 4 finished At time 219
Time 221
Robots Locations 0-(11,7) 1-(2,7) 2-(8,1) 3-(7,4) 4-(15,8)
Target Locations:  0-(13,2) 1-(2,7) 2-(8,1) 3-(2,5) 4-(7,7)
Task Assignment: 1-1 2-2 3-4 0-0 4-3
Robot 1 finished At time 223
Time 225
Robots Locations 0-(11,6) 1-(2,7) 2-(8,1) 3-(6,5) 4-(15,9)
Target Locations:  0-(13,2) 1-(8,1) 2-(2,5) 3-(7,7) 4-(5,2)
Task Assignment: 2-1 1-2 3-3 0-0 4-4
Robot 2 finished At time 226
Time 228
Robots Locations 0-(11,5) 1-(2,7) 2-(8,1) 3-(7,5) 4-(15,9)
Target Locations:  0-(13,2) 1-(2,5) 2-(7,7) 3-(5,2) 4-(15,3)
Task Assignment: 1-1 3-2 2-3 0-0 4-4
Robot 1 finished At time 233
Time 235
Robots Locations 0-(13,3) 1-(2,5) 2-(6,2) 3-(7,7) 4-(15,6)
Target Locations:  0-(13,2) 1-(7,7) 2-(5,2) 3-(15,3) 4-(3,11)
Task Assignment: 3-1 2-2 0-0 4-3 1-4
Robot 3 finished At time 235
Time 237
Robots Locations 0-(13,3) 1-(2,5) 2-(6,2) 3-(7,7) 4-(15,6)
Target Locations:  0-(13,2) 1-(5,2) 2-(15,3) 3-(3,11) 4-(12,9)
Task Assignment: 0-0 2-1 4-2 3-4 1-3
Robot 2 finished At time 240
Robot 0 finished At time 241
Robot 4 finished At time 244
Robot 3 finished At time 249
Robot 1 finished At time 252
/MURDOCH
Time 2
Robots Locations 0-(3,3) 1-(6,6) 2-(9,9) 3-(12,13) 4-(15,15)
Target Locations:  0-(11,3) 1-(3,5) 2-(2,8) 3-(12,14) 4-(8,15)
Task Assignment: 4-0 1-1 0-2 3-3 2-4
Robot 3 finished At time 7
Time 8
Robots Locations 0-(2,5) 1-(4,5) 2-(9,12) 3-(12,14) 4-(14,14)
Target Locations:  0-(11,3) 1-(3,5) 2-(2,8) 3-(8,15) 4-(10,14)
Task Assignment: 4-0 1-1 0-2 2-3 3-4
Robot 1 finished At time 13
Time 15
Robots Locations 0-(2,7) 1-(3,5) 2-(8,14) 3-(10,14) 4-(13,12)
Target Locations:  0-(11,3) 1-(2,8) 2-(8,15) 3-(10,14) 4-(13,9)
Task Assignment: 4-0 0-1 2-2 3-3 1-4
Robot 3 finished At time 17
Time 19
Robots Locations 0-(2,8) 1-(3,6) 2-(8,15) 3-(10,14) 4-(13,11)
Target Locations:  0-(11,3) 1-(2,8) 2-(8,15) 3-(13,9) 4-(1,4)
Task Assignment: 4-0 0-1 2-2 1-3 3-4
Robot 0 finished At time 20
Time 22
Robots Locations 0-(2,8) 1-(3,6) 2-(8,15) 3-(10,14) 4-(13,10)
Target Locations:  0-(11,3) 1-(8,15) 2-(13,9) 3-(1,4) 4-(9,15)
Task Assignment: 4-0 2-1 1-2 3-3 0-4
Robot 2 finished At time 23
Time 25
Robots Locations 0-(2,9) 1-(4,6) 2-(8,15) 3-(9,13) 4-(13,10)
Target Locations:  0-(11,3) 1-(13,9) 2-(1,4) 3-(9,15) 4-(4,2)
Task Assignment: 4-0 1-1 3-2 0-3 2-4
Robot 4 finished At time 39
Time 41
Robots Locations 0-(7,14) 1-(12,9) 2-(6,9) 3-(4,7) 4-(11,3)
Target Locations:  0-(13,9) 1-(1,4) 2-(9,15) 3-(4,2) 4-(14,2)
Task Assignment: 1-0 3-1 0-2 2-3 4-4
Robot 1 finished At time 45
Time 47
Robots Locations 0-(9,15) 1-(13,9) 2-(5,6) 3-(2,6) 4-(13,2)
Target Locations:  0-(1,4) 1-(9,15) 2-(4,2) 3-(14,2) 4-(3,13)
Task Assignment: 3-0 0-1 2-2 4-3 1-4
Robot 0 finished At time 49
Time 51
Robots Locations 0-(9,15) 1-(13,10) 2-(5,5) 3-(2,5) 4-(14,2)
Target Locations:  0-(1,4) 1-(4,2) 2-(14,2) 3-(3,13) 4-(9,13)
Task Assignment: 3-0 2-1 4-2 1-3 0-4
Robot 4 finished At time 52
Time 54
Robots Locations 0-(10,15) 1-(12,10) 2-(5,4) 3-(1,4) 4-(14,2)
Target Locations:  0-(1,4) 1-(4,2) 2-(3,13) 3-(9,13) 4-(2,1)
Task Assignment: 3-0 2-1 1-2 0-3 4-4
Robot 3 finished At time 56
Time 58
Robots Locations 0-(9,14) 1-(11,10) 2-(4,3) 3-(1,4) 4-(14,1)
Target Locations:  0-(4,2) 1-(3,13) 2-(9,13) 3-(2,1) 4-(10,13)
Task Assignment: 2-0 1-1 0-2 4-3 3-4
Robot 0 finished At time 60
Time 62
Robots Locations 0-(9,13) 1-(9,11) 2-(4,2) 3-(2,3) 4-(13,1)
Target Locations:  0-(4,2) 1-(3,13) 2-(2,1) 3-(10,13) 4-(8,7)
Task Assignment: 2-0 1-1 4-2 3-3 0-4
Robot 2 finished At time 64
Time 66
Robots Locations 0-(9,12) 1-(9,11) 2-(4,2) 3-(2,4) 4-(12,1)
Target Locations:  0-(3,13) 1-(2,1) 2-(10,13) 3-(8,7) 4-(9,10)
Task Assignment: 1-0 4-1 3-2 0-3 2-4
Robot 1 finished At time 78
Time 80
Robots Locations 0-(8,7) 1-(3,13) 2-(7,6) 3-(7,9) 4-(5,1)
Target Locations:  0-(2,1) 1-(10,13) 2-(8,7) 3-(9,10) 4-(2,4)
Task Assignment: 4-0 3-1 0-2 2-3 1-4
Robot 0 finished At time 81
Time 83
Robots Locations 0-(8,7) 1-(3,13) 2-(7,6) 3-(7,10) 4-(5,1)
Target Locations:  0-(2,1) 1-(10,13) 2-(9,10) 3-(2,4) 4-(9,5)
Task Assignment: 4-0 3-1 2-2 1-3 0-4
Robot 0 finished At time 89
Time 90
Robots Locations 0-(9,5) 1-(2,10) 2-(9,9) 3-(9,12) 4-(2,1)
Target Locations:  0-(2,1) 1-(10,13) 2-(9,10) 3-(2,4) 4-(13,10)
Task Assignment: 4-0 3-1 2-2 1-3 0-4
Robot 4 finished At time 91
Time 93
Robots Locations 0-(9,5) 1-(2,9) 2-(9,10) 3-(10,12) 4-(2,1)
Target Locations:  0-(10,13) 1-(9,10) 2-(2,4) 3-(13,10) 4-(11,10)
Task Assignment: 3-0 2-1 1-2 0-3 4-4
Robot 2 finished At time 96
Time 98
Robots Locations 0-(10,6) 1-(2,8) 2-(9,10) 3-(10,13) 4-(2,2)
Target Locations:  0-(10,13) 1-(2,4) 2-(13,10) 3-(11,10) 4-(7,10)
Task Assignment: 3-0 1-1 0-2 4-3 2-4
Robot 3 finished At time 98
Time 100
Robots Locations 0-(10,6) 1-(2,7) 2-(9,10) 3-(10,13) 4-(2,2)
Target Locations:  0-(2,4) 1-(13,10) 2-(11,10) 3-(7,10) 4-(15,1)
Task Assignment: 1-0 0-1 4-2 2-3 3-4
Robot 2 finished At time 107
Time 109
Robots Locations 0-(12,9) 1-(2,4) 2-(7,10) 3-(12,10) 4-(5,5)
Target Locations:  0-(2,4) 1-(13,10) 2-(11,10) 3-(15,1) 4-(9,8)
Task Assignment: 1-0 0-1 4-2 3-3 2-4
Robot 1 finished At time 110
Time 112
Robots Locations 0-(13,9) 1-(2,4) 2-(7,10) 3-(12,10) 4-(5,5)
Target Locations:  0-(13,10) 1-(11,10) 2-(15,1) 3-(9,8) 4-(2,2)
Task Assignment: 0-0 4-1 3-2 2-3 1-4
Robot 0 finished At time 117
Time 119
Robots Locations 0-(13,10) 1-(2,2) 2-(8,9) 3-(12,10) 4-(7,6)
Target Locations:  0-(11,10) 1-(15,1) 2-(9,8) 3-(2,2) 4-(8,9)
Task Assignment: 4-0 3-1 2-2 1-3 0-4
Robot 1 finished At time 123
Time 125
Robots Locations 0-(13,10) 1-(2,2) 2-(9,8) 3-(12,10) 4-(8,7)
Target Locations:  0-(11,10) 1-(15,1) 2-(9,8) 3-(8,9) 4-(9,5)
Task Assignment: 4-0 3-1 2-2 0-3 1-4
Robot 2 finished At time 127
Time 129
Robots Locations 0-(12,10) 1-(3,2) 2-(9,8) 3-(11,10) 4-(8,7)
Target Locations:  0-(11,10) 1-(15,1) 2-(8,9) 3-(9,5) 4-(12,1)
Task Assignment: 4-0 3-1 0-2 1-3 2-4
Robot 4 finished At time 150
Time 152
Robots Locations 0-(10,9) 1-(7,4) 2-(11,3) 3-(13,5) 4-(11,10)
Target Locations:  0-(15,1) 1-(8,9) 2-(9,5) 3-(12,1) 4-(4,13)
Task Assignment: 3-0 0-1 1-2 2-3 4-4
Robot 0 finished At time 157
Time 159
Robots Locations 0-(8,9) 1-(9,5) 2-(12,1) 3-(14,2) 4-(9,11)
Target Locations:  0-(15,1) 1-(9,5) 2-(12,1) 3-(4,13) 4-(2,12)
Task Assignment: 3-0 1-1 2-2 4-3 0-4
Robot 1 finished At time 160
Time 162
Robots Locations 0-(8,9) 1-(9,5) 2-(12,1) 3-(15,2) 4-(9,11)
Target Locations:  0-(15,1) 1-(12,1) 2-(4,13) 3-(2,12) 4-(12,13)
Task Assignment: 3-0 2-1 4-2 0-3 1-4
Robot 2 finished At time 162
Time 164
Robots Locations 0-(7,9) 1-(9,5) 2-(12,1) 3-(15,2) 4-(9,11)
Target Locations:  0-(15,1) 1-(4,13) 2-(2,12) 3-(12,13) 4-(14,14)
Task Assignment: 3-0 4-1 0-2 1-3 2-4
Robot 3 finished At time 168
Time 170
Robots Locations 0-(6,10) 1-(10,7) 2-(13,2) 3-(15,1) 4-(7,12)
Target Locations:  0-(4,13) 1-(2,12) 2-(12,13) 3-(14,14) 4-(2,12)
Task Assignment: 4-0 0-1 1-2 2-3 3-4
Robot 4 finished At time 177
Time 179
Robots Locations 0-(2,12) 1-(11,11) 2-(13,6) 3-(12,3) 4-(4,13)
Target Locations:  0-(2,12) 1-(12,13) 2-(14,14) 3-(2,12) 4-(7,15)
Task Assignment: 0-0 1-1 2-2 3-3 4-4
Robot 0 finished At time 181
Time 183
Robots Locations 0-(2,12) 1-(12,12) 2-(13,7) 3-(11,3) 4-(4,14)
Target Locations:  0-(12,13) 1-(14,14) 2-(2,12) 3-(7,15) 4-(3,12)
Task Assignment: 1-0 2-1 3-2 4-3 0-4
Robot 1 finished At time 187
Time 188
Robots Locations 0-(3,12) 1-(12,13) 2-(14,9) 3-(10,5) 4-(6,14)
Target Locations:  0-(14,14) 1-(2,12) 2-(7,15) 3-(3,12) 4-(11,10)
Task Assignment: 2-0 3-1 4-2 0-3 1-4
Robot 0 finished At time 191
Time 193
Robots Locations 0-(3,12) 1-(13,13) 2-(14,11) 3-(9,6) 4-(7,15)
Target Locations:  0-(14,14) 1-(2,12) 2-(7,15) 3-(11,10) 4-(10,7)
Task Assignment: 2-0 3-1 4-2 1-3 0-4
Robot 4 finished At time 195
Time 196
Robots Locations 0-(3,12) 1-(12,12) 2-(14,11) 3-(8,6) 4-(7,15)
Target Locations:  0-(14,14) 1-(2,12) 2-(11,10) 3-(10,7) 4-(9,8)
Task Assignment: 2-0 3-1 1-2 0-3 4-4
Robot 1 finished At time 202
Time 204
Robots Locations 0-(6,10) 1-(11,10) 2-(14,14) 3-(6,8) 4-(8,12)
Target Locations:  0-(14,14) 1-(2,12) 2-(10,7) 3-(9,8) 4-(15,8)
Task Assignment: 2-0 3-1 0-2 4-3 1-4
Robot 2 finished At time 206
Time 208
Robots Locations 0-(7,9) 1-(11,9) 2-(14,14) 3-(5,9) 4-(8,12)
Target Locations:  0-(2,12) 1-(10,7) 2-(9,8) 3-(15,8) 4-(9,2)
Task Assignment: 3-0 0-1 4-2 1-3 2-4
Robot 4 finished At time 217
Time 219
Robots Locations 0-(10,7) 1-(15,8) 2-(12,11) 3-(2,12) 4-(9,8)
Target Locations:  0-(2,12) 1-(10,7) 2-(15,8) 3-(9,2) 4-(2,11)
Task Assignment: 3-0 0-1 1-2 2-3 4-4
Robot 0 finished At time 220
Time 222
Robots Locations 0-(10,7) 1-(15,8) 2-(12,10) 3-(2,12) 4-(9,8)
Target Locations:  0-(2,12) 1-(15,8) 2-(9,2) 3-(2,11) 4-(13,2)
Task Assignment: 3-0 1-1 2-2 4-3 0-4
Robot 1 finished At time 222
Time 224
Robots Locations 0-(10,7) 1-(15,8) 2-(12,10) 3-(2,12) 4-(9,8)
Target Locations:  0-(2,12) 1-(9,2) 2-(2,11) 3-(13,2) 4-(2,7)
Task Assignment: 3-0 2-1 4-2 0-3 1-4
Robot 3 finished At time 225
Time 227
Robots Locations 0-(10,7) 1-(15,8) 2-(12,10) 3-(2,12) 4-(9,8)
Target Locations:  0-(9,2) 1-(2,11) 2-(13,2) 3-(2,7) 4-(8,1)
Task Assignment: 2-0 4-1 0-2 1-3 3-4
Robot 0 finished At time 238
Time 240
Robots Locations 0-(13,2) 1-(9,7) 2-(10,4) 3-(4,7) 4-(3,10)
Target Locations:  0-(9,2) 1-(2,11) 2-(2,7) 3-(8,1) 4-(2,5)
Task Assignment: 2-0 4-1 1-2 3-3 0-4
Robot 4 finished At time 244
Time 246
Robots Locations 0-(11,2) 1-(7,7) 2-(9,2) 3-(5,5) 4-(2,11)
Target Locations:  0-(9,2) 1-(2,7) 2-(8,1) 3-(2,5) 4-(7,7)
Task Assignment: 2-0 1-1 3-2 0-3 4-4
Robot 2 finished At time 248
Time 249
Robots Locations 0-(10,2) 1-(6,7) 2-(9,2) 3-(6,5) 4-(1,11)
Target Locations:  0-(2,7) 1-(8,1) 2-(2,5) 3-(7,7) 4-(5,2)
Task Assignment: 1-0 3-1 0-2 4-3 2-4
Robot 1 finished At time 259
Time 261
Robots Locations 0-(7,2) 1-(2,7) 2-(5,2) 3-(8,3) 4-(6,8)
Target Locations:  0-(8,1) 1-(2,5) 2-(7,7) 3-(5,2) 4-(15,3)
Task Assignment: 3-0 0-1 4-2 2-3 1-4
Robot 2 finished At time 262
Time 264
Robots Locations 0-(7,2) 1-(2,7) 2-(5,2) 3-(8,3) 4-(6,8)
Target Locations:  0-(8,1) 1-(2,5) 2-(7,7) 3-(15,3) 4-(3,11)
Task Assignment: 3-0 0-1 4-2 1-3 2-4
Robot 4 finished At time 268
Time 270
Robots Locations 0-(5,3) 1-(3,6) 2-(4,4) 3-(8,1) 4-(7,7)
Target Locations:  0-(8,1) 1-(2,5) 2-(15,3) 3-(3,11) 4-(12,9)
Task Assignment: 3-0 0-1 1-2 2-3 4-4
Robot 3 finished At time 272
Robot 0 finished At time 279
Robot 4 finished At time 281
Robot 2 finished At time 285
Robot 1 finished At time 291
/mmdr
Time 2
Robots Locations 0-(4,3) 1-(6,6) 2-(9,9) 3-(12,12) 4-(15,16)
Target Locations:  0-(11,3) 1-(3,5) 2-(2,8) 3-(12,14) 4-(8,15)
Task Assignment: 0-1 1-2 2-0 3-4 4-3
Robot 0 finished At time 11
Time 13
Robots Locations 0-(3,5) 1-(2,8) 2-(11,4) 3-(8,15) 4-(12,14)
Target Locations:  0-(11,3) 1-(2,8) 2-(12,14) 3-(8,15) 4-(10,14)
Task Assignment: 0-1 1-3 2-0 3-4 4-2
Robot 4 finished At time 15
Time 17
Robots Locations 0-(3,6) 1-(2,9) 2-(11,4) 3-(8,15) 4-(12,14)
Target Locations:  0-(11,3) 1-(2,8) 2-(8,15) 3-(10,14) 4-(13,9)
Task Assignment: 0-0 1-1 2-4 3-2 4-3
Robot 1 finished At time 22
Time 25
Robots Locations 0-(5,6) 1-(2,8) 2-(12,5) 3-(8,15) 4-(10,14)
Target Locations:  0-(11,3) 1-(8,15) 2-(10,14) 3-(13,9) 4-(1,4)
Task Assignment: 0-0 1-4 2-3 3-1 4-2
Robot 4 finished At time 25
Time 28
Robots Locations 0-(5,5) 1-(2,8) 2-(12,5) 3-(8,15) 4-(10,14)
Target Locations:  0-(11,3) 1-(8,15) 2-(13,9) 3-(1,4) 4-(9,15)
Task Assignment: 0-0 1-3 2-2 3-1 4-4
Robot 3 finished At time 28
Time 31
Robots Locations 0-(6,5) 1-(2,8) 2-(12,5) 3-(8,15) 4-(10,14)
Target Locations:  0-(11,3) 1-(13,9) 2-(1,4) 3-(9,15) 4-(4,2)
Task Assignment: 0-4 1-2 2-0 3-3 4-1
Robot 3 finished At time 37
Time 40
Robots Locations 0-(4,2) 1-(1,4) 2-(11,4) 3-(9,15) 4-(11,12)
Target Locations:  0-(11,3) 1-(13,9) 2-(1,4) 3-(4,2) 4-(14,2)
Task Assignment: 0-3 1-2 2-4 3-1 4-0
Robot 1 finished At time 42
Time 45
Robots Locations 0-(4,2) 1-(1,4) 2-(12,3) 3-(10,14) 4-(11,10)
Target Locations:  0-(11,3) 1-(13,9) 2-(4,2) 3-(14,2) 4-(3,13)
Task Assignment: 0-0 1-2 2-3 3-4 4-1
Robot 2 finished At time 51
Time 53
Robots Locations 0-(7,2) 1-(4,2) 2-(14,2) 3-(7,13) 4-(13,9)
Target Locations:  0-(11,3) 1-(13,9) 2-(4,2) 3-(3,13) 4-(9,13)
Task Assignment: 0-0 1-2 2-1 3-3 4-4
Robot 1 finished At time 56
Time 58
Robots Locations 0-(8,2) 1-(4,2) 2-(14,3) 3-(6,13) 4-(13,10)
Target Locations:  0-(11,3) 1-(13,9) 2-(3,13) 3-(9,13) 4-(2,1)
Task Assignment: 0-0 1-4 2-1 3-2 4-3
Robot 3 finished At time 65
Time 67
Robots Locations 0-(11,3) 1-(2,1) 2-(14,7) 3-(3,13) 4-(10,12)
Target Locations:  0-(11,3) 1-(13,9) 2-(9,13) 3-(2,1) 4-(10,13)
Task Assignment: 0-0 1-3 2-1 3-2 4-4
Robot 1 finished At time 68
Time 70
Robots Locations 0-(11,3) 1-(2,1) 2-(14,7) 3-(3,13) 4-(10,12)
Target Locations:  0-(11,3) 1-(13,9) 2-(9,13) 3-(10,13) 4-(8,7)
Task Assignment: 0-0 1-4 2-1 3-2 4-3
Robot 0 finished At time 70
Time 73
Robots Locations 0-(11,3) 1-(2,1) 2-(14,7) 3-(3,13) 4-(10,12)
Target Locations:  0-(13,9) 1-(9,13) 2-(10,13) 3-(8,7) 4-(9,10)
Task Assignment: 0-0 1-3 2-4 3-1 4-2
Robot 4 finished At time 76
Time 78
Robots Locations 0-(12,4) 1-(2,2) 2-(12,8) 3-(4,12) 4-(10,13)
Target Locations:  0-(13,9) 1-(9,13) 2-(8,7) 3-(9,10) 4-(2,4)
Task Assignment: 0-2 1-4 2-0 3-3 4-1
Robot 4 finished At time 82
Time 85
Robots Locations 0-(10,6) 1-(2,4) 2-(13,9) 3-(6,11) 4-(9,13)
Target Locations:  0-(13,9) 1-(8,7) 2-(9,10) 3-(2,4) 4-(9,5)
Task Assignment: 0-4 1-3 2-0 3-1 4-2
Robot 2 finished At time 86
Time 89
Robots Locations 0-(10,6) 1-(2,4) 2-(13,9) 3-(6,11) 4-(9,12)
Target Locations:  0-(8,7) 1-(9,10) 2-(2,4) 3-(9,5) 4-(13,10)
Task Assignment: 0-3 1-2 2-4 3-0 4-1
Robot 1 finished At time 89
Time 92
Robots Locations 0-(10,6) 1-(2,4) 2-(13,9) 3-(6,11) 4-(9,12)
Target Locations:  0-(8,7) 1-(9,10) 2-(9,5) 3-(13,10) 4-(11,10)
Task Assignment: 0-2 1-0 2-3 3-1 4-4
Robot 0 finished At time 96
Time 98
Robots Locations 0-(9,5) 1-(3,5) 2-(13,10) 3-(8,10) 4-(10,11)
Target Locations:  0-(8,7) 1-(9,10) 2-(13,10) 3-(11,10) 4-(7,10)
Task Assignment: 0-3 1-0 2-2 3-4 4-1
Robot 2 finished At time 99
Time 101
Robots Locations 0-(9,5) 1-(4,5) 2-(13,10) 3-(8,10) 4-(10,11)
Target Locations:  0-(8,7) 1-(9,10) 2-(11,10) 3-(7,10) 4-(15,1)
Task Assignment: 0-4 1-0 2-2 3-3 4-1
Robot 4 finished At time 106
Time 108
Robots Locations 0-(10,3) 1-(6,6) 2-(11,10) 3-(7,10) 4-(9,10)
Target Locations:  0-(8,7) 1-(11,10) 2-(7,10) 3-(15,1) 4-(9,8)
Task Assignment: 0-3 1-0 2-1 3-2 4-4
Robot 3 finished At time 110
Time 112
Robots Locations 0-(10,3) 1-(6,6) 2-(11,10) 3-(7,10) 4-(9,9)
Target Locations:  0-(8,7) 1-(11,10) 2-(15,1) 3-(9,8) 4-(2,2)
Task Assignment: 0-2 1-4 2-1 3-3 4-0
Robot 2 finished At time 113
Time 128
Robots Locations 0-(-1,-1) 1-(7,6) 2-(11,10) 3-(7,10) 4-(9,9)
Target Locations:  0-(8,7) 1-(15,1) 2-(9,8) 3-(2,2) 4-(8,9)
Task Assignment: 0-3 1-0 2-1 3-4 4-2
Robot 4 finished At time 132
Time 134
Robots Locations 0-(10,2) 1-(8,7) 2-(11,8) 3-(8,10) 4-(9,8)
Target Locations:  0-(8,7) 1-(15,1) 2-(2,2) 3-(8,9) 4-(9,5)
Task Assignment: 0-1 1-2 2-4 3-3 4-0
Robot 3 finished At time 137
Time 140
Robots Locations 0-(10,1) 1-(8,6) 2-(10,7) 3-(8,9) 4-(9,7)
Target Locations:  0-(8,7) 1-(15,1) 2-(2,2) 3-(9,5) 4-(12,1)
Task Assignment: 0-1 1-2 2-4 3-0 4-3
Robot 4 finished At time 145
Time 148
Robots Locations 0-(13,1) 1-(5,4) 2-(11,4) 3-(8,7) 4-(9,5)
Target Locations:  0-(8,7) 1-(15,1) 2-(2,2) 3-(12,1) 4-(4,13)
Task Assignment: 0-1 1-2 2-3 3-4 4-0
Robot 0 finished At time 153
Time 155
Robots Locations 0-(15,1) 1-(3,3) 2-(12,1) 3-(6,8) 4-(8,6)
Target Locations:  0-(8,7) 1-(2,2) 2-(12,1) 3-(4,13) 4-(2,12)
Task Assignment: 0-2 1-1 2-0 3-3 4-4
Robot 1 finished At time 159
Time 161
Robots Locations 0-(14,0) 1-(2,2) 2-(11,1) 3-(5,10) 4-(7,8)
Target Locations:  0-(8,7) 1-(12,1) 2-(4,13) 3-(2,12) 4-(12,13)
Task Assignment: 0-1 1-3 2-0 3-2 4-4
Robot 0 finished At time 168
Time 170
Robots Locations 0-(12,1) 1-(2,5) 2-(9,5) 3-(4,13) 4-(9,10)
Target Locations:  0-(8,7) 1-(4,13) 2-(2,12) 3-(12,13) 4-(14,14)
Task Assignment: 0-0 1-2 2-3 3-1 4-4
Robot 3 finished At time 171
Time 174
Robots Locations 0-(12,1) 1-(2,6) 2-(9,5) 3-(4,13) 4-(9,11)
Target Locations:  0-(8,7) 1-(2,12) 2-(12,13) 3-(14,14) 4-(2,12)
Task Assignment: 0-0 1-1 2-2 3-4 4-3
Robot 3 finished At time 180
Time 182
Robots Locations 0-(10,5) 1-(2,9) 2-(10,8) 3-(2,12) 4-(12,13)
Target Locations:  0-(8,7) 1-(2,12) 2-(12,13) 3-(14,14) 4-(7,15)
Task Assignment: 0-0 1-1 2-2 3-4 4-3
Robot 4 finished At time 188
Time 190
Robots Locations 0-(8,7) 1-(2,12) 2-(11,12) 3-(4,13) 4-(14,14)
Target Locations:  0-(8,7) 1-(2,12) 2-(12,13) 3-(7,15) 4-(3,12)
Task Assignment: 0-0 1-1 2-3 3-4 4-2
Robot 0 finished At time 192
Time 194
Robots Locations 0-(8,7) 1-(2,12) 2-(11,12) 3-(4,13) 4-(14,15)
Target Locations:  0-(2,12) 1-(12,13) 2-(7,15) 3-(3,12) 4-(11,10)
Task Assignment: 0-4 1-0 2-2 3-3 4-1
Robot 1 finished At time 194
Time 197
Robots Locations 0-(8,7) 1-(2,12) 2-(11,12) 3-(4,13) 4-(14,15)
Target Locations:  0-(12,13) 1-(7,15) 2-(3,12) 3-(11,10) 4-(10,7)
Task Assignment: 0-4 1-2 2-3 3-1 4-0
Robot 1 finished At time 201
Time 204
Robots Locations 0-(10,7) 1-(3,12) 2-(11,11) 3-(5,14) 4-(12,13)
Target Locations:  0-(12,13) 1-(7,15) 2-(11,10) 3-(10,7) 4-(9,8)
Task Assignment: 0-3 1-4 2-2 3-1 4-0
Robot 0 finished At time 206
Time 208
Robots Locations 0-(10,7) 1-(4,11) 2-(11,10) 3-(7,15) 4-(12,13)
Target Locations:  0-(12,13) 1-(7,15) 2-(11,10) 3-(9,8) 4-(15,8)
Task Assignment: 0-2 1-3 2-4 3-1 4-0
Robot 4 finished At time 209
Time 211
Robots Locations 0-(10,7) 1-(4,11) 2-(11,10) 3-(7,15) 4-(12,13)
Target Locations:  0-(7,15) 1-(11,10) 2-(9,8) 3-(15,8) 4-(9,2)
Task Assignment: 0-4 1-2 2-3 3-0 4-1
Robot 3 finished At time 214
Time 216
Robots Locations 0-(11,6) 1-(5,10) 2-(12,9) 3-(7,15) 4-(12,12)
Target Locations:  0-(11,10) 1-(9,8) 2-(15,8) 3-(9,2) 4-(2,11)
Task Assignment: 0-3 1-1 2-2 3-4 4-0
Robot 4 finished At time 221
Time 223
Robots Locations 0-(10,4) 1-(8,9) 2-(15,8) 3-(6,13) 4-(11,10)
Target Locations:  0-(9,8) 1-(15,8) 2-(9,2) 3-(2,11) 4-(13,2)
Task Assignment: 0-2 1-0 2-4 3-3 4-1
Robot 1 finished At time 228
Time 230
Robots Locations 0-(9,2) 1-(9,8) 2-(14,6) 3-(4,12) 4-(13,9)
Target Locations:  0-(15,8) 1-(9,2) 2-(2,11) 3-(13,2) 4-(2,7)
Task Assignment: 0-1 1-4 2-3 3-2 4-0
Robot 0 finished At time 230
Time 233
Robots Locations 0-(9,2) 1-(9,8) 2-(14,6) 3-(4,12) 4-(13,9)
Target Locations:  0-(15,8) 1-(2,11) 2-(13,2) 3-(2,7) 4-(8,1)
Task Assignment: 0-4 1-3 2-2 3-1 4-0
Robot 0 finished At time 238
Time 240
Robots Locations 0-(8,1) 1-(7,7) 2-(14,3) 3-(2,11) 4-(15,8)
Target Locations:  0-(15,8) 1-(2,11) 2-(13,2) 3-(2,7) 4-(2,5)
Task Assignment: 0-4 1-3 2-2 3-1 4-0
Robot 4 finished At time 241
Time 243
Robots Locations 0-(7,1) 1-(7,7) 2-(13,3) 3-(2,11) 4-(15,8)
Target Locations:  0-(2,11) 1-(13,2) 2-(2,7) 3-(2,5) 4-(7,7)
Task Assignment: 0-3 1-2 2-4 3-0 4-1
Robot 3 finished At time 244
Time 246
Robots Locations 0-(7,1) 1-(6,7) 2-(13,3) 3-(2,11) 4-(15,8)
Target Locations:  0-(13,2) 1-(2,7) 2-(2,5) 3-(7,7) 4-(5,2)
Task Assignment: 0-4 1-2 2-3 3-1 4-0
Robot 0 finished At time 253
Time 256
Robots Locations 0-(5,2) 1-(3,6) 2-(10,4) 3-(2,8) 4-(14,5)
Target Locations:  0-(13,2) 1-(2,7) 2-(2,5) 3-(7,7) 4-(15,3)
Task Assignment: 0-2 1-3 2-0 3-1 4-4
Robot 3 finished At time 260
Time 262
Robots Locations 0-(4,3) 1-(4,5) 2-(10,3) 3-(2,7) 4-(15,3)
Target Locations:  0-(13,2) 1-(2,5) 2-(7,7) 3-(15,3) 4-(3,11)
Task Assignment: 0-1 1-2 2-0 3-4 4-3
Robot 4 finished At time 265
Time 267
Robots Locations 0-(3,4) 1-(5,6) 2-(11,3) 3-(3,7) 4-(15,3)
Target Locations:  0-(13,2) 1-(2,5) 2-(7,7) 3-(3,11) 4-(12,9)
Task Assignment: 0-1 1-2 2-0 3-3 4-4
Robot 0 finished At time 271
Robot 2 finished At time 273
Robot 1 finished At time 273
Robot 3 finished At time 277
Robot 4 finished At time 290
/mmd_msd2
Time 2
Robots Locations 0-(3,3) 1-(6,6) 2-(9,9) 3-(12,12) 4-(15,15)
Target Locations:  0-(11,3) 1-(3,5) 2-(2,8) 3-(12,14) 4-(8,15)
Task Assignment: 0-1 1-2 2-0 3-4 4-3
Robot 0 finished At time 10
Time 12
Robots Locations 0-(3,5) 1-(2,8) 2-(10,6) 3-(9,14) 4-(12,14)
Target Locations:  0-(11,3) 1-(2,8) 2-(12,14) 3-(8,15) 4-(10,14)
Task Assignment: 0-0 1-1 2-4 3-3 4-2
Robot 1 finished At time 13
Time 15
Robots Locations 0-(3,6) 1-(2,8) 2-(10,6) 3-(9,15) 4-(12,14)
Target Locations:  0-(11,3) 1-(12,14) 2-(8,15) 3-(10,14) 4-(13,9)
Task Assignment: 0-0 1-2 2-4 3-3 4-1
Robot 4 finished At time 16
Time 18
Robots Locations 0-(3,6) 1-(2,8) 2-(10,6) 3-(9,15) 4-(12,14)
Target Locations:  0-(11,3) 1-(8,15) 2-(10,14) 3-(13,9) 4-(1,4)
Task Assignment: 0-0 1-4 2-3 3-1 4-2
Robot 3 finished At time 21
Time 22
Robots Locations 0-(5,5) 1-(1,8) 2-(11,7) 3-(8,15) 4-(11,14)
Target Locations:  0-(11,3) 1-(10,14) 2-(13,9) 3-(1,4) 4-(9,15)
Task Assignment: 0-0 1-3 2-2 3-4 4-1
Robot 4 finished At time 25
Time 27
Robots Locations 0-(6,5) 1-(1,6) 2-(12,8) 3-(8,16) 4-(10,14)
Target Locations:  0-(11,3) 1-(13,9) 2-(1,4) 3-(9,15) 4-(4,2)
Task Assignment: 0-4 1-2 2-0 3-3 4-1
Robot 3 finished At time 31
Time 33
Robots Locations 0-(6,3) 1-(1,4) 2-(13,7) 3-(9,15) 4-(10,12)
Target Locations:  0-(11,3) 1-(13,9) 2-(1,4) 3-(4,2) 4-(14,2)
Task Assignment: 0-3 1-2 2-4 3-1 4-0
Robot 1 finished At time 35
Time 37
Robots Locations 0-(5,2) 1-(1,4) 2-(13,6) 3-(9,14) 4-(10,12)
Target Locations:  0-(11,3) 1-(13,9) 2-(4,2) 3-(14,2) 4-(3,13)
Task Assignment: 0-0 1-2 2-3 3-4 4-1
Robot 1 finished At time 45
Time 47
Robots Locations 0-(8,2) 1-(4,2) 2-(14,2) 3-(6,13) 4-(13,9)
Target Locations:  0-(11,3) 1-(13,9) 2-(14,2) 3-(3,13) 4-(9,13)
Task Assignment: 0-2 1-0 2-1 3-3 4-4
Robot 3 finished At time 53
Time 55
Robots Locations 0-(12,2) 1-(8,2) 2-(14,5) 3-(3,13) 4-(12,11)
Target Locations:  0-(11,3) 1-(13,9) 2-(14,2) 3-(9,13) 4-(2,1)
Task Assignment: 0-0 1-4 2-2 3-3 4-1
Robot 0 finished At time 62
Time 64
Robots Locations 0-(11,3) 1-(6,1) 2-(14,2) 3-(5,12) 4-(13,9)
Target Locations:  0-(13,9) 1-(14,2) 2-(9,13) 3-(2,1) 4-(10,13)
Task Assignment: 0-0 1-3 2-1 3-2 4-4
Robot 2 finished At time 66
Time 68
Robots Locations 0-(11,4) 1-(4,1) 2-(14,2) 3-(7,13) 4-(14,10)
Target Locations:  0-(13,9) 1-(9,13) 2-(2,1) 3-(10,13) 4-(8,7)
Task Assignment: 0-4 1-2 2-0 3-1 4-3
Robot 1 finished At time 74
Time 76
Robots Locations 0-(9,6) 1-(2,1) 2-(14,4) 3-(9,13) 4-(11,12)
Target Locations:  0-(13,9) 1-(9,13) 2-(10,13) 3-(8,7) 4-(9,10)
Task Assignment: 0-4 1-3 2-0 3-1 4-2
Robot 3 finished At time 76
Time 78
Robots Locations 0-(9,6) 1-(2,1) 2-(14,4) 3-(9,13) 4-(11,12)
Target Locations:  0-(13,9) 1-(10,13) 2-(8,7) 3-(9,10) 4-(2,4)
Task Assignment: 0-2 1-4 2-0 3-1 4-3
Robot 0 finished At time 82
Time 84
Robots Locations 0-(8,7) 1-(2,3) 2-(14,6) 3-(10,13) 4-(10,11)
Target Locations:  0-(13,9) 1-(10,13) 2-(9,10) 3-(2,4) 4-(9,5)
Task Assignment: 0-4 1-3 2-0 3-1 4-2
Robot 3 finished At time 84
Time 86
Robots Locations 0-(8,7) 1-(2,3) 2-(14,6) 3-(10,13) 4-(10,11)
Target Locations:  0-(13,9) 1-(9,10) 2-(2,4) 3-(9,5) 4-(13,10)
Task Assignment: 0-3 1-2 2-0 3-1 4-4
Robot 1 finished At time 90
Time 91
Robots Locations 0-(8,6) 1-(2,4) 2-(13,8) 3-(10,12) 4-(11,10)
Target Locations:  0-(13,9) 1-(9,10) 2-(9,5) 3-(13,10) 4-(11,10)
Task Assignment: 0-1 1-2 2-0 3-4 4-3
Robot 2 finished At time 95
Time 97
Robots Locations 0-(9,7) 1-(4,4) 2-(13,9) 3-(11,10) 4-(13,10)
Target Locations:  0-(9,10) 1-(9,5) 2-(13,10) 3-(11,10) 4-(7,10)
Task Assignment: 0-4 1-1 2-3 3-0 4-2
Robot 4 finished At time 100
Time 102
Robots Locations 0-(8,8) 1-(5,5) 2-(13,9) 3-(10,9) 4-(13,10)
Target Locations:  0-(9,10) 1-(9,5) 2-(11,10) 3-(7,10) 4-(15,1)
Task Assignment: 0-3 1-1 2-4 3-0 4-2
Robot 3 finished At time 106
Time 108
Robots Locations 0-(7,10) 1-(8,5) 2-(13,7) 3-(9,10) 4-(12,10)
Target Locations:  0-(9,5) 1-(11,10) 2-(7,10) 3-(15,1) 4-(9,8)
Task Assignment: 0-2 1-0 2-3 3-4 4-1
Robot 0 finished At time 109
Time 111
Robots Locations 0-(7,10) 1-(8,5) 2-(13,6) 3-(8,10) 4-(11,10)
Target Locations:  0-(9,5) 1-(11,10) 2-(15,1) 3-(9,8) 4-(2,2)
Task Assignment: 0-3 1-4 2-2 3-0 4-1
Robot 4 finished At time 114
Time 116
Robots Locations 0-(8,11) 1-(8,4) 2-(13,5) 3-(9,9) 4-(11,10)
Target Locations:  0-(9,5) 1-(15,1) 2-(9,8) 3-(2,2) 4-(8,9)
Task Assignment: 0-4 1-3 2-1 3-0 4-2
Robot 0 finished At time 121
Time 122
Robots Locations 0-(8,9) 1-(6,3) 2-(14,3) 3-(9,6) 4-(9,8)
Target Locations:  0-(9,5) 1-(15,1) 2-(9,8) 3-(2,2) 4-(9,5)
Task Assignment: 0-2 1-3 2-1 3-4 4-0
Robot 3 finished At time 126
Time 128
Robots Locations 0-(9,8) 1-(4,3) 2-(15,1) 3-(9,5) 4-(9,6)
Target Locations:  0-(9,5) 1-(15,1) 2-(9,8) 3-(2,2) 4-(12,1)
Task Assignment: 0-2 1-3 2-1 3-0 4-4
Robot 3 finished At time 129
Time 130
Robots Locations 0-(9,8) 1-(4,3) 2-(15,1) 3-(9,5) 4-(9,6)
Target Locations:  0-(15,1) 1-(9,8) 2-(2,2) 3-(12,1) 4-(4,13)
Task Assignment: 0-4 1-2 2-0 3-3 4-1
Robot 2 finished At time 132
Time 134
Robots Locations 0-(9,7) 1-(3,2) 2-(15,1) 3-(10,4) 4-(10,6)
Target Locations:  0-(9,8) 1-(2,2) 2-(12,1) 3-(4,13) 4-(2,12)
Task Assignment: 0-4 1-1 2-2 3-0 4-3
Robot 1 finished At time 137
Time 139
Robots Locations 0-(7,8) 1-(2,2) 2-(14,1) 3-(10,5) 4-(9,7)
Target Locations:  0-(9,8) 1-(12,1) 2-(4,13) 3-(2,12) 4-(12,13)
Task Assignment: 0-3 1-0 2-1 3-4 4-2
Robot 2 finished At time 144
Time 146
Robots Locations 0-(5,10) 1-(3,4) 2-(12,1) 3-(11,8) 4-(7,9)
Target Locations:  0-(9,8) 1-(4,13) 2-(2,12) 3-(12,13) 4-(14,14)
Task Assignment: 0-1 1-2 2-0 3-4 4-3
Robot 0 finished At time 153
Time 155
Robots Locations 0-(4,13) 1-(3,8) 2-(10,5) 3-(13,11) 4-(10,12)
Target Locations:  0-(9,8) 1-(2,12) 2-(12,13) 3-(14,14) 4-(2,12)
Task Assignment: 0-1 1-4 2-0 3-3 4-2
Robot 4 finished At time 161
Time 163
Robots Locations 0-(2,12) 1-(2,11) 2-(9,8) 3-(14,14) 4-(12,13)
Target Locations:  0-(9,8) 1-(2,12) 2-(14,14) 3-(2,12) 4-(7,15)
Task Assignment: 0-1 1-3 2-0 3-2 4-4
Robot 3 finished At time 165
Time 166
Robots Locations 0-(2,12) 1-(2,11) 2-(9,8) 3-(14,14) 4-(12,14)
Target Locations:  0-(9,8) 1-(2,12) 2-(2,12) 3-(7,15) 4-(3,12)
Task Assignment: 0-1 1-2 2-4 3-0 4-3
Robot 4 finished At time 181
Time 184
Robots Locations 0-(2,12) 1-(2,12) 2-(4,11) 3-(11,11) 4-(7,15)
Target Locations:  0-(9,8) 1-(2,12) 2-(2,12) 3-(3,12) 4-(11,10)
Task Assignment: 0-1 1-2 2-0 3-4 4-3
Robot 3 finished At time 188
Time 190
Robots Locations 0-(3,12) 1-(2,12) 2-(4,10) 3-(11,10) 4-(5,14)
Target Locations:  0-(9,8) 1-(2,12) 2-(2,12) 3-(3,12) 4-(10,7)
Task Assignment: 0-2 1-1 2-0 3-4 4-3
Robot 3 finished At time 208
Time 210
Robots Locations 0-(2,13) 1-(3,13) 2-(8,8) 3-(10,7) 4-(3,12)
Target Locations:  0-(9,8) 1-(2,12) 2-(2,12) 3-(3,12) 4-(9,8)
Task Assignment: 0-1 1-2 2-0 3-4 4-3
Robot 4 finished At time 212
Time 214
Robots Locations 0-(2,13) 1-(2,13) 2-(9,8) 3-(9,7) 4-(3,12)
Target Locations:  0-(9,8) 1-(2,12) 2-(2,12) 3-(9,8) 4-(15,8)
Task Assignment: 0-1 1-2 2-0 3-4 4-3
Robot 2 finished At time 217
Time 219
Robots Locations 0-(1,13) 1-(3,13) 2-(9,8) 3-(9,7) 4-(4,12)
Target Locations:  0-(2,12) 1-(2,12) 2-(9,8) 3-(15,8) 4-(9,2)
Task Assignment: 0-0 1-1 2-3 3-4 4-2
Robot 3 finished At time 231
Time 233
Robots Locations 0-(2,11) 1-(2,12) 2-(15,8) 3-(9,2) 4-(9,8)
Target Locations:  0-(2,12) 1-(2,12) 2-(9,8) 3-(15,8) 4-(2,11)
Task Assignment: 0-1 1-0 2-3 3-2 4-4
Robot 2 finished At time 235
Time 237
Robots Locations 0-(2,12) 1-(2,12) 2-(15,8) 3-(10,2) 4-(9,7)
Target Locations:  0-(2,12) 1-(2,12) 2-(9,8) 3-(2,11) 4-(13,2)
Task Assignment: 0-0 1-1 2-2 3-4 4-3
Robot 3 finished At time 244
Time 246
Robots Locations 0-(3,12) 1-(2,12) 2-(12,8) 3-(13,2) 4-(5,9)
Target Locations:  0-(2,12) 1-(2,12) 2-(9,8) 3-(2,11) 4-(2,7)
Task Assignment: 0-0 1-1 2-3 3-2 4-4
Robot 4 finished At time 255
Time 256
Robots Locations 0-(2,13) 1-(2,12) 2-(7,9) 3-(11,6) 4-(2,7)
Target Locations:  0-(2,12) 1-(2,12) 2-(9,8) 3-(2,11) 4-(8,1)
Task Assignment: 0-0 1-1 2-2 3-4 4-3
Robot 2 finished At time 264
Time 266
Robots Locations 0-(2,12) 1-(2,12) 2-(9,8) 3-(9,3) 4-(2,10)
Target Locations:  0-(2,12) 1-(2,12) 2-(2,11) 3-(8,1) 4-(2,5)
Task Assignment: 0-0 1-1 2-4 3-3 4-2
Robot 3 finished At time 272
Time 274
Robots Locations 0-(2,12) 1-(3,11) 2-(7,7) 3-(8,1) 4-(2,11)
Target Locations:  0-(2,12) 1-(2,12) 2-(2,11) 3-(2,5) 4-(7,7)
Task Assignment: 0-0 1-1 2-3 3-4 4-2
Robot 4 finished At time 285
Time 287
Robots Locations 0-(4,12) 1-(1,12) 2-(2,5) 3-(7,6) 4-(2,11)
Target Locations:  0-(2,12) 1-(2,12) 2-(2,5) 3-(7,7) 4-(5,2)
Task Assignment: 0-3 1-1 2-2 3-4 4-0
Robot 2 finished At time 289
Time 290
Robots Locations 0-(3,12) 1-(2,12) 2-(2,5) 3-(6,6) 4-(3,11)
Target Locations:  0-(2,12) 1-(2,12) 2-(7,7) 3-(5,2) 4-(15,3)
Task Assignment: 0-0 1-1 2-3 3-4 4-2
Robot 1 finished At time 294
Time 296
Robots Locations 0-(3,11) 1-(2,12) 2-(2,4) 3-(7,5) 4-(2,11)
Target Locations:  0-(2,12) 1-(7,7) 2-(5,2) 3-(15,3) 4-(3,11)
Task Assignment: 0-1 1-0 2-2 3-3 4-4
Robot 1 finished At time 296
Time 298
Robots Locations 0-(3,11) 1-(2,12) 2-(2,4) 3-(7,5) 4-(2,11)
Target Locations:  0-(7,7) 1-(5,2) 2-(15,3) 3-(3,11) 4-(12,9)
Task Assignment: 0-4 1-3 2-1 3-2 4-0
Robot 1 finished At time 305
Robot 2 finished At time 307
Robot 3 finished At time 315
Robot 0 finished At time 318
Robot 4 finished At time 321
