Goals: (5,4) (9,6) (2,3) (8,9) (15,6) (3,7) (9,5) (12,12) (3,1) (4,14) (4,11) (10,15) (10,13) (7,7) (8,12) (7,1) (6,4) (14,1) (1,15) (5,6) (4,8) (4,14) (10,4) (5,15) (5,4) (15,8) (14,8) (6,1) (7,9) (12,4) (11,6) (9,4) (11,1) (7,14) (4,3) (10,3) (2,7) (11,13) (13,3) (14,7) (6,9) (9,5) (5,5) (5,6) (9,3) (15,1) (11,4) (11,15) (14,6) (9,10)
/BLE
Time 1
Robots Locations 0-(3,3) 1-(6,6) 2-(9,9) 3-(12,12) 4-(15,15)
Target Locations:  0-(9,10) 1-(14,6) 2-(11,15) 3-(11,4) 4-(15,1)
Task Assignment: 2-0 3-2 1-3 4-1 0-4
Robot 2 finished At time 8
Time 10
Robots Locations 0-(5,3) 1-(8,5) 2-(9,10) 3-(12,14) 4-(15,13)
Target Locations:  0-(14,6) 1-(11,15) 2-(11,4) 3-(15,1) 4-(9,3)
Task Assignment: 3-1 1-4 0-2 2-0 4-3
Robot 3 finished At time 15
Time 17
Robots Locations 0-(8,3) 1-(9,3) 2-(9,9) 3-(11,15) 4-(15,11)
Target Locations:  0-(14,6) 1-(11,4) 2-(15,1) 3-(9,3) 4-(5,6)
Task Assignment: 1-3 0-1 2-4 4-0 3-2
Robot 1 finished At time 19
Time 21
Robots Locations 0-(8,3) 1-(9,3) 2-(9,8) 3-(10,15) 4-(15,9)
Target Locations:  0-(14,6) 1-(11,4) 2-(15,1) 3-(5,6) 4-(5,5)
Task Assignment: 1-1 4-0 0-4 2-3 3-2
Robot 1 finished At time 29
Time 31
Robots Locations 0-(5,5) 1-(11,4) 2-(6,6) 3-(11,11) 4-(14,6)
Target Locations:  0-(14,6) 1-(15,1) 2-(5,6) 3-(5,5) 4-(9,5)
Task Assignment: 4-0 0-3 2-2 1-4 3-1
Robot 4 finished At time 33
Time 35
Robots Locations 0-(5,5) 1-(11,5) 2-(5,6) 3-(12,10) 4-(14,6)
Target Locations:  0-(15,1) 1-(5,6) 2-(5,5) 3-(9,5) 4-(6,9)
Task Assignment: 0-2 2-1 1-3 4-0 3-4
Robot 0 finished At time 35
Time 37
Robots Locations 0-(5,5) 1-(11,5) 2-(5,6) 3-(12,10) 4-(14,6)
Target Locations:  0-(15,1) 1-(5,6) 2-(9,5) 3-(6,9) 4-(14,7)
Task Assignment: 2-1 4-4 1-2 0-3 3-0
Robot 1 finished At time 43
Time 45
Robots Locations 0-(4,6) 1-(9,5) 2-(5,6) 3-(13,8) 4-(14,7)
Target Locations:  0-(15,1) 1-(5,6) 2-(6,9) 3-(14,7) 4-(13,3)
Task Assignment: 4-3 2-1 0-2 1-4 3-0
Robot 4 finished At time 47
Time 49
Robots Locations 0-(5,7) 1-(9,4) 2-(5,6) 3-(13,6) 4-(14,7)
Target Locations:  0-(15,1) 1-(5,6) 2-(6,9) 3-(13,3) 4-(11,13)
Task Assignment: 2-1 0-2 3-3 4-0 1-4
Robot 2 finished At time 52
Time 54
Robots Locations 0-(6,9) 1-(9,5) 2-(5,6) 3-(13,5) 4-(15,6)
Target Locations:  0-(15,1) 1-(6,9) 2-(13,3) 3-(11,13) 4-(2,7)
Task Assignment: 0-1 3-2 2-4 4-0 1-3
Robot 0 finished At time 57
Time 59
Robots Locations 0-(6,9) 1-(10,6) 2-(5,7) 3-(13,3) 4-(15,5)
Target Locations:  0-(15,1) 1-(13,3) 2-(11,13) 3-(2,7) 4-(10,3)
Task Assignment: 3-1 2-3 1-4 4-0 0-2
Robot 3 finished At time 62
Time 63
Robots Locations 0-(7,10) 1-(11,6) 2-(4,7) 3-(13,3) 4-(15,4)
Target Locations:  0-(15,1) 1-(11,13) 2-(2,7) 3-(10,3) 4-(4,3)
Task Assignment: 2-2 3-0 1-3 0-1 4-4
Robot 2 finished At time 68
Time 70
Robots Locations 0-(9,11) 1-(10,4) 2-(2,7) 3-(15,1) 4-(13,3)
Target Locations:  0-(15,1) 1-(11,13) 2-(10,3) 3-(4,3) 4-(7,14)
Task Assignment: 3-0 1-2 0-1 2-3 4-4
Robot 3 finished At time 73
Time 74
Robots Locations 0-(10,12) 1-(10,3) 2-(2,6) 3-(15,1) 4-(12,4)
Target Locations:  0-(11,13) 1-(10,3) 2-(4,3) 3-(7,14) 4-(11,1)
Task Assignment: 1-1 0-0 4-4 2-2 3-3
Robot 1 finished At time 76
Time 77
Robots Locations 0-(11,13) 1-(10,3) 2-(2,6) 3-(15,1) 4-(12,4)
Target Locations:  0-(11,13) 1-(4,3) 2-(7,14) 3-(11,1) 4-(9,4)
Task Assignment: 0-0 1-4 4-3 2-1 3-2
Robot 0 finished At time 80
Time 82
Robots Locations 0-(11,13) 1-(9,3) 2-(3,4) 3-(15,2) 4-(11,3)
Target Locations:  0-(4,3) 1-(7,14) 2-(11,1) 3-(9,4) 4-(11,6)
Task Assignment: 1-3 2-0 4-2 0-1 3-4
Robot 1 finished At time 86
Time 88
Robots Locations 0-(10,14) 1-(9,4) 2-(4,3) 3-(14,3) 4-(11,1)
Target Locations:  0-(4,3) 1-(7,14) 2-(11,1) 3-(11,6) 4-(12,4)
Task Assignment: 4-2 2-0 3-4 1-3 0-1
Robot 2 finished At time 90
Time 91
Robots Locations 0-(9,14) 1-(10,5) 2-(4,3) 3-(13,4) 4-(11,1)
Target Locations:  0-(7,14) 1-(11,1) 2-(11,6) 3-(12,4) 4-(7,9)
Task Assignment: 4-1 3-3 1-2 0-0 2-4
Robot 4 finished At time 92
Time 94
Robots Locations 0-(9,14) 1-(10,5) 2-(4,3) 3-(13,4) 4-(11,1)
Target Locations:  0-(7,14) 1-(11,6) 2-(12,4) 3-(7,9) 4-(6,1)
Task Assignment: 3-2 1-1 0-0 2-4 4-3
Robot 3 finished At time 98
Time 99
Robots Locations 0-(7,14) 1-(11,6) 2-(6,2) 3-(12,4) 4-(10,2)
Target Locations:  0-(7,14) 1-(11,6) 2-(7,9) 3-(6,1) 4-(14,8)
Task Assignment: 0-0 1-1 2-3 3-4 4-2
Robot 0 finished At time 101
Time 102
Robots Locations 0-(7,14) 1-(11,6) 2-(6,1) 3-(12,4) 4-(10,2)
Target Locations:  0-(11,6) 1-(7,9) 2-(6,1) 3-(14,8) 4-(15,8)
Task Assignment: 1-0 2-2 3-3 0-1 4-4
Robot 1 finished At time 103
Time 105
Robots Locations 0-(7,14) 1-(11,6) 2-(6,1) 3-(12,5) 4-(10,2)
Target Locations:  0-(7,9) 1-(6,1) 2-(14,8) 3-(15,8) 4-(5,4)
Task Assignment: 2-1 3-2 1-3 0-0 4-4
Robot 2 finished At time 106
Time 108
Robots Locations 0-(7,13) 1-(12,6) 2-(6,1) 3-(12,5) 4-(9,3)
Target Locations:  0-(7,9) 1-(14,8) 2-(15,8) 3-(5,4) 4-(5,15)
Task Assignment: 1-1 0-4 2-3 3-2 4-0
Robot 1 finished At time 116
Time 118
Robots Locations 0-(5,15) 1-(14,8) 2-(5,3) 3-(13,7) 4-(8,6)
Target Locations:  0-(7,9) 1-(15,8) 2-(5,4) 3-(5,15) 4-(10,4)
Task Assignment: 0-3 1-1 2-2 4-4 3-0
Robot 0 finished At time 120
Time 122
Robots Locations 0-(5,15) 1-(15,8) 2-(5,4) 3-(12,8) 4-(9,7)
Target Locations:  0-(7,9) 1-(15,8) 2-(5,4) 3-(10,4) 4-(4,14)
Task Assignment: 1-1 2-2 0-4 4-0 3-3
Robot 2 finished At time 124
Time 126
Robots Locations 0-(4,15) 1-(15,8) 2-(5,4) 3-(12,7) 4-(9,7)
Target Locations:  0-(7,9) 1-(15,8) 2-(10,4) 3-(4,14) 4-(4,8)
Task Assignment: 1-1 0-3 4-0 3-2 2-4
Robot 1 finished At time 126
Time 128
Robots Locations 0-(4,15) 1-(15,8) 2-(5,4) 3-(12,7) 4-(9,7)
Target Locations:  0-(7,9) 1-(10,4) 2-(4,14) 3-(4,8) 4-(5,6)
Task Assignment: 0-2 2-4 4-0 3-1 1-3
Robot 0 finished At time 132
Time 134
Robots Locations 0-(4,14) 1-(14,9) 2-(5,6) 3-(11,5) 4-(8,8)
Target Locations:  0-(7,9) 1-(10,4) 2-(4,8) 3-(5,6) 4-(1,15)
Task Assignment: 2-3 4-0 3-1 0-4 1-2
Robot 2 finished At time 136
Time 138
Robots Locations 0-(3,14) 1-(13,9) 2-(5,6) 3-(10,5) 4-(7,9)
Target Locations:  0-(7,9) 1-(10,4) 2-(4,8) 3-(1,15) 4-(14,1)
Task Assignment: 4-0 3-1 2-2 0-3 1-4
Robot 4 finished At time 140
Time 142
Robots Locations 0-(2,14) 1-(13,8) 2-(5,7) 3-(10,4) 4-(7,9)
Target Locations:  0-(10,4) 1-(4,8) 2-(1,15) 3-(14,1) 4-(6,4)
Task Assignment: 3-0 0-2 2-1 4-4 1-3
Robot 3 finished At time 143
Time 145
Robots Locations 0-(2,15) 1-(13,7) 2-(4,7) 3-(10,4) 4-(6,9)
Target Locations:  0-(4,8) 1-(1,15) 2-(14,1) 3-(6,4) 4-(7,1)
Task Assignment: 0-1 2-0 3-3 1-2 4-4
Robot 2 finished At time 148
Time 150
Robots Locations 0-(1,15) 1-(13,6) 2-(4,8) 3-(8,4) 4-(6,7)
Target Locations:  0-(1,15) 1-(14,1) 2-(6,4) 3-(7,1) 4-(8,12)
Task Assignment: 0-0 3-2 1-1 4-4 2-3
Robot 0 finished At time 151
Time 152
Robots Locations 0-(1,15) 1-(13,6) 2-(4,8) 3-(8,4) 4-(6,7)
Target Locations:  0-(14,1) 1-(6,4) 2-(7,1) 3-(8,12) 4-(7,7)
Task Assignment: 4-4 3-1 1-0 2-3 0-2
Robot 4 finished At time 156
Time 158
Robots Locations 0-(1,14) 1-(14,4) 2-(5,9) 3-(6,4) 4-(7,7)
Target Locations:  0-(14,1) 1-(6,4) 2-(7,1) 3-(8,12) 4-(10,13)
Task Assignment: 3-1 1-0 2-3 4-2 0-4
Robot 3 finished At time 161
Time 162
Robots Locations 0-(2,13) 1-(14,3) 2-(6,10) 3-(6,4) 4-(7,6)
Target Locations:  0-(14,1) 1-(7,1) 2-(8,12) 3-(10,13) 4-(10,15)
Task Assignment: 1-0 2-2 3-1 4-3 0-4
Robot 1 finished At time 168
Time 169
Robots Locations 0-(4,14) 1-(14,1) 2-(8,12) 3-(6,2) 4-(9,7)
Target Locations:  0-(7,1) 1-(8,12) 2-(10,13) 3-(10,15) 4-(4,11)
Task Assignment: 2-1 3-0 0-4 4-2 1-3
Robot 2 finished At time 172
Time 174
Robots Locations 0-(5,13) 1-(13,1) 2-(8,12) 3-(7,1) 4-(9,8)
Target Locations:  0-(7,1) 1-(10,13) 2-(10,15) 3-(4,11) 4-(4,14)
Task Assignment: 3-0 0-4 2-1 4-3 1-2
Robot 3 finished At time 175
Time 177
Robots Locations 0-(4,13) 1-(13,2) 2-(9,12) 3-(7,1) 4-(8,9)
Target Locations:  0-(10,13) 1-(10,15) 2-(4,11) 3-(4,14) 4-(3,1)
Task Assignment: 0-3 2-0 3-4 4-2 1-1
Robot 0 finished At time 181
Time 183
Robots Locations 0-(4,14) 1-(13,3) 2-(10,13) 3-(6,1) 4-(7,10)
Target Locations:  0-(10,13) 1-(10,15) 2-(4,11) 3-(3,1) 4-(12,12)
Task Assignment: 2-0 0-2 3-3 4-4 1-1
Robot 2 finished At time 184
Time 186
Robots Locations 0-(4,14) 1-(12,4) 2-(10,13) 3-(5,1) 4-(6,10)
Target Locations:  0-(10,15) 1-(4,11) 2-(3,1) 3-(12,12) 4-(9,5)
Task Assignment: 3-2 2-0 4-1 1-4 0-3
Robot 3 finished At time 192
Time 194
Robots Locations 0-(7,13) 1-(10,5) 2-(10,15) 3-(3,1) 4-(4,11)
Target Locations:  0-(10,15) 1-(4,11) 2-(12,12) 3-(9,5) 4-(3,7)
Task Assignment: 4-1 2-0 1-3 0-2 3-4
Robot 2 finished At time 194
Time 196
Robots Locations 0-(7,13) 1-(9,5) 2-(10,15) 3-(3,1) 4-(4,11)
Target Locations:  0-(4,11) 1-(12,12) 2-(9,5) 3-(3,7) 4-(15,6)
Task Assignment: 4-0 1-2 2-1 3-3 0-4
Robot 4 finished At time 197
Time 199
Robots Locations 0-(8,13) 1-(9,5) 2-(10,15) 3-(3,1) 4-(4,11)
Target Locations:  0-(12,12) 1-(9,5) 2-(3,7) 3-(15,6) 4-(8,9)
Task Assignment: 1-1 2-0 0-4 4-2 3-3
Robot 1 finished At time 201
Time 203
Robots Locations 0-(8,12) 1-(9,5) 2-(11,15) 3-(3,2) 4-(3,10)
Target Locations:  0-(12,12) 1-(3,7) 2-(15,6) 3-(8,9) 4-(2,3)
Task Assignment: 3-4 4-1 0-3 2-0 1-2
Robot 3 finished At time 209
Time 211
Robots Locations 0-(8,9) 1-(11,6) 2-(12,12) 3-(2,3) 4-(3,7)
Target Locations:  0-(12,12) 1-(3,7) 2-(15,6) 3-(8,9) 4-(9,6)
Task Assignment: 4-1 2-0 0-3 1-4 3-2
Robot 0 finished At time 213
Time 214
Robots Locations 0-(8,9) 1-(12,6) 2-(12,12) 3-(2,4) 4-(3,7)
Target Locations:  0-(12,12) 1-(3,7) 2-(15,6) 3-(9,6) 4-(5,4)
Task Assignment: 4-1 2-0 1-2 3-4 0-3
Robot 4 finished At time 215
Robot 2 finished At time 216
Robot 0 finished At time 222
Robot 3 finished At time 223
Robot 1 finished At time 223
/MURDOCH
Time 2
Robots Locations 0-(2,3) 1-(6,6) 2-(8,9) 3-(12,12) 4-(15,15)
Target Locations:  0-(9,10) 1-(14,6) 2-(11,15) 3-(11,4) 4-(15,1)
Task Assignment: 2-0 3-2 1-3 4-1 0-4
Robot 2 finished At time 10
Time 11
Robots Locations 0-(5,2) 1-(8,5) 2-(9,10) 3-(11,15) 4-(15,12)
Target Locations:  0-(14,6) 1-(11,15) 2-(11,4) 3-(15,1) 4-(9,3)
Task Assignment: 3-1 1-2 4-0 0-3 2-4
Robot 3 finished At time 12
Time 14
Robots Locations 0-(6,2) 1-(8,5) 2-(9,10) 3-(11,15) 4-(15,11)
Target Locations:  0-(14,6) 1-(11,4) 2-(15,1) 3-(9,3) 4-(5,6)
Task Assignment: 1-1 4-0 0-2 2-3 3-4
Robot 1 finished At time 21
Time 23
Robots Locations 0-(9,1) 1-(11,4) 2-(9,7) 3-(9,12) 4-(14,8)
Target Locations:  0-(14,6) 1-(15,1) 2-(9,3) 3-(5,6) 4-(5,5)
Task Assignment: 4-0 0-1 2-2 3-3 1-4
Robot 4 finished At time 29
Time 31
Robots Locations 0-(12,1) 1-(10,3) 2-(9,4) 3-(7,10) 4-(14,6)
Target Locations:  0-(15,1) 1-(9,3) 2-(5,6) 3-(5,5) 4-(9,5)
Task Assignment: 0-0 2-1 3-2 1-3 4-4
Robot 0 finished At time 39
Time 41
Robots Locations 0-(15,1) 1-(7,4) 2-(9,3) 3-(5,7) 4-(10,5)
Target Locations:  0-(9,3) 1-(5,6) 2-(5,5) 3-(9,5) 4-(6,9)
Task Assignment: 2-0 3-1 1-2 4-3 0-4
Robot 2 finished At time 42
Time 44
Robots Locations 0-(15,1) 1-(7,4) 2-(9,3) 3-(5,6) 4-(10,5)
Target Locations:  0-(5,6) 1-(5,5) 2-(9,5) 3-(6,9) 4-(14,7)
Task Assignment: 3-0 1-1 4-2 0-3 2-4
Robot 3 finished At time 46
Time 48
Robots Locations 0-(15,2) 1-(5,5) 2-(8,4) 3-(5,6) 4-(9,5)
Target Locations:  0-(5,5) 1-(9,5) 2-(6,9) 3-(14,7) 4-(13,3)
Task Assignment: 1-0 4-1 0-2 2-3 3-4
Robot 4 finished At time 50
Time 52
Robots Locations 0-(14,3) 1-(5,5) 2-(9,4) 3-(5,6) 4-(9,5)
Target Locations:  0-(5,5) 1-(6,9) 2-(14,7) 3-(13,3) 4-(11,13)
Task Assignment: 1-0 0-1 2-2 3-3 4-4
Robot 1 finished At time 55
Time 57
Robots Locations 0-(13,4) 1-(5,5) 2-(10,5) 3-(6,5) 4-(9,6)
Target Locations:  0-(6,9) 1-(14,7) 2-(13,3) 3-(11,13) 4-(2,7)
Task Assignment: 0-0 2-1 3-2 4-3 1-4
Robot 1 finished At time 67
Time 68
Robots Locations 0-(9,6) 1-(2,7) 2-(14,7) 3-(11,4) 4-(10,11)
Target Locations:  0-(6,9) 1-(14,7) 2-(13,3) 3-(11,13) 4-(10,3)
Task Assignment: 0-0 2-1 3-2 4-3 1-4
Robot 2 finished At time 70
Time 72
Robots Locations 0-(9,7) 1-(1,7) 2-(14,7) 3-(12,3) 4-(11,12)
Target Locations:  0-(6,9) 1-(13,3) 2-(11,13) 3-(10,3) 4-(4,3)
Task Assignment: 0-0 3-1 4-2 1-3 2-4
Robot 3 finished At time 76
Time 78
Robots Locations 0-(7,8) 1-(3,6) 2-(13,8) 3-(13,3) 4-(11,13)
Target Locations:  0-(6,9) 1-(11,13) 2-(10,3) 3-(4,3) 4-(7,14)
Task Assignment: 0-0 4-1 1-2 2-3 3-4
Robot 4 finished At time 79
Time 80
Robots Locations 0-(7,8) 1-(3,6) 2-(13,7) 3-(13,3) 4-(11,13)
Target Locations:  0-(6,9) 1-(10,3) 2-(4,3) 3-(7,14) 4-(11,1)
Task Assignment: 0-0 1-1 2-2 3-3 4-4
Robot 0 finished At time 85
Time 86
Robots Locations 0-(6,9) 1-(5,5) 2-(11,7) 3-(13,5) 4-(12,12)
Target Locations:  0-(10,3) 1-(4,3) 2-(7,14) 3-(11,1) 4-(9,4)
Task Assignment: 1-0 2-1 3-2 4-3 0-4
Robot 1 finished At time 99
Time 100
Robots Locations 0-(8,5) 1-(10,3) 2-(6,4) 3-(10,10) 4-(12,6)
Target Locations:  0-(4,3) 1-(7,14) 2-(11,1) 3-(9,4) 4-(11,6)
Task Assignment: 2-0 3-1 4-2 0-3 1-4
Robot 0 finished At time 104
Time 105
Robots Locations 0-(9,4) 1-(11,4) 2-(4,3) 3-(9,11) 4-(11,5)
Target Locations:  0-(4,3) 1-(7,14) 2-(11,1) 3-(11,6) 4-(12,4)
Task Assignment: 2-0 3-1 4-2 1-3 0-4
Robot 2 finished At time 108
Time 110
Robots Locations 0-(10,4) 1-(11,5) 2-(4,3) 3-(8,12) 4-(12,4)
Target Locations:  0-(7,14) 1-(11,1) 2-(11,6) 3-(12,4) 4-(7,9)
Task Assignment: 3-0 4-1 1-2 0-3 2-4
Robot 1 finished At time 115
Time 117
Robots Locations 0-(12,4) 1-(11,6) 2-(4,5) 3-(7,14) 4-(11,2)
Target Locations:  0-(7,14) 1-(11,1) 2-(12,4) 3-(7,9) 4-(6,1)
Task Assignment: 3-0 4-1 0-2 2-3 1-4
Robot 3 finished At time 119
Time 121
Robots Locations 0-(12,4) 1-(11,7) 2-(5,5) 3-(7,14) 4-(11,1)
Target Locations:  0-(11,1) 1-(12,4) 2-(7,9) 3-(6,1) 4-(14,8)
Task Assignment: 4-0 0-1 2-2 1-3 3-4
Robot 0 finished At time 122
Time 124
Robots Locations 0-(12,4) 1-(10,6) 2-(5,6) 3-(7,15) 4-(11,1)
Target Locations:  0-(11,1) 1-(7,9) 2-(6,1) 3-(14,8) 4-(15,8)
Task Assignment: 4-0 2-1 1-2 3-3 0-4
Robot 4 finished At time 124
Time 126
Robots Locations 0-(12,4) 1-(10,6) 2-(5,6) 3-(7,15) 4-(11,1)
Target Locations:  0-(7,9) 1-(6,1) 2-(14,8) 3-(15,8) 4-(5,4)
Task Assignment: 2-0 1-1 3-2 0-3 4-4
Robot 2 finished At time 136
Time 138
Robots Locations 0-(15,8) 1-(8,3) 2-(7,9) 3-(11,11) 4-(7,2)
Target Locations:  0-(6,1) 1-(14,8) 2-(15,8) 3-(5,4) 4-(5,15)
Task Assignment: 1-0 3-1 0-2 4-3 2-4
Robot 0 finished At time 140
Time 142
Robots Locations 0-(15,8) 1-(8,2) 2-(7,10) 3-(11,11) 4-(6,3)
Target Locations:  0-(6,1) 1-(14,8) 2-(5,4) 3-(5,15) 4-(10,4)
Task Assignment: 1-0 3-1 4-2 2-3 0-4
Robot 4 finished At time 147
Time 149
Robots Locations 0-(14,8) 1-(6,1) 2-(6,12) 3-(13,9) 4-(5,4)
Target Locations:  0-(6,1) 1-(14,8) 2-(5,15) 3-(10,4) 4-(4,14)
Task Assignment: 1-0 3-1 2-2 0-3 4-4
Robot 1 finished At time 150
Time 152
Robots Locations 0-(13,7) 1-(6,1) 2-(6,13) 3-(14,8) 4-(5,5)
Target Locations:  0-(14,8) 1-(5,15) 2-(10,4) 3-(4,14) 4-(4,8)
Task Assignment: 3-0 2-1 0-2 4-3 1-4
Robot 3 finished At time 155
Time 157
Robots Locations 0-(12,6) 1-(5,2) 2-(5,14) 3-(14,8) 4-(5,6)
Target Locations:  0-(5,15) 1-(10,4) 2-(4,14) 3-(4,8) 4-(5,6)
Task Assignment: 2-0 0-1 4-2 1-3 3-4
Robot 2 finished At time 160
Time 162
Robots Locations 0-(11,5) 1-(5,3) 2-(5,15) 3-(13,7) 4-(5,8)
Target Locations:  0-(10,4) 1-(4,14) 2-(4,8) 3-(5,6) 4-(1,15)
Task Assignment: 0-0 4-1 1-2 3-3 2-4
Robot 0 finished At time 167
Time 169
Robots Locations 0-(10,4) 1-(4,6) 2-(3,15) 3-(11,7) 4-(4,10)
Target Locations:  0-(4,14) 1-(4,8) 2-(5,6) 3-(1,15) 4-(14,1)
Task Assignment: 4-0 1-1 3-2 2-3 0-4
Robot 2 finished At time 174
Time 176
Robots Locations 0-(12,2) 1-(4,8) 2-(1,15) 3-(8,6) 4-(4,13)
Target Locations:  0-(4,14) 1-(4,8) 2-(5,6) 3-(14,1) 4-(6,4)
Task Assignment: 4-0 1-1 3-2 0-3 2-4
Robot 1 finished At time 177
Time 179
Robots Locations 0-(12,2) 1-(4,8) 2-(1,15) 3-(7,6) 4-(4,14)
Target Locations:  0-(4,14) 1-(5,6) 2-(14,1) 3-(6,4) 4-(7,1)
Task Assignment: 4-0 3-1 0-2 2-3 1-4
Robot 4 finished At time 182
Time 184
Robots Locations 0-(13,1) 1-(5,8) 2-(1,13) 3-(6,6) 4-(4,14)
Target Locations:  0-(5,6) 1-(14,1) 2-(6,4) 3-(7,1) 4-(8,12)
Task Assignment: 3-0 0-1 2-2 1-3 4-4
Robot 0 finished At time 187
Time 189
Robots Locations 0-(14,1) 1-(5,7) 2-(2,12) 3-(5,6) 4-(5,14)
Target Locations:  0-(5,6) 1-(6,4) 2-(7,1) 3-(8,12) 4-(7,7)
Task Assignment: 3-0 2-1 1-2 4-3 0-4
Robot 3 finished At time 190
Time 192
Robots Locations 0-(14,1) 1-(5,7) 2-(2,12) 3-(5,6) 4-(5,14)
Target Locations:  0-(6,4) 1-(7,1) 2-(8,12) 3-(7,7) 4-(10,13)
Task Assignment: 2-0 1-1 4-2 0-3 3-4
Robot 4 finished At time 201
Time 203
Robots Locations 0-(12,4) 1-(7,3) 2-(4,8) 3-(7,9) 4-(8,12)
Target Locations:  0-(6,4) 1-(7,1) 2-(7,7) 3-(10,13) 4-(10,15)
Task Assignment: 2-0 1-1 0-2 3-3 4-4
Robot 1 finished At time 208
Time 210
Robots Locations 0-(9,5) 1-(7,1) 2-(5,5) 3-(9,11) 4-(9,14)
Target Locations:  0-(6,4) 1-(7,7) 2-(10,13) 3-(10,15) 4-(4,11)
Task Assignment: 2-0 0-1 3-2 4-3 1-4
Robot 4 finished At time 214
Time 216
Robots Locations 0-(8,7) 1-(6,1) 2-(6,4) 3-(10,13) 4-(10,15)
Target Locations:  0-(6,4) 1-(7,7) 2-(10,13) 3-(4,11) 4-(4,14)
Task Assignment: 2-0 0-1 3-2 1-3 4-4
Robot 2 finished At time 217
Time 219
Robots Locations 0-(7,7) 1-(6,2) 2-(6,4) 3-(10,13) 4-(10,15)
Target Locations:  0-(7,7) 1-(10,13) 2-(4,11) 3-(4,14) 4-(3,1)
Task Assignment: 0-0 3-1 1-2 4-3 2-4
Robot 3 finished At time 220
Time 222
Robots Locations 0-(7,7) 1-(6,2) 2-(6,3) 3-(10,13) 4-(10,16)
Target Locations:  0-(7,7) 1-(4,11) 2-(4,14) 3-(3,1) 4-(12,12)
Task Assignment: 0-0 1-1 4-2 2-3 3-4
Robot 0 finished At time 224
Time 226
Robots Locations 0-(7,7) 1-(6,2) 2-(6,3) 3-(11,13) 4-(9,15)
Target Locations:  0-(4,11) 1-(4,14) 2-(3,1) 3-(12,12) 4-(9,5)
Task Assignment: 1-0 4-1 2-2 3-3 0-4
Robot 3 finished At time 231
Time 233
Robots Locations 0-(8,6) 1-(5,4) 2-(5,2) 3-(12,12) 4-(6,15)
Target Locations:  0-(4,11) 1-(4,14) 2-(3,1) 3-(9,5) 4-(3,7)
Task Assignment: 1-0 4-1 2-2 0-3 3-4
Robot 0 finished At time 238
Time 240
Robots Locations 0-(9,5) 1-(5,6) 2-(3,1) 3-(11,11) 4-(4,14)
Target Locations:  0-(4,11) 1-(4,14) 2-(3,1) 3-(3,7) 4-(15,6)
Task Assignment: 1-0 4-1 2-2 3-3 0-4
Robot 2 finished At time 242
Time 244
Robots Locations 0-(10,5) 1-(4,7) 2-(3,1) 3-(10,10) 4-(4,14)
Target Locations:  0-(4,11) 1-(4,14) 2-(3,7) 3-(15,6) 4-(8,9)
Task Assignment: 1-0 4-1 3-2 0-3 2-4
Robot 4 finished At time 244
Time 246
Robots Locations 0-(10,5) 1-(4,8) 2-(3,1) 3-(9,10) 4-(4,14)
Target Locations:  0-(4,11) 1-(3,7) 2-(15,6) 3-(8,9) 4-(2,3)
Task Assignment: 1-0 3-1 0-2 2-3 4-4
Robot 0 finished At time 258
Time 260
Robots Locations 0-(15,6) 1-(3,11) 2-(5,5) 3-(4,7) 4-(4,10)
Target Locations:  0-(4,11) 1-(3,7) 2-(8,9) 3-(2,3) 4-(9,6)
Task Assignment: 1-0 3-1 2-2 4-3 0-4
Robot 1 finished At time 264
Time 266
Robots Locations 0-(14,7) 1-(4,11) 2-(6,7) 3-(3,7) 4-(4,9)
Target Locations:  0-(3,7) 1-(8,9) 2-(2,3) 3-(9,6) 4-(5,4)
Task Assignment: 3-0 2-1 4-2 0-3 1-4
Robot 3 finished At time 267
Robot 2 finished At time 273
Robot 0 finished At time 278
Robot 1 finished At time 281
Robot 4 finished At time 282
/mmdr
Time 2
Robots Locations 0-(2,3) 1-(5,7) 2-(9,9) 3-(12,12) 4-(15,15)
Target Locations:  0-(9,10) 1-(14,6) 2-(11,15) 3-(11,4) 4-(15,1)
Task Assignment: 0-3 1-0 2-4 3-1 4-2
Robot 4 finished At time 13
Time 16
Robots Locations 0-(7,3) 1-(9,10) 2-(12,5) 3-(14,7) 4-(11,15)
Target Locations:  0-(9,10) 1-(14,6) 2-(11,4) 3-(15,1) 4-(9,3)
Task Assignment: 0-4 1-2 2-3 3-1 4-0
Robot 3 finished At time 20
Time 22
Robots Locations 0-(9,3) 1-(10,9) 2-(13,3) 3-(14,6) 4-(10,13)
Target Locations:  0-(9,10) 1-(11,4) 2-(15,1) 3-(9,3) 4-(5,6)
Task Assignment: 0-3 1-4 2-2 3-1 4-0
Robot 0 finished At time 25
Time 27
Robots Locations 0-(9,3) 1-(9,8) 2-(14,2) 3-(13,5) 4-(10,12)
Target Locations:  0-(9,10) 1-(11,4) 2-(15,1) 3-(5,6) 4-(5,5)
Task Assignment: 0-4 1-3 2-2 3-1 4-0
Robot 2 finished At time 33
Time 35
Robots Locations 0-(8,4) 1-(6,7) 2-(15,1) 3-(11,4) 4-(9,10)
Target Locations:  0-(9,10) 1-(11,4) 2-(5,6) 3-(5,5) 4-(9,5)
Task Assignment: 0-3 1-2 2-1 3-4 4-0
Robot 4 finished At time 36
Time 39
Robots Locations 0-(7,4) 1-(6,6) 2-(15,1) 3-(11,4) 4-(9,10)
Target Locations:  0-(11,4) 1-(5,6) 2-(5,5) 3-(9,5) 4-(6,9)
Task Assignment: 0-1 1-2 2-0 3-3 4-4
Robot 1 finished At time 45
Time 47
Robots Locations 0-(6,5) 1-(5,5) 2-(13,2) 3-(9,5) 4-(6,9)
Target Locations:  0-(11,4) 1-(5,6) 2-(9,5) 3-(6,9) 4-(14,7)
Task Assignment: 0-2 1-1 2-0 3-4 4-3
Robot 4 finished At time 50
Time 52
Robots Locations 0-(7,5) 1-(4,5) 2-(12,3) 3-(9,6) 4-(6,9)
Target Locations:  0-(11,4) 1-(5,6) 2-(9,5) 3-(14,7) 4-(13,3)
Task Assignment: 0-0 1-1 2-4 3-3 4-2
Robot 1 finished At time 56
Time 59
Robots Locations 0-(9,4) 1-(5,6) 2-(13,3) 3-(11,6) 4-(6,8)
Target Locations:  0-(11,4) 1-(9,5) 2-(14,7) 3-(13,3) 4-(11,13)
Task Assignment: 0-0 1-1 2-3 3-2 4-4
Robot 2 finished At time 61
Time 63
Robots Locations 0-(10,4) 1-(6,6) 2-(13,3) 3-(13,7) 4-(7,8)
Target Locations:  0-(11,4) 1-(9,5) 2-(14,7) 3-(11,13) 4-(2,7)
Task Assignment: 0-1 1-4 2-0 3-2 4-3
Robot 3 finished At time 68
Time 70
Robots Locations 0-(9,5) 1-(5,7) 2-(12,3) 3-(14,7) 4-(9,10)
Target Locations:  0-(11,4) 1-(9,5) 2-(11,13) 3-(2,7) 4-(10,3)
Task Assignment: 0-1 1-3 2-4 3-0 4-2
Robot 0 finished At time 72
Time 75
Robots Locations 0-(9,5) 1-(4,7) 2-(11,3) 3-(15,6) 4-(10,11)
Target Locations:  0-(11,4) 1-(11,13) 2-(2,7) 3-(10,3) 4-(4,3)
Task Assignment: 0-4 1-2 2-3 3-0 4-1
Robot 2 finished At time 78
Time 81
Robots Locations 0-(7,4) 1-(2,7) 2-(10,3) 3-(13,5) 4-(11,13)
Target Locations:  0-(11,4) 1-(11,13) 2-(2,7) 3-(4,3) 4-(7,14)
Task Assignment: 0-3 1-2 2-0 3-1 4-4
Robot 1 finished At time 84
Time 86
Robots Locations 0-(6,4) 1-(2,7) 2-(10,4) 3-(12,6) 4-(10,13)
Target Locations:  0-(11,4) 1-(11,13) 2-(4,3) 3-(7,14) 4-(11,1)
Task Assignment: 0-4 1-2 2-0 3-1 4-3
Robot 2 finished At time 91
Time 94
Robots Locations 0-(7,3) 1-(2,5) 2-(11,4) 3-(12,9) 4-(7,14)
Target Locations:  0-(11,13) 1-(4,3) 2-(7,14) 3-(11,1) 4-(9,4)
Task Assignment: 0-4 1-1 2-3 3-0 4-2
Robot 4 finished At time 96
Time 98
Robots Locations 0-(8,3) 1-(3,4) 2-(11,3) 3-(12,10) 4-(7,14)
Target Locations:  0-(11,13) 1-(4,3) 2-(11,1) 3-(9,4) 4-(11,6)
Task Assignment: 0-3 1-1 2-2 3-4 4-0
Robot 0 finished At time 103
Time 105
Robots Locations 0-(9,4) 1-(4,3) 2-(11,1) 3-(11,9) 4-(7,13)
Target Locations:  0-(11,13) 1-(4,3) 2-(11,1) 3-(11,6) 4-(12,4)
Task Assignment: 0-4 1-1 2-2 3-3 4-0
Robot 1 finished At time 105
Time 108
Robots Locations 0-(9,4) 1-(4,3) 2-(11,1) 3-(11,9) 4-(8,13)
Target Locations:  0-(11,13) 1-(11,1) 2-(11,6) 3-(12,4) 4-(7,9)
Task Assignment: 0-3 1-4 2-1 3-2 4-0
Robot 2 finished At time 110
Time 112
Robots Locations 0-(10,4) 1-(5,3) 2-(11,1) 3-(11,8) 4-(9,13)
Target Locations:  0-(11,13) 1-(11,6) 2-(12,4) 3-(7,9) 4-(6,1)
Task Assignment: 0-1 1-4 2-2 3-3 4-0
Robot 4 finished At time 119
Time 121
Robots Locations 0-(11,6) 1-(6,1) 2-(12,3) 3-(8,8) 4-(11,13)
Target Locations:  0-(11,6) 1-(12,4) 2-(7,9) 3-(6,1) 4-(14,8)
Task Assignment: 0-0 1-3 2-1 3-2 4-4
Robot 0 finished At time 122
Time 124
Robots Locations 0-(11,6) 1-(6,1) 2-(12,3) 3-(8,9) 4-(11,13)
Target Locations:  0-(12,4) 1-(7,9) 2-(6,1) 3-(14,8) 4-(15,8)
Task Assignment: 0-4 1-2 2-0 3-1 4-3
Robot 1 finished At time 126
Time 128
Robots Locations 0-(12,6) 1-(6,1) 2-(12,4) 3-(7,9) 4-(12,12)
Target Locations:  0-(12,4) 1-(7,9) 2-(14,8) 3-(15,8) 4-(5,4)
Task Assignment: 0-3 1-4 2-0 3-1 4-2
Robot 3 finished At time 131
Time 133
Robots Locations 0-(13,7) 1-(5,1) 2-(12,4) 3-(7,9) 4-(12,11)
Target Locations:  0-(12,4) 1-(14,8) 2-(15,8) 3-(5,4) 4-(5,15)
Task Assignment: 0-2 1-3 2-0 3-4 4-1
Robot 2 finished At time 134
Time 136
Robots Locations 0-(13,7) 1-(5,1) 2-(12,4) 3-(7,9) 4-(12,11)
Target Locations:  0-(14,8) 1-(15,8) 2-(5,4) 3-(5,15) 4-(10,4)
Task Assignment: 0-1 1-2 2-4 3-3 4-0
Robot 0 finished At time 142
Time 144
Robots Locations 0-(15,8) 1-(5,4) 2-(10,4) 3-(6,12) 4-(14,8)
Target Locations:  0-(14,8) 1-(5,4) 2-(5,15) 3-(10,4) 4-(4,14)
Task Assignment: 0-0 1-4 2-1 3-2 4-3
Robot 0 finished At time 151
Time 153
Robots Locations 0-(14,8) 1-(5,7) 2-(7,4) 3-(5,15) 4-(12,6)
Target Locations:  0-(5,4) 1-(5,15) 2-(10,4) 3-(4,14) 4-(4,8)
Task Assignment: 0-2 1-3 2-4 3-1 4-0
Robot 3 finished At time 154
Time 157
Robots Locations 0-(14,8) 1-(5,8) 2-(6,4) 3-(5,15) 4-(11,6)
Target Locations:  0-(5,4) 1-(10,4) 2-(4,14) 3-(4,8) 4-(5,6)
Task Assignment: 0-1 1-3 2-0 3-2 4-4
Robot 1 finished At time 161
Time 163
Robots Locations 0-(12,6) 1-(4,8) 2-(5,4) 3-(4,14) 4-(9,6)
Target Locations:  0-(5,4) 1-(10,4) 2-(4,14) 3-(5,6) 4-(1,15)
Task Assignment: 0-1 1-2 2-0 3-4 4-3
Robot 2 finished At time 165
Time 167
Robots Locations 0-(12,6) 1-(4,8) 2-(5,4) 3-(4,14) 4-(9,6)
Target Locations:  0-(10,4) 1-(4,14) 2-(5,6) 3-(1,15) 4-(14,1)
Task Assignment: 0-4 1-1 2-2 3-3 4-0
Robot 2 finished At time 174
Time 177
Robots Locations 0-(13,3) 1-(4,12) 2-(5,6) 3-(1,15) 4-(10,4)
Target Locations:  0-(10,4) 1-(4,14) 2-(1,15) 3-(14,1) 4-(6,4)
Task Assignment: 0-3 1-1 2-4 3-2 4-0
Robot 3 finished At time 177
Time 179
Robots Locations 0-(13,2) 1-(4,12) 2-(5,6) 3-(1,15) 4-(10,4)
Target Locations:  0-(10,4) 1-(4,14) 2-(14,1) 3-(6,4) 4-(7,1)
Task Assignment: 0-2 1-3 2-4 3-1 4-0
Robot 4 finished At time 180
Time 182
Robots Locations 0-(13,2) 1-(4,12) 2-(5,6) 3-(1,15) 4-(10,4)
Target Locations:  0-(4,14) 1-(14,1) 2-(6,4) 3-(7,1) 4-(8,12)
Task Assignment: 0-1 1-4 2-2 3-0 4-3
Robot 0 finished At time 187
Time 189
Robots Locations 0-(14,1) 1-(6,12) 2-(6,5) 3-(2,15) 4-(9,2)
Target Locations:  0-(4,14) 1-(6,4) 2-(7,1) 3-(8,12) 4-(7,7)
Task Assignment: 0-2 1-3 2-4 3-0 4-1
Robot 1 finished At time 195
Time 197
Robots Locations 0-(12,1) 1-(8,12) 2-(7,6) 3-(4,14) 4-(6,4)
Target Locations:  0-(4,14) 1-(6,4) 2-(7,1) 3-(7,7) 4-(10,13)
Task Assignment: 0-2 1-4 2-3 3-0 4-1
Robot 3 finished At time 197
Time 200
Robots Locations 0-(12,1) 1-(8,12) 2-(7,6) 3-(4,14) 4-(6,4)
Target Locations:  0-(6,4) 1-(7,1) 2-(7,7) 3-(10,13) 4-(10,15)
Task Assignment: 0-1 1-3 2-2 3-4 4-0
Robot 4 finished At time 202
Time 205
Robots Locations 0-(10,1) 1-(9,12) 2-(7,7) 3-(5,14) 4-(6,4)
Target Locations:  0-(7,1) 1-(7,7) 2-(10,13) 3-(10,15) 4-(4,11)
Task Assignment: 0-0 1-2 2-4 3-3 4-1
Robot 1 finished At time 209
Time 211
Robots Locations 0-(8,1) 1-(10,13) 2-(6,8) 3-(7,14) 4-(6,6)
Target Locations:  0-(7,1) 1-(7,7) 2-(10,15) 3-(4,11) 4-(4,14)
Task Assignment: 0-0 1-2 2-3 3-4 4-1
Robot 0 finished At time 216
Time 218
Robots Locations 0-(7,1) 1-(10,15) 2-(5,10) 3-(6,15) 4-(7,7)
Target Locations:  0-(7,7) 1-(10,15) 2-(4,11) 3-(4,14) 4-(3,1)
Task Assignment: 0-4 1-1 2-2 3-3 4-0
Robot 4 finished At time 219
Time 221
Robots Locations 0-(7,1) 1-(10,15) 2-(4,10) 3-(6,15) 4-(7,7)
Target Locations:  0-(10,15) 1-(4,11) 2-(4,14) 3-(3,1) 4-(12,12)
Task Assignment: 0-3 1-4 2-2 3-0 4-1
Robot 2 finished At time 230
Time 232
Robots Locations 0-(3,1) 1-(12,12) 2-(4,14) 3-(9,15) 4-(4,11)
Target Locations:  0-(10,15) 1-(4,11) 2-(3,1) 3-(12,12) 4-(9,5)
Task Assignment: 0-2 1-3 2-1 3-0 4-4
Robot 0 finished At time 233
Time 235
Robots Locations 0-(3,1) 1-(12,12) 2-(4,14) 3-(10,15) 4-(4,11)
Target Locations:  0-(10,15) 1-(4,11) 2-(12,12) 3-(9,5) 4-(3,7)
Task Assignment: 0-3 1-2 2-1 3-0 4-4
Robot 1 finished At time 237
Time 239
Robots Locations 0-(3,2) 1-(12,12) 2-(3,14) 3-(10,15) 4-(3,11)
Target Locations:  0-(10,15) 1-(4,11) 2-(9,5) 3-(3,7) 4-(15,6)
Task Assignment: 0-2 1-4 2-1 3-0 4-3
Robot 3 finished At time 240
Time 243
Robots Locations 0-(3,2) 1-(12,11) 2-(3,14) 3-(10,15) 4-(3,10)
Target Locations:  0-(4,11) 1-(9,5) 2-(3,7) 3-(15,6) 4-(8,9)
Task Assignment: 0-1 1-3 2-0 3-4 4-2
Robot 2 finished At time 250
Time 252
Robots Locations 0-(7,4) 1-(14,8) 2-(4,11) 3-(9,12) 4-(3,7)
Target Locations:  0-(9,5) 1-(3,7) 2-(15,6) 3-(8,9) 4-(2,3)
Task Assignment: 0-0 1-2 2-1 3-3 4-4
Robot 1 finished At time 258
Time 261
Robots Locations 0-(9,5) 1-(15,6) 2-(3,8) 3-(8,9) 4-(2,4)
Target Locations:  0-(9,5) 1-(3,7) 2-(8,9) 3-(2,3) 4-(9,6)
Task Assignment: 0-0 1-4 2-1 3-2 4-3
Robot 0 finished At time 262
Time 264
Robots Locations 0-(9,5) 1-(15,6) 2-(3,8) 3-(8,9) 4-(2,3)
Target Locations:  0-(3,7) 1-(8,9) 2-(2,3) 3-(9,6) 4-(5,4)
Task Assignment: 0-4 1-3 2-0 3-1 4-2
Robot 3 finished At time 265
Robot 2 finished At time 267
Robot 4 finished At time 267
Robot 0 finished At time 275
Robot 1 finished At time 276
/mmd_msd2
Time 2
Robots Locations 0-(2,2) 1-(5,6) 2-(10,9) 3-(13,13) 4-(15,15)
Target Locations:  0-(9,10) 1-(14,6) 2-(11,15) 3-(11,4) 4-(15,1)
Task Assignment: 0-3 1-0 2-4 3-1 4-2
Robot 4 finished At time 13
Time 15
Robots Locations 0-(7,3) 1-(8,10) 2-(13,5) 3-(14,8) 4-(11,15)
Target Locations:  0-(9,10) 1-(14,6) 2-(11,4) 3-(15,1) 4-(9,3)
Task Assignment: 0-4 1-2 2-3 3-1 4-0
Robot 3 finished At time 20
Time 22
Robots Locations 0-(9,3) 1-(10,8) 2-(14,2) 3-(14,6) 4-(10,13)
Target Locations:  0-(9,10) 1-(11,4) 2-(15,1) 3-(9,3) 4-(5,6)
Task Assignment: 0-3 1-4 2-2 3-1 4-0
Robot 0 finished At time 23
Time 25
Robots Locations 0-(9,3) 1-(9,7) 2-(15,2) 3-(14,5) 4-(10,12)
Target Locations:  0-(9,10) 1-(11,4) 2-(15,1) 3-(5,6) 4-(5,5)
Task Assignment: 0-4 1-3 2-2 3-1 4-0
Robot 2 finished At time 29
Time 31
Robots Locations 0-(8,4) 1-(8,7) 2-(15,1) 3-(12,5) 4-(9,10)
Target Locations:  0-(9,10) 1-(11,4) 2-(5,6) 3-(5,5) 4-(9,5)
Task Assignment: 0-2 1-3 2-1 3-4 4-0
Robot 4 finished At time 33
Time 35
Robots Locations 0-(7,5) 1-(7,6) 2-(14,0) 3-(11,5) 4-(9,10)
Target Locations:  0-(11,4) 1-(5,6) 2-(5,5) 3-(9,5) 4-(6,9)
Task Assignment: 0-1 1-2 2-0 3-3 4-4
Robot 1 finished At time 41
Time 43
Robots Locations 0-(6,5) 1-(5,5) 2-(13,2) 3-(9,5) 4-(7,9)
Target Locations:  0-(11,4) 1-(5,6) 2-(9,5) 3-(6,9) 4-(14,7)
Task Assignment: 0-2 1-1 2-0 3-4 4-3
Robot 4 finished At time 46
Time 48
Robots Locations 0-(7,4) 1-(5,6) 2-(11,3) 3-(9,6) 4-(6,9)
Target Locations:  0-(11,4) 1-(5,6) 2-(9,5) 3-(14,7) 4-(13,3)
Task Assignment: 0-0 1-1 2-4 3-3 4-2
Robot 1 finished At time 51
Time 53
Robots Locations 0-(8,4) 1-(5,6) 2-(12,4) 3-(11,6) 4-(6,8)
Target Locations:  0-(11,4) 1-(9,5) 2-(14,7) 3-(13,3) 4-(11,13)
Task Assignment: 0-0 1-1 2-3 3-2 4-4
Robot 2 finished At time 58
Time 60
Robots Locations 0-(10,4) 1-(7,6) 2-(13,3) 3-(13,7) 4-(8,9)
Target Locations:  0-(11,4) 1-(9,5) 2-(14,7) 3-(11,13) 4-(2,7)
Task Assignment: 0-1 1-4 2-0 3-2 4-3
Robot 3 finished At time 63
Time 65
Robots Locations 0-(10,5) 1-(7,5) 2-(12,3) 3-(14,7) 4-(9,11)
Target Locations:  0-(11,4) 1-(9,5) 2-(11,13) 3-(2,7) 4-(10,3)
Task Assignment: 0-1 1-3 2-4 3-0 4-2
Robot 0 finished At time 69
Time 71
Robots Locations 0-(9,5) 1-(5,6) 2-(10,3) 3-(14,6) 4-(10,12)
Target Locations:  0-(11,4) 1-(11,13) 2-(2,7) 3-(10,3) 4-(4,3)
Task Assignment: 0-4 1-2 2-3 3-0 4-1
Robot 2 finished At time 74
Time 75
Robots Locations 0-(8,5) 1-(4,6) 2-(10,3) 3-(13,5) 4-(11,13)
Target Locations:  0-(11,4) 1-(11,13) 2-(2,7) 3-(4,3) 4-(7,14)
Task Assignment: 0-3 1-2 2-0 3-1 4-4
Robot 1 finished At time 81
Time 83
Robots Locations 0-(5,4) 1-(2,7) 2-(11,4) 3-(12,7) 4-(9,14)
Target Locations:  0-(11,4) 1-(11,13) 2-(4,3) 3-(7,14) 4-(11,1)
Task Assignment: 0-4 1-2 2-0 3-1 4-3
Robot 2 finished At time 84
Time 86
Robots Locations 0-(5,3) 1-(1,7) 2-(11,4) 3-(12,8) 4-(8,14)
Target Locations:  0-(11,13) 1-(4,3) 2-(7,14) 3-(11,1) 4-(9,4)
Task Assignment: 0-4 1-1 2-3 3-0 4-2
Robot 4 finished At time 90
Time 92
Robots Locations 0-(7,3) 1-(2,5) 2-(11,2) 3-(11,10) 4-(7,14)
Target Locations:  0-(11,13) 1-(4,3) 2-(11,1) 3-(9,4) 4-(11,6)
Task Assignment: 0-3 1-1 2-2 3-4 4-0
Robot 2 finished At time 97
Time 99
Robots Locations 0-(9,4) 1-(4,3) 2-(11,1) 3-(11,9) 4-(8,13)
Target Locations:  0-(11,13) 1-(4,3) 2-(9,4) 3-(11,6) 4-(12,4)
Task Assignment: 0-2 1-1 2-4 3-3 4-0
Robot 0 finished At time 101
Time 102
Robots Locations 0-(9,4) 1-(4,3) 2-(11,0) 3-(11,8) 4-(9,13)
Target Locations:  0-(11,13) 1-(4,3) 2-(11,6) 3-(12,4) 4-(7,9)
Task Assignment: 0-2 1-1 2-3 3-4 4-0
Robot 1 finished At time 103
Time 104
Robots Locations 0-(9,4) 1-(4,3) 2-(12,1) 3-(11,8) 4-(9,13)
Target Locations:  0-(11,13) 1-(11,6) 2-(12,4) 3-(7,9) 4-(6,1)
Task Assignment: 0-1 1-4 2-2 3-3 4-0
Robot 4 finished At time 110
Time 112
Robots Locations 0-(11,6) 1-(6,1) 2-(12,3) 3-(8,8) 4-(11,13)
Target Locations:  0-(11,6) 1-(12,4) 2-(7,9) 3-(6,1) 4-(14,8)
Task Assignment: 0-0 1-3 2-1 3-2 4-4
Robot 0 finished At time 113
Time 115
Robots Locations 0-(11,6) 1-(6,1) 2-(12,4) 3-(8,9) 4-(12,13)
Target Locations:  0-(12,4) 1-(7,9) 2-(6,1) 3-(14,8) 4-(15,8)
Task Assignment: 0-3 1-2 2-0 3-1 4-4
Robot 1 finished At time 115
Time 117
Robots Locations 0-(11,6) 1-(6,1) 2-(12,4) 3-(7,9) 4-(12,12)
Target Locations:  0-(12,4) 1-(7,9) 2-(14,8) 3-(15,8) 4-(5,4)
Task Assignment: 0-3 1-4 2-0 3-1 4-2
Robot 2 finished At time 119
Time 121
Robots Locations 0-(12,7) 1-(7,1) 2-(12,4) 3-(7,9) 4-(12,12)
Target Locations:  0-(7,9) 1-(14,8) 2-(15,8) 3-(5,4) 4-(5,15)
Task Assignment: 0-2 1-3 2-1 3-4 4-0
Robot 1 finished At time 129
Time 131
Robots Locations 0-(15,8) 1-(5,4) 2-(14,8) 3-(6,13) 4-(9,10)
Target Locations:  0-(7,9) 1-(14,8) 2-(15,8) 3-(5,15) 4-(10,4)
Task Assignment: 0-2 1-4 2-1 3-3 4-0
Robot 0 finished At time 131
Time 133
Robots Locations 0-(15,8) 1-(5,4) 2-(14,8) 3-(6,13) 4-(8,10)
Target Locations:  0-(7,9) 1-(14,8) 2-(5,15) 3-(10,4) 4-(4,14)
Task Assignment: 0-1 1-0 2-3 3-2 4-4
Robot 3 finished At time 139
Time 141
Robots Locations 0-(14,8) 1-(6,7) 2-(12,7) 3-(5,15) 4-(6,11)
Target Locations:  0-(7,9) 1-(14,8) 2-(10,4) 3-(4,14) 4-(4,8)
Task Assignment: 0-1 1-4 2-2 3-3 4-0
Robot 0 finished At time 141
Time 143
Robots Locations 0-(14,8) 1-(6,7) 2-(12,7) 3-(5,15) 4-(6,12)
Target Locations:  0-(7,9) 1-(10,4) 2-(4,14) 3-(4,8) 4-(5,6)
Task Assignment: 0-1 1-4 2-0 3-2 4-3
Robot 3 finished At time 149
Time 151
Robots Locations 0-(12,6) 1-(5,6) 2-(9,8) 3-(4,14) 4-(4,9)
Target Locations:  0-(7,9) 1-(10,4) 2-(4,8) 3-(5,6) 4-(1,15)
Task Assignment: 0-1 1-3 2-0 3-4 4-2
Robot 1 finished At time 153
Time 154
Robots Locations 0-(11,5) 1-(5,6) 2-(9,8) 3-(3,14) 4-(4,8)
Target Locations:  0-(7,9) 1-(10,4) 2-(4,8) 3-(1,15) 4-(14,1)
Task Assignment: 0-4 1-0 2-1 3-3 4-2
Robot 4 finished At time 157
Time 159
Robots Locations 0-(12,4) 1-(6,6) 2-(8,7) 3-(2,14) 4-(4,8)
Target Locations:  0-(7,9) 1-(10,4) 2-(1,15) 3-(14,1) 4-(6,4)
Task Assignment: 0-3 1-4 2-1 3-2 4-0
Robot 3 finished At time 164
Time 166
Robots Locations 0-(13,2) 1-(6,5) 2-(9,5) 3-(1,15) 4-(6,8)
Target Locations:  0-(7,9) 1-(10,4) 2-(14,1) 3-(6,4) 4-(7,1)
Task Assignment: 0-2 1-4 2-1 3-0 4-3
Robot 2 finished At time 171
Time 172
Robots Locations 0-(14,1) 1-(7,3) 2-(10,4) 3-(1,14) 4-(6,6)
Target Locations:  0-(7,9) 1-(14,1) 2-(6,4) 3-(7,1) 4-(8,12)
Task Assignment: 0-1 1-2 2-3 3-4 4-0
Robot 0 finished At time 173
Time 175
Robots Locations 0-(14,1) 1-(7,3) 2-(10,4) 3-(1,13) 4-(6,6)
Target Locations:  0-(7,9) 1-(6,4) 2-(7,1) 3-(8,12) 4-(7,7)
Task Assignment: 0-2 1-1 2-4 3-3 4-0
Robot 1 finished At time 182
Time 184
Robots Locations 0-(11,1) 1-(6,4) 2-(8,6) 3-(5,13) 4-(7,9)
Target Locations:  0-(7,9) 1-(7,1) 2-(8,12) 3-(7,7) 4-(10,13)
Task Assignment: 0-1 1-3 2-0 3-2 4-4
Robot 1 finished At time 192
Time 194
Robots Locations 0-(7,1) 1-(7,7) 2-(7,9) 3-(8,12) 4-(9,12)
Target Locations:  0-(7,9) 1-(7,1) 2-(8,12) 3-(10,13) 4-(10,15)
Task Assignment: 0-1 1-0 2-2 3-4 4-3
Robot 0 finished At time 195
Time 197
Robots Locations 0-(7,1) 1-(7,8) 2-(7,10) 3-(9,13) 4-(10,13)
Target Locations:  0-(7,9) 1-(8,12) 2-(10,13) 3-(10,15) 4-(4,11)
Task Assignment: 0-0 1-4 2-1 3-3 4-2
Robot 4 finished At time 200
Time 202
Robots Locations 0-(7,2) 1-(6,9) 2-(8,11) 3-(9,14) 4-(10,13)
Target Locations:  0-(7,9) 1-(8,12) 2-(10,15) 3-(4,11) 4-(4,14)
Task Assignment: 0-0 1-3 2-4 3-2 4-1
Robot 3 finished At time 207
Time 208
Robots Locations 0-(7,5) 1-(4,11) 2-(6,13) 3-(10,15) 4-(9,13)
Target Locations:  0-(7,9) 1-(8,12) 2-(4,11) 3-(4,14) 4-(3,1)
Task Assignment: 0-4 1-2 2-3 3-1 4-0
Robot 1 finished At time 212
Time 213
Robots Locations 0-(6,5) 1-(4,11) 2-(5,13) 3-(9,15) 4-(8,11)
Target Locations:  0-(7,9) 1-(8,12) 2-(4,14) 3-(3,1) 4-(12,12)
Task Assignment: 0-3 1-0 2-2 3-4 4-1
Robot 2 finished At time 218
Time 219
Robots Locations 0-(4,3) 1-(5,11) 2-(4,14) 3-(10,14) 4-(8,12)
Target Locations:  0-(7,9) 1-(8,12) 2-(3,1) 3-(12,12) 4-(9,5)
Task Assignment: 0-2 1-0 2-1 3-3 4-4
Robot 0 finished At time 226
Time 228
Robots Locations 0-(3,1) 1-(7,9) 2-(6,14) 3-(12,12) 4-(9,9)
Target Locations:  0-(7,9) 1-(8,12) 2-(12,12) 3-(9,5) 4-(3,7)
Task Assignment: 0-4 1-0 2-1 3-2 4-3
Robot 3 finished At time 228
Time 230
Robots Locations 0-(3,1) 1-(7,9) 2-(6,14) 3-(12,12) 4-(9,9)
Target Locations:  0-(7,9) 1-(8,12) 2-(9,5) 3-(3,7) 4-(15,6)
Task Assignment: 0-3 1-0 2-1 3-4 4-2
Robot 1 finished At time 231
Time 233
Robots Locations 0-(3,1) 1-(7,9) 2-(6,13) 3-(12,12) 4-(9,9)
Target Locations:  0-(8,12) 1-(9,5) 2-(3,7) 3-(15,6) 4-(8,9)
Task Assignment: 0-2 1-4 2-0 3-3 4-1
Robot 1 finished At time 237
Time 239
Robots Locations 0-(2,3) 1-(8,9) 2-(8,12) 3-(13,10) 4-(9,7)
Target Locations:  0-(8,12) 1-(9,5) 2-(3,7) 3-(15,6) 4-(2,3)
Task Assignment: 0-4 1-2 2-0 3-3 4-1
Robot 2 finished At time 241
Time 243
Robots Locations 0-(2,3) 1-(9,8) 2-(8,12) 3-(14,9) 4-(9,6)
Target Locations:  0-(9,5) 1-(3,7) 2-(15,6) 3-(2,3) 4-(9,6)
Task Assignment: 0-3 1-1 2-4 3-2 4-0
Robot 0 finished At time 245
Time 246
Robots Locations 0-(2,3) 1-(8,8) 2-(8,11) 3-(14,8) 4-(9,5)
Target Locations:  0-(9,5) 1-(3,7) 2-(15,6) 3-(9,6) 4-(5,4)
Task Assignment: 0-4 1-1 2-3 3-2 4-0
Robot 4 finished At time 248
Robot 3 finished At time 253
Robot 0 finished At time 256
Robot 1 finished At time 257
Robot 2 finished At time 258
