Goals: (9,1) (10,6) (4,11) (9,6) (1,1) (13,8) (7,9) (9,9) (9,12) (8,14) (3,14) (10,13) (13,9) (2,14) (7,6) (13,13) (4,7) (2,7) (13,14) (14,3) (10,5) (5,3) (4,8) (11,13) (11,4) (2,10) (8,6) (14,3) (2,5) (10,7) (4,15) (7,8) (6,14) (12,8) (10,10) (6,3) (5,11) (11,10) (8,15) (3,6) (1,10) (7,4) (7,8) (4,12) (3,15) (14,6) (5,14) (12,12) (12,10) (12,1)
/BLE
Time 1
Robots Locations 0-(3,2) 1-(6,5) 2-(8,9) 3-(12,12) 4-(15,15)
Target Locations:  0-(12,1) 1-(12,10) 2-(12,12) 3-(5,14) 4-(14,6)
Task Assignment: 3-2 2-1 1-0 4-4 0-3
Robot 3 finished At time 9
Time 11
Robots Locations 0-(4,5) 1-(9,3) 2-(10,10) 3-(12,12) 4-(15,13)
Target Locations:  0-(12,1) 1-(12,10) 2-(5,14) 3-(14,6) 4-(3,15)
Task Assignment: 3-1 1-0 2-3 0-2 4-4
Robot 3 finished At time 18
Time 20
Robots Locations 0-(5,9) 1-(12,1) 2-(13,7) 3-(12,10) 4-(12,13)
Target Locations:  0-(12,1) 1-(5,14) 2-(14,6) 3-(3,15) 4-(4,12)
Task Assignment: 1-0 2-2 0-4 4-1 3-3
Robot 1 finished At time 23
Time 25
Robots Locations 0-(4,10) 1-(12,1) 2-(14,6) 3-(11,10) 4-(10,13)
Target Locations:  0-(5,14) 1-(14,6) 2-(3,15) 3-(4,12) 4-(7,8)
Task Assignment: 2-1 0-3 3-4 4-0 1-2
Robot 2 finished At time 27
Time 29
Robots Locations 0-(4,11) 1-(13,2) 2-(14,6) 3-(10,10) 4-(9,13)
Target Locations:  0-(5,14) 1-(3,15) 2-(4,12) 3-(7,8) 4-(7,4)
Task Assignment: 0-2 3-3 4-0 1-4 2-1
Robot 0 finished At time 32
Time 34
Robots Locations 0-(4,12) 1-(11,2) 2-(13,5) 3-(9,9) 4-(8,14)
Target Locations:  0-(5,14) 1-(3,15) 2-(7,8) 3-(7,4) 4-(1,10)
Task Assignment: 0-0 3-2 1-3 4-1 2-4
Robot 3 finished At time 40
Time 42
Robots Locations 0-(5,14) 1-(9,3) 2-(11,6) 3-(7,8) 4-(6,14)
Target Locations:  0-(5,14) 1-(3,15) 2-(7,4) 3-(1,10) 4-(3,6)
Task Assignment: 0-0 1-2 4-1 3-4 2-3
Robot 0 finished At time 46
Time 48
Robots Locations 0-(5,14) 1-(7,4) 2-(9,7) 3-(5,7) 4-(5,13)
Target Locations:  0-(3,15) 1-(7,4) 2-(1,10) 3-(3,6) 4-(8,15)
Task Assignment: 1-1 0-0 3-3 4-4 2-2
Robot 1 finished At time 49
Time 51
Robots Locations 0-(5,14) 1-(7,4) 2-(8,7) 3-(5,7) 4-(5,13)
Target Locations:  0-(3,15) 1-(1,10) 2-(3,6) 3-(8,15) 4-(11,10)
Task Assignment: 3-2 0-0 4-3 2-4 1-1
Robot 3 finished At time 57
Time 58
Robots Locations 0-(3,15) 1-(5,6) 2-(10,9) 3-(3,6) 4-(5,15)
Target Locations:  0-(3,15) 1-(1,10) 2-(8,15) 3-(11,10) 4-(5,11)
Task Assignment: 0-0 2-3 4-2 3-1 1-4
Robot 0 finished At time 61
Time 63
Robots Locations 0-(3,15) 1-(5,8) 2-(11,10) 3-(2,7) 4-(7,15)
Target Locations:  0-(1,10) 1-(8,15) 2-(11,10) 3-(5,11) 4-(6,3)
Task Assignment: 2-2 4-1 1-3 3-0 0-4
Robot 2 finished At time 65
Time 67
Robots Locations 0-(3,14) 1-(5,9) 2-(11,10) 3-(2,8) 4-(8,15)
Target Locations:  0-(1,10) 1-(8,15) 2-(5,11) 3-(6,3) 4-(10,10)
Task Assignment: 4-1 2-4 1-2 3-0 0-3
Robot 4 finished At time 70
Time 72
Robots Locations 0-(3,13) 1-(5,10) 2-(11,11) 3-(1,9) 4-(8,15)
Target Locations:  0-(1,10) 1-(5,11) 2-(6,3) 3-(10,10) 4-(12,8)
Task Assignment: 1-1 3-0 2-3 4-4 0-2
Robot 1 finished At time 76
Time 78
Robots Locations 0-(4,11) 1-(5,11) 2-(10,10) 3-(1,10) 4-(9,14)
Target Locations:  0-(1,10) 1-(6,3) 2-(10,10) 3-(12,8) 4-(6,14)
Task Assignment: 3-0 2-2 4-4 1-3 0-1
Robot 3 finished At time 78
Time 80
Robots Locations 0-(4,11) 1-(5,11) 2-(10,10) 3-(1,10) 4-(9,13)
Target Locations:  0-(6,3) 1-(10,10) 2-(12,8) 3-(6,14) 4-(7,8)
Task Assignment: 2-1 1-3 0-4 4-2 3-0
Robot 2 finished At time 81
Time 83
Robots Locations 0-(4,11) 1-(5,11) 2-(10,10) 3-(1,10) 4-(9,13)
Target Locations:  0-(6,3) 1-(12,8) 2-(6,14) 3-(7,8) 4-(4,15)
Task Assignment: 2-1 1-2 0-4 4-3 3-0
Robot 1 finished At time 91
Time 92
Robots Locations 0-(4,14) 1-(6,14) 2-(12,8) 3-(3,8) 4-(8,10)
Target Locations:  0-(6,3) 1-(12,8) 2-(7,8) 3-(4,15) 4-(10,7)
Task Assignment: 2-1 0-3 4-2 3-0 1-4
Robot 2 finished At time 93
Time 95
Robots Locations 0-(4,14) 1-(6,14) 2-(12,8) 3-(3,8) 4-(8,9)
Target Locations:  0-(6,3) 1-(7,8) 2-(4,15) 3-(10,7) 4-(2,5)
Task Assignment: 0-2 4-1 2-3 3-4 1-0
Robot 0 finished At time 99
Time 101
Robots Locations 0-(4,15) 1-(7,13) 2-(11,7) 3-(2,6) 4-(7,8)
Target Locations:  0-(6,3) 1-(7,8) 2-(10,7) 3-(2,5) 4-(14,3)
Task Assignment: 4-1 3-3 2-2 1-0 0-4
Robot 4 finished At time 103
Time 104
Robots Locations 0-(4,16) 1-(7,12) 2-(10,7) 3-(2,5) 4-(7,8)
Target Locations:  0-(6,3) 1-(10,7) 2-(2,5) 3-(14,3) 4-(8,6)
Task Assignment: 3-2 2-1 4-4 1-0 0-3
Robot 2 finished At time 107
Time 109
Robots Locations 0-(5,15) 1-(7,11) 2-(10,7) 3-(2,5) 4-(7,7)
Target Locations:  0-(6,3) 1-(2,5) 2-(14,3) 3-(8,6) 4-(2,10)
Task Assignment: 3-1 4-3 1-4 2-2 0-0
Robot 3 finished At time 109
Time 111
Robots Locations 0-(5,15) 1-(7,11) 2-(10,7) 3-(2,5) 4-(7,7)
Target Locations:  0-(6,3) 1-(14,3) 2-(8,6) 3-(2,10) 4-(11,4)
Task Assignment: 4-2 2-4 3-0 1-3 0-1
Robot 4 finished At time 115
Time 117
Robots Locations 0-(6,13) 1-(5,10) 2-(10,5) 3-(3,4) 4-(8,6)
Target Locations:  0-(6,3) 1-(14,3) 2-(2,10) 3-(11,4) 4-(11,13)
Task Assignment: 2-3 1-2 3-0 0-4 4-1
Robot 2 finished At time 122
Time 124
Robots Locations 0-(9,13) 1-(2,10) 2-(11,4) 3-(6,3) 4-(10,5)
Target Locations:  0-(6,3) 1-(14,3) 2-(2,10) 3-(11,13) 4-(4,8)
Task Assignment: 3-0 1-2 0-3 2-1 4-4
Robot 1 finished At time 126
Time 128
Robots Locations 0-(10,13) 1-(2,10) 2-(12,4) 3-(6,3) 4-(11,5)
Target Locations:  0-(6,3) 1-(14,3) 2-(11,13) 3-(4,8) 4-(5,3)
Task Assignment: 3-0 0-2 2-1 1-3 4-4
Robot 3 finished At time 129
Time 131
Robots Locations 0-(10,13) 1-(2,10) 2-(12,4) 3-(6,3) 4-(10,6)
Target Locations:  0-(14,3) 1-(11,13) 2-(4,8) 3-(5,3) 4-(10,5)
Task Assignment: 0-1 3-3 4-4 2-0 1-2
Robot 0 finished At time 134
Time 136
Robots Locations 0-(11,13) 1-(3,9) 2-(14,3) 3-(6,2) 4-(10,5)
Target Locations:  0-(14,3) 1-(4,8) 2-(5,3) 3-(10,5) 4-(14,3)
Task Assignment: 4-3 2-4 1-1 3-2 0-0
Robot 4 finished At time 137
Time 139
Robots Locations 0-(11,13) 1-(3,9) 2-(14,3) 3-(5,3) 4-(10,5)
Target Locations:  0-(14,3) 1-(4,8) 2-(5,3) 3-(14,3) 4-(13,14)
Task Assignment: 3-2 2-0 1-1 0-4 4-3
Robot 2 finished At time 140
Time 142
Robots Locations 0-(12,12) 1-(4,8) 2-(14,3) 3-(5,3) 4-(11,5)
Target Locations:  0-(4,8) 1-(5,3) 2-(14,3) 3-(13,14) 4-(2,7)
Task Assignment: 3-1 1-0 2-2 0-3 4-4
Robot 2 finished At time 143
Time 145
Robots Locations 0-(12,12) 1-(4,8) 2-(14,3) 3-(5,3) 4-(11,5)
Target Locations:  0-(4,8) 1-(5,3) 2-(13,14) 3-(2,7) 4-(4,7)
Task Assignment: 1-0 3-1 0-2 4-4 2-3
Robot 3 finished At time 146
Time 147
Robots Locations 0-(12,13) 1-(4,8) 2-(14,3) 3-(5,3) 4-(11,4)
Target Locations:  0-(4,8) 1-(13,14) 2-(2,7) 3-(4,7) 4-(13,13)
Task Assignment: 1-0 0-4 3-3 4-2 2-1
Robot 1 finished At time 149
Time 151
Robots Locations 0-(13,13) 1-(4,8) 2-(15,4) 3-(5,4) 4-(10,4)
Target Locations:  0-(13,14) 1-(2,7) 2-(4,7) 3-(13,13) 4-(7,6)
Task Assignment: 0-3 1-2 3-4 4-1 2-0
Robot 0 finished At time 153
Time 155
Robots Locations 0-(13,13) 1-(4,7) 2-(14,5) 3-(5,5) 4-(9,4)
Target Locations:  0-(13,14) 1-(2,7) 2-(4,7) 3-(7,6) 4-(2,14)
Task Assignment: 1-2 0-0 3-3 4-1 2-4
Robot 1 finished At time 157
Time 159
Robots Locations 0-(14,13) 1-(4,7) 2-(14,6) 3-(6,5) 4-(8,5)
Target Locations:  0-(13,14) 1-(2,7) 2-(7,6) 3-(2,14) 4-(13,9)
Task Assignment: 4-2 0-0 1-1 2-4 3-3
Robot 0 finished At time 163
Time 165
Robots Locations 0-(13,14) 1-(2,7) 2-(13,8) 3-(6,7) 4-(7,6)
Target Locations:  0-(2,7) 1-(7,6) 2-(2,14) 3-(13,9) 4-(10,13)
Task Assignment: 1-0 4-1 2-3 0-4 3-2
Robot 4 finished At time 166
Time 168
Robots Locations 0-(12,14) 1-(2,7) 2-(13,9) 3-(5,8) 4-(7,6)
Target Locations:  0-(2,7) 1-(2,14) 2-(13,9) 3-(10,13) 4-(3,14)
Task Assignment: 1-0 2-2 0-3 3-4 4-1
Robot 1 finished At time 169
Time 170
Robots Locations 0-(12,14) 1-(2,7) 2-(13,9) 3-(5,8) 4-(7,6)
Target Locations:  0-(2,14) 1-(13,9) 2-(10,13) 3-(3,14) 4-(8,14)
Task Assignment: 2-1 0-2 3-3 1-0 4-4
Robot 2 finished At time 173
Time 175
Robots Locations 0-(11,13) 1-(2,8) 2-(13,9) 3-(5,10) 4-(7,8)
Target Locations:  0-(2,14) 1-(10,13) 2-(3,14) 3-(8,14) 4-(9,12)
Task Assignment: 0-1 3-2 4-4 1-0 2-3
Robot 0 finished At time 179
Time 181
Robots Locations 0-(10,13) 1-(2,10) 2-(12,10) 3-(4,12) 4-(8,9)
Target Locations:  0-(2,14) 1-(3,14) 2-(8,14) 3-(9,12) 4-(9,9)
Task Assignment: 4-4 0-3 3-1 1-0 2-2
Robot 0 finished At time 186
Time 188
Robots Locations 0-(9,12) 1-(2,12) 2-(10,12) 3-(3,14) 4-(9,9)
Target Locations:  0-(2,14) 1-(3,14) 2-(8,14) 3-(9,9) 4-(7,9)
Task Assignment: 3-1 4-3 1-0 0-2 2-4
Robot 4 finished At time 189
Time 191
Robots Locations 0-(9,12) 1-(2,13) 2-(10,12) 3-(3,14) 4-(9,9)
Target Locations:  0-(2,14) 1-(3,14) 2-(8,14) 3-(7,9) 4-(13,8)
Task Assignment: 3-1 1-0 4-3 0-2 2-4
Robot 3 finished At time 192
Time 194
Robots Locations 0-(8,12) 1-(2,13) 2-(10,12) 3-(3,14) 4-(9,8)
Target Locations:  0-(2,14) 1-(8,14) 2-(7,9) 3-(13,8) 4-(1,1)
Task Assignment: 1-0 0-1 4-2 2-3 3-4
Robot 1 finished At time 200
Time 201
Robots Locations 0-(8,14) 1-(2,14) 2-(11,10) 3-(3,13) 4-(7,9)
Target Locations:  0-(8,14) 1-(7,9) 2-(13,8) 3-(1,1) 4-(9,6)
Task Assignment: 4-1 0-0 2-2 3-4 1-3
Robot 0 finished At time 202
Time 204
Robots Locations 0-(8,14) 1-(2,14) 2-(11,10) 3-(3,13) 4-(7,9)
Target Locations:  0-(7,9) 1-(13,8) 2-(1,1) 3-(9,6) 4-(4,11)
Task Assignment: 4-0 3-4 2-1 0-3 1-2
Robot 4 finished At time 204
Time 206
Robots Locations 0-(8,14) 1-(2,14) 2-(12,9) 3-(3,12) 4-(7,9)
Target Locations:  0-(13,8) 1-(1,1) 2-(9,6) 3-(4,11) 4-(10,6)
Task Assignment: 3-3 2-0 4-2 0-4 1-1
Robot 3 finished At time 212
Time 214
Robots Locations 0-(8,12) 1-(2,11) 2-(13,8) 3-(4,11) 4-(8,7)
Target Locations:  0-(13,8) 1-(1,1) 2-(9,6) 3-(10,6) 4-(9,1)
Task Assignment: 2-0 4-2 0-3 1-1 3-4
Robot 2 finished At time 214
Robot 4 finished At time 219
Robot 0 finished At time 227
Robot 1 finished At time 233
Robot 3 finished At time 234
/MURDOCH
Time 2
Robots Locations 0-(3,3) 1-(6,6) 2-(9,9) 3-(12,12) 4-(15,15)
Target Locations:  0-(12,1) 1-(12,10) 2-(12,12) 3-(5,14) 4-(14,6)
Task Assignment: 4-0 0-1 3-2 2-3 1-4
Robot 3 finished At time 2
Time 4
Robots Locations 0-(2,3) 1-(6,6) 2-(8,9) 3-(12,12) 4-(15,15)
Target Locations:  0-(12,1) 1-(12,10) 2-(5,14) 3-(14,6) 4-(3,15)
Task Assignment: 4-0 0-1 2-2 1-3 3-4
Robot 2 finished At time 16
Time 18
Robots Locations 0-(7,7) 1-(13,6) 2-(5,14) 3-(6,14) 4-(14,9)
Target Locations:  0-(12,1) 1-(12,10) 2-(14,6) 3-(3,15) 4-(4,12)
Task Assignment: 4-0 0-1 1-2 3-3 2-4
Robot 1 finished At time 22
Time 24
Robots Locations 0-(9,8) 1-(14,6) 2-(4,13) 3-(5,14) 4-(14,8)
Target Locations:  0-(12,1) 1-(12,10) 2-(3,15) 3-(4,12) 4-(7,8)
Task Assignment: 4-0 0-1 3-2 2-3 1-4
Robot 2 finished At time 29
Time 30
Robots Locations 0-(10,9) 1-(14,6) 2-(4,12) 3-(3,15) 4-(13,5)
Target Locations:  0-(12,1) 1-(12,10) 2-(3,15) 3-(7,8) 4-(7,4)
Task Assignment: 4-0 0-1 3-2 1-3 2-4
Robot 3 finished At time 32
Time 34
Robots Locations 0-(11,9) 1-(13,7) 2-(4,11) 3-(3,15) 4-(13,4)
Target Locations:  0-(12,1) 1-(12,10) 2-(7,8) 3-(7,4) 4-(1,10)
Task Assignment: 4-0 0-1 1-2 2-3 3-4
Robot 0 finished At time 38
Time 40
Robots Locations 0-(12,10) 1-(11,7) 2-(5,9) 3-(2,14) 4-(12,3)
Target Locations:  0-(12,1) 1-(7,8) 2-(7,4) 3-(1,10) 4-(3,6)
Task Assignment: 4-0 1-1 2-2 3-3 0-4
Robot 4 finished At time 45
Time 47
Robots Locations 0-(10,10) 1-(9,8) 2-(6,7) 3-(1,11) 4-(12,1)
Target Locations:  0-(7,8) 1-(7,4) 2-(1,10) 3-(3,6) 4-(8,15)
Task Assignment: 1-0 2-1 3-2 0-3 4-4
Robot 3 finished At time 51
Time 53
Robots Locations 0-(8,9) 1-(7,8) 2-(7,5) 3-(1,10) 4-(11,2)
Target Locations:  0-(7,8) 1-(7,4) 2-(3,6) 3-(8,15) 4-(11,10)
Task Assignment: 1-0 2-1 0-2 4-3 3-4
Robot 1 finished At time 53
Time 55
Robots Locations 0-(8,9) 1-(7,8) 2-(7,5) 3-(1,10) 4-(11,2)
Target Locations:  0-(7,4) 1-(3,6) 2-(8,15) 3-(11,10) 4-(5,11)
Task Assignment: 2-0 0-1 4-2 3-3 1-4
Robot 2 finished At time 58
Time 60
Robots Locations 0-(7,8) 1-(6,9) 2-(7,4) 3-(2,9) 4-(11,4)
Target Locations:  0-(3,6) 1-(8,15) 2-(11,10) 3-(5,11) 4-(6,3)
Task Assignment: 0-0 4-1 3-2 1-3 2-4
Robot 2 finished At time 65
Time 67
Robots Locations 0-(5,7) 1-(5,11) 2-(6,3) 3-(5,10) 4-(10,6)
Target Locations:  0-(3,6) 1-(8,15) 2-(11,10) 3-(5,11) 4-(10,10)
Task Assignment: 0-0 4-1 3-2 1-3 2-4
Robot 1 finished At time 68
Time 70
Robots Locations 0-(5,7) 1-(5,11) 2-(6,3) 3-(5,10) 4-(10,7)
Target Locations:  0-(3,6) 1-(8,15) 2-(11,10) 3-(10,10) 4-(12,8)
Task Assignment: 0-0 4-1 3-2 2-3 1-4
Robot 0 finished At time 75
Time 77
Robots Locations 0-(3,6) 1-(7,11) 2-(7,5) 3-(8,10) 4-(9,9)
Target Locations:  0-(8,15) 1-(11,10) 2-(10,10) 3-(12,8) 4-(6,14)
Task Assignment: 4-0 3-1 2-2 1-3 0-4
Robot 3 finished At time 93
Time 95
Robots Locations 0-(5,12) 1-(10,11) 2-(9,10) 3-(11,10) 4-(8,15)
Target Locations:  0-(8,15) 1-(10,10) 2-(12,8) 3-(6,14) 4-(7,8)
Task Assignment: 4-0 2-1 1-2 0-3 3-4
Robot 4 finished At time 95
Time 97
Robots Locations 0-(5,12) 1-(10,11) 2-(9,10) 3-(11,10) 4-(8,15)
Target Locations:  0-(10,10) 1-(12,8) 2-(6,14) 3-(7,8) 4-(4,15)
Task Assignment: 2-0 1-1 0-2 3-3 4-4
Robot 2 finished At time 103
Time 105
Robots Locations 0-(6,14) 1-(12,9) 2-(10,10) 3-(10,9) 4-(6,15)
Target Locations:  0-(12,8) 1-(6,14) 2-(7,8) 3-(4,15) 4-(10,7)
Task Assignment: 1-0 0-1 3-2 4-3 2-4
Robot 0 finished At time 106
Time 108
Robots Locations 0-(6,14) 1-(12,9) 2-(10,10) 3-(9,9) 4-(5,15)
Target Locations:  0-(12,8) 1-(7,8) 2-(4,15) 3-(10,7) 4-(2,5)
Task Assignment: 1-0 3-1 4-2 2-3 0-4
Robot 1 finished At time 111
Time 113
Robots Locations 0-(7,13) 1-(12,8) 2-(10,8) 3-(8,8) 4-(4,15)
Target Locations:  0-(7,8) 1-(4,15) 2-(10,7) 3-(2,5) 4-(14,3)
Task Assignment: 3-0 4-1 2-2 0-3 1-4
Robot 4 finished At time 114
Time 116
Robots Locations 0-(6,13) 1-(12,8) 2-(10,8) 3-(7,8) 4-(4,15)
Target Locations:  0-(7,8) 1-(10,7) 2-(2,5) 3-(14,3) 4-(8,6)
Task Assignment: 3-0 2-1 0-2 1-3 4-4
Robot 3 finished At time 119
Time 121
Robots Locations 0-(6,12) 1-(13,6) 2-(10,7) 3-(7,8) 4-(4,14)
Target Locations:  0-(10,7) 1-(2,5) 2-(14,3) 3-(8,6) 4-(2,10)
Task Assignment: 2-0 0-1 1-2 4-3 3-4
Robot 2 finished At time 121
Time 123
Robots Locations 0-(6,12) 1-(13,6) 2-(10,7) 3-(7,8) 4-(4,14)
Target Locations:  0-(2,5) 1-(14,3) 2-(8,6) 3-(2,10) 4-(11,4)
Task Assignment: 0-0 1-1 4-2 3-3 2-4
Robot 2 finished At time 132
Time 134
Robots Locations 0-(5,9) 1-(14,3) 2-(11,4) 3-(3,9) 4-(6,10)
Target Locations:  0-(2,5) 1-(14,3) 2-(8,6) 3-(2,10) 4-(11,13)
Task Assignment: 0-0 1-1 4-2 3-3 2-4
Robot 1 finished At time 134
Time 136
Robots Locations 0-(5,9) 1-(14,3) 2-(11,4) 3-(3,10) 4-(6,10)
Target Locations:  0-(2,5) 1-(8,6) 2-(2,10) 3-(11,13) 4-(4,8)
Task Assignment: 0-0 4-1 3-2 2-3 1-4
Robot 3 finished At time 140
Time 142
Robots Locations 0-(3,7) 1-(13,3) 2-(12,5) 3-(2,10) 4-(7,8)
Target Locations:  0-(2,5) 1-(8,6) 2-(11,13) 3-(4,8) 4-(5,3)
Task Assignment: 0-0 4-1 2-2 1-3 3-4
Robot 4 finished At time 148
Time 150
Robots Locations 0-(2,5) 1-(10,4) 2-(11,8) 3-(2,8) 4-(8,6)
Target Locations:  0-(2,5) 1-(11,13) 2-(4,8) 3-(5,3) 4-(10,5)
Task Assignment: 0-0 2-1 1-2 3-3 4-4
Robot 0 finished At time 151
Time 153
Robots Locations 0-(2,5) 1-(10,5) 2-(11,8) 3-(2,8) 4-(8,6)
Target Locations:  0-(11,13) 1-(4,8) 2-(5,3) 3-(10,5) 4-(14,3)
Task Assignment: 2-0 1-1 3-2 4-3 0-4
Robot 4 finished At time 162
Time 164
Robots Locations 0-(6,4) 1-(7,6) 2-(11,12) 3-(4,5) 4-(10,5)
Target Locations:  0-(11,13) 1-(4,8) 2-(5,3) 3-(14,3) 4-(13,14)
Task Assignment: 2-0 1-1 3-2 0-3 4-4
Robot 2 finished At time 167
Time 169
Robots Locations 0-(7,4) 1-(6,7) 2-(11,13) 3-(5,3) 4-(11,6)
Target Locations:  0-(4,8) 1-(5,3) 2-(14,3) 3-(13,14) 4-(2,7)
Task Assignment: 1-0 3-1 0-2 4-3 2-4
Robot 3 finished At time 171
Time 173
Robots Locations 0-(8,4) 1-(5,8) 2-(10,13) 3-(5,3) 4-(11,7)
Target Locations:  0-(4,8) 1-(14,3) 2-(13,14) 3-(2,7) 4-(4,7)
Task Assignment: 1-0 0-1 4-2 2-3 3-4
Robot 1 finished At time 176
Time 178
Robots Locations 0-(10,3) 1-(4,8) 2-(9,12) 3-(6,3) 4-(12,9)
Target Locations:  0-(14,3) 1-(13,14) 2-(2,7) 3-(4,7) 4-(13,13)
Task Assignment: 0-0 4-1 2-2 3-3 1-4
Robot 3 finished At time 189
Time 191
Robots Locations 0-(14,3) 1-(6,10) 2-(7,10) 3-(4,7) 4-(13,14)
Target Locations:  0-(14,3) 1-(13,14) 2-(2,7) 3-(13,13) 4-(7,6)
Task Assignment: 0-0 4-1 2-2 1-3 3-4
Robot 0 finished At time 191
Time 193
Robots Locations 0-(14,3) 1-(6,10) 2-(7,10) 3-(4,7) 4-(13,14)
Target Locations:  0-(13,14) 1-(2,7) 2-(13,13) 3-(7,6) 4-(2,14)
Task Assignment: 4-0 2-1 1-2 3-3 0-4
Robot 4 finished At time 196
Time 198
Robots Locations 0-(14,4) 1-(7,11) 2-(6,9) 3-(5,7) 4-(13,14)
Target Locations:  0-(2,7) 1-(13,13) 2-(7,6) 3-(2,14) 4-(13,9)
Task Assignment: 2-0 1-1 3-2 0-3 4-4
Robot 3 finished At time 205
Time 207
Robots Locations 0-(12,6) 1-(10,12) 2-(3,8) 3-(7,6) 4-(13,12)
Target Locations:  0-(2,7) 1-(13,13) 2-(2,14) 3-(13,9) 4-(10,13)
Task Assignment: 2-0 1-1 0-2 4-3 3-4
Robot 2 finished At time 211
Time 213
Robots Locations 0-(10,7) 1-(12,13) 2-(2,7) 3-(8,7) 4-(13,10)
Target Locations:  0-(13,13) 1-(2,14) 2-(13,9) 3-(10,13) 4-(3,14)
Task Assignment: 1-0 0-1 4-2 3-3 2-4
Robot 4 finished At time 216
Time 218
Robots Locations 0-(9,8) 1-(13,13) 2-(2,8) 3-(9,9) 4-(13,9)
Target Locations:  0-(13,13) 1-(2,14) 2-(10,13) 3-(3,14) 4-(8,14)
Task Assignment: 1-0 0-1 3-2 2-3 4-4
Robot 1 finished At time 218
Time 220
Robots Locations 0-(9,8) 1-(13,13) 2-(2,8) 3-(9,9) 4-(13,9)
Target Locations:  0-(2,14) 1-(10,13) 2-(3,14) 3-(8,14) 4-(9,12)
Task Assignment: 0-0 3-1 2-2 4-3 1-4
Robot 3 finished At time 232
Time 234
Robots Locations 0-(4,12) 1-(10,12) 2-(3,14) 3-(10,13) 4-(9,12)
Target Locations:  0-(2,14) 1-(3,14) 2-(8,14) 3-(9,12) 4-(9,9)
Task Assignment: 0-0 2-1 4-2 1-3 3-4
Robot 2 finished At time 237
Time 239
Robots Locations 0-(3,13) 1-(9,12) 2-(3,14) 3-(11,12) 4-(8,13)
Target Locations:  0-(2,14) 1-(8,14) 2-(9,12) 3-(9,9) 4-(7,9)
Task Assignment: 0-0 4-1 1-2 3-3 2-4
Robot 1 finished At time 242
Time 244
Robots Locations 0-(2,14) 1-(9,12) 2-(4,14) 3-(10,11) 4-(8,14)
Target Locations:  0-(2,14) 1-(8,14) 2-(9,9) 3-(7,9) 4-(13,8)
Task Assignment: 0-0 4-1 3-2 2-3 1-4
Robot 4 finished At time 245
Time 246
Robots Locations 0-(2,14) 1-(9,12) 2-(4,14) 3-(10,11) 4-(8,14)
Target Locations:  0-(2,14) 1-(9,9) 2-(7,9) 3-(13,8) 4-(1,1)
Task Assignment: 0-0 3-1 2-2 1-3 4-4
Robot 0 finished At time 249
Time 251
Robots Locations 0-(2,14) 1-(9,11) 2-(5,13) 3-(9,10) 4-(7,14)
Target Locations:  0-(9,9) 1-(7,9) 2-(13,8) 3-(1,1) 4-(9,6)
Task Assignment: 3-0 2-1 1-2 4-3 0-4
Robot 3 finished At time 255
Time 257
Robots Locations 0-(2,13) 1-(11,10) 2-(6,11) 3-(9,9) 4-(6,12)
Target Locations:  0-(7,9) 1-(13,8) 2-(1,1) 3-(9,6) 4-(4,11)
Task Assignment: 2-0 1-1 4-2 0-3 3-4
Robot 1 finished At time 266
Time 267
Robots Locations 0-(5,10) 1-(13,8) 2-(7,10) 3-(7,9) 4-(5,9)
Target Locations:  0-(7,9) 1-(1,1) 2-(9,6) 3-(4,11) 4-(10,6)
Task Assignment: 2-0 4-1 0-2 3-3 1-4
Robot 1 finished At time 279
Time 281
Robots Locations 0-(7,10) 1-(10,6) 2-(7,9) 3-(4,11) 4-(3,4)
Target Locations:  0-(7,9) 1-(1,1) 2-(9,6) 3-(4,11) 4-(9,1)
Task Assignment: 2-0 4-1 0-2 3-3 1-4
Robot 3 finished At time 284
Robot 2 finished At time 289
Robot 4 finished At time 289
Robot 0 finished At time 291
Robot 1 finished At time 291
/mmdr
Time 2
Robots Locations 0-(2,3) 1-(6,7) 2-(9,10) 3-(13,12) 4-(15,15)
Target Locations:  0-(12,1) 1-(12,10) 2-(12,12) 3-(5,14) 4-(14,6)
Task Assignment: 0-0 1-1 2-3 3-4 4-2
Robot 4 finished At time 15
Time 17
Robots Locations 0-(8,1) 1-(11,10) 2-(5,14) 3-(14,6) 4-(12,12)
Target Locations:  0-(12,1) 1-(12,10) 2-(5,14) 3-(14,6) 4-(3,15)
Task Assignment: 0-0 1-1 2-4 3-3 4-2
Robot 3 finished At time 19
Time 21
Robots Locations 0-(8,1) 1-(12,10) 2-(5,14) 3-(14,6) 4-(12,12)
Target Locations:  0-(12,1) 1-(12,10) 2-(5,14) 3-(3,15) 4-(4,12)
Task Assignment: 0-0 1-4 2-3 3-1 4-2
Robot 2 finished At time 27
Time 29
Robots Locations 0-(11,1) 1-(10,11) 2-(3,15) 3-(13,7) 4-(9,13)
Target Locations:  0-(12,1) 1-(12,10) 2-(5,14) 3-(4,12) 4-(7,8)
Task Assignment: 0-0 1-4 2-3 3-1 4-2
Robot 0 finished At time 32
Time 35
Robots Locations 0-(12,1) 1-(9,10) 2-(3,14) 3-(12,9) 4-(7,13)
Target Locations:  0-(12,10) 1-(5,14) 2-(4,12) 3-(7,8) 4-(7,4)
Task Assignment: 0-4 1-3 2-2 3-0 4-1
Robot 3 finished At time 39
Time 41
Robots Locations 0-(11,2) 1-(7,8) 2-(4,12) 3-(12,10) 4-(5,14)
Target Locations:  0-(5,14) 1-(4,12) 2-(7,8) 3-(7,4) 4-(1,10)
Task Assignment: 0-3 1-1 2-4 3-2 4-0
Robot 4 finished At time 43
Time 46
Robots Locations 0-(10,3) 1-(6,9) 2-(3,11) 3-(11,10) 4-(5,14)
Target Locations:  0-(4,12) 1-(7,8) 2-(7,4) 3-(1,10) 4-(3,6)
Task Assignment: 0-2 1-4 2-3 3-1 4-0
Robot 4 finished At time 53
Time 55
Robots Locations 0-(7,4) 1-(4,7) 2-(1,10) 3-(8,8) 4-(4,12)
Target Locations:  0-(7,8) 1-(7,4) 2-(1,10) 3-(3,6) 4-(8,15)
Task Assignment: 0-1 1-3 2-2 3-0 4-4
Robot 2 finished At time 56
Time 58
Robots Locations 0-(7,4) 1-(4,7) 2-(1,10) 3-(8,8) 4-(4,12)
Target Locations:  0-(7,8) 1-(7,4) 2-(3,6) 3-(8,15) 4-(11,10)
Task Assignment: 0-1 1-0 2-2 3-4 4-3
Robot 0 finished At time 60
Time 62
Robots Locations 0-(7,4) 1-(4,6) 2-(1,9) 3-(7,8) 4-(5,11)
Target Locations:  0-(7,8) 1-(3,6) 2-(8,15) 3-(11,10) 4-(5,11)
Task Assignment: 0-0 1-1 2-4 3-3 4-2
Robot 1 finished At time 68
Time 70
Robots Locations 0-(7,7) 1-(3,6) 2-(4,10) 3-(10,9) 4-(7,14)
Target Locations:  0-(7,8) 1-(8,15) 2-(11,10) 3-(5,11) 4-(6,3)
Task Assignment: 0-0 1-4 2-3 3-2 4-1
Robot 0 finished At time 74
Time 77
Robots Locations 0-(7,8) 1-(4,6) 2-(5,11) 3-(11,10) 4-(8,15)
Target Locations:  0-(8,15) 1-(11,10) 2-(5,11) 3-(6,3) 4-(10,10)
Task Assignment: 0-4 1-3 2-2 3-1 4-0
Robot 3 finished At time 78
Time 80
Robots Locations 0-(7,8) 1-(4,5) 2-(5,11) 3-(11,10) 4-(8,15)
Target Locations:  0-(8,15) 1-(5,11) 2-(6,3) 3-(10,10) 4-(12,8)
Task Assignment: 0-3 1-2 2-1 3-4 4-0
Robot 2 finished At time 81
Time 83
Robots Locations 0-(7,8) 1-(4,5) 2-(5,11) 3-(11,10) 4-(8,15)
Target Locations:  0-(8,15) 1-(6,3) 2-(10,10) 3-(12,8) 4-(6,14)
Task Assignment: 0-2 1-1 2-4 3-3 4-0
Robot 4 finished At time 83
Time 86
Robots Locations 0-(7,8) 1-(5,5) 2-(5,11) 3-(11,10) 4-(8,15)
Target Locations:  0-(6,3) 1-(10,10) 2-(12,8) 3-(6,14) 4-(7,8)
Task Assignment: 0-1 1-0 2-4 3-2 4-3
Robot 3 finished At time 92
Time 94
Robots Locations 0-(10,10) 1-(6,3) 2-(7,9) 3-(12,8) 4-(6,14)
Target Locations:  0-(6,3) 1-(10,10) 2-(6,14) 3-(7,8) 4-(4,15)
Task Assignment: 0-2 1-0 2-3 3-1 4-4
Robot 1 finished At time 94
Time 97
Robots Locations 0-(10,10) 1-(6,3) 2-(7,8) 3-(12,8) 4-(6,14)
Target Locations:  0-(10,10) 1-(6,14) 2-(7,8) 3-(4,15) 4-(10,7)
Task Assignment: 0-1 1-4 2-2 3-0 4-3
Robot 2 finished At time 100
Time 103
Robots Locations 0-(9,11) 1-(7,4) 2-(7,8) 3-(11,8) 4-(5,15)
Target Locations:  0-(10,10) 1-(6,14) 2-(4,15) 3-(10,7) 4-(2,5)
Task Assignment: 0-1 1-4 2-0 3-3 4-2
Robot 4 finished At time 106
Time 109
Robots Locations 0-(8,12) 1-(6,4) 2-(8,8) 3-(10,7) 4-(4,15)
Target Locations:  0-(10,10) 1-(6,14) 2-(10,7) 3-(2,5) 4-(14,3)
Task Assignment: 0-0 1-3 2-2 3-4 4-1
Robot 2 finished At time 115
Time 117
Robots Locations 0-(9,11) 1-(3,5) 2-(10,7) 3-(12,5) 4-(6,14)
Target Locations:  0-(10,10) 1-(6,14) 2-(2,5) 3-(14,3) 4-(8,6)
Task Assignment: 0-0 1-2 2-4 3-3 4-1
Robot 4 finished At time 120
Time 123
Robots Locations 0-(10,10) 1-(2,5) 2-(9,6) 3-(13,4) 4-(6,14)
Target Locations:  0-(10,10) 1-(2,5) 2-(14,3) 3-(8,6) 4-(2,10)
Task Assignment: 0-0 1-1 2-3 3-2 4-4
Robot 1 finished At time 124
Time 126
Robots Locations 0-(10,10) 1-(2,5) 2-(9,6) 3-(14,3) 4-(6,14)
Target Locations:  0-(10,10) 1-(14,3) 2-(8,6) 3-(2,10) 4-(11,4)
Task Assignment: 0-2 1-3 2-4 3-1 4-0
Robot 3 finished At time 130
Time 132
Robots Locations 0-(10,9) 1-(2,6) 2-(9,5) 3-(14,3) 4-(7,12)
Target Locations:  0-(10,10) 1-(8,6) 2-(2,10) 3-(11,4) 4-(11,13)
Task Assignment: 0-0 1-2 2-1 3-3 4-4
Robot 0 finished At time 140
Time 142
Robots Locations 0-(10,10) 1-(2,10) 2-(8,6) 3-(11,4) 4-(11,13)
Target Locations:  0-(8,6) 1-(2,10) 2-(11,4) 3-(11,13) 4-(4,8)
Task Assignment: 0-0 1-1 2-4 3-2 4-3
Robot 1 finished At time 143
Time 146
Robots Locations 0-(11,10) 1-(2,10) 2-(7,6) 3-(11,4) 4-(11,13)
Target Locations:  0-(8,6) 1-(11,4) 2-(11,13) 3-(4,8) 4-(5,3)
Task Assignment: 0-0 1-3 2-4 3-1 4-2
Robot 4 finished At time 147
Time 149
Robots Locations 0-(11,9) 1-(2,10) 2-(7,6) 3-(11,4) 4-(11,13)
Target Locations:  0-(8,6) 1-(11,4) 2-(4,8) 3-(5,3) 4-(10,5)
Task Assignment: 0-4 1-2 2-3 3-1 4-0
Robot 3 finished At time 150
Time 152
Robots Locations 0-(10,9) 1-(3,10) 2-(7,6) 3-(11,4) 4-(11,13)
Target Locations:  0-(8,6) 1-(4,8) 2-(5,3) 3-(10,5) 4-(14,3)
Task Assignment: 0-3 1-1 2-2 3-4 4-0
Robot 1 finished At time 159
Time 161
Robots Locations 0-(10,6) 1-(4,8) 2-(5,3) 3-(13,4) 4-(10,10)
Target Locations:  0-(8,6) 1-(5,3) 2-(10,5) 3-(14,3) 4-(13,14)
Task Assignment: 0-2 1-0 2-1 3-3 4-4
Robot 2 finished At time 163
Time 165
Robots Locations 0-(10,5) 1-(5,8) 2-(5,3) 3-(14,3) 4-(11,9)
Target Locations:  0-(8,6) 1-(10,5) 2-(14,3) 3-(13,14) 4-(2,7)
Task Assignment: 0-1 1-4 2-0 3-2 4-3
Robot 0 finished At time 167
Time 170
Robots Locations 0-(10,5) 1-(5,7) 2-(5,2) 3-(14,3) 4-(11,10)
Target Locations:  0-(8,6) 1-(14,3) 2-(13,14) 3-(2,7) 4-(4,7)
Task Assignment: 0-0 1-4 2-3 3-1 4-2
Robot 3 finished At time 170
Time 172
Robots Locations 0-(10,5) 1-(5,7) 2-(5,2) 3-(14,3) 4-(11,10)
Target Locations:  0-(8,6) 1-(13,14) 2-(2,7) 3-(4,7) 4-(13,13)
Task Assignment: 0-4 1-3 2-2 3-0 4-1
Robot 1 finished At time 176
Time 178
Robots Locations 0-(11,5) 1-(4,7) 2-(5,3) 3-(13,3) 4-(12,12)
Target Locations:  0-(8,6) 1-(13,14) 2-(2,7) 3-(13,13) 4-(7,6)
Task Assignment: 0-3 1-2 2-4 3-0 4-1
Robot 1 finished At time 184
Time 187
Robots Locations 0-(12,8) 1-(2,7) 2-(7,6) 3-(11,4) 4-(13,14)
Target Locations:  0-(8,6) 1-(13,14) 2-(13,13) 3-(7,6) 4-(2,14)
Task Assignment: 0-2 1-4 2-3 3-0 4-1
Robot 4 finished At time 188
Time 190
Robots Locations 0-(12,8) 1-(2,7) 2-(7,6) 3-(10,4) 4-(13,14)
Target Locations:  0-(8,6) 1-(13,13) 2-(7,6) 3-(2,14) 4-(13,9)
Task Assignment: 0-4 1-3 2-2 3-0 4-1
Robot 2 finished At time 192
Time 195
Robots Locations 0-(12,9) 1-(2,8) 2-(7,6) 3-(10,5) 4-(14,14)
Target Locations:  0-(8,6) 1-(13,13) 2-(2,14) 3-(13,9) 4-(10,13)
Task Assignment: 0-4 1-2 2-0 3-3 4-1
Robot 2 finished At time 199
Time 202
Robots Locations 0-(12,11) 1-(2,10) 2-(8,6) 3-(11,7) 4-(13,13)
Target Locations:  0-(13,13) 1-(2,14) 2-(13,9) 3-(10,13) 4-(3,14)
Task Assignment: 0-3 1-1 2-4 3-2 4-0
Robot 4 finished At time 202
Time 205
Robots Locations 0-(12,11) 1-(2,10) 2-(8,6) 3-(11,7) 4-(13,13)
Target Locations:  0-(2,14) 1-(13,9) 2-(10,13) 3-(3,14) 4-(8,14)
Task Assignment: 0-2 1-0 2-3 3-1 4-4
Robot 3 finished At time 214
Time 216
Robots Locations 0-(10,13) 1-(2,14) 2-(7,9) 3-(13,9) 4-(11,13)
Target Locations:  0-(2,14) 1-(10,13) 2-(3,14) 3-(8,14) 4-(9,12)
Task Assignment: 0-3 1-0 2-2 3-4 4-1
Robot 1 finished At time 218
Time 220
Robots Locations 0-(9,13) 1-(2,14) 2-(6,10) 3-(13,9) 4-(11,12)
Target Locations:  0-(10,13) 1-(3,14) 2-(8,14) 3-(9,12) 4-(9,9)
Task Assignment: 0-2 1-1 2-3 3-4 4-0
Robot 4 finished At time 225
Time 227
Robots Locations 0-(8,14) 1-(3,14) 2-(8,11) 3-(11,9) 4-(10,13)
Target Locations:  0-(3,14) 1-(8,14) 2-(9,12) 3-(9,9) 4-(7,9)
Task Assignment: 0-1 1-0 2-4 3-3 4-2
Robot 1 finished At time 227
Time 229
Robots Locations 0-(8,14) 1-(3,14) 2-(8,11) 3-(11,9) 4-(10,13)
Target Locations:  0-(8,14) 1-(9,12) 2-(9,9) 3-(7,9) 4-(13,8)
Task Assignment: 0-1 1-0 2-3 3-4 4-2
Robot 2 finished At time 238
Time 240
Robots Locations 0-(9,12) 1-(7,14) 2-(7,9) 3-(13,8) 4-(9,10)
Target Locations:  0-(8,14) 1-(9,12) 2-(9,9) 3-(13,8) 4-(1,1)
Task Assignment: 0-1 1-0 2-4 3-3 4-2
Robot 3 finished At time 241
Time 243
Robots Locations 0-(9,12) 1-(7,14) 2-(7,9) 3-(13,8) 4-(9,10)
Target Locations:  0-(8,14) 1-(9,12) 2-(9,9) 3-(1,1) 4-(9,6)
Task Assignment: 0-1 1-0 2-3 3-4 4-2
Robot 0 finished At time 243
Time 246
Robots Locations 0-(9,12) 1-(8,14) 2-(7,9) 3-(13,8) 4-(9,10)
Target Locations:  0-(8,14) 1-(9,9) 2-(1,1) 3-(9,6) 4-(4,11)
Task Assignment: 0-4 1-0 2-2 3-3 4-1
Robot 1 finished At time 249
Time 251
Robots Locations 0-(8,11) 1-(8,14) 2-(6,8) 3-(13,7) 4-(9,9)
Target Locations:  0-(9,9) 1-(1,1) 2-(9,6) 3-(4,11) 4-(10,6)
Task Assignment: 0-0 1-3 2-1 3-4 4-2
Robot 0 finished At time 259
Time 261
Robots Locations 0-(9,9) 1-(6,12) 2-(4,5) 3-(10,6) 4-(9,6)
Target Locations:  0-(1,1) 1-(9,6) 2-(4,11) 3-(10,6) 4-(9,1)
Task Assignment: 0-1 1-2 2-0 3-3 4-4
Robot 3 finished At time 262
Robot 1 finished At time 267
Robot 0 finished At time 268
Robot 2 finished At time 271
Robot 4 finished At time 271
/mmd_msd2
Time 2
Robots Locations 0-(2,3) 1-(6,5) 2-(9,9) 3-(12,13) 4-(15,15)
Target Locations:  0-(12,1) 1-(12,10) 2-(12,12) 3-(5,14) 4-(14,6)
Task Assignment: 0-0 1-4 2-3 3-1 4-2
Robot 3 finished At time 11
Time 13
Robots Locations 0-(6,2) 1-(11,6) 2-(6,13) 3-(12,10) 4-(12,12)
Target Locations:  0-(12,1) 1-(12,12) 2-(5,14) 3-(14,6) 4-(3,15)
Task Assignment: 0-0 1-3 2-4 3-1 4-2
Robot 1 finished At time 21
Time 23
Robots Locations 0-(10,1) 1-(14,6) 2-(3,15) 3-(12,12) 4-(9,13)
Target Locations:  0-(12,1) 1-(12,12) 2-(5,14) 3-(3,15) 4-(4,12)
Task Assignment: 0-0 1-1 2-3 3-2 4-4
Robot 2 finished At time 25
Time 27
Robots Locations 0-(11,1) 1-(14,7) 2-(3,15) 3-(12,13) 4-(8,13)
Target Locations:  0-(12,1) 1-(12,12) 2-(5,14) 3-(4,12) 4-(7,8)
Task Assignment: 0-0 1-4 2-3 3-1 4-2
Robot 0 finished At time 31
Time 33
Robots Locations 0-(12,1) 1-(12,7) 2-(3,14) 3-(12,12) 4-(6,14)
Target Locations:  0-(12,12) 1-(5,14) 2-(4,12) 3-(7,8) 4-(7,4)
Task Assignment: 0-4 1-3 2-2 3-0 4-1
Robot 3 finished At time 35
Time 36
Robots Locations 0-(13,1) 1-(11,7) 2-(3,13) 3-(12,12) 4-(5,14)
Target Locations:  0-(5,14) 1-(4,12) 2-(7,8) 3-(7,4) 4-(1,10)
Task Assignment: 0-3 1-2 2-4 3-0 4-1
Robot 4 finished At time 43
Time 45
Robots Locations 0-(9,3) 1-(8,8) 2-(1,10) 3-(9,13) 4-(4,12)
Target Locations:  0-(5,14) 1-(7,8) 2-(7,4) 3-(1,10) 4-(3,6)
Task Assignment: 0-2 1-1 2-4 3-0 4-3
Robot 1 finished At time 48
Time 50
Robots Locations 0-(8,4) 1-(7,8) 2-(2,9) 3-(8,14) 4-(3,11)
Target Locations:  0-(5,14) 1-(7,4) 2-(1,10) 3-(3,6) 4-(8,15)
Task Assignment: 0-1 1-3 2-2 3-4 4-0
Robot 0 finished At time 54
Time 56
Robots Locations 0-(7,4) 1-(6,7) 2-(1,9) 3-(8,15) 4-(3,12)
Target Locations:  0-(5,14) 1-(1,10) 2-(3,6) 3-(8,15) 4-(11,10)
Task Assignment: 0-2 1-4 2-1 3-3 4-0
Robot 3 finished At time 58
Time 60
Robots Locations 0-(6,4) 1-(6,6) 2-(1,10) 3-(8,15) 4-(3,13)
Target Locations:  0-(5,14) 1-(1,10) 2-(3,6) 3-(11,10) 4-(5,11)
Task Assignment: 0-2 1-4 2-1 3-3 4-0
Robot 2 finished At time 62
Time 64
Robots Locations 0-(5,5) 1-(6,7) 2-(1,10) 3-(9,15) 4-(4,14)
Target Locations:  0-(5,14) 1-(3,6) 2-(11,10) 3-(5,11) 4-(6,3)
Task Assignment: 0-4 1-1 2-3 3-2 4-0
Robot 4 finished At time 68
Time 70
Robots Locations 0-(5,4) 1-(4,7) 2-(3,11) 3-(10,13) 4-(5,14)
Target Locations:  0-(3,6) 1-(11,10) 2-(5,11) 3-(6,3) 4-(10,10)
Task Assignment: 0-3 1-0 2-2 3-1 4-4
Robot 0 finished At time 75
Time 76
Robots Locations 0-(6,3) 1-(3,6) 2-(5,11) 3-(11,11) 4-(7,13)
Target Locations:  0-(3,6) 1-(11,10) 2-(5,11) 3-(10,10) 4-(12,8)
Task Assignment: 0-0 1-2 2-3 3-4 4-1
Robot 3 finished At time 84
Time 86
Robots Locations 0-(5,5) 1-(4,9) 2-(9,10) 3-(12,8) 4-(10,11)
Target Locations:  0-(3,6) 1-(11,10) 2-(5,11) 3-(10,10) 4-(6,14)
Task Assignment: 0-0 1-2 2-3 3-1 4-4
Robot 2 finished At time 91
Time 93
Robots Locations 0-(3,6) 1-(5,11) 2-(10,10) 3-(11,9) 4-(10,12)
Target Locations:  0-(3,6) 1-(11,10) 2-(5,11) 3-(6,14) 4-(7,8)
Task Assignment: 0-0 1-2 2-4 3-1 4-3
Robot 0 finished At time 93
Time 95
Robots Locations 0-(3,6) 1-(5,11) 2-(10,10) 3-(11,9) 4-(10,12)
Target Locations:  0-(11,10) 1-(5,11) 2-(6,14) 3-(7,8) 4-(4,15)
Task Assignment: 0-1 1-4 2-3 3-0 4-2
Robot 3 finished At time 104
Time 106
Robots Locations 0-(4,10) 1-(4,15) 2-(8,9) 3-(11,10) 4-(6,14)
Target Locations:  0-(5,11) 1-(6,14) 2-(7,8) 3-(4,15) 4-(10,7)
Task Assignment: 0-0 1-3 2-2 3-4 4-1
Robot 4 finished At time 108
Time 110
Robots Locations 0-(5,11) 1-(4,15) 2-(7,8) 3-(11,9) 4-(6,14)
Target Locations:  0-(5,11) 1-(7,8) 2-(4,15) 3-(10,7) 4-(2,5)
Task Assignment: 0-1 1-2 2-4 3-3 4-0
Robot 1 finished At time 110
Time 112
Robots Locations 0-(5,11) 1-(4,15) 2-(7,8) 3-(11,9) 4-(6,14)
Target Locations:  0-(5,11) 1-(7,8) 2-(10,7) 3-(2,5) 4-(14,3)
Task Assignment: 0-3 1-0 2-2 3-4 4-1
Robot 2 finished At time 122
Time 123
Robots Locations 0-(4,7) 1-(5,12) 2-(10,7) 3-(13,5) 4-(6,10)
Target Locations:  0-(5,11) 1-(7,8) 2-(2,5) 3-(14,3) 4-(8,6)
Task Assignment: 0-2 1-0 2-4 3-3 4-1
Robot 1 finished At time 127
Time 129
Robots Locations 0-(3,6) 1-(5,11) 2-(9,6) 3-(14,3) 4-(7,8)
Target Locations:  0-(7,8) 1-(2,5) 2-(14,3) 3-(8,6) 4-(2,10)
Task Assignment: 0-1 1-4 2-3 3-2 4-0
Robot 4 finished At time 131
Time 133
Robots Locations 0-(2,5) 1-(4,10) 2-(8,6) 3-(14,3) 4-(7,8)
Target Locations:  0-(2,5) 1-(14,3) 2-(8,6) 3-(2,10) 4-(11,4)
Task Assignment: 0-0 1-3 2-4 3-1 4-2
Robot 3 finished At time 133
Time 135
Robots Locations 0-(2,5) 1-(4,10) 2-(8,6) 3-(14,3) 4-(7,8)
Target Locations:  0-(2,5) 1-(8,6) 2-(2,10) 3-(11,4) 4-(11,13)
Task Assignment: 0-0 1-2 2-1 3-3 4-4
Robot 0 finished At time 136
Time 138
Robots Locations 0-(2,5) 1-(4,10) 2-(8,6) 3-(14,2) 4-(8,8)
Target Locations:  0-(8,6) 1-(2,10) 2-(11,4) 3-(11,13) 4-(4,8)
Task Assignment: 0-4 1-1 2-0 3-2 4-3
Robot 2 finished At time 140
Time 142
Robots Locations 0-(1,5) 1-(3,10) 2-(8,6) 3-(13,3) 4-(8,8)
Target Locations:  0-(2,10) 1-(11,4) 2-(11,13) 3-(4,8) 4-(5,3)
Task Assignment: 0-3 1-0 2-4 3-1 4-2
Robot 1 finished At time 145
Time 147
Robots Locations 0-(2,6) 1-(2,10) 2-(7,5) 3-(12,4) 4-(9,10)
Target Locations:  0-(11,4) 1-(11,13) 2-(4,8) 3-(5,3) 4-(10,5)
Task Assignment: 0-3 1-2 2-4 3-0 4-1
Robot 3 finished At time 151
Time 152
Robots Locations 0-(3,5) 1-(2,9) 2-(8,4) 3-(11,4) 4-(10,11)
Target Locations:  0-(11,13) 1-(4,8) 2-(5,3) 3-(10,5) 4-(14,3)
Task Assignment: 0-2 1-1 2-3 3-4 4-0
Robot 1 finished At time 157
Time 159
Robots Locations 0-(5,3) 1-(4,8) 2-(10,5) 3-(13,4) 4-(11,13)
Target Locations:  0-(11,13) 1-(5,3) 2-(10,5) 3-(14,3) 4-(13,14)
Task Assignment: 0-1 1-0 2-2 3-3 4-4
Robot 2 finished At time 160
Time 162
Robots Locations 0-(5,3) 1-(4,8) 2-(10,5) 3-(13,4) 4-(11,13)
Target Locations:  0-(11,13) 1-(5,3) 2-(14,3) 3-(13,14) 4-(2,7)
Task Assignment: 0-1 1-4 2-0 3-2 4-3
Robot 0 finished At time 163
Time 165
Robots Locations 0-(5,3) 1-(5,8) 2-(10,5) 3-(13,3) 4-(12,13)
Target Locations:  0-(11,13) 1-(14,3) 2-(13,14) 3-(2,7) 4-(4,7)
Task Assignment: 0-3 1-0 2-4 3-1 4-2
Robot 3 finished At time 168
Time 170
Robots Locations 0-(4,3) 1-(6,10) 2-(9,6) 3-(14,3) 4-(13,14)
Target Locations:  0-(11,13) 1-(13,14) 2-(2,7) 3-(4,7) 4-(13,13)
Task Assignment: 0-2 1-0 2-3 3-4 4-1
Robot 4 finished At time 172
Time 174
Robots Locations 0-(4,3) 1-(7,10) 2-(8,6) 3-(15,3) 4-(13,14)
Target Locations:  0-(11,13) 1-(2,7) 2-(4,7) 3-(13,13) 4-(7,6)
Task Assignment: 0-1 1-0 2-2 3-4 4-3
Robot 4 finished At time 180
Time 181
Robots Locations 0-(2,6) 1-(9,12) 2-(5,7) 3-(12,4) 4-(13,13)
Target Locations:  0-(11,13) 1-(2,7) 2-(4,7) 3-(7,6) 4-(2,14)
Task Assignment: 0-1 1-4 2-2 3-3 4-0
Robot 0 finished At time 185
Time 187
Robots Locations 0-(2,7) 1-(8,13) 2-(4,7) 3-(11,5) 4-(11,13)
Target Locations:  0-(11,13) 1-(4,7) 2-(7,6) 3-(2,14) 4-(13,9)
Task Assignment: 0-1 1-3 2-2 3-4 4-0
Robot 4 finished At time 189
Time 191
Robots Locations 0-(3,8) 1-(7,13) 2-(4,6) 3-(11,6) 4-(11,13)
Target Locations:  0-(4,7) 1-(7,6) 2-(2,14) 3-(13,9) 4-(10,13)
Task Assignment: 0-0 1-2 2-1 3-3 4-4
Robot 4 finished At time 195
Time 197
Robots Locations 0-(4,7) 1-(5,13) 2-(6,6) 3-(12,8) 4-(10,13)
Target Locations:  0-(4,7) 1-(7,6) 2-(2,14) 3-(13,9) 4-(3,14)
Task Assignment: 0-0 1-2 2-1 3-3 4-4
Robot 0 finished At time 197
Time 199
Robots Locations 0-(4,7) 1-(5,13) 2-(6,6) 3-(12,8) 4-(10,13)
Target Locations:  0-(7,6) 1-(2,14) 2-(13,9) 3-(3,14) 4-(8,14)
Task Assignment: 0-1 1-3 2-0 3-2 4-4
Robot 2 finished At time 203
Time 205
Robots Locations 0-(4,8) 1-(3,14) 2-(7,6) 3-(13,9) 4-(8,14)
Target Locations:  0-(2,14) 1-(13,9) 2-(3,14) 3-(8,14) 4-(9,12)
Task Assignment: 0-0 1-2 2-4 3-1 4-3
Robot 3 finished At time 206
Time 208
Robots Locations 0-(4,9) 1-(3,14) 2-(7,6) 3-(13,9) 4-(8,14)
Target Locations:  0-(2,14) 1-(3,14) 2-(8,14) 3-(9,12) 4-(9,9)
Task Assignment: 0-0 1-1 2-4 3-3 4-2
Robot 1 finished At time 209
Time 211
Robots Locations 0-(4,9) 1-(3,14) 2-(7,6) 3-(13,9) 4-(8,14)
Target Locations:  0-(2,14) 1-(8,14) 2-(9,12) 3-(9,9) 4-(7,9)
Task Assignment: 0-4 1-0 2-3 3-2 4-1
Robot 4 finished At time 212
Time 213
Robots Locations 0-(4,9) 1-(3,14) 2-(8,7) 3-(13,10) 4-(8,14)
Target Locations:  0-(2,14) 1-(9,12) 2-(9,9) 3-(7,9) 4-(13,8)
Task Assignment: 0-3 1-0 2-2 3-4 4-1
Robot 1 finished At time 216
Time 218
Robots Locations 0-(5,9) 1-(2,14) 2-(8,8) 3-(12,9) 4-(8,13)
Target Locations:  0-(9,12) 1-(9,9) 2-(7,9) 3-(13,8) 4-(1,1)
Task Assignment: 0-4 1-2 2-1 3-3 4-0
Robot 2 finished At time 222
Time 224
Robots Locations 0-(5,8) 1-(2,13) 2-(9,9) 3-(13,8) 4-(9,12)
Target Locations:  0-(9,12) 1-(7,9) 2-(13,8) 3-(1,1) 4-(9,6)
Task Assignment: 0-3 1-1 2-4 3-2 4-0
Robot 3 finished At time 224
Time 226
Robots Locations 0-(5,8) 1-(2,13) 2-(9,9) 3-(13,8) 4-(9,12)
Target Locations:  0-(9,12) 1-(7,9) 2-(1,1) 3-(9,6) 4-(4,11)
Task Assignment: 0-2 1-4 2-1 3-3 4-0
Robot 4 finished At time 228
Time 230
Robots Locations 0-(5,7) 1-(3,12) 2-(9,10) 3-(13,7) 4-(9,12)
Target Locations:  0-(7,9) 1-(1,1) 2-(9,6) 3-(4,11) 4-(10,6)
Task Assignment: 0-1 1-3 2-2 3-4 4-0
Robot 1 finished At time 235
Time 237
Robots Locations 0-(3,5) 1-(4,11) 2-(9,8) 3-(11,6) 4-(8,10)
Target Locations:  0-(7,9) 1-(1,1) 2-(9,6) 3-(10,6) 4-(9,1)
Task Assignment: 0-1 1-0 2-2 3-4 4-3
Robot 2 finished At time 242
Robot 1 finished At time 245
Robot 0 finished At time 247
Robot 4 finished At time 248
Robot 3 finished At time 249
