Goals: (4,14) (7,11) (1,8) (10,2) (4,2) (14,9) (11,15) (12,2) (5,10) (10,15) (3,2) (13,2) (12,4) (11,2) (5,5) (3,9) (11,8) (7,1) (3,11) (13,1) (9,6) (12,11) (12,12) (6,1) (15,9) (2,15) (8,9) (4,6) (7,5) (1,14) (14,11) (10,3) (10,9) (12,8) (9,12) (10,9) (11,9) (5,6) (6,14) (7,10) (2,12) (12,8) (13,9) (5,15) (14,12) (14,5) (14,12) (13,1) (8,9) (5,9)
/BLE
Time 2
Robots Locations 0-(3,3) 1-(6,6) 2-(9,9) 3-(12,12) 4-(16,15)
Target Locations:  0-(5,9) 1-(8,9) 2-(13,1) 3-(14,12) 4-(14,5)
Task Assignment: 2-1 3-3 1-0 4-4 0-2
Robot 2 finished At time 6
Time 8
Robots Locations 0-(5,2) 1-(5,7) 2-(8,9) 3-(14,12) 4-(16,14)
Target Locations:  0-(5,9) 1-(13,1) 2-(14,12) 3-(14,5) 4-(14,12)
Task Assignment: 3-4 1-0 4-2 2-3 0-1
Robot 3 finished At time 10
Time 12
Robots Locations 0-(6,2) 1-(5,8) 2-(9,8) 3-(14,12) 4-(15,13)
Target Locations:  0-(5,9) 1-(13,1) 2-(14,12) 3-(14,5) 4-(5,15)
Task Assignment: 3-2 1-0 2-3 0-1 4-4
Robot 3 finished At time 13
Time 14
Robots Locations 0-(6,2) 1-(5,8) 2-(9,8) 3-(14,12) 4-(15,13)
Target Locations:  0-(5,9) 1-(13,1) 2-(14,5) 3-(5,15) 4-(13,9)
Task Assignment: 1-0 3-4 2-2 0-1 4-3
Robot 1 finished At time 18
Time 20
Robots Locations 0-(8,2) 1-(5,9) 2-(10,7) 3-(14,11) 4-(14,13)
Target Locations:  0-(13,1) 1-(14,5) 2-(5,15) 3-(13,9) 4-(12,8)
Task Assignment: 3-3 2-4 0-0 1-2 4-1
Robot 3 finished At time 25
Time 27
Robots Locations 0-(11,1) 1-(5,12) 2-(12,8) 3-(13,9) 4-(13,11)
Target Locations:  0-(13,1) 1-(14,5) 2-(5,15) 3-(12,8) 4-(2,12)
Task Assignment: 2-3 0-0 1-4 3-1 4-2
Robot 2 finished At time 28
Time 30
Robots Locations 0-(11,1) 1-(5,12) 2-(12,8) 3-(13,9) 4-(13,11)
Target Locations:  0-(13,1) 1-(14,5) 2-(5,15) 3-(2,12) 4-(7,10)
Task Assignment: 0-0 1-4 2-1 4-2 3-3
Robot 0 finished At time 36
Time 38
Robots Locations 0-(13,1) 1-(6,11) 2-(13,8) 3-(12,8) 4-(11,12)
Target Locations:  0-(14,5) 1-(5,15) 2-(2,12) 3-(7,10) 4-(6,14)
Task Assignment: 1-3 2-0 4-4 3-1 0-2
Robot 1 finished At time 43
Time 45
Robots Locations 0-(12,3) 1-(7,10) 2-(14,6) 3-(10,10) 4-(9,13)
Target Locations:  0-(14,5) 1-(5,15) 2-(2,12) 3-(6,14) 4-(5,6)
Task Assignment: 2-0 4-3 1-4 3-1 0-2
Robot 2 finished At time 49
Time 51
Robots Locations 0-(11,4) 1-(6,8) 2-(14,5) 3-(8,11) 4-(7,14)
Target Locations:  0-(5,15) 1-(2,12) 2-(6,14) 3-(5,6) 4-(11,9)
Task Assignment: 4-2 1-3 3-4 0-1 2-0
Robot 4 finished At time 54
Time 56
Robots Locations 0-(10,5) 1-(5,7) 2-(13,5) 3-(9,12) 4-(6,14)
Target Locations:  0-(5,15) 1-(2,12) 2-(5,6) 3-(11,9) 4-(10,9)
Task Assignment: 1-2 4-0 3-4 0-3 2-1
Robot 1 finished At time 59
Time 61
Robots Locations 0-(10,7) 1-(5,6) 2-(12,6) 3-(10,10) 4-(5,15)
Target Locations:  0-(5,15) 1-(2,12) 2-(11,9) 3-(10,9) 4-(9,12)
Task Assignment: 4-0 3-3 0-2 2-4 1-1
Robot 4 finished At time 62
Time 64
Robots Locations 0-(10,7) 1-(4,6) 2-(11,7) 3-(10,9) 4-(5,15)
Target Locations:  0-(2,12) 1-(11,9) 2-(10,9) 3-(9,12) 4-(12,8)
Task Assignment: 3-2 2-4 0-1 4-0 1-3
Robot 3 finished At time 67
Time 68
Robots Locations 0-(11,8) 1-(5,7) 2-(12,8) 3-(10,9) 4-(4,15)
Target Locations:  0-(2,12) 1-(11,9) 2-(9,12) 3-(12,8) 4-(10,9)
Task Assignment: 3-4 2-3 0-1 4-0 1-2
Robot 2 finished At time 72
Time 74
Robots Locations 0-(11,9) 1-(6,8) 2-(12,8) 3-(10,9) 4-(3,14)
Target Locations:  0-(2,12) 1-(11,9) 2-(9,12) 3-(10,9) 4-(10,3)
Task Assignment: 0-1 3-3 4-0 2-2 1-4
Robot 0 finished At time 74
Time 76
Robots Locations 0-(11,9) 1-(6,8) 2-(12,8) 3-(10,9) 4-(3,13)
Target Locations:  0-(2,12) 1-(9,12) 2-(10,9) 3-(10,3) 4-(14,11)
Task Assignment: 3-2 4-0 2-4 0-1 1-3
Robot 4 finished At time 83
Time 84
Robots Locations 0-(11,9) 1-(8,6) 2-(14,10) 3-(10,9) 4-(2,12)
Target Locations:  0-(9,12) 1-(10,9) 2-(10,3) 3-(14,11) 4-(1,14)
Task Assignment: 3-1 2-3 4-4 0-0 1-2
Robot 2 finished At time 88
Time 90
Robots Locations 0-(11,10) 1-(9,5) 2-(14,11) 3-(10,9) 4-(1,13)
Target Locations:  0-(9,12) 1-(10,9) 2-(10,3) 3-(1,14) 4-(7,5)
Task Assignment: 3-1 4-3 1-4 0-0 2-2
Robot 3 finished At time 91
Time 92
Robots Locations 0-(11,10) 1-(9,5) 2-(14,11) 3-(10,9) 4-(1,13)
Target Locations:  0-(9,12) 1-(10,3) 2-(1,14) 3-(7,5) 4-(4,6)
Task Assignment: 4-2 1-3 0-0 3-1 2-4
Robot 4 finished At time 97
Time 99
Robots Locations 0-(10,11) 1-(7,5) 2-(13,11) 3-(10,7) 4-(1,14)
Target Locations:  0-(9,12) 1-(10,3) 2-(7,5) 3-(4,6) 4-(8,9)
Task Assignment: 1-2 0-0 3-4 4-3 2-1
Robot 1 finished At time 101
Time 103
Robots Locations 0-(9,12) 1-(7,5) 2-(12,10) 3-(9,7) 4-(2,14)
Target Locations:  0-(9,12) 1-(10,3) 2-(4,6) 3-(8,9) 4-(2,15)
Task Assignment: 0-0 4-4 3-3 1-2 2-1
Robot 0 finished At time 104
Time 106
Robots Locations 0-(9,12) 1-(6,5) 2-(12,10) 3-(9,7) 4-(2,14)
Target Locations:  0-(10,3) 1-(4,6) 2-(8,9) 3-(2,15) 4-(15,9)
Task Assignment: 4-3 1-1 3-2 2-4 0-0
Robot 4 finished At time 111
Time 112
Robots Locations 0-(9,10) 1-(4,6) 2-(14,9) 3-(8,9) 4-(2,15)
Target Locations:  0-(10,3) 1-(4,6) 2-(8,9) 3-(15,9) 4-(6,1)
Task Assignment: 1-1 3-2 2-3 0-0 4-4
Robot 3 finished At time 114
Time 116
Robots Locations 0-(9,10) 1-(4,6) 2-(15,9) 3-(8,9) 4-(2,15)
Target Locations:  0-(10,3) 1-(4,6) 2-(15,9) 3-(6,1) 4-(12,12)
Task Assignment: 1-1 2-2 0-4 3-0 4-3
Robot 1 finished At time 117
Time 119
Robots Locations 0-(9,9) 1-(4,6) 2-(15,9) 3-(7,9) 4-(2,14)
Target Locations:  0-(10,3) 1-(15,9) 2-(6,1) 3-(12,12) 4-(12,11)
Task Assignment: 2-1 0-4 1-2 3-3 4-0
Robot 2 finished At time 120
Time 122
Robots Locations 0-(10,10) 1-(4,6) 2-(15,9) 3-(7,9) 4-(2,14)
Target Locations:  0-(10,3) 1-(6,1) 2-(12,12) 3-(12,11) 4-(9,6)
Task Assignment: 0-3 3-4 2-2 1-1 4-0
Robot 0 finished At time 129
Time 131
Robots Locations 0-(12,11) 1-(5,3) 2-(13,11) 3-(8,7) 4-(4,11)
Target Locations:  0-(10,3) 1-(6,1) 2-(12,12) 3-(9,6) 4-(13,1)
Task Assignment: 0-2 3-3 1-1 2-0 4-4
Robot 3 finished At time 137
Time 139
Robots Locations 0-(12,12) 1-(6,1) 2-(13,10) 3-(9,6) 4-(6,9)
Target Locations:  0-(10,3) 1-(6,1) 2-(12,12) 3-(13,1) 4-(3,11)
Task Assignment: 0-2 1-1 3-0 4-4 2-3
Robot 1 finished At time 139
Time 141
Robots Locations 0-(12,12) 1-(6,1) 2-(13,10) 3-(9,6) 4-(6,9)
Target Locations:  0-(10,3) 1-(12,12) 2-(13,1) 3-(3,11) 4-(7,1)
Task Assignment: 0-1 1-4 3-0 4-3 2-2
Robot 0 finished At time 141
Time 143
Robots Locations 0-(12,12) 1-(6,1) 2-(13,10) 3-(9,6) 4-(6,8)
Target Locations:  0-(10,3) 1-(13,1) 2-(3,11) 3-(7,1) 4-(11,8)
Task Assignment: 1-3 3-4 4-2 2-0 0-1
Robot 1 finished At time 147
Time 149
Robots Locations 0-(13,11) 1-(7,1) 2-(12,8) 3-(10,6) 4-(5,9)
Target Locations:  0-(10,3) 1-(13,1) 2-(3,11) 3-(11,8) 4-(3,9)
Task Assignment: 2-3 4-4 3-0 1-1 0-2
Robot 4 finished At time 155
Time 157
Robots Locations 0-(11,11) 1-(10,1) 2-(11,7) 3-(10,7) 4-(3,9)
Target Locations:  0-(10,3) 1-(13,1) 2-(3,11) 3-(11,8) 4-(5,5)
Task Assignment: 2-3 4-2 1-0 3-4 0-1
Robot 1 finished At time 163
Time 165
Robots Locations 0-(11,9) 1-(10,3) 2-(11,8) 3-(7,6) 4-(3,11)
Target Locations:  0-(13,1) 1-(3,11) 2-(11,8) 3-(5,5) 4-(11,2)
Task Assignment: 4-1 2-2 1-4 3-3 0-0
Robot 4 finished At time 166
Time 168
Robots Locations 0-(11,9) 1-(10,3) 2-(11,8) 3-(7,5) 4-(3,11)
Target Locations:  0-(13,1) 1-(11,8) 2-(5,5) 3-(11,2) 4-(12,4)
Task Assignment: 2-1 1-3 3-2 0-4 4-0
Robot 3 finished At time 174
Time 176
Robots Locations 0-(12,7) 1-(11,2) 2-(11,8) 3-(5,5) 4-(5,10)
Target Locations:  0-(13,1) 1-(11,8) 2-(11,2) 3-(12,4) 4-(13,2)
Task Assignment: 2-1 1-2 0-3 3-4 4-0
Robot 1 finished At time 176
Time 178
Robots Locations 0-(12,7) 1-(11,2) 2-(11,8) 3-(5,5) 4-(5,10)
Target Locations:  0-(13,1) 1-(11,8) 2-(12,4) 3-(13,2) 4-(3,2)
Task Assignment: 2-1 1-3 0-2 3-4 4-0
Robot 2 finished At time 182
Time 183
Robots Locations 0-(12,5) 1-(13,2) 2-(11,8) 3-(4,3) 4-(7,8)
Target Locations:  0-(13,1) 1-(12,4) 2-(13,2) 3-(3,2) 4-(10,15)
Task Assignment: 1-2 0-1 3-3 2-4 4-0
Robot 1 finished At time 186
Time 187
Robots Locations 0-(12,4) 1-(13,2) 2-(11,9) 3-(3,2) 4-(7,7)
Target Locations:  0-(13,1) 1-(12,4) 2-(3,2) 3-(10,15) 4-(5,10)
Task Assignment: 0-1 3-2 1-0 4-4 2-3
Robot 0 finished At time 189
Time 191
Robots Locations 0-(12,4) 1-(14,2) 2-(11,10) 3-(3,2) 4-(8,7)
Target Locations:  0-(13,1) 1-(3,2) 2-(10,15) 3-(5,10) 4-(12,2)
Task Assignment: 3-1 1-0 0-4 4-3 2-2
Robot 3 finished At time 192
Time 194
Robots Locations 0-(12,3) 1-(13,1) 2-(10,10) 3-(3,2) 4-(8,8)
Target Locations:  0-(13,1) 1-(10,15) 2-(5,10) 3-(12,2) 4-(11,15)
Task Assignment: 1-0 0-3 4-2 2-1 3-4
Robot 1 finished At time 196
Time 199
Robots Locations 0-(12,2) 1-(13,1) 2-(10,12) 3-(2,2) 4-(7,8)
Target Locations:  0-(10,15) 1-(5,10) 2-(12,2) 3-(11,15) 4-(14,9)
Task Assignment: 0-2 4-1 2-0 1-4 3-3
Robot 0 finished At time 201
Time 202
Robots Locations 0-(12,2) 1-(12,1) 2-(10,13) 3-(3,3) 4-(6,9)
Target Locations:  0-(10,15) 1-(5,10) 2-(11,15) 3-(14,9) 4-(4,2)
Task Assignment: 3-4 4-1 2-0 0-3 1-2
Robot 4 finished At time 208
Time 210
Robots Locations 0-(13,4) 1-(12,3) 2-(10,15) 3-(4,2) 4-(5,10)
Target Locations:  0-(10,15) 1-(11,15) 2-(14,9) 3-(4,2) 4-(10,2)
Task Assignment: 3-3 2-0 1-4 0-2 4-1
Robot 3 finished At time 211
Time 213
Robots Locations 0-(13,4) 1-(11,3) 2-(10,15) 3-(4,2) 4-(5,11)
Target Locations:  0-(10,15) 1-(11,15) 2-(14,9) 3-(10,2) 4-(1,8)
Task Assignment: 2-0 1-3 4-4 0-2 3-1
Robot 2 finished At time 214
Time 216
Robots Locations 0-(13,5) 1-(11,3) 2-(10,15) 3-(4,2) 4-(5,11)
Target Locations:  0-(11,15) 1-(14,9) 2-(10,2) 3-(1,8) 4-(7,11)
Task Assignment: 2-0 1-2 4-4 0-1 3-3
Robot 2 finished At time 221
Time 223
Robots Locations 0-(14,7) 1-(10,2) 2-(11,15) 3-(4,3) 4-(7,11)
Target Locations:  0-(14,9) 1-(10,2) 2-(1,8) 3-(7,11) 4-(4,14)
Task Assignment: 1-1 4-3 0-0 3-2 2-4
Robot 1 finished At time 223
Robot 4 finished At time 224
Robot 0 finished At time 227
Robot 3 finished At time 233
Robot 2 finished At time 236
/MURDOCH
Time 2
Robots Locations 0-(3,3) 1-(6,6) 2-(9,9) 3-(12,12) 4-(15,15)
Target Locations:  0-(5,9) 1-(8,9) 2-(13,1) 3-(14,12) 4-(14,5)
Task Assignment: 0-0 2-1 3-2 4-3 1-4
Robot 2 finished At time 10
Time 12
Robots Locations 0-(4,6) 1-(9,6) 2-(8,9) 3-(13,9) 4-(14,12)
Target Locations:  0-(5,9) 1-(13,1) 2-(14,12) 3-(14,5) 4-(14,12)
Task Assignment: 0-0 3-1 4-2 1-3 2-4
Robot 4 finished At time 15
Time 16
Robots Locations 0-(4,7) 1-(10,6) 2-(9,10) 3-(13,7) 4-(14,12)
Target Locations:  0-(5,9) 1-(13,1) 2-(14,5) 3-(14,12) 4-(5,15)
Task Assignment: 0-0 3-1 4-2 2-3 1-4
Robot 0 finished At time 22
Time 23
Robots Locations 0-(5,9) 1-(10,8) 2-(11,11) 3-(13,4) 4-(14,9)
Target Locations:  0-(13,1) 1-(14,5) 2-(14,12) 3-(5,15) 4-(13,9)
Task Assignment: 3-0 4-1 2-2 1-3 0-4
Robot 2 finished At time 31
Time 32
Robots Locations 0-(9,9) 1-(8,11) 2-(14,12) 3-(13,1) 4-(14,5)
Target Locations:  0-(13,1) 1-(14,5) 2-(5,15) 3-(13,9) 4-(12,8)
Task Assignment: 3-0 4-1 1-2 0-3 2-4
Robot 3 finished At time 33
Time 35
Robots Locations 0-(9,9) 1-(8,11) 2-(14,12) 3-(13,1) 4-(14,5)
Target Locations:  0-(14,5) 1-(5,15) 2-(13,9) 3-(12,8) 4-(2,12)
Task Assignment: 4-0 1-1 0-2 2-3 3-4
Robot 4 finished At time 37
Time 39
Robots Locations 0-(10,9) 1-(7,12) 2-(14,11) 3-(12,1) 4-(14,5)
Target Locations:  0-(5,15) 1-(13,9) 2-(12,8) 3-(2,12) 4-(7,10)
Task Assignment: 1-0 0-1 2-2 3-3 4-4
Robot 1 finished At time 48
Time 50
Robots Locations 0-(13,10) 1-(5,15) 2-(13,8) 3-(9,4) 4-(11,7)
Target Locations:  0-(13,9) 1-(12,8) 2-(2,12) 3-(7,10) 4-(6,14)
Task Assignment: 0-0 2-1 3-2 4-3 1-4
Robot 2 finished At time 54
Time 55
Robots Locations 0-(13,9) 1-(6,15) 2-(12,8) 3-(8,5) 4-(9,8)
Target Locations:  0-(13,9) 1-(2,12) 2-(7,10) 3-(6,14) 4-(5,6)
Task Assignment: 0-0 3-1 4-2 1-3 2-4
Robot 0 finished At time 56
Time 58
Robots Locations 0-(13,9) 1-(6,15) 2-(12,8) 3-(8,5) 4-(9,8)
Target Locations:  0-(2,12) 1-(7,10) 2-(6,14) 3-(5,6) 4-(11,9)
Task Assignment: 3-0 4-1 1-2 2-3 0-4
Robot 1 finished At time 61
Time 63
Robots Locations 0-(11,9) 1-(6,14) 2-(10,7) 3-(7,7) 4-(8,9)
Target Locations:  0-(2,12) 1-(7,10) 2-(5,6) 3-(11,9) 4-(10,9)
Task Assignment: 3-0 4-1 2-2 0-3 1-4
Robot 0 finished At time 66
Time 68
Robots Locations 0-(11,9) 1-(7,13) 2-(9,7) 3-(6,8) 4-(7,10)
Target Locations:  0-(2,12) 1-(7,10) 2-(5,6) 3-(10,9) 4-(9,12)
Task Assignment: 3-0 4-1 2-2 1-3 0-4
Robot 4 finished At time 70
Time 72
Robots Locations 0-(11,10) 1-(7,12) 2-(8,7) 3-(5,8) 4-(7,10)
Target Locations:  0-(2,12) 1-(5,6) 2-(10,9) 3-(9,12) 4-(12,8)
Task Assignment: 3-0 2-1 1-2 0-3 4-4
Robot 0 finished At time 80
Time 81
Robots Locations 0-(9,12) 1-(10,9) 2-(5,6) 3-(3,11) 4-(9,11)
Target Locations:  0-(2,12) 1-(5,6) 2-(10,9) 3-(12,8) 4-(10,9)
Task Assignment: 3-0 2-1 1-2 4-3 0-4
Robot 2 finished At time 82
Time 84
Robots Locations 0-(9,12) 1-(10,9) 2-(5,6) 3-(3,11) 4-(9,10)
Target Locations:  0-(2,12) 1-(10,9) 2-(12,8) 3-(10,9) 4-(10,3)
Task Assignment: 3-0 1-1 4-2 0-3 2-4
Robot 1 finished At time 87
Time 89
Robots Locations 0-(8,11) 1-(10,9) 2-(5,5) 3-(2,12) 4-(10,10)
Target Locations:  0-(2,12) 1-(12,8) 2-(10,9) 3-(10,3) 4-(14,11)
Task Assignment: 3-0 4-1 0-2 2-3 1-4
Robot 3 finished At time 90
Time 92
Robots Locations 0-(9,11) 1-(10,9) 2-(6,5) 3-(2,12) 4-(10,10)
Target Locations:  0-(12,8) 1-(10,9) 2-(10,3) 3-(14,11) 4-(1,14)
Task Assignment: 4-0 0-1 2-2 1-3 3-4
Robot 3 finished At time 99
Time 101
Robots Locations 0-(10,9) 1-(13,11) 2-(9,4) 3-(1,14) 4-(12,9)
Target Locations:  0-(12,8) 1-(10,9) 2-(10,3) 3-(14,11) 4-(7,5)
Task Assignment: 4-0 0-1 2-2 1-3 3-4
Robot 0 finished At time 102
Time 103
Robots Locations 0-(10,9) 1-(13,11) 2-(9,4) 3-(1,14) 4-(12,9)
Target Locations:  0-(12,8) 1-(10,3) 2-(14,11) 3-(7,5) 4-(4,6)
Task Assignment: 4-0 2-1 1-2 3-3 0-4
Robot 4 finished At time 107
Time 109
Robots Locations 0-(9,8) 1-(14,11) 2-(10,3) 3-(2,14) 4-(12,8)
Target Locations:  0-(10,3) 1-(14,11) 2-(7,5) 3-(4,6) 4-(8,9)
Task Assignment: 2-0 1-1 3-2 0-3 4-4
Robot 1 finished At time 109
Time 111
Robots Locations 0-(9,8) 1-(14,11) 2-(10,3) 3-(2,14) 4-(12,8)
Target Locations:  0-(10,3) 1-(7,5) 2-(4,6) 3-(8,9) 4-(2,15)
Task Assignment: 2-0 3-1 0-2 4-3 1-4
Robot 2 finished At time 111
Time 113
Robots Locations 0-(9,8) 1-(14,11) 2-(10,3) 3-(2,13) 4-(12,8)
Target Locations:  0-(7,5) 1-(4,6) 2-(8,9) 3-(2,15) 4-(15,9)
Task Assignment: 3-0 0-1 4-2 1-3 2-4
Robot 4 finished At time 123
Time 125
Robots Locations 0-(4,6) 1-(9,13) 2-(14,7) 3-(5,8) 4-(8,9)
Target Locations:  0-(7,5) 1-(4,6) 2-(2,15) 3-(15,9) 4-(6,1)
Task Assignment: 3-0 0-1 1-2 2-3 4-4
Robot 0 finished At time 126
Time 128
Robots Locations 0-(4,6) 1-(9,13) 2-(14,7) 3-(5,8) 4-(8,9)
Target Locations:  0-(7,5) 1-(2,15) 2-(15,9) 3-(6,1) 4-(12,12)
Task Assignment: 3-0 1-1 2-2 4-3 0-4
Robot 2 finished At time 134
Time 136
Robots Locations 0-(5,8) 1-(6,14) 2-(15,9) 3-(7,5) 4-(7,6)
Target Locations:  0-(7,5) 1-(2,15) 2-(6,1) 3-(12,12) 4-(12,11)
Task Assignment: 3-0 1-1 4-2 0-3 2-4
Robot 3 finished At time 139
Time 141
Robots Locations 0-(6,8) 1-(5,14) 2-(15,10) 3-(7,5) 4-(7,6)
Target Locations:  0-(2,15) 1-(6,1) 2-(12,12) 3-(12,11) 4-(9,6)
Task Assignment: 1-0 4-1 0-2 2-3 3-4
Robot 2 finished At time 149
Time 150
Robots Locations 0-(9,10) 1-(2,15) 2-(12,11) 3-(7,6) 4-(8,5)
Target Locations:  0-(2,15) 1-(6,1) 2-(12,12) 3-(9,6) 4-(13,1)
Task Assignment: 1-0 4-1 0-2 3-3 2-4
Robot 1 finished At time 151
Time 153
Robots Locations 0-(9,10) 1-(2,15) 2-(12,11) 3-(8,6) 4-(8,5)
Target Locations:  0-(6,1) 1-(12,12) 2-(9,6) 3-(13,1) 4-(3,11)
Task Assignment: 4-0 0-1 3-2 2-3 1-4
Robot 3 finished At time 158
Time 160
Robots Locations 0-(11,12) 1-(2,13) 2-(12,9) 3-(9,6) 4-(7,2)
Target Locations:  0-(6,1) 1-(12,12) 2-(13,1) 3-(3,11) 4-(7,1)
Task Assignment: 4-0 0-1 2-2 1-3 3-4
Robot 0 finished At time 163
Time 165
Robots Locations 0-(12,12) 1-(3,12) 2-(12,7) 3-(9,5) 4-(6,1)
Target Locations:  0-(6,1) 1-(13,1) 2-(3,11) 3-(7,1) 4-(11,8)
Task Assignment: 4-0 2-1 1-2 3-3 0-4
Robot 4 finished At time 167
Time 169
Robots Locations 0-(13,11) 1-(3,11) 2-(12,6) 3-(9,4) 4-(6,1)
Target Locations:  0-(13,1) 1-(3,11) 2-(7,1) 3-(11,8) 4-(3,9)
Task Assignment: 2-0 1-1 3-2 0-3 4-4
Robot 1 finished At time 170
Time 172
Robots Locations 0-(12,11) 1-(3,11) 2-(12,6) 3-(8,3) 4-(6,1)
Target Locations:  0-(13,1) 1-(7,1) 2-(11,8) 3-(3,9) 4-(5,5)
Task Assignment: 2-0 3-1 0-2 4-3 1-4
Robot 3 finished At time 179
Time 181
Robots Locations 0-(11,8) 1-(4,7) 2-(13,2) 3-(7,1) 4-(4,4)
Target Locations:  0-(13,1) 1-(11,8) 2-(3,9) 3-(5,5) 4-(11,2)
Task Assignment: 2-0 0-1 4-2 1-3 3-4
Robot 0 finished At time 182
Time 183
Robots Locations 0-(11,8) 1-(4,7) 2-(13,2) 3-(7,1) 4-(4,4)
Target Locations:  0-(13,1) 1-(3,9) 2-(5,5) 3-(11,2) 4-(12,4)
Task Assignment: 2-0 4-1 1-2 3-3 0-4
Robot 2 finished At time 187
Time 189
Robots Locations 0-(11,6) 1-(5,6) 2-(13,1) 3-(8,1) 4-(4,6)
Target Locations:  0-(3,9) 1-(5,5) 2-(11,2) 3-(12,4) 4-(13,2)
Task Assignment: 4-0 1-1 3-2 0-3 2-4
Robot 1 finished At time 192
Time 194
Robots Locations 0-(12,5) 1-(5,5) 2-(14,1) 3-(10,1) 4-(3,8)
Target Locations:  0-(3,9) 1-(11,2) 2-(12,4) 3-(13,2) 4-(3,2)
Task Assignment: 4-0 3-1 0-2 2-3 1-4
Robot 0 finished At time 197
Time 200
Robots Locations 0-(12,4) 1-(4,4) 2-(13,2) 3-(11,2) 4-(3,9)
Target Locations:  0-(3,9) 1-(11,2) 2-(13,2) 3-(3,2) 4-(10,15)
Task Assignment: 4-0 3-1 2-2 1-3 0-4
Robot 2 finished At time 201
Time 203
Robots Locations 0-(12,4) 1-(4,3) 2-(13,2) 3-(11,2) 4-(3,9)
Target Locations:  0-(3,9) 1-(11,2) 2-(3,2) 3-(10,15) 4-(5,10)
Task Assignment: 4-0 3-1 1-2 0-3 2-4
Robot 3 finished At time 203
Time 205
Robots Locations 0-(12,4) 1-(4,3) 2-(13,2) 3-(11,2) 4-(3,9)
Target Locations:  0-(3,9) 1-(3,2) 2-(10,15) 3-(5,10) 4-(12,2)
Task Assignment: 4-0 1-1 0-2 2-3 3-4
Robot 4 finished At time 206
Time 207
Robots Locations 0-(13,4) 1-(4,3) 2-(13,2) 3-(11,2) 4-(3,9)
Target Locations:  0-(3,2) 1-(10,15) 2-(5,10) 3-(12,2) 4-(11,15)
Task Assignment: 1-0 0-1 2-2 3-3 4-4
Robot 1 finished At time 213
Time 214
Robots Locations 0-(12,6) 1-(3,2) 2-(12,2) 3-(12,2) 4-(5,11)
Target Locations:  0-(10,15) 1-(5,10) 2-(12,2) 3-(11,15) 4-(14,9)
Task Assignment: 0-0 2-1 3-2 4-3 1-4
Robot 3 finished At time 223
Time 225
Robots Locations 0-(11,10) 1-(6,3) 2-(10,3) 3-(12,2) 4-(8,13)
Target Locations:  0-(10,15) 1-(5,10) 2-(11,15) 3-(14,9) 4-(4,2)
Task Assignment: 0-0 2-1 4-2 1-3 3-4
Robot 4 finished At time 234
Time 235
Robots Locations 0-(10,14) 1-(9,6) 2-(7,7) 3-(7,2) 4-(11,15)
Target Locations:  0-(10,15) 1-(5,10) 2-(14,9) 3-(4,2) 4-(10,2)
Task Assignment: 0-0 2-1 1-2 3-3 4-4
Robot 0 finished At time 239
Time 241
Robots Locations 0-(10,15) 1-(10,7) 2-(6,8) 3-(6,2) 4-(12,14)
Target Locations:  0-(5,10) 1-(14,9) 2-(4,2) 3-(10,2) 4-(1,8)
Task Assignment: 2-0 1-1 3-2 4-3 0-4
Robot 3 finished At time 246
Time 248
Robots Locations 0-(8,14) 1-(13,8) 2-(5,10) 3-(4,2) 4-(11,11)
Target Locations:  0-(5,10) 1-(14,9) 2-(10,2) 3-(1,8) 4-(7,11)
Task Assignment: 2-0 1-1 4-2 0-3 3-4
Robot 2 finished At time 248
Time 250
Robots Locations 0-(8,14) 1-(13,8) 2-(5,10) 3-(4,2) 4-(11,11)
Target Locations:  0-(14,9) 1-(10,2) 2-(1,8) 3-(7,11) 4-(4,14)
Task Assignment: 1-0 4-1 0-2 3-3 2-4
Robot 1 finished At time 255
Robot 2 finished At time 260
Robot 0 finished At time 268
Robot 4 finished At time 268
Robot 3 finished At time 270
/mmdr
Time 3
Robots Locations 0-(3,2) 1-(6,6) 2-(9,9) 3-(13,12) 4-(15,15)
Target Locations:  0-(5,9) 1-(8,9) 2-(13,1) 3-(14,12) 4-(14,5)
Task Assignment: 0-0 1-2 2-4 3-1 4-3
Robot 4 finished At time 14
Time 16
Robots Locations 0-(5,7) 1-(10,3) 2-(14,5) 3-(9,9) 4-(14,12)
Target Locations:  0-(5,9) 1-(8,9) 2-(13,1) 3-(14,5) 4-(14,12)
Task Assignment: 0-0 1-2 2-3 3-1 4-4
Robot 4 finished At time 17
Time 19
Robots Locations 0-(5,7) 1-(10,3) 2-(14,5) 3-(9,9) 4-(14,12)
Target Locations:  0-(5,9) 1-(8,9) 2-(13,1) 3-(14,5) 4-(5,15)
Task Assignment: 0-0 1-2 2-3 3-4 4-1
Robot 2 finished At time 21
Time 23
Robots Locations 0-(5,8) 1-(11,2) 2-(14,5) 3-(8,10) 4-(13,11)
Target Locations:  0-(5,9) 1-(8,9) 2-(13,1) 3-(5,15) 4-(13,9)
Task Assignment: 0-0 1-2 2-4 3-3 4-1
Robot 0 finished At time 27
Time 29
Robots Locations 0-(5,9) 1-(12,1) 2-(14,6) 3-(7,11) 4-(12,11)
Target Locations:  0-(8,9) 1-(13,1) 2-(5,15) 3-(13,9) 4-(12,8)
Task Assignment: 0-0 1-1 2-4 3-2 4-3
Robot 1 finished At time 32
Time 35
Robots Locations 0-(6,9) 1-(13,1) 2-(13,7) 3-(6,13) 4-(12,9)
Target Locations:  0-(8,9) 1-(5,15) 2-(13,9) 3-(12,8) 4-(2,12)
Task Assignment: 0-4 1-3 2-2 3-1 4-0
Robot 3 finished At time 41
Time 44
Robots Locations 0-(5,11) 1-(13,4) 2-(13,9) 3-(5,15) 4-(10,9)
Target Locations:  0-(8,9) 1-(13,9) 2-(12,8) 3-(2,12) 4-(7,10)
Task Assignment: 0-4 1-2 2-1 3-3 4-0
Robot 2 finished At time 44
Time 47
Robots Locations 0-(5,11) 1-(13,4) 2-(13,9) 3-(5,15) 4-(10,9)
Target Locations:  0-(8,9) 1-(12,8) 2-(2,12) 3-(7,10) 4-(6,14)
Task Assignment: 0-2 1-1 2-0 3-4 4-3
Robot 0 finished At time 54
Time 56
Robots Locations 0-(2,12) 1-(12,8) 2-(9,9) 3-(6,14) 4-(7,10)
Target Locations:  0-(8,9) 1-(12,8) 2-(7,10) 3-(6,14) 4-(5,6)
Task Assignment: 0-3 1-1 2-0 3-2 4-4
Robot 1 finished At time 59
Time 62
Robots Locations 0-(2,13) 1-(12,8) 2-(8,9) 3-(7,13) 4-(6,9)
Target Locations:  0-(8,9) 1-(7,10) 2-(6,14) 3-(5,6) 4-(11,9)
Task Assignment: 0-2 1-4 2-0 3-1 4-3
Robot 2 finished At time 64
Time 67
Robots Locations 0-(3,13) 1-(11,9) 2-(8,9) 3-(7,12) 4-(6,8)
Target Locations:  0-(7,10) 1-(6,14) 2-(5,6) 3-(11,9) 4-(10,9)
Task Assignment: 0-1 1-3 2-4 3-0 4-2
Robot 1 finished At time 69
Time 72
Robots Locations 0-(5,14) 1-(11,9) 2-(8,8) 3-(7,10) 4-(5,7)
Target Locations:  0-(7,10) 1-(6,14) 2-(5,6) 3-(10,9) 4-(9,12)
Task Assignment: 0-1 1-3 2-0 3-4 4-2
Robot 1 finished At time 76
Time 78
Robots Locations 0-(6,14) 1-(10,9) 2-(8,9) 3-(8,11) 4-(5,6)
Target Locations:  0-(7,10) 1-(6,14) 2-(5,6) 3-(9,12) 4-(12,8)
Task Assignment: 0-1 1-4 2-0 3-3 4-2
Robot 4 finished At time 79
Time 81
Robots Locations 0-(6,14) 1-(10,9) 2-(8,9) 3-(8,11) 4-(5,6)
Target Locations:  0-(7,10) 1-(6,14) 2-(9,12) 3-(12,8) 4-(10,9)
Task Assignment: 0-1 1-3 2-4 3-2 4-0
Robot 0 finished At time 82
Time 84
Robots Locations 0-(6,14) 1-(10,9) 2-(8,9) 3-(8,11) 4-(5,6)
Target Locations:  0-(7,10) 1-(9,12) 2-(12,8) 3-(10,9) 4-(10,3)
Task Assignment: 0-1 1-2 2-0 3-3 4-4
Robot 2 finished At time 88
Time 91
Robots Locations 0-(8,13) 1-(11,8) 2-(7,10) 3-(10,10) 4-(7,5)
Target Locations:  0-(9,12) 1-(12,8) 2-(10,9) 3-(10,3) 4-(14,11)
Task Assignment: 0-0 1-1 2-2 3-4 4-3
Robot 1 finished At time 94
Time 96
Robots Locations 0-(9,12) 1-(12,8) 2-(8,11) 3-(11,10) 4-(8,4)
Target Locations:  0-(9,12) 1-(10,9) 2-(10,3) 3-(14,11) 4-(1,14)
Task Assignment: 0-0 1-3 2-4 3-1 4-2
Robot 0 finished At time 98
Time 101
Robots Locations 0-(9,12) 1-(13,9) 2-(7,10) 3-(12,10) 4-(9,4)
Target Locations:  0-(10,9) 1-(10,3) 2-(14,11) 3-(1,14) 4-(7,5)
Task Assignment: 0-0 1-1 2-3 3-2 4-4
Robot 0 finished At time 109
Time 112
Robots Locations 0-(10,9) 1-(12,6) 2-(4,12) 3-(14,11) 4-(7,5)
Target Locations:  0-(10,3) 1-(14,11) 2-(1,14) 3-(7,5) 4-(4,6)
Task Assignment: 0-3 1-0 2-2 3-1 4-4
Robot 3 finished At time 114
Time 116
Robots Locations 0-(10,8) 1-(11,5) 2-(3,13) 3-(14,11) 4-(6,5)
Target Locations:  0-(10,3) 1-(1,14) 2-(7,5) 3-(4,6) 4-(8,9)
Task Assignment: 0-2 1-0 2-1 3-4 4-3
Robot 2 finished At time 122
Time 124
Robots Locations 0-(8,6) 1-(10,3) 2-(1,14) 3-(12,11) 4-(4,6)
Target Locations:  0-(10,3) 1-(7,5) 2-(4,6) 3-(8,9) 4-(2,15)
Task Assignment: 0-1 1-0 2-4 3-3 4-2
Robot 1 finished At time 125
Time 127
Robots Locations 0-(7,5) 1-(10,3) 2-(1,14) 3-(12,11) 4-(4,6)
Target Locations:  0-(7,5) 1-(4,6) 2-(8,9) 3-(2,15) 4-(15,9)
Task Assignment: 0-2 1-0 2-3 3-4 4-1
Robot 4 finished At time 127
Time 130
Robots Locations 0-(7,5) 1-(10,3) 2-(1,14) 3-(11,11) 4-(4,6)
Target Locations:  0-(7,5) 1-(8,9) 2-(2,15) 3-(15,9) 4-(6,1)
Task Assignment: 0-1 1-4 2-2 3-3 4-0
Robot 2 finished At time 135
Time 137
Robots Locations 0-(7,7) 1-(7,2) 2-(2,15) 3-(13,9) 4-(5,5)
Target Locations:  0-(7,5) 1-(8,9) 2-(15,9) 3-(6,1) 4-(12,12)
Task Assignment: 0-4 1-3 2-1 3-2 4-0
Robot 1 finished At time 142
Time 145
Robots Locations 0-(9,9) 1-(6,1) 2-(4,13) 3-(15,9) 4-(7,5)
Target Locations:  0-(7,5) 1-(8,9) 2-(15,9) 3-(12,12) 4-(12,11)
Task Assignment: 0-3 1-0 2-1 3-2 4-4
Robot 3 finished At time 145
Time 148
Robots Locations 0-(9,9) 1-(6,1) 2-(4,13) 3-(15,9) 4-(7,5)
Target Locations:  0-(7,5) 1-(8,9) 2-(12,12) 3-(12,11) 4-(9,6)
Task Assignment: 0-2 1-0 2-1 3-3 4-4
Robot 4 finished At time 154
Time 156
Robots Locations 0-(11,11) 1-(6,4) 2-(6,11) 3-(13,10) 4-(9,6)
Target Locations:  0-(7,5) 1-(8,9) 2-(12,12) 3-(12,11) 4-(13,1)
Task Assignment: 0-2 1-0 2-1 3-3 4-4
Robot 0 finished At time 160
Time 162
Robots Locations 0-(12,12) 1-(7,5) 2-(7,10) 3-(12,11) 4-(10,5)
Target Locations:  0-(7,5) 1-(8,9) 2-(12,11) 3-(13,1) 4-(3,11)
Task Assignment: 0-2 1-0 2-4 3-1 4-3
Robot 1 finished At time 164
Time 166
Robots Locations 0-(13,12) 1-(7,5) 2-(7,9) 3-(11,11) 4-(11,4)
Target Locations:  0-(8,9) 1-(12,11) 2-(13,1) 3-(3,11) 4-(7,1)
Task Assignment: 0-1 1-4 2-3 3-0 4-2
Robot 0 finished At time 170
Time 172
Robots Locations 0-(12,11) 1-(8,4) 2-(5,10) 3-(9,10) 4-(12,3)
Target Locations:  0-(8,9) 1-(13,1) 2-(3,11) 3-(7,1) 4-(11,8)
Task Assignment: 0-4 1-3 2-2 3-0 4-1
Robot 3 finished At time 177
Time 180
Robots Locations 0-(11,9) 1-(7,1) 2-(3,11) 3-(8,9) 4-(13,1)
Target Locations:  0-(13,1) 1-(3,11) 2-(7,1) 3-(11,8) 4-(3,9)
Task Assignment: 0-3 1-2 2-1 3-4 4-0
Robot 4 finished At time 181
Time 183
Robots Locations 0-(11,8) 1-(7,1) 2-(3,11) 3-(8,9) 4-(13,1)
Target Locations:  0-(3,11) 1-(7,1) 2-(11,8) 3-(3,9) 4-(5,5)
Task Assignment: 0-2 1-4 2-0 3-3 4-1
Robot 2 finished At time 185
Time 187
Robots Locations 0-(11,8) 1-(6,1) 2-(3,11) 3-(7,9) 4-(13,0)
Target Locations:  0-(7,1) 1-(11,8) 2-(3,9) 3-(5,5) 4-(11,2)
Task Assignment: 0-1 1-0 2-2 3-3 4-4
Robot 0 finished At time 188
Time 190
Robots Locations 0-(11,8) 1-(6,1) 2-(3,11) 3-(7,9) 4-(13,0)
Target Locations:  0-(7,1) 1-(3,9) 2-(5,5) 3-(11,2) 4-(12,4)
Task Assignment: 0-4 1-0 2-1 3-2 4-3
Robot 1 finished At time 195
Time 197
Robots Locations 0-(12,5) 1-(7,1) 2-(3,9) 3-(6,7) 4-(11,2)
Target Locations:  0-(3,9) 1-(5,5) 2-(11,2) 3-(12,4) 4-(13,2)
Task Assignment: 0-3 1-2 2-0 3-1 4-4
Robot 2 finished At time 199
Time 202
Robots Locations 0-(12,4) 1-(7,0) 2-(3,9) 3-(5,6) 4-(11,3)
Target Locations:  0-(5,5) 1-(11,2) 2-(12,4) 3-(13,2) 4-(3,2)
Task Assignment: 0-2 1-1 2-0 3-4 4-3
Robot 0 finished At time 205
Time 207
Robots Locations 0-(12,4) 1-(9,1) 2-(4,8) 3-(5,4) 4-(13,2)
Target Locations:  0-(5,5) 1-(11,2) 2-(13,2) 3-(3,2) 4-(10,15)
Task Assignment: 0-1 1-0 2-4 3-3 4-2
Robot 4 finished At time 210
Time 212
Robots Locations 0-(11,3) 1-(8,2) 2-(5,8) 3-(4,3) 4-(13,2)
Target Locations:  0-(5,5) 1-(11,2) 2-(3,2) 3-(10,15) 4-(5,10)
Task Assignment: 0-0 1-2 2-3 3-4 4-1
Robot 4 finished At time 221
Time 223
Robots Locations 0-(7,4) 1-(4,2) 2-(7,12) 3-(4,7) 4-(11,2)
Target Locations:  0-(5,5) 1-(3,2) 2-(10,15) 3-(5,10) 4-(12,2)
Task Assignment: 0-0 1-1 2-2 3-3 4-4
Robot 1 finished At time 227
Time 229
Robots Locations 0-(5,5) 1-(3,2) 2-(9,13) 3-(5,9) 4-(12,2)
Target Locations:  0-(5,5) 1-(10,15) 2-(5,10) 3-(12,2) 4-(11,15)
Task Assignment: 0-2 1-0 2-4 3-1 4-3
Robot 4 finished At time 232
Time 234
Robots Locations 0-(5,6) 1-(3,3) 2-(10,14) 3-(5,10) 4-(12,2)
Target Locations:  0-(5,5) 1-(10,15) 2-(5,10) 3-(11,15) 4-(14,9)
Task Assignment: 0-2 1-0 2-1 3-3 4-4
Robot 2 finished At time 238
Time 241
Robots Locations 0-(5,8) 1-(4,4) 2-(10,15) 3-(7,11) 4-(13,3)
Target Locations:  0-(5,5) 1-(5,10) 2-(11,15) 3-(14,9) 4-(4,2)
Task Assignment: 0-0 1-4 2-2 3-1 4-3
Robot 2 finished At time 246
Time 248
Robots Locations 0-(4,7) 1-(5,3) 2-(11,15) 3-(6,11) 4-(13,6)
Target Locations:  0-(5,5) 1-(5,10) 2-(14,9) 3-(4,2) 4-(10,2)
Task Assignment: 0-0 1-3 2-2 3-1 4-4
Robot 1 finished At time 252
Time 254
Robots Locations 0-(5,5) 1-(4,2) 2-(12,13) 3-(5,10) 4-(12,5)
Target Locations:  0-(5,5) 1-(5,10) 2-(14,9) 3-(10,2) 4-(1,8)
Task Assignment: 0-4 1-0 2-2 3-1 4-3
Robot 3 finished At time 255
Time 258
Robots Locations 0-(5,5) 1-(4,2) 2-(12,13) 3-(5,10) 4-(12,5)
Target Locations:  0-(5,5) 1-(14,9) 2-(10,2) 3-(1,8) 4-(7,11)
Task Assignment: 0-3 1-0 2-1 3-4 4-2
Robot 3 finished At time 267
Time 269
Robots Locations 0-(2,7) 1-(5,5) 2-(14,9) 3-(7,11) 4-(10,2)
Target Locations:  0-(5,5) 1-(14,9) 2-(10,2) 3-(1,8) 4-(4,14)
Task Assignment: 0-3 1-0 2-1 3-4 4-2
Robot 4 finished At time 270
Robot 1 finished At time 271
Robot 2 finished At time 271
Robot 0 finished At time 272
Robot 3 finished At time 278
/mmd_msd2
Time 2
Robots Locations 0-(3,2) 1-(6,7) 2-(8,9) 3-(12,12) 4-(15,15)
Target Locations:  0-(5,9) 1-(8,9) 2-(13,1) 3-(14,12) 4-(14,5)
Task Assignment: 0-0 1-2 2-1 3-4 4-3
Robot 2 finished At time 5
Time 7
Robots Locations 0-(4,3) 1-(7,7) 2-(8,9) 3-(13,11) 4-(16,15)
Target Locations:  0-(5,9) 1-(13,1) 2-(14,12) 3-(14,5) 4-(14,12)
Task Assignment: 0-0 1-1 2-3 3-4 4-2
Robot 0 finished At time 21
Time 23
Robots Locations 0-(5,9) 1-(12,2) 2-(14,5) 3-(14,12) 4-(13,12)
Target Locations:  0-(13,1) 1-(14,12) 2-(14,5) 3-(14,12) 4-(5,15)
Task Assignment: 0-4 1-0 2-2 3-1 4-3
Robot 2 finished At time 26
Time 28
Robots Locations 0-(5,10) 1-(13,1) 2-(14,5) 3-(14,12) 4-(13,12)
Target Locations:  0-(13,1) 1-(14,12) 2-(14,12) 3-(5,15) 4-(13,9)
Task Assignment: 0-3 1-0 2-4 3-1 4-2
Robot 1 finished At time 29
Time 31
Robots Locations 0-(5,11) 1-(13,1) 2-(15,5) 3-(14,12) 4-(14,13)
Target Locations:  0-(14,12) 1-(14,12) 2-(5,15) 3-(13,9) 4-(12,8)
Task Assignment: 0-2 1-4 2-3 3-0 4-1
Robot 0 finished At time 42
Time 43
Robots Locations 0-(5,15) 1-(13,5) 2-(13,9) 3-(14,12) 4-(14,12)
Target Locations:  0-(14,12) 1-(14,12) 2-(13,9) 3-(12,8) 4-(2,12)
Task Assignment: 0-4 1-3 2-2 3-0 4-1
Robot 2 finished At time 44
Time 46
Robots Locations 0-(5,15) 1-(13,5) 2-(13,9) 3-(14,12) 4-(13,12)
Target Locations:  0-(14,12) 1-(14,12) 2-(12,8) 3-(2,12) 4-(7,10)
Task Assignment: 0-3 1-2 2-4 3-1 4-0
Robot 1 finished At time 53
Time 55
Robots Locations 0-(3,13) 1-(12,8) 2-(10,10) 3-(14,12) 4-(14,12)
Target Locations:  0-(14,12) 1-(14,12) 2-(2,12) 3-(7,10) 4-(6,14)
Task Assignment: 0-2 1-3 2-4 3-1 4-0
Robot 0 finished At time 59
Time 61
Robots Locations 0-(2,12) 1-(10,9) 2-(8,11) 3-(14,12) 4-(14,12)
Target Locations:  0-(14,12) 1-(14,12) 2-(7,10) 3-(6,14) 4-(5,6)
Task Assignment: 0-3 1-4 2-2 3-1 4-0
Robot 2 finished At time 67
Time 69
Robots Locations 0-(4,12) 1-(8,8) 2-(7,10) 3-(14,12) 4-(14,12)
Target Locations:  0-(14,12) 1-(14,12) 2-(6,14) 3-(5,6) 4-(11,9)
Task Assignment: 0-2 1-3 2-4 3-0 4-1
Robot 0 finished At time 76
Time 78
Robots Locations 0-(6,14) 1-(5,6) 2-(10,9) 3-(14,12) 4-(14,12)
Target Locations:  0-(14,12) 1-(14,12) 2-(5,6) 3-(11,9) 4-(10,9)
Task Assignment: 0-4 1-2 2-3 3-0 4-1
Robot 1 finished At time 79
Time 81
Robots Locations 0-(7,14) 1-(5,6) 2-(10,9) 3-(15,12) 4-(14,12)
Target Locations:  0-(14,12) 1-(14,12) 2-(11,9) 3-(10,9) 4-(9,12)
Task Assignment: 0-4 1-3 2-2 3-0 4-1
Robot 2 finished At time 85
Time 87
Robots Locations 0-(8,13) 1-(5,7) 2-(11,9) 3-(14,12) 4-(14,12)
Target Locations:  0-(14,12) 1-(14,12) 2-(10,9) 3-(9,12) 4-(12,8)
Task Assignment: 0-3 1-2 2-4 3-0 4-1
Robot 0 finished At time 92
Time 94
Robots Locations 0-(9,12) 1-(7,8) 2-(12,8) 3-(14,13) 4-(14,12)
Target Locations:  0-(14,12) 1-(14,12) 2-(10,9) 3-(12,8) 4-(10,9)
Task Assignment: 0-2 1-4 2-3 3-0 4-1
Robot 2 finished At time 94
Time 96
Robots Locations 0-(9,12) 1-(7,8) 2-(12,8) 3-(14,13) 4-(14,12)
Target Locations:  0-(14,12) 1-(14,12) 2-(10,9) 3-(10,9) 4-(10,3)
Task Assignment: 0-2 1-4 2-3 3-1 4-0
Robot 1 finished At time 111
Time 112
Robots Locations 0-(10,9) 1-(10,3) 2-(10,9) 3-(14,13) 4-(14,12)
Target Locations:  0-(14,12) 1-(14,12) 2-(10,9) 3-(10,9) 4-(14,11)
Task Assignment: 0-2 1-3 2-4 3-0 4-1
Robot 0 finished At time 119
Time 121
Robots Locations 0-(10,9) 1-(11,5) 2-(12,10) 3-(14,11) 4-(14,12)
Target Locations:  0-(14,12) 1-(14,12) 2-(10,9) 3-(14,11) 4-(1,14)
Task Assignment: 0-4 1-2 2-0 3-3 4-1
Robot 3 finished At time 124
Time 126
Robots Locations 0-(10,10) 1-(10,6) 2-(13,11) 3-(14,11) 4-(14,12)
Target Locations:  0-(14,12) 1-(14,12) 2-(10,9) 3-(1,14) 4-(7,5)
Task Assignment: 0-3 1-4 2-2 3-1 4-0
Robot 4 finished At time 132
Time 134
Robots Locations 0-(7,11) 1-(8,6) 2-(11,11) 3-(13,11) 4-(14,12)
Target Locations:  0-(14,12) 1-(10,9) 2-(1,14) 3-(7,5) 4-(4,6)
Task Assignment: 0-2 1-4 2-3 3-1 4-0
Robot 4 finished At time 134
Time 136
Robots Locations 0-(7,11) 1-(8,6) 2-(11,11) 3-(13,11) 4-(14,12)
Target Locations:  0-(10,9) 1-(1,14) 2-(7,5) 3-(4,6) 4-(8,9)
Task Assignment: 0-1 1-3 2-2 3-0 4-4
Robot 3 finished At time 144
Time 146
Robots Locations 0-(3,13) 1-(4,6) 2-(9,7) 3-(10,9) 4-(11,11)
Target Locations:  0-(1,14) 1-(7,5) 2-(4,6) 3-(8,9) 4-(2,15)
Task Assignment: 0-4 1-0 2-1 3-2 4-3
Robot 0 finished At time 152
Time 154
Robots Locations 0-(2,15) 1-(3,9) 2-(7,5) 3-(7,8) 4-(8,9)
Target Locations:  0-(1,14) 1-(7,5) 2-(4,6) 3-(8,9) 4-(15,9)
Task Assignment: 0-0 1-2 2-1 3-3 4-4
Robot 2 finished At time 155
Time 157
Robots Locations 0-(2,15) 1-(3,9) 2-(7,5) 3-(7,8) 4-(8,9)
Target Locations:  0-(1,14) 1-(4,6) 2-(8,9) 3-(15,9) 4-(6,1)
Task Assignment: 0-0 1-1 2-4 3-2 4-3
Robot 0 finished At time 162
Time 164
Robots Locations 0-(1,14) 1-(4,7) 2-(6,3) 3-(8,9) 4-(10,9)
Target Locations:  0-(4,6) 1-(8,9) 2-(15,9) 3-(6,1) 4-(12,12)
Task Assignment: 0-1 1-0 2-3 3-4 4-2
Robot 1 finished At time 169
Time 170
Robots Locations 0-(3,13) 1-(4,6) 2-(6,1) 3-(10,10) 4-(13,9)
Target Locations:  0-(8,9) 1-(15,9) 2-(6,1) 3-(12,12) 4-(12,11)
Task Assignment: 0-3 1-0 2-2 3-4 4-1
Robot 2 finished At time 171
Time 173
Robots Locations 0-(3,13) 1-(4,6) 2-(6,1) 3-(10,10) 4-(13,9)
Target Locations:  0-(8,9) 1-(15,9) 2-(12,12) 3-(12,11) 4-(9,6)
Task Assignment: 0-2 1-0 2-4 3-3 4-1
Robot 4 finished At time 178
Time 180
Robots Locations 0-(6,12) 1-(6,7) 2-(7,2) 3-(12,11) 4-(15,9)
Target Locations:  0-(8,9) 1-(12,12) 2-(12,11) 3-(9,6) 4-(13,1)
Task Assignment: 0-0 1-3 2-4 3-1 4-2
Robot 3 finished At time 185
Time 187
Robots Locations 0-(7,10) 1-(8,6) 2-(10,2) 3-(12,12) 4-(14,10)
Target Locations:  0-(8,9) 1-(12,11) 2-(9,6) 3-(13,1) 4-(3,11)
Task Assignment: 0-4 1-2 2-3 3-0 4-1
Robot 1 finished At time 190
Time 192
Robots Locations 0-(6,10) 1-(9,6) 2-(11,1) 3-(11,11) 4-(12,11)
Target Locations:  0-(8,9) 1-(12,11) 2-(13,1) 3-(3,11) 4-(7,1)
Task Assignment: 0-3 1-4 2-2 3-0 4-1
Robot 4 finished At time 195
Time 197
Robots Locations 0-(5,11) 1-(9,5) 2-(13,1) 3-(9,10) 4-(12,11)
Target Locations:  0-(8,9) 1-(13,1) 2-(3,11) 3-(7,1) 4-(11,8)
Task Assignment: 0-2 1-3 2-1 3-0 4-4
Robot 2 finished At time 200
Time 201
Robots Locations 0-(4,11) 1-(8,4) 2-(13,1) 3-(9,10) 4-(11,10)
Target Locations:  0-(8,9) 1-(3,11) 2-(7,1) 3-(11,8) 4-(3,9)
Task Assignment: 0-1 1-0 2-2 3-4 4-3
Robot 0 finished At time 205
Time 207
Robots Locations 0-(3,11) 1-(7,4) 2-(13,0) 3-(7,9) 4-(11,9)
Target Locations:  0-(8,9) 1-(7,1) 2-(11,8) 3-(3,9) 4-(5,5)
Task Assignment: 0-3 1-4 2-1 3-0 4-2
Robot 4 finished At time 210
Time 212
Robots Locations 0-(3,10) 1-(6,5) 2-(11,0) 3-(7,9) 4-(11,8)
Target Locations:  0-(8,9) 1-(7,1) 2-(3,9) 3-(5,5) 4-(11,2)
Task Assignment: 0-2 1-1 2-4 3-3 4-0
Robot 0 finished At time 216
Time 218
Robots Locations 0-(3,9) 1-(6,3) 2-(11,2) 3-(8,8) 4-(10,8)
Target Locations:  0-(8,9) 1-(7,1) 2-(5,5) 3-(11,2) 4-(12,4)
Task Assignment: 0-2 1-1 2-3 3-0 4-4
Robot 2 finished At time 220
Time 222
Robots Locations 0-(3,8) 1-(6,2) 2-(11,2) 3-(7,8) 4-(9,8)
Target Locations:  0-(8,9) 1-(7,1) 2-(5,5) 3-(12,4) 4-(13,2)
Task Assignment: 0-2 1-1 2-4 3-0 4-3
Robot 1 finished At time 226
Time 228
Robots Locations 0-(5,6) 1-(7,1) 2-(13,2) 3-(8,9) 4-(10,6)
Target Locations:  0-(8,9) 1-(5,5) 2-(12,4) 3-(13,2) 4-(3,2)
Task Assignment: 0-1 1-4 2-3 3-0 4-2
Robot 3 finished At time 228
Time 230
Robots Locations 0-(5,6) 1-(7,1) 2-(13,2) 3-(8,9) 4-(11,6)
Target Locations:  0-(5,5) 1-(12,4) 2-(13,2) 3-(3,2) 4-(10,15)
Task Assignment: 0-0 1-3 2-2 3-4 4-1
Robot 2 finished At time 232
Time 233
Robots Locations 0-(5,5) 1-(7,0) 2-(13,2) 3-(8,10) 4-(11,5)
Target Locations:  0-(5,5) 1-(12,4) 2-(3,2) 3-(10,15) 4-(5,10)
Task Assignment: 0-4 1-2 2-1 3-3 4-0
Robot 2 finished At time 241
Time 243
Robots Locations 0-(5,8) 1-(3,2) 2-(12,4) 3-(10,14) 4-(8,5)
Target Locations:  0-(5,5) 1-(3,2) 2-(10,15) 3-(5,10) 4-(12,2)
Task Assignment: 0-3 1-1 2-4 3-2 4-0
Robot 1 finished At time 245
Time 247
Robots Locations 0-(5,9) 1-(3,2) 2-(11,4) 3-(10,15) 4-(7,5)
Target Locations:  0-(5,5) 1-(10,15) 2-(5,10) 3-(12,2) 4-(11,15)
Task Assignment: 0-1 1-0 2-3 3-4 4-2
Robot 3 finished At time 251
Time 253
Robots Locations 0-(7,11) 1-(4,4) 2-(12,2) 3-(11,15) 4-(6,7)
Target Locations:  0-(5,5) 1-(10,15) 2-(5,10) 3-(12,2) 4-(14,9)
Task Assignment: 0-1 1-0 2-3 3-4 4-2
Robot 2 finished At time 254
Time 256
Robots Locations 0-(7,11) 1-(4,4) 2-(12,2) 3-(11,15) 4-(6,7)
Target Locations:  0-(5,5) 1-(10,15) 2-(5,10) 3-(14,9) 4-(4,2)
Task Assignment: 0-2 1-4 2-3 3-1 4-0
Robot 3 finished At time 262
Time 264
Robots Locations 0-(5,10) 1-(4,2) 2-(13,5) 3-(10,15) 4-(5,5)
Target Locations:  0-(5,5) 1-(5,10) 2-(14,9) 3-(4,2) 4-(10,2)
Task Assignment: 0-1 1-3 2-4 3-2 4-0
Robot 1 finished At time 264
Time 266
Robots Locations 0-(5,10) 1-(4,2) 2-(13,5) 3-(10,15) 4-(5,5)
Target Locations:  0-(5,5) 1-(5,10) 2-(14,9) 3-(10,2) 4-(1,8)
Task Assignment: 0-1 1-0 2-3 3-2 4-4
Robot 0 finished At time 268
Time 270
Robots Locations 0-(5,10) 1-(3,2) 2-(13,5) 3-(9,15) 4-(5,5)
Target Locations:  0-(5,5) 1-(14,9) 2-(10,2) 3-(1,8) 4-(7,11)
Task Assignment: 0-3 1-0 2-1 3-4 4-2
Robot 1 finished At time 280
Time 281
Robots Locations 0-(1,8) 1-(5,5) 2-(14,9) 3-(7,11) 4-(8,3)
Target Locations:  0-(14,9) 1-(10,2) 2-(1,8) 3-(7,11) 4-(4,14)
Task Assignment: 0-2 1-3 2-0 3-4 4-1
Robot 0 finished At time 282
Robot 2 finished At time 283
Robot 4 finished At time 287
Robot 3 finished At time 291
Robot 1 finished At time 293
