Goals: (11,12) (11,11) (3,10) (2,14) (3,1) (9,2) (15,9) (10,11) (14,13) (10,9) (12,1) (2,9) (12,8) (10,14) (5,11) (14,8) (3,15) (1,9) (14,12) (4,2) (4,1) (2,4) (14,10) (8,11) (11,5) (12,2) (3,8) (15,13) (3,14) (1,9) (8,7) (13,7) (7,2) (6,13) (14,6) (13,9) (13,9) (4,14) (10,3) (7,3) (4,5) (4,3) (7,13) (11,4) (12,9) (7,4) (10,12) (13,4) (8,1) (13,3)
/BLE
Time 2
Robots Locations 0-(3,3) 1-(6,6) 2-(9,9) 3-(13,12) 4-(15,15)
Target Locations:  0-(13,3) 1-(8,1) 2-(13,4) 3-(10,12) 4-(7,4)
Task Assignment: 1-4 3-3 0-1 2-2 4-0
Robot 1 finished At time 8
Time 10
Robots Locations 0-(5,2) 1-(7,4) 2-(10,7) 3-(11,12) 4-(15,13)
Target Locations:  0-(13,3) 1-(8,1) 2-(13,4) 3-(10,12) 4-(12,9)
Task Assignment: 3-3 2-4 0-1 1-2 4-0
Robot 3 finished At time 14
Time 16
Robots Locations 0-(7,1) 1-(9,4) 2-(12,8) 3-(10,12) 4-(15,10)
Target Locations:  0-(13,3) 1-(8,1) 2-(13,4) 3-(12,9) 4-(11,4)
Task Assignment: 0-1 2-3 1-4 4-2 3-0
Robot 2 finished At time 19
Time 21
Robots Locations 0-(8,1) 1-(11,4) 2-(12,9) 3-(10,11) 4-(14,9)
Target Locations:  0-(13,3) 1-(8,1) 2-(13,4) 3-(11,4) 4-(7,13)
Task Assignment: 0-1 1-3 3-4 4-2 2-0
Robot 0 finished At time 22
Time 24
Robots Locations 0-(8,1) 1-(11,4) 2-(12,9) 3-(9,11) 4-(14,8)
Target Locations:  0-(13,3) 1-(13,4) 2-(11,4) 3-(7,13) 4-(4,3)
Task Assignment: 1-2 3-3 4-1 0-4 2-0
Robot 1 finished At time 26
Time 28
Robots Locations 0-(9,1) 1-(11,4) 2-(13,9) 3-(9,11) 4-(14,8)
Target Locations:  0-(13,3) 1-(13,4) 2-(7,13) 3-(4,3) 4-(4,5)
Task Assignment: 1-1 3-2 0-0 2-4 4-3
Robot 1 finished At time 33
Time 35
Robots Locations 0-(11,2) 1-(13,4) 2-(10,7) 3-(7,13) 4-(11,6)
Target Locations:  0-(13,3) 1-(7,13) 2-(4,3) 3-(4,5) 4-(7,3)
Task Assignment: 3-1 1-0 0-4 2-3 4-2
Robot 3 finished At time 37
Time 39
Robots Locations 0-(11,3) 1-(13,3) 2-(9,7) 3-(7,13) 4-(10,6)
Target Locations:  0-(13,3) 1-(4,3) 2-(4,5) 3-(7,3) 4-(10,3)
Task Assignment: 1-0 0-4 4-3 2-2 3-1
Robot 1 finished At time 42
Time 44
Robots Locations 0-(10,3) 1-(13,3) 2-(8,7) 3-(6,12) 4-(9,5)
Target Locations:  0-(4,3) 1-(4,5) 2-(7,3) 3-(10,3) 4-(4,14)
Task Assignment: 0-3 3-4 4-2 2-1 1-0
Robot 0 finished At time 45
Time 47
Robots Locations 0-(10,3) 1-(12,3) 2-(7,6) 3-(5,12) 4-(9,4)
Target Locations:  0-(4,3) 1-(4,5) 2-(7,3) 3-(4,14) 4-(13,9)
Task Assignment: 3-3 4-2 2-1 0-0 1-4
Robot 4 finished At time 54
Time 56
Robots Locations 0-(8,3) 1-(12,6) 2-(4,5) 3-(4,14) 4-(7,3)
Target Locations:  0-(4,3) 1-(4,5) 2-(4,14) 3-(13,9) 4-(13,9)
Task Assignment: 3-2 2-1 4-0 1-4 0-3
Robot 3 finished At time 56
Time 58
Robots Locations 0-(8,3) 1-(12,6) 2-(4,5) 3-(4,14) 4-(7,3)
Target Locations:  0-(4,3) 1-(4,5) 2-(13,9) 3-(13,9) 4-(14,6)
Task Assignment: 2-1 1-4 4-0 0-2 3-3
Robot 2 finished At time 60
Time 62
Robots Locations 0-(7,3) 1-(13,6) 2-(4,5) 3-(5,15) 4-(6,3)
Target Locations:  0-(4,3) 1-(13,9) 2-(13,9) 3-(14,6) 4-(6,13)
Task Assignment: 1-3 4-0 3-4 0-1 2-2
Robot 1 finished At time 65
Time 67
Robots Locations 0-(8,4) 1-(14,6) 2-(4,6) 3-(6,13) 4-(4,3)
Target Locations:  0-(4,3) 1-(13,9) 2-(13,9) 3-(6,13) 4-(7,2)
Task Assignment: 4-0 3-3 0-4 1-1 2-2
Robot 4 finished At time 69
Time 71
Robots Locations 0-(9,4) 1-(15,7) 2-(5,6) 3-(6,13) 4-(4,3)
Target Locations:  0-(13,9) 1-(13,9) 2-(6,13) 3-(7,2) 4-(13,7)
Task Assignment: 3-2 1-4 0-3 2-0 4-1
Robot 3 finished At time 72
Time 74
Robots Locations 0-(9,3) 1-(14,7) 2-(5,6) 3-(6,13) 4-(4,3)
Target Locations:  0-(13,9) 1-(13,9) 2-(7,2) 3-(13,7) 4-(8,7)
Task Assignment: 1-3 0-2 2-4 3-1 4-0
Robot 1 finished At time 78
Time 80
Robots Locations 0-(7,2) 1-(13,7) 2-(7,7) 3-(8,12) 4-(5,5)
Target Locations:  0-(13,9) 1-(13,9) 2-(7,2) 3-(8,7) 4-(1,9)
Task Assignment: 0-2 2-3 1-0 4-4 3-1
Robot 0 finished At time 82
Time 83
Robots Locations 0-(7,2) 1-(13,8) 2-(8,7) 3-(8,12) 4-(5,5)
Target Locations:  0-(13,9) 1-(13,9) 2-(8,7) 3-(1,9) 4-(3,14)
Task Assignment: 2-2 1-0 3-4 4-3 0-1
Robot 2 finished At time 86
Time 87
Robots Locations 0-(6,2) 1-(13,9) 2-(8,7) 3-(8,11) 4-(5,6)
Target Locations:  0-(13,9) 1-(13,9) 2-(1,9) 3-(3,14) 4-(15,13)
Task Assignment: 1-0 4-2 3-1 2-3 0-4
Robot 1 finished At time 90
Time 92
Robots Locations 0-(7,3) 1-(13,9) 2-(8,8) 3-(9,10) 4-(4,7)
Target Locations:  0-(13,9) 1-(1,9) 2-(3,14) 3-(15,13) 4-(3,8)
Task Assignment: 1-0 4-4 3-3 2-1 0-2
Robot 1 finished At time 93
Time 95
Robots Locations 0-(7,4) 1-(13,9) 2-(8,8) 3-(9,10) 4-(3,7)
Target Locations:  0-(1,9) 1-(3,14) 2-(15,13) 3-(3,8) 4-(12,2)
Task Assignment: 4-3 1-2 0-4 2-0 3-1
Robot 4 finished At time 99
Time 101
Robots Locations 0-(9,3) 1-(14,11) 2-(5,8) 3-(8,11) 4-(3,8)
Target Locations:  0-(1,9) 1-(3,14) 2-(15,13) 3-(12,2) 4-(11,5)
Task Assignment: 4-0 1-2 0-4 3-1 2-3
Robot 1 finished At time 107
Time 109
Robots Locations 0-(11,5) 1-(15,13) 2-(6,7) 3-(5,13) 4-(1,9)
Target Locations:  0-(1,9) 1-(3,14) 2-(12,2) 3-(11,5) 4-(8,11)
Task Assignment: 4-0 0-3 3-1 2-4 1-2
Robot 4 finished At time 110
Time 112
Robots Locations 0-(11,5) 1-(16,13) 2-(7,7) 3-(5,13) 4-(1,9)
Target Locations:  0-(3,14) 1-(12,2) 2-(11,5) 3-(8,11) 4-(14,10)
Task Assignment: 0-2 3-0 1-4 2-3 4-1
Robot 0 finished At time 112
Time 114
Robots Locations 0-(11,5) 1-(16,13) 2-(7,7) 3-(5,13) 4-(1,9)
Target Locations:  0-(3,14) 1-(12,2) 2-(8,11) 3-(14,10) 4-(2,4)
Task Assignment: 3-0 0-1 1-3 2-2 4-4
Robot 3 finished At time 120
Time 121
Robots Locations 0-(12,3) 1-(15,11) 2-(8,9) 3-(3,14) 4-(1,7)
Target Locations:  0-(12,2) 1-(8,11) 2-(14,10) 3-(2,4) 4-(4,1)
Task Assignment: 0-0 1-2 2-1 4-3 3-4
Robot 1 finished At time 125
Time 127
Robots Locations 0-(12,2) 1-(14,10) 2-(8,11) 3-(2,13) 4-(2,5)
Target Locations:  0-(12,2) 1-(8,11) 2-(2,4) 3-(4,1) 4-(4,2)
Task Assignment: 0-0 2-1 4-2 3-4 1-3
Robot 0 finished At time 127
Time 129
Robots Locations 0-(12,2) 1-(14,10) 2-(8,11) 3-(3,12) 4-(2,5)
Target Locations:  0-(8,11) 1-(2,4) 2-(4,1) 3-(4,2) 4-(14,12)
Task Assignment: 2-0 4-1 1-4 0-3 3-2
Robot 2 finished At time 131
Time 132
Robots Locations 0-(12,2) 1-(13,10) 2-(8,11) 3-(3,12) 4-(2,4)
Target Locations:  0-(2,4) 1-(4,1) 2-(4,2) 3-(14,12) 4-(1,9)
Task Assignment: 4-0 1-3 3-4 0-2 2-1
Robot 4 finished At time 134
Time 136
Robots Locations 0-(11,2) 1-(13,11) 2-(7,12) 3-(2,11) 4-(2,4)
Target Locations:  0-(4,1) 1-(4,2) 2-(14,12) 3-(1,9) 4-(3,15)
Task Assignment: 1-2 3-3 4-1 2-4 0-0
Robot 1 finished At time 140
Time 142
Robots Locations 0-(8,1) 1-(14,12) 2-(6,13) 3-(1,9) 4-(4,2)
Target Locations:  0-(4,1) 1-(4,2) 2-(1,9) 3-(3,15) 4-(14,8)
Task Assignment: 3-2 4-1 2-3 0-0 1-4
Robot 3 finished At time 144
Time 146
Robots Locations 0-(7,1) 1-(15,12) 2-(5,13) 3-(1,9) 4-(4,2)
Target Locations:  0-(4,1) 1-(4,2) 2-(3,15) 3-(14,8) 4-(5,11)
Task Assignment: 4-1 2-4 0-0 1-3 3-2
Robot 4 finished At time 148
Time 150
Robots Locations 0-(7,1) 1-(15,11) 2-(4,14) 3-(0,9) 4-(4,2)
Target Locations:  0-(4,1) 1-(3,15) 2-(14,8) 3-(5,11) 4-(10,14)
Task Assignment: 4-0 2-1 1-2 3-3 0-4
Robot 4 finished At time 154
Time 156
Robots Locations 0-(7,3) 1-(14,9) 2-(3,15) 3-(2,10) 4-(4,1)
Target Locations:  0-(3,15) 1-(14,8) 2-(5,11) 3-(10,14) 4-(12,8)
Task Assignment: 2-0 1-1 3-2 0-4 4-3
Robot 2 finished At time 158
Time 160
Robots Locations 0-(7,4) 1-(14,8) 2-(3,15) 3-(3,10) 4-(5,1)
Target Locations:  0-(14,8) 1-(5,11) 2-(10,14) 3-(12,8) 4-(2,9)
Task Assignment: 1-0 3-4 2-1 0-3 4-2
Robot 1 finished At time 162
Time 164
Robots Locations 0-(8,5) 1-(14,8) 2-(4,16) 3-(3,10) 4-(5,2)
Target Locations:  0-(5,11) 1-(10,14) 2-(12,8) 3-(2,9) 4-(12,1)
Task Assignment: 3-3 1-2 2-0 0-4 4-1
Robot 3 finished At time 169
Time 171
Robots Locations 0-(10,3) 1-(12,8) 2-(4,13) 3-(2,9) 4-(6,4)
Target Locations:  0-(5,11) 1-(10,14) 2-(12,8) 3-(12,1) 4-(10,9)
Task Assignment: 1-2 2-0 0-3 4-4 3-1
Robot 1 finished At time 173
Time 174
Robots Locations 0-(11,3) 1-(12,8) 2-(5,12) 3-(1,9) 4-(7,5)
Target Locations:  0-(5,11) 1-(10,14) 2-(12,1) 3-(10,9) 4-(14,13)
Task Assignment: 2-0 0-2 1-3 4-1 3-4
Robot 2 finished At time 179
Time 181
Robots Locations 0-(12,1) 1-(10,9) 2-(5,11) 3-(3,10) 4-(8,7)
Target Locations:  0-(10,14) 1-(12,1) 2-(10,9) 3-(14,13) 4-(10,11)
Task Assignment: 0-1 1-2 4-4 2-0 3-3
Robot 0 finished At time 182
Time 184
Robots Locations 0-(12,1) 1-(10,9) 2-(5,11) 3-(4,10) 4-(8,7)
Target Locations:  0-(10,14) 1-(10,9) 2-(14,13) 3-(10,11) 4-(15,9)
Task Assignment: 1-1 4-3 2-0 0-4 3-2
Robot 1 finished At time 185
Time 186
Robots Locations 0-(12,1) 1-(10,9) 2-(5,11) 3-(4,10) 4-(8,8)
Target Locations:  0-(10,14) 1-(14,13) 2-(10,11) 3-(15,9) 4-(9,2)
Task Assignment: 1-2 0-4 2-0 4-3 3-1
Robot 1 finished At time 193
Time 195
Robots Locations 0-(10,1) 1-(10,11) 2-(8,12) 3-(7,11) 4-(11,8)
Target Locations:  0-(10,14) 1-(14,13) 2-(15,9) 3-(9,2) 4-(3,1)
Task Assignment: 0-3 2-0 4-2 1-1 3-4
Robot 0 finished At time 199
Time 201
Robots Locations 0-(9,2) 1-(12,12) 2-(10,14) 3-(7,9) 4-(13,9)
Target Locations:  0-(10,14) 1-(14,13) 2-(15,9) 3-(3,1) 4-(2,14)
Task Assignment: 2-0 4-2 1-1 0-3 3-4
Robot 2 finished At time 204
Time 206
Robots Locations 0-(8,2) 1-(13,13) 2-(10,14) 3-(6,10) 4-(15,9)
Target Locations:  0-(14,13) 1-(15,9) 2-(3,1) 3-(2,14) 4-(3,10)
Task Assignment: 4-1 1-0 3-4 0-2 2-3
Robot 4 finished At time 209
Time 210
Robots Locations 0-(6,2) 1-(14,13) 2-(9,15) 3-(4,10) 4-(15,9)
Target Locations:  0-(14,13) 1-(3,1) 2-(2,14) 3-(3,10) 4-(11,11)
Task Assignment: 1-0 3-3 0-1 4-4 2-2
Robot 1 finished At time 211
Time 213
Robots Locations 0-(6,2) 1-(14,13) 2-(9,15) 3-(4,10) 4-(15,9)
Target Locations:  0-(3,1) 1-(2,14) 2-(3,10) 3-(11,11) 4-(11,12)
Task Assignment: 3-2 0-0 1-4 4-3 2-1
Robot 3 finished At time 217
Robot 0 finished At time 221
Robot 1 finished At time 223
Robot 4 finished At time 224
Robot 2 finished At time 227
/MURDOCH
Time 2
Robots Locations 0-(3,4) 1-(6,6) 2-(9,9) 3-(12,12) 4-(15,15)
Target Locations:  0-(13,3) 1-(8,1) 2-(13,4) 3-(10,12) 4-(7,4)
Task Assignment: 4-0 3-1 0-2 1-3 2-4
Robot 2 finished At time 19
Time 21
Robots Locations 0-(12,4) 1-(10,12) 2-(7,4) 3-(9,4) 4-(14,8)
Target Locations:  0-(13,3) 1-(8,1) 2-(13,4) 3-(10,12) 4-(12,9)
Task Assignment: 4-0 3-1 0-2 1-3 2-4
Robot 1 finished At time 23
Time 25
Robots Locations 0-(13,4) 1-(10,12) 2-(7,5) 3-(9,3) 4-(14,6)
Target Locations:  0-(13,3) 1-(8,1) 2-(13,4) 3-(12,9) 4-(11,4)
Task Assignment: 4-0 3-1 0-2 2-3 1-4
Robot 0 finished At time 27
Time 29
Robots Locations 0-(13,4) 1-(11,12) 2-(7,5) 3-(8,2) 4-(14,5)
Target Locations:  0-(13,3) 1-(8,1) 2-(12,9) 3-(11,4) 4-(7,13)
Task Assignment: 4-0 3-1 2-2 1-3 0-4
Robot 3 finished At time 34
Time 36
Robots Locations 0-(13,5) 1-(11,10) 2-(9,7) 3-(8,1) 4-(14,4)
Target Locations:  0-(13,3) 1-(12,9) 2-(11,4) 3-(7,13) 4-(4,3)
Task Assignment: 4-0 2-1 1-2 0-3 3-4
Robot 4 finished At time 41
Time 43
Robots Locations 0-(11,7) 1-(11,8) 2-(10,8) 3-(6,2) 4-(13,3)
Target Locations:  0-(12,9) 1-(11,4) 2-(7,13) 3-(4,3) 4-(4,5)
Task Assignment: 2-0 1-1 0-2 3-3 4-4
Robot 3 finished At time 50
Time 52
Robots Locations 0-(10,8) 1-(11,6) 2-(12,9) 3-(4,3) 4-(10,4)
Target Locations:  0-(12,9) 1-(11,4) 2-(7,13) 3-(4,5) 4-(7,3)
Task Assignment: 2-0 1-1 0-2 4-3 3-4
Robot 2 finished At time 52
Time 54
Robots Locations 0-(10,8) 1-(11,6) 2-(12,9) 3-(4,3) 4-(10,4)
Target Locations:  0-(11,4) 1-(7,13) 2-(4,5) 3-(7,3) 4-(10,3)
Task Assignment: 1-0 0-1 4-2 3-3 2-4
Robot 1 finished At time 60
Time 61
Robots Locations 0-(8,11) 1-(11,4) 2-(12,7) 3-(6,3) 4-(7,4)
Target Locations:  0-(7,13) 1-(4,5) 2-(7,3) 3-(10,3) 4-(4,14)
Task Assignment: 0-0 4-1 3-2 2-3 1-4
Robot 3 finished At time 66
Time 67
Robots Locations 0-(7,13) 1-(10,5) 2-(11,5) 3-(7,3) 4-(5,5)
Target Locations:  0-(7,13) 1-(4,5) 2-(10,3) 3-(4,14) 4-(13,9)
Task Assignment: 0-0 4-1 2-2 1-3 3-4
Robot 0 finished At time 70
Time 72
Robots Locations 0-(7,13) 1-(9,6) 2-(10,4) 3-(8,4) 4-(4,5)
Target Locations:  0-(4,5) 1-(10,3) 2-(4,14) 3-(13,9) 4-(13,9)
Task Assignment: 4-0 2-1 1-2 3-3 0-4
Robot 4 finished At time 73
Time 75
Robots Locations 0-(7,14) 1-(8,7) 2-(10,3) 3-(8,4) 4-(4,5)
Target Locations:  0-(10,3) 1-(4,14) 2-(13,9) 3-(13,9) 4-(14,6)
Task Assignment: 2-0 1-1 3-2 0-3 4-4
Robot 2 finished At time 77
Time 79
Robots Locations 0-(8,13) 1-(8,8) 2-(10,3) 3-(9,5) 4-(4,6)
Target Locations:  0-(4,14) 1-(13,9) 2-(13,9) 3-(14,6) 4-(6,13)
Task Assignment: 1-0 3-1 0-2 4-3 2-4
Robot 3 finished At time 93
Time 94
Robots Locations 0-(12,10) 1-(4,13) 2-(7,6) 3-(13,9) 4-(10,6)
Target Locations:  0-(4,14) 1-(13,9) 2-(14,6) 3-(6,13) 4-(7,2)
Task Assignment: 1-0 0-1 4-2 2-3 3-4
Robot 1 finished At time 98
Time 100
Robots Locations 0-(14,10) 1-(4,14) 2-(7,8) 3-(12,9) 4-(11,6)
Target Locations:  0-(13,9) 1-(14,6) 2-(6,13) 3-(7,2) 4-(13,7)
Task Assignment: 0-0 4-1 2-2 3-3 1-4
Robot 0 finished At time 104
Time 106
Robots Locations 0-(13,9) 1-(5,14) 2-(7,10) 3-(11,7) 4-(13,6)
Target Locations:  0-(14,6) 1-(6,13) 2-(7,2) 3-(13,7) 4-(8,7)
Task Assignment: 4-0 2-1 3-2 1-3 0-4
Robot 4 finished At time 109
Time 111
Robots Locations 0-(11,8) 1-(6,13) 2-(6,12) 3-(10,6) 4-(14,6)
Target Locations:  0-(6,13) 1-(7,2) 2-(13,7) 3-(8,7) 4-(1,9)
Task Assignment: 2-0 3-1 1-2 0-3 4-4
Robot 2 finished At time 117
Time 119
Robots Locations 0-(9,7) 1-(8,11) 2-(6,13) 3-(8,4) 4-(13,7)
Target Locations:  0-(7,2) 1-(13,7) 2-(8,7) 3-(1,9) 4-(3,14)
Task Assignment: 3-0 1-1 0-2 4-3 2-4
Robot 0 finished At time 122
Time 124
Robots Locations 0-(8,7) 1-(10,10) 2-(5,14) 3-(7,2) 4-(11,7)
Target Locations:  0-(7,2) 1-(13,7) 2-(1,9) 3-(3,14) 4-(15,13)
Task Assignment: 3-0 1-1 4-2 2-3 0-4
Robot 3 finished At time 126
Time 128
Robots Locations 0-(7,8) 1-(11,9) 2-(3,14) 3-(7,2) 4-(10,8)
Target Locations:  0-(13,7) 1-(1,9) 2-(3,14) 3-(15,13) 4-(3,8)
Task Assignment: 1-0 4-1 2-2 0-3 3-4
Robot 2 finished At time 132
Time 134
Robots Locations 0-(8,8) 1-(12,8) 2-(3,14) 3-(6,3) 4-(9,8)
Target Locations:  0-(13,7) 1-(1,9) 2-(15,13) 3-(3,8) 4-(12,2)
Task Assignment: 1-0 4-1 0-2 3-3 2-4
Robot 1 finished At time 138
Time 140
Robots Locations 0-(11,10) 1-(13,7) 2-(3,12) 3-(5,5) 4-(7,8)
Target Locations:  0-(1,9) 1-(15,13) 2-(3,8) 3-(12,2) 4-(11,5)
Task Assignment: 4-0 0-1 3-2 2-3 1-4
Robot 1 finished At time 148
Time 150
Robots Locations 0-(14,12) 1-(11,5) 2-(6,9) 3-(3,8) 4-(3,9)
Target Locations:  0-(1,9) 1-(15,13) 2-(3,8) 3-(12,2) 4-(8,11)
Task Assignment: 4-0 0-1 3-2 2-3 1-4
Robot 0 finished At time 154
Time 156
Robots Locations 0-(15,13) 1-(10,6) 2-(7,8) 3-(3,8) 4-(1,9)
Target Locations:  0-(1,9) 1-(3,8) 2-(12,2) 3-(8,11) 4-(14,10)
Task Assignment: 4-0 3-1 2-2 1-3 0-4
Robot 3 finished At time 156
Time 158
Robots Locations 0-(15,13) 1-(10,7) 2-(8,7) 3-(3,8) 4-(1,9)
Target Locations:  0-(1,9) 1-(12,2) 2-(8,11) 3-(14,10) 4-(2,4)
Task Assignment: 4-0 2-1 1-2 0-3 3-4
Robot 4 finished At time 159
Time 161
Robots Locations 0-(16,13) 1-(10,7) 2-(8,7) 3-(3,8) 4-(1,9)
Target Locations:  0-(12,2) 1-(8,11) 2-(14,10) 3-(2,4) 4-(4,1)
Task Assignment: 2-0 1-1 0-2 3-3 4-4
Robot 0 finished At time 169
Time 171
Robots Locations 0-(14,10) 1-(8,11) 2-(11,4) 3-(2,4) 4-(2,5)
Target Locations:  0-(12,2) 1-(8,11) 2-(2,4) 3-(4,1) 4-(4,2)
Task Assignment: 2-0 1-1 3-2 4-3 0-4
Robot 3 finished At time 172
Time 174
Robots Locations 0-(14,10) 1-(8,11) 2-(11,3) 3-(2,4) 4-(2,5)
Target Locations:  0-(12,2) 1-(8,11) 2-(4,1) 3-(4,2) 4-(14,12)
Task Assignment: 2-0 1-1 4-2 0-3 3-4
Robot 1 finished At time 175
Time 176
Robots Locations 0-(13,10) 1-(8,11) 2-(11,3) 3-(2,4) 4-(2,5)
Target Locations:  0-(12,2) 1-(4,1) 2-(4,2) 3-(14,12) 4-(1,9)
Task Assignment: 2-0 4-1 0-2 3-3 1-4
Robot 2 finished At time 183
Time 185
Robots Locations 0-(11,8) 1-(5,11) 2-(12,2) 3-(2,3) 4-(3,4)
Target Locations:  0-(4,1) 1-(4,2) 2-(14,12) 3-(1,9) 4-(3,15)
Task Assignment: 4-0 0-1 3-2 1-3 2-4
Robot 4 finished At time 192
Time 194
Robots Locations 0-(8,5) 1-(2,9) 2-(11,5) 3-(5,6) 4-(4,1)
Target Locations:  0-(4,2) 1-(14,12) 2-(1,9) 3-(3,15) 4-(14,8)
Task Assignment: 0-0 3-1 1-2 2-3 4-4
Robot 1 finished At time 197
Time 199
Robots Locations 0-(7,4) 1-(1,9) 2-(10,6) 3-(6,7) 4-(5,1)
Target Locations:  0-(4,2) 1-(14,12) 2-(3,15) 3-(14,8) 4-(5,11)
Task Assignment: 0-0 3-1 2-2 4-3 1-4
Robot 0 finished At time 208
Time 210
Robots Locations 0-(4,2) 1-(4,11) 2-(8,8) 3-(10,9) 4-(9,4)
Target Locations:  0-(14,12) 1-(3,15) 2-(14,8) 3-(5,11) 4-(10,14)
Task Assignment: 3-0 2-1 4-2 1-3 0-4
Robot 1 finished At time 214
Time 216
Robots Locations 0-(4,3) 1-(5,11) 2-(6,10) 3-(12,10) 4-(10,5)
Target Locations:  0-(14,12) 1-(3,15) 2-(14,8) 3-(10,14) 4-(12,8)
Task Assignment: 3-0 2-1 4-2 0-3 1-4
Robot 3 finished At time 224
Time 226
Robots Locations 0-(6,7) 1-(8,10) 2-(5,12) 3-(14,12) 4-(14,8)
Target Locations:  0-(3,15) 1-(14,8) 2-(10,14) 3-(12,8) 4-(2,9)
Task Assignment: 2-0 4-1 0-2 1-3 3-4
Robot 4 finished At time 229
Time 231
Robots Locations 0-(7,8) 1-(9,10) 2-(4,13) 3-(13,13) 4-(14,8)
Target Locations:  0-(3,15) 1-(10,14) 2-(12,8) 3-(2,9) 4-(12,1)
Task Assignment: 2-0 0-1 1-2 3-3 4-4
Robot 2 finished At time 236
Time 238
Robots Locations 0-(8,10) 1-(11,8) 2-(3,15) 3-(11,12) 4-(14,6)
Target Locations:  0-(10,14) 1-(12,8) 2-(2,9) 3-(12,1) 4-(10,9)
Task Assignment: 0-0 1-1 3-2 4-3 2-4
Robot 1 finished At time 241
Time 243
Robots Locations 0-(9,12) 1-(12,8) 2-(4,15) 3-(9,11) 4-(13,5)
Target Locations:  0-(10,14) 1-(2,9) 2-(12,1) 3-(10,9) 4-(14,13)
Task Assignment: 0-0 3-1 4-2 2-3 1-4
Robot 0 finished At time 250
Time 252
Robots Locations 0-(10,14) 1-(13,11) 2-(6,13) 3-(7,10) 4-(12,1)
Target Locations:  0-(2,9) 1-(12,1) 2-(10,9) 3-(14,13) 4-(10,11)
Task Assignment: 3-0 4-1 2-2 1-3 0-4
Robot 4 finished At time 255
Time 257
Robots Locations 0-(11,13) 1-(14,12) 2-(7,12) 3-(5,10) 4-(12,1)
Target Locations:  0-(2,9) 1-(10,9) 2-(14,13) 3-(10,11) 4-(15,9)
Task Assignment: 3-0 2-1 1-2 0-3 4-4
Robot 1 finished At time 260
Time 262
Robots Locations 0-(10,12) 1-(14,13) 2-(9,10) 3-(3,9) 4-(11,2)
Target Locations:  0-(2,9) 1-(10,9) 2-(10,11) 3-(15,9) 4-(9,2)
Task Assignment: 3-0 2-1 0-2 4-3 1-4
Robot 0 finished At time 266
Time 268
Robots Locations 0-(10,11) 1-(13,13) 2-(10,9) 3-(2,9) 4-(12,3)
Target Locations:  0-(2,9) 1-(10,9) 2-(15,9) 3-(9,2) 4-(3,1)
Task Assignment: 3-0 2-1 4-2 1-3 0-4
Robot 3 finished At time 269
Time 271
Robots Locations 0-(10,11) 1-(13,12) 2-(10,9) 3-(2,9) 4-(12,4)
Target Locations:  0-(10,9) 1-(15,9) 2-(9,2) 3-(3,1) 4-(2,14)
Task Assignment: 2-0 4-1 1-2 0-3 3-4
Robot 2 finished At time 273
Time 274
Robots Locations 0-(9,10) 1-(13,12) 2-(10,9) 3-(1,9) 4-(13,5)
Target Locations:  0-(15,9) 1-(9,2) 2-(3,1) 3-(2,14) 4-(3,10)
Task Assignment: 4-0 1-1 0-2 3-3 2-4
Robot 3 finished At time 285
Time 288
Robots Locations 0-(6,5) 1-(11,7) 2-(6,9) 3-(2,14) 4-(15,9)
Target Locations:  0-(15,9) 1-(9,2) 2-(3,1) 3-(3,10) 4-(11,11)
Task Assignment: 4-0 1-1 0-2 2-3 3-4
Robot 4 finished At time 288
Time 290
Robots Locations 0-(6,5) 1-(11,6) 2-(6,9) 3-(2,14) 4-(15,9)
Target Locations:  0-(9,2) 1-(3,1) 2-(3,10) 3-(11,11) 4-(11,12)
Task Assignment: 1-0 0-1 2-2 3-3 4-4
Robot 2 finished At time 298
Robot 1 finished At time 300
Robot 0 finished At time 301
Robot 4 finished At time 301
Robot 3 finished At time 331
/mmdr
Time 2
Robots Locations 0-(3,3) 1-(6,6) 2-(9,9) 3-(12,12) 4-(15,15)
Target Locations:  0-(13,3) 1-(8,1) 2-(13,4) 3-(10,12) 4-(7,4)
Task Assignment: 0-1 1-4 2-0 3-2 4-3
Robot 1 finished At time 11
Time 13
Robots Locations 0-(7,1) 1-(7,4) 2-(12,5) 3-(13,8) 4-(12,14)
Target Locations:  0-(13,3) 1-(8,1) 2-(13,4) 3-(10,12) 4-(12,9)
Task Assignment: 0-1 1-0 2-2 3-4 4-3
Robot 0 finished At time 17
Time 19
Robots Locations 0-(8,1) 1-(8,3) 2-(13,4) 3-(12,8) 4-(11,13)
Target Locations:  0-(13,3) 1-(13,4) 2-(10,12) 3-(12,9) 4-(11,4)
Task Assignment: 0-0 1-4 2-1 3-3 4-2
Robot 2 finished At time 22
Time 24
Robots Locations 0-(9,1) 1-(10,4) 2-(13,4) 3-(12,9) 4-(10,12)
Target Locations:  0-(13,3) 1-(10,12) 2-(12,9) 3-(11,4) 4-(7,13)
Task Assignment: 0-3 1-2 2-0 3-1 4-4
Robot 2 finished At time 28
Time 30
Robots Locations 0-(10,3) 1-(11,6) 2-(13,3) 3-(11,11) 4-(8,13)
Target Locations:  0-(10,12) 1-(12,9) 2-(11,4) 3-(7,13) 4-(4,3)
Task Assignment: 0-4 1-1 2-2 3-0 4-3
Robot 4 finished At time 35
Time 36
Robots Locations 0-(9,4) 1-(11,8) 2-(11,4) 3-(10,12) 4-(7,13)
Target Locations:  0-(10,12) 1-(12,9) 2-(11,4) 3-(4,3) 4-(4,5)
Task Assignment: 0-3 1-4 2-2 3-1 4-0
Robot 2 finished At time 39
Time 42
Robots Locations 0-(7,3) 1-(11,8) 2-(11,4) 3-(11,12) 4-(7,14)
Target Locations:  0-(10,12) 1-(12,9) 2-(4,3) 3-(4,5) 4-(7,3)
Task Assignment: 0-2 1-3 2-4 3-1 4-0
Robot 0 finished At time 50
Time 52
Robots Locations 0-(4,3) 1-(7,6) 2-(7,3) 3-(12,9) 4-(10,12)
Target Locations:  0-(10,12) 1-(12,9) 2-(4,5) 3-(7,3) 4-(10,3)
Task Assignment: 0-2 1-3 2-4 3-1 4-0
Robot 4 finished At time 53
Time 55
Robots Locations 0-(4,3) 1-(7,6) 2-(7,3) 3-(12,9) 4-(10,12)
Target Locations:  0-(12,9) 1-(4,5) 2-(7,3) 3-(10,3) 4-(4,14)
Task Assignment: 0-1 1-2 2-3 3-0 4-4
Robot 3 finished At time 56
Time 58
Robots Locations 0-(4,3) 1-(7,6) 2-(7,3) 3-(12,9) 4-(10,12)
Target Locations:  0-(4,5) 1-(7,3) 2-(10,3) 3-(4,14) 4-(13,9)
Task Assignment: 0-0 1-1 2-2 3-4 4-3
Robot 3 finished At time 62
Time 65
Robots Locations 0-(4,5) 1-(7,4) 2-(9,3) 3-(13,9) 4-(8,12)
Target Locations:  0-(4,5) 1-(7,3) 2-(10,3) 3-(4,14) 4-(13,9)
Task Assignment: 0-0 1-1 2-2 3-4 4-3
Robot 3 finished At time 65
Time 68
Robots Locations 0-(4,5) 1-(7,4) 2-(9,3) 3-(13,9) 4-(8,12)
Target Locations:  0-(4,5) 1-(7,3) 2-(10,3) 3-(4,14) 4-(14,6)
Task Assignment: 0-0 1-1 2-2 3-4 4-3
Robot 0 finished At time 69
Time 72
Robots Locations 0-(4,5) 1-(7,3) 2-(9,3) 3-(14,9) 4-(8,12)
Target Locations:  0-(7,3) 1-(10,3) 2-(4,14) 3-(14,6) 4-(6,13)
Task Assignment: 0-4 1-0 2-1 3-3 4-2
Robot 1 finished At time 74
Time 76
Robots Locations 0-(4,6) 1-(7,3) 2-(10,3) 3-(14,8) 4-(7,13)
Target Locations:  0-(10,3) 1-(4,14) 2-(14,6) 3-(6,13) 4-(7,2)
Task Assignment: 0-3 1-4 2-0 3-2 4-1
Robot 2 finished At time 78
Time 80
Robots Locations 0-(4,6) 1-(7,2) 2-(10,3) 3-(14,7) 4-(6,13)
Target Locations:  0-(4,14) 1-(14,6) 2-(6,13) 3-(7,2) 4-(13,7)
Task Assignment: 0-2 1-3 2-1 3-4 4-0
Robot 1 finished At time 82
Time 85
Robots Locations 0-(5,8) 1-(7,2) 2-(11,4) 3-(13,7) 4-(5,14)
Target Locations:  0-(4,14) 1-(14,6) 2-(6,13) 3-(13,7) 4-(8,7)
Task Assignment: 0-2 1-4 2-1 3-3 4-0
Robot 3 finished At time 87
Time 90
Robots Locations 0-(5,9) 1-(8,2) 2-(12,4) 3-(13,7) 4-(4,14)
Target Locations:  0-(4,14) 1-(14,6) 2-(6,13) 3-(8,7) 4-(1,9)
Task Assignment: 0-2 1-4 2-3 3-1 4-0
Robot 4 finished At time 92
Time 94
Robots Locations 0-(5,10) 1-(8,2) 2-(12,5) 3-(12,6) 4-(4,14)
Target Locations:  0-(14,6) 1-(6,13) 2-(8,7) 3-(1,9) 4-(3,14)
Task Assignment: 0-1 1-3 2-0 3-2 4-4
Robot 4 finished At time 99
Time 101
Robots Locations 0-(6,12) 1-(6,4) 2-(12,6) 3-(12,5) 4-(3,14)
Target Locations:  0-(14,6) 1-(6,13) 2-(8,7) 3-(1,9) 4-(15,13)
Task Assignment: 0-1 1-2 2-4 3-0 4-3
Robot 0 finished At time 106
Time 108
Robots Locations 0-(6,13) 1-(7,6) 2-(13,8) 3-(13,6) 4-(2,12)
Target Locations:  0-(14,6) 1-(8,7) 2-(1,9) 3-(15,13) 4-(3,8)
Task Assignment: 0-4 1-1 2-3 3-0 4-2
Robot 3 finished At time 112
Time 115
Robots Locations 0-(5,12) 1-(8,7) 2-(14,10) 3-(14,6) 4-(1,10)
Target Locations:  0-(8,7) 1-(1,9) 2-(15,13) 3-(3,8) 4-(12,2)
Task Assignment: 0-3 1-0 2-2 3-4 4-1
Robot 1 finished At time 115
Time 118
Robots Locations 0-(5,12) 1-(8,7) 2-(14,10) 3-(14,6) 4-(1,10)
Target Locations:  0-(1,9) 1-(15,13) 2-(3,8) 3-(12,2) 4-(11,5)
Task Assignment: 0-2 1-4 2-1 3-3 4-0
Robot 4 finished At time 121
Time 124
Robots Locations 0-(4,11) 1-(9,6) 2-(15,12) 3-(14,4) 4-(1,9)
Target Locations:  0-(15,13) 1-(3,8) 2-(12,2) 3-(11,5) 4-(8,11)
Task Assignment: 0-4 1-3 2-0 3-2 4-1
Robot 2 finished At time 128
Time 130
Robots Locations 0-(6,10) 1-(11,5) 2-(15,13) 3-(12,3) 4-(3,8)
Target Locations:  0-(3,8) 1-(12,2) 2-(11,5) 3-(8,11) 4-(14,10)
Task Assignment: 0-3 1-2 2-4 3-1 4-0
Robot 1 finished At time 133
Time 135
Robots Locations 0-(7,11) 1-(11,5) 2-(16,13) 3-(12,2) 4-(3,8)
Target Locations:  0-(3,8) 1-(12,2) 2-(8,11) 3-(14,10) 4-(2,4)
Task Assignment: 0-0 1-2 2-3 3-1 4-4
Robot 3 finished At time 136
Time 139
Robots Locations 0-(7,10) 1-(12,5) 2-(16,13) 3-(12,2) 4-(3,7)
Target Locations:  0-(3,8) 1-(8,11) 2-(14,10) 3-(2,4) 4-(4,1)
Task Assignment: 0-0 1-1 2-2 3-4 4-3
Robot 2 finished At time 147
Time 149
Robots Locations 0-(4,8) 1-(10,9) 2-(14,10) 3-(8,1) 4-(2,4)
Target Locations:  0-(3,8) 1-(8,11) 2-(2,4) 3-(4,1) 4-(4,2)
Task Assignment: 0-2 1-0 2-1 3-3 4-4
Robot 4 finished At time 157
Time 159
Robots Locations 0-(2,5) 1-(6,8) 2-(10,11) 3-(4,1) 4-(4,2)
Target Locations:  0-(3,8) 1-(8,11) 2-(2,4) 3-(4,1) 4-(14,12)
Task Assignment: 0-0 1-1 2-4 3-3 4-2
Robot 3 finished At time 161
Time 163
Robots Locations 0-(2,4) 1-(5,9) 2-(10,11) 3-(4,1) 4-(5,2)
Target Locations:  0-(3,8) 1-(8,11) 2-(2,4) 3-(14,12) 4-(1,9)
Task Assignment: 0-4 1-1 2-3 3-2 4-0
Robot 3 finished At time 173
Time 175
Robots Locations 0-(1,9) 1-(8,11) 2-(14,12) 3-(2,4) 4-(3,7)
Target Locations:  0-(3,8) 1-(8,11) 2-(14,12) 3-(1,9) 4-(3,15)
Task Assignment: 0-4 1-1 2-2 3-0 4-3
Robot 1 finished At time 175
Time 178
Robots Locations 0-(1,9) 1-(8,11) 2-(14,12) 3-(2,4) 4-(3,7)
Target Locations:  0-(3,8) 1-(14,12) 2-(1,9) 3-(3,15) 4-(14,8)
Task Assignment: 0-3 1-4 2-1 3-0 4-2
Robot 2 finished At time 180
Time 182
Robots Locations 0-(1,10) 1-(9,11) 2-(14,12) 3-(2,5) 4-(3,8)
Target Locations:  0-(3,8) 1-(1,9) 2-(3,15) 3-(14,8) 4-(5,11)
Task Assignment: 0-2 1-4 2-3 3-0 4-1
Robot 4 finished At time 188
Time 191
Robots Locations 0-(2,13) 1-(7,11) 2-(14,9) 3-(3,8) 4-(1,9)
Target Locations:  0-(3,8) 1-(3,15) 2-(14,8) 3-(5,11) 4-(10,14)
Task Assignment: 0-1 1-4 2-2 3-3 4-0
Robot 2 finished At time 195
Time 198
Robots Locations 0-(3,15) 1-(7,12) 2-(14,8) 3-(4,10) 4-(2,9)
Target Locations:  0-(3,8) 1-(3,15) 2-(5,11) 3-(10,14) 4-(12,8)
Task Assignment: 0-1 1-3 2-4 3-2 4-0
Robot 0 finished At time 200
Time 202
Robots Locations 0-(3,15) 1-(8,13) 2-(13,8) 3-(5,11) 4-(3,8)
Target Locations:  0-(3,8) 1-(5,11) 2-(10,14) 3-(12,8) 4-(2,9)
Task Assignment: 0-1 1-2 2-3 3-4 4-0
Robot 4 finished At time 205
Time 207
Robots Locations 0-(4,15) 1-(9,13) 2-(12,8) 3-(4,11) 4-(3,8)
Target Locations:  0-(5,11) 1-(10,14) 2-(12,8) 3-(2,9) 4-(12,1)
Task Assignment: 0-1 1-2 2-4 3-0 4-3
Robot 3 finished At time 213
Time 215
Robots Locations 0-(7,14) 1-(11,11) 2-(12,5) 3-(5,11) 4-(2,9)
Target Locations:  0-(10,14) 1-(12,8) 2-(2,9) 3-(12,1) 4-(10,9)
Task Assignment: 0-0 1-1 2-3 3-4 4-2
Robot 4 finished At time 217
Time 219
Robots Locations 0-(8,14) 1-(11,10) 2-(12,4) 3-(6,11) 4-(2,9)
Target Locations:  0-(10,14) 1-(12,8) 2-(12,1) 3-(10,9) 4-(14,13)
Task Assignment: 0-0 1-4 2-2 3-1 4-3
Robot 0 finished At time 226
Time 228
Robots Locations 0-(10,14) 1-(13,12) 2-(12,1) 3-(9,10) 4-(5,9)
Target Locations:  0-(12,8) 1-(12,1) 2-(10,9) 3-(14,13) 4-(10,11)
Task Assignment: 0-4 1-3 2-1 3-0 4-2
Robot 2 finished At time 230
Time 233
Robots Locations 0-(10,13) 1-(14,13) 2-(12,1) 3-(10,9) 4-(6,9)
Target Locations:  0-(12,8) 1-(10,9) 2-(14,13) 3-(10,11) 4-(15,9)
Task Assignment: 0-2 1-4 2-0 3-1 4-3
Robot 3 finished At time 237
Time 239
Robots Locations 0-(11,13) 1-(15,12) 2-(13,1) 3-(10,9) 4-(7,10)
Target Locations:  0-(12,8) 1-(14,13) 2-(10,11) 3-(15,9) 4-(9,2)
Task Assignment: 0-1 1-3 2-4 3-0 4-2
Robot 3 finished At time 245
Time 248
Robots Locations 0-(14,13) 1-(15,9) 2-(10,2) 3-(12,8) 4-(10,11)
Target Locations:  0-(14,13) 1-(10,11) 2-(15,9) 3-(9,2) 4-(3,1)
Task Assignment: 0-0 1-2 2-4 3-3 4-1
Robot 0 finished At time 248
Time 251
Robots Locations 0-(14,13) 1-(15,9) 2-(10,2) 3-(12,8) 4-(10,11)
Target Locations:  0-(10,11) 1-(15,9) 2-(9,2) 3-(3,1) 4-(2,14)
Task Assignment: 0-0 1-1 2-3 3-2 4-4
Robot 1 finished At time 252
Time 254
Robots Locations 0-(14,13) 1-(15,9) 2-(9,2) 3-(12,7) 4-(10,11)
Target Locations:  0-(10,11) 1-(9,2) 2-(3,1) 3-(2,14) 4-(3,10)
Task Assignment: 0-0 1-1 2-2 3-4 4-3
Robot 0 finished At time 266
Time 268
Robots Locations 0-(10,11) 1-(11,4) 2-(3,1) 3-(6,9) 4-(5,13)
Target Locations:  0-(9,2) 1-(3,1) 2-(2,14) 3-(3,10) 4-(11,11)
Task Assignment: 0-4 1-0 2-1 3-3 4-2
Robot 2 finished At time 271
Time 273
Robots Locations 0-(10,10) 1-(10,3) 2-(3,1) 3-(5,9) 4-(3,14)
Target Locations:  0-(9,2) 1-(2,14) 2-(3,10) 3-(11,11) 4-(11,12)
Task Assignment: 0-4 1-3 2-0 3-2 4-1
Robot 4 finished At time 278
Robot 0 finished At time 280
Robot 3 finished At time 280
Robot 2 finished At time 288
Robot 1 finished At time 290
/mmd_msd2
Time 2
Robots Locations 0-(3,3) 1-(6,6) 2-(9,10) 3-(12,12) 4-(15,15)
Target Locations:  0-(13,3) 1-(8,1) 2-(13,4) 3-(10,12) 4-(7,4)
Task Assignment: 0-1 1-4 2-0 3-2 4-3
Robot 1 finished At time 8
Time 10
Robots Locations 0-(5,2) 1-(7,4) 2-(11,8) 3-(13,9) 4-(13,13)
Target Locations:  0-(13,3) 1-(8,1) 2-(13,4) 3-(10,12) 4-(12,9)
Task Assignment: 0-1 1-0 2-2 3-4 4-3
Robot 3 finished At time 15
Time 16
Robots Locations 0-(8,1) 1-(10,4) 2-(12,6) 3-(12,9) 4-(11,12)
Target Locations:  0-(13,3) 1-(8,1) 2-(13,4) 3-(10,12) 4-(11,4)
Task Assignment: 0-1 1-4 2-0 3-2 4-3
Robot 0 finished At time 19
Time 21
Robots Locations 0-(8,1) 1-(11,4) 2-(12,5) 3-(11,9) 4-(10,12)
Target Locations:  0-(13,3) 1-(13,4) 2-(10,12) 3-(11,4) 4-(7,13)
Task Assignment: 0-3 1-0 2-1 3-2 4-4
Robot 2 finished At time 24
Time 26
Robots Locations 0-(9,2) 1-(12,3) 2-(13,4) 3-(10,9) 4-(8,13)
Target Locations:  0-(13,3) 1-(10,12) 2-(11,4) 3-(7,13) 4-(4,3)
Task Assignment: 0-4 1-2 2-0 3-1 4-3
Robot 4 finished At time 32
Time 34
Robots Locations 0-(7,3) 1-(11,4) 2-(13,3) 3-(10,11) 4-(7,13)
Target Locations:  0-(13,3) 1-(10,12) 2-(11,4) 3-(4,3) 4-(4,5)
Task Assignment: 0-3 1-4 2-0 3-2 4-1
Robot 2 finished At time 35
Time 37
Robots Locations 0-(7,3) 1-(11,4) 2-(13,3) 3-(10,12) 4-(7,13)
Target Locations:  0-(10,12) 1-(11,4) 2-(4,3) 3-(4,5) 4-(7,3)
Task Assignment: 0-2 1-4 2-1 3-0 4-3
Robot 2 finished At time 44
Time 45
Robots Locations 0-(4,3) 1-(7,3) 2-(11,4) 3-(10,12) 4-(5,12)
Target Locations:  0-(10,12) 1-(4,3) 2-(4,5) 3-(7,3) 4-(10,3)
Task Assignment: 0-1 1-3 2-4 3-0 4-2
Robot 3 finished At time 46
Time 47
Robots Locations 0-(4,3) 1-(7,3) 2-(11,4) 3-(10,12) 4-(5,11)
Target Locations:  0-(4,3) 1-(4,5) 2-(7,3) 3-(10,3) 4-(4,14)
Task Assignment: 0-0 1-2 2-3 3-4 4-1
Robot 0 finished At time 48
Time 50
Robots Locations 0-(4,3) 1-(7,3) 2-(11,4) 3-(10,12) 4-(5,11)
Target Locations:  0-(4,5) 1-(7,3) 2-(10,3) 3-(4,14) 4-(13,9)
Task Assignment: 0-0 1-1 2-2 3-4 4-3
Robot 1 finished At time 52
Time 54
Robots Locations 0-(4,4) 1-(7,3) 2-(10,3) 3-(11,11) 4-(4,11)
Target Locations:  0-(4,5) 1-(10,3) 2-(4,14) 3-(13,9) 4-(13,9)
Task Assignment: 0-0 1-1 2-3 3-4 4-2
Robot 0 finished At time 58
Time 60
Robots Locations 0-(4,5) 1-(8,2) 2-(10,4) 3-(12,9) 4-(4,13)
Target Locations:  0-(10,3) 1-(4,14) 2-(13,9) 3-(13,9) 4-(14,6)
Task Assignment: 0-0 1-4 2-2 3-3 4-1
Robot 4 finished At time 64
Time 66
Robots Locations 0-(5,5) 1-(9,3) 2-(11,6) 3-(13,9) 4-(4,14)
Target Locations:  0-(10,3) 1-(13,9) 2-(13,9) 3-(14,6) 4-(6,13)
Task Assignment: 0-0 1-3 2-1 3-2 4-4
Robot 3 finished At time 66
Time 68
Robots Locations 0-(6,5) 1-(9,3) 2-(11,6) 3-(13,9) 4-(4,14)
Target Locations:  0-(10,3) 1-(13,9) 2-(14,6) 3-(6,13) 4-(7,2)
Task Assignment: 0-4 1-0 2-2 3-1 4-3
Robot 3 finished At time 68
Time 70
Robots Locations 0-(6,5) 1-(10,3) 2-(11,6) 3-(13,9) 4-(4,14)
Target Locations:  0-(10,3) 1-(14,6) 2-(6,13) 3-(7,2) 4-(13,7)
Task Assignment: 0-3 1-0 2-4 3-1 4-2
Robot 1 finished At time 74
Time 75
Robots Locations 0-(6,3) 1-(10,3) 2-(12,7) 3-(14,8) 4-(5,14)
Target Locations:  0-(14,6) 1-(6,13) 2-(7,2) 3-(13,7) 4-(8,7)
Task Assignment: 0-2 1-4 2-3 3-0 4-1
Robot 4 finished At time 80
Time 82
Robots Locations 0-(7,2) 1-(10,4) 2-(13,7) 3-(14,6) 4-(6,13)
Target Locations:  0-(14,6) 1-(7,2) 2-(13,7) 3-(8,7) 4-(1,9)
Task Assignment: 0-1 1-3 2-2 3-0 4-4
Robot 2 finished At time 82
Time 84
Robots Locations 0-(7,2) 1-(10,4) 2-(13,7) 3-(14,6) 4-(6,13)
Target Locations:  0-(14,6) 1-(7,2) 2-(8,7) 3-(1,9) 4-(3,14)
Task Assignment: 0-3 1-1 2-2 3-0 4-4
Robot 3 finished At time 85
Time 87
Robots Locations 0-(7,2) 1-(10,5) 2-(13,7) 3-(14,6) 4-(6,13)
Target Locations:  0-(7,2) 1-(8,7) 2-(1,9) 3-(3,14) 4-(15,13)
Task Assignment: 0-0 1-2 2-4 3-1 4-3
Robot 0 finished At time 93
Time 95
Robots Locations 0-(7,2) 1-(7,6) 2-(14,9) 3-(11,6) 4-(3,14)
Target Locations:  0-(8,7) 1-(1,9) 2-(3,14) 3-(15,13) 4-(3,8)
Task Assignment: 0-4 1-1 2-3 3-0 4-2
Robot 4 finished At time 98
Time 100
Robots Locations 0-(7,3) 1-(5,7) 2-(15,11) 3-(10,7) 4-(3,14)
Target Locations:  0-(8,7) 1-(1,9) 2-(15,13) 3-(3,8) 4-(12,2)
Task Assignment: 0-4 1-3 2-2 3-0 4-1
Robot 3 finished At time 105
Time 107
Robots Locations 0-(9,3) 1-(3,8) 2-(15,13) 3-(8,7) 4-(2,12)
Target Locations:  0-(1,9) 1-(15,13) 2-(3,8) 3-(12,2) 4-(11,5)
Task Assignment: 0-3 1-2 2-1 3-4 4-0
Robot 2 finished At time 108
Time 110
Robots Locations 0-(9,3) 1-(3,8) 2-(15,13) 3-(8,7) 4-(2,12)
Target Locations:  0-(1,9) 1-(3,8) 2-(12,2) 3-(11,5) 4-(8,11)
Task Assignment: 0-2 1-1 2-4 3-3 4-0
Robot 1 finished At time 111
Time 113
Robots Locations 0-(10,3) 1-(3,8) 2-(15,14) 3-(8,6) 4-(1,11)
Target Locations:  0-(1,9) 1-(12,2) 2-(11,5) 3-(8,11) 4-(14,10)
Task Assignment: 0-1 1-3 2-4 3-2 4-0
Robot 4 finished At time 119
Time 120
Robots Locations 0-(12,2) 1-(5,10) 2-(14,11) 3-(10,5) 4-(1,9)
Target Locations:  0-(12,2) 1-(11,5) 2-(8,11) 3-(14,10) 4-(2,4)
Task Assignment: 0-0 1-2 2-3 3-1 4-4
Robot 0 finished At time 121
Time 123
Robots Locations 0-(12,2) 1-(5,10) 2-(14,11) 3-(11,5) 4-(1,9)
Target Locations:  0-(11,5) 1-(8,11) 2-(14,10) 3-(2,4) 4-(4,1)
Task Assignment: 0-4 1-1 2-2 3-0 4-3
Robot 3 finished At time 126
Time 127
Robots Locations 0-(12,1) 1-(6,10) 2-(14,10) 3-(11,5) 4-(1,7)
Target Locations:  0-(8,11) 1-(14,10) 2-(2,4) 3-(4,1) 4-(4,2)
Task Assignment: 0-3 1-0 2-1 3-4 4-2
Robot 2 finished At time 128
Time 130
Robots Locations 0-(11,1) 1-(7,10) 2-(14,10) 3-(11,5) 4-(1,7)
Target Locations:  0-(8,11) 1-(2,4) 2-(4,1) 3-(4,2) 4-(14,12)
Task Assignment: 0-2 1-0 2-4 3-3 4-1
Robot 1 finished At time 135
Time 136
Robots Locations 0-(9,1) 1-(8,11) 2-(14,11) 3-(9,4) 4-(2,4)
Target Locations:  0-(2,4) 1-(4,1) 2-(4,2) 3-(14,12) 4-(1,9)
Task Assignment: 0-1 1-4 2-3 3-2 4-0
Robot 4 finished At time 139
Time 141
Robots Locations 0-(7,1) 1-(8,12) 2-(14,12) 3-(8,3) 4-(2,4)
Target Locations:  0-(4,1) 1-(4,2) 2-(14,12) 3-(1,9) 4-(3,15)
Task Assignment: 0-0 1-4 2-2 3-1 4-3
Robot 2 finished At time 142
Time 144
Robots Locations 0-(7,1) 1-(7,12) 2-(14,12) 3-(7,3) 4-(2,4)
Target Locations:  0-(4,1) 1-(4,2) 2-(1,9) 3-(3,15) 4-(14,8)
Task Assignment: 0-0 1-3 2-4 3-1 4-2
Robot 0 finished At time 151
Time 153
Robots Locations 0-(4,1) 1-(4,14) 2-(14,9) 3-(4,2) 4-(2,7)
Target Locations:  0-(4,2) 1-(1,9) 2-(3,15) 3-(14,8) 4-(5,11)
Task Assignment: 0-0 1-2 2-3 3-1 4-4
Robot 2 finished At time 158
Time 160
Robots Locations 0-(4,2) 1-(3,15) 2-(14,8) 3-(3,4) 4-(3,9)
Target Locations:  0-(4,2) 1-(1,9) 2-(3,15) 3-(5,11) 4-(10,14)
Task Assignment: 0-0 1-2 2-4 3-1 4-3
Robot 1 finished At time 161
Time 163
Robots Locations 0-(4,2) 1-(3,15) 2-(14,8) 3-(3,4) 4-(3,9)
Target Locations:  0-(4,2) 1-(1,9) 2-(5,11) 3-(10,14) 4-(12,8)
Task Assignment: 0-0 1-3 2-4 3-1 4-2
Robot 0 finished At time 164
Time 166
Robots Locations 0-(4,2) 1-(3,16) 2-(13,8) 3-(2,5) 4-(4,10)
Target Locations:  0-(1,9) 1-(5,11) 2-(10,14) 3-(12,8) 4-(2,9)
Task Assignment: 0-0 1-2 2-3 3-4 4-1
Robot 2 finished At time 171
Time 172
Robots Locations 0-(4,4) 1-(5,15) 2-(12,8) 3-(2,8) 4-(5,11)
Target Locations:  0-(1,9) 1-(5,11) 2-(10,14) 3-(2,9) 4-(12,1)
Task Assignment: 0-0 1-2 2-4 3-3 4-1
Robot 4 finished At time 174
Time 176
Robots Locations 0-(3,5) 1-(6,15) 2-(12,8) 3-(2,8) 4-(5,11)
Target Locations:  0-(1,9) 1-(10,14) 2-(2,9) 3-(12,1) 4-(10,9)
Task Assignment: 0-0 1-1 2-3 3-2 4-4
Robot 3 finished At time 179
Time 181
Robots Locations 0-(2,6) 1-(8,15) 2-(12,6) 3-(2,9) 4-(7,11)
Target Locations:  0-(1,9) 1-(10,14) 2-(12,1) 3-(10,9) 4-(14,13)
Task Assignment: 0-3 1-4 2-2 3-0 4-1
Robot 3 finished At time 186
Time 188
Robots Locations 0-(4,7) 1-(10,14) 2-(12,3) 3-(1,9) 4-(8,12)
Target Locations:  0-(10,14) 1-(12,1) 2-(10,9) 3-(14,13) 4-(10,11)
Task Assignment: 0-2 1-3 2-1 3-4 4-0
Robot 4 finished At time 194
Time 196
Robots Locations 0-(8,8) 1-(13,13) 2-(12,1) 3-(4,9) 4-(10,14)
Target Locations:  0-(12,1) 1-(10,9) 2-(14,13) 3-(10,11) 4-(15,9)
Task Assignment: 0-1 1-4 2-0 3-3 4-2
Robot 2 finished At time 197
Time 198
Robots Locations 0-(8,8) 1-(14,13) 2-(12,1) 3-(4,9) 4-(10,14)
Target Locations:  0-(10,9) 1-(14,13) 2-(10,11) 3-(15,9) 4-(9,2)
Task Assignment: 0-0 1-3 2-4 3-2 4-1
Robot 0 finished At time 204
Time 206
Robots Locations 0-(10,9) 1-(15,10) 2-(10,2) 3-(7,10) 4-(13,13)
Target Locations:  0-(14,13) 1-(10,11) 2-(15,9) 3-(9,2) 4-(3,1)
Task Assignment: 0-3 1-2 2-4 3-1 4-0
Robot 4 finished At time 210
Time 212
Robots Locations 0-(10,8) 1-(15,9) 2-(8,2) 3-(9,11) 4-(14,13)
Target Locations:  0-(10,11) 1-(15,9) 2-(9,2) 3-(3,1) 4-(2,14)
Task Assignment: 0-2 1-1 2-3 3-4 4-0
Robot 1 finished At time 212
Time 214
Robots Locations 0-(10,7) 1-(15,9) 2-(7,2) 3-(9,11) 4-(14,13)
Target Locations:  0-(10,11) 1-(9,2) 2-(3,1) 3-(2,14) 4-(3,10)
Task Assignment: 0-4 1-1 2-2 3-3 4-0
Robot 2 finished At time 225
Time 226
Robots Locations 0-(5,9) 1-(12,5) 2-(3,1) 3-(4,13) 4-(10,11)
Target Locations:  0-(10,11) 1-(9,2) 2-(2,14) 3-(3,10) 4-(11,11)
Task Assignment: 0-3 1-4 2-1 3-2 4-0
Robot 4 finished At time 228
Time 229
Robots Locations 0-(5,9) 1-(11,5) 2-(3,1) 3-(4,13) 4-(10,11)
Target Locations:  0-(9,2) 1-(2,14) 2-(3,10) 3-(11,11) 4-(11,12)
Task Assignment: 0-2 1-3 2-0 3-1 4-4
Robot 3 finished At time 235
Robot 0 finished At time 235
Robot 4 finished At time 236
Robot 2 finished At time 244
Robot 1 finished At time 402
