Goals: (1,10) (5,13) (8,6) (9,9) (3,15) (8,4) (9,3) (4,7) (15,14) (10,5) (15,6) (11,8) (4,7) (6,15) (11,9) (10,9) (13,11) (8,7) (7,13) (12,1) (11,9) (3,11) (2,12) (10,7) (11,8) (14,11) (10,3) (9,9) (8,13) (14,15) (15,3) (5,8) (6,13) (2,5) (12,12) (6,13) (15,8) (4,8) (6,1) (9,5) (15,9) (11,14) (7,10) (14,4) (10,6) (15,12) (12,2) (6,11) (15,2) (14,7)
/BLE
Time 2
Robots Locations 0-(3,3) 1-(6,6) 2-(9,9) 3-(12,13) 4-(15,15)
Target Locations:  0-(14,7) 1-(15,2) 2-(6,11) 3-(12,2) 4-(15,12)
Task Assignment: 4-4 2-2 3-0 1-3 0-1
Robot 4 finished At time 12
Time 14
Robots Locations 0-(7,2) 1-(9,5) 2-(6,11) 3-(13,9) 4-(15,12)
Target Locations:  0-(14,7) 1-(15,2) 2-(6,11) 3-(12,2) 4-(10,6)
Task Assignment: 2-2 1-4 3-0 0-3 4-1
Robot 2 finished At time 14
Time 16
Robots Locations 0-(8,2) 1-(9,5) 2-(6,11) 3-(13,9) 4-(15,12)
Target Locations:  0-(14,7) 1-(15,2) 2-(12,2) 3-(10,6) 4-(14,4)
Task Assignment: 1-3 3-0 0-2 4-4 2-1
Robot 1 finished At time 22
Time 23
Robots Locations 0-(10,2) 1-(10,6) 2-(7,9) 3-(14,7) 4-(15,9)
Target Locations:  0-(14,7) 1-(15,2) 2-(12,2) 3-(14,4) 4-(7,10)
Task Assignment: 3-0 2-4 0-2 1-3 4-1
Robot 3 finished At time 24
Time 26
Robots Locations 0-(11,2) 1-(10,6) 2-(7,9) 3-(14,7) 4-(15,8)
Target Locations:  0-(15,2) 1-(12,2) 2-(14,4) 3-(7,10) 4-(11,14)
Task Assignment: 0-1 2-3 3-2 4-0 1-4
Robot 0 finished At time 30
Time 32
Robots Locations 0-(12,2) 1-(11,8) 2-(7,10) 3-(14,5) 4-(15,6)
Target Locations:  0-(15,2) 1-(14,4) 2-(7,10) 3-(11,14) 4-(15,9)
Task Assignment: 2-2 3-1 0-0 4-4 1-3
Robot 2 finished At time 33
Time 35
Robots Locations 0-(12,2) 1-(11,9) 2-(7,10) 3-(14,5) 4-(15,6)
Target Locations:  0-(15,2) 1-(14,4) 2-(11,14) 3-(15,9) 4-(9,5)
Task Assignment: 3-1 0-0 4-3 1-4 2-2
Robot 3 finished At time 38
Time 40
Robots Locations 0-(14,2) 1-(10,9) 2-(7,11) 3-(14,4) 4-(15,7)
Target Locations:  0-(15,2) 1-(11,14) 2-(15,9) 3-(9,5) 4-(6,1)
Task Assignment: 0-0 4-2 1-3 2-1 3-4
Robot 0 finished At time 43
Time 45
Robots Locations 0-(15,2) 1-(9,7) 2-(9,12) 3-(12,3) 4-(15,9)
Target Locations:  0-(11,14) 1-(15,9) 2-(9,5) 3-(6,1) 4-(4,8)
Task Assignment: 4-1 1-2 2-0 3-3 0-4
Robot 4 finished At time 47
Time 49
Robots Locations 0-(15,3) 1-(9,6) 2-(10,13) 3-(11,3) 4-(15,9)
Target Locations:  0-(11,14) 1-(9,5) 2-(6,1) 3-(4,8) 4-(15,8)
Task Assignment: 1-1 4-4 2-0 3-2 0-3
Robot 1 finished At time 52
Time 54
Robots Locations 0-(14,3) 1-(9,5) 2-(11,14) 3-(10,2) 4-(14,9)
Target Locations:  0-(11,14) 1-(6,1) 2-(4,8) 3-(15,8) 4-(6,13)
Task Assignment: 2-0 4-3 3-1 1-2 0-4
Robot 2 finished At time 56
Time 58
Robots Locations 0-(13,4) 1-(8,5) 2-(11,14) 3-(9,2) 4-(15,8)
Target Locations:  0-(6,1) 1-(4,8) 2-(15,8) 3-(6,13) 4-(12,12)
Task Assignment: 4-2 2-4 3-0 1-1 0-3
Robot 4 finished At time 60
Time 62
Robots Locations 0-(13,5) 1-(7,6) 2-(12,14) 3-(8,2) 4-(15,8)
Target Locations:  0-(6,1) 1-(4,8) 2-(6,13) 3-(12,12) 4-(2,5)
Task Assignment: 2-3 3-0 1-1 4-2 0-4
Robot 2 finished At time 67
Time 69
Robots Locations 0-(10,5) 1-(5,7) 2-(12,12) 3-(6,1) 4-(13,8)
Target Locations:  0-(6,1) 1-(4,8) 2-(6,13) 3-(2,5) 4-(6,13)
Task Assignment: 3-0 1-1 2-4 0-3 4-2
Robot 3 finished At time 69
Time 71
Robots Locations 0-(10,5) 1-(5,7) 2-(12,12) 3-(6,1) 4-(13,8)
Target Locations:  0-(4,8) 1-(6,13) 2-(2,5) 3-(6,13) 4-(5,8)
Task Assignment: 1-4 3-2 2-3 0-0 4-1
Robot 1 finished At time 75
Time 77
Robots Locations 0-(8,6) 1-(5,8) 2-(10,12) 3-(5,2) 4-(12,9)
Target Locations:  0-(4,8) 1-(6,13) 2-(2,5) 3-(6,13) 4-(15,3)
Task Assignment: 1-0 2-3 3-2 4-4 0-1
Robot 1 finished At time 83
Time 85
Robots Locations 0-(7,9) 1-(4,8) 2-(8,13) 3-(3,4) 4-(12,7)
Target Locations:  0-(6,13) 1-(2,5) 2-(6,13) 3-(15,3) 4-(14,15)
Task Assignment: 3-1 2-0 0-2 4-3 1-4
Robot 3 finished At time 89
Time 90
Robots Locations 0-(7,11) 1-(5,8) 2-(6,13) 3-(2,5) 4-(13,6)
Target Locations:  0-(6,13) 1-(6,13) 2-(15,3) 3-(14,15) 4-(8,13)
Task Assignment: 2-0 0-1 4-2 1-4 3-3
Robot 2 finished At time 92
Time 94
Robots Locations 0-(6,11) 1-(6,9) 2-(6,13) 3-(2,6) 4-(13,5)
Target Locations:  0-(6,13) 1-(15,3) 2-(14,15) 3-(8,13) 4-(9,9)
Task Assignment: 2-0 4-1 0-3 1-4 3-2
Robot 2 finished At time 94
Time 96
Robots Locations 0-(6,12) 1-(6,9) 2-(6,13) 3-(2,6) 4-(14,5)
Target Locations:  0-(15,3) 1-(14,15) 2-(8,13) 3-(9,9) 4-(10,3)
Task Assignment: 2-2 4-0 1-3 3-4 0-1
Robot 4 finished At time 103
Time 105
Robots Locations 0-(9,13) 1-(9,9) 2-(8,13) 3-(5,5) 4-(15,3)
Target Locations:  0-(14,15) 1-(8,13) 2-(9,9) 3-(10,3) 4-(14,11)
Task Assignment: 1-2 2-1 4-3 0-4 3-0
Robot 1 finished At time 107
Time 108
Robots Locations 0-(10,13) 1-(9,9) 2-(8,13) 3-(6,5) 4-(15,2)
Target Locations:  0-(14,15) 1-(8,13) 2-(10,3) 3-(14,11) 4-(11,8)
Task Assignment: 2-1 1-4 3-2 0-3 4-0
Robot 2 finished At time 109
Time 111
Robots Locations 0-(10,13) 1-(9,9) 2-(8,13) 3-(6,5) 4-(15,2)
Target Locations:  0-(14,15) 1-(10,3) 2-(14,11) 3-(11,8) 4-(10,7)
Task Assignment: 1-4 3-1 0-2 2-3 4-0
Robot 1 finished At time 117
Time 119
Robots Locations 0-(13,11) 1-(10,7) 2-(10,10) 3-(9,4) 4-(14,5)
Target Locations:  0-(14,15) 1-(10,3) 2-(14,11) 3-(11,8) 4-(2,12)
Task Assignment: 0-2 3-1 1-3 2-0 4-4
Robot 0 finished At time 122
Time 124
Robots Locations 0-(14,11) 1-(11,8) 2-(11,11) 3-(10,3) 4-(13,6)
Target Locations:  0-(14,15) 1-(10,3) 2-(11,8) 3-(2,12) 4-(3,11)
Task Assignment: 3-1 1-2 0-0 2-4 4-3
Robot 3 finished At time 126
Time 127
Robots Locations 0-(15,11) 1-(11,8) 2-(11,12) 3-(10,3) 4-(12,6)
Target Locations:  0-(14,15) 1-(11,8) 2-(2,12) 3-(3,11) 4-(11,9)
Task Assignment: 1-1 2-4 0-0 4-3 3-2
Robot 1 finished At time 129
Time 131
Robots Locations 0-(14,12) 1-(11,8) 2-(10,12) 3-(11,3) 4-(12,7)
Target Locations:  0-(14,15) 1-(2,12) 2-(3,11) 3-(11,9) 4-(12,1)
Task Assignment: 1-3 3-4 0-0 2-2 4-1
Robot 1 finished At time 134
Time 136
Robots Locations 0-(14,14) 1-(11,9) 2-(8,11) 3-(12,2) 4-(10,8)
Target Locations:  0-(14,15) 1-(2,12) 2-(3,11) 3-(12,1) 4-(7,13)
Task Assignment: 3-3 0-0 2-4 4-2 1-1
Robot 0 finished At time 140
Time 142
Robots Locations 0-(14,15) 1-(9,10) 2-(7,13) 3-(12,1) 4-(8,9)
Target Locations:  0-(2,12) 1-(3,11) 2-(12,1) 3-(7,13) 4-(8,7)
Task Assignment: 3-2 2-3 4-4 1-1 0-0
Robot 3 finished At time 143
Time 144
Robots Locations 0-(14,15) 1-(9,10) 2-(7,13) 3-(12,1) 4-(8,9)
Target Locations:  0-(2,12) 1-(3,11) 2-(7,13) 3-(8,7) 4-(13,11)
Task Assignment: 2-2 4-3 0-4 1-1 3-0
Robot 2 finished At time 147
Time 148
Robots Locations 0-(13,15) 1-(8,10) 2-(7,13) 3-(11,0) 4-(7,8)
Target Locations:  0-(2,12) 1-(3,11) 2-(8,7) 3-(13,11) 4-(10,9)
Task Assignment: 4-2 1-4 0-3 2-1 3-0
Robot 4 finished At time 153
Time 155
Robots Locations 0-(13,13) 1-(9,9) 2-(5,12) 3-(10,2) 4-(8,7)
Target Locations:  0-(2,12) 1-(3,11) 2-(13,11) 3-(10,9) 4-(11,9)
Task Assignment: 1-3 0-2 2-1 4-4 3-0
Robot 1 finished At time 160
Time 162
Robots Locations 0-(13,11) 1-(10,9) 2-(3,11) 3-(8,4) 4-(10,8)
Target Locations:  0-(2,12) 1-(3,11) 2-(13,11) 3-(11,9) 4-(6,15)
Task Assignment: 0-2 2-1 1-3 4-4 3-0
Robot 0 finished At time 162
Time 164
Robots Locations 0-(13,11) 1-(10,9) 2-(3,11) 3-(8,4) 4-(10,8)
Target Locations:  0-(2,12) 1-(3,11) 2-(11,9) 3-(6,15) 4-(4,7)
Task Assignment: 2-1 1-2 3-4 0-3 4-0
Robot 2 finished At time 166
Time 168
Robots Locations 0-(12,11) 1-(11,9) 2-(3,11) 3-(7,5) 4-(9,8)
Target Locations:  0-(2,12) 1-(11,9) 2-(6,15) 3-(4,7) 4-(11,8)
Task Assignment: 1-1 2-0 4-4 3-3 0-2
Robot 1 finished At time 170
Time 171
Robots Locations 0-(12,11) 1-(11,9) 2-(2,11) 3-(7,5) 4-(9,9)
Target Locations:  0-(2,12) 1-(6,15) 2-(4,7) 3-(11,8) 4-(15,6)
Task Assignment: 1-3 2-0 3-2 0-4 4-1
Robot 2 finished At time 175
Time 177
Robots Locations 0-(11,10) 1-(11,8) 2-(2,12) 3-(5,6) 4-(8,11)
Target Locations:  0-(6,15) 1-(4,7) 2-(11,8) 3-(15,6) 4-(10,5)
Task Assignment: 1-2 3-1 4-0 0-4 2-3
Robot 1 finished At time 178
Time 180
Robots Locations 0-(11,10) 1-(11,8) 2-(2,12) 3-(5,7) 4-(8,11)
Target Locations:  0-(6,15) 1-(4,7) 2-(15,6) 3-(10,5) 4-(15,14)
Task Assignment: 3-1 1-3 4-0 0-2 2-4
Robot 3 finished At time 183
Time 185
Robots Locations 0-(12,8) 1-(10,6) 2-(4,13) 3-(4,7) 4-(7,13)
Target Locations:  0-(6,15) 1-(15,6) 2-(10,5) 3-(15,14) 4-(4,7)
Task Assignment: 3-4 1-2 4-0 0-1 2-3
Robot 3 finished At time 186
Time 188
Robots Locations 0-(13,8) 1-(10,6) 2-(4,13) 3-(4,7) 4-(7,13)
Target Locations:  0-(6,15) 1-(15,6) 2-(10,5) 3-(15,14) 4-(9,3)
Task Assignment: 1-2 4-0 0-1 3-4 2-3
Robot 1 finished At time 192
Time 194
Robots Locations 0-(14,7) 1-(10,5) 2-(6,13) 3-(4,6) 4-(6,15)
Target Locations:  0-(6,15) 1-(15,6) 2-(15,14) 3-(9,3) 4-(8,4)
Task Assignment: 4-0 0-1 1-4 3-3 2-2
Robot 4 finished At time 196
Time 198
Robots Locations 0-(15,6) 1-(9,4) 2-(7,13) 3-(5,5) 4-(6,15)
Target Locations:  0-(15,6) 1-(15,14) 2-(9,3) 3-(8,4) 4-(3,15)
Task Assignment: 0-0 1-2 4-4 3-3 2-1
Robot 0 finished At time 200
Time 202
Robots Locations 0-(15,6) 1-(9,4) 2-(8,13) 3-(6,5) 4-(5,15)
Target Locations:  0-(15,14) 1-(9,3) 2-(8,4) 3-(3,15) 4-(9,9)
Task Assignment: 1-1 4-3 3-2 2-4 0-0
Robot 1 finished At time 205
Time 207
Robots Locations 0-(16,7) 1-(9,3) 2-(9,12) 3-(8,4) 4-(4,15)
Target Locations:  0-(15,14) 1-(8,4) 2-(3,15) 3-(9,9) 4-(8,6)
Task Assignment: 3-1 4-2 2-3 1-4 0-0
Robot 4 finished At time 210
Time 212
Robots Locations 0-(15,9) 1-(8,3) 2-(9,10) 3-(8,4) 4-(3,15)
Target Locations:  0-(15,14) 1-(8,4) 2-(9,9) 3-(8,6) 4-(5,13)
Task Assignment: 3-1 2-2 4-4 1-3 0-0
Robot 3 finished At time 212
Time 214
Robots Locations 0-(16,9) 1-(8,3) 2-(9,10) 3-(8,4) 4-(3,15)
Target Locations:  0-(15,14) 1-(9,9) 2-(8,6) 3-(5,13) 4-(1,10)
Task Assignment: 2-1 3-2 4-3 0-0 1-4
Robot 2 finished At time 219
Robot 3 finished At time 221
Robot 4 finished At time 223
Robot 0 finished At time 225
Robot 1 finished At time 233
/MURDOCH
Time 1
Robots Locations 0-(3,3) 1-(6,6) 2-(10,9) 3-(12,13) 4-(16,15)
Target Locations:  0-(14,7) 1-(15,2) 2-(6,11) 3-(12,2) 4-(15,12)
Task Assignment: 1-0 2-1 0-2 4-3 3-4
Robot 3 finished At time 18
Time 19
Robots Locations 0-(5,9) 1-(14,7) 2-(14,3) 3-(15,12) 4-(15,9)
Target Locations:  0-(14,7) 1-(15,2) 2-(6,11) 3-(12,2) 4-(10,6)
Task Assignment: 1-0 2-1 0-2 4-3 3-4
Robot 1 finished At time 21
Time 23
Robots Locations 0-(6,10) 1-(14,7) 2-(15,2) 3-(14,12) 4-(15,9)
Target Locations:  0-(15,2) 1-(6,11) 2-(12,2) 3-(10,6) 4-(14,4)
Task Assignment: 2-0 0-1 4-2 3-3 1-4
Robot 2 finished At time 25
Time 28
Robots Locations 0-(6,11) 1-(14,6) 2-(15,2) 3-(14,11) 4-(14,8)
Target Locations:  0-(6,11) 1-(12,2) 2-(10,6) 3-(14,4) 4-(7,10)
Task Assignment: 0-0 4-1 3-2 1-3 2-4
Robot 0 finished At time 29
Time 31
Robots Locations 0-(6,11) 1-(14,5) 2-(15,1) 3-(13,10) 4-(14,7)
Target Locations:  0-(12,2) 1-(10,6) 2-(14,4) 3-(7,10) 4-(11,14)
Task Assignment: 4-0 3-1 1-2 2-3 0-4
Robot 1 finished At time 35
Time 37
Robots Locations 0-(8,12) 1-(14,4) 2-(13,3) 3-(12,8) 4-(13,5)
Target Locations:  0-(12,2) 1-(10,6) 2-(7,10) 3-(11,14) 4-(15,9)
Task Assignment: 4-0 3-1 2-2 0-3 1-4
Robot 3 finished At time 46
Time 48
Robots Locations 0-(11,14) 1-(15,5) 2-(11,5) 3-(10,6) 4-(12,2)
Target Locations:  0-(12,2) 1-(7,10) 2-(11,14) 3-(15,9) 4-(9,5)
Task Assignment: 4-0 2-1 0-2 1-3 3-4
Robot 0 finished At time 48
Time 50
Robots Locations 0-(11,14) 1-(15,6) 2-(11,5) 3-(10,6) 4-(12,2)
Target Locations:  0-(12,2) 1-(7,10) 2-(15,9) 3-(9,5) 4-(6,1)
Task Assignment: 4-0 2-1 1-2 3-3 0-4
Robot 4 finished At time 52
Time 54
Robots Locations 0-(12,14) 1-(15,7) 2-(10,5) 3-(9,5) 4-(12,2)
Target Locations:  0-(7,10) 1-(15,9) 2-(9,5) 3-(6,1) 4-(4,8)
Task Assignment: 2-0 1-1 3-2 0-3 4-4
Robot 3 finished At time 57
Time 59
Robots Locations 0-(11,13) 1-(15,8) 2-(10,5) 3-(9,5) 4-(11,2)
Target Locations:  0-(7,10) 1-(15,9) 2-(6,1) 3-(4,8) 4-(15,8)
Task Assignment: 2-0 1-1 0-2 4-3 3-4
Robot 1 finished At time 63
Time 65
Robots Locations 0-(10,11) 1-(15,9) 2-(10,4) 3-(9,4) 4-(10,3)
Target Locations:  0-(7,10) 1-(6,1) 2-(4,8) 3-(15,8) 4-(6,13)
Task Assignment: 2-0 0-1 4-2 3-3 1-4
Robot 3 finished At time 82
Time 83
Robots Locations 0-(7,3) 1-(7,13) 2-(8,9) 3-(15,8) 4-(4,8)
Target Locations:  0-(7,10) 1-(6,1) 2-(4,8) 3-(6,13) 4-(12,12)
Task Assignment: 2-0 0-1 4-2 1-3 3-4
Robot 4 finished At time 84
Time 85
Robots Locations 0-(7,3) 1-(7,13) 2-(8,9) 3-(15,8) 4-(4,8)
Target Locations:  0-(7,10) 1-(6,1) 2-(6,13) 3-(12,12) 4-(2,5)
Task Assignment: 2-0 0-1 1-2 3-3 4-4
Robot 1 finished At time 89
Time 91
Robots Locations 0-(6,1) 1-(6,13) 2-(7,10) 3-(14,10) 4-(3,7)
Target Locations:  0-(7,10) 1-(6,1) 2-(12,12) 3-(2,5) 4-(6,13)
Task Assignment: 2-0 0-1 3-2 4-3 1-4
Robot 2 finished At time 91
Time 93
Robots Locations 0-(6,1) 1-(6,13) 2-(7,10) 3-(14,10) 4-(3,7)
Target Locations:  0-(6,1) 1-(12,12) 2-(2,5) 3-(6,13) 4-(5,8)
Task Assignment: 0-0 3-1 4-2 1-3 2-4
Robot 1 finished At time 94
Time 95
Robots Locations 0-(6,1) 1-(6,13) 2-(7,10) 3-(14,10) 4-(3,7)
Target Locations:  0-(6,1) 1-(12,12) 2-(2,5) 3-(5,8) 4-(15,3)
Task Assignment: 0-0 3-1 4-2 2-3 1-4
Robot 0 finished At time 96
Time 98
Robots Locations 0-(6,1) 1-(6,13) 2-(7,10) 3-(14,10) 4-(2,6)
Target Locations:  0-(12,12) 1-(2,5) 2-(5,8) 3-(15,3) 4-(14,15)
Task Assignment: 3-0 4-1 2-2 1-3 0-4
Robot 4 finished At time 103
Time 104
Robots Locations 0-(7,1) 1-(7,11) 2-(5,8) 3-(12,12) 4-(2,5)
Target Locations:  0-(12,12) 1-(5,8) 2-(15,3) 3-(14,15) 4-(8,13)
Task Assignment: 3-0 2-1 1-2 0-3 4-4
Robot 3 finished At time 107
Time 108
Robots Locations 0-(8,2) 1-(7,11) 2-(5,8) 3-(12,12) 4-(3,4)
Target Locations:  0-(5,8) 1-(15,3) 2-(14,15) 3-(8,13) 4-(9,9)
Task Assignment: 2-0 1-1 0-2 4-3 3-4
Robot 2 finished At time 109
Time 111
Robots Locations 0-(8,2) 1-(7,10) 2-(5,8) 3-(12,12) 4-(3,4)
Target Locations:  0-(15,3) 1-(14,15) 2-(8,13) 3-(9,9) 4-(10,3)
Task Assignment: 1-0 0-1 4-2 3-3 2-4
Robot 3 finished At time 121
Time 123
Robots Locations 0-(10,7) 1-(11,7) 2-(9,4) 3-(9,9) 4-(6,9)
Target Locations:  0-(15,3) 1-(14,15) 2-(8,13) 3-(10,3) 4-(14,11)
Task Assignment: 1-0 0-1 4-2 2-3 3-4
Robot 2 finished At time 129
Time 131
Robots Locations 0-(11,10) 1-(13,5) 2-(10,3) 3-(10,9) 4-(7,12)
Target Locations:  0-(15,3) 1-(14,15) 2-(8,13) 3-(14,11) 4-(11,8)
Task Assignment: 1-0 0-1 4-2 3-3 2-4
Robot 4 finished At time 136
Time 138
Robots Locations 0-(13,12) 1-(15,3) 2-(11,5) 3-(12,10) 4-(8,13)
Target Locations:  0-(15,3) 1-(14,15) 2-(14,11) 3-(11,8) 4-(10,7)
Task Assignment: 1-0 0-1 3-2 2-3 4-4
Robot 1 finished At time 139
Time 141
Robots Locations 0-(13,13) 1-(15,3) 2-(11,6) 3-(13,10) 4-(8,13)
Target Locations:  0-(14,15) 1-(14,11) 2-(11,8) 3-(10,7) 4-(2,12)
Task Assignment: 0-0 3-1 2-2 4-3 1-4
Robot 3 finished At time 145
Time 147
Robots Locations 0-(14,15) 1-(14,3) 2-(11,8) 3-(14,11) 4-(9,11)
Target Locations:  0-(14,15) 1-(11,8) 2-(10,7) 3-(2,12) 4-(3,11)
Task Assignment: 0-0 2-1 4-2 1-3 3-4
Robot 0 finished At time 149
Time 151
Robots Locations 0-(14,15) 1-(13,3) 2-(11,8) 3-(14,12) 4-(9,10)
Target Locations:  0-(11,8) 1-(10,7) 2-(2,12) 3-(3,11) 4-(11,9)
Task Assignment: 2-0 4-1 1-2 3-3 0-4
Robot 2 finished At time 151
Time 153
Robots Locations 0-(14,15) 1-(13,4) 2-(11,8) 3-(14,12) 4-(9,10)
Target Locations:  0-(10,7) 1-(2,12) 2-(3,11) 3-(11,9) 4-(12,1)
Task Assignment: 4-0 1-1 3-2 0-3 2-4
Robot 4 finished At time 161
Time 163
Robots Locations 0-(13,12) 1-(10,6) 2-(12,5) 3-(10,12) 4-(10,7)
Target Locations:  0-(2,12) 1-(3,11) 2-(11,9) 3-(12,1) 4-(7,13)
Task Assignment: 1-0 3-1 0-2 2-3 4-4
Robot 0 finished At time 173
Time 174
Robots Locations 0-(11,9) 1-(6,9) 2-(12,1) 3-(5,11) 4-(9,11)
Target Locations:  0-(2,12) 1-(3,11) 2-(12,1) 3-(7,13) 4-(8,7)
Task Assignment: 1-0 3-1 2-2 4-3 0-4
Robot 2 finished At time 176
Time 178
Robots Locations 0-(11,9) 1-(5,9) 2-(12,1) 3-(4,11) 4-(8,11)
Target Locations:  0-(2,12) 1-(3,11) 2-(7,13) 3-(8,7) 4-(13,11)
Task Assignment: 1-0 3-1 4-2 0-3 2-4
Robot 3 finished At time 183
Time 185
Robots Locations 0-(8,7) 1-(4,10) 2-(13,2) 3-(3,11) 4-(7,13)
Target Locations:  0-(2,12) 1-(7,13) 2-(8,7) 3-(13,11) 4-(10,9)
Task Assignment: 1-0 4-1 0-2 2-3 3-4
Robot 4 finished At time 187
Time 189
Robots Locations 0-(8,7) 1-(4,10) 2-(13,3) 3-(3,10) 4-(7,13)
Target Locations:  0-(2,12) 1-(8,7) 2-(13,11) 3-(10,9) 4-(11,9)
Task Assignment: 1-0 0-1 2-2 3-3 4-4
Robot 0 finished At time 190
Time 192
Robots Locations 0-(8,7) 1-(3,10) 2-(13,4) 3-(3,10) 4-(7,13)
Target Locations:  0-(2,12) 1-(13,11) 2-(10,9) 3-(11,9) 4-(6,15)
Task Assignment: 1-0 2-1 3-2 4-3 0-4
Robot 1 finished At time 201
Time 203
Robots Locations 0-(7,11) 1-(2,12) 2-(13,8) 3-(6,10) 4-(10,11)
Target Locations:  0-(13,11) 1-(10,9) 2-(11,9) 3-(6,15) 4-(4,7)
Task Assignment: 2-0 3-1 4-2 0-3 1-4
Robot 4 finished At time 209
Time 211
Robots Locations 0-(6,14) 1-(3,11) 2-(13,11) 3-(8,10) 4-(11,9)
Target Locations:  0-(13,11) 1-(10,9) 2-(6,15) 3-(4,7) 4-(11,8)
Task Assignment: 2-0 3-1 0-2 1-3 4-4
Robot 2 finished At time 212
Time 214
Robots Locations 0-(6,15) 1-(3,10) 2-(13,11) 3-(8,10) 4-(11,8)
Target Locations:  0-(10,9) 1-(6,15) 2-(4,7) 3-(11,8) 4-(15,6)
Task Assignment: 3-0 0-1 1-2 4-3 2-4
Robot 4 finished At time 217
Time 219
Robots Locations 0-(6,15) 1-(4,9) 2-(14,11) 3-(10,9) 4-(11,8)
Target Locations:  0-(10,9) 1-(6,15) 2-(4,7) 3-(15,6) 4-(10,5)
Task Assignment: 3-0 0-1 1-2 2-3 4-4
Robot 0 finished At time 219
Time 221
Robots Locations 0-(6,15) 1-(4,8) 2-(14,11) 3-(10,9) 4-(11,8)
Target Locations:  0-(10,9) 1-(4,7) 2-(15,6) 3-(10,5) 4-(15,14)
Task Assignment: 3-0 1-1 2-2 4-3 0-4
Robot 3 finished At time 224
Time 226
Robots Locations 0-(7,15) 1-(4,7) 2-(14,10) 3-(10,9) 4-(11,7)
Target Locations:  0-(4,7) 1-(15,6) 2-(10,5) 3-(15,14) 4-(4,7)
Task Assignment: 1-0 2-1 4-2 0-3 3-4
Robot 1 finished At time 228
Time 230
Robots Locations 0-(8,15) 1-(4,7) 2-(14,9) 3-(10,8) 4-(10,6)
Target Locations:  0-(15,6) 1-(10,5) 2-(15,14) 3-(4,7) 4-(9,3)
Task Assignment: 2-0 4-1 0-2 3-3 1-4
Robot 4 finished At time 233
Time 234
Robots Locations 0-(10,15) 1-(5,6) 2-(15,7) 3-(8,8) 4-(10,5)
Target Locations:  0-(15,6) 1-(15,14) 2-(4,7) 3-(9,3) 4-(8,4)
Task Assignment: 2-0 0-1 3-2 1-3 4-4
Robot 2 finished At time 238
Time 240
Robots Locations 0-(12,15) 1-(7,5) 2-(15,6) 3-(6,7) 4-(8,4)
Target Locations:  0-(15,14) 1-(4,7) 2-(9,3) 3-(8,4) 4-(3,15)
Task Assignment: 0-0 3-1 1-2 4-3 2-4
Robot 4 finished At time 245
Time 247
Robots Locations 0-(14,14) 1-(8,5) 2-(14,6) 3-(4,7) 4-(8,4)
Target Locations:  0-(15,14) 1-(4,7) 2-(9,3) 3-(3,15) 4-(9,9)
Task Assignment: 0-0 3-1 1-2 2-3 4-4
Robot 3 finished At time 250
Time 252
Robots Locations 0-(15,14) 1-(9,4) 2-(12,7) 3-(4,7) 4-(7,4)
Target Locations:  0-(15,14) 1-(9,3) 2-(3,15) 3-(9,9) 4-(8,6)
Task Assignment: 0-0 1-1 2-2 4-3 3-4
Robot 0 finished At time 253
Time 255
Robots Locations 0-(15,14) 1-(9,3) 2-(12,8) 3-(4,6) 4-(8,5)
Target Locations:  0-(9,3) 1-(3,15) 2-(9,9) 3-(8,6) 4-(5,13)
Task Assignment: 1-0 2-1 4-2 3-3 0-4
Robot 1 finished At time 258
Time 260
Robots Locations 0-(15,13) 1-(9,3) 2-(11,9) 3-(5,6) 4-(8,7)
Target Locations:  0-(3,15) 1-(9,9) 2-(8,6) 3-(5,13) 4-(1,10)
Task Assignment: 2-0 4-1 3-2 0-3 1-4
Robot 4 finished At time 267
Robot 3 finished At time 267
Robot 0 finished At time 278
Robot 2 finished At time 279
Robot 1 finished At time 281
/mmdr
Time 2
Robots Locations 0-(3,3) 1-(6,6) 2-(9,9) 3-(12,12) 4-(15,15)
Target Locations:  0-(14,7) 1-(15,2) 2-(6,11) 3-(12,2) 4-(15,12)
Task Assignment: 0-2 1-3 2-1 3-0 4-4
Robot 4 finished At time 11
Time 13
Robots Locations 0-(5,6) 1-(10,3) 2-(12,5) 3-(14,8) 4-(15,12)
Target Locations:  0-(14,7) 1-(15,2) 2-(6,11) 3-(12,2) 4-(10,6)
Task Assignment: 0-2 1-3 2-1 3-4 4-0
Robot 1 finished At time 19
Time 21
Robots Locations 0-(5,9) 1-(12,2) 2-(14,3) 3-(12,7) 4-(14,9)
Target Locations:  0-(14,7) 1-(15,2) 2-(6,11) 3-(10,6) 4-(14,4)
Task Assignment: 0-2 1-4 2-1 3-3 4-0
Robot 2 finished At time 26
Time 28
Robots Locations 0-(6,11) 1-(14,4) 2-(15,2) 3-(10,6) 4-(14,7)
Target Locations:  0-(14,7) 1-(6,11) 2-(10,6) 3-(14,4) 4-(7,10)
Task Assignment: 0-1 1-2 2-3 3-4 4-0
Robot 0 finished At time 29
Time 32
Robots Locations 0-(6,11) 1-(14,4) 2-(15,2) 3-(10,6) 4-(14,7)
Target Locations:  0-(14,7) 1-(10,6) 2-(14,4) 3-(7,10) 4-(11,14)
Task Assignment: 0-4 1-1 2-2 3-3 4-0
Robot 4 finished At time 33
Time 35
Robots Locations 0-(6,11) 1-(13,4) 2-(16,2) 3-(9,7) 4-(14,7)
Target Locations:  0-(10,6) 1-(14,4) 2-(7,10) 3-(11,14) 4-(15,9)
Task Assignment: 0-3 1-0 2-1 3-2 4-4
Robot 2 finished At time 42
Time 44
Robots Locations 0-(10,13) 1-(10,6) 2-(14,4) 3-(7,10) 4-(15,9)
Target Locations:  0-(10,6) 1-(7,10) 2-(11,14) 3-(15,9) 4-(9,5)
Task Assignment: 0-2 1-4 2-0 3-1 4-3
Robot 4 finished At time 46
Time 48
Robots Locations 0-(10,14) 1-(9,6) 2-(13,4) 3-(7,10) 4-(15,9)
Target Locations:  0-(10,6) 1-(7,10) 2-(11,14) 3-(9,5) 4-(6,1)
Task Assignment: 0-2 1-4 2-3 3-1 4-0
Robot 3 finished At time 50
Time 52
Robots Locations 0-(11,14) 1-(9,5) 2-(13,4) 3-(7,10) 4-(15,9)
Target Locations:  0-(10,6) 1-(11,14) 2-(9,5) 3-(6,1) 4-(4,8)
Task Assignment: 0-1 1-3 2-2 3-4 4-0
Robot 0 finished At time 54
Time 56
Robots Locations 0-(11,14) 1-(8,4) 2-(12,5) 3-(6,10) 4-(14,9)
Target Locations:  0-(10,6) 1-(9,5) 2-(6,1) 3-(4,8) 4-(15,8)
Task Assignment: 0-4 1-2 2-1 3-3 4-0
Robot 2 finished At time 64
Time 66
Robots Locations 0-(13,11) 1-(6,1) 2-(9,5) 3-(4,8) 4-(11,7)
Target Locations:  0-(10,6) 1-(6,1) 2-(4,8) 3-(15,8) 4-(6,13)
Task Assignment: 0-3 1-1 2-2 3-4 4-0
Robot 1 finished At time 69
Time 71
Robots Locations 0-(14,10) 1-(6,1) 2-(8,6) 3-(3,9) 4-(10,6)
Target Locations:  0-(10,6) 1-(4,8) 2-(15,8) 3-(6,13) 4-(12,12)
Task Assignment: 0-4 1-0 2-1 3-3 4-2
Robot 0 finished At time 81
Time 83
Robots Locations 0-(12,12) 1-(9,4) 2-(4,8) 3-(6,13) 4-(14,7)
Target Locations:  0-(10,6) 1-(4,8) 2-(15,8) 3-(6,13) 4-(2,5)
Task Assignment: 0-3 1-0 2-4 3-1 4-2
Robot 4 finished At time 88
Time 91
Robots Locations 0-(10,13) 1-(10,6) 2-(3,6) 3-(6,11) 4-(15,8)
Target Locations:  0-(10,6) 1-(4,8) 2-(6,13) 3-(2,5) 4-(6,13)
Task Assignment: 0-2 1-1 2-3 3-4 4-0
Robot 2 finished At time 96
Time 98
Robots Locations 0-(7,13) 1-(8,7) 2-(2,5) 3-(6,13) 4-(14,8)
Target Locations:  0-(10,6) 1-(4,8) 2-(6,13) 3-(6,13) 4-(5,8)
Task Assignment: 0-2 1-4 2-1 3-3 4-0
Robot 3 finished At time 104
Time 106
Robots Locations 0-(6,12) 1-(6,8) 2-(3,5) 3-(6,13) 4-(12,7)
Target Locations:  0-(10,6) 1-(4,8) 2-(6,13) 3-(5,8) 4-(15,3)
Task Assignment: 0-3 1-0 2-1 3-2 4-4
Robot 3 finished At time 107
Time 109
Robots Locations 0-(6,12) 1-(6,8) 2-(3,6) 3-(6,13) 4-(11,7)
Target Locations:  0-(10,6) 1-(4,8) 2-(5,8) 3-(15,3) 4-(14,15)
Task Assignment: 0-1 1-0 2-2 3-4 4-3
Robot 2 finished At time 117
Time 120
Robots Locations 0-(4,8) 1-(9,6) 2-(5,8) 3-(10,14) 4-(14,4)
Target Locations:  0-(10,6) 1-(4,8) 2-(15,3) 3-(14,15) 4-(8,13)
Task Assignment: 0-1 1-0 2-4 3-3 4-2
Robot 0 finished At time 123
Time 126
Robots Locations 0-(4,8) 1-(10,6) 2-(6,9) 3-(12,14) 4-(15,3)
Target Locations:  0-(10,6) 1-(15,3) 2-(14,15) 3-(8,13) 4-(9,9)
Task Assignment: 0-4 1-0 2-3 3-2 4-1
Robot 4 finished At time 127
Time 130
Robots Locations 0-(4,7) 1-(10,6) 2-(6,10) 3-(12,15) 4-(15,3)
Target Locations:  0-(10,6) 1-(14,15) 2-(8,13) 3-(9,9) 4-(10,3)
Task Assignment: 0-3 1-0 2-2 3-1 4-4
Robot 1 finished At time 130
Time 133
Robots Locations 0-(4,7) 1-(10,6) 2-(6,10) 3-(13,15) 4-(15,3)
Target Locations:  0-(14,15) 1-(8,13) 2-(9,9) 3-(10,3) 4-(14,11)
Task Assignment: 0-2 1-4 2-1 3-0 4-3
Robot 3 finished At time 138
Time 140
Robots Locations 0-(7,8) 1-(12,8) 2-(7,12) 3-(14,15) 4-(13,3)
Target Locations:  0-(8,13) 1-(9,9) 2-(10,3) 3-(14,11) 4-(11,8)
Task Assignment: 0-1 1-4 2-0 3-3 4-2
Robot 2 finished At time 144
Time 146
Robots Locations 0-(9,9) 1-(11,8) 2-(8,13) 3-(14,13) 4-(11,3)
Target Locations:  0-(9,9) 1-(10,3) 2-(14,11) 3-(11,8) 4-(10,7)
Task Assignment: 0-4 1-3 2-0 3-2 4-1
Robot 1 finished At time 148
Time 150
Robots Locations 0-(9,9) 1-(11,8) 2-(9,13) 3-(14,13) 4-(10,3)
Target Locations:  0-(9,9) 1-(10,3) 2-(14,11) 3-(10,7) 4-(2,12)
Task Assignment: 0-0 1-3 2-4 3-2 4-1
Robot 4 finished At time 153
Time 156
Robots Locations 0-(8,8) 1-(10,7) 2-(8,12) 3-(14,11) 4-(10,3)
Target Locations:  0-(9,9) 1-(14,11) 2-(10,7) 3-(2,12) 4-(3,11)
Task Assignment: 0-4 1-0 2-3 3-1 4-2
Robot 3 finished At time 159
Time 161
Robots Locations 0-(7,9) 1-(9,8) 2-(7,12) 3-(14,11) 4-(10,4)
Target Locations:  0-(9,9) 1-(10,7) 2-(2,12) 3-(3,11) 4-(11,9)
Task Assignment: 0-2 1-0 2-3 3-4 4-1
Robot 1 finished At time 165
Time 168
Robots Locations 0-(6,10) 1-(9,9) 2-(5,12) 3-(12,10) 4-(10,6)
Target Locations:  0-(10,7) 1-(2,12) 2-(3,11) 3-(11,9) 4-(12,1)
Task Assignment: 0-2 1-0 2-1 3-3 4-4
Robot 3 finished At time 173
Time 176
Robots Locations 0-(3,11) 1-(10,8) 2-(2,12) 3-(11,9) 4-(11,5)
Target Locations:  0-(10,7) 1-(2,12) 2-(3,11) 3-(12,1) 4-(7,13)
Task Assignment: 0-2 1-0 2-1 3-4 4-3
Robot 0 finished At time 177
Time 180
Robots Locations 0-(3,11) 1-(10,7) 2-(2,12) 3-(10,9) 4-(11,4)
Target Locations:  0-(10,7) 1-(2,12) 2-(12,1) 3-(7,13) 4-(8,7)
Task Assignment: 0-3 1-0 2-1 3-4 4-2
Robot 2 finished At time 181
Time 183
Robots Locations 0-(3,11) 1-(10,7) 2-(2,12) 3-(10,9) 4-(11,4)
Target Locations:  0-(10,7) 1-(12,1) 2-(7,13) 3-(8,7) 4-(13,11)
Task Assignment: 0-3 1-0 2-2 3-4 4-1
Robot 1 finished At time 185
Time 187
Robots Locations 0-(2,11) 1-(10,7) 2-(2,13) 3-(9,10) 4-(12,3)
Target Locations:  0-(12,1) 1-(7,13) 2-(8,7) 3-(13,11) 4-(10,9)
Task Assignment: 0-2 1-4 2-1 3-3 4-0
Robot 4 finished At time 193
Time 195
Robots Locations 0-(4,9) 1-(10,8) 2-(4,13) 3-(12,11) 4-(12,1)
Target Locations:  0-(7,13) 1-(8,7) 2-(13,11) 3-(10,9) 4-(11,9)
Task Assignment: 0-3 1-4 2-0 3-2 4-1
Robot 3 finished At time 199
Time 202
Robots Locations 0-(6,9) 1-(11,9) 2-(6,13) 3-(13,11) 4-(11,2)
Target Locations:  0-(7,13) 1-(8,7) 2-(10,9) 3-(11,9) 4-(6,15)
Task Assignment: 0-0 1-2 2-4 3-3 4-1
Robot 2 finished At time 209
Time 212
Robots Locations 0-(7,13) 1-(10,9) 2-(6,15) 3-(11,9) 4-(9,5)
Target Locations:  0-(7,13) 1-(8,7) 2-(10,9) 3-(11,9) 4-(4,7)
Task Assignment: 0-2 1-1 2-0 3-3 4-4
Robot 3 finished At time 215
Time 217
Robots Locations 0-(8,13) 1-(9,8) 2-(5,15) 3-(11,9) 4-(8,6)
Target Locations:  0-(7,13) 1-(8,7) 2-(10,9) 3-(4,7) 4-(11,8)
Task Assignment: 0-2 1-1 2-0 3-4 4-3
Robot 3 finished At time 222
Time 224
Robots Locations 0-(9,11) 1-(8,7) 2-(7,13) 3-(11,8) 4-(6,6)
Target Locations:  0-(7,13) 1-(8,7) 2-(10,9) 3-(4,7) 4-(15,6)
Task Assignment: 0-2 1-1 2-0 3-4 4-3
Robot 1 finished At time 225
Time 228
Robots Locations 0-(9,11) 1-(8,7) 2-(7,13) 3-(11,8) 4-(5,6)
Target Locations:  0-(7,13) 1-(10,9) 2-(4,7) 3-(15,6) 4-(10,5)
Task Assignment: 0-1 1-4 2-0 3-3 4-2
Robot 2 finished At time 230
Time 232
Robots Locations 0-(10,10) 1-(8,6) 2-(7,13) 3-(12,7) 4-(4,7)
Target Locations:  0-(10,9) 1-(4,7) 2-(15,6) 3-(10,5) 4-(15,14)
Task Assignment: 0-4 1-3 2-0 3-2 4-1
Robot 4 finished At time 235
Time 238
Robots Locations 0-(11,10) 1-(9,5) 2-(8,12) 3-(13,7) 4-(4,7)
Target Locations:  0-(10,9) 1-(15,6) 2-(10,5) 3-(15,14) 4-(4,7)
Task Assignment: 0-3 1-2 2-0 3-1 4-4
Robot 4 finished At time 238
Time 240
Robots Locations 0-(11,10) 1-(9,5) 2-(8,12) 3-(14,7) 4-(4,7)
Target Locations:  0-(10,9) 1-(15,6) 2-(10,5) 3-(15,14) 4-(9,3)
Task Assignment: 0-3 1-2 2-0 3-1 4-4
Robot 1 finished At time 244
Time 246
Robots Locations 0-(12,11) 1-(10,5) 2-(9,11) 3-(15,6) 4-(4,6)
Target Locations:  0-(10,9) 1-(15,6) 2-(15,14) 3-(9,3) 4-(8,4)
Task Assignment: 0-2 1-3 2-0 3-1 4-4
Robot 3 finished At time 248
Time 251
Robots Locations 0-(13,12) 1-(10,4) 2-(9,10) 3-(15,6) 4-(5,6)
Target Locations:  0-(10,9) 1-(15,14) 2-(9,3) 3-(8,4) 4-(3,15)
Task Assignment: 0-1 1-2 2-4 3-0 4-3
Robot 1 finished At time 255
Time 258
Robots Locations 0-(14,13) 1-(9,3) 2-(8,10) 3-(14,7) 4-(7,5)
Target Locations:  0-(10,9) 1-(15,14) 2-(8,4) 3-(3,15) 4-(9,9)
Task Assignment: 0-1 1-2 2-3 3-0 4-4
Robot 0 finished At time 261
Time 263
Robots Locations 0-(15,14) 1-(8,4) 2-(7,11) 3-(13,8) 4-(8,6)
Target Locations:  0-(10,9) 1-(8,4) 2-(3,15) 3-(9,9) 4-(8,6)
Task Assignment: 0-3 1-1 2-2 3-0 4-4
Robot 1 finished At time 266
Time 269
Robots Locations 0-(15,15) 1-(8,4) 2-(6,12) 3-(12,8) 4-(8,6)
Target Locations:  0-(10,9) 1-(3,15) 2-(9,9) 3-(8,6) 4-(5,13)
Task Assignment: 0-0 1-3 2-1 3-2 4-4
Robot 1 finished At time 275
Time 277
Robots Locations 0-(13,12) 1-(8,6) 2-(4,14) 3-(9,9) 4-(7,9)
Target Locations:  0-(10,9) 1-(3,15) 2-(9,9) 3-(5,13) 4-(1,10)
Task Assignment: 0-0 1-2 2-1 3-3 4-4
Robot 2 finished At time 282
Robot 1 finished At time 285
Robot 0 finished At time 287
Robot 3 finished At time 290
Robot 4 finished At time 290
/mmd_msd2
Time 1
Robots Locations 0-(3,3) 1-(6,5) 2-(9,9) 3-(13,12) 4-(15,15)
Target Locations:  0-(14,7) 1-(15,2) 2-(6,11) 3-(12,2) 4-(15,12)
Task Assignment: 0-3 1-1 2-2 3-0 4-4
Robot 4 finished At time 10
Time 11
Robots Locations 0-(6,2) 1-(9,4) 2-(6,10) 3-(14,8) 4-(15,12)
Target Locations:  0-(14,7) 1-(15,2) 2-(6,11) 3-(12,2) 4-(10,6)
Task Assignment: 0-4 1-3 2-2 3-1 4-0
Robot 2 finished At time 14
Time 16
Robots Locations 0-(7,3) 1-(11,3) 2-(6,11) 3-(14,6) 4-(15,11)
Target Locations:  0-(14,7) 1-(15,2) 2-(12,2) 3-(10,6) 4-(14,4)
Task Assignment: 0-2 1-1 2-3 3-4 4-0
Robot 3 finished At time 22
Time 24
Robots Locations 0-(10,2) 1-(14,2) 2-(7,9) 3-(14,4) 4-(14,8)
Target Locations:  0-(14,7) 1-(15,2) 2-(12,2) 3-(10,6) 4-(7,10)
Task Assignment: 0-2 1-1 2-4 3-3 4-0
Robot 4 finished At time 28
Time 29
Robots Locations 0-(12,2) 1-(15,2) 2-(7,10) 3-(13,4) 4-(14,7)
Target Locations:  0-(15,2) 1-(12,2) 2-(10,6) 3-(7,10) 4-(11,14)
Task Assignment: 0-1 1-0 2-3 3-2 4-4
Robot 1 finished At time 30
Time 32
Robots Locations 0-(12,2) 1-(15,2) 2-(7,10) 3-(12,4) 4-(14,7)
Target Locations:  0-(12,2) 1-(10,6) 2-(7,10) 3-(11,14) 4-(15,9)
Task Assignment: 0-1 1-0 2-2 3-4 4-3
Robot 2 finished At time 34
Time 35
Robots Locations 0-(13,2) 1-(15,2) 2-(7,10) 3-(12,5) 4-(13,7)
Target Locations:  0-(12,2) 1-(10,6) 2-(11,14) 3-(15,9) 4-(9,5)
Task Assignment: 0-4 1-0 2-2 3-1 4-3
Robot 3 finished At time 42
Time 44
Robots Locations 0-(10,4) 1-(12,2) 2-(9,12) 3-(10,6) 4-(15,9)
Target Locations:  0-(12,2) 1-(11,14) 2-(15,9) 3-(9,5) 4-(6,1)
Task Assignment: 0-4 1-0 2-1 3-3 4-2
Robot 4 finished At time 45
Time 47
Robots Locations 0-(9,5) 1-(12,2) 2-(9,13) 3-(10,6) 4-(15,9)
Target Locations:  0-(12,2) 1-(11,14) 2-(9,5) 3-(6,1) 4-(4,8)
Task Assignment: 0-3 1-0 2-4 3-2 4-1
Robot 1 finished At time 48
Time 50
Robots Locations 0-(9,4) 1-(12,2) 2-(10,13) 3-(9,5) 4-(15,10)
Target Locations:  0-(11,14) 1-(9,5) 2-(6,1) 3-(4,8) 4-(15,8)
Task Assignment: 0-2 1-1 2-0 3-3 4-4
Robot 2 finished At time 56
Time 58
Robots Locations 0-(7,2) 1-(10,4) 2-(11,14) 3-(6,6) 4-(15,8)
Target Locations:  0-(9,5) 1-(6,1) 2-(4,8) 3-(15,8) 4-(6,13)
Task Assignment: 0-1 1-0 2-4 3-2 4-3
Robot 4 finished At time 59
Time 61
Robots Locations 0-(6,1) 1-(9,5) 2-(11,14) 3-(6,7) 4-(15,8)
Target Locations:  0-(9,5) 1-(6,1) 2-(4,8) 3-(6,13) 4-(12,12)
Task Assignment: 0-1 1-0 2-3 3-2 4-4
Robot 1 finished At time 64
Time 66
Robots Locations 0-(6,1) 1-(9,5) 2-(9,14) 3-(5,8) 4-(16,9)
Target Locations:  0-(6,1) 1-(4,8) 2-(6,13) 3-(12,12) 4-(2,5)
Task Assignment: 0-0 1-1 2-2 3-4 4-3
Robot 0 finished At time 66
Time 68
Robots Locations 0-(6,1) 1-(9,5) 2-(9,14) 3-(5,8) 4-(16,9)
Target Locations:  0-(4,8) 1-(6,13) 2-(12,12) 3-(2,5) 4-(6,13)
Task Assignment: 0-3 1-0 2-4 3-1 4-2
Robot 2 finished At time 76
Time 78
Robots Locations 0-(3,4) 1-(5,7) 2-(6,13) 3-(5,12) 4-(12,12)
Target Locations:  0-(4,8) 1-(6,13) 2-(12,12) 3-(2,5) 4-(5,8)
Task Assignment: 0-3 1-0 2-1 3-4 4-2
Robot 2 finished At time 78
Time 80
Robots Locations 0-(3,4) 1-(5,7) 2-(6,13) 3-(6,12) 4-(12,12)
Target Locations:  0-(4,8) 1-(12,12) 2-(2,5) 3-(5,8) 4-(15,3)
Task Assignment: 0-2 1-0 2-1 3-3 4-4
Robot 1 finished At time 84
Time 86
Robots Locations 0-(2,5) 1-(4,8) 2-(7,13) 3-(6,11) 4-(12,11)
Target Locations:  0-(12,12) 1-(2,5) 2-(5,8) 3-(15,3) 4-(14,15)
Task Assignment: 0-1 1-2 2-4 3-0 4-3
Robot 0 finished At time 87
Time 89
Robots Locations 0-(2,5) 1-(4,8) 2-(7,13) 3-(6,10) 4-(12,10)
Target Locations:  0-(12,12) 1-(5,8) 2-(15,3) 3-(14,15) 4-(8,13)
Task Assignment: 0-1 1-4 2-3 3-0 4-2
Robot 0 finished At time 99
Time 101
Robots Locations 0-(5,8) 1-(7,12) 2-(12,14) 3-(11,12) 4-(14,5)
Target Locations:  0-(12,12) 1-(15,3) 2-(14,15) 3-(8,13) 4-(9,9)
Task Assignment: 0-4 1-3 2-2 3-0 4-1
Robot 1 finished At time 105
Time 107
Robots Locations 0-(7,9) 1-(8,13) 2-(14,15) 3-(12,12) 4-(15,3)
Target Locations:  0-(12,12) 1-(15,3) 2-(14,15) 3-(9,9) 4-(10,3)
Task Assignment: 0-4 1-3 2-2 3-0 4-1
Robot 3 finished At time 107
Time 109
Robots Locations 0-(7,9) 1-(8,13) 2-(14,15) 3-(12,12) 4-(15,3)
Target Locations:  0-(15,3) 1-(14,15) 2-(9,9) 3-(10,3) 4-(14,11)
Task Assignment: 0-3 1-2 2-1 3-4 4-0
Robot 2 finished At time 111
Time 113
Robots Locations 0-(8,8) 1-(9,13) 2-(14,15) 3-(13,12) 4-(15,3)
Target Locations:  0-(15,3) 1-(9,9) 2-(10,3) 3-(14,11) 4-(11,8)
Task Assignment: 0-2 1-1 2-3 3-4 4-0
Robot 4 finished At time 114
Time 116
Robots Locations 0-(8,7) 1-(9,12) 2-(14,15) 3-(13,11) 4-(15,3)
Target Locations:  0-(9,9) 1-(10,3) 2-(14,11) 3-(11,8) 4-(10,7)
Task Assignment: 0-4 1-0 2-2 3-3 4-1
Robot 0 finished At time 122
Time 124
Robots Locations 0-(10,7) 1-(9,9) 2-(14,12) 3-(11,9) 4-(12,3)
Target Locations:  0-(9,9) 1-(10,3) 2-(14,11) 3-(11,8) 4-(2,12)
Task Assignment: 0-0 1-4 2-2 3-3 4-1
Robot 2 finished At time 128
Time 130
Robots Locations 0-(10,8) 1-(8,9) 2-(14,11) 3-(11,8) 4-(10,3)
Target Locations:  0-(9,9) 1-(10,3) 2-(11,8) 3-(2,12) 4-(3,11)
Task Assignment: 0-4 1-3 2-2 3-0 4-1
Robot 4 finished At time 133
Time 134
Robots Locations 0-(9,8) 1-(6,10) 2-(13,10) 3-(10,8) 4-(10,3)
Target Locations:  0-(9,9) 1-(11,8) 2-(2,12) 3-(3,11) 4-(11,9)
Task Assignment: 0-3 1-2 2-4 3-0 4-1
Robot 3 finished At time 139
Time 141
Robots Locations 0-(6,9) 1-(4,11) 2-(11,9) 3-(9,9) 4-(10,5)
Target Locations:  0-(11,8) 1-(2,12) 2-(3,11) 3-(11,9) 4-(12,1)
Task Assignment: 0-2 1-1 2-3 3-0 4-4
Robot 2 finished At time 143
Time 145
Robots Locations 0-(6,10) 1-(3,11) 2-(11,9) 3-(9,10) 4-(11,6)
Target Locations:  0-(11,8) 1-(2,12) 2-(3,11) 3-(12,1) 4-(7,13)
Task Assignment: 0-2 1-1 2-0 3-4 4-3
Robot 2 finished At time 150
Time 152
Robots Locations 0-(4,11) 1-(2,12) 2-(11,8) 3-(8,11) 4-(11,4)
Target Locations:  0-(2,12) 1-(3,11) 2-(12,1) 3-(7,13) 4-(8,7)
Task Assignment: 0-1 1-0 2-4 3-3 4-2
Robot 1 finished At time 152
Time 154
Robots Locations 0-(3,11) 1-(2,12) 2-(11,8) 3-(8,12) 4-(11,4)
Target Locations:  0-(3,11) 1-(12,1) 2-(7,13) 3-(8,7) 4-(13,11)
Task Assignment: 0-2 1-0 2-3 3-4 4-1
Robot 4 finished At time 161
Time 163
Robots Locations 0-(6,13) 1-(3,11) 2-(8,7) 3-(11,12) 4-(12,1)
Target Locations:  0-(3,11) 1-(7,13) 2-(8,7) 3-(13,11) 4-(10,9)
Task Assignment: 0-1 1-0 2-4 3-3 4-2
Robot 1 finished At time 163
Time 165
Robots Locations 0-(6,13) 1-(3,11) 2-(8,7) 3-(11,12) 4-(12,1)
Target Locations:  0-(7,13) 1-(8,7) 2-(13,11) 3-(10,9) 4-(11,9)
Task Assignment: 0-3 1-0 2-4 3-2 4-1
Robot 3 finished At time 171
Time 173
Robots Locations 0-(8,11) 1-(6,12) 2-(10,9) 3-(13,11) 4-(10,2)
Target Locations:  0-(7,13) 1-(8,7) 2-(10,9) 3-(11,9) 4-(6,15)
Task Assignment: 0-0 1-4 2-2 3-3 4-1
Robot 2 finished At time 176
Time 178
Robots Locations 0-(9,11) 1-(6,14) 2-(10,9) 3-(13,10) 4-(10,4)
Target Locations:  0-(7,13) 1-(8,7) 2-(11,9) 3-(6,15) 4-(4,7)
Task Assignment: 0-0 1-3 2-1 3-2 4-4
Robot 1 finished At time 182
Time 184
Robots Locations 0-(7,13) 1-(6,15) 2-(9,9) 3-(11,9) 4-(8,5)
Target Locations:  0-(7,13) 1-(8,7) 2-(11,9) 3-(4,7) 4-(11,8)
Task Assignment: 0-2 1-0 2-1 3-4 4-3
Robot 3 finished At time 189
Time 191
Robots Locations 0-(7,12) 1-(7,14) 2-(8,7) 3-(11,8) 4-(6,6)
Target Locations:  0-(7,13) 1-(8,7) 2-(11,9) 3-(4,7) 4-(15,6)
Task Assignment: 0-2 1-0 2-1 3-4 4-3
Robot 2 finished At time 192
Time 194
Robots Locations 0-(8,11) 1-(7,14) 2-(8,7) 3-(12,8) 4-(5,6)
Target Locations:  0-(7,13) 1-(11,9) 2-(4,7) 3-(15,6) 4-(10,5)
Task Assignment: 0-1 1-0 2-4 3-3 4-2
Robot 1 finished At time 197
Time 199
Robots Locations 0-(9,11) 1-(7,13) 2-(9,6) 3-(13,7) 4-(4,7)
Target Locations:  0-(11,9) 1-(4,7) 2-(15,6) 3-(10,5) 4-(15,14)
Task Assignment: 0-4 1-0 2-3 3-2 4-1
Robot 4 finished At time 201
Time 203
Robots Locations 0-(10,11) 1-(8,12) 2-(10,5) 3-(14,7) 4-(4,7)
Target Locations:  0-(11,9) 1-(15,6) 2-(10,5) 3-(15,14) 4-(4,7)
Task Assignment: 0-3 1-0 2-2 3-1 4-4
Robot 4 finished At time 204
Time 206
Robots Locations 0-(10,11) 1-(8,12) 2-(10,5) 3-(14,7) 4-(4,7)
Target Locations:  0-(11,9) 1-(15,6) 2-(10,5) 3-(15,14) 4-(9,3)
Task Assignment: 0-3 1-0 2-2 3-1 4-4
Robot 2 finished At time 208
Time 210
Robots Locations 0-(11,12) 1-(9,11) 2-(10,5) 3-(15,6) 4-(3,6)
Target Locations:  0-(11,9) 1-(15,6) 2-(15,14) 3-(9,3) 4-(8,4)
Task Assignment: 0-2 1-0 2-3 3-1 4-4
Robot 3 finished At time 212
Time 214
Robots Locations 0-(12,12) 1-(9,10) 2-(10,4) 3-(15,6) 4-(4,6)
Target Locations:  0-(11,9) 1-(15,14) 2-(9,3) 3-(8,4) 4-(3,15)
Task Assignment: 0-1 1-4 2-2 3-0 4-3
Robot 2 finished At time 219
Time 221
Robots Locations 0-(14,13) 1-(8,10) 2-(9,3) 3-(14,7) 4-(7,5)
Target Locations:  0-(11,9) 1-(15,14) 2-(8,4) 3-(3,15) 4-(9,9)
Task Assignment: 0-1 1-3 2-2 3-0 4-4
Robot 0 finished At time 225
Time 227
Robots Locations 0-(15,14) 1-(7,12) 2-(8,4) 3-(13,8) 4-(8,6)
Target Locations:  0-(11,9) 1-(8,4) 2-(3,15) 3-(9,9) 4-(8,6)
Task Assignment: 0-0 1-2 2-1 3-3 4-4
Robot 2 finished At time 229
Time 231
Robots Locations 0-(16,14) 1-(6,12) 2-(8,4) 3-(12,8) 4-(8,6)
Target Locations:  0-(11,9) 1-(3,15) 2-(9,9) 3-(8,6) 4-(5,13)
Task Assignment: 0-0 1-1 2-3 3-2 4-4
Robot 2 finished At time 236
Time 238
Robots Locations 0-(14,12) 1-(4,14) 2-(8,6) 3-(9,9) 4-(8,8)
Target Locations:  0-(11,9) 1-(3,15) 2-(9,9) 3-(5,13) 4-(1,10)
Task Assignment: 0-0 1-1 2-2 3-3 4-4
Robot 1 finished At time 242
Robot 2 finished At time 246
Robot 0 finished At time 247
Robot 3 finished At time 251
Robot 4 finished At time 253
