Goals: (9,1) (5,14) (1,7) (4,4) (4,5) (4,13) (9,2) (14,13) (1,10) (1,9) (5,8) (2,13) (7,5) (7,9) (1,2) (2,2) (15,9) (8,13) (9,8) (12,11) (15,12) (5,1) (13,9) (10,3) (4,5) (12,2) (15,8) (12,6) (14,13) (14,10) (12,6) (14,8) (5,11) (10,6) (8,13) (2,7) (14,15) (15,13) (8,3) (8,9) (10,11) (3,11) (8,1) (14,6) (1,13) (3,4) (11,12) (14,2) (14,8) (12,9)
/BLE
Time 2
Robots Locations 0-(3,3) 1-(5,6) 2-(9,8) 3-(12,12) 4-(15,15)
Target Locations:  0-(12,9) 1-(14,8) 2-(14,2) 3-(11,12) 4-(3,4)
Task Assignment: 3-3 0-4 2-0 4-1 1-2
Robot 0 finished At time 9
Time 11
Robots Locations 0-(3,4) 1-(8,4) 2-(12,9) 3-(11,12) 4-(15,12)
Target Locations:  0-(12,9) 1-(14,8) 2-(14,2) 3-(11,12) 4-(1,13)
Task Assignment: 3-3 2-0 4-1 1-2 0-4
Robot 3 finished At time 12
Time 14
Robots Locations 0-(3,4) 1-(8,4) 2-(12,9) 3-(11,12) 4-(15,12)
Target Locations:  0-(12,9) 1-(14,8) 2-(14,2) 3-(1,13) 4-(14,6)
Task Assignment: 2-0 4-1 1-4 0-3 3-2
Robot 2 finished At time 17
Time 19
Robots Locations 0-(3,5) 1-(8,4) 2-(12,9) 3-(10,12) 4-(15,11)
Target Locations:  0-(14,8) 1-(14,2) 2-(1,13) 3-(14,6) 4-(8,1)
Task Assignment: 2-0 1-4 4-3 0-2 3-1
Robot 2 finished At time 25
Time 26
Robots Locations 0-(2,8) 1-(8,2) 2-(14,8) 3-(11,9) 4-(14,9)
Target Locations:  0-(14,2) 1-(1,13) 2-(14,6) 3-(8,1) 4-(3,11)
Task Assignment: 1-3 2-2 0-4 4-0 3-1
Robot 1 finished At time 30
Time 32
Robots Locations 0-(3,9) 1-(8,1) 2-(14,7) 3-(10,9) 4-(15,8)
Target Locations:  0-(14,2) 1-(1,13) 2-(14,6) 3-(3,11) 4-(10,11)
Task Assignment: 2-2 3-4 0-3 4-0 1-1
Robot 2 finished At time 36
Time 50
Robots Locations 0-(3,11) 1-(7,2) 2-(7,2) 3-(10,10) 4-(15,6)
Target Locations:  0-(14,2) 1-(1,13) 2-(3,11) 3-(10,11) 4-(8,9)
Task Assignment: 0-2 3-3 4-0 1-4 2-1
Robot 0 finished At time 52
Time 53
Robots Locations 0-(3,11) 1-(7,3) 2-(13,6) 3-(10,11) 4-(15,6)
Target Locations:  0-(14,2) 1-(1,13) 2-(10,11) 3-(8,9) 4-(8,3)
Task Assignment: 3-2 1-4 0-1 4-0 2-3
Robot 3 finished At time 55
Time 57
Robots Locations 0-(2,12) 1-(8,3) 2-(12,6) 3-(10,11) 4-(15,5)
Target Locations:  0-(14,2) 1-(1,13) 2-(8,9) 3-(8,3) 4-(15,13)
Task Assignment: 1-3 0-1 3-2 4-0 2-4
Robot 1 finished At time 59
Time 61
Robots Locations 0-(2,13) 1-(8,3) 2-(13,7) 3-(9,11) 4-(14,4)
Target Locations:  0-(14,2) 1-(1,13) 2-(8,9) 3-(15,13) 4-(14,15)
Task Assignment: 0-1 4-0 3-2 2-3 1-4
Robot 0 finished At time 65
Time 66
Robots Locations 0-(1,13) 1-(9,5) 2-(13,9) 3-(8,10) 4-(14,2)
Target Locations:  0-(14,2) 1-(8,9) 2-(15,13) 3-(14,15) 4-(2,7)
Task Assignment: 4-0 3-1 2-2 0-4 1-3
Robot 4 finished At time 68
Time 70
Robots Locations 0-(0,13) 1-(9,6) 2-(14,10) 3-(8,9) 4-(14,2)
Target Locations:  0-(8,9) 1-(15,13) 2-(14,15) 3-(2,7) 4-(8,13)
Task Assignment: 3-0 2-1 0-3 1-4 4-2
Robot 3 finished At time 72
Time 74
Robots Locations 0-(0,12) 1-(9,6) 2-(14,10) 3-(8,9) 4-(14,2)
Target Locations:  0-(15,13) 1-(14,15) 2-(2,7) 3-(8,13) 4-(10,6)
Task Assignment: 1-4 2-0 3-3 0-2 4-1
Robot 1 finished At time 79
Time 81
Robots Locations 0-(1,9) 1-(10,6) 2-(15,13) 3-(8,11) 4-(13,4)
Target Locations:  0-(15,13) 1-(14,15) 2-(2,7) 3-(8,13) 4-(5,11)
Task Assignment: 2-0 3-3 0-2 1-4 4-1
Robot 2 finished At time 83
Time 85
Robots Locations 0-(2,8) 1-(9,6) 2-(15,13) 3-(8,12) 4-(13,5)
Target Locations:  0-(14,15) 1-(2,7) 2-(8,13) 3-(5,11) 4-(14,8)
Task Assignment: 0-1 3-2 2-0 4-4 1-3
Robot 3 finished At time 89
Time 91
Robots Locations 0-(2,7) 1-(8,8) 2-(14,15) 3-(8,13) 4-(14,7)
Target Locations:  0-(14,15) 1-(2,7) 2-(5,11) 3-(14,8) 4-(12,6)
Task Assignment: 0-1 2-0 4-3 3-2 1-4
Robot 0 finished At time 91
Time 93
Robots Locations 0-(2,7) 1-(8,8) 2-(14,15) 3-(8,13) 4-(14,7)
Target Locations:  0-(14,15) 1-(5,11) 2-(14,8) 3-(12,6) 4-(14,10)
Task Assignment: 2-0 4-2 3-1 1-3 0-4
Robot 2 finished At time 95
Time 97
Robots Locations 0-(3,7) 1-(8,8) 2-(14,15) 3-(7,13) 4-(14,8)
Target Locations:  0-(5,11) 1-(14,8) 2-(12,6) 3-(14,10) 4-(14,13)
Task Assignment: 4-1 2-4 3-0 1-2 0-3
Robot 4 finished At time 99
Time 102
Robots Locations 0-(3,7) 1-(9,8) 2-(13,15) 3-(7,13) 4-(14,8)
Target Locations:  0-(5,11) 1-(12,6) 2-(14,10) 3-(14,13) 4-(12,6)
Task Assignment: 4-2 2-3 3-0 1-1 0-4
Robot 4 finished At time 107
Time 109
Robots Locations 0-(6,7) 1-(11,6) 2-(14,13) 3-(5,11) 4-(14,10)
Target Locations:  0-(5,11) 1-(12,6) 2-(14,13) 3-(12,6) 4-(15,8)
Task Assignment: 3-0 2-2 1-3 4-4 0-1
Robot 3 finished At time 110
Time 111
Robots Locations 0-(7,7) 1-(12,6) 2-(14,13) 3-(5,11) 4-(14,10)
Target Locations:  0-(12,6) 1-(14,13) 2-(12,6) 3-(15,8) 4-(12,2)
Task Assignment: 1-2 2-1 4-3 0-0 3-4
Robot 2 finished At time 112
Time 113
Robots Locations 0-(7,7) 1-(12,6) 2-(14,13) 3-(5,11) 4-(14,10)
Target Locations:  0-(12,6) 1-(12,6) 2-(15,8) 3-(12,2) 4-(4,5)
Task Assignment: 1-0 4-2 0-4 2-1 3-3
Robot 1 finished At time 116
Time 130
Robots Locations 0-(7,6) 1-(12,6) 2-(14,12) 3-(5,10) 4-(5,10)
Target Locations:  0-(12,6) 1-(15,8) 2-(12,2) 3-(4,5) 4-(10,3)
Task Assignment: 1-0 0-3 2-1 3-4 4-2
Robot 1 finished At time 131
Time 133
Robots Locations 0-(7,6) 1-(12,6) 2-(14,12) 3-(5,10) 4-(15,9)
Target Locations:  0-(15,8) 1-(12,2) 2-(4,5) 3-(10,3) 4-(13,9)
Task Assignment: 4-0 0-2 1-4 3-3 2-1
Robot 4 finished At time 137
Time 139
Robots Locations 0-(5,5) 1-(13,8) 2-(13,9) 3-(7,8) 4-(15,8)
Target Locations:  0-(12,2) 1-(4,5) 2-(10,3) 3-(13,9) 4-(5,1)
Task Assignment: 2-3 0-1 3-2 1-0 4-4
Robot 0 finished At time 142
Time 144
Robots Locations 0-(4,5) 1-(14,8) 2-(13,9) 3-(8,6) 4-(14,7)
Target Locations:  0-(12,2) 1-(10,3) 2-(13,9) 3-(5,1) 4-(15,12)
Task Assignment: 2-2 3-1 0-3 1-4 4-0
Robot 2 finished At time 148
Time 151
Robots Locations 0-(4,3) 1-(14,10) 2-(13,9) 3-(9,4) 4-(13,5)
Target Locations:  0-(12,2) 1-(10,3) 2-(5,1) 3-(15,12) 4-(12,11)
Task Assignment: 3-1 0-2 2-4 1-3 4-0
Robot 3 finished At time 155
Time 156
Robots Locations 0-(5,1) 1-(15,12) 2-(12,11) 3-(10,3) 4-(12,2)
Target Locations:  0-(12,2) 1-(5,1) 2-(15,12) 3-(12,11) 4-(9,8)
Task Assignment: 0-1 4-0 2-3 1-2 3-4
Robot 1 finished At time 157
Time 159
Robots Locations 0-(5,1) 1-(15,12) 2-(12,11) 3-(10,3) 4-(12,2)
Target Locations:  0-(12,2) 1-(5,1) 2-(12,11) 3-(9,8) 4-(8,13)
Task Assignment: 2-2 4-0 0-1 3-3 1-4
Robot 0 finished At time 160
Time 161
Robots Locations 0-(5,1) 1-(15,12) 2-(12,11) 3-(10,3) 4-(12,2)
Target Locations:  0-(12,2) 1-(12,11) 2-(9,8) 3-(8,13) 4-(15,9)
Task Assignment: 4-0 2-1 1-4 3-2 0-3
Robot 2 finished At time 163
Time 164
Robots Locations 0-(5,1) 1-(15,13) 2-(12,11) 3-(11,3) 4-(12,2)
Target Locations:  0-(12,2) 1-(9,8) 2-(8,13) 3-(15,9) 4-(2,2)
Task Assignment: 4-0 0-4 2-3 3-1 1-2
Robot 4 finished At time 165
Time 167
Robots Locations 0-(6,1) 1-(14,13) 2-(12,12) 3-(11,3) 4-(12,2)
Target Locations:  0-(9,8) 1-(8,13) 2-(15,9) 3-(2,2) 4-(1,2)
Task Assignment: 0-3 2-1 1-2 3-0 4-4
Robot 1 finished At time 177
Time 179
Robots Locations 0-(2,2) 1-(15,9) 2-(8,13) 3-(9,8) 4-(7,2)
Target Locations:  0-(9,8) 1-(8,13) 2-(2,2) 3-(1,2) 4-(7,9)
Task Assignment: 0-2 2-1 3-0 4-3 1-4
Robot 0 finished At time 180
Time 183
Robots Locations 0-(2,2) 1-(15,9) 2-(8,13) 3-(9,8) 4-(7,2)
Target Locations:  0-(9,8) 1-(8,13) 2-(1,2) 3-(7,9) 4-(7,5)
Task Assignment: 3-0 2-1 0-2 4-4 1-3
Robot 2 finished At time 184
Time 187
Robots Locations 0-(1,2) 1-(14,8) 2-(8,13) 3-(9,8) 4-(6,2)
Target Locations:  0-(9,8) 1-(1,2) 2-(7,9) 3-(7,5) 4-(2,13)
Task Assignment: 0-1 3-0 4-3 2-2 1-4
Robot 3 finished At time 187
Time 189
Robots Locations 0-(1,2) 1-(14,8) 2-(8,13) 3-(9,8) 4-(6,2)
Target Locations:  0-(1,2) 1-(7,9) 2-(7,5) 3-(2,13) 4-(5,8)
Task Assignment: 0-0 3-1 4-2 2-4 1-3
Robot 0 finished At time 191
Time 193
Robots Locations 0-(1,2) 1-(13,9) 2-(7,12) 3-(8,9) 4-(7,3)
Target Locations:  0-(7,9) 1-(7,5) 2-(2,13) 3-(5,8) 4-(1,9)
Task Assignment: 3-0 4-1 2-3 0-4 1-2
Robot 3 finished At time 198
Time 200
Robots Locations 0-(1,4) 1-(11,10) 2-(6,10) 3-(7,9) 4-(7,5)
Target Locations:  0-(7,5) 1-(2,13) 2-(5,8) 3-(1,9) 4-(1,10)
Task Assignment: 4-0 2-2 0-3 3-4 1-1
Robot 4 finished At time 200
Time 211
Robots Locations 0-(1,4) 1-(11,10) 2-(6,10) 3-(7,9) 4-(7,5)
Target Locations:  0-(2,13) 1-(5,8) 2-(1,9) 3-(1,10) 4-(14,13)
Task Assignment: 3-1 1-4 0-2 2-0 4-3
Robot 3 finished At time 217
Time 219
Robots Locations 0-(1,7) 1-(12,12) 2-(4,12) 3-(5,8) 4-(5,7)
Target Locations:  0-(2,13) 1-(1,9) 2-(1,10) 3-(14,13) 4-(9,2)
Task Assignment: 0-1 1-3 2-0 3-2 4-4
Robot 1 finished At time 225
Time 227
Robots Locations 0-(1,9) 1-(14,13) 2-(2,13) 3-(4,8) 4-(5,5)
Target Locations:  0-(2,13) 1-(1,9) 2-(1,10) 3-(9,2) 4-(4,13)
Task Assignment: 0-1 2-0 3-2 4-3 1-4
Robot 0 finished At time 228
Time 229
Robots Locations 0-(1,9) 1-(14,13) 2-(2,13) 3-(3,8) 4-(5,5)
Target Locations:  0-(2,13) 1-(1,10) 2-(9,2) 3-(4,13) 4-(4,5)
Task Assignment: 2-0 0-1 4-4 3-3 1-2
Robot 2 finished At time 230
Time 232
Robots Locations 0-(1,9) 1-(14,13) 2-(2,13) 3-(3,8) 4-(5,5)
Target Locations:  0-(1,10) 1-(9,2) 2-(4,13) 3-(4,5) 4-(4,4)
Task Assignment: 0-0 4-3 2-2 3-4 1-1
Robot 0 finished At time 235
Time 237
Robots Locations 0-(1,10) 1-(15,12) 2-(3,14) 3-(3,8) 4-(4,5)
Target Locations:  0-(9,2) 1-(4,13) 2-(4,5) 3-(4,4) 4-(1,7)
Task Assignment: 4-2 2-1 3-4 0-3 1-0
Robot 4 finished At time 239
Time 241
Robots Locations 0-(2,10) 1-(14,11) 2-(4,13) 3-(2,7) 4-(4,5)
Target Locations:  0-(9,2) 1-(4,13) 2-(4,4) 3-(1,7) 4-(5,14)
Task Assignment: 2-1 4-2 3-3 0-4 1-0
Robot 2 finished At time 243
Time 245
Robots Locations 0-(3,10) 1-(14,10) 2-(4,13) 3-(1,7) 4-(3,4)
Target Locations:  0-(9,2) 1-(4,4) 2-(1,7) 3-(5,14) 4-(9,1)
Task Assignment: 3-2 4-1 2-3 1-0 0-4
Robot 3 finished At time 247
Robot 4 finished At time 248
Robot 2 finished At time 249
Robot 1 finished At time 262
Robot 0 finished At time 270
/MURDOCH
Time 2
Robots Locations 0-(2,3) 1-(6,7) 2-(9,8) 3-(12,12) 4-(15,15)
Target Locations:  0-(12,9) 1-(14,8) 2-(14,2) 3-(11,12) 4-(3,4)
Task Assignment: 4-0 3-1 0-2 1-3 2-4
Robot 3 finished At time 12
Time 14
Robots Locations 0-(7,3) 1-(10,11) 2-(5,5) 3-(14,8) 4-(13,11)
Target Locations:  0-(12,9) 1-(14,2) 2-(11,12) 3-(3,4) 4-(1,13)
Task Assignment: 4-0 0-1 1-2 2-3 3-4
Robot 1 finished At time 21
Time 23
Robots Locations 0-(10,3) 1-(11,12) 2-(3,4) 3-(12,8) 4-(12,9)
Target Locations:  0-(12,9) 1-(14,2) 2-(3,4) 3-(1,13) 4-(14,6)
Task Assignment: 4-0 0-1 2-2 3-3 1-4
Robot 2 finished At time 27
Time 29
Robots Locations 0-(10,3) 1-(12,12) 2-(3,4) 3-(11,8) 4-(12,9)
Target Locations:  0-(12,9) 1-(14,2) 2-(1,13) 3-(14,6) 4-(8,1)
Task Assignment: 4-0 0-1 3-2 1-3 2-4
Robot 4 finished At time 31
Time 33
Robots Locations 0-(12,2) 1-(12,11) 2-(3,3) 3-(10,9) 4-(12,9)
Target Locations:  0-(14,2) 1-(1,13) 2-(14,6) 3-(8,1) 4-(3,11)
Task Assignment: 0-0 3-1 1-2 2-3 4-4
Robot 0 finished At time 40
Time 42
Robots Locations 0-(14,2) 1-(13,7) 2-(7,2) 3-(7,10) 4-(9,10)
Target Locations:  0-(1,13) 1-(14,6) 2-(8,1) 3-(3,11) 4-(10,11)
Task Assignment: 3-0 1-1 2-2 4-3 0-4
Robot 1 finished At time 57
Time 59
Robots Locations 0-(14,3) 1-(14,6) 2-(8,1) 3-(5,11) 4-(6,10)
Target Locations:  0-(1,13) 1-(8,1) 2-(3,11) 3-(10,11) 4-(8,9)
Task Assignment: 3-0 2-1 4-2 0-3 1-4
Robot 2 finished At time 59
Time 61
Robots Locations 0-(14,3) 1-(14,6) 2-(8,1) 3-(5,11) 4-(6,10)
Target Locations:  0-(1,13) 1-(3,11) 2-(10,11) 3-(8,9) 4-(8,3)
Task Assignment: 3-0 4-1 0-2 1-3 2-4
Robot 2 finished At time 68
Time 70
Robots Locations 0-(12,6) 1-(11,7) 2-(8,3) 3-(1,13) 4-(3,11)
Target Locations:  0-(1,13) 1-(3,11) 2-(10,11) 3-(8,9) 4-(15,13)
Task Assignment: 3-0 4-1 0-2 1-3 2-4
Robot 4 finished At time 71
Time 73
Robots Locations 0-(12,7) 1-(11,7) 2-(8,3) 3-(1,13) 4-(3,11)
Target Locations:  0-(1,13) 1-(10,11) 2-(8,9) 3-(15,13) 4-(14,15)
Task Assignment: 3-0 0-1 1-2 2-3 4-4
Robot 3 finished At time 75
Time 76
Robots Locations 0-(12,8) 1-(10,8) 2-(9,4) 3-(1,13) 4-(3,12)
Target Locations:  0-(10,11) 1-(8,9) 2-(15,13) 3-(14,15) 4-(2,7)
Task Assignment: 0-0 1-1 2-2 4-3 3-4
Robot 1 finished At time 82
Time 84
Robots Locations 0-(10,10) 1-(8,9) 2-(10,7) 3-(1,11) 4-(6,13)
Target Locations:  0-(10,11) 1-(15,13) 2-(14,15) 3-(2,7) 4-(8,13)
Task Assignment: 0-0 2-1 4-2 3-3 1-4
Robot 0 finished At time 87
Time 88
Robots Locations 0-(10,11) 1-(8,11) 2-(11,8) 3-(1,9) 4-(7,13)
Target Locations:  0-(15,13) 1-(14,15) 2-(2,7) 3-(8,13) 4-(10,6)
Task Assignment: 2-0 4-1 3-2 1-3 0-4
Robot 3 finished At time 94
Time 96
Robots Locations 0-(9,9) 1-(8,13) 2-(13,11) 3-(2,7) 4-(10,14)
Target Locations:  0-(15,13) 1-(14,15) 2-(8,13) 3-(10,6) 4-(5,11)
Task Assignment: 2-0 4-1 1-2 0-3 3-4
Robot 1 finished At time 96
Time 98
Robots Locations 0-(10,9) 1-(8,13) 2-(13,11) 3-(2,7) 4-(10,14)
Target Locations:  0-(15,13) 1-(14,15) 2-(10,6) 3-(5,11) 4-(14,8)
Task Assignment: 2-0 4-1 0-2 3-3 1-4
Robot 0 finished At time 105
Time 107
Robots Locations 0-(10,6) 1-(11,11) 2-(15,13) 3-(4,9) 4-(14,15)
Target Locations:  0-(15,13) 1-(14,15) 2-(5,11) 3-(14,8) 4-(12,6)
Task Assignment: 2-0 4-1 3-2 1-3 0-4
Robot 2 finished At time 108
Time 110
Robots Locations 0-(10,6) 1-(11,11) 2-(15,13) 3-(4,10) 4-(14,15)
Target Locations:  0-(14,15) 1-(5,11) 2-(14,8) 3-(12,6) 4-(14,10)
Task Assignment: 4-0 3-1 1-2 0-3 2-4
Robot 4 finished At time 112
Time 114
Robots Locations 0-(11,6) 1-(12,10) 2-(16,13) 3-(5,10) 4-(14,15)
Target Locations:  0-(5,11) 1-(14,8) 2-(12,6) 3-(14,10) 4-(14,13)
Task Assignment: 3-0 1-1 0-2 2-3 4-4
Robot 3 finished At time 117
Time 119
Robots Locations 0-(12,6) 1-(13,9) 2-(15,11) 3-(5,11) 4-(14,14)
Target Locations:  0-(14,8) 1-(12,6) 2-(14,10) 3-(14,13) 4-(12,6)
Task Assignment: 1-0 0-1 2-2 4-3 3-4
Robot 0 finished At time 120
Time 122
Robots Locations 0-(12,6) 1-(13,9) 2-(15,11) 3-(5,11) 4-(14,13)
Target Locations:  0-(14,8) 1-(14,10) 2-(14,13) 3-(12,6) 4-(15,8)
Task Assignment: 1-0 2-1 4-2 3-3 0-4
Robot 4 finished At time 125
Time 127
Robots Locations 0-(13,7) 1-(14,8) 2-(14,10) 3-(6,11) 4-(14,13)
Target Locations:  0-(14,8) 1-(14,10) 2-(12,6) 3-(15,8) 4-(12,2)
Task Assignment: 1-0 2-1 3-2 0-3 4-4
Robot 1 finished At time 128
Time 130
Robots Locations 0-(14,7) 1-(14,8) 2-(14,10) 3-(7,10) 4-(14,12)
Target Locations:  0-(14,10) 1-(12,6) 2-(15,8) 3-(12,2) 4-(4,5)
Task Assignment: 2-0 3-1 0-2 4-3 1-4
Robot 2 finished At time 130
Time 132
Robots Locations 0-(14,7) 1-(14,8) 2-(14,10) 3-(7,10) 4-(14,12)
Target Locations:  0-(12,6) 1-(15,8) 2-(12,2) 3-(4,5) 4-(10,3)
Task Assignment: 3-0 0-1 4-2 1-3 2-4
Robot 0 finished At time 146
Time 147
Robots Locations 0-(15,8) 1-(11,6) 2-(12,7) 3-(11,7) 4-(14,9)
Target Locations:  0-(12,6) 1-(12,2) 2-(4,5) 3-(10,3) 4-(13,9)
Task Assignment: 3-0 4-1 1-2 2-3 0-4
Robot 3 finished At time 154
Time 156
Robots Locations 0-(14,8) 1-(7,5) 2-(10,4) 3-(12,6) 4-(14,9)
Target Locations:  0-(12,2) 1-(4,5) 2-(10,3) 3-(13,9) 4-(5,1)
Task Assignment: 4-0 1-1 2-2 0-3 3-4
Robot 2 finished At time 160
Time 162
Robots Locations 0-(14,8) 1-(5,5) 2-(10,3) 3-(11,5) 4-(14,10)
Target Locations:  0-(12,2) 1-(4,5) 2-(13,9) 3-(5,1) 4-(15,12)
Task Assignment: 4-0 1-1 0-2 3-3 2-4
Robot 1 finished At time 166
Time 168
Robots Locations 0-(13,9) 1-(4,5) 2-(11,3) 3-(9,4) 4-(13,10)
Target Locations:  0-(12,2) 1-(13,9) 2-(5,1) 3-(15,12) 4-(12,11)
Task Assignment: 4-0 0-1 3-2 2-3 1-4
Robot 0 finished At time 175
Time 177
Robots Locations 0-(13,9) 1-(6,7) 2-(13,6) 3-(6,2) 4-(13,7)
Target Locations:  0-(12,2) 1-(5,1) 2-(15,12) 3-(12,11) 4-(9,8)
Task Assignment: 4-0 3-1 2-2 1-3 0-4
Robot 3 finished At time 186
Time 188
Robots Locations 0-(11,8) 1-(8,8) 2-(13,8) 3-(5,1) 4-(13,5)
Target Locations:  0-(12,2) 1-(15,12) 2-(12,11) 3-(9,8) 4-(8,13)
Task Assignment: 4-0 2-1 1-2 0-3 3-4
Robot 0 finished At time 193
Time 195
Robots Locations 0-(9,8) 1-(10,10) 2-(14,11) 3-(5,3) 4-(12,3)
Target Locations:  0-(12,2) 1-(15,12) 2-(12,11) 3-(8,13) 4-(15,9)
Task Assignment: 4-0 2-1 1-2 3-3 0-4
Robot 4 finished At time 199
Time 202
Robots Locations 0-(10,7) 1-(11,11) 2-(15,12) 3-(5,5) 4-(12,2)
Target Locations:  0-(15,12) 1-(12,11) 2-(8,13) 3-(15,9) 4-(2,2)
Task Assignment: 2-0 1-1 3-2 0-3 4-4
Robot 2 finished At time 212
Time 215
Robots Locations 0-(10,8) 1-(12,11) 2-(15,12) 3-(6,6) 4-(11,2)
Target Locations:  0-(12,11) 1-(8,13) 2-(15,9) 3-(2,2) 4-(1,2)
Task Assignment: 1-0 3-1 0-2 4-3 2-4
Robot 1 finished At time 216
Time 218
Robots Locations 0-(11,8) 1-(12,11) 2-(15,13) 3-(6,6) 4-(11,2)
Target Locations:  0-(8,13) 1-(15,9) 2-(2,2) 3-(1,2) 4-(7,9)
Task Assignment: 3-0 0-1 4-2 2-3 1-4
Robot 0 finished At time 227
Time 229
Robots Locations 0-(15,9) 1-(8,10) 2-(11,10) 3-(7,11) 4-(6,2)
Target Locations:  0-(8,13) 1-(2,2) 2-(1,2) 3-(7,9) 4-(7,5)
Task Assignment: 3-0 4-1 2-2 1-3 0-4
Robot 1 finished At time 234
Time 235
Robots Locations 0-(14,8) 1-(7,9) 2-(9,8) 3-(8,13) 4-(3,2)
Target Locations:  0-(8,13) 1-(2,2) 2-(1,2) 3-(7,5) 4-(2,13)
Task Assignment: 3-0 4-1 2-2 0-3 1-4
Robot 3 finished At time 236
Time 238
Robots Locations 0-(14,8) 1-(7,9) 2-(8,8) 3-(8,13) 4-(2,2)
Target Locations:  0-(2,2) 1-(1,2) 2-(7,5) 3-(2,13) 4-(5,8)
Task Assignment: 4-0 2-1 0-2 1-3 3-4
Robot 4 finished At time 241
Time 243
Robots Locations 0-(12,7) 1-(6,10) 2-(7,7) 3-(7,13) 4-(2,2)
Target Locations:  0-(1,2) 1-(7,5) 2-(2,13) 3-(5,8) 4-(1,9)
Task Assignment: 2-0 0-1 1-2 3-3 4-4
Robot 1 finished At time 253
Time 255
Robots Locations 0-(7,5) 1-(2,13) 2-(3,3) 3-(5,8) 4-(1,7)
Target Locations:  0-(1,2) 1-(7,5) 2-(5,8) 3-(1,9) 4-(1,10)
Task Assignment: 2-0 0-1 3-2 4-3 1-4
Robot 0 finished At time 257
Time 259
Robots Locations 0-(7,5) 1-(1,13) 2-(2,3) 3-(5,8) 4-(1,8)
Target Locations:  0-(1,2) 1-(5,8) 2-(1,9) 3-(1,10) 4-(14,13)
Task Assignment: 2-0 3-1 4-2 1-3 0-4
Robot 3 finished At time 259
Time 261
Robots Locations 0-(7,5) 1-(1,13) 2-(2,3) 3-(5,8) 4-(1,8)
Target Locations:  0-(1,2) 1-(1,9) 2-(1,10) 3-(14,13) 4-(9,2)
Task Assignment: 2-0 4-1 1-2 0-3 3-4
Robot 4 finished At time 264
Time 266
Robots Locations 0-(7,6) 1-(1,11) 2-(1,2) 3-(6,7) 4-(1,9)
Target Locations:  0-(1,2) 1-(1,10) 2-(14,13) 3-(9,2) 4-(4,13)
Task Assignment: 2-0 1-1 0-2 3-3 4-4
Robot 2 finished At time 268
Time 270
Robots Locations 0-(7,6) 1-(1,10) 2-(1,2) 3-(6,6) 4-(1,9)
Target Locations:  0-(1,10) 1-(14,13) 2-(9,2) 3-(4,13) 4-(4,5)
Task Assignment: 1-0 0-1 3-2 4-3 2-4
Robot 1 finished At time 279
Time 281
Robots Locations 0-(11,10) 1-(1,10) 2-(3,5) 3-(9,2) 4-(3,12)
Target Locations:  0-(14,13) 1-(9,2) 2-(4,13) 3-(4,5) 4-(4,4)
Task Assignment: 0-0 3-1 4-2 2-3 1-4
Robot 3 finished At time 284
Time 296
Robots Locations 0-(12,11) 1-(2,10) 2-(4,5) 3-(9,2) 4-(4,13)
Target Locations:  0-(14,13) 1-(4,13) 2-(4,5) 3-(4,4) 4-(1,7)
Task Assignment: 0-0 4-1 2-2 1-3 3-4
Robot 2 finished At time 297
Time 299
Robots Locations 0-(12,11) 1-(2,10) 2-(4,5) 3-(9,1) 4-(4,13)
Target Locations:  0-(14,13) 1-(4,13) 2-(4,4) 3-(1,7) 4-(5,14)
Task Assignment: 0-0 4-1 1-2 3-3 2-4
Robot 4 finished At time 301
Time 303
Robots Locations 0-(13,12) 1-(2,9) 2-(4,6) 3-(8,1) 4-(4,13)
Target Locations:  0-(14,13) 1-(4,4) 2-(1,7) 3-(5,14) 4-(9,1)
Task Assignment: 0-0 1-1 3-2 2-3 4-4
Robot 0 finished At time 308
Robot 2 finished At time 319
Robot 1 finished At time 320
Robot 3 finished At time 323
Robot 4 finished At time 327
/mmdr
Time 2
Robots Locations 0-(3,3) 1-(7,6) 2-(9,8) 3-(12,12) 4-(15,15)
Target Locations:  0-(12,9) 1-(14,8) 2-(14,2) 3-(11,12) 4-(3,4)
Task Assignment: 0-4 1-0 2-2 3-1 4-3
Robot 0 finished At time 8
Time 10
Robots Locations 0-(3,4) 1-(10,8) 2-(11,6) 3-(14,10) 4-(13,14)
Target Locations:  0-(12,9) 1-(14,8) 2-(14,2) 3-(11,12) 4-(1,13)
Task Assignment: 0-4 1-0 2-2 3-1 4-3
Robot 3 finished At time 16
Time 31
Robots Locations 0-(-1,-1) 1-(12,9) 2-(13,4) 3-(14,8) 4-(11,12)
Target Locations:  0-(12,9) 1-(14,2) 2-(11,12) 3-(1,13) 4-(14,6)
Task Assignment: 0-3 1-0 2-1 3-4 4-2
Robot 1 finished At time 33
Time 35
Robots Locations 0-(2,7) 1-(12,9) 2-(13,3) 3-(14,7) 4-(11,12)
Target Locations:  0-(14,2) 1-(11,12) 2-(1,13) 3-(14,6) 4-(8,1)
Task Assignment: 0-2 1-3 2-4 3-0 4-1
Robot 4 finished At time 35
Time 38
Robots Locations 0-(2,8) 1-(12,9) 2-(13,3) 3-(14,7) 4-(11,12)
Target Locations:  0-(14,2) 1-(1,13) 2-(14,6) 3-(8,1) 4-(3,11)
Task Assignment: 0-1 1-2 2-3 3-0 4-4
Robot 1 finished At time 46
Time 49
Robots Locations 0-(1,12) 1-(14,6) 2-(9,1) 3-(14,2) 4-(6,11)
Target Locations:  0-(14,2) 1-(1,13) 2-(8,1) 3-(3,11) 4-(10,11)
Task Assignment: 0-1 1-4 2-2 3-0 4-3
Robot 3 finished At time 51
Time 53
Robots Locations 0-(1,13) 1-(13,5) 2-(8,1) 3-(14,2) 4-(5,11)
Target Locations:  0-(1,13) 1-(8,1) 2-(3,11) 3-(10,11) 4-(8,9)
Task Assignment: 0-0 1-3 2-4 3-1 4-2
Robot 0 finished At time 55
Time 57
Robots Locations 0-(1,13) 1-(13,6) 2-(8,1) 3-(14,2) 4-(5,11)
Target Locations:  0-(8,1) 1-(3,11) 2-(10,11) 3-(8,9) 4-(8,3)
Task Assignment: 0-1 1-2 2-0 3-4 4-3
Robot 2 finished At time 63
Time 65
Robots Locations 0-(3,11) 1-(11,9) 2-(8,1) 3-(11,2) 4-(7,10)
Target Locations:  0-(3,11) 1-(10,11) 2-(8,9) 3-(8,3) 4-(15,13)
Task Assignment: 0-0 1-4 2-3 3-2 4-1
Robot 0 finished At time 67
Time 69
Robots Locations 0-(3,11) 1-(12,10) 2-(8,2) 3-(10,3) 4-(8,10)
Target Locations:  0-(10,11) 1-(8,9) 2-(8,3) 3-(15,13) 4-(14,15)
Task Assignment: 0-0 1-3 2-2 3-1 4-4
Robot 2 finished At time 73
Time 76
Robots Locations 0-(5,11) 1-(14,12) 2-(8,3) 3-(9,6) 4-(10,11)
Target Locations:  0-(10,11) 1-(8,9) 2-(15,13) 3-(14,15) 4-(2,7)
Task Assignment: 0-4 1-2 2-1 3-0 4-3
Robot 1 finished At time 82
Time 84
Robots Locations 0-(4,9) 1-(15,13) 2-(8,6) 3-(10,9) 4-(12,14)
Target Locations:  0-(10,11) 1-(8,9) 2-(14,15) 3-(2,7) 4-(8,13)
Task Assignment: 0-3 1-2 2-1 3-0 4-4
Robot 3 finished At time 90
Time 93
Robots Locations 0-(2,7) 1-(14,15) 2-(8,9) 3-(10,11) 4-(10,14)
Target Locations:  0-(8,9) 1-(14,15) 2-(2,7) 3-(8,13) 4-(10,6)
Task Assignment: 0-2 1-1 2-4 3-0 4-3
Robot 1 finished At time 93
Time 96
Robots Locations 0-(2,7) 1-(14,15) 2-(8,9) 3-(10,11) 4-(10,14)
Target Locations:  0-(8,9) 1-(2,7) 2-(8,13) 3-(10,6) 4-(5,11)
Task Assignment: 0-1 1-2 2-3 3-0 4-4
Robot 0 finished At time 96
Time 98
Robots Locations 0-(2,7) 1-(14,15) 2-(8,9) 3-(10,11) 4-(10,14)
Target Locations:  0-(8,9) 1-(8,13) 2-(10,6) 3-(5,11) 4-(14,8)
Task Assignment: 0-3 1-1 2-2 3-4 4-0
Robot 2 finished At time 108
Time 110
Robots Locations 0-(4,10) 1-(9,13) 2-(10,6) 3-(13,9) 4-(8,9)
Target Locations:  0-(8,9) 1-(8,13) 2-(5,11) 3-(14,8) 4-(12,6)
Task Assignment: 0-2 1-1 2-4 3-3 4-0
Robot 4 finished At time 111
Time 114
Robots Locations 0-(5,11) 1-(8,13) 2-(10,6) 3-(14,8) 4-(8,9)
Target Locations:  0-(8,13) 1-(5,11) 2-(14,8) 3-(12,6) 4-(14,10)
Task Assignment: 0-1 1-0 2-2 3-4 4-3
Robot 0 finished At time 117
Time 119
Robots Locations 0-(5,11) 1-(8,13) 2-(12,6) 3-(14,9) 4-(9,8)
Target Locations:  0-(8,13) 1-(14,8) 2-(12,6) 3-(14,10) 4-(14,13)
Task Assignment: 0-0 1-4 2-1 3-3 4-2
Robot 3 finished At time 123
Time 126
Robots Locations 0-(7,12) 1-(9,12) 2-(14,8) 3-(14,10) 4-(11,7)
Target Locations:  0-(8,13) 1-(14,8) 2-(12,6) 3-(14,13) 4-(12,6)
Task Assignment: 0-0 1-3 2-2 3-1 4-4
Robot 0 finished At time 130
Time 132
Robots Locations 0-(8,13) 1-(12,13) 2-(13,7) 3-(14,9) 4-(12,6)
Target Locations:  0-(14,8) 1-(12,6) 2-(14,13) 3-(12,6) 4-(15,8)
Task Assignment: 0-2 1-0 2-1 3-4 4-3
Robot 4 finished At time 133
Time 135
Robots Locations 0-(8,13) 1-(12,13) 2-(13,6) 3-(14,9) 4-(12,6)
Target Locations:  0-(14,8) 1-(12,6) 2-(14,13) 3-(15,8) 4-(12,2)
Task Assignment: 0-2 1-0 2-4 3-3 4-1
Robot 4 finished At time 136
Time 138
Robots Locations 0-(8,13) 1-(12,13) 2-(13,6) 3-(14,9) 4-(12,6)
Target Locations:  0-(14,8) 1-(14,13) 2-(15,8) 3-(12,2) 4-(4,5)
Task Assignment: 0-4 1-1 2-3 3-2 4-0
Robot 3 finished At time 143
Time 145
Robots Locations 0-(8,11) 1-(14,13) 2-(13,5) 3-(15,8) 4-(13,7)
Target Locations:  0-(14,8) 1-(14,13) 2-(12,2) 3-(4,5) 4-(10,3)
Task Assignment: 0-3 1-1 2-4 3-0 4-2
Robot 1 finished At time 147
Time 149
Robots Locations 0-(8,11) 1-(14,13) 2-(12,4) 3-(15,7) 4-(13,7)
Target Locations:  0-(14,8) 1-(12,2) 2-(4,5) 3-(10,3) 4-(13,9)
Task Assignment: 0-2 1-4 2-3 3-1 4-0
Robot 4 finished At time 156
Time 158
Robots Locations 0-(6,8) 1-(14,10) 2-(10,3) 3-(14,5) 4-(14,8)
Target Locations:  0-(12,2) 1-(4,5) 2-(10,3) 3-(13,9) 4-(5,1)
Task Assignment: 0-1 1-3 2-4 3-0 4-2
Robot 1 finished At time 164
Time 166
Robots Locations 0-(4,5) 1-(13,9) 2-(7,2) 3-(12,2) 4-(12,7)
Target Locations:  0-(12,2) 1-(4,5) 2-(10,3) 3-(5,1) 4-(15,12)
Task Assignment: 0-1 1-4 2-3 3-0 4-2
Robot 0 finished At time 168
Time 171
Robots Locations 0-(4,5) 1-(12,10) 2-(6,2) 3-(12,2) 4-(12,6)
Target Locations:  0-(12,2) 1-(10,3) 2-(5,1) 3-(15,12) 4-(12,11)
Task Assignment: 0-2 1-3 2-1 3-0 4-4
Robot 3 finished At time 172
Time 174
Robots Locations 0-(4,5) 1-(13,10) 2-(6,1) 3-(12,2) 4-(11,6)
Target Locations:  0-(10,3) 1-(5,1) 2-(15,12) 3-(12,11) 4-(9,8)
Task Assignment: 0-4 1-2 2-1 3-0 4-3
Robot 2 finished At time 178
Time 181
Robots Locations 0-(6,5) 1-(14,11) 2-(5,1) 3-(10,3) 4-(11,7)
Target Locations:  0-(10,3) 1-(15,12) 2-(12,11) 3-(9,8) 4-(8,13)
Task Assignment: 0-4 1-1 2-0 3-3 4-2
Robot 1 finished At time 184
Time 186
Robots Locations 0-(6,7) 1-(15,12) 2-(6,1) 3-(10,5) 4-(12,9)
Target Locations:  0-(10,3) 1-(12,11) 2-(9,8) 3-(8,13) 4-(15,9)
Task Assignment: 0-3 1-4 2-0 3-2 4-1
Robot 4 finished At time 191
Time 194
Robots Locations 0-(7,10) 1-(15,10) 2-(8,2) 3-(9,7) 4-(12,11)
Target Locations:  0-(10,3) 1-(9,8) 2-(8,13) 3-(15,9) 4-(2,2)
Task Assignment: 0-1 1-3 2-4 3-0 4-2
Robot 1 finished At time 198
Time 200
Robots Locations 0-(8,9) 1-(15,9) 2-(7,3) 3-(10,7) 4-(10,12)
Target Locations:  0-(10,3) 1-(9,8) 2-(8,13) 3-(2,2) 4-(1,2)
Task Assignment: 0-4 1-1 2-3 3-0 4-2
Robot 4 finished At time 206
Time 208
Robots Locations 0-(6,7) 1-(12,8) 2-(4,2) 3-(10,3) 4-(8,13)
Target Locations:  0-(10,3) 1-(9,8) 2-(2,2) 3-(1,2) 4-(7,9)
Task Assignment: 0-2 1-1 2-3 3-0 4-4
Robot 3 finished At time 211
Time 213
Robots Locations 0-(5,6) 1-(10,8) 2-(2,2) 3-(10,3) 4-(7,12)
Target Locations:  0-(9,8) 1-(2,2) 2-(1,2) 3-(7,9) 4-(7,5)
Task Assignment: 0-2 1-0 2-1 3-4 4-3
Robot 2 finished At time 216
Time 219
Robots Locations 0-(4,4) 1-(9,8) 2-(2,2) 3-(9,3) 4-(7,11)
Target Locations:  0-(9,8) 1-(1,2) 2-(7,9) 3-(7,5) 4-(2,13)
Task Assignment: 0-2 1-0 2-1 3-3 4-4
Robot 1 finished At time 220
Time 223
Robots Locations 0-(3,5) 1-(9,8) 2-(1,2) 3-(8,4) 4-(7,10)
Target Locations:  0-(1,2) 1-(7,9) 2-(7,5) 3-(2,13) 4-(5,8)
Task Assignment: 0-4 1-1 2-0 3-2 4-3
Robot 2 finished At time 225
Time 228
Robots Locations 0-(4,6) 1-(8,9) 2-(1,2) 3-(7,5) 4-(6,11)
Target Locations:  0-(7,9) 1-(7,5) 2-(2,13) 3-(5,8) 4-(1,9)
Task Assignment: 0-4 1-0 2-1 3-3 4-2
Robot 1 finished At time 231
Time 233
Robots Locations 0-(3,7) 1-(7,9) 2-(1,3) 3-(6,6) 4-(4,12)
Target Locations:  0-(7,5) 1-(2,13) 2-(5,8) 3-(1,9) 4-(1,10)
Task Assignment: 0-4 1-2 2-3 3-0 4-1
Robot 4 finished At time 239
Time 242
Robots Locations 0-(1,10) 1-(5,8) 2-(1,6) 3-(7,5) 4-(2,13)
Target Locations:  0-(7,5) 1-(5,8) 2-(1,9) 3-(1,10) 4-(14,13)
Task Assignment: 0-2 1-4 2-1 3-0 4-3
Robot 3 finished At time 243
Time 245
Robots Locations 0-(1,10) 1-(5,7) 2-(2,7) 3-(7,5) 4-(1,13)
Target Locations:  0-(5,8) 1-(1,9) 2-(1,10) 3-(14,13) 4-(9,2)
Task Assignment: 0-1 1-3 2-0 3-4 4-2
Robot 0 finished At time 250
Time 252
Robots Locations 0-(1,9) 1-(7,8) 2-(4,8) 3-(8,3) 4-(1,10)
Target Locations:  0-(5,8) 1-(1,10) 2-(14,13) 3-(9,2) 4-(4,13)
Task Assignment: 0-1 1-2 2-0 3-3 4-4
Robot 2 finished At time 255
Time 257
Robots Locations 0-(1,10) 1-(8,9) 2-(5,8) 3-(9,2) 4-(2,11)
Target Locations:  0-(1,10) 1-(14,13) 2-(9,2) 3-(4,13) 4-(4,5)
Task Assignment: 0-0 1-1 2-4 3-2 4-3
Robot 3 finished At time 258
Time 260
Robots Locations 0-(1,10) 1-(9,9) 2-(5,8) 3-(9,2) 4-(2,11)
Target Locations:  0-(1,10) 1-(14,13) 2-(4,13) 3-(4,5) 4-(4,4)
Task Assignment: 0-0 1-1 2-3 3-4 4-2
Robot 0 finished At time 262
Time 265
Robots Locations 0-(1,10) 1-(10,10) 2-(5,7) 3-(8,1) 4-(3,12)
Target Locations:  0-(14,13) 1-(4,13) 2-(4,5) 3-(4,4) 4-(1,7)
Task Assignment: 0-4 1-0 2-2 3-3 4-1
Robot 4 finished At time 269
Time 272
Robots Locations 0-(0,9) 1-(12,11) 2-(4,5) 3-(6,3) 4-(4,13)
Target Locations:  0-(14,13) 1-(4,5) 2-(4,4) 3-(1,7) 4-(5,14)
Task Assignment: 0-3 1-0 2-1 3-2 4-4
Robot 2 finished At time 274
Time 277
Robots Locations 0-(1,8) 1-(13,12) 2-(4,5) 3-(5,3) 4-(5,14)
Target Locations:  0-(14,13) 1-(4,4) 2-(1,7) 3-(5,14) 4-(9,1)
Task Assignment: 0-2 1-0 2-1 3-4 4-3
Robot 4 finished At time 281
Robot 0 finished At time 281
Robot 2 finished At time 282
Robot 1 finished At time 283
Robot 3 finished At time 290
/mmd_msd2
Time 2
Robots Locations 0-(3,3) 1-(6,6) 2-(9,9) 3-(12,12) 4-(15,15)
Target Locations:  0-(12,9) 1-(14,8) 2-(14,2) 3-(11,12) 4-(3,4)
Task Assignment: 0-4 1-2 2-0 3-1 4-3
Robot 0 finished At time 8
Time 10
Robots Locations 0-(3,4) 1-(9,4) 2-(12,9) 3-(14,10) 4-(13,13)
Target Locations:  0-(12,9) 1-(14,8) 2-(14,2) 3-(11,12) 4-(1,13)
Task Assignment: 0-4 1-2 2-0 3-1 4-3
Robot 2 finished At time 11
Time 13
Robots Locations 0-(3,4) 1-(9,4) 2-(12,9) 3-(14,9) 4-(13,13)
Target Locations:  0-(14,8) 1-(14,2) 2-(11,12) 3-(1,13) 4-(14,6)
Task Assignment: 0-3 1-1 2-4 3-0 4-2
Robot 3 finished At time 18
Time 20
Robots Locations 0-(2,7) 1-(11,3) 2-(13,7) 3-(14,8) 4-(11,12)
Target Locations:  0-(14,2) 1-(11,12) 2-(1,13) 3-(14,6) 4-(8,1)
Task Assignment: 0-2 1-4 2-0 3-3 4-1
Robot 4 finished At time 21
Time 23
Robots Locations 0-(2,8) 1-(12,2) 2-(13,6) 3-(14,8) 4-(11,12)
Target Locations:  0-(14,2) 1-(1,13) 2-(14,6) 3-(8,1) 4-(3,11)
Task Assignment: 0-1 1-3 2-0 3-2 4-4
Robot 3 finished At time 28
Time 30
Robots Locations 0-(1,11) 1-(9,1) 2-(14,3) 3-(14,6) 4-(8,12)
Target Locations:  0-(14,2) 1-(1,13) 2-(8,1) 3-(3,11) 4-(10,11)
Task Assignment: 0-1 1-2 2-0 3-4 4-3
Robot 1 finished At time 34
Time 36
Robots Locations 0-(1,13) 1-(8,1) 2-(14,2) 3-(13,7) 4-(6,11)
Target Locations:  0-(14,2) 1-(1,13) 2-(3,11) 3-(10,11) 4-(8,9)
Task Assignment: 0-1 1-4 2-0 3-3 4-2
Robot 2 finished At time 37
Time 39
Robots Locations 0-(1,13) 1-(8,1) 2-(14,2) 3-(12,7) 4-(6,11)
Target Locations:  0-(1,13) 1-(3,11) 2-(10,11) 3-(8,9) 4-(8,3)
Task Assignment: 0-0 1-3 2-4 3-2 4-1
Robot 0 finished At time 40
Time 42
Robots Locations 0-(1,13) 1-(7,2) 2-(13,2) 3-(12,8) 4-(5,11)
Target Locations:  0-(3,11) 1-(10,11) 2-(8,9) 3-(8,3) 4-(15,13)
Task Assignment: 0-0 1-2 2-3 3-4 4-1
Robot 0 finished At time 51
Time 53
Robots Locations 0-(3,11) 1-(8,7) 2-(9,3) 3-(14,12) 4-(8,11)
Target Locations:  0-(10,11) 1-(8,9) 2-(8,3) 3-(15,13) 4-(14,15)
Task Assignment: 0-1 1-0 2-2 3-3 4-4
Robot 2 finished At time 56
Time 58
Robots Locations 0-(5,10) 1-(9,9) 2-(8,3) 3-(15,13) 4-(10,12)
Target Locations:  0-(10,11) 1-(8,9) 2-(15,13) 3-(14,15) 4-(2,7)
Task Assignment: 0-4 1-0 2-1 3-2 4-3
Robot 3 finished At time 59
Time 61
Robots Locations 0-(5,10) 1-(9,9) 2-(8,3) 3-(15,13) 4-(10,12)
Target Locations:  0-(10,11) 1-(8,9) 2-(14,15) 3-(2,7) 4-(8,13)
Task Assignment: 0-3 1-0 2-1 3-2 4-4
Robot 1 finished At time 67
Time 69
Robots Locations 0-(3,8) 1-(10,11) 2-(8,6) 3-(14,15) 4-(8,13)
Target Locations:  0-(8,9) 1-(14,15) 2-(2,7) 3-(8,13) 4-(10,6)
Task Assignment: 0-2 1-0 2-4 3-1 4-3
Robot 3 finished At time 69
Time 71
Robots Locations 0-(3,8) 1-(10,11) 2-(8,6) 3-(14,15) 4-(8,13)
Target Locations:  0-(8,9) 1-(2,7) 2-(8,13) 3-(10,6) 4-(5,11)
Task Assignment: 0-1 1-0 2-3 3-2 4-4
Robot 0 finished At time 75
Time 77
Robots Locations 0-(2,7) 1-(9,11) 2-(10,6) 3-(12,15) 4-(6,12)
Target Locations:  0-(8,9) 1-(8,13) 2-(10,6) 3-(5,11) 4-(14,8)
Task Assignment: 0-3 1-4 2-2 3-1 4-0
Robot 2 finished At time 80
Time 82
Robots Locations 0-(1,8) 1-(10,10) 2-(10,6) 3-(11,14) 4-(7,11)
Target Locations:  0-(8,9) 1-(8,13) 2-(5,11) 3-(14,8) 4-(12,6)
Task Assignment: 0-2 1-3 2-4 3-1 4-0
Robot 2 finished At time 87
Time 89
Robots Locations 0-(4,10) 1-(13,9) 2-(12,6) 3-(8,13) 4-(8,9)
Target Locations:  0-(8,9) 1-(8,13) 2-(5,11) 3-(14,8) 4-(14,10)
Task Assignment: 0-2 1-4 2-3 3-1 4-0
Robot 4 finished At time 90
Time 92
Robots Locations 0-(4,10) 1-(13,9) 2-(12,6) 3-(8,13) 4-(8,9)
Target Locations:  0-(8,13) 1-(5,11) 2-(14,8) 3-(14,10) 4-(14,13)
Task Assignment: 0-1 1-4 2-2 3-0 4-3
Robot 3 finished At time 93
Time 95
Robots Locations 0-(4,11) 1-(13,9) 2-(13,7) 3-(8,13) 4-(9,9)
Target Locations:  0-(5,11) 1-(14,8) 2-(14,10) 3-(14,13) 4-(12,6)
Task Assignment: 0-0 1-2 2-1 3-3 4-4
Robot 0 finished At time 98
Time 100
Robots Locations 0-(5,11) 1-(14,10) 2-(14,8) 3-(8,12) 4-(10,8)
Target Locations:  0-(14,8) 1-(14,10) 2-(14,13) 3-(12,6) 4-(15,8)
Task Assignment: 0-3 1-1 2-4 3-2 4-0
Robot 1 finished At time 101
Time 103
Robots Locations 0-(5,11) 1-(14,10) 2-(14,8) 3-(9,12) 4-(10,8)
Target Locations:  0-(14,8) 1-(14,13) 2-(12,6) 3-(15,8) 4-(12,2)
Task Assignment: 0-2 1-3 2-0 3-1 4-4
Robot 2 finished At time 111
Time 114
Robots Locations 0-(8,9) 1-(15,8) 2-(14,8) 3-(12,13) 4-(11,5)
Target Locations:  0-(14,13) 1-(12,6) 2-(15,8) 3-(12,2) 4-(4,5)
Task Assignment: 0-4 1-2 2-1 3-0 4-3
Robot 1 finished At time 115
Time 117
Robots Locations 0-(8,9) 1-(15,8) 2-(14,8) 3-(13,13) 4-(12,4)
Target Locations:  0-(14,13) 1-(12,6) 2-(12,2) 3-(4,5) 4-(10,3)
Task Assignment: 0-3 1-2 2-1 3-0 4-4
Robot 3 finished At time 120
Time 122
Robots Locations 0-(7,7) 1-(14,6) 2-(13,8) 3-(14,13) 4-(10,3)
Target Locations:  0-(12,6) 1-(12,2) 2-(4,5) 3-(10,3) 4-(13,9)
Task Assignment: 0-2 1-1 2-0 3-4 4-3
Robot 4 finished At time 124
Time 126
Robots Locations 0-(6,6) 1-(14,5) 2-(12,7) 3-(14,12) 4-(10,3)
Target Locations:  0-(12,6) 1-(12,2) 2-(4,5) 3-(13,9) 4-(5,1)
Task Assignment: 0-2 1-1 2-0 3-3 4-4
Robot 2 finished At time 130
Time 145
Robots Locations 0-(4,5) 1-(13,3) 2-(13,3) 3-(14,10) 4-(8,2)
Target Locations:  0-(12,2) 1-(4,5) 2-(13,9) 3-(5,1) 4-(15,12)
Task Assignment: 0-1 1-0 2-2 3-4 4-3
Robot 0 finished At time 147
Time 149
Robots Locations 0-(4,5) 1-(12,2) 2-(11,6) 3-(14,10) 4-(7,2)
Target Locations:  0-(12,2) 1-(13,9) 2-(5,1) 3-(15,12) 4-(12,11)
Task Assignment: 0-2 1-1 2-4 3-3 4-0
Robot 3 finished At time 154
Time 156
Robots Locations 0-(5,2) 1-(12,5) 2-(12,9) 3-(15,12) 4-(9,1)
Target Locations:  0-(12,2) 1-(13,9) 2-(5,1) 3-(12,11) 4-(9,8)
Task Assignment: 0-2 1-4 2-1 3-3 4-0
Robot 0 finished At time 160
Time 162
Robots Locations 0-(5,1) 1-(11,6) 2-(13,9) 3-(14,12) 4-(11,2)
Target Locations:  0-(12,2) 1-(13,9) 2-(12,11) 3-(9,8) 4-(8,13)
Task Assignment: 0-0 1-1 2-4 3-2 4-3
Robot 3 finished At time 167
Time 169
Robots Locations 0-(8,1) 1-(12,8) 2-(11,10) 3-(12,11) 4-(11,4)
Target Locations:  0-(12,2) 1-(13,9) 2-(9,8) 3-(8,13) 4-(15,9)
Task Assignment: 0-0 1-1 2-3 3-4 4-2
Robot 1 finished At time 173
Time 175
Robots Locations 0-(10,2) 1-(13,9) 2-(10,11) 3-(13,10) 4-(10,6)
Target Locations:  0-(12,2) 1-(9,8) 2-(8,13) 3-(15,9) 4-(2,2)
Task Assignment: 0-0 1-3 2-2 3-1 4-4
Robot 2 finished At time 181
Time 183
Robots Locations 0-(12,2) 1-(14,10) 2-(8,13) 3-(13,9) 4-(7,5)
Target Locations:  0-(12,2) 1-(9,8) 2-(15,9) 3-(2,2) 4-(1,2)
Task Assignment: 0-3 1-2 2-1 3-0 4-4
Robot 1 finished At time 188
Time 190
Robots Locations 0-(11,3) 1-(15,9) 2-(8,11) 3-(12,6) 4-(5,4)
Target Locations:  0-(12,2) 1-(9,8) 2-(2,2) 3-(1,2) 4-(7,9)
Task Assignment: 0-2 1-1 2-4 3-0 4-3
Robot 2 finished At time 198
Time 200
Robots Locations 0-(7,2) 1-(13,8) 2-(7,9) 3-(12,3) 4-(2,2)
Target Locations:  0-(12,2) 1-(9,8) 2-(2,2) 3-(1,2) 4-(7,5)
Task Assignment: 0-2 1-1 2-4 3-0 4-3
Robot 4 finished At time 203
Time 206
Robots Locations 0-(6,2) 1-(11,8) 2-(7,8) 3-(12,2) 4-(1,2)
Target Locations:  0-(12,2) 1-(9,8) 2-(2,2) 3-(7,5) 4-(2,13)
Task Assignment: 0-3 1-1 2-4 3-0 4-2
Robot 3 finished At time 207
Time 209
Robots Locations 0-(5,3) 1-(10,8) 2-(7,7) 3-(12,2) 4-(1,2)
Target Locations:  0-(9,8) 1-(2,2) 2-(7,5) 3-(2,13) 4-(5,8)
Task Assignment: 0-4 1-0 2-3 3-2 4-1
Robot 1 finished At time 213
Time 223
Robots Locations 0-(5,5) 1-(9,8) 2-(5,9) 3-(10,2) 4-(2,2)
Target Locations:  0-(2,2) 1-(7,5) 2-(2,13) 3-(5,8) 4-(1,9)
Task Assignment: 0-4 1-3 2-2 3-1 4-0
Robot 4 finished At time 227
Time 228
Robots Locations 0-(4,6) 1-(8,8) 2-(4,10) 3-(9,3) 4-(2,2)
Target Locations:  0-(7,5) 1-(2,13) 2-(5,8) 3-(1,9) 4-(1,10)
Task Assignment: 0-4 1-2 2-1 3-0 4-3
Robot 1 finished At time 234
Time 236
Robots Locations 0-(2,9) 1-(5,8) 2-(2,13) 3-(7,5) 4-(2,5)
Target Locations:  0-(7,5) 1-(2,13) 2-(1,9) 3-(1,10) 4-(14,13)
Task Assignment: 0-3 1-4 2-1 3-0 4-2
Robot 3 finished At time 237
Time 239
Robots Locations 0-(2,9) 1-(5,8) 2-(2,13) 3-(7,5) 4-(2,6)
Target Locations:  0-(2,13) 1-(1,9) 2-(1,10) 3-(14,13) 4-(9,2)
Task Assignment: 0-2 1-3 2-0 3-4 4-1
Robot 2 finished At time 241
Time 243
Robots Locations 0-(1,10) 1-(5,9) 2-(2,13) 3-(6,5) 4-(1,7)
Target Locations:  0-(1,9) 1-(1,10) 2-(14,13) 3-(9,2) 4-(4,13)
Task Assignment: 0-1 1-2 2-4 3-3 4-0
Robot 0 finished At time 245
Time 247
Robots Locations 0-(1,10) 1-(6,10) 2-(3,14) 3-(7,4) 4-(1,8)
Target Locations:  0-(1,9) 1-(14,13) 2-(9,2) 3-(4,13) 4-(4,5)
Task Assignment: 0-0 1-1 2-3 3-2 4-4
Robot 2 finished At time 252
Time 254
Robots Locations 0-(1,9) 1-(9,11) 2-(4,13) 3-(9,2) 4-(3,7)
Target Locations:  0-(1,9) 1-(14,13) 2-(9,2) 3-(4,5) 4-(4,4)
Task Assignment: 0-4 1-1 2-0 3-2 4-3
Robot 3 finished At time 256
Time 259
Robots Locations 0-(1,8) 1-(10,11) 2-(4,12) 3-(9,2) 4-(3,6)
Target Locations:  0-(1,9) 1-(14,13) 2-(4,5) 3-(4,4) 4-(1,7)
Task Assignment: 0-4 1-1 2-0 3-3 4-2
Robot 4 finished At time 263
Time 264
Robots Locations 0-(1,7) 1-(12,12) 2-(2,11) 3-(8,2) 4-(4,5)
Target Locations:  0-(1,9) 1-(14,13) 2-(4,4) 3-(1,7) 4-(5,14)
Task Assignment: 0-0 1-1 2-4 3-2 4-3
Robot 1 finished At time 270
Time 271
Robots Locations 0-(1,9) 1-(14,13) 2-(3,12) 3-(5,3) 4-(2,6)
Target Locations:  0-(1,9) 1-(4,4) 2-(1,7) 3-(5,14) 4-(9,1)
Task Assignment: 0-2 1-3 2-0 3-4 4-1
Robot 0 finished At time 281
Robot 4 finished At time 282
Robot 2 finished At time 284
Robot 3 finished At time 286
Robot 1 finished At time 291
