Goals: (7,7) (13,13) (3,12) (14,12) (5,10) (5,13) (1,6) (7,7) (4,8) (6,5) (15,11) (7,15) (1,11) (3,13) (13,7) (5,14) (4,11) (7,2) (5,6) (7,5) (10,9) (6,11) (9,10) (2,12) (8,12) (8,14) (14,8) (10,6) (10,6) (4,12) (2,7) (2,8) (1,12) (2,15) (5,5) (5,15) (10,14) (15,11) (14,3) (7,1) (7,14) (6,6) (3,12) (2,7) (3,5) (11,6) (5,11) (8,5) (4,6) (10,1)
/BLE
Time 2
Robots Locations 0-(4,2) 1-(6,5) 2-(10,9) 3-(12,12) 4-(15,15)
Target Locations:  0-(10,1) 1-(4,6) 2-(8,5) 3-(5,11) 4-(11,6)
Task Assignment: 1-2 2-4 0-1 3-3 4-0
Robot 1 finished At time 7
Time 9
Robots Locations 0-(4,4) 1-(8,5) 2-(11,7) 3-(9,12) 4-(15,13)
Target Locations:  0-(10,1) 1-(4,6) 2-(5,11) 3-(11,6) 4-(3,5)
Task Assignment: 2-3 0-4 1-1 3-2 4-0
Robot 2 finished At time 12
Time 14
Robots Locations 0-(3,5) 1-(8,6) 2-(11,6) 3-(8,12) 4-(14,11)
Target Locations:  0-(10,1) 1-(4,6) 2-(5,11) 3-(3,5) 4-(2,7)
Task Assignment: 0-3 3-2 1-1 2-0 4-4
Robot 0 finished At time 15
Time 17
Robots Locations 0-(3,5) 1-(7,6) 2-(11,5) 3-(7,12) 4-(14,11)
Target Locations:  0-(10,1) 1-(4,6) 2-(5,11) 3-(2,7) 4-(3,12)
Task Assignment: 0-1 3-2 2-0 1-3 4-4
Robot 3 finished At time 23
Time 25
Robots Locations 0-(4,6) 1-(5,6) 2-(10,2) 3-(5,11) 4-(11,11)
Target Locations:  0-(10,1) 1-(4,6) 2-(2,7) 3-(3,12) 4-(6,6)
Task Assignment: 0-1 2-0 1-4 3-3 4-2
Robot 2 finished At time 30
Time 32
Robots Locations 0-(4,6) 1-(6,6) 2-(10,1) 3-(3,12) 4-(9,10)
Target Locations:  0-(4,6) 1-(2,7) 2-(3,12) 3-(6,6) 4-(7,14)
Task Assignment: 0-0 1-3 3-2 4-4 2-1
Robot 1 finished At time 32
Time 34
Robots Locations 0-(4,6) 1-(6,6) 2-(10,1) 3-(3,12) 4-(8,10)
Target Locations:  0-(4,6) 1-(2,7) 2-(3,12) 3-(7,14) 4-(7,1)
Task Assignment: 0-0 3-2 2-4 1-1 4-3
Robot 0 finished At time 34
Time 36
Robots Locations 0-(4,6) 1-(6,6) 2-(10,1) 3-(3,12) 4-(8,10)
Target Locations:  0-(2,7) 1-(3,12) 2-(7,14) 3-(7,1) 4-(14,3)
Task Assignment: 3-1 0-0 2-3 4-2 1-4
Robot 3 finished At time 37
Time 39
Robots Locations 0-(3,6) 1-(7,6) 2-(9,1) 3-(3,12) 4-(8,11)
Target Locations:  0-(2,7) 1-(7,14) 2-(7,1) 3-(14,3) 4-(15,11)
Task Assignment: 0-0 2-2 4-1 1-3 3-4
Robot 0 finished At time 43
Time 45
Robots Locations 0-(2,7) 1-(9,5) 2-(7,1) 3-(4,13) 4-(7,13)
Target Locations:  0-(7,14) 1-(7,1) 2-(14,3) 3-(15,11) 4-(10,14)
Task Assignment: 2-1 4-0 1-2 3-4 0-3
Robot 2 finished At time 46
Time 48
Robots Locations 0-(2,8) 1-(10,5) 2-(7,1) 3-(5,13) 4-(7,14)
Target Locations:  0-(7,14) 1-(14,3) 2-(15,11) 3-(10,14) 4-(5,15)
Task Assignment: 4-0 3-4 1-1 0-3 2-2
Robot 4 finished At time 51
Time 53
Robots Locations 0-(3,8) 1-(11,4) 2-(7,2) 3-(5,14) 4-(7,14)
Target Locations:  0-(14,3) 1-(15,11) 2-(10,14) 3-(5,15) 4-(5,5)
Task Assignment: 3-3 4-2 1-0 2-4 0-1
Robot 3 finished At time 57
Time 60
Robots Locations 0-(5,9) 1-(13,3) 2-(6,4) 3-(5,15) 4-(9,14)
Target Locations:  0-(14,3) 1-(15,11) 2-(10,14) 3-(5,5) 4-(2,15)
Task Assignment: 1-0 4-2 2-3 3-4 0-1
Robot 1 finished At time 62
Time 64
Robots Locations 0-(7,9) 1-(14,3) 2-(5,5) 3-(4,15) 4-(10,14)
Target Locations:  0-(15,11) 1-(10,14) 2-(5,5) 3-(2,15) 4-(1,12)
Task Assignment: 4-1 2-2 3-3 0-4 1-0
Robot 4 finished At time 65
Time 67
Robots Locations 0-(7,10) 1-(15,3) 2-(5,5) 3-(3,15) 4-(10,14)
Target Locations:  0-(15,11) 1-(5,5) 2-(2,15) 3-(1,12) 4-(2,8)
Task Assignment: 2-1 3-2 0-4 4-0 1-3
Robot 2 finished At time 68
Time 70
Robots Locations 0-(7,10) 1-(15,3) 2-(5,5) 3-(3,15) 4-(10,14)
Target Locations:  0-(15,11) 1-(2,15) 2-(1,12) 3-(2,8) 4-(2,7)
Task Assignment: 3-1 2-4 0-3 4-0 1-2
Robot 3 finished At time 73
Time 75
Robots Locations 0-(5,10) 1-(13,5) 2-(3,6) 3-(2,15) 4-(12,13)
Target Locations:  0-(15,11) 1-(1,12) 2-(2,8) 3-(2,7) 4-(4,12)
Task Assignment: 2-3 0-4 3-1 4-0 1-2
Robot 2 finished At time 80
Time 82
Robots Locations 0-(4,12) 1-(10,5) 2-(2,7) 3-(1,13) 4-(14,11)
Target Locations:  0-(15,11) 1-(1,12) 2-(2,8) 3-(4,12) 4-(10,6)
Task Assignment: 0-3 2-2 4-0 3-1 1-4
Robot 0 finished At time 85
Time 87
Robots Locations 0-(4,12) 1-(10,6) 2-(2,8) 3-(1,12) 4-(15,11)
Target Locations:  0-(15,11) 1-(1,12) 2-(2,8) 3-(10,6) 4-(10,6)
Task Assignment: 2-2 4-0 3-1 1-3 0-4
Robot 3 finished At time 87
Time 89
Robots Locations 0-(4,12) 1-(10,6) 2-(2,8) 3-(1,12) 4-(15,11)
Target Locations:  0-(15,11) 1-(2,8) 2-(10,6) 3-(10,6) 4-(14,8)
Task Assignment: 4-0 1-3 2-1 0-2 3-4
Robot 4 finished At time 90
Time 92
Robots Locations 0-(4,12) 1-(10,6) 2-(2,8) 3-(1,12) 4-(15,11)
Target Locations:  0-(2,8) 1-(10,6) 2-(10,6) 3-(14,8) 4-(8,14)
Task Assignment: 1-1 2-0 4-3 0-4 3-2
Robot 1 finished At time 92
Time 94
Robots Locations 0-(4,13) 1-(10,6) 2-(2,8) 3-(1,12) 4-(15,11)
Target Locations:  0-(2,8) 1-(10,6) 2-(14,8) 3-(8,14) 4-(8,12)
Task Assignment: 1-1 2-0 4-2 0-3 3-4
Robot 2 finished At time 94
Time 96
Robots Locations 0-(5,13) 1-(10,6) 2-(2,8) 3-(1,12) 4-(15,11)
Target Locations:  0-(10,6) 1-(14,8) 2-(8,14) 3-(8,12) 4-(2,12)
Task Assignment: 1-0 3-4 0-2 4-1 2-3
Robot 1 finished At time 97
Time 99
Robots Locations 0-(5,13) 1-(10,6) 2-(2,8) 3-(1,11) 4-(15,11)
Target Locations:  0-(14,8) 1-(8,14) 2-(8,12) 3-(2,12) 4-(9,10)
Task Assignment: 3-3 0-1 4-0 1-4 2-2
Robot 3 finished At time 103
Time 105
Robots Locations 0-(7,13) 1-(9,8) 2-(4,9) 3-(2,12) 4-(14,9)
Target Locations:  0-(14,8) 1-(8,14) 2-(8,12) 3-(9,10) 4-(6,11)
Task Assignment: 4-0 0-1 1-3 2-4 3-2
Robot 4 finished At time 109
Time 111
Robots Locations 0-(8,14) 1-(9,10) 2-(5,11) 3-(4,12) 4-(14,8)
Target Locations:  0-(8,14) 1-(8,12) 2-(9,10) 3-(6,11) 4-(10,9)
Task Assignment: 0-0 1-2 2-3 3-1 4-4
Robot 0 finished At time 112
Time 114
Robots Locations 0-(8,14) 1-(9,10) 2-(6,11) 3-(4,12) 4-(14,8)
Target Locations:  0-(8,12) 1-(9,10) 2-(6,11) 3-(10,9) 4-(7,5)
Task Assignment: 1-1 2-2 0-0 4-3 3-4
Robot 1 finished At time 115
Time 117
Robots Locations 0-(8,14) 1-(9,10) 2-(6,11) 3-(5,12) 4-(13,8)
Target Locations:  0-(8,12) 1-(6,11) 2-(10,9) 3-(7,5) 4-(5,6)
Task Assignment: 2-1 1-2 0-0 3-4 4-3
Robot 2 finished At time 118
Time 120
Robots Locations 0-(9,13) 1-(9,11) 2-(6,11) 3-(5,11) 4-(12,8)
Target Locations:  0-(8,12) 1-(10,9) 2-(7,5) 3-(5,6) 4-(7,2)
Task Assignment: 0-0 4-1 3-3 2-2 1-4
Robot 0 finished At time 125
Time 127
Robots Locations 0-(8,12) 1-(9,9) 2-(7,9) 3-(5,9) 4-(10,9)
Target Locations:  0-(10,9) 1-(7,5) 2-(5,6) 3-(7,2) 4-(4,11)
Task Assignment: 4-0 3-4 2-2 1-1 0-3
Robot 4 finished At time 131
Time 132
Robots Locations 0-(8,10) 1-(8,7) 2-(6,8) 3-(4,9) 4-(10,9)
Target Locations:  0-(7,5) 1-(5,6) 2-(7,2) 3-(4,11) 4-(5,14)
Task Assignment: 3-3 1-0 2-1 0-4 4-2
Robot 2 finished At time 137
Time 139
Robots Locations 0-(6,12) 1-(7,5) 2-(5,6) 3-(4,11) 4-(9,7)
Target Locations:  0-(7,5) 1-(7,2) 2-(4,11) 3-(5,14) 4-(13,7)
Task Assignment: 3-2 1-0 0-3 4-4 2-1
Robot 3 finished At time 139
Time 141
Robots Locations 0-(6,12) 1-(7,5) 2-(5,6) 3-(4,11) 4-(9,7)
Target Locations:  0-(7,5) 1-(7,2) 2-(5,14) 3-(13,7) 4-(3,13)
Task Assignment: 1-0 0-2 3-4 4-3 2-1
Robot 1 finished At time 142
Time 144
Robots Locations 0-(6,12) 1-(7,5) 2-(5,6) 3-(4,11) 4-(9,7)
Target Locations:  0-(7,2) 1-(5,14) 2-(13,7) 3-(3,13) 4-(1,11)
Task Assignment: 0-1 3-3 1-0 4-2 2-4
Robot 3 finished At time 149
Time 151
Robots Locations 0-(5,14) 1-(7,2) 2-(3,7) 3-(3,13) 4-(12,7)
Target Locations:  0-(7,2) 1-(5,14) 2-(13,7) 3-(1,11) 4-(7,15)
Task Assignment: 0-1 1-0 4-2 3-3 2-4
Robot 0 finished At time 152
Time 154
Robots Locations 0-(5,14) 1-(7,2) 2-(3,8) 3-(3,13) 4-(12,7)
Target Locations:  0-(7,2) 1-(13,7) 2-(1,11) 3-(7,15) 4-(15,11)
Task Assignment: 1-0 4-1 0-3 3-2 2-4
Robot 1 finished At time 155
Time 157
Robots Locations 0-(5,14) 1-(7,2) 2-(3,8) 3-(2,13) 4-(12,7)
Target Locations:  0-(13,7) 1-(1,11) 2-(7,15) 3-(15,11) 4-(6,5)
Task Assignment: 4-0 0-2 3-1 1-4 2-3
Robot 4 finished At time 160
Time 162
Robots Locations 0-(6,15) 1-(6,2) 2-(5,8) 3-(2,12) 4-(13,7)
Target Locations:  0-(1,11) 1-(7,15) 2-(15,11) 3-(6,5) 4-(4,8)
Task Assignment: 0-1 2-4 3-0 1-3 4-2
Robot 0 finished At time 165
Time 167
Robots Locations 0-(7,15) 1-(6,4) 2-(5,7) 3-(1,11) 4-(14,8)
Target Locations:  0-(1,11) 1-(15,11) 2-(6,5) 3-(4,8) 4-(7,7)
Task Assignment: 3-0 1-2 2-3 4-1 0-4
Robot 3 finished At time 168
Time 170
Robots Locations 0-(7,15) 1-(6,5) 2-(4,8) 3-(1,11) 4-(14,9)
Target Locations:  0-(15,11) 1-(6,5) 2-(4,8) 3-(7,7) 4-(1,6)
Task Assignment: 1-1 2-2 4-0 3-4 0-3
Robot 2 finished At time 172
Time 174
Robots Locations 0-(7,14) 1-(6,5) 2-(4,8) 3-(1,10) 4-(15,10)
Target Locations:  0-(15,11) 1-(6,5) 2-(7,7) 3-(1,6) 4-(5,13)
Task Assignment: 1-1 4-0 0-4 2-2 3-3
Robot 1 finished At time 175
Time 176
Robots Locations 0-(7,13) 1-(6,5) 2-(4,8) 3-(1,10) 4-(15,10)
Target Locations:  0-(15,11) 1-(7,7) 2-(1,6) 3-(5,13) 4-(5,10)
Task Assignment: 4-0 0-3 1-1 2-4 3-2
Robot 4 finished At time 180
Time 182
Robots Locations 0-(6,13) 1-(7,7) 2-(5,10) 3-(1,8) 4-(15,11)
Target Locations:  0-(7,7) 1-(1,6) 2-(5,13) 3-(5,10) 4-(14,12)
Task Assignment: 1-0 2-3 0-2 4-4 3-1
Robot 1 finished At time 184
Time 186
Robots Locations 0-(5,13) 1-(7,7) 2-(5,10) 3-(1,7) 4-(14,12)
Target Locations:  0-(1,6) 1-(5,13) 2-(5,10) 3-(14,12) 4-(3,12)
Task Assignment: 0-1 4-3 2-2 3-0 1-4
Robot 2 finished At time 187
Time 188
Robots Locations 0-(5,13) 1-(7,7) 2-(5,10) 3-(1,7) 4-(14,12)
Target Locations:  0-(1,6) 1-(5,13) 2-(14,12) 3-(3,12) 4-(13,13)
Task Assignment: 0-1 4-2 3-0 2-3 1-4
Robot 0 finished At time 189
Time 192
Robots Locations 0-(5,13) 1-(7,7) 2-(5,10) 3-(1,6) 4-(14,12)
Target Locations:  0-(1,6) 1-(14,12) 2-(3,12) 3-(13,13) 4-(7,7)
Task Assignment: 4-1 3-0 1-4 0-2 2-3
Robot 4 finished At time 193
Robot 3 finished At time 194
Robot 1 finished At time 197
Robot 0 finished At time 197
Robot 2 finished At time 206
/MURDOCH
Time 2
Robots Locations 0-(3,3) 1-(5,6) 2-(9,9) 3-(12,12) 4-(15,16)
Target Locations:  0-(10,1) 1-(4,6) 2-(8,5) 3-(5,11) 4-(11,6)
Task Assignment: 1-0 3-1 2-2 4-3 0-4
Robot 2 finished At time 10
Time 12
Robots Locations 0-(7,4) 1-(8,3) 2-(8,5) 3-(10,10) 4-(12,15)
Target Locations:  0-(10,1) 1-(4,6) 2-(5,11) 3-(11,6) 4-(3,5)
Task Assignment: 1-0 3-1 4-2 0-3 2-4
Robot 1 finished At time 18
Time 20
Robots Locations 0-(9,5) 1-(10,1) 2-(6,4) 3-(7,8) 4-(9,13)
Target Locations:  0-(4,6) 1-(5,11) 2-(11,6) 3-(3,5) 4-(2,7)
Task Assignment: 3-0 4-1 0-2 2-3 1-4
Robot 0 finished At time 27
Time 29
Robots Locations 0-(11,6) 1-(8,2) 2-(3,5) 3-(4,6) 4-(6,11)
Target Locations:  0-(4,6) 1-(5,11) 2-(3,5) 3-(2,7) 4-(3,12)
Task Assignment: 3-0 4-1 2-2 1-3 0-4
Robot 3 finished At time 30
Time 32
Robots Locations 0-(11,7) 1-(7,2) 2-(3,5) 3-(4,6) 4-(5,11)
Target Locations:  0-(5,11) 1-(3,5) 2-(2,7) 3-(3,12) 4-(6,6)
Task Assignment: 4-0 2-1 1-2 0-3 3-4
Robot 2 finished At time 33
Time 35
Robots Locations 0-(11,7) 1-(7,3) 2-(3,5) 3-(4,6) 4-(5,11)
Target Locations:  0-(5,11) 1-(2,7) 2-(3,12) 3-(6,6) 4-(7,14)
Task Assignment: 4-0 1-1 0-2 3-3 2-4
Robot 4 finished At time 36
Time 38
Robots Locations 0-(11,7) 1-(7,3) 2-(3,5) 3-(4,6) 4-(5,11)
Target Locations:  0-(2,7) 1-(3,12) 2-(6,6) 3-(7,14) 4-(7,1)
Task Assignment: 1-0 0-1 3-2 2-3 4-4
Robot 3 finished At time 44
Time 45
Robots Locations 0-(8,9) 1-(4,5) 2-(4,8) 3-(6,6) 4-(5,8)
Target Locations:  0-(2,7) 1-(3,12) 2-(7,14) 3-(7,1) 4-(14,3)
Task Assignment: 1-0 0-1 2-2 4-3 3-4
Robot 1 finished At time 52
Time 54
Robots Locations 0-(5,10) 1-(2,7) 2-(5,11) 3-(10,5) 4-(6,4)
Target Locations:  0-(3,12) 1-(7,14) 2-(7,1) 3-(14,3) 4-(15,11)
Task Assignment: 0-0 2-1 4-2 3-3 1-4
Robot 4 finished At time 61
Time 63
Robots Locations 0-(3,12) 1-(5,9) 2-(7,14) 3-(13,3) 4-(7,1)
Target Locations:  0-(3,12) 1-(7,14) 2-(14,3) 3-(15,11) 4-(10,14)
Task Assignment: 0-0 2-1 3-2 1-3 4-4
Robot 2 finished At time 64
Time 66
Robots Locations 0-(3,12) 1-(6,9) 2-(7,14) 3-(14,3) 4-(7,1)
Target Locations:  0-(3,12) 1-(14,3) 2-(15,11) 3-(10,14) 4-(5,15)
Task Assignment: 0-0 3-1 1-2 4-3 2-4
Robot 0 finished At time 66
Time 68
Robots Locations 0-(3,12) 1-(6,9) 2-(7,14) 3-(14,3) 4-(7,1)
Target Locations:  0-(14,3) 1-(15,11) 2-(10,14) 3-(5,15) 4-(5,5)
Task Assignment: 3-0 1-1 4-2 2-3 0-4
Robot 3 finished At time 71
Time 73
Robots Locations 0-(2,11) 1-(7,9) 2-(6,15) 3-(14,3) 4-(8,2)
Target Locations:  0-(15,11) 1-(10,14) 2-(5,15) 3-(5,5) 4-(2,15)
Task Assignment: 1-0 4-1 2-2 0-3 3-4
Robot 2 finished At time 76
Time 78
Robots Locations 0-(3,10) 1-(9,10) 2-(5,15) 3-(14,4) 4-(8,4)
Target Locations:  0-(15,11) 1-(10,14) 2-(5,5) 3-(2,15) 4-(1,12)
Task Assignment: 1-0 4-1 0-2 3-3 2-4
Robot 0 finished At time 88
Time 90
Robots Locations 0-(5,5) 1-(15,11) 2-(1,12) 3-(9,8) 4-(9,9)
Target Locations:  0-(15,11) 1-(10,14) 2-(2,15) 3-(1,12) 4-(2,8)
Task Assignment: 1-0 4-1 3-2 2-3 0-4
Robot 2 finished At time 90
Time 93
Robots Locations 0-(5,5) 1-(15,11) 2-(1,12) 3-(9,8) 4-(9,10)
Target Locations:  0-(15,11) 1-(10,14) 2-(2,15) 3-(2,8) 4-(2,7)
Task Assignment: 1-0 4-1 3-2 0-3 2-4
Robot 1 finished At time 94
Time 96
Robots Locations 0-(5,4) 1-(15,11) 2-(1,11) 3-(9,9) 4-(9,10)
Target Locations:  0-(10,14) 1-(2,15) 2-(2,8) 3-(2,7) 4-(4,12)
Task Assignment: 4-0 3-1 0-2 2-3 1-4
Robot 4 finished At time 105
Time 106
Robots Locations 0-(2,7) 1-(11,12) 2-(2,8) 3-(5,12) 4-(10,14)
Target Locations:  0-(2,15) 1-(2,8) 2-(2,7) 3-(4,12) 4-(10,6)
Task Assignment: 3-0 0-1 2-2 1-3 4-4
Robot 0 finished At time 111
Time 113
Robots Locations 0-(2,8) 1-(9,12) 2-(2,7) 3-(3,14) 4-(11,13)
Target Locations:  0-(2,15) 1-(2,7) 2-(4,12) 3-(10,6) 4-(10,6)
Task Assignment: 3-0 2-1 1-2 4-3 0-4
Robot 2 finished At time 115
Time 117
Robots Locations 0-(3,8) 1-(8,12) 2-(2,7) 3-(3,14) 4-(11,12)
Target Locations:  0-(2,15) 1-(4,12) 2-(10,6) 3-(10,6) 4-(14,8)
Task Assignment: 3-0 1-1 4-2 0-3 2-4
Robot 3 finished At time 120
Time 122
Robots Locations 0-(5,7) 1-(6,12) 2-(3,8) 3-(2,15) 4-(10,10)
Target Locations:  0-(4,12) 1-(10,6) 2-(10,6) 3-(14,8) 4-(8,14)
Task Assignment: 1-0 4-1 0-2 2-3 3-4
Robot 1 finished At time 127
Time 129
Robots Locations 0-(8,7) 1-(4,12) 2-(6,8) 3-(4,15) 4-(10,7)
Target Locations:  0-(10,6) 1-(10,6) 2-(14,8) 3-(8,14) 4-(8,12)
Task Assignment: 4-0 0-1 2-2 3-3 1-4
Robot 4 finished At time 133
Time 135
Robots Locations 0-(9,6) 1-(4,13) 2-(8,8) 3-(6,15) 4-(10,6)
Target Locations:  0-(10,6) 1-(14,8) 2-(8,14) 3-(8,12) 4-(2,12)
Task Assignment: 0-0 2-1 3-2 1-3 4-4
Robot 0 finished At time 141
Time 142
Robots Locations 0-(10,6) 1-(7,12) 2-(11,8) 3-(8,14) 4-(8,7)
Target Locations:  0-(14,8) 1-(8,14) 2-(8,12) 3-(2,12) 4-(9,10)
Task Assignment: 2-0 3-1 1-2 4-3 0-4
Robot 3 finished At time 143
Time 145
Robots Locations 0-(10,6) 1-(8,12) 2-(11,8) 3-(8,14) 4-(8,7)
Target Locations:  0-(14,8) 1-(8,12) 2-(2,12) 3-(9,10) 4-(6,11)
Task Assignment: 2-0 1-1 4-2 0-3 3-4
Robot 1 finished At time 148
Time 150
Robots Locations 0-(9,6) 1-(8,12) 2-(13,8) 3-(8,13) 4-(7,8)
Target Locations:  0-(14,8) 1-(2,12) 2-(9,10) 3-(6,11) 4-(10,9)
Task Assignment: 2-0 4-1 0-2 3-3 1-4
Robot 2 finished At time 155
Time 156
Robots Locations 0-(9,9) 1-(9,10) 2-(14,8) 3-(7,12) 4-(5,9)
Target Locations:  0-(2,12) 1-(9,10) 2-(6,11) 3-(10,9) 4-(7,5)
Task Assignment: 4-0 0-1 3-2 1-3 2-4
Robot 3 finished At time 160
Time 162
Robots Locations 0-(9,10) 1-(10,9) 2-(13,7) 3-(6,11) 4-(3,11)
Target Locations:  0-(2,12) 1-(9,10) 2-(10,9) 3-(7,5) 4-(5,6)
Task Assignment: 4-0 0-1 1-2 2-3 3-4
Robot 1 finished At time 163
Time 164
Robots Locations 0-(9,10) 1-(10,9) 2-(13,7) 3-(6,11) 4-(3,11)
Target Locations:  0-(2,12) 1-(9,10) 2-(7,5) 3-(5,6) 4-(7,2)
Task Assignment: 4-0 0-1 2-2 3-3 1-4
Robot 0 finished At time 166
Time 168
Robots Locations 0-(9,10) 1-(10,8) 2-(12,7) 3-(6,10) 4-(3,11)
Target Locations:  0-(2,12) 1-(7,5) 2-(5,6) 3-(7,2) 4-(4,11)
Task Assignment: 4-0 2-1 3-2 1-3 0-4
Robot 4 finished At time 171
Time 173
Robots Locations 0-(8,11) 1-(9,7) 2-(10,6) 3-(5,8) 4-(2,12)
Target Locations:  0-(7,5) 1-(5,6) 2-(7,2) 3-(4,11) 4-(5,14)
Task Assignment: 2-0 3-1 1-2 0-3 4-4
Robot 3 finished At time 180
Time 182
Robots Locations 0-(5,11) 1-(8,3) 2-(8,5) 3-(5,6) 4-(4,14)
Target Locations:  0-(7,5) 1-(7,2) 2-(4,11) 3-(5,14) 4-(13,7)
Task Assignment: 2-0 1-1 0-2 4-3 3-4
Robot 4 finished At time 185
Time 187
Robots Locations 0-(4,11) 1-(7,2) 2-(7,5) 3-(6,6) 4-(5,14)
Target Locations:  0-(7,5) 1-(7,2) 2-(4,11) 3-(13,7) 4-(3,13)
Task Assignment: 2-0 1-1 0-2 3-3 4-4
Robot 0 finished At time 187
Time 189
Robots Locations 0-(4,11) 1-(7,2) 2-(7,5) 3-(6,6) 4-(5,14)
Target Locations:  0-(7,5) 1-(7,2) 2-(13,7) 3-(3,13) 4-(1,11)
Task Assignment: 2-0 1-1 3-2 4-3 0-4
Robot 2 finished At time 191
Time 193
Robots Locations 0-(3,11) 1-(7,2) 2-(7,5) 3-(7,6) 4-(6,14)
Target Locations:  0-(7,2) 1-(13,7) 2-(3,13) 3-(1,11) 4-(7,15)
Task Assignment: 1-0 3-1 4-2 0-3 2-4
Robot 1 finished At time 193
Time 195
Robots Locations 0-(3,11) 1-(7,2) 2-(7,5) 3-(7,6) 4-(6,14)
Target Locations:  0-(13,7) 1-(3,13) 2-(1,11) 3-(7,15) 4-(15,11)
Task Assignment: 3-0 4-1 0-2 2-3 1-4
Robot 0 finished At time 201
Time 203
Robots Locations 0-(1,11) 1-(9,3) 2-(6,8) 3-(10,6) 4-(3,13)
Target Locations:  0-(13,7) 1-(3,13) 2-(7,15) 3-(15,11) 4-(6,5)
Task Assignment: 3-0 4-1 2-2 1-3 0-4
Robot 4 finished At time 204
Time 207
Robots Locations 0-(1,11) 1-(9,4) 2-(6,8) 3-(10,7) 4-(3,13)
Target Locations:  0-(13,7) 1-(7,15) 2-(15,11) 3-(6,5) 4-(4,8)
Task Assignment: 3-0 2-1 1-2 0-3 4-4
Robot 3 finished At time 213
Time 215
Robots Locations 0-(3,8) 1-(12,7) 2-(7,12) 3-(13,7) 4-(3,10)
Target Locations:  0-(7,15) 1-(15,11) 2-(6,5) 3-(4,8) 4-(7,7)
Task Assignment: 2-0 1-1 0-2 4-3 3-4
Robot 4 finished At time 221
Time 223
Robots Locations 0-(5,6) 1-(12,8) 2-(7,15) 3-(13,8) 4-(4,8)
Target Locations:  0-(7,15) 1-(15,11) 2-(6,5) 3-(7,7) 4-(1,6)
Task Assignment: 2-0 1-1 0-2 3-3 4-4
Robot 2 finished At time 226
Time 227
Robots Locations 0-(6,5) 1-(13,9) 2-(7,15) 3-(12,7) 4-(3,7)
Target Locations:  0-(15,11) 1-(6,5) 2-(7,7) 3-(1,6) 4-(5,13)
Task Assignment: 1-0 0-1 3-2 4-3 2-4
Robot 0 finished At time 229
Time 231
Robots Locations 0-(6,5) 1-(14,10) 2-(6,15) 3-(11,7) 4-(2,7)
Target Locations:  0-(15,11) 1-(7,7) 2-(1,6) 3-(5,13) 4-(5,10)
Task Assignment: 1-0 3-1 4-2 2-3 0-4
Robot 4 finished At time 235
Time 237
Robots Locations 0-(6,7) 1-(15,11) 2-(5,13) 3-(9,7) 4-(1,6)
Target Locations:  0-(15,11) 1-(7,7) 2-(5,13) 3-(5,10) 4-(14,12)
Task Assignment: 1-0 3-1 2-2 0-3 4-4
Robot 1 finished At time 237
Time 239
Robots Locations 0-(6,7) 1-(15,11) 2-(5,13) 3-(9,7) 4-(1,6)
Target Locations:  0-(7,7) 1-(5,13) 2-(5,10) 3-(14,12) 4-(3,12)
Task Assignment: 3-0 2-1 0-2 4-3 1-4
Robot 2 finished At time 241
Time 243
Robots Locations 0-(6,8) 1-(15,12) 2-(5,13) 3-(7,7) 4-(1,5)
Target Locations:  0-(7,7) 1-(5,10) 2-(14,12) 3-(3,12) 4-(13,13)
Task Assignment: 3-0 0-1 4-2 1-3 2-4
Robot 3 finished At time 246
Time 248
Robots Locations 0-(5,9) 1-(13,12) 2-(6,12) 3-(7,7) 4-(3,6)
Target Locations:  0-(5,10) 1-(14,12) 2-(3,12) 3-(13,13) 4-(7,7)
Task Assignment: 0-0 4-1 1-2 2-3 3-4
Robot 3 finished At time 249
Robot 0 finished At time 252
Robot 2 finished At time 264
Robot 1 finished At time 269
Robot 4 finished At time 273
/mmdr
Time 12
Robots Locations 0-(3,3) 1-(6,6) 2-(9,9) 3-(12,12) 4-(15,15)
Target Locations:  0-(10,1) 1-(4,6) 2-(8,5) 3-(5,11) 4-(11,6)
Task Assignment: 0-1 1-0 2-2 3-3 4-4
Robot 2 finished At time 22
Time 25
Robots Locations 0-(4,6) 1-(9,2) 2-(8,5) 3-(8,12) 4-(13,12)
Target Locations:  0-(10,1) 1-(4,6) 2-(5,11) 3-(11,6) 4-(3,5)
Task Assignment: 0-4 1-0 2-1 3-2 4-3
Robot 1 finished At time 28
Time 31
Robots Locations 0-(3,5) 1-(10,1) 2-(6,5) 3-(6,11) 4-(12,10)
Target Locations:  0-(4,6) 1-(5,11) 2-(11,6) 3-(3,5) 4-(2,7)
Task Assignment: 0-4 1-0 2-3 3-1 4-2
Robot 3 finished At time 34
Time 37
Robots Locations 0-(2,6) 1-(9,1) 2-(4,5) 3-(5,11) 4-(12,8)
Target Locations:  0-(4,6) 1-(11,6) 2-(3,5) 3-(2,7) 4-(3,12)
Task Assignment: 0-3 1-2 2-0 3-4 4-1
Robot 0 finished At time 41
Time 43
Robots Locations 0-(2,7) 1-(7,2) 2-(4,6) 3-(3,12) 4-(11,7)
Target Locations:  0-(4,6) 1-(11,6) 2-(3,5) 3-(3,12) 4-(6,6)
Task Assignment: 0-2 1-4 2-0 3-3 4-1
Robot 2 finished At time 45
Time 47
Robots Locations 0-(2,8) 1-(7,3) 2-(4,6) 3-(3,12) 4-(11,6)
Target Locations:  0-(11,6) 1-(3,5) 2-(3,12) 3-(6,6) 4-(7,14)
Task Assignment: 0-2 1-3 2-1 3-4 4-0
Robot 4 finished At time 49
Time 52
Robots Locations 0-(3,8) 1-(7,4) 2-(3,7) 3-(3,13) 4-(11,6)
Target Locations:  0-(3,5) 1-(3,12) 2-(6,6) 3-(7,14) 4-(7,1)
Task Assignment: 0-1 1-4 2-0 3-3 4-2
Robot 2 finished At time 58
Time 60
Robots Locations 0-(3,11) 1-(7,2) 2-(3,5) 3-(6,14) 4-(8,6)
Target Locations:  0-(3,12) 1-(6,6) 2-(7,14) 3-(7,1) 4-(14,3)
Task Assignment: 0-0 1-3 2-1 3-2 4-4
Robot 0 finished At time 64
Time 66
Robots Locations 0-(3,12) 1-(7,1) 2-(4,5) 3-(7,14) 4-(9,5)
Target Locations:  0-(6,6) 1-(7,14) 2-(7,1) 3-(14,3) 4-(15,11)
Task Assignment: 0-1 1-2 2-0 3-4 4-3
Robot 1 finished At time 66
Time 69
Robots Locations 0-(3,12) 1-(7,1) 2-(4,5) 3-(7,14) 4-(9,5)
Target Locations:  0-(6,6) 1-(7,14) 2-(14,3) 3-(15,11) 4-(10,14)
Task Assignment: 0-1 1-2 2-0 3-4 4-3
Robot 2 finished At time 74
Time 76
Robots Locations 0-(6,13) 1-(10,2) 2-(6,6) 3-(10,14) 4-(11,7)
Target Locations:  0-(7,14) 1-(14,3) 2-(15,11) 3-(10,14) 4-(5,15)
Task Assignment: 0-4 1-1 2-0 3-3 4-2
Robot 3 finished At time 78
Time 80
Robots Locations 0-(6,14) 1-(11,2) 2-(6,7) 3-(10,14) 4-(12,7)
Target Locations:  0-(7,14) 1-(14,3) 2-(15,11) 3-(5,15) 4-(5,5)
Task Assignment: 0-3 1-1 2-4 3-0 4-2
Robot 0 finished At time 84
Time 87
Robots Locations 0-(5,15) 1-(13,3) 2-(5,6) 3-(9,13) 4-(13,9)
Target Locations:  0-(7,14) 1-(14,3) 2-(15,11) 3-(5,5) 4-(2,15)
Task Assignment: 0-4 1-1 2-3 3-0 4-2
Robot 1 finished At time 91
Time 93
Robots Locations 0-(3,15) 1-(14,3) 2-(5,5) 3-(7,14) 4-(15,11)
Target Locations:  0-(7,14) 1-(15,11) 2-(5,5) 3-(2,15) 4-(1,12)
Task Assignment: 0-4 1-1 2-2 3-3 4-0
Robot 2 finished At time 94
Time 96
Robots Locations 0-(3,15) 1-(14,3) 2-(5,5) 3-(7,14) 4-(15,11)
Target Locations:  0-(7,14) 1-(15,11) 2-(2,15) 3-(1,12) 4-(2,8)
Task Assignment: 0-3 1-1 2-4 3-2 4-0
Robot 0 finished At time 104
Time 106
Robots Locations 0-(1,12) 1-(15,7) 2-(2,8) 3-(3,15) 4-(11,13)
Target Locations:  0-(7,14) 1-(15,11) 2-(2,15) 3-(2,8) 4-(2,7)
Task Assignment: 0-3 1-1 2-4 3-2 4-0
Robot 3 finished At time 110
Time 112
Robots Locations 0-(1,10) 1-(15,9) 2-(2,7) 3-(2,15) 4-(9,13)
Target Locations:  0-(7,14) 1-(15,11) 2-(2,8) 3-(2,7) 4-(4,12)
Task Assignment: 0-2 1-1 2-3 3-4 4-0
Robot 2 finished At time 114
Time 116
Robots Locations 0-(2,9) 1-(15,10) 2-(2,7) 3-(1,14) 4-(8,14)
Target Locations:  0-(7,14) 1-(15,11) 2-(2,8) 3-(4,12) 4-(10,6)
Task Assignment: 0-3 1-4 2-2 3-0 4-1
Robot 2 finished At time 121
Time 123
Robots Locations 0-(3,10) 1-(13,10) 2-(2,8) 3-(4,14) 4-(9,12)
Target Locations:  0-(7,14) 1-(15,11) 2-(4,12) 3-(10,6) 4-(10,6)
Task Assignment: 0-2 1-1 2-3 3-0 4-4
Robot 0 finished At time 129
Time 131
Robots Locations 0-(4,12) 1-(15,10) 2-(4,8) 3-(7,14) 4-(10,10)
Target Locations:  0-(7,14) 1-(15,11) 2-(10,6) 3-(10,6) 4-(14,8)
Task Assignment: 0-3 1-1 2-2 3-0 4-4
Robot 3 finished At time 133
Time 135
Robots Locations 0-(5,12) 1-(15,11) 2-(5,8) 3-(7,14) 4-(10,9)
Target Locations:  0-(15,11) 1-(10,6) 2-(10,6) 3-(14,8) 4-(8,14)
Task Assignment: 0-2 1-0 2-1 3-4 4-3
Robot 1 finished At time 136
Time 139
Robots Locations 0-(5,12) 1-(15,11) 2-(6,8) 3-(7,14) 4-(11,9)
Target Locations:  0-(10,6) 1-(10,6) 2-(14,8) 3-(8,14) 4-(8,12)
Task Assignment: 0-4 1-2 2-0 3-3 4-1
Robot 3 finished At time 142
Time 144
Robots Locations 0-(7,12) 1-(16,10) 2-(7,7) 3-(8,14) 4-(11,8)
Target Locations:  0-(10,6) 1-(10,6) 2-(14,8) 3-(8,12) 4-(2,12)
Task Assignment: 0-4 1-2 2-0 3-3 4-1
Robot 4 finished At time 150
Time 152
Robots Locations 0-(5,12) 1-(14,8) 2-(9,7) 3-(8,12) 4-(10,6)
Target Locations:  0-(10,6) 1-(14,8) 2-(8,12) 3-(2,12) 4-(9,10)
Task Assignment: 0-3 1-1 2-4 3-2 4-0
Robot 4 finished At time 153
Time 155
Robots Locations 0-(5,12) 1-(14,8) 2-(9,7) 3-(8,12) 4-(10,6)
Target Locations:  0-(14,8) 1-(8,12) 2-(2,12) 3-(9,10) 4-(6,11)
Task Assignment: 0-2 1-0 2-4 3-1 4-3
Robot 3 finished At time 155
Time 158
Robots Locations 0-(4,12) 1-(14,8) 2-(9,7) 3-(8,12) 4-(10,6)
Target Locations:  0-(14,8) 1-(2,12) 2-(9,10) 3-(6,11) 4-(10,9)
Task Assignment: 0-1 1-0 2-2 3-3 4-4
Robot 1 finished At time 159
Time 161
Robots Locations 0-(4,12) 1-(14,8) 2-(9,7) 3-(8,12) 4-(10,6)
Target Locations:  0-(2,12) 1-(9,10) 2-(6,11) 3-(10,9) 4-(7,5)
Task Assignment: 0-0 1-3 2-1 3-2 4-4
Robot 3 finished At time 166
Time 168
Robots Locations 0-(2,12) 1-(11,9) 2-(9,10) 3-(6,11) 4-(7,5)
Target Locations:  0-(2,12) 1-(9,10) 2-(10,9) 3-(7,5) 4-(5,6)
Task Assignment: 0-0 1-2 2-1 3-4 4-3
Robot 0 finished At time 169
Time 171
Robots Locations 0-(2,12) 1-(11,9) 2-(9,10) 3-(6,11) 4-(7,5)
Target Locations:  0-(9,10) 1-(10,9) 2-(7,5) 3-(5,6) 4-(7,2)
Task Assignment: 0-3 1-1 2-2 3-0 4-4
Robot 1 finished At time 175
Time 177
Robots Locations 0-(2,10) 1-(10,9) 2-(8,9) 3-(7,10) 4-(7,3)
Target Locations:  0-(9,10) 1-(7,5) 2-(5,6) 3-(7,2) 4-(4,11)
Task Assignment: 0-4 1-0 2-1 3-2 4-3
Robot 4 finished At time 181
Time 183
Robots Locations 0-(4,11) 1-(9,10) 2-(8,7) 3-(7,9) 4-(7,2)
Target Locations:  0-(9,10) 1-(7,5) 2-(5,6) 3-(4,11) 4-(5,14)
Task Assignment: 0-4 1-0 2-2 3-3 4-1
Robot 1 finished At time 184
Time 186
Robots Locations 0-(4,12) 1-(9,10) 2-(7,7) 3-(6,9) 4-(7,2)
Target Locations:  0-(7,5) 1-(5,6) 2-(4,11) 3-(5,14) 4-(13,7)
Task Assignment: 0-3 1-4 2-1 3-2 4-0
Robot 2 finished At time 191
Time 194
Robots Locations 0-(5,14) 1-(11,9) 2-(5,6) 3-(4,11) 4-(7,4)
Target Locations:  0-(7,5) 1-(4,11) 2-(5,14) 3-(13,7) 4-(3,13)
Task Assignment: 0-2 1-3 2-1 3-4 4-0
Robot 0 finished At time 194
Time 196
Robots Locations 0-(5,14) 1-(11,9) 2-(5,6) 3-(4,11) 4-(7,5)
Target Locations:  0-(7,5) 1-(4,11) 2-(13,7) 3-(3,13) 4-(1,11)
Task Assignment: 0-3 1-2 2-1 3-4 4-0
Robot 4 finished At time 199
Time 201
Robots Locations 0-(4,14) 1-(12,8) 2-(4,7) 3-(3,11) 4-(7,5)
Target Locations:  0-(4,11) 1-(13,7) 2-(3,13) 3-(1,11) 4-(7,15)
Task Assignment: 0-4 1-1 2-3 3-2 4-0
Robot 1 finished At time 206
Time 208
Robots Locations 0-(6,14) 1-(13,7) 2-(3,9) 3-(3,13) 4-(6,7)
Target Locations:  0-(4,11) 1-(3,13) 2-(1,11) 3-(7,15) 4-(15,11)
Task Assignment: 0-3 1-4 2-2 3-1 4-0
Robot 3 finished At time 210
Time 212
Robots Locations 0-(7,15) 1-(14,7) 2-(2,10) 3-(3,13) 4-(5,8)
Target Locations:  0-(4,11) 1-(1,11) 2-(7,15) 3-(15,11) 4-(6,5)
Task Assignment: 0-2 1-3 2-1 3-0 4-4
Robot 0 finished At time 215
Time 218
Robots Locations 0-(7,15) 1-(14,9) 2-(1,11) 3-(4,13) 4-(5,8)
Target Locations:  0-(4,11) 1-(1,11) 2-(15,11) 3-(6,5) 4-(4,8)
Task Assignment: 0-0 1-2 2-4 3-1 4-3
Robot 1 finished At time 224
Time 226
Robots Locations 0-(6,13) 1-(15,11) 2-(3,10) 3-(3,11) 4-(6,5)
Target Locations:  0-(4,11) 1-(1,11) 2-(6,5) 3-(4,8) 4-(7,7)
Task Assignment: 0-0 1-4 2-3 3-1 4-2
Robot 4 finished At time 227
Time 229
Robots Locations 0-(5,12) 1-(15,12) 2-(3,9) 3-(2,11) 4-(6,5)
Target Locations:  0-(4,11) 1-(1,11) 2-(4,8) 3-(7,7) 4-(1,6)
Task Assignment: 0-0 1-3 2-4 3-1 4-2
Robot 3 finished At time 234
Time 236
Robots Locations 0-(4,11) 1-(13,10) 2-(2,7) 3-(1,11) 4-(5,5)
Target Locations:  0-(4,11) 1-(4,8) 2-(7,7) 3-(1,6) 4-(5,13)
Task Assignment: 0-4 1-2 2-3 3-0 4-1
Robot 2 finished At time 240
Time 243
Robots Locations 0-(4,13) 1-(10,9) 2-(1,6) 3-(2,12) 4-(4,8)
Target Locations:  0-(4,11) 1-(4,8) 2-(7,7) 3-(5,13) 4-(5,10)
Task Assignment: 0-3 1-2 2-1 3-0 4-4
Robot 0 finished At time 246
Time 248
Robots Locations 0-(5,13) 1-(9,8) 2-(2,6) 3-(4,11) 4-(5,9)
Target Locations:  0-(4,11) 1-(4,8) 2-(7,7) 3-(5,10) 4-(14,12)
Task Assignment: 0-0 1-4 2-1 3-3 4-2
Robot 3 finished At time 254
Time 256
Robots Locations 0-(4,11) 1-(9,9) 2-(4,8) 3-(5,10) 4-(6,8)
Target Locations:  0-(4,11) 1-(4,8) 2-(7,7) 3-(14,12) 4-(3,12)
Task Assignment: 0-4 1-3 2-1 3-0 4-2
Robot 2 finished At time 259
Time 261
Robots Locations 0-(3,12) 1-(11,10) 2-(4,8) 3-(4,9) 4-(7,7)
Target Locations:  0-(4,11) 1-(7,7) 2-(14,12) 3-(3,12) 4-(13,13)
Task Assignment: 0-3 1-2 2-1 3-0 4-4
Robot 0 finished At time 263
Time 266
Robots Locations 0-(3,12) 1-(12,11) 2-(5,8) 3-(4,10) 4-(8,7)
Target Locations:  0-(4,11) 1-(7,7) 2-(14,12) 3-(13,13) 4-(7,7)
Task Assignment: 0-0 1-2 2-1 3-4 4-3
Robot 2 finished At time 271
Robot 1 finished At time 271
Robot 0 finished At time 273
Robot 4 finished At time 282
Robot 3 finished At time 329
/mmd_msd2
Time 2
Robots Locations 0-(3,3) 1-(6,6) 2-(9,10) 3-(12,12) 4-(16,16)
Target Locations:  0-(10,1) 1-(4,6) 2-(8,5) 3-(5,11) 4-(11,6)
Task Assignment: 0-1 1-0 2-2 3-3 4-4
Robot 0 finished At time 16
Time 17
Robots Locations 0-(4,6) 1-(10,1) 2-(8,5) 3-(7,12) 4-(14,11)
Target Locations:  0-(10,1) 1-(8,5) 2-(5,11) 3-(11,6) 4-(3,5)
Task Assignment: 0-4 1-0 2-1 3-2 4-3
Robot 2 finished At time 19
Time 21
Robots Locations 0-(3,6) 1-(10,1) 2-(8,5) 3-(6,11) 4-(13,10)
Target Locations:  0-(10,1) 1-(5,11) 2-(11,6) 3-(3,5) 4-(2,7)
Task Assignment: 0-4 1-0 2-3 3-1 4-2
Robot 1 finished At time 22
Time 24
Robots Locations 0-(3,6) 1-(10,1) 2-(8,5) 3-(6,11) 4-(13,9)
Target Locations:  0-(5,11) 1-(11,6) 2-(3,5) 3-(2,7) 4-(3,12)
Task Assignment: 0-3 1-2 2-0 3-4 4-1
Robot 0 finished At time 28
Time 41
Robots Locations 0-(2,7) 1-(9,1) 2-(7,6) 3-(4,12) 4-(12,8)
Target Locations:  0-(5,11) 1-(11,6) 2-(3,5) 3-(3,12) 4-(6,6)
Task Assignment: 0-2 1-4 2-0 3-3 4-1
Robot 3 finished At time 45
Time 47
Robots Locations 0-(2,6) 1-(8,2) 2-(6,8) 3-(3,12) 4-(11,6)
Target Locations:  0-(5,11) 1-(11,6) 2-(3,5) 3-(6,6) 4-(7,14)
Task Assignment: 0-2 1-3 2-0 3-4 4-1
Robot 4 finished At time 49
Time 51
Robots Locations 0-(2,6) 1-(7,4) 2-(6,9) 3-(3,13) 4-(11,6)
Target Locations:  0-(5,11) 1-(3,5) 2-(6,6) 3-(7,14) 4-(7,1)
Task Assignment: 0-1 1-4 2-0 3-3 4-2
Robot 0 finished At time 54
Time 56
Robots Locations 0-(3,5) 1-(7,3) 2-(5,11) 3-(5,13) 4-(9,6)
Target Locations:  0-(5,11) 1-(6,6) 2-(7,14) 3-(7,1) 4-(14,3)
Task Assignment: 0-1 1-3 2-0 3-2 4-4
Robot 2 finished At time 58
Time 60
Robots Locations 0-(4,5) 1-(7,2) 2-(5,11) 3-(6,14) 4-(9,5)
Target Locations:  0-(6,6) 1-(7,14) 2-(7,1) 3-(14,3) 4-(15,11)
Task Assignment: 0-2 1-3 2-0 3-1 4-4
Robot 3 finished At time 64
Time 66
Robots Locations 0-(5,4) 1-(9,2) 2-(4,10) 3-(7,14) 4-(10,6)
Target Locations:  0-(6,6) 1-(7,1) 2-(14,3) 3-(15,11) 4-(10,14)
Task Assignment: 0-1 1-2 2-0 3-4 4-3
Robot 3 finished At time 73
Time 75
Robots Locations 0-(7,1) 1-(13,3) 2-(6,6) 3-(10,14) 4-(13,9)
Target Locations:  0-(6,6) 1-(7,1) 2-(14,3) 3-(15,11) 4-(5,15)
Task Assignment: 0-1 1-2 2-0 3-4 4-3
Robot 0 finished At time 75
Time 77
Robots Locations 0-(7,1) 1-(13,3) 2-(6,6) 3-(10,14) 4-(13,9)
Target Locations:  0-(6,6) 1-(14,3) 2-(15,11) 3-(5,15) 4-(5,5)
Task Assignment: 0-4 1-1 2-0 3-3 4-2
Robot 2 finished At time 79
Time 81
Robots Locations 0-(8,1) 1-(14,3) 2-(6,6) 3-(10,15) 4-(14,10)
Target Locations:  0-(14,3) 1-(15,11) 2-(5,15) 3-(5,5) 4-(2,15)
Task Assignment: 0-3 1-0 2-4 3-2 4-1
Robot 1 finished At time 83
Time 85
Robots Locations 0-(8,2) 1-(14,3) 2-(6,5) 3-(10,15) 4-(14,10)
Target Locations:  0-(15,11) 1-(5,15) 2-(5,5) 3-(2,15) 4-(1,12)
Task Assignment: 0-2 1-0 2-4 3-3 4-1
Robot 0 finished At time 99
Time 101
Robots Locations 0-(5,5) 1-(15,8) 2-(3,9) 3-(5,15) 4-(10,13)
Target Locations:  0-(15,11) 1-(5,15) 2-(2,15) 3-(1,12) 4-(2,8)
Task Assignment: 0-4 1-0 2-3 3-2 4-1
Robot 3 finished At time 107
Time 109
Robots Locations 0-(3,7) 1-(15,11) 2-(1,12) 3-(2,15) 4-(7,14)
Target Locations:  0-(15,11) 1-(5,15) 2-(1,12) 3-(2,8) 4-(2,7)
Task Assignment: 0-4 1-0 2-3 3-2 4-1
Robot 1 finished At time 110
Time 112
Robots Locations 0-(2,8) 1-(15,11) 2-(1,12) 3-(2,15) 4-(7,14)
Target Locations:  0-(5,15) 1-(1,12) 2-(2,8) 3-(2,7) 4-(4,12)
Task Assignment: 0-3 1-0 2-2 3-1 4-4
Robot 0 finished At time 127
Time 130
Robots Locations 0-(2,7) 1-(14,12) 2-(1,11) 3-(1,13) 4-(5,13)
Target Locations:  0-(5,15) 1-(1,12) 2-(2,8) 3-(4,12) 4-(10,6)
Task Assignment: 0-2 1-4 2-1 3-3 4-0
Robot 0 finished At time 136
Time 138
Robots Locations 0-(2,8) 1-(12,9) 2-(1,12) 3-(4,12) 4-(5,15)
Target Locations:  0-(5,15) 1-(1,12) 2-(4,12) 3-(10,6) 4-(10,6)
Task Assignment: 0-4 1-3 2-1 3-2 4-0
Robot 4 finished At time 139
Time 141
Robots Locations 0-(2,8) 1-(12,9) 2-(1,12) 3-(4,12) 4-(5,15)
Target Locations:  0-(1,12) 1-(4,12) 2-(10,6) 3-(10,6) 4-(14,8)
Task Assignment: 0-2 1-4 2-0 3-3 4-1
Robot 2 finished At time 141
Time 143
Robots Locations 0-(2,9) 1-(12,9) 2-(1,12) 3-(4,12) 4-(5,15)
Target Locations:  0-(4,12) 1-(10,6) 2-(10,6) 3-(14,8) 4-(8,14)
Task Assignment: 0-1 1-3 2-0 3-2 4-4
Robot 1 finished At time 149
Time 151
Robots Locations 0-(5,8) 1-(14,8) 2-(4,12) 3-(7,9) 4-(8,14)
Target Locations:  0-(4,12) 1-(10,6) 2-(10,6) 3-(8,14) 4-(8,12)
Task Assignment: 0-0 1-1 2-4 3-2 4-3
Robot 4 finished At time 152
Time 154
Robots Locations 0-(6,8) 1-(14,7) 2-(5,12) 3-(7,9) 4-(8,14)
Target Locations:  0-(4,12) 1-(10,6) 2-(10,6) 3-(8,12) 4-(2,12)
Task Assignment: 0-2 1-1 2-4 3-0 4-3
Robot 4 finished At time 160
Time 162
Robots Locations 0-(8,8) 1-(12,6) 2-(3,12) 3-(6,9) 4-(8,12)
Target Locations:  0-(4,12) 1-(10,6) 2-(10,6) 3-(2,12) 4-(9,10)
Task Assignment: 0-1 1-2 2-3 3-0 4-4
Robot 2 finished At time 166
Time 168
Robots Locations 0-(9,7) 1-(10,6) 2-(2,12) 3-(5,11) 4-(9,10)
Target Locations:  0-(4,12) 1-(10,6) 2-(10,6) 3-(9,10) 4-(6,11)
Task Assignment: 0-1 1-2 2-0 3-4 4-3
Robot 1 finished At time 169
Time 171
Robots Locations 0-(9,7) 1-(10,6) 2-(2,12) 3-(5,11) 4-(9,10)
Target Locations:  0-(4,12) 1-(10,6) 2-(9,10) 3-(6,11) 4-(10,9)
Task Assignment: 0-4 1-1 2-0 3-3 4-2
Robot 1 finished At time 171
Time 173
Robots Locations 0-(9,7) 1-(10,6) 2-(2,12) 3-(5,11) 4-(9,10)
Target Locations:  0-(4,12) 1-(9,10) 2-(6,11) 3-(10,9) 4-(7,5)
Task Assignment: 0-3 1-4 2-0 3-2 4-1
Robot 4 finished At time 175
Time 177
Robots Locations 0-(10,8) 1-(9,6) 2-(2,13) 3-(5,11) 4-(9,10)
Target Locations:  0-(4,12) 1-(6,11) 2-(10,9) 3-(7,5) 4-(5,6)
Task Assignment: 0-3 1-4 2-0 3-1 4-2
Robot 3 finished At time 179
Time 181
Robots Locations 0-(9,8) 1-(8,6) 2-(4,12) 3-(6,11) 4-(10,9)
Target Locations:  0-(4,12) 1-(10,9) 2-(7,5) 3-(5,6) 4-(7,2)
Task Assignment: 0-2 1-4 2-0 3-3 4-1
Robot 4 finished At time 183
Time 185
Robots Locations 0-(8,7) 1-(7,5) 2-(4,12) 3-(6,10) 4-(10,9)
Target Locations:  0-(4,12) 1-(7,5) 2-(5,6) 3-(7,2) 4-(4,11)
Task Assignment: 0-1 1-3 2-0 3-4 4-2
Robot 2 finished At time 185
Time 187
Robots Locations 0-(8,7) 1-(7,5) 2-(4,12) 3-(6,10) 4-(10,9)
Target Locations:  0-(7,5) 1-(5,6) 2-(7,2) 3-(4,11) 4-(5,14)
Task Assignment: 0-0 1-2 2-4 3-3 4-1
Robot 0 finished At time 192
Time 194
Robots Locations 0-(7,5) 1-(7,2) 2-(5,14) 3-(4,11) 4-(8,7)
Target Locations:  0-(5,6) 1-(7,2) 2-(4,11) 3-(5,14) 4-(13,7)
Task Assignment: 0-0 1-1 2-3 3-2 4-4
Robot 3 finished At time 195
Time 197
Robots Locations 0-(7,5) 1-(7,2) 2-(5,14) 3-(4,11) 4-(7,7)
Target Locations:  0-(5,6) 1-(7,2) 2-(5,14) 3-(13,7) 4-(3,13)
Task Assignment: 0-0 1-1 2-2 3-4 4-3
Robot 2 finished At time 198
Time 200
Robots Locations 0-(6,5) 1-(7,2) 2-(5,14) 3-(4,11) 4-(7,7)
Target Locations:  0-(5,6) 1-(7,2) 2-(13,7) 3-(3,13) 4-(1,11)
Task Assignment: 0-0 1-1 2-3 3-4 4-2
Robot 1 finished At time 200
Time 202
Robots Locations 0-(6,5) 1-(7,2) 2-(5,14) 3-(4,11) 4-(8,7)
Target Locations:  0-(5,6) 1-(13,7) 2-(3,13) 3-(1,11) 4-(7,15)
Task Assignment: 0-3 1-0 2-4 3-2 4-1
Robot 3 finished At time 207
Time 209
Robots Locations 0-(4,7) 1-(6,3) 2-(7,15) 3-(3,13) 4-(10,7)
Target Locations:  0-(5,6) 1-(13,7) 2-(1,11) 3-(7,15) 4-(15,11)
Task Assignment: 0-0 1-1 2-3 3-2 4-4
Robot 2 finished At time 210
Time 213
Robots Locations 0-(4,7) 1-(6,4) 2-(7,15) 3-(2,13) 4-(11,7)
Target Locations:  0-(5,6) 1-(13,7) 2-(1,11) 3-(15,11) 4-(6,5)
Task Assignment: 0-4 1-1 2-2 3-0 4-3
Robot 0 finished At time 221
Time 223
Robots Locations 0-(6,5) 1-(10,6) 2-(4,13) 3-(4,9) 4-(14,10)
Target Locations:  0-(5,6) 1-(13,7) 2-(1,11) 3-(15,11) 4-(4,8)
Task Assignment: 0-0 1-1 2-2 3-4 4-3
Robot 4 finished At time 226
Time 228
Robots Locations 0-(6,6) 1-(12,7) 2-(2,12) 3-(4,8) 4-(15,11)
Target Locations:  0-(5,6) 1-(13,7) 2-(1,11) 3-(4,8) 4-(7,7)
Task Assignment: 0-0 1-4 2-2 3-3 4-1
Robot 3 finished At time 229
Time 230
Robots Locations 0-(6,6) 1-(12,7) 2-(2,12) 3-(4,8) 4-(15,11)
Target Locations:  0-(5,6) 1-(13,7) 2-(1,11) 3-(7,7) 4-(1,6)
Task Assignment: 0-0 1-3 2-2 3-4 4-1
Robot 0 finished At time 234
Time 236
Robots Locations 0-(5,6) 1-(11,7) 2-(1,11) 3-(3,7) 4-(15,10)
Target Locations:  0-(13,7) 1-(1,11) 2-(7,7) 3-(1,6) 4-(5,13)
Task Assignment: 0-3 1-2 2-4 3-1 4-0
Robot 4 finished At time 244
Time 246
Robots Locations 0-(1,6) 1-(7,7) 2-(4,12) 3-(1,11) 4-(13,7)
Target Locations:  0-(1,11) 1-(7,7) 2-(1,6) 3-(5,13) 4-(5,10)
Task Assignment: 0-2 1-4 2-3 3-0 4-1
Robot 0 finished At time 247
Time 249
Robots Locations 0-(1,6) 1-(7,7) 2-(4,13) 3-(1,11) 4-(13,7)
Target Locations:  0-(1,11) 1-(7,7) 2-(5,13) 3-(5,10) 4-(14,12)
Task Assignment: 0-3 1-1 2-2 3-0 4-4
Robot 3 finished At time 250
Time 252
Robots Locations 0-(1,6) 1-(7,7) 2-(5,13) 3-(1,11) 4-(12,7)
Target Locations:  0-(7,7) 1-(5,13) 2-(5,10) 3-(14,12) 4-(3,12)
Task Assignment: 0-2 1-0 2-1 3-4 4-3
Robot 2 finished At time 254
Time 256
Robots Locations 0-(1,7) 1-(7,7) 2-(5,13) 3-(2,12) 4-(13,8)
Target Locations:  0-(7,7) 1-(5,10) 2-(14,12) 3-(3,12) 4-(13,13)
Task Assignment: 0-1 1-0 2-4 3-3 4-2
Robot 1 finished At time 258
Time 260
Robots Locations 0-(3,8) 1-(7,7) 2-(6,13) 3-(3,12) 4-(13,9)
Target Locations:  0-(5,10) 1-(14,12) 2-(3,12) 3-(13,13) 4-(7,7)
Task Assignment: 0-0 1-4 2-3 3-2 4-1
Robot 1 finished At time 261
Robot 3 finished At time 262
Robot 4 finished At time 266
Robot 0 finished At time 267
Robot 2 finished At time 272
