Goals: (1,15) (5,15) (2,2) (12,4) (12,15) (13,10) (15,10) (6,10) (1,9) (13,14) (4,10) (13,1) (12,9) (6,5) (12,7) (7,15) (6,4) (6,3) (14,7) (14,2) (11,2) (11,11) (13,2) (2,1) (14,5) (7,15) (7,10) (10,4) (15,3) (9,15) (6,11) (7,7) (2,12) (10,12) (5,15) (1,8) (11,15) (8,3) (3,15) (4,9) (8,8) (2,10) (5,14) (8,3) (2,4) (7,2) (15,8) (11,13) (1,1) (15,5)
/BLE
Time 2
Robots Locations 0-(3,3) 1-(6,6) 2-(9,9) 3-(12,12) 4-(15,15)
Target Locations:  0-(15,5) 1-(1,1) 2-(11,13) 3-(15,8) 4-(7,2)
Task Assignment: 3-2 0-1 1-4 2-3 4-0
Robot 3 finished At time 8
Time 10
Robots Locations 0-(1,1) 1-(7,2) 2-(12,8) 3-(11,13) 4-(16,13)
Target Locations:  0-(15,5) 1-(1,1) 2-(15,8) 3-(7,2) 4-(2,4)
Task Assignment: 0-1 1-3 2-2 4-0 3-4
Robot 0 finished At time 11
Time 13
Robots Locations 0-(1,1) 1-(7,2) 2-(12,8) 3-(11,13) 4-(16,13)
Target Locations:  0-(15,5) 1-(15,8) 2-(7,2) 3-(2,4) 4-(8,3)
Task Assignment: 1-2 2-1 0-3 4-0 3-4
Robot 1 finished At time 14
Time 16
Robots Locations 0-(0,1) 1-(7,2) 2-(13,8) 3-(10,12) 4-(16,12)
Target Locations:  0-(15,5) 1-(15,8) 2-(2,4) 3-(8,3) 4-(5,14)
Task Assignment: 1-3 2-1 0-2 3-4 4-0
Robot 1 finished At time 22
Time 24
Robots Locations 0-(2,4) 1-(8,3) 2-(15,8) 3-(8,13) 4-(15,9)
Target Locations:  0-(15,5) 1-(15,8) 2-(2,4) 3-(5,14) 4-(2,10)
Task Assignment: 0-2 2-1 3-3 4-0 1-4
Robot 2 finished At time 25
Time 28
Robots Locations 0-(2,4) 1-(8,3) 2-(15,8) 3-(7,13) 4-(15,9)
Target Locations:  0-(15,5) 1-(2,4) 2-(5,14) 3-(2,10) 4-(8,8)
Task Assignment: 0-1 3-2 2-0 1-4 4-3
Robot 0 finished At time 31
Time 32
Robots Locations 0-(2,4) 1-(8,4) 2-(15,8) 3-(6,13) 4-(16,9)
Target Locations:  0-(15,5) 1-(5,14) 2-(2,10) 3-(8,8) 4-(4,9)
Task Assignment: 3-1 2-0 1-3 0-4 4-2
Robot 3 finished At time 38
Time 40
Robots Locations 0-(3,6) 1-(8,7) 2-(15,6) 3-(5,14) 4-(15,8)
Target Locations:  0-(15,5) 1-(2,10) 2-(8,8) 3-(4,9) 4-(3,15)
Task Assignment: 1-2 2-0 3-4 0-3 4-1
Robot 1 finished At time 43
Time 45
Robots Locations 0-(4,8) 1-(8,8) 2-(15,5) 3-(3,15) 4-(13,8)
Target Locations:  0-(15,5) 1-(2,10) 2-(4,9) 3-(3,15) 4-(8,3)
Task Assignment: 3-3 2-0 0-2 1-4 4-1
Robot 2 finished At time 45
Time 47
Robots Locations 0-(4,8) 1-(8,8) 2-(15,5) 3-(3,15) 4-(13,8)
Target Locations:  0-(2,10) 1-(4,9) 2-(3,15) 3-(8,3) 4-(11,15)
Task Assignment: 3-2 0-1 1-3 4-4 2-0
Robot 3 finished At time 50
Time 64
Robots Locations 0-(-1,-1) 1-(9,8) 2-(14,5) 3-(3,15) 4-(13,9)
Target Locations:  0-(2,10) 1-(4,9) 2-(8,3) 3-(11,15) 4-(1,8)
Task Assignment: 1-1 3-0 4-3 2-2 0-4
Robot 0 finished At time 72
Time 74
Robots Locations 0-(1,8) 1-(4,9) 2-(9,3) 3-(2,11) 4-(11,13)
Target Locations:  0-(2,10) 1-(4,9) 2-(8,3) 3-(11,15) 4-(5,15)
Task Assignment: 1-1 2-2 3-0 4-3 0-4
Robot 1 finished At time 76
Time 78
Robots Locations 0-(0,8) 1-(4,9) 2-(8,3) 3-(2,10) 4-(11,15)
Target Locations:  0-(2,10) 1-(8,3) 2-(11,15) 3-(5,15) 4-(10,12)
Task Assignment: 3-0 4-2 2-1 1-3 0-4
Robot 3 finished At time 79
Time 81
Robots Locations 0-(1,9) 1-(4,10) 2-(8,3) 3-(2,10) 4-(11,15)
Target Locations:  0-(8,3) 1-(11,15) 2-(5,15) 3-(10,12) 4-(2,12)
Task Assignment: 4-1 2-0 3-4 1-2 0-3
Robot 2 finished At time 82
Time 84
Robots Locations 0-(1,9) 1-(4,10) 2-(8,3) 3-(2,10) 4-(11,15)
Target Locations:  0-(11,15) 1-(5,15) 2-(10,12) 3-(2,12) 4-(7,7)
Task Assignment: 4-0 3-3 2-4 1-1 0-2
Robot 4 finished At time 85
Time 87
Robots Locations 0-(1,9) 1-(4,11) 2-(8,3) 3-(2,10) 4-(11,15)
Target Locations:  0-(5,15) 1-(10,12) 2-(2,12) 3-(7,7) 4-(6,11)
Task Assignment: 3-2 1-4 4-1 2-3 0-0
Robot 1 finished At time 93
Time 95
Robots Locations 0-(1,10) 1-(6,11) 2-(7,6) 3-(2,12) 4-(10,13)
Target Locations:  0-(5,15) 1-(10,12) 2-(2,12) 3-(7,7) 4-(9,15)
Task Assignment: 3-2 4-1 2-3 1-0 0-4
Robot 3 finished At time 97
Time 99
Robots Locations 0-(2,11) 1-(6,12) 2-(7,7) 3-(2,12) 4-(10,12)
Target Locations:  0-(5,15) 1-(10,12) 2-(7,7) 3-(9,15) 4-(15,3)
Task Assignment: 4-1 2-2 1-0 3-3 0-4
Robot 4 finished At time 100
Time 102
Robots Locations 0-(3,12) 1-(6,13) 2-(7,7) 3-(3,13) 4-(10,12)
Target Locations:  0-(5,15) 1-(7,7) 2-(9,15) 3-(15,3) 4-(10,4)
Task Assignment: 2-1 1-0 4-2 0-4 3-3
Robot 2 finished At time 103
Time 104
Robots Locations 0-(3,12) 1-(6,13) 2-(7,7) 3-(3,13) 4-(10,12)
Target Locations:  0-(5,15) 1-(9,15) 2-(15,3) 3-(10,4) 4-(7,10)
Task Assignment: 1-0 2-4 4-1 0-3 3-2
Robot 1 finished At time 111
Time 113
Robots Locations 0-(5,10) 1-(5,15) 2-(7,10) 3-(5,11) 4-(9,14)
Target Locations:  0-(9,15) 1-(15,3) 2-(10,4) 3-(7,10) 4-(7,15)
Task Assignment: 2-3 4-0 1-4 0-2 3-1
Robot 2 finished At time 115
Time 117
Robots Locations 0-(6,9) 1-(6,16) 2-(7,10) 3-(6,10) 4-(9,15)
Target Locations:  0-(9,15) 1-(15,3) 2-(10,4) 3-(7,15) 4-(14,5)
Task Assignment: 4-0 1-3 0-2 2-4 3-1
Robot 4 finished At time 120
Time 122
Robots Locations 0-(6,8) 1-(7,15) 2-(8,10) 3-(7,10) 4-(9,15)
Target Locations:  0-(15,3) 1-(10,4) 2-(7,15) 3-(14,5) 4-(2,1)
Task Assignment: 1-2 0-1 2-3 3-4 4-0
Robot 1 finished At time 124
Time 126
Robots Locations 0-(7,7) 1-(7,15) 2-(9,9) 3-(6,9) 4-(10,15)
Target Locations:  0-(15,3) 1-(10,4) 2-(14,5) 3-(2,1) 4-(13,2)
Task Assignment: 0-1 2-2 3-3 4-0 1-4
Robot 0 finished At time 147
Time 148
Robots Locations 0-(10,4) 1-(10,10) 2-(13,6) 3-(3,4) 4-(12,10)
Target Locations:  0-(15,3) 1-(14,5) 2-(2,1) 3-(13,2) 4-(11,11)
Task Assignment: 2-1 1-4 3-2 0-3 4-0
Robot 2 finished At time 152
Time 154
Robots Locations 0-(11,3) 1-(11,10) 2-(14,5) 3-(3,2) 4-(13,8)
Target Locations:  0-(15,3) 1-(2,1) 2-(13,2) 3-(11,11) 4-(11,2)
Task Assignment: 0-4 1-3 3-1 2-0 4-2
Robot 1 finished At time 157
Time 159
Robots Locations 0-(11,2) 1-(11,11) 2-(15,4) 3-(2,1) 4-(13,6)
Target Locations:  0-(15,3) 1-(2,1) 2-(13,2) 3-(11,2) 4-(14,2)
Task Assignment: 3-1 0-3 2-0 4-2 1-4
Robot 3 finished At time 160
Time 162
Robots Locations 0-(11,2) 1-(11,11) 2-(15,3) 3-(2,1) 4-(13,6)
Target Locations:  0-(15,3) 1-(13,2) 2-(11,2) 3-(14,2) 4-(14,7)
Task Assignment: 0-2 2-0 4-4 1-1 3-3
Robot 0 finished At time 163
Time 165
Robots Locations 0-(11,2) 1-(12,11) 2-(15,3) 3-(2,1) 4-(13,5)
Target Locations:  0-(15,3) 1-(13,2) 2-(14,2) 3-(14,7) 4-(6,3)
Task Assignment: 2-0 0-1 4-3 3-4 1-2
Robot 2 finished At time 166
Time 168
Robots Locations 0-(11,2) 1-(12,10) 2-(15,3) 3-(3,0) 4-(14,6)
Target Locations:  0-(13,2) 1-(14,2) 2-(14,7) 3-(6,3) 4-(6,4)
Task Assignment: 4-2 2-1 0-0 3-3 1-4
Robot 4 finished At time 172
Time 174
Robots Locations 0-(13,2) 1-(11,9) 2-(14,2) 3-(4,2) 4-(14,7)
Target Locations:  0-(13,2) 1-(14,2) 2-(6,3) 3-(6,4) 4-(7,15)
Task Assignment: 0-0 2-1 3-2 1-3 4-4
Robot 2 finished At time 175
Time 177
Robots Locations 0-(13,2) 1-(10,8) 2-(14,2) 3-(5,2) 4-(14,7)
Target Locations:  0-(13,2) 1-(6,3) 2-(6,4) 3-(7,15) 4-(12,7)
Task Assignment: 0-0 3-1 4-4 1-2 2-3
Robot 3 finished At time 182
Time 183
Robots Locations 0-(13,2) 1-(8,6) 2-(13,1) 3-(6,3) 4-(12,7)
Target Locations:  0-(13,2) 1-(6,4) 2-(7,15) 3-(12,7) 4-(6,5)
Task Assignment: 4-3 0-0 3-1 1-4 2-2
Robot 4 finished At time 185
Time 187
Robots Locations 0-(13,2) 1-(8,6) 2-(13,1) 3-(6,4) 4-(12,7)
Target Locations:  0-(13,2) 1-(6,4) 2-(7,15) 3-(6,5) 4-(12,9)
Task Assignment: 3-1 0-0 4-4 1-3 2-2
Robot 3 finished At time 189
Time 191
Robots Locations 0-(13,2) 1-(7,5) 2-(12,2) 3-(6,4) 4-(12,8)
Target Locations:  0-(13,2) 1-(7,15) 2-(6,5) 3-(12,9) 4-(13,1)
Task Assignment: 0-0 3-2 4-3 2-4 1-1
Robot 4 finished At time 195
Time 197
Robots Locations 0-(13,2) 1-(6,7) 2-(13,3) 3-(6,5) 4-(12,9)
Target Locations:  0-(13,2) 1-(7,15) 2-(6,5) 3-(13,1) 4-(4,10)
Task Assignment: 3-2 0-0 2-3 1-4 4-1
Robot 3 finished At time 200
Time 202
Robots Locations 0-(13,2) 1-(5,8) 2-(14,2) 3-(6,5) 4-(11,10)
Target Locations:  0-(13,2) 1-(7,15) 2-(13,1) 3-(4,10) 4-(13,14)
Task Assignment: 0-0 2-2 1-3 4-4 3-1
Robot 2 finished At time 207
Time 208
Robots Locations 0-(13,2) 1-(4,10) 2-(13,1) 3-(7,7) 4-(12,12)
Target Locations:  0-(13,2) 1-(7,15) 2-(4,10) 3-(13,14) 4-(1,9)
Task Assignment: 0-0 1-2 4-3 3-4 2-1
Robot 1 finished At time 210
Time 212
Robots Locations 0-(13,2) 1-(4,10) 2-(12,1) 3-(6,8) 4-(13,13)
Target Locations:  0-(13,2) 1-(7,15) 2-(13,14) 3-(1,9) 4-(6,10)
Task Assignment: 0-0 4-2 3-4 1-3 2-1
Robot 4 finished At time 215
Time 217
Robots Locations 0-(13,2) 1-(2,10) 2-(12,3) 3-(6,9) 4-(13,14)
Target Locations:  0-(13,2) 1-(7,15) 2-(1,9) 3-(6,10) 4-(15,10)
Task Assignment: 0-0 3-3 1-2 4-4 2-1
Robot 3 finished At time 220
Time 222
Robots Locations 0-(13,2) 1-(1,9) 2-(11,4) 3-(6,10) 4-(14,14)
Target Locations:  0-(13,2) 1-(7,15) 2-(1,9) 3-(15,10) 4-(13,10)
Task Assignment: 0-0 1-2 4-4 3-1 2-3
Robot 0 finished At time 222
Time 224
Robots Locations 0-(13,2) 1-(1,9) 2-(11,4) 3-(6,10) 4-(14,13)
Target Locations:  0-(7,15) 1-(1,9) 2-(15,10) 3-(13,10) 4-(12,15)
Task Assignment: 1-1 4-4 3-0 2-3 0-2
Robot 1 finished At time 225
Time 227
Robots Locations 0-(14,2) 1-(1,9) 2-(11,5) 3-(6,11) 4-(13,13)
Target Locations:  0-(7,15) 1-(15,10) 2-(13,10) 3-(12,15) 4-(12,4)
Task Assignment: 2-4 4-3 3-0 0-1 1-2
Robot 4 finished At time 233
Time 235
Robots Locations 0-(14,6) 1-(3,8) 2-(12,4) 3-(7,14) 4-(12,15)
Target Locations:  0-(7,15) 1-(15,10) 2-(13,10) 3-(12,4) 4-(2,2)
Task Assignment: 2-3 3-0 0-1 4-2 1-4
Robot 2 finished At time 236
Time 237
Robots Locations 0-(14,6) 1-(3,8) 2-(12,4) 3-(7,14) 4-(12,15)
Target Locations:  0-(7,15) 1-(15,10) 2-(13,10) 3-(2,2) 4-(5,15)
Task Assignment: 3-0 0-1 4-2 1-3 2-4
Robot 3 finished At time 241
Time 242
Robots Locations 0-(15,8) 1-(3,7) 2-(11,5) 3-(7,15) 4-(11,14)
Target Locations:  0-(15,10) 1-(13,10) 2-(2,2) 3-(5,15) 4-(1,15)
Task Assignment: 3-3 0-0 4-1 1-2 2-4
Robot 3 finished At time 248
Robot 0 finished At time 249
Robot 4 finished At time 251
Robot 1 finished At time 252
Robot 2 finished At time 266
/MURDOCH
Time 2
Robots Locations 0-(3,3) 1-(6,7) 2-(9,9) 3-(13,12) 4-(15,16)
Target Locations:  0-(15,5) 1-(1,1) 2-(11,13) 3-(15,8) 4-(7,2)
Task Assignment: 4-0 1-1 2-2 3-3 0-4
Robot 3 finished At time 12
Time 14
Robots Locations 0-(7,2) 1-(3,4) 2-(11,13) 3-(15,8) 4-(16,11)
Target Locations:  0-(15,5) 1-(1,1) 2-(11,13) 3-(7,2) 4-(2,4)
Task Assignment: 4-0 1-1 2-2 0-3 3-4
Robot 2 finished At time 15
Time 17
Robots Locations 0-(7,2) 1-(3,3) 2-(11,13) 3-(15,8) 4-(16,11)
Target Locations:  0-(15,5) 1-(1,1) 2-(7,2) 3-(2,4) 4-(8,3)
Task Assignment: 4-0 1-1 0-2 3-3 2-4
Robot 0 finished At time 18
Time 20
Robots Locations 0-(7,2) 1-(3,3) 2-(11,13) 3-(15,8) 4-(16,11)
Target Locations:  0-(15,5) 1-(1,1) 2-(2,4) 3-(8,3) 4-(5,14)
Task Assignment: 4-0 1-1 3-2 2-3 0-4
Robot 1 finished At time 26
Time 27
Robots Locations 0-(7,5) 1-(1,1) 2-(10,11) 3-(12,7) 4-(15,7)
Target Locations:  0-(15,5) 1-(2,4) 2-(8,3) 3-(5,14) 4-(2,10)
Task Assignment: 4-0 3-1 2-2 0-3 1-4
Robot 4 finished At time 33
Time 34
Robots Locations 0-(6,8) 1-(1,3) 2-(9,8) 3-(9,6) 4-(15,5)
Target Locations:  0-(2,4) 1-(8,3) 2-(5,14) 3-(2,10) 4-(8,8)
Task Assignment: 3-0 2-1 0-2 1-3 4-4
Robot 2 finished At time 45
Time 47
Robots Locations 0-(5,14) 1-(2,10) 2-(8,3) 3-(3,4) 4-(10,7)
Target Locations:  0-(2,4) 1-(5,14) 2-(2,10) 3-(8,8) 4-(4,9)
Task Assignment: 3-0 0-1 1-2 4-3 2-4
Robot 0 finished At time 49
Time 51
Robots Locations 0-(5,14) 1-(2,10) 2-(8,3) 3-(2,4) 4-(9,7)
Target Locations:  0-(2,4) 1-(2,10) 2-(8,8) 3-(4,9) 4-(3,15)
Task Assignment: 3-0 1-1 4-2 2-3 0-4
Robot 1 finished At time 52
Time 54
Robots Locations 0-(5,14) 1-(2,10) 2-(7,3) 3-(2,4) 4-(8,8)
Target Locations:  0-(2,4) 1-(8,8) 2-(4,9) 3-(3,15) 4-(8,3)
Task Assignment: 3-0 4-1 2-2 0-3 1-4
Robot 3 finished At time 55
Time 57
Robots Locations 0-(4,14) 1-(2,10) 2-(7,3) 3-(2,4) 4-(8,8)
Target Locations:  0-(8,8) 1-(4,9) 2-(3,15) 3-(8,3) 4-(11,15)
Task Assignment: 4-0 2-1 0-2 1-3 3-4
Robot 4 finished At time 59
Time 60
Robots Locations 0-(3,15) 1-(3,10) 2-(6,4) 3-(1,5) 4-(8,8)
Target Locations:  0-(4,9) 1-(3,15) 2-(8,3) 3-(11,15) 4-(1,8)
Task Assignment: 2-0 0-1 1-2 3-3 4-4
Robot 0 finished At time 62
Time 64
Robots Locations 0-(3,15) 1-(4,9) 2-(6,5) 3-(2,5) 4-(7,8)
Target Locations:  0-(4,9) 1-(8,3) 2-(11,15) 3-(1,8) 4-(5,15)
Task Assignment: 2-0 1-1 3-2 4-3 0-4
Robot 0 finished At time 73
Time 74
Robots Locations 0-(5,15) 1-(5,7) 2-(4,7) 3-(4,8) 4-(5,7)
Target Locations:  0-(4,9) 1-(8,3) 2-(11,15) 3-(1,8) 4-(10,12)
Task Assignment: 2-0 1-1 3-2 4-3 0-4
Robot 2 finished At time 82
Time 83
Robots Locations 0-(8,13) 1-(7,5) 2-(4,9) 3-(7,11) 4-(2,7)
Target Locations:  0-(8,3) 1-(11,15) 2-(1,8) 3-(10,12) 4-(2,12)
Task Assignment: 1-0 3-1 4-2 0-3 2-4
Robot 4 finished At time 88
Time 90
Robots Locations 0-(10,12) 1-(8,3) 2-(3,11) 3-(9,13) 4-(1,8)
Target Locations:  0-(8,3) 1-(11,15) 2-(10,12) 3-(2,12) 4-(7,7)
Task Assignment: 1-0 3-1 0-2 2-3 4-4
Robot 0 finished At time 90
Time 92
Robots Locations 0-(10,12) 1-(8,3) 2-(3,11) 3-(9,13) 4-(1,8)
Target Locations:  0-(8,3) 1-(11,15) 2-(2,12) 3-(7,7) 4-(6,11)
Task Assignment: 1-0 3-1 2-2 4-3 0-4
Robot 1 finished At time 94
Time 96
Robots Locations 0-(10,11) 1-(8,3) 2-(2,12) 3-(9,13) 4-(1,9)
Target Locations:  0-(11,15) 1-(2,12) 2-(7,7) 3-(6,11) 4-(9,15)
Task Assignment: 3-0 2-1 4-2 0-3 1-4
Robot 2 finished At time 98
Time 100
Robots Locations 0-(9,11) 1-(9,3) 2-(2,12) 3-(11,15) 4-(2,8)
Target Locations:  0-(11,15) 1-(7,7) 2-(6,11) 3-(9,15) 4-(15,3)
Task Assignment: 3-0 4-1 0-2 1-3 2-4
Robot 3 finished At time 103
Time 105
Robots Locations 0-(7,11) 1-(9,5) 2-(3,12) 3-(11,15) 4-(4,8)
Target Locations:  0-(7,7) 1-(6,11) 2-(9,15) 3-(15,3) 4-(10,4)
Task Assignment: 4-0 0-1 1-2 2-3 3-4
Robot 0 finished At time 109
Time 111
Robots Locations 0-(6,11) 1-(9,8) 2-(5,11) 3-(12,13) 4-(6,7)
Target Locations:  0-(7,7) 1-(9,15) 2-(15,3) 3-(10,4) 4-(7,10)
Task Assignment: 4-0 1-1 2-2 3-3 0-4
Robot 4 finished At time 115
Time 117
Robots Locations 0-(6,11) 1-(9,9) 2-(5,11) 3-(11,12) 4-(7,7)
Target Locations:  0-(9,15) 1-(15,3) 2-(10,4) 3-(7,10) 4-(7,15)
Task Assignment: 1-0 2-1 3-2 0-3 4-4
Robot 0 finished At time 120
Time 122
Robots Locations 0-(7,10) 1-(9,11) 2-(6,11) 3-(11,10) 4-(8,8)
Target Locations:  0-(9,15) 1-(15,3) 2-(10,4) 3-(7,15) 4-(14,5)
Task Assignment: 1-0 2-1 3-2 4-3 0-4
Robot 1 finished At time 131
Time 133
Robots Locations 0-(11,8) 1-(9,15) 2-(9,9) 3-(10,5) 4-(7,12)
Target Locations:  0-(15,3) 1-(10,4) 2-(7,15) 3-(14,5) 4-(2,1)
Task Assignment: 2-0 3-1 4-2 0-3 1-4
Robot 3 finished At time 137
Time 139
Robots Locations 0-(12,6) 1-(8,14) 2-(11,7) 3-(10,4) 4-(7,14)
Target Locations:  0-(15,3) 1-(7,15) 2-(14,5) 3-(2,1) 4-(13,2)
Task Assignment: 2-0 4-1 0-2 1-3 3-4
Robot 4 finished At time 144
Time 146
Robots Locations 0-(14,5) 1-(7,12) 2-(13,5) 3-(12,3) 4-(7,15)
Target Locations:  0-(15,3) 1-(14,5) 2-(2,1) 3-(13,2) 4-(11,11)
Task Assignment: 2-0 0-1 1-2 3-3 4-4
Robot 0 finished At time 147
Time 149
Robots Locations 0-(14,5) 1-(7,12) 2-(13,5) 3-(12,2) 4-(7,15)
Target Locations:  0-(15,3) 1-(2,1) 2-(13,2) 3-(11,11) 4-(11,2)
Task Assignment: 2-0 1-1 3-2 4-3 0-4
Robot 3 finished At time 153
Time 154
Robots Locations 0-(13,4) 1-(6,10) 2-(14,5) 3-(13,2) 4-(9,14)
Target Locations:  0-(15,3) 1-(2,1) 2-(11,11) 3-(11,2) 4-(14,2)
Task Assignment: 2-0 1-1 4-2 0-3 3-4
Robot 3 finished At time 158
Time 160
Robots Locations 0-(11,2) 1-(5,8) 2-(15,3) 3-(14,2) 4-(10,12)
Target Locations:  0-(15,3) 1-(2,1) 2-(11,11) 3-(11,2) 4-(14,7)
Task Assignment: 2-0 1-1 4-2 0-3 3-4
Robot 2 finished At time 162
Time 164
Robots Locations 0-(11,2) 1-(5,7) 2-(15,3) 3-(14,2) 4-(11,11)
Target Locations:  0-(2,1) 1-(11,11) 2-(11,2) 3-(14,7) 4-(6,3)
Task Assignment: 1-0 4-1 0-2 3-3 2-4
Robot 0 finished At time 166
Time 168
Robots Locations 0-(11,2) 1-(4,6) 2-(15,3) 3-(14,3) 4-(11,11)
Target Locations:  0-(2,1) 1-(11,11) 2-(14,7) 3-(6,3) 4-(6,4)
Task Assignment: 1-0 4-1 3-2 2-3 0-4
Robot 4 finished At time 169
Time 171
Robots Locations 0-(10,2) 1-(4,6) 2-(15,2) 3-(14,3) 4-(11,11)
Target Locations:  0-(2,1) 1-(14,7) 2-(6,3) 3-(6,4) 4-(7,15)
Task Assignment: 1-0 3-1 2-2 0-3 4-4
Robot 3 finished At time 179
Time 180
Robots Locations 0-(6,4) 1-(2,2) 2-(10,2) 3-(14,7) 4-(8,13)
Target Locations:  0-(2,1) 1-(6,3) 2-(6,4) 3-(7,15) 4-(12,7)
Task Assignment: 1-0 2-1 0-2 4-3 3-4
Robot 0 finished At time 183
Time 184
Robots Locations 0-(6,4) 1-(2,1) 2-(9,3) 3-(13,7) 4-(8,14)
Target Locations:  0-(2,1) 1-(6,3) 2-(7,15) 3-(12,7) 4-(6,5)
Task Assignment: 1-0 2-1 4-2 3-3 0-4
Robot 1 finished At time 186
Time 187
Robots Locations 0-(6,4) 1-(2,1) 2-(9,3) 3-(13,7) 4-(7,14)
Target Locations:  0-(6,3) 1-(7,15) 2-(12,7) 3-(6,5) 4-(12,9)
Task Assignment: 2-0 4-1 3-2 0-3 1-4
Robot 4 finished At time 190
Time 192
Robots Locations 0-(6,5) 1-(3,1) 2-(7,3) 3-(12,7) 4-(7,15)
Target Locations:  0-(6,3) 1-(12,7) 2-(6,5) 3-(12,9) 4-(13,1)
Task Assignment: 2-0 3-1 0-2 1-3 4-4
Robot 3 finished At time 193
Time 195
Robots Locations 0-(6,5) 1-(3,1) 2-(7,3) 3-(12,7) 4-(7,15)
Target Locations:  0-(6,3) 1-(6,5) 2-(12,9) 3-(13,1) 4-(4,10)
Task Assignment: 2-0 0-1 1-2 4-3 3-4
Robot 0 finished At time 195
Time 197
Robots Locations 0-(6,5) 1-(3,1) 2-(7,3) 3-(12,7) 4-(7,15)
Target Locations:  0-(6,3) 1-(12,9) 2-(13,1) 3-(4,10) 4-(13,14)
Task Assignment: 2-0 1-1 4-2 3-3 0-4
Robot 2 finished At time 200
Time 202
Robots Locations 0-(7,6) 1-(5,2) 2-(6,3) 3-(10,8) 4-(7,14)
Target Locations:  0-(12,9) 1-(13,1) 2-(4,10) 3-(13,14) 4-(1,9)
Task Assignment: 1-0 4-1 3-2 0-3 2-4
Robot 2 finished At time 219
Time 221
Robots Locations 0-(10,11) 1-(10,7) 2-(1,9) 3-(4,10) 4-(11,6)
Target Locations:  0-(12,9) 1-(13,1) 2-(4,10) 3-(13,14) 4-(6,10)
Task Assignment: 1-0 4-1 3-2 0-3 2-4
Robot 3 finished At time 224
Time 226
Robots Locations 0-(11,12) 1-(11,8) 2-(2,10) 3-(4,10) 4-(11,5)
Target Locations:  0-(12,9) 1-(13,1) 2-(13,14) 3-(6,10) 4-(15,10)
Task Assignment: 1-0 4-1 0-2 2-3 3-4
Robot 1 finished At time 231
Time 233
Robots Locations 0-(13,14) 1-(12,9) 2-(4,10) 3-(6,11) 4-(12,2)
Target Locations:  0-(13,1) 1-(13,14) 2-(6,10) 3-(15,10) 4-(13,10)
Task Assignment: 4-0 0-1 2-2 3-3 1-4
Robot 0 finished At time 234
Time 236
Robots Locations 0-(13,14) 1-(13,10) 2-(5,10) 3-(7,11) 4-(13,2)
Target Locations:  0-(13,1) 1-(6,10) 2-(15,10) 3-(13,10) 4-(12,15)
Task Assignment: 4-0 2-1 3-2 1-3 0-4
Robot 4 finished At time 239
Time 241
Robots Locations 0-(12,15) 1-(13,10) 2-(6,10) 3-(8,11) 4-(13,1)
Target Locations:  0-(6,10) 1-(15,10) 2-(13,10) 3-(12,15) 4-(12,4)
Task Assignment: 2-0 3-1 1-2 0-3 4-4
Robot 1 finished At time 241
Time 243
Robots Locations 0-(12,15) 1-(13,10) 2-(6,10) 3-(8,11) 4-(13,1)
Target Locations:  0-(6,10) 1-(15,10) 2-(12,15) 3-(12,4) 4-(2,2)
Task Assignment: 2-0 3-1 0-2 4-3 1-4
Robot 2 finished At time 244
Time 246
Robots Locations 0-(12,15) 1-(13,10) 2-(6,10) 3-(8,11) 4-(13,1)
Target Locations:  0-(15,10) 1-(12,15) 2-(12,4) 3-(2,2) 4-(5,15)
Task Assignment: 3-0 0-1 4-2 1-3 2-4
Robot 0 finished At time 248
Time 249
Robots Locations 0-(12,15) 1-(13,11) 2-(6,11) 3-(9,10) 4-(14,1)
Target Locations:  0-(15,10) 1-(12,4) 2-(2,2) 3-(5,15) 4-(1,15)
Task Assignment: 3-0 4-1 1-2 2-3 0-4
Robot 4 finished At time 257
Robot 2 finished At time 259
Robot 3 finished At time 262
Robot 0 finished At time 271
Robot 1 finished At time 272
/mmdr
Time 3
Robots Locations 0-(3,3) 1-(6,6) 2-(9,9) 3-(11,12) 4-(15,15)
Target Locations:  0-(15,5) 1-(1,1) 2-(11,13) 3-(15,8) 4-(7,2)
Task Assignment: 0-1 1-4 2-0 3-3 4-2
Robot 0 finished At time 9
Time 11
Robots Locations 0-(1,1) 1-(7,3) 2-(12,7) 3-(13,10) 4-(12,14)
Target Locations:  0-(15,5) 1-(11,13) 2-(15,8) 3-(7,2) 4-(2,4)
Task Assignment: 0-4 1-3 2-0 3-2 4-1
Robot 1 finished At time 15
Time 17
Robots Locations 0-(1,2) 1-(7,2) 2-(14,6) 3-(14,9) 4-(11,13)
Target Locations:  0-(15,5) 1-(11,13) 2-(15,8) 3-(2,4) 4-(8,3)
Task Assignment: 0-3 1-4 2-0 3-2 4-1
Robot 4 finished At time 18
Time 20
Robots Locations 0-(1,3) 1-(7,2) 2-(15,5) 3-(15,8) 4-(11,13)
Target Locations:  0-(15,5) 1-(15,8) 2-(2,4) 3-(8,3) 4-(5,14)
Task Assignment: 0-2 1-3 2-0 3-1 4-4
Robot 3 finished At time 23
Time 25
Robots Locations 0-(2,4) 1-(8,3) 2-(15,5) 3-(15,8) 4-(10,13)
Target Locations:  0-(15,5) 1-(2,4) 2-(8,3) 3-(5,14) 4-(2,10)
Task Assignment: 0-4 1-1 2-2 3-0 4-3
Robot 3 finished At time 32
Time 34
Robots Locations 0-(2,8) 1-(4,4) 2-(12,4) 3-(15,5) 4-(6,14)
Target Locations:  0-(2,4) 1-(8,3) 2-(5,14) 3-(2,10) 4-(8,8)
Task Assignment: 0-3 1-0 2-1 3-4 4-2
Robot 4 finished At time 38
Time 40
Robots Locations 0-(2,10) 1-(2,4) 2-(10,3) 3-(14,5) 4-(5,14)
Target Locations:  0-(2,4) 1-(8,3) 2-(2,10) 3-(8,8) 4-(4,9)
Task Assignment: 0-2 1-0 2-1 3-3 4-4
Robot 1 finished At time 43
Time 45
Robots Locations 0-(2,10) 1-(2,4) 2-(9,3) 3-(12,6) 4-(4,13)
Target Locations:  0-(8,3) 1-(2,10) 2-(8,8) 3-(4,9) 4-(3,15)
Task Assignment: 0-1 1-3 2-0 3-2 4-4
Robot 0 finished At time 46
Time 48
Robots Locations 0-(2,10) 1-(2,4) 2-(9,3) 3-(12,6) 4-(4,13)
Target Locations:  0-(8,3) 1-(8,8) 2-(4,9) 3-(3,15) 4-(8,3)
Task Assignment: 0-2 1-4 2-0 3-1 4-3
Robot 2 finished At time 51
Time 53
Robots Locations 0-(3,10) 1-(2,5) 2-(8,3) 3-(11,6) 4-(3,14)
Target Locations:  0-(8,8) 1-(4,9) 2-(3,15) 3-(8,3) 4-(11,15)
Task Assignment: 0-2 1-1 2-3 3-0 4-4
Robot 2 finished At time 54
Time 56
Robots Locations 0-(3,10) 1-(3,5) 2-(8,3) 3-(11,7) 4-(3,14)
Target Locations:  0-(8,8) 1-(4,9) 2-(3,15) 3-(11,15) 4-(1,8)
Task Assignment: 0-1 1-4 2-0 3-3 4-2
Robot 0 finished At time 60
Time 62
Robots Locations 0-(4,9) 1-(2,6) 2-(8,5) 3-(11,8) 4-(3,15)
Target Locations:  0-(8,8) 1-(3,15) 2-(11,15) 3-(1,8) 4-(5,15)
Task Assignment: 0-4 1-3 2-0 3-2 4-1
Robot 4 finished At time 63
Time 65
Robots Locations 0-(4,9) 1-(2,6) 2-(8,5) 3-(11,9) 4-(3,15)
Target Locations:  0-(8,8) 1-(11,15) 2-(1,8) 3-(5,15) 4-(10,12)
Task Assignment: 0-4 1-2 2-0 3-1 4-3
Robot 1 finished At time 71
Time 73
Robots Locations 0-(7,10) 1-(1,8) 2-(8,8) 3-(11,12) 4-(5,15)
Target Locations:  0-(8,8) 1-(11,15) 2-(5,15) 3-(10,12) 4-(2,12)
Task Assignment: 0-3 1-4 2-0 3-1 4-2
Robot 4 finished At time 74
Time 77
Robots Locations 0-(7,10) 1-(1,8) 2-(8,8) 3-(11,12) 4-(5,15)
Target Locations:  0-(8,8) 1-(11,15) 2-(10,12) 3-(2,12) 4-(7,7)
Task Assignment: 0-0 1-3 2-4 3-1 4-2
Robot 2 finished At time 83
Time 85
Robots Locations 0-(8,8) 1-(2,12) 2-(7,7) 3-(11,15) 4-(8,13)
Target Locations:  0-(8,8) 1-(11,15) 2-(10,12) 3-(2,12) 4-(6,11)
Task Assignment: 0-4 1-3 2-0 3-1 4-2
Robot 3 finished At time 86
Time 88
Robots Locations 0-(8,8) 1-(2,12) 2-(7,7) 3-(11,15) 4-(8,13)
Target Locations:  0-(8,8) 1-(10,12) 2-(2,12) 3-(6,11) 4-(9,15)
Task Assignment: 0-3 1-2 2-0 3-4 4-1
Robot 1 finished At time 90
Time 92
Robots Locations 0-(7,8) 1-(2,12) 2-(8,6) 3-(10,15) 4-(9,13)
Target Locations:  0-(8,8) 1-(10,12) 2-(6,11) 3-(9,15) 4-(15,3)
Task Assignment: 0-0 1-2 2-4 3-3 4-1
Robot 4 finished At time 96
Time 98
Robots Locations 0-(8,8) 1-(4,12) 2-(10,6) 3-(9,15) 4-(10,12)
Target Locations:  0-(8,8) 1-(6,11) 2-(9,15) 3-(15,3) 4-(10,4)
Task Assignment: 0-4 1-1 2-3 3-2 4-0
Robot 3 finished At time 100
Time 102
Robots Locations 0-(8,8) 1-(4,12) 2-(10,6) 3-(9,15) 4-(10,11)
Target Locations:  0-(8,8) 1-(6,11) 2-(15,3) 3-(10,4) 4-(7,10)
Task Assignment: 0-3 1-1 2-2 3-4 4-0
Robot 1 finished At time 106
Time 108
Robots Locations 0-(9,5) 1-(6,11) 2-(12,4) 3-(8,13) 4-(9,9)
Target Locations:  0-(8,8) 1-(15,3) 2-(10,4) 3-(7,10) 4-(7,15)
Task Assignment: 0-2 1-3 2-1 3-4 4-0
Robot 1 finished At time 113
Time 115
Robots Locations 0-(10,4) 1-(7,10) 2-(15,3) 3-(7,14) 4-(8,8)
Target Locations:  0-(8,8) 1-(15,3) 2-(10,4) 3-(7,15) 4-(14,5)
Task Assignment: 0-4 1-0 2-1 3-3 4-2
Robot 2 finished At time 118
Time 120
Robots Locations 0-(11,4) 1-(8,9) 2-(15,3) 3-(7,15) 4-(9,7)
Target Locations:  0-(8,8) 1-(10,4) 2-(7,15) 3-(14,5) 4-(2,1)
Task Assignment: 0-1 1-0 2-3 3-2 4-4
Robot 3 finished At time 121
Time 124
Robots Locations 0-(12,4) 1-(8,8) 2-(15,3) 3-(7,15) 4-(9,6)
Target Locations:  0-(8,8) 1-(10,4) 2-(14,5) 3-(2,1) 4-(13,2)
Task Assignment: 0-4 1-1 2-2 3-0 4-3
Robot 2 finished At time 130
Time 133
Robots Locations 0-(13,2) 1-(10,5) 2-(14,5) 3-(8,13) 4-(6,4)
Target Locations:  0-(8,8) 1-(10,4) 2-(2,1) 3-(13,2) 4-(11,11)
Task Assignment: 0-1 1-0 2-3 3-4 4-2
Robot 3 finished At time 141
Time 143
Robots Locations 0-(10,4) 1-(8,8) 2-(13,2) 3-(11,11) 4-(2,1)
Target Locations:  0-(8,8) 1-(10,4) 2-(2,1) 3-(13,2) 4-(11,2)
Task Assignment: 0-4 1-1 2-3 3-0 4-2
Robot 2 finished At time 144
Time 146
Robots Locations 0-(10,4) 1-(8,8) 2-(13,2) 3-(11,11) 4-(2,1)
Target Locations:  0-(8,8) 1-(10,4) 2-(2,1) 3-(11,2) 4-(14,2)
Task Assignment: 0-3 1-1 2-4 3-0 4-2
Robot 4 finished At time 147
Time 150
Robots Locations 0-(9,4) 1-(8,8) 2-(13,2) 3-(11,10) 4-(2,1)
Target Locations:  0-(8,8) 1-(10,4) 2-(11,2) 3-(14,2) 4-(14,7)
Task Assignment: 0-2 1-0 2-3 3-4 4-1
Robot 2 finished At time 154
Time 156
Robots Locations 0-(10,2) 1-(8,8) 2-(14,2) 3-(12,9) 4-(3,1)
Target Locations:  0-(8,8) 1-(10,4) 2-(11,2) 3-(14,7) 4-(6,3)
Task Assignment: 0-1 1-0 2-2 3-3 4-4
Robot 1 finished At time 158
Time 161
Robots Locations 0-(11,3) 1-(8,8) 2-(13,3) 3-(13,8) 4-(4,1)
Target Locations:  0-(10,4) 1-(11,2) 2-(14,7) 3-(6,3) 4-(6,4)
Task Assignment: 0-0 1-4 2-1 3-2 4-3
Robot 3 finished At time 165
Time 167
Robots Locations 0-(10,4) 1-(7,6) 2-(11,2) 3-(14,7) 4-(6,3)
Target Locations:  0-(10,4) 1-(11,2) 2-(6,3) 3-(6,4) 4-(7,15)
Task Assignment: 0-3 1-4 2-1 3-0 4-2
Robot 2 finished At time 170
Time 172
Robots Locations 0-(9,4) 1-(6,7) 2-(11,2) 3-(14,6) 4-(6,3)
Target Locations:  0-(10,4) 1-(6,3) 2-(6,4) 3-(7,15) 4-(12,7)
Task Assignment: 0-2 1-3 2-0 3-4 4-1
Robot 4 finished At time 172
Time 175
Robots Locations 0-(9,4) 1-(6,7) 2-(11,2) 3-(14,6) 4-(6,3)
Target Locations:  0-(10,4) 1-(6,4) 2-(7,15) 3-(12,7) 4-(6,5)
Task Assignment: 0-4 1-2 2-0 3-3 4-1
Robot 4 finished At time 179
Time 181
Robots Locations 0-(7,5) 1-(6,9) 2-(10,4) 3-(12,7) 4-(6,4)
Target Locations:  0-(10,4) 1-(7,15) 2-(12,7) 3-(6,5) 4-(12,9)
Task Assignment: 0-0 1-1 2-2 3-4 4-3
Robot 4 finished At time 186
Time 188
Robots Locations 0-(8,5) 1-(7,12) 2-(11,6) 3-(12,9) 4-(6,5)
Target Locations:  0-(10,4) 1-(7,15) 2-(12,7) 3-(12,9) 4-(13,1)
Task Assignment: 0-2 1-1 2-4 3-3 4-0
Robot 3 finished At time 189
Time 192
Robots Locations 0-(9,5) 1-(7,12) 2-(12,6) 3-(12,9) 4-(6,5)
Target Locations:  0-(10,4) 1-(7,15) 2-(12,7) 3-(13,1) 4-(4,10)
Task Assignment: 0-0 1-1 2-3 3-2 4-4
Robot 0 finished At time 197
Time 199
Robots Locations 0-(10,4) 1-(7,15) 2-(13,4) 3-(12,8) 4-(6,7)
Target Locations:  0-(7,15) 1-(12,7) 2-(13,1) 3-(4,10) 4-(13,14)
Task Assignment: 0-1 1-0 2-2 3-4 4-3
Robot 1 finished At time 200
Time 203
Robots Locations 0-(11,4) 1-(7,15) 2-(13,3) 3-(12,7) 4-(6,8)
Target Locations:  0-(12,7) 1-(13,1) 2-(4,10) 3-(13,14) 4-(1,9)
Task Assignment: 0-0 1-2 2-1 3-3 4-4
Robot 2 finished At time 207
Time 209
Robots Locations 0-(12,6) 1-(6,14) 2-(13,1) 3-(12,10) 4-(3,9)
Target Locations:  0-(12,7) 1-(4,10) 2-(13,14) 3-(1,9) 4-(6,10)
Task Assignment: 0-4 1-1 2-0 3-2 4-3
Robot 4 finished At time 214
Time 216
Robots Locations 0-(9,8) 1-(5,11) 2-(13,3) 3-(13,13) 4-(1,9)
Target Locations:  0-(12,7) 1-(4,10) 2-(13,14) 3-(6,10) 4-(15,10)
Task Assignment: 0-4 1-3 2-0 3-2 4-1
Robot 3 finished At time 220
Time 222
Robots Locations 0-(11,9) 1-(6,10) 2-(13,5) 3-(13,14) 4-(2,10)
Target Locations:  0-(12,7) 1-(4,10) 2-(6,10) 3-(15,10) 4-(13,10)
Task Assignment: 0-4 1-2 2-0 3-3 4-1
Robot 1 finished At time 224
Time 226
Robots Locations 0-(11,9) 1-(6,10) 2-(13,5) 3-(13,14) 4-(3,10)
Target Locations:  0-(12,7) 1-(4,10) 2-(15,10) 3-(13,10) 4-(12,15)
Task Assignment: 0-3 1-0 2-2 3-4 4-1
Robot 4 finished At time 230
Time 232
Robots Locations 0-(13,10) 1-(8,9) 2-(13,7) 3-(13,15) 4-(4,10)
Target Locations:  0-(12,7) 1-(15,10) 2-(13,10) 3-(12,15) 4-(12,4)
Task Assignment: 0-1 1-2 2-4 3-3 4-0
Robot 3 finished At time 236
Time 238
Robots Locations 0-(15,10) 1-(10,9) 2-(14,7) 3-(12,15) 4-(6,9)
Target Locations:  0-(12,7) 1-(15,10) 2-(13,10) 3-(12,4) 4-(2,2)
Task Assignment: 0-1 1-0 2-3 3-2 4-4
Robot 0 finished At time 241
Time 243
Robots Locations 0-(15,10) 1-(11,9) 2-(13,6) 3-(12,14) 4-(6,8)
Target Locations:  0-(12,7) 1-(13,10) 2-(12,4) 3-(2,2) 4-(5,15)
Task Assignment: 0-1 1-0 2-2 3-4 4-3
Robot 2 finished At time 247
Time 250
Robots Locations 0-(14,10) 1-(12,7) 2-(12,4) 3-(9,14) 4-(4,6)
Target Locations:  0-(12,7) 1-(13,10) 2-(2,2) 3-(5,15) 4-(1,15)
Task Assignment: 0-1 1-3 2-0 3-4 4-2
Robot 0 finished At time 253
Robot 2 finished At time 259
Robot 4 finished At time 259
Robot 3 finished At time 265
Robot 1 finished At time 270
/mmd_msd2
Time 2
Robots Locations 0-(3,3) 1-(6,5) 2-(8,9) 3-(12,12) 4-(15,15)
Target Locations:  0-(15,5) 1-(1,1) 2-(11,13) 3-(15,8) 4-(7,2)
Task Assignment: 0-1 1-4 2-3 3-0 4-2
Robot 0 finished At time 7
Time 9
Robots Locations 0-(1,1) 1-(7,2) 2-(10,10) 3-(14,9) 4-(13,15)
Target Locations:  0-(15,5) 1-(11,13) 2-(15,8) 3-(7,2) 4-(2,4)
Task Assignment: 0-4 1-3 2-2 3-0 4-1
Robot 1 finished At time 11
Time 13
Robots Locations 0-(0,1) 1-(7,2) 2-(11,9) 3-(14,8) 4-(12,14)
Target Locations:  0-(15,5) 1-(11,13) 2-(15,8) 3-(2,4) 4-(8,3)
Task Assignment: 0-3 1-4 2-2 3-0 4-1
Robot 4 finished At time 17
Time 20
Robots Locations 0-(2,3) 1-(8,3) 2-(13,9) 3-(15,6) 4-(11,13)
Target Locations:  0-(15,5) 1-(15,8) 2-(2,4) 3-(8,3) 4-(5,14)
Task Assignment: 0-2 1-3 2-1 3-0 4-4
Robot 1 finished At time 21
Time 23
Robots Locations 0-(2,4) 1-(8,3) 2-(14,8) 3-(15,5) 4-(10,13)
Target Locations:  0-(15,5) 1-(15,8) 2-(2,4) 3-(5,14) 4-(2,10)
Task Assignment: 0-4 1-2 2-1 3-0 4-3
Robot 3 finished At time 26
Time 27
Robots Locations 0-(2,5) 1-(7,4) 2-(15,8) 3-(15,5) 4-(9,13)
Target Locations:  0-(15,8) 1-(2,4) 2-(5,14) 3-(2,10) 4-(8,8)
Task Assignment: 0-1 1-3 2-0 3-4 4-2
Robot 2 finished At time 29
Time 31
Robots Locations 0-(3,5) 1-(6,5) 2-(15,8) 3-(14,5) 4-(8,13)
Target Locations:  0-(2,4) 1-(5,14) 2-(2,10) 3-(8,8) 4-(4,9)
Task Assignment: 0-0 1-2 2-3 3-4 4-1
Robot 0 finished At time 37
Time 39
Robots Locations 0-(2,4) 1-(4,7) 2-(13,7) 3-(12,6) 4-(5,14)
Target Locations:  0-(5,14) 1-(2,10) 2-(8,8) 3-(4,9) 4-(3,15)
Task Assignment: 0-1 1-0 2-2 3-3 4-4
Robot 4 finished At time 45
Time 47
Robots Locations 0-(2,7) 1-(5,10) 2-(10,8) 3-(8,7) 4-(3,15)
Target Locations:  0-(5,14) 1-(2,10) 2-(8,8) 3-(4,9) 4-(8,3)
Task Assignment: 0-1 1-3 2-2 3-4 4-0
Robot 2 finished At time 53
Time 55
Robots Locations 0-(2,10) 1-(4,9) 2-(8,8) 3-(8,5) 4-(4,14)
Target Locations:  0-(5,14) 1-(2,10) 2-(4,9) 3-(8,3) 4-(11,15)
Task Assignment: 0-1 1-2 2-4 3-3 4-0
Robot 1 finished At time 57
Time 59
Robots Locations 0-(2,10) 1-(4,9) 2-(8,9) 3-(8,4) 4-(5,14)
Target Locations:  0-(5,14) 1-(2,10) 2-(8,3) 3-(11,15) 4-(1,8)
Task Assignment: 0-4 1-1 2-3 3-2 4-0
Robot 4 finished At time 61
Time 63
Robots Locations 0-(1,10) 1-(3,9) 2-(8,10) 3-(8,3) 4-(5,14)
Target Locations:  0-(2,10) 1-(8,3) 2-(11,15) 3-(1,8) 4-(5,15)
Task Assignment: 0-0 1-3 2-2 3-1 4-4
Robot 3 finished At time 64
Time 66
Robots Locations 0-(1,10) 1-(3,9) 2-(9,10) 3-(8,3) 4-(6,14)
Target Locations:  0-(2,10) 1-(11,15) 2-(1,8) 3-(5,15) 4-(10,12)
Task Assignment: 0-0 1-3 2-4 3-2 4-1
Robot 0 finished At time 70
Time 81
Robots Locations 0-(2,10) 1-(2,9) 2-(10,12) 3-(7,3) 4-(7,15)
Target Locations:  0-(11,15) 1-(1,8) 2-(5,15) 3-(10,12) 4-(2,12)
Task Assignment: 0-2 1-4 2-3 3-1 4-0
Robot 2 finished At time 83
Time 85
Robots Locations 0-(3,11) 1-(2,10) 2-(10,12) 3-(6,4) 4-(9,15)
Target Locations:  0-(11,15) 1-(1,8) 2-(5,15) 3-(2,12) 4-(7,7)
Task Assignment: 0-3 1-1 2-0 3-4 4-2
Robot 0 finished At time 90
Time 92
Robots Locations 0-(2,12) 1-(2,9) 2-(11,14) 3-(6,6) 4-(8,16)
Target Locations:  0-(11,15) 1-(1,8) 2-(5,15) 3-(7,7) 4-(6,11)
Task Assignment: 0-4 1-1 2-0 3-3 4-2
Robot 2 finished At time 95
Time 97
Robots Locations 0-(3,13) 1-(1,8) 2-(11,15) 3-(7,7) 4-(6,15)
Target Locations:  0-(1,8) 1-(5,15) 2-(7,7) 3-(6,11) 4-(9,15)
Task Assignment: 0-3 1-0 2-4 3-2 4-1
Robot 3 finished At time 98
Time 100
Robots Locations 0-(3,13) 1-(1,8) 2-(11,15) 3-(7,7) 4-(6,15)
Target Locations:  0-(1,8) 1-(5,15) 2-(6,11) 3-(9,15) 4-(15,3)
Task Assignment: 0-2 1-0 2-3 3-4 4-1
Robot 1 finished At time 101
Time 103
Robots Locations 0-(3,12) 1-(1,8) 2-(10,16) 3-(8,7) 4-(5,15)
Target Locations:  0-(5,15) 1-(6,11) 2-(9,15) 3-(15,3) 4-(10,4)
Task Assignment: 0-1 1-4 2-2 3-3 4-0
Robot 4 finished At time 105
Time 106
Robots Locations 0-(4,12) 1-(1,7) 2-(10,15) 3-(8,7) 4-(5,15)
Target Locations:  0-(6,11) 1-(9,15) 2-(15,3) 3-(10,4) 4-(7,10)
Task Assignment: 0-4 1-3 2-1 3-2 4-0
Robot 2 finished At time 110
Time 112
Robots Locations 0-(6,11) 1-(3,7) 2-(9,15) 3-(10,6) 4-(5,14)
Target Locations:  0-(6,11) 1-(15,3) 2-(10,4) 3-(7,10) 4-(7,15)
Task Assignment: 0-3 1-2 2-4 3-1 4-0
Robot 0 finished At time 117
Time 118
Robots Locations 0-(7,10) 1-(5,6) 2-(7,15) 3-(12,4) 4-(6,11)
Target Locations:  0-(6,11) 1-(15,3) 2-(10,4) 3-(7,15) 4-(14,5)
Task Assignment: 0-4 1-2 2-3 3-1 4-0
Robot 2 finished At time 119
Time 121
Robots Locations 0-(7,10) 1-(6,6) 2-(7,15) 3-(13,4) 4-(6,11)
Target Locations:  0-(6,11) 1-(15,3) 2-(10,4) 3-(14,5) 4-(2,1)
Task Assignment: 0-3 1-4 2-0 3-1 4-2
Robot 3 finished At time 128
Time 130
Robots Locations 0-(11,7) 1-(4,3) 2-(6,11) 3-(15,3) 4-(8,8)
Target Locations:  0-(6,11) 1-(10,4) 2-(14,5) 3-(2,1) 4-(13,2)
Task Assignment: 0-2 1-3 2-0 3-4 4-1
Robot 2 finished At time 135
Time 138
Robots Locations 0-(12,7) 1-(3,2) 2-(6,11) 3-(15,2) 4-(9,6)
Target Locations:  0-(10,4) 1-(14,5) 2-(2,1) 3-(13,2) 4-(11,11)
Task Assignment: 0-1 1-2 2-4 3-3 4-0
Robot 1 finished At time 142
Time 144
Robots Locations 0-(13,6) 1-(2,1) 2-(8,11) 3-(13,2) 4-(10,5)
Target Locations:  0-(10,4) 1-(14,5) 2-(13,2) 3-(11,11) 4-(11,2)
Task Assignment: 0-1 1-0 2-3 3-2 4-4
Robot 3 finished At time 145
Time 147
Robots Locations 0-(14,5) 1-(2,0) 2-(8,11) 3-(13,2) 4-(10,4)
Target Locations:  0-(10,4) 1-(14,5) 2-(11,11) 3-(11,2) 4-(14,2)
Task Assignment: 0-1 1-0 2-2 3-4 4-3
Robot 0 finished At time 150
Time 152
Robots Locations 0-(14,5) 1-(3,1) 2-(10,11) 3-(13,1) 4-(10,3)
Target Locations:  0-(10,4) 1-(11,11) 2-(11,2) 3-(14,2) 4-(14,7)
Task Assignment: 0-4 1-0 2-1 3-3 4-2
Robot 4 finished At time 156
Time 170
Robots Locations 0-(-1,-1) 1-(5,1) 2-(11,11) 3-(14,2) 4-(11,2)
Target Locations:  0-(10,4) 1-(11,11) 2-(14,2) 3-(14,7) 4-(6,3)
Task Assignment: 0-4 1-0 2-1 3-2 4-3
Robot 3 finished At time 171
Time 173
Robots Locations 0-(14,7) 1-(5,2) 2-(11,11) 3-(14,2) 4-(11,2)
Target Locations:  0-(10,4) 1-(11,11) 2-(14,7) 3-(6,3) 4-(6,4)
Task Assignment: 0-2 1-3 2-1 3-0 4-4
Robot 2 finished At time 173
Time 175
Robots Locations 0-(14,7) 1-(5,2) 2-(11,11) 3-(14,2) 4-(11,2)
Target Locations:  0-(10,4) 1-(14,7) 2-(6,3) 3-(6,4) 4-(7,15)
Task Assignment: 0-1 1-2 2-4 3-0 4-3
Robot 0 finished At time 178
Time 179
Robots Locations 0-(14,7) 1-(6,3) 2-(11,12) 3-(13,3) 4-(11,1)
Target Locations:  0-(10,4) 1-(6,3) 2-(6,4) 3-(7,15) 4-(12,7)
Task Assignment: 0-4 1-1 2-3 3-0 4-2
Robot 1 finished At time 182
Time 184
Robots Locations 0-(13,7) 1-(6,3) 2-(10,13) 3-(12,3) 4-(10,2)
Target Locations:  0-(10,4) 1-(6,4) 2-(7,15) 3-(12,7) 4-(6,5)
Task Assignment: 0-3 1-4 2-2 3-0 4-1
Robot 0 finished At time 188
Time 189
Robots Locations 0-(12,7) 1-(6,5) 2-(8,14) 3-(10,4) 4-(8,3)
Target Locations:  0-(10,4) 1-(6,4) 2-(7,15) 3-(6,5) 4-(12,9)
Task Assignment: 0-4 1-3 2-2 3-0 4-1
Robot 1 finished At time 191
Time 193
Robots Locations 0-(11,7) 1-(6,5) 2-(8,14) 3-(10,4) 4-(7,3)
Target Locations:  0-(10,4) 1-(6,4) 2-(7,15) 3-(12,9) 4-(13,1)
Task Assignment: 0-3 1-1 2-2 3-4 4-0
Robot 2 finished At time 197
Time 199
Robots Locations 0-(12,9) 1-(6,4) 2-(7,15) 3-(10,3) 4-(8,4)
Target Locations:  0-(10,4) 1-(6,4) 2-(12,9) 3-(13,1) 4-(4,10)
Task Assignment: 0-2 1-1 2-4 3-3 4-0
Robot 0 finished At time 200
Time 202
Robots Locations 0-(12,9) 1-(6,4) 2-(6,15) 3-(11,2) 4-(9,4)
Target Locations:  0-(10,4) 1-(6,4) 2-(13,1) 3-(4,10) 4-(13,14)
Task Assignment: 0-4 1-1 2-3 3-2 4-0
Robot 1 finished At time 204
Time 206
Robots Locations 0-(12,10) 1-(6,4) 2-(6,14) 3-(12,2) 4-(10,4)
Target Locations:  0-(10,4) 1-(13,1) 2-(4,10) 3-(13,14) 4-(1,9)
Task Assignment: 0-3 1-4 2-2 3-1 4-0
Robot 4 finished At time 208
Time 210
Robots Locations 0-(12,11) 1-(7,4) 2-(5,13) 3-(13,1) 4-(10,4)
Target Locations:  0-(13,1) 1-(4,10) 2-(13,14) 3-(1,9) 4-(6,10)
Task Assignment: 0-2 1-3 2-1 3-0 4-4
Robot 3 finished At time 213
Time 215
Robots Locations 0-(13,13) 1-(6,5) 2-(5,12) 3-(13,1) 4-(10,5)
Target Locations:  0-(4,10) 1-(13,14) 2-(1,9) 3-(6,10) 4-(15,10)
Task Assignment: 0-1 1-2 2-0 3-4 4-3
Robot 0 finished At time 219
Time 221
Robots Locations 0-(13,14) 1-(4,7) 2-(4,10) 3-(14,3) 4-(9,7)
Target Locations:  0-(4,10) 1-(1,9) 2-(6,10) 3-(15,10) 4-(13,10)
Task Assignment: 0-3 1-1 2-0 3-4 4-2
Robot 2 finished At time 221
Time 224
Robots Locations 0-(13,14) 1-(3,7) 2-(4,10) 3-(14,3) 4-(8,7)
Target Locations:  0-(1,9) 1-(6,10) 2-(15,10) 3-(13,10) 4-(12,15)
Task Assignment: 0-4 1-0 2-1 3-2 4-3
Robot 0 finished At time 229
Time 231
Robots Locations 0-(12,15) 1-(1,9) 2-(6,10) 3-(14,6) 4-(11,9)
Target Locations:  0-(1,9) 1-(6,10) 2-(15,10) 3-(13,10) 4-(12,4)
Task Assignment: 0-2 1-0 2-1 3-4 4-3
Robot 2 finished At time 232
Time 234
Robots Locations 0-(12,15) 1-(1,9) 2-(6,10) 3-(14,6) 4-(11,9)
Target Locations:  0-(1,9) 1-(15,10) 2-(13,10) 3-(12,4) 4-(2,2)
Task Assignment: 0-1 1-4 2-0 3-3 4-2
Robot 4 finished At time 240
Time 241
Robots Locations 0-(13,12) 1-(1,7) 2-(4,10) 3-(12,4) 4-(13,10)
Target Locations:  0-(1,9) 1-(15,10) 2-(12,4) 3-(2,2) 4-(5,15)
Task Assignment: 0-4 1-3 2-0 3-2 4-1
Robot 3 finished At time 244
Time 246
Robots Locations 0-(13,11) 1-(1,5) 2-(3,10) 3-(12,4) 4-(14,10)
Target Locations:  0-(1,9) 1-(15,10) 2-(2,2) 3-(5,15) 4-(1,15)
Task Assignment: 0-3 1-0 2-4 3-2 4-1
Robot 4 finished At time 249
Robot 1 finished At time 256
Robot 2 finished At time 257
Robot 0 finished At time 261
Robot 3 finished At time 264
