Goals: (5,5) (11,7) (9,15) (14,3) (11,3) (11,2) (4,11) (1,4) (14,8) (4,9) (2,15) (14,2) (14,1) (2,9) (6,6) (10,8) (7,10) (9,5) (14,7) (10,14) (7,9) (11,12) (7,10) (10,12) (12,5) (12,5) (6,13) (5,10) (11,11) (1,6) (6,8) (2,2) (13,4) (10,2) (7,11) (11,11) (14,13) (15,7) (10,6) (2,9) (13,6) (3,13) (15,10) (5,7) (5,2) (9,5) (13,2) (5,2) (3,10) (5,6)
/BLE
Time 2
Robots Locations 0-(3,3) 1-(6,6) 2-(9,9) 3-(12,12) 4-(15,16)
Target Locations:  0-(5,6) 1-(3,10) 2-(5,2) 3-(13,2) 4-(9,5)
Task Assignment: 1-0 0-2 2-4 3-1 4-3
Robot 0 finished At time 8
Time 10
Robots Locations 0-(5,2) 1-(5,6) 2-(9,5) 3-(10,12) 4-(16,14)
Target Locations:  0-(5,6) 1-(3,10) 2-(13,2) 3-(9,5) 4-(5,2)
Task Assignment: 1-0 0-4 2-3 3-1 4-2
Robot 0 finished At time 10
Time 12
Robots Locations 0-(5,2) 1-(5,6) 2-(9,5) 3-(9,12) 4-(16,14)
Target Locations:  0-(5,6) 1-(3,10) 2-(13,2) 3-(9,5) 4-(5,7)
Task Assignment: 1-0 2-3 0-4 3-1 4-2
Robot 1 finished At time 13
Time 15
Robots Locations 0-(5,2) 1-(5,6) 2-(9,5) 3-(9,12) 4-(15,13)
Target Locations:  0-(3,10) 1-(13,2) 2-(9,5) 3-(5,7) 4-(15,10)
Task Assignment: 2-2 1-3 4-4 3-0 0-1
Robot 2 finished At time 17
Time 19
Robots Locations 0-(6,2) 1-(5,7) 2-(9,5) 3-(8,12) 4-(15,12)
Target Locations:  0-(3,10) 1-(13,2) 2-(5,7) 3-(15,10) 4-(3,13)
Task Assignment: 1-2 4-3 2-1 3-4 0-0
Robot 1 finished At time 21
Time 23
Robots Locations 0-(7,3) 1-(5,7) 2-(10,4) 3-(7,12) 4-(15,11)
Target Locations:  0-(3,10) 1-(13,2) 2-(15,10) 3-(3,13) 4-(13,6)
Task Assignment: 4-2 1-0 2-4 3-3 0-1
Robot 4 finished At time 27
Time 29
Robots Locations 0-(8,3) 1-(4,9) 2-(11,5) 3-(5,12) 4-(15,10)
Target Locations:  0-(3,10) 1-(13,2) 2-(3,13) 3-(13,6) 4-(2,9)
Task Assignment: 1-0 3-2 2-3 0-1 4-4
Robot 1 finished At time 33
Time 35
Robots Locations 0-(11,3) 1-(3,10) 2-(13,6) 3-(3,13) 4-(13,10)
Target Locations:  0-(13,2) 1-(3,13) 2-(13,6) 3-(2,9) 4-(10,6)
Task Assignment: 3-1 2-2 1-3 0-0 4-4
Robot 2 finished At time 35
Time 37
Robots Locations 0-(11,3) 1-(3,10) 2-(13,6) 3-(3,13) 4-(13,10)
Target Locations:  0-(13,2) 1-(3,13) 2-(2,9) 3-(10,6) 4-(15,7)
Task Assignment: 3-1 1-2 0-0 2-4 4-3
Robot 3 finished At time 38
Time 40
Robots Locations 0-(11,3) 1-(2,10) 2-(13,6) 3-(3,13) 4-(12,9)
Target Locations:  0-(13,2) 1-(2,9) 2-(10,6) 3-(15,7) 4-(14,13)
Task Assignment: 1-1 0-0 2-3 4-2 3-4
Robot 1 finished At time 44
Time 46
Robots Locations 0-(13,2) 1-(2,9) 2-(15,7) 3-(4,14) 4-(11,7)
Target Locations:  0-(13,2) 1-(10,6) 2-(15,7) 3-(14,13) 4-(11,11)
Task Assignment: 2-2 0-0 4-1 3-4 1-3
Robot 2 finished At time 47
Time 49
Robots Locations 0-(13,2) 1-(2,8) 2-(15,7) 3-(5,14) 4-(11,7)
Target Locations:  0-(13,2) 1-(10,6) 2-(14,13) 3-(11,11) 4-(7,11)
Task Assignment: 0-0 4-1 3-4 2-3 1-2
Robot 0 finished At time 49
Time 51
Robots Locations 0-(13,2) 1-(3,8) 2-(15,7) 3-(5,14) 4-(11,7)
Target Locations:  0-(10,6) 1-(14,13) 2-(11,11) 3-(7,11) 4-(10,2)
Task Assignment: 4-0 0-4 3-3 2-2 1-1
Robot 4 finished At time 55
Time 56
Robots Locations 0-(12,1) 1-(4,9) 2-(14,8) 3-(6,12) 4-(10,6)
Target Locations:  0-(14,13) 1-(11,11) 2-(7,11) 3-(10,2) 4-(13,4)
Task Assignment: 3-2 0-3 4-4 2-1 1-0
Robot 3 finished At time 62
Time 64
Robots Locations 0-(10,2) 1-(7,10) 2-(12,10) 3-(7,11) 4-(12,5)
Target Locations:  0-(14,13) 1-(11,11) 2-(10,2) 3-(13,4) 4-(2,2)
Task Assignment: 0-2 4-3 2-1 3-0 1-4
Robot 0 finished At time 67
Time 69
Robots Locations 0-(10,2) 1-(6,10) 2-(11,11) 3-(8,11) 4-(13,4)
Target Locations:  0-(14,13) 1-(11,11) 2-(13,4) 3-(2,2) 4-(6,8)
Task Assignment: 4-2 2-1 1-4 3-0 0-3
Robot 4 finished At time 72
Time 75
Robots Locations 0-(9,2) 1-(6,9) 2-(11,11) 3-(9,11) 4-(13,4)
Target Locations:  0-(14,13) 1-(11,11) 2-(2,2) 3-(6,8) 4-(1,6)
Task Assignment: 2-1 1-3 3-0 0-2 4-4
Robot 2 finished At time 75
Time 77
Robots Locations 0-(9,2) 1-(6,9) 2-(11,11) 3-(9,11) 4-(13,4)
Target Locations:  0-(14,13) 1-(2,2) 2-(6,8) 3-(1,6) 4-(11,11)
Task Assignment: 2-4 1-2 3-0 0-1 4-3
Robot 2 finished At time 78
Time 79
Robots Locations 0-(8,2) 1-(6,9) 2-(11,11) 3-(9,12) 4-(13,4)
Target Locations:  0-(14,13) 1-(2,2) 2-(6,8) 3-(1,6) 4-(5,10)
Task Assignment: 1-2 2-0 3-4 0-1 4-3
Robot 1 finished At time 83
Time 85
Robots Locations 0-(7,2) 1-(6,8) 2-(12,12) 3-(9,12) 4-(12,3)
Target Locations:  0-(14,13) 1-(2,2) 2-(1,6) 3-(5,10) 4-(6,13)
Task Assignment: 2-0 1-3 3-4 0-1 4-2
Robot 2 finished At time 98
Time 101
Robots Locations 0-(3,2) 1-(5,10) 2-(14,13) 3-(6,13) 4-(9,4)
Target Locations:  0-(2,2) 1-(1,6) 2-(5,10) 3-(6,13) 4-(12,5)
Task Assignment: 3-3 1-2 0-0 4-4 2-1
Robot 1 finished At time 103
Time 105
Robots Locations 0-(2,2) 1-(5,10) 2-(15,12) 3-(6,13) 4-(9,5)
Target Locations:  0-(2,2) 1-(1,6) 2-(6,13) 3-(12,5) 4-(12,5)
Task Assignment: 3-2 0-0 4-4 1-1 2-3
Robot 3 finished At time 105
Time 107
Robots Locations 0-(2,2) 1-(5,10) 2-(14,12) 3-(6,13) 4-(9,5)
Target Locations:  0-(2,2) 1-(1,6) 2-(12,5) 3-(12,5) 4-(10,12)
Task Assignment: 0-0 4-2 2-4 1-1 3-3
Robot 0 finished At time 109
Time 111
Robots Locations 0-(2,2) 1-(4,10) 2-(14,12) 3-(5,12) 4-(10,5)
Target Locations:  0-(1,6) 1-(12,5) 2-(12,5) 3-(10,12) 4-(7,10)
Task Assignment: 4-1 3-4 2-3 0-0 1-2
Robot 4 finished At time 117
Time 119
Robots Locations 0-(1,5) 1-(7,8) 2-(10,12) 3-(7,10) 4-(12,5)
Target Locations:  0-(1,6) 1-(12,5) 2-(10,12) 3-(7,10) 4-(11,12)
Task Assignment: 4-1 3-3 2-2 0-0 1-4
Robot 4 finished At time 120
Time 122
Robots Locations 0-(1,5) 1-(7,8) 2-(10,12) 3-(7,10) 4-(12,5)
Target Locations:  0-(1,6) 1-(10,12) 2-(7,10) 3-(11,12) 4-(7,9)
Task Assignment: 3-2 2-1 0-0 1-4 4-3
Robot 3 finished At time 122
Time 124
Robots Locations 0-(1,6) 1-(7,8) 2-(10,12) 3-(7,10) 4-(12,5)
Target Locations:  0-(1,6) 1-(10,12) 2-(11,12) 3-(7,9) 4-(10,14)
Task Assignment: 0-0 2-1 3-3 1-2 4-4
Robot 2 finished At time 126
Time 128
Robots Locations 0-(1,6) 1-(8,9) 2-(10,12) 3-(7,10) 4-(12,6)
Target Locations:  0-(1,6) 1-(11,12) 2-(7,9) 3-(10,14) 4-(14,7)
Task Assignment: 0-0 3-2 2-1 4-4 1-3
Robot 0 finished At time 130
Time 132
Robots Locations 0-(1,6) 1-(8,10) 2-(10,13) 3-(7,10) 4-(13,6)
Target Locations:  0-(11,12) 1-(7,9) 2-(10,14) 3-(14,7) 4-(9,5)
Task Assignment: 3-1 2-2 4-3 1-0 0-4
Robot 4 finished At time 136
Time 138
Robots Locations 0-(3,6) 1-(10,11) 2-(10,14) 3-(7,9) 4-(14,7)
Target Locations:  0-(11,12) 1-(7,9) 2-(10,14) 3-(9,5) 4-(7,10)
Task Assignment: 3-1 2-2 1-0 4-3 0-4
Robot 2 finished At time 138
Time 140
Robots Locations 0-(3,6) 1-(10,11) 2-(10,14) 3-(7,9) 4-(14,7)
Target Locations:  0-(11,12) 1-(7,9) 2-(9,5) 3-(7,10) 4-(10,8)
Task Assignment: 3-1 1-0 4-4 2-3 0-2
Robot 3 finished At time 143
Time 144
Robots Locations 0-(4,6) 1-(11,12) 2-(9,15) 3-(7,9) 4-(15,8)
Target Locations:  0-(11,12) 1-(9,5) 2-(7,10) 3-(10,8) 4-(6,6)
Task Assignment: 1-0 3-2 0-4 4-3 2-1
Robot 1 finished At time 146
Time 148
Robots Locations 0-(5,6) 1-(11,12) 2-(9,14) 3-(8,10) 4-(14,8)
Target Locations:  0-(9,5) 1-(7,10) 2-(10,8) 3-(6,6) 4-(2,9)
Task Assignment: 0-3 3-1 4-2 1-0 2-4
Robot 3 finished At time 151
Time 153
Robots Locations 0-(6,6) 1-(12,11) 2-(8,13) 3-(7,10) 4-(12,8)
Target Locations:  0-(9,5) 1-(10,8) 2-(6,6) 3-(2,9) 4-(14,1)
Task Assignment: 0-2 4-1 3-3 1-0 2-4
Robot 0 finished At time 154
Time 156
Robots Locations 0-(6,6) 1-(11,11) 2-(8,12) 3-(7,10) 4-(12,8)
Target Locations:  0-(9,5) 1-(10,8) 2-(2,9) 3-(14,1) 4-(14,2)
Task Assignment: 4-1 0-0 3-2 1-4 2-3
Robot 4 finished At time 161
Time 163
Robots Locations 0-(9,5) 1-(12,8) 2-(9,10) 3-(4,9) 4-(10,8)
Target Locations:  0-(9,5) 1-(2,9) 2-(14,1) 3-(14,2) 4-(2,15)
Task Assignment: 0-0 3-1 1-3 4-2 2-4
Robot 0 finished At time 165
Time 167
Robots Locations 0-(9,5) 1-(13,7) 2-(8,9) 3-(3,9) 4-(10,7)
Target Locations:  0-(2,9) 1-(14,1) 2-(14,2) 3-(2,15) 4-(4,9)
Task Assignment: 3-4 1-2 2-0 0-1 4-3
Robot 1 finished At time 178
Time 179
Robots Locations 0-(13,2) 1-(14,2) 2-(5,8) 3-(4,9) 4-(6,10)
Target Locations:  0-(2,9) 1-(14,1) 2-(2,15) 3-(4,9) 4-(14,8)
Task Assignment: 3-3 1-1 2-0 0-4 4-2
Robot 1 finished At time 184
Time 185
Robots Locations 0-(13,3) 1-(14,1) 2-(3,9) 3-(4,9) 4-(5,12)
Target Locations:  0-(2,9) 1-(2,15) 2-(4,9) 3-(14,8) 4-(1,4)
Task Assignment: 3-2 2-0 4-1 0-3 1-4
Robot 3 finished At time 189
Time 191
Robots Locations 0-(14,5) 1-(12,1) 2-(2,9) 3-(4,9) 4-(4,13)
Target Locations:  0-(2,9) 1-(2,15) 2-(14,8) 3-(1,4) 4-(4,11)
Task Assignment: 2-0 3-4 4-1 0-2 1-3
Robot 2 finished At time 191
Time 194
Robots Locations 0-(14,6) 1-(12,1) 2-(2,9) 3-(4,9) 4-(3,13)
Target Locations:  0-(2,15) 1-(14,8) 2-(1,4) 3-(4,11) 4-(11,2)
Task Assignment: 1-4 0-1 3-3 4-0 2-2
Robot 1 finished At time 197
Time 199
Robots Locations 0-(14,8) 1-(11,2) 2-(1,8) 3-(4,11) 4-(2,15)
Target Locations:  0-(2,15) 1-(14,8) 2-(1,4) 3-(4,11) 4-(11,3)
Task Assignment: 0-1 4-0 3-3 1-4 2-2
Robot 3 finished At time 201
Time 203
Robots Locations 0-(14,8) 1-(11,3) 2-(1,7) 3-(4,11) 4-(2,15)
Target Locations:  0-(2,15) 1-(14,8) 2-(1,4) 3-(11,3) 4-(14,3)
Task Assignment: 0-1 4-0 1-3 2-2 3-4
Robot 4 finished At time 203
Time 205
Robots Locations 0-(14,8) 1-(11,3) 2-(1,7) 3-(4,11) 4-(2,15)
Target Locations:  0-(14,8) 1-(1,4) 2-(11,3) 3-(14,3) 4-(9,15)
Task Assignment: 0-0 1-2 2-1 3-4 4-3
Robot 0 finished At time 206
Time 208
Robots Locations 0-(14,8) 1-(11,3) 2-(1,6) 3-(4,11) 4-(2,15)
Target Locations:  0-(1,4) 1-(11,3) 2-(14,3) 3-(9,15) 4-(11,7)
Task Assignment: 1-1 2-0 0-4 3-3 4-2
Robot 1 finished At time 209
Time 211
Robots Locations 0-(14,8) 1-(11,3) 2-(1,6) 3-(5,12) 4-(2,16)
Target Locations:  0-(1,4) 1-(14,3) 2-(9,15) 3-(11,7) 4-(5,5)
Task Assignment: 2-0 1-1 0-3 3-2 4-4
Robot 2 finished At time 216
Robot 0 finished At time 219
Robot 1 finished At time 220
Robot 3 finished At time 224
Robot 4 finished At time 233
/MURDOCH
Time 2
Robots Locations 0-(3,3) 1-(6,6) 2-(9,9) 3-(13,11) 4-(15,15)
Target Locations:  0-(5,6) 1-(3,10) 2-(5,2) 3-(13,2) 4-(9,5)
Task Assignment: 4-0 1-1 2-2 0-3 3-4
Robot 1 finished At time 12
Time 14
Robots Locations 0-(7,2) 1-(3,10) 2-(7,5) 3-(10,6) 4-(11,13)
Target Locations:  0-(5,6) 1-(5,2) 2-(13,2) 3-(9,5) 4-(5,2)
Task Assignment: 4-0 2-1 0-2 3-3 1-4
Robot 3 finished At time 18
Time 21
Robots Locations 0-(10,2) 1-(3,8) 2-(6,3) 3-(9,5) 4-(10,11)
Target Locations:  0-(5,6) 1-(5,2) 2-(13,2) 3-(5,2) 4-(5,7)
Task Assignment: 4-0 2-1 0-2 1-3 3-4
Robot 2 finished At time 25
Time 27
Robots Locations 0-(12,2) 1-(3,6) 2-(5,2) 3-(7,6) 4-(8,9)
Target Locations:  0-(5,6) 1-(13,2) 2-(5,2) 3-(5,7) 4-(15,10)
Task Assignment: 4-0 0-1 1-2 3-3 2-4
Robot 0 finished At time 30
Time 32
Robots Locations 0-(13,2) 1-(4,5) 2-(6,2) 3-(5,7) 4-(7,8)
Target Locations:  0-(5,6) 1-(5,2) 2-(5,7) 3-(15,10) 4-(3,13)
Task Assignment: 4-0 1-1 3-2 2-3 0-4
Robot 3 finished At time 36
Time 37
Robots Locations 0-(13,3) 1-(5,3) 2-(7,3) 3-(5,7) 4-(6,7)
Target Locations:  0-(5,6) 1-(5,2) 2-(15,10) 3-(3,13) 4-(13,6)
Task Assignment: 4-0 1-1 2-2 0-3 3-4
Robot 1 finished At time 42
Time 44
Robots Locations 0-(12,4) 1-(5,2) 2-(9,4) 3-(6,8) 4-(5,6)
Target Locations:  0-(5,6) 1-(15,10) 2-(3,13) 3-(13,6) 4-(2,9)
Task Assignment: 4-0 2-1 0-2 3-3 1-4
Robot 4 finished At time 44
Time 46
Robots Locations 0-(12,5) 1-(5,2) 2-(9,4) 3-(6,8) 4-(5,6)
Target Locations:  0-(15,10) 1-(3,13) 2-(13,6) 3-(2,9) 4-(10,6)
Task Assignment: 2-0 0-1 3-2 1-3 4-4
Robot 1 finished At time 77
Time 79
Robots Locations 0-(10,8) 1-(2,9) 2-(10,7) 3-(13,6) 4-(9,7)
Target Locations:  0-(15,10) 1-(3,13) 2-(13,6) 3-(10,6) 4-(15,7)
Task Assignment: 2-0 0-1 3-2 4-3 1-4
Robot 3 finished At time 81
Time 83
Robots Locations 0-(10,8) 1-(3,9) 2-(10,7) 3-(13,6) 4-(9,7)
Target Locations:  0-(15,10) 1-(3,13) 2-(10,6) 3-(15,7) 4-(14,13)
Task Assignment: 2-0 0-1 4-2 1-3 3-4
Robot 4 finished At time 88
Time 90
Robots Locations 0-(9,9) 1-(5,9) 2-(10,8) 3-(14,8) 4-(10,6)
Target Locations:  0-(15,10) 1-(3,13) 2-(15,7) 3-(14,13) 4-(11,11)
Task Assignment: 2-0 0-1 1-2 3-3 4-4
Robot 2 finished At time 101
Time 103
Robots Locations 0-(4,13) 1-(11,8) 2-(15,10) 3-(14,13) 4-(11,11)
Target Locations:  0-(3,13) 1-(15,7) 2-(14,13) 3-(11,11) 4-(7,11)
Task Assignment: 0-0 1-1 3-2 4-3 2-4
Robot 4 finished At time 103
Time 106
Robots Locations 0-(3,13) 1-(12,8) 2-(15,10) 3-(14,13) 4-(11,11)
Target Locations:  0-(3,13) 1-(15,7) 2-(14,13) 3-(7,11) 4-(10,2)
Task Assignment: 0-0 1-1 3-2 2-3 4-4
Robot 3 finished At time 106
Time 108
Robots Locations 0-(3,13) 1-(12,8) 2-(15,10) 3-(14,13) 4-(11,11)
Target Locations:  0-(3,13) 1-(15,7) 2-(7,11) 3-(10,2) 4-(13,4)
Task Assignment: 0-0 1-1 2-2 4-3 3-4
Robot 0 finished At time 110
Time 112
Robots Locations 0-(3,13) 1-(13,7) 2-(14,11) 3-(13,13) 4-(10,11)
Target Locations:  0-(15,7) 1-(7,11) 2-(10,2) 3-(13,4) 4-(2,2)
Task Assignment: 1-0 2-1 4-2 3-3 0-4
Robot 1 finished At time 117
Time 119
Robots Locations 0-(2,10) 1-(15,7) 2-(11,11) 3-(13,11) 4-(10,8)
Target Locations:  0-(7,11) 1-(10,2) 2-(13,4) 3-(2,2) 4-(6,8)
Task Assignment: 2-0 4-1 3-2 0-3 1-4
Robot 2 finished At time 131
Time 133
Robots Locations 0-(2,5) 1-(11,7) 2-(7,11) 3-(13,6) 4-(10,3)
Target Locations:  0-(10,2) 1-(13,4) 2-(2,2) 3-(6,8) 4-(1,6)
Task Assignment: 4-0 3-1 0-2 1-3 2-4
Robot 4 finished At time 136
Time 138
Robots Locations 0-(2,3) 1-(9,7) 2-(6,10) 3-(13,4) 4-(10,2)
Target Locations:  0-(13,4) 1-(2,2) 2-(6,8) 3-(1,6) 4-(11,11)
Task Assignment: 3-0 0-1 1-2 2-3 4-4
Robot 3 finished At time 141
Time 143
Robots Locations 0-(2,2) 1-(8,8) 2-(5,9) 3-(13,4) 4-(11,2)
Target Locations:  0-(2,2) 1-(6,8) 2-(1,6) 3-(11,11) 4-(5,10)
Task Assignment: 0-0 1-1 2-2 4-3 3-4
Robot 0 finished At time 156
Time 158
Robots Locations 0-(2,2) 1-(7,8) 2-(4,9) 3-(12,4) 4-(11,3)
Target Locations:  0-(6,8) 1-(1,6) 2-(11,11) 3-(5,10) 4-(6,13)
Task Assignment: 1-0 2-1 4-2 3-3 0-4
Robot 1 finished At time 162
Time 164
Robots Locations 0-(3,2) 1-(6,8) 2-(3,8) 3-(12,4) 4-(11,4)
Target Locations:  0-(1,6) 1-(11,11) 2-(5,10) 3-(6,13) 4-(12,5)
Task Assignment: 2-0 4-1 3-2 0-3 1-4
Robot 2 finished At time 170
Time 172
Robots Locations 0-(4,6) 1-(8,6) 2-(1,6) 3-(9,5) 4-(11,7)
Target Locations:  0-(11,11) 1-(5,10) 2-(6,13) 3-(12,5) 4-(12,5)
Task Assignment: 4-0 3-1 0-2 1-3 2-4
Robot 4 finished At time 180
Time 182
Robots Locations 0-(5,10) 1-(11,6) 2-(5,5) 3-(7,7) 4-(11,11)
Target Locations:  0-(5,10) 1-(6,13) 2-(12,5) 3-(12,5) 4-(10,12)
Task Assignment: 3-0 0-1 1-2 2-3 4-4
Robot 4 finished At time 186
Time 188
Robots Locations 0-(6,12) 1-(12,5) 2-(7,5) 3-(6,9) 4-(10,12)
Target Locations:  0-(5,10) 1-(6,13) 2-(12,5) 3-(12,5) 4-(7,10)
Task Assignment: 3-0 0-1 1-2 2-3 4-4
Robot 1 finished At time 188
Time 190
Robots Locations 0-(6,13) 1-(12,5) 2-(7,5) 3-(6,9) 4-(10,12)
Target Locations:  0-(5,10) 1-(6,13) 2-(12,5) 3-(7,10) 4-(11,12)
Task Assignment: 3-0 0-1 2-2 4-3 1-4
Robot 0 finished At time 193
Time 195
Robots Locations 0-(6,13) 1-(13,6) 2-(9,5) 3-(5,10) 4-(9,12)
Target Locations:  0-(5,10) 1-(12,5) 2-(7,10) 3-(11,12) 4-(7,9)
Task Assignment: 3-0 2-1 4-2 1-3 0-4
Robot 3 finished At time 196
Time 198
Robots Locations 0-(7,13) 1-(12,7) 2-(10,5) 3-(5,10) 4-(8,11)
Target Locations:  0-(12,5) 1-(7,10) 2-(11,12) 3-(7,9) 4-(10,14)
Task Assignment: 2-0 4-1 1-2 0-3 3-4
Robot 4 finished At time 203
Time 205
Robots Locations 0-(7,11) 1-(12,9) 2-(12,5) 3-(6,11) 4-(7,10)
Target Locations:  0-(12,5) 1-(11,12) 2-(7,9) 3-(10,14) 4-(14,7)
Task Assignment: 2-0 1-1 0-2 3-3 4-4
Robot 2 finished At time 208
Time 210
Robots Locations 0-(7,11) 1-(11,10) 2-(12,5) 3-(7,12) 4-(7,9)
Target Locations:  0-(11,12) 1-(7,9) 2-(10,14) 3-(14,7) 4-(9,5)
Task Assignment: 1-0 0-1 3-2 4-3 2-4
Robot 1 finished At time 217
Time 218
Robots Locations 0-(7,9) 1-(11,12) 2-(10,5) 3-(9,14) 4-(10,8)
Target Locations:  0-(7,9) 1-(10,14) 2-(14,7) 3-(9,5) 4-(7,10)
Task Assignment: 0-0 3-1 4-2 2-3 1-4
Robot 0 finished At time 219
Time 221
Robots Locations 0-(7,9) 1-(11,12) 2-(10,5) 3-(9,14) 4-(10,8)
Target Locations:  0-(10,14) 1-(14,7) 2-(9,5) 3-(7,10) 4-(10,8)
Task Assignment: 3-0 4-1 2-2 1-3 0-4
Robot 3 finished At time 223
Time 225
Robots Locations 0-(8,8) 1-(10,12) 2-(9,5) 3-(10,14) 4-(12,8)
Target Locations:  0-(14,7) 1-(9,5) 2-(7,10) 3-(10,8) 4-(6,6)
Task Assignment: 4-0 2-1 1-2 0-3 3-4
Robot 2 finished At time 227
Time 229
Robots Locations 0-(8,8) 1-(9,11) 2-(9,5) 3-(11,14) 4-(12,8)
Target Locations:  0-(14,7) 1-(7,10) 2-(10,8) 3-(6,6) 4-(2,9)
Task Assignment: 4-0 1-1 0-2 3-3 2-4
Robot 0 finished At time 244
Time 247
Robots Locations 0-(10,8) 1-(7,10) 2-(7,6) 3-(9,12) 4-(14,7)
Target Locations:  0-(14,7) 1-(7,10) 2-(6,6) 3-(2,9) 4-(14,1)
Task Assignment: 4-0 1-1 3-2 2-3 0-4
Robot 1 finished At time 248
Time 249
Robots Locations 0-(10,8) 1-(7,10) 2-(6,7) 3-(9,11) 4-(14,7)
Target Locations:  0-(14,7) 1-(6,6) 2-(2,9) 3-(14,1) 4-(14,2)
Task Assignment: 4-0 3-1 2-2 0-3 1-4
Robot 4 finished At time 250
Time 252
Robots Locations 0-(11,7) 1-(7,10) 2-(6,7) 3-(9,11) 4-(14,7)
Target Locations:  0-(6,6) 1-(2,9) 2-(14,1) 3-(14,2) 4-(2,15)
Task Assignment: 3-0 2-1 0-2 1-3 4-4
Robot 2 finished At time 262
Time 264
Robots Locations 0-(13,3) 1-(11,6) 2-(2,9) 3-(7,7) 4-(11,10)
Target Locations:  0-(6,6) 1-(14,1) 2-(14,2) 3-(2,15) 4-(4,9)
Task Assignment: 3-0 0-1 1-2 4-3 2-4
Robot 3 finished At time 268
Time 270
Robots Locations 0-(14,1) 1-(12,4) 2-(3,9) 3-(6,6) 4-(9,11)
Target Locations:  0-(14,1) 1-(14,2) 2-(2,15) 3-(4,9) 4-(14,8)
Task Assignment: 0-0 1-1 4-2 2-3 3-4
Robot 0 finished At time 271
Time 273
Robots Locations 0-(14,1) 1-(13,4) 2-(4,9) 3-(6,5) 4-(8,11)
Target Locations:  0-(14,2) 1-(2,15) 2-(4,9) 3-(14,8) 4-(1,4)
Task Assignment: 1-0 4-1 2-2 3-3 0-4
Robot 2 finished At time 276
Time 277
Robots Locations 0-(13,0) 1-(13,3) 2-(4,9) 3-(7,6) 4-(7,12)
Target Locations:  0-(14,2) 1-(2,15) 2-(14,8) 3-(1,4) 4-(4,11)
Task Assignment: 1-0 4-1 3-2 0-3 2-4
Robot 1 finished At time 280
Time 282
Robots Locations 0-(12,1) 1-(14,2) 2-(4,10) 3-(9,6) 4-(6,13)
Target Locations:  0-(2,15) 1-(14,8) 2-(1,4) 3-(4,11) 4-(11,2)
Task Assignment: 4-0 3-1 0-2 2-3 1-4
Robot 2 finished At time 286
Time 287
Robots Locations 0-(10,1) 1-(13,1) 2-(4,11) 3-(11,7) 4-(4,14)
Target Locations:  0-(2,15) 1-(14,8) 2-(1,4) 3-(11,2) 4-(11,3)
Task Assignment: 4-0 3-1 0-2 1-3 2-4
Robot 1 finished At time 292
Time 294
Robots Locations 0-(7,2) 1-(11,2) 2-(6,10) 3-(14,8) 4-(2,15)
Target Locations:  0-(2,15) 1-(14,8) 2-(1,4) 3-(11,3) 4-(14,3)
Task Assignment: 4-0 3-1 0-2 2-3 1-4
Robot 4 finished At time 295
Time 296
Robots Locations 0-(7,2) 1-(11,2) 2-(6,10) 3-(14,8) 4-(2,15)
Target Locations:  0-(14,8) 1-(1,4) 2-(11,3) 3-(14,3) 4-(9,15)
Task Assignment: 3-0 0-1 2-2 1-3 4-4
Robot 3 finished At time 298
Time 300
Robots Locations 0-(6,3) 1-(11,3) 2-(6,9) 3-(14,8) 4-(2,16)
Target Locations:  0-(1,4) 1-(11,3) 2-(14,3) 3-(9,15) 4-(11,7)
Task Assignment: 0-0 2-1 1-2 4-3 3-4
Robot 1 finished At time 306
Time 308
Robots Locations 0-(2,4) 1-(14,3) 2-(9,6) 3-(12,8) 4-(6,15)
Target Locations:  0-(1,4) 1-(11,3) 2-(9,15) 3-(11,7) 4-(5,5)
Task Assignment: 0-0 2-1 4-2 3-3 1-4
Robot 0 finished At time 312
Robot 3 finished At time 312
Robot 4 finished At time 315
Robot 2 finished At time 316
Robot 1 finished At time 326
/mmdr
Time 2
Robots Locations 0-(3,3) 1-(6,6) 2-(9,9) 3-(12,12) 4-(15,15)
Target Locations:  0-(5,6) 1-(3,10) 2-(5,2) 3-(13,2) 4-(9,5)
Task Assignment: 0-2 1-0 2-3 3-1 4-4
Robot 0 finished At time 7
Time 10
Robots Locations 0-(5,2) 1-(5,6) 2-(10,8) 3-(10,12) 4-(14,13)
Target Locations:  0-(5,6) 1-(3,10) 2-(13,2) 3-(9,5) 4-(5,2)
Task Assignment: 0-4 1-0 2-2 3-1 4-3
Robot 0 finished At time 10
Time 12
Robots Locations 0-(5,2) 1-(5,6) 2-(10,8) 3-(10,12) 4-(14,13)
Target Locations:  0-(5,6) 1-(3,10) 2-(13,2) 3-(9,5) 4-(5,7)
Task Assignment: 0-0 1-4 2-2 3-1 4-3
Robot 1 finished At time 17
Time 20
Robots Locations 0-(5,4) 1-(5,7) 2-(11,5) 3-(7,11) 4-(13,10)
Target Locations:  0-(5,6) 1-(3,10) 2-(13,2) 3-(9,5) 4-(15,10)
Task Assignment: 0-3 1-0 2-2 3-1 4-4
Robot 1 finished At time 26
Time 29
Robots Locations 0-(8,5) 1-(5,6) 2-(13,3) 3-(5,10) 4-(15,10)
Target Locations:  0-(3,10) 1-(13,2) 2-(9,5) 3-(15,10) 4-(3,13)
Task Assignment: 0-2 1-0 2-1 3-4 4-3
Robot 4 finished At time 31
Time 33
Robots Locations 0-(9,5) 1-(4,7) 2-(13,2) 3-(4,11) 4-(15,10)
Target Locations:  0-(3,10) 1-(13,2) 2-(9,5) 3-(3,13) 4-(13,6)
Task Assignment: 0-2 1-0 2-1 3-3 4-4
Robot 2 finished At time 35
Time 37
Robots Locations 0-(9,5) 1-(4,8) 2-(13,2) 3-(3,12) 4-(15,9)
Target Locations:  0-(3,10) 1-(9,5) 2-(3,13) 3-(13,6) 4-(2,9)
Task Assignment: 0-0 1-4 2-1 3-2 4-3
Robot 3 finished At time 41
Time 54
Robots Locations 0-(9,6) 1-(2,9) 2-(12,2) 3-(3,13) 4-(14,8)
Target Locations:  0-(3,10) 1-(9,5) 2-(13,6) 3-(2,9) 4-(10,6)
Task Assignment: 0-1 1-3 2-4 3-0 4-2
Robot 1 finished At time 57
Time 59
Robots Locations 0-(8,6) 1-(2,9) 2-(11,3) 3-(2,13) 4-(14,7)
Target Locations:  0-(3,10) 1-(9,5) 2-(13,6) 3-(10,6) 4-(15,7)
Task Assignment: 0-1 1-3 2-2 3-0 4-4
Robot 0 finished At time 64
Time 66
Robots Locations 0-(9,5) 1-(3,9) 2-(12,5) 3-(3,11) 4-(15,7)
Target Locations:  0-(3,10) 1-(13,6) 2-(10,6) 3-(15,7) 4-(14,13)
Task Assignment: 0-1 1-2 2-3 3-0 4-4
Robot 3 finished At time 69
Time 72
Robots Locations 0-(11,5) 1-(5,9) 2-(14,6) 3-(3,10) 4-(15,9)
Target Locations:  0-(13,6) 1-(10,6) 2-(15,7) 3-(14,13) 4-(11,11)
Task Assignment: 0-0 1-1 2-2 3-4 4-3
Robot 2 finished At time 76
Time 78
Robots Locations 0-(13,6) 1-(7,8) 2-(15,7) 3-(5,10) 4-(14,11)
Target Locations:  0-(13,6) 1-(10,6) 2-(14,13) 3-(11,11) 4-(7,11)
Task Assignment: 0-0 1-1 2-3 3-4 4-2
Robot 0 finished At time 80
Time 83
Robots Locations 0-(13,6) 1-(8,7) 2-(15,8) 3-(6,10) 4-(14,12)
Target Locations:  0-(10,6) 1-(14,13) 2-(11,11) 3-(7,11) 4-(10,2)
Task Assignment: 0-4 1-0 2-2 3-3 4-1
Robot 4 finished At time 86
Time 89
Robots Locations 0-(13,5) 1-(10,6) 2-(13,9) 3-(7,11) 4-(14,13)
Target Locations:  0-(10,6) 1-(11,11) 2-(7,11) 3-(10,2) 4-(13,4)
Task Assignment: 0-4 1-3 2-0 3-2 4-1
Robot 3 finished At time 89
Time 92
Robots Locations 0-(13,5) 1-(10,6) 2-(13,9) 3-(7,11) 4-(14,13)
Target Locations:  0-(10,6) 1-(11,11) 2-(10,2) 3-(13,4) 4-(2,2)
Task Assignment: 0-2 1-4 2-3 3-0 4-1
Robot 0 finished At time 100
Time 102
Robots Locations 0-(10,2) 1-(6,4) 2-(13,5) 3-(9,7) 4-(11,11)
Target Locations:  0-(10,6) 1-(11,11) 2-(13,4) 3-(2,2) 4-(6,8)
Task Assignment: 0-2 1-3 2-0 3-4 4-1
Robot 4 finished At time 103
Time 105
Robots Locations 0-(10,2) 1-(6,4) 2-(13,5) 3-(9,7) 4-(11,11)
Target Locations:  0-(10,6) 1-(13,4) 2-(2,2) 3-(6,8) 4-(1,6)
Task Assignment: 0-1 1-2 2-0 3-4 4-3
Robot 2 finished At time 114
Time 116
Robots Locations 0-(13,4) 1-(2,2) 2-(10,6) 3-(5,6) 4-(7,9)
Target Locations:  0-(13,4) 1-(2,2) 2-(6,8) 3-(1,6) 4-(11,11)
Task Assignment: 0-0 1-1 2-2 3-3 4-4
Robot 1 finished At time 118
Time 120
Robots Locations 0-(13,4) 1-(2,2) 2-(9,6) 3-(5,6) 4-(6,9)
Target Locations:  0-(13,4) 1-(6,8) 2-(1,6) 3-(11,11) 4-(5,10)
Task Assignment: 0-0 1-2 2-3 3-1 4-4
Robot 0 finished At time 121
Time 123
Robots Locations 0-(13,4) 1-(2,2) 2-(9,7) 3-(4,6) 4-(6,9)
Target Locations:  0-(6,8) 1-(1,6) 2-(11,11) 3-(5,10) 4-(6,13)
Task Assignment: 0-2 1-1 2-0 3-3 4-4
Robot 2 finished At time 131
Time 133
Robots Locations 0-(12,8) 1-(1,6) 2-(6,8) 3-(5,10) 4-(6,13)
Target Locations:  0-(1,6) 1-(11,11) 2-(5,10) 3-(6,13) 4-(12,5)
Task Assignment: 0-4 1-0 2-1 3-2 4-3
Robot 3 finished At time 133
Time 136
Robots Locations 0-(12,8) 1-(1,6) 2-(6,8) 3-(5,10) 4-(6,13)
Target Locations:  0-(1,6) 1-(11,11) 2-(6,13) 3-(12,5) 4-(12,5)
Task Assignment: 0-3 1-0 2-4 3-2 4-1
Robot 1 finished At time 136
Time 138
Robots Locations 0-(12,9) 1-(1,6) 2-(6,8) 3-(5,10) 4-(6,13)
Target Locations:  0-(11,11) 1-(6,13) 2-(12,5) 3-(12,5) 4-(10,12)
Task Assignment: 0-2 1-1 2-3 3-4 4-0
Robot 0 finished At time 148
Time 150
Robots Locations 0-(12,5) 1-(4,10) 2-(10,7) 3-(9,12) 4-(11,11)
Target Locations:  0-(11,11) 1-(6,13) 2-(12,5) 3-(10,12) 4-(7,10)
Task Assignment: 0-2 1-1 2-4 3-3 4-0
Robot 0 finished At time 151
Time 153
Robots Locations 0-(12,5) 1-(4,10) 2-(10,6) 3-(9,12) 4-(11,11)
Target Locations:  0-(11,11) 1-(6,13) 2-(10,12) 3-(7,10) 4-(11,12)
Task Assignment: 0-0 1-1 2-3 3-2 4-4
Robot 3 finished At time 156
Time 158
Robots Locations 0-(13,6) 1-(5,12) 2-(10,7) 3-(10,12) 4-(11,12)
Target Locations:  0-(11,11) 1-(6,13) 2-(7,10) 3-(11,12) 4-(7,9)
Task Assignment: 0-0 1-1 2-4 3-2 4-3
Robot 1 finished At time 163
Time 165
Robots Locations 0-(12,8) 1-(6,13) 2-(8,9) 3-(9,12) 4-(11,12)
Target Locations:  0-(11,11) 1-(7,10) 2-(11,12) 3-(7,9) 4-(10,14)
Task Assignment: 0-0 1-1 2-3 3-4 4-2
Robot 4 finished At time 167
Time 170
Robots Locations 0-(12,9) 1-(7,13) 2-(7,9) 3-(8,13) 4-(11,12)
Target Locations:  0-(11,11) 1-(7,10) 2-(7,9) 3-(10,14) 4-(14,7)
Task Assignment: 0-4 1-1 2-2 3-3 4-0
Robot 2 finished At time 171
Time 174
Robots Locations 0-(12,10) 1-(7,12) 2-(7,9) 3-(9,13) 4-(11,11)
Target Locations:  0-(11,11) 1-(7,10) 2-(10,14) 3-(14,7) 4-(9,5)
Task Assignment: 0-3 1-1 2-4 3-2 4-0
Robot 4 finished At time 176
Time 178
Robots Locations 0-(13,9) 1-(7,10) 2-(6,8) 3-(10,14) 4-(11,11)
Target Locations:  0-(7,10) 1-(10,14) 2-(14,7) 3-(9,5) 4-(7,10)
Task Assignment: 0-2 1-0 2-3 3-1 4-4
Robot 3 finished At time 180
Time 183
Robots Locations 0-(13,8) 1-(7,10) 2-(7,7) 3-(10,14) 4-(10,11)
Target Locations:  0-(7,10) 1-(14,7) 2-(9,5) 3-(7,10) 4-(10,8)
Task Assignment: 0-1 1-0 2-2 3-3 4-4
Robot 1 finished At time 184
Time 186
Robots Locations 0-(14,7) 1-(7,10) 2-(7,7) 3-(11,14) 4-(10,10)
Target Locations:  0-(14,7) 1-(9,5) 2-(7,10) 3-(10,8) 4-(6,6)
Task Assignment: 0-0 1-4 2-1 3-2 4-3
Robot 0 finished At time 190
Time 192
Robots Locations 0-(14,7) 1-(7,8) 2-(8,6) 3-(10,13) 4-(10,9)
Target Locations:  0-(9,5) 1-(7,10) 2-(10,8) 3-(6,6) 4-(2,9)
Task Assignment: 0-2 1-4 2-3 3-1 4-0
Robot 2 finished At time 199
Time 202
Robots Locations 0-(11,8) 1-(2,9) 2-(6,6) 3-(7,10) 4-(9,5)
Target Locations:  0-(9,5) 1-(7,10) 2-(10,8) 3-(2,9) 4-(14,1)
Task Assignment: 0-2 1-3 2-0 3-1 4-4
Robot 3 finished At time 203
Time 205
Robots Locations 0-(10,8) 1-(2,9) 2-(6,7) 3-(7,10) 4-(9,4)
Target Locations:  0-(9,5) 1-(10,8) 2-(2,9) 3-(14,1) 4-(14,2)
Task Assignment: 0-4 1-2 2-0 3-1 4-3
Robot 1 finished At time 207
Time 209
Robots Locations 0-(9,8) 1-(2,9) 2-(6,7) 3-(7,9) 4-(10,4)
Target Locations:  0-(9,5) 1-(10,8) 2-(14,1) 3-(14,2) 4-(2,15)
Task Assignment: 0-3 1-4 2-0 3-1 4-2
Robot 2 finished At time 217
Time 219
Robots Locations 0-(12,4) 1-(2,13) 2-(9,5) 3-(10,8) 4-(13,2)
Target Locations:  0-(10,8) 1-(14,1) 2-(14,2) 3-(2,15) 4-(4,9)
Task Assignment: 0-2 1-3 2-4 3-0 4-1
Robot 3 finished At time 220
Time 222
Robots Locations 0-(12,4) 1-(2,13) 2-(9,5) 3-(10,8) 4-(13,2)
Target Locations:  0-(14,1) 1-(14,2) 2-(2,15) 3-(4,9) 4-(14,8)
Task Assignment: 0-1 1-2 2-3 3-4 4-0
Robot 4 finished At time 226
Time 228
Robots Locations 0-(13,3) 1-(2,15) 2-(9,6) 3-(12,8) 4-(14,1)
Target Locations:  0-(14,2) 1-(2,15) 2-(4,9) 3-(14,8) 4-(1,4)
Task Assignment: 0-3 1-1 2-4 3-2 4-0
Robot 1 finished At time 230
Time 232
Robots Locations 0-(14,3) 1-(2,15) 2-(8,6) 3-(12,9) 4-(15,1)
Target Locations:  0-(14,2) 1-(4,9) 2-(14,8) 3-(1,4) 4-(4,11)
Task Assignment: 0-2 1-4 2-3 3-1 4-0
Robot 4 finished At time 235
Time 238
Robots Locations 0-(14,5) 1-(3,14) 2-(6,5) 3-(10,9) 4-(14,2)
Target Locations:  0-(4,9) 1-(14,8) 2-(1,4) 3-(4,11) 4-(11,2)
Task Assignment: 0-1 1-3 2-2 3-0 4-4
Robot 4 finished At time 247
Time 250
Robots Locations 0-(14,8) 1-(4,11) 2-(2,4) 3-(6,9) 4-(11,2)
Target Locations:  0-(4,9) 1-(14,8) 2-(1,4) 3-(4,11) 4-(11,3)
Task Assignment: 0-1 1-3 2-2 3-0 4-4
Robot 0 finished At time 250
Time 252
Robots Locations 0-(14,8) 1-(4,11) 2-(2,4) 3-(6,9) 4-(11,2)
Target Locations:  0-(4,9) 1-(1,4) 2-(4,11) 3-(11,3) 4-(14,3)
Task Assignment: 0-4 1-2 2-1 3-0 4-3
Robot 1 finished At time 253
Time 256
Robots Locations 0-(14,8) 1-(4,11) 2-(2,4) 3-(6,9) 4-(11,2)
Target Locations:  0-(4,9) 1-(1,4) 2-(11,3) 3-(14,3) 4-(9,15)
Task Assignment: 0-3 1-0 2-1 3-4 4-2
Robot 2 finished At time 259
Time 262
Robots Locations 0-(13,7) 1-(4,9) 2-(1,4) 3-(6,10) 4-(11,3)
Target Locations:  0-(4,9) 1-(11,3) 2-(14,3) 3-(9,15) 4-(11,7)
Task Assignment: 0-2 1-3 2-0 3-4 4-1
Robot 4 finished At time 262
Time 273
Robots Locations 0-(13,7) 1-(4,9) 2-(1,4) 3-(6,10) 4-(11,3)
Target Locations:  0-(4,9) 1-(14,3) 2-(9,15) 3-(11,7) 4-(5,5)
Task Assignment: 0-3 1-0 2-4 3-2 4-1
Robot 1 finished At time 276
Robot 0 finished At time 280
Robot 4 finished At time 281
Robot 2 finished At time 285
Robot 3 finished At time 285
/mmd_msd2
Time 2
Robots Locations 0-(3,3) 1-(6,6) 2-(9,9) 3-(12,12) 4-(15,15)
Target Locations:  0-(5,6) 1-(3,10) 2-(5,2) 3-(13,2) 4-(9,5)
Task Assignment: 0-2 1-0 2-1 3-3 4-4
Robot 1 finished At time 8
Time 9
Robots Locations 0-(5,2) 1-(5,6) 2-(7,10) 3-(13,8) 4-(13,13)
Target Locations:  0-(3,10) 1-(5,2) 2-(13,2) 3-(9,5) 4-(5,2)
Task Assignment: 0-1 1-4 2-0 3-2 4-3
Robot 0 finished At time 11
Time 13
Robots Locations 0-(5,2) 1-(4,6) 2-(6,10) 3-(13,7) 4-(13,12)
Target Locations:  0-(3,10) 1-(13,2) 2-(9,5) 3-(5,2) 4-(5,7)
Task Assignment: 0-3 1-4 2-0 3-1 4-2
Robot 0 finished At time 14
Time 16
Robots Locations 0-(5,2) 1-(4,6) 2-(6,10) 3-(13,7) 4-(13,12)
Target Locations:  0-(3,10) 1-(13,2) 2-(9,5) 3-(5,7) 4-(15,10)
Task Assignment: 0-2 1-3 2-0 3-1 4-4
Robot 2 finished At time 22
Time 24
Robots Locations 0-(8,4) 1-(5,7) 2-(3,10) 3-(13,4) 4-(15,10)
Target Locations:  0-(13,2) 1-(9,5) 2-(5,7) 3-(15,10) 4-(3,13)
Task Assignment: 0-1 1-2 2-4 3-0 4-3
Robot 1 finished At time 24
Time 26
Robots Locations 0-(8,4) 1-(5,7) 2-(3,10) 3-(13,3) 4-(15,10)
Target Locations:  0-(13,2) 1-(9,5) 2-(15,10) 3-(3,13) 4-(13,6)
Task Assignment: 0-4 1-1 2-3 3-0 4-2
Robot 4 finished At time 28
Time 30
Robots Locations 0-(9,5) 1-(5,8) 2-(3,11) 3-(13,3) 4-(15,10)
Target Locations:  0-(13,2) 1-(9,5) 2-(3,13) 3-(13,6) 4-(2,9)
Task Assignment: 0-1 1-4 2-2 3-0 4-3
Robot 0 finished At time 33
Time 35
Robots Locations 0-(9,5) 1-(5,8) 2-(3,12) 3-(13,2) 4-(15,9)
Target Locations:  0-(13,2) 1-(3,13) 2-(13,6) 3-(2,9) 4-(10,6)
Task Assignment: 0-4 1-3 2-1 3-0 4-2
Robot 3 finished At time 36
Time 38
Robots Locations 0-(9,5) 1-(5,9) 2-(3,12) 3-(13,2) 4-(15,9)
Target Locations:  0-(3,13) 1-(13,6) 2-(2,9) 3-(10,6) 4-(15,7)
Task Assignment: 0-3 1-2 2-0 3-1 4-4
Robot 2 finished At time 41
Time 43
Robots Locations 0-(10,6) 1-(3,9) 2-(3,13) 3-(14,2) 4-(15,7)
Target Locations:  0-(13,6) 1-(2,9) 2-(10,6) 3-(15,7) 4-(14,13)
Task Assignment: 0-0 1-2 2-1 3-3 4-4
Robot 0 finished At time 50
Time 52
Robots Locations 0-(13,6) 1-(5,7) 2-(2,10) 3-(15,6) 4-(15,10)
Target Locations:  0-(2,9) 1-(10,6) 2-(15,7) 3-(14,13) 4-(11,11)
Task Assignment: 0-4 1-1 2-0 3-2 4-3
Robot 3 finished At time 55
Time 57
Robots Locations 0-(13,7) 1-(7,7) 2-(2,9) 3-(15,7) 4-(14,12)
Target Locations:  0-(2,9) 1-(10,6) 2-(14,13) 3-(11,11) 4-(7,11)
Task Assignment: 0-1 1-4 2-0 3-3 4-2
Robot 2 finished At time 58
Time 60
Robots Locations 0-(12,7) 1-(7,7) 2-(2,9) 3-(15,8) 4-(14,12)
Target Locations:  0-(10,6) 1-(14,13) 2-(11,11) 3-(7,11) 4-(10,2)
Task Assignment: 0-0 1-4 2-3 3-2 4-1
Robot 4 finished At time 63
Time 64
Robots Locations 0-(11,7) 1-(8,7) 2-(3,9) 3-(13,9) 4-(14,13)
Target Locations:  0-(10,6) 1-(11,11) 2-(7,11) 3-(10,2) 4-(13,4)
Task Assignment: 0-4 1-3 2-2 3-0 4-1
Robot 0 finished At time 72
Time 74
Robots Locations 0-(13,4) 1-(10,2) 2-(7,11) 3-(10,6) 4-(11,11)
Target Locations:  0-(10,6) 1-(11,11) 2-(7,11) 3-(10,2) 4-(2,2)
Task Assignment: 0-0 1-3 2-2 3-4 4-1
Robot 4 finished At time 75
Time 77
Robots Locations 0-(13,4) 1-(10,2) 2-(7,11) 3-(10,6) 4-(11,11)
Target Locations:  0-(10,6) 1-(7,11) 2-(10,2) 3-(2,2) 4-(6,8)
Task Assignment: 0-0 1-2 2-1 3-3 4-4
Robot 2 finished At time 78
Time 80
Robots Locations 0-(13,3) 1-(10,2) 2-(7,11) 3-(9,6) 4-(11,11)
Target Locations:  0-(10,6) 1-(10,2) 2-(2,2) 3-(6,8) 4-(1,6)
Task Assignment: 0-1 1-2 2-4 3-0 4-3
Robot 3 finished At time 86
Time 88
Robots Locations 0-(10,2) 1-(7,2) 2-(6,9) 3-(10,6) 4-(8,9)
Target Locations:  0-(10,2) 1-(2,2) 2-(6,8) 3-(1,6) 4-(11,11)
Task Assignment: 0-0 1-1 2-3 3-2 4-4
Robot 0 finished At time 89
Time 91
Robots Locations 0-(10,2) 1-(6,2) 2-(5,9) 3-(9,7) 4-(7,8)
Target Locations:  0-(2,2) 1-(6,8) 2-(1,6) 3-(11,11) 4-(5,10)
Task Assignment: 0-1 1-0 2-2 3-3 4-4
Robot 1 finished At time 100
Time 102
Robots Locations 0-(7,6) 1-(2,2) 2-(1,6) 3-(11,11) 4-(5,10)
Target Locations:  0-(6,8) 1-(1,6) 2-(11,11) 3-(5,10) 4-(6,13)
Task Assignment: 0-0 1-1 2-3 3-2 4-4
Robot 3 finished At time 104
Time 106
Robots Locations 0-(7,7) 1-(2,3) 2-(0,7) 3-(11,11) 4-(5,11)
Target Locations:  0-(6,8) 1-(1,6) 2-(5,10) 3-(6,13) 4-(12,5)
Task Assignment: 0-4 1-1 2-2 3-0 4-3
Robot 4 finished At time 111
Time 113
Robots Locations 0-(9,7) 1-(1,6) 2-(3,8) 3-(9,10) 4-(6,13)
Target Locations:  0-(6,8) 1-(1,6) 2-(5,10) 3-(12,5) 4-(12,5)
Task Assignment: 0-3 1-1 2-0 3-4 4-2
Robot 1 finished At time 115
Time 117
Robots Locations 0-(10,6) 1-(1,6) 2-(4,8) 3-(9,9) 4-(7,13)
Target Locations:  0-(6,8) 1-(5,10) 2-(12,5) 3-(12,5) 4-(10,12)
Task Assignment: 0-2 1-0 2-1 3-3 4-4
Robot 2 finished At time 123
Time 125
Robots Locations 0-(12,5) 1-(4,7) 2-(5,10) 3-(11,7) 4-(10,12)
Target Locations:  0-(6,8) 1-(12,5) 2-(12,5) 3-(10,12) 4-(7,10)
Task Assignment: 0-1 1-0 2-4 3-2 4-3
Robot 0 finished At time 125
Time 127
Robots Locations 0-(12,5) 1-(4,7) 2-(5,10) 3-(11,7) 4-(10,12)
Target Locations:  0-(6,8) 1-(12,5) 2-(10,12) 3-(7,10) 4-(11,12)
Task Assignment: 0-1 1-0 2-3 3-4 4-2
Robot 0 finished At time 128
Time 130
Robots Locations 0-(12,5) 1-(4,7) 2-(5,10) 3-(11,6) 4-(10,12)
Target Locations:  0-(6,8) 1-(10,12) 2-(7,10) 3-(11,12) 4-(7,9)
Task Assignment: 0-4 1-0 2-2 3-3 4-1
Robot 4 finished At time 131
Time 133
Robots Locations 0-(13,5) 1-(5,8) 2-(6,10) 3-(12,7) 4-(10,12)
Target Locations:  0-(6,8) 1-(7,10) 2-(11,12) 3-(7,9) 4-(10,14)
Task Assignment: 0-2 1-0 2-1 3-3 4-4
Robot 2 finished At time 137
Time 139
Robots Locations 0-(12,7) 1-(6,8) 2-(7,10) 3-(11,8) 4-(10,13)
Target Locations:  0-(6,8) 1-(11,12) 2-(7,9) 3-(10,14) 4-(14,7)
Task Assignment: 0-4 1-0 2-2 3-1 4-3
Robot 1 finished At time 139
Time 141
Robots Locations 0-(12,7) 1-(6,8) 2-(7,10) 3-(10,8) 4-(10,13)
Target Locations:  0-(11,12) 1-(7,9) 2-(10,14) 3-(14,7) 4-(9,5)
Task Assignment: 0-3 1-1 2-0 3-4 4-2
Robot 4 finished At time 144
Time 146
Robots Locations 0-(14,7) 1-(7,9) 2-(8,10) 3-(10,7) 4-(10,14)
Target Locations:  0-(11,12) 1-(7,9) 2-(14,7) 3-(9,5) 4-(7,10)
Task Assignment: 0-2 1-1 2-4 3-3 4-0
Robot 1 finished At time 147
Time 149
Robots Locations 0-(14,7) 1-(7,9) 2-(9,11) 3-(9,6) 4-(10,15)
Target Locations:  0-(11,12) 1-(14,7) 2-(9,5) 3-(7,10) 4-(10,8)
Task Assignment: 0-1 1-3 2-4 3-2 4-0
Robot 0 finished At time 151
Time 152
Robots Locations 0-(14,7) 1-(7,10) 2-(8,11) 3-(9,6) 4-(11,14)
Target Locations:  0-(11,12) 1-(9,5) 2-(7,10) 3-(10,8) 4-(6,6)
Task Assignment: 0-3 1-4 2-2 3-1 4-0
Robot 3 finished At time 155
Time 157
Robots Locations 0-(14,6) 1-(6,10) 2-(7,10) 3-(9,5) 4-(11,12)
Target Locations:  0-(11,12) 1-(7,10) 2-(10,8) 3-(6,6) 4-(2,9)
Task Assignment: 0-2 1-4 2-1 3-3 4-0
Robot 2 finished At time 159
Time 161
Robots Locations 0-(12,7) 1-(5,9) 2-(7,10) 3-(8,5) 4-(11,12)
Target Locations:  0-(11,12) 1-(10,8) 2-(6,6) 3-(2,9) 4-(14,1)
Task Assignment: 0-4 1-3 2-1 3-2 4-0
Robot 4 finished At time 162
Time 164
Robots Locations 0-(12,7) 1-(5,9) 2-(7,10) 3-(8,5) 4-(11,12)
Target Locations:  0-(10,8) 1-(6,6) 2-(2,9) 3-(14,1) 4-(14,2)
Task Assignment: 0-3 1-2 2-1 3-4 4-0
Robot 1 finished At time 171
Time 172
Robots Locations 0-(13,4) 1-(2,9) 2-(6,6) 3-(10,5) 4-(10,8)
Target Locations:  0-(10,8) 1-(6,6) 2-(14,1) 3-(14,2) 4-(2,15)
Task Assignment: 0-3 1-4 2-1 3-2 4-0
Robot 4 finished At time 175
Time 177
Robots Locations 0-(14,3) 1-(2,10) 2-(6,6) 3-(11,4) 4-(10,8)
Target Locations:  0-(6,6) 1-(14,1) 2-(14,2) 3-(2,15) 4-(4,9)
Task Assignment: 0-1 1-3 2-4 3-2 4-0
Robot 0 finished At time 181
Time 183
Robots Locations 0-(14,1) 1-(2,13) 2-(5,7) 3-(14,2) 4-(8,7)
Target Locations:  0-(6,6) 1-(14,2) 2-(2,15) 3-(4,9) 4-(14,8)
Task Assignment: 0-1 1-2 2-3 3-4 4-0
Robot 2 finished At time 188
Time 189
Robots Locations 0-(14,2) 1-(2,15) 2-(4,9) 3-(14,4) 4-(6,6)
Target Locations:  0-(6,6) 1-(14,2) 2-(2,15) 3-(14,8) 4-(1,4)
Task Assignment: 0-1 1-2 2-4 3-3 4-0
Robot 4 finished At time 190
Time 192
Robots Locations 0-(14,2) 1-(2,15) 2-(4,9) 3-(14,5) 4-(6,6)
Target Locations:  0-(14,2) 1-(2,15) 2-(14,8) 3-(1,4) 4-(4,11)
Task Assignment: 0-0 1-1 2-4 3-2 4-3
Robot 1 finished At time 192
Time 194
Robots Locations 0-(14,2) 1-(2,15) 2-(4,9) 3-(14,5) 4-(6,6)
Target Locations:  0-(14,2) 1-(14,8) 2-(1,4) 3-(4,11) 4-(11,2)
Task Assignment: 0-0 1-3 2-2 3-1 4-4
Robot 0 finished At time 195
Time 197
Robots Locations 0-(14,2) 1-(2,15) 2-(4,10) 3-(14,5) 4-(6,6)
Target Locations:  0-(14,8) 1-(1,4) 2-(4,11) 3-(11,2) 4-(11,3)
Task Assignment: 0-3 1-2 2-1 3-0 4-4
Robot 0 finished At time 204
Time 206
Robots Locations 0-(11,2) 1-(4,12) 2-(2,6) 3-(14,8) 4-(9,4)
Target Locations:  0-(14,8) 1-(1,4) 2-(4,11) 3-(11,3) 4-(14,3)
Task Assignment: 0-4 1-2 2-1 3-0 4-3
Robot 3 finished At time 206
Time 208
Robots Locations 0-(11,2) 1-(4,12) 2-(2,6) 3-(14,8) 4-(9,4)
Target Locations:  0-(1,4) 1-(4,11) 2-(11,3) 3-(14,3) 4-(9,15)
Task Assignment: 0-3 1-1 2-0 3-4 4-2
Robot 1 finished At time 212
Time 214
Robots Locations 0-(11,3) 1-(4,11) 2-(1,5) 3-(13,9) 4-(10,3)
Target Locations:  0-(1,4) 1-(11,3) 2-(14,3) 3-(9,15) 4-(11,7)
Task Assignment: 0-2 1-3 2-0 3-4 4-1
Robot 2 finished At time 217
Time 219
Robots Locations 0-(11,2) 1-(5,11) 2-(1,4) 3-(12,9) 4-(11,3)
Target Locations:  0-(11,3) 1-(14,3) 2-(9,15) 3-(11,7) 4-(5,5)
Task Assignment: 0-1 1-2 2-4 3-3 4-0
Robot 4 finished At time 221
Robot 3 finished At time 224
Robot 0 finished At time 225
Robot 2 finished At time 228
Robot 1 finished At time 229
