Goals: (2,9) (13,7) (5,7) (4,12) (12,14) (4,6) (10,1) (10,13) (12,1) (2,14) (10,8) (1,2) (3,7) (1,12) (2,12) (12,12) (11,10) (2,10) (6,15) (14,5) (2,3) (3,9) (14,4) (11,5) (10,10) (9,5) (6,5) (3,9) (5,1) (12,4) (7,13) (8,9) (3,2) (2,1) (12,8) (2,7) (15,6) (9,12) (1,5) (6,4) (8,2) (6,14) (14,6) (6,9) (4,3) (8,2) (10,2) (4,15) (7,4) (4,12)
/BLE
Time 2
Robots Locations 0-(3,3) 1-(6,6) 2-(9,9) 3-(12,13) 4-(15,15)
Target Locations:  0-(4,12) 1-(7,4) 2-(4,15) 3-(10,2) 4-(8,2)
Task Assignment: 1-1 0-4 2-0 3-2 4-3
Robot 1 finished At time 8
Time 10
Robots Locations 0-(5,2) 1-(7,4) 2-(7,11) 3-(10,14) 4-(14,14)
Target Locations:  0-(4,12) 1-(4,15) 2-(10,2) 3-(8,2) 4-(4,3)
Task Assignment: 0-4 1-3 2-0 3-1 4-2
Robot 1 finished At time 15
Time 17
Robots Locations 0-(4,3) 1-(8,2) 2-(4,12) 3-(7,14) 4-(13,11)
Target Locations:  0-(4,12) 1-(4,15) 2-(10,2) 3-(4,3) 4-(6,9)
Task Assignment: 0-3 2-0 1-2 3-1 4-4
Robot 0 finished At time 18
Time 20
Robots Locations 0-(4,3) 1-(8,2) 2-(4,12) 3-(6,14) 4-(13,11)
Target Locations:  0-(4,12) 1-(4,15) 2-(10,2) 3-(6,9) 4-(14,6)
Task Assignment: 2-0 1-2 3-1 4-4 0-3
Robot 2 finished At time 22
Time 24
Robots Locations 0-(4,4) 1-(9,2) 2-(4,12) 3-(5,15) 4-(13,9)
Target Locations:  0-(4,15) 1-(10,2) 2-(6,9) 3-(14,6) 4-(6,14)
Task Assignment: 1-1 3-0 2-4 4-3 0-2
Robot 1 finished At time 27
Time 29
Robots Locations 0-(4,6) 1-(10,2) 2-(5,13) 3-(4,15) 4-(13,8)
Target Locations:  0-(4,15) 1-(6,9) 2-(14,6) 3-(6,14) 4-(8,2)
Task Assignment: 3-0 2-3 1-4 4-2 0-1
Robot 3 finished At time 30
Time 32
Robots Locations 0-(5,6) 1-(10,2) 2-(5,13) 3-(4,15) 4-(14,7)
Target Locations:  0-(6,9) 1-(14,6) 2-(6,14) 3-(8,2) 4-(6,4)
Task Assignment: 4-1 2-2 1-3 0-4 3-0
Robot 2 finished At time 36
Time 38
Robots Locations 0-(6,5) 1-(9,2) 2-(6,14) 3-(4,13) 4-(14,6)
Target Locations:  0-(6,9) 1-(14,6) 2-(8,2) 3-(6,4) 4-(1,5)
Task Assignment: 4-1 0-3 1-2 3-0 2-4
Robot 4 finished At time 38
Time 40
Robots Locations 0-(6,5) 1-(8,2) 2-(6,14) 3-(4,13) 4-(14,6)
Target Locations:  0-(6,9) 1-(8,2) 2-(6,4) 3-(1,5) 4-(9,12)
Task Assignment: 1-1 0-2 2-4 3-0 4-3
Robot 1 finished At time 43
Time 44
Robots Locations 0-(6,4) 1-(8,2) 2-(7,13) 3-(5,12) 4-(13,5)
Target Locations:  0-(6,9) 1-(6,4) 2-(1,5) 3-(9,12) 4-(15,6)
Task Assignment: 0-1 4-4 2-3 3-0 1-2
Robot 0 finished At time 45
Time 47
Robots Locations 0-(6,4) 1-(8,2) 2-(8,13) 3-(5,12) 4-(13,6)
Target Locations:  0-(6,9) 1-(1,5) 2-(9,12) 3-(15,6) 4-(2,7)
Task Assignment: 2-2 4-3 3-0 0-4 1-1
Robot 2 finished At time 52
Time 54
Robots Locations 0-(4,5) 1-(5,3) 2-(9,12) 3-(6,9) 4-(15,6)
Target Locations:  0-(6,9) 1-(1,5) 2-(15,6) 3-(2,7) 4-(12,8)
Task Assignment: 3-0 4-2 0-3 1-1 2-4
Robot 3 finished At time 56
Time 58
Robots Locations 0-(3,6) 1-(4,4) 2-(10,11) 3-(6,9) 4-(15,6)
Target Locations:  0-(1,5) 1-(15,6) 2-(2,7) 3-(12,8) 4-(2,1)
Task Assignment: 4-1 0-2 1-0 2-3 3-4
Robot 4 finished At time 59
Time 61
Robots Locations 0-(3,6) 1-(4,4) 2-(10,11) 3-(6,9) 4-(15,6)
Target Locations:  0-(1,5) 1-(2,7) 2-(12,8) 3-(2,1) 4-(3,2)
Task Assignment: 0-1 1-4 4-2 3-0 2-3
Robot 0 finished At time 65
Time 67
Robots Locations 0-(2,7) 1-(3,2) 2-(9,9) 3-(4,7) 4-(14,7)
Target Locations:  0-(1,5) 1-(12,8) 2-(2,1) 3-(3,2) 4-(8,9)
Task Assignment: 1-3 2-4 4-1 0-0 3-2
Robot 1 finished At time 69
Time 70
Robots Locations 0-(1,7) 1-(3,2) 2-(8,9) 3-(4,6) 4-(13,8)
Target Locations:  0-(1,5) 1-(12,8) 2-(2,1) 3-(8,9) 4-(7,13)
Task Assignment: 2-3 4-1 1-2 0-0 3-4
Robot 2 finished At time 72
Time 74
Robots Locations 0-(1,6) 1-(2,1) 2-(8,9) 3-(4,6) 4-(12,8)
Target Locations:  0-(1,5) 1-(12,8) 2-(2,1) 3-(7,13) 4-(12,4)
Task Assignment: 4-1 1-2 0-0 2-3 3-4
Robot 1 finished At time 76
Time 78
Robots Locations 0-(1,5) 1-(2,1) 2-(8,10) 3-(6,6) 4-(12,8)
Target Locations:  0-(1,5) 1-(12,8) 2-(7,13) 3-(12,4) 4-(5,1)
Task Assignment: 4-1 0-0 1-4 2-2 3-3
Robot 4 finished At time 78
Time 80
Robots Locations 0-(1,5) 1-(2,1) 2-(8,10) 3-(6,6) 4-(12,8)
Target Locations:  0-(1,5) 1-(7,13) 2-(12,4) 3-(5,1) 4-(3,9)
Task Assignment: 0-0 1-3 2-1 4-2 3-4
Robot 0 finished At time 81
Time 83
Robots Locations 0-(1,5) 1-(2,1) 2-(7,11) 3-(6,6) 4-(12,8)
Target Locations:  0-(7,13) 1-(12,4) 2-(5,1) 3-(3,9) 4-(6,5)
Task Assignment: 3-4 2-0 1-2 4-1 0-3
Robot 3 finished At time 89
Time 91
Robots Locations 0-(2,7) 1-(5,1) 2-(7,13) 3-(6,5) 4-(12,5)
Target Locations:  0-(7,13) 1-(12,4) 2-(5,1) 3-(3,9) 4-(9,5)
Task Assignment: 1-2 2-0 4-1 0-3 3-4
Robot 2 finished At time 92
Time 93
Robots Locations 0-(2,7) 1-(5,1) 2-(7,13) 3-(6,5) 4-(12,5)
Target Locations:  0-(12,4) 1-(5,1) 2-(3,9) 3-(9,5) 4-(10,10)
Task Assignment: 1-1 4-0 0-2 3-3 2-4
Robot 1 finished At time 95
Time 97
Robots Locations 0-(3,8) 1-(5,1) 2-(7,14) 3-(6,6) 4-(12,4)
Target Locations:  0-(12,4) 1-(3,9) 2-(9,5) 3-(10,10) 4-(11,5)
Task Assignment: 4-0 0-1 3-2 2-3 1-4
Robot 4 finished At time 99
Time 101
Robots Locations 0-(3,8) 1-(6,1) 2-(8,13) 3-(7,6) 4-(12,4)
Target Locations:  0-(3,9) 1-(9,5) 2-(10,10) 3-(11,5) 4-(14,4)
Task Assignment: 0-0 4-3 3-1 2-2 1-4
Robot 0 finished At time 104
Time 106
Robots Locations 0-(3,9) 1-(7,2) 2-(9,12) 3-(8,5) 4-(11,4)
Target Locations:  0-(9,5) 1-(10,10) 2-(11,5) 3-(14,4) 4-(3,9)
Task Assignment: 0-4 4-2 3-0 2-1 1-3
Robot 0 finished At time 107
Time 109
Robots Locations 0-(3,9) 1-(7,2) 2-(9,12) 3-(8,5) 4-(11,4)
Target Locations:  0-(9,5) 1-(10,10) 2-(11,5) 3-(14,4) 4-(2,3)
Task Assignment: 4-2 3-0 2-1 1-4 0-3
Robot 3 finished At time 113
Time 115
Robots Locations 0-(5,9) 1-(7,3) 2-(10,10) 3-(9,5) 4-(11,5)
Target Locations:  0-(10,10) 1-(11,5) 2-(14,4) 3-(2,3) 4-(14,5)
Task Assignment: 4-1 2-0 3-4 1-3 0-2
Robot 4 finished At time 115
Time 118
Robots Locations 0-(5,9) 1-(6,3) 2-(10,10) 3-(9,5) 4-(11,5)
Target Locations:  0-(10,10) 1-(14,4) 2-(2,3) 3-(14,5) 4-(6,15)
Task Assignment: 2-0 4-3 1-2 3-1 0-4
Robot 2 finished At time 119
Time 121
Robots Locations 0-(5,9) 1-(5,3) 2-(10,10) 3-(10,5) 4-(12,6)
Target Locations:  0-(14,4) 1-(2,3) 2-(14,5) 3-(6,15) 4-(2,10)
Task Assignment: 4-2 1-1 0-4 3-0 2-3
Robot 4 finished At time 129
Time 143
Robots Locations 0-(-1,-1) 1-(2,3) 2-(8,11) 3-(14,4) 4-(14,5)
Target Locations:  0-(14,4) 1-(2,3) 2-(6,15) 3-(2,10) 4-(11,10)
Task Assignment: 3-0 1-1 2-4 0-3 4-2
Robot 1 finished At time 144
Time 146
Robots Locations 0-(2,10) 1-(2,3) 2-(8,12) 3-(14,4) 4-(15,5)
Target Locations:  0-(14,4) 1-(6,15) 2-(2,10) 3-(11,10) 4-(12,12)
Task Assignment: 0-2 3-0 2-3 4-4 1-1
Robot 0 finished At time 147
Time 149
Robots Locations 0-(2,10) 1-(2,3) 2-(9,12) 3-(14,4) 4-(14,6)
Target Locations:  0-(14,4) 1-(6,15) 2-(11,10) 3-(12,12) 4-(2,12)
Task Assignment: 3-0 0-4 2-2 4-3 1-1
Robot 3 finished At time 149
Time 151
Robots Locations 0-(2,10) 1-(2,3) 2-(9,12) 3-(14,4) 4-(14,6)
Target Locations:  0-(6,15) 1-(11,10) 2-(12,12) 3-(2,12) 4-(1,12)
Task Assignment: 0-3 2-1 4-2 1-4 3-0
Robot 0 finished At time 157
Time 159
Robots Locations 0-(2,12) 1-(1,7) 2-(11,10) 3-(13,6) 4-(13,9)
Target Locations:  0-(6,15) 1-(11,10) 2-(12,12) 3-(1,12) 4-(3,7)
Task Assignment: 2-1 0-3 1-4 4-2 3-0
Robot 2 finished At time 160
Time 162
Robots Locations 0-(2,13) 1-(2,7) 2-(11,10) 3-(13,7) 4-(13,9)
Target Locations:  0-(6,15) 1-(12,12) 2-(1,12) 3-(3,7) 4-(1,2)
Task Assignment: 1-3 0-2 2-1 4-0 3-4
Robot 0 finished At time 167
Time 169
Robots Locations 0-(1,12) 1-(3,7) 2-(12,11) 3-(11,6) 4-(12,9)
Target Locations:  0-(6,15) 1-(12,12) 2-(3,7) 3-(1,2) 4-(10,8)
Task Assignment: 1-2 2-1 3-4 0-0 4-3
Robot 1 finished At time 169
Time 171
Robots Locations 0-(1,12) 1-(3,7) 2-(12,11) 3-(11,6) 4-(12,9)
Target Locations:  0-(6,15) 1-(12,12) 2-(1,2) 3-(10,8) 4-(2,14)
Task Assignment: 2-1 3-3 0-4 1-2 4-0
Robot 2 finished At time 174
Time 175
Robots Locations 0-(2,12) 1-(3,6) 2-(12,12) 3-(10,7) 4-(11,10)
Target Locations:  0-(6,15) 1-(1,2) 2-(10,8) 3-(2,14) 4-(12,1)
Task Assignment: 3-2 0-3 1-1 2-0 4-4
Robot 3 finished At time 178
Time 180
Robots Locations 0-(2,14) 1-(2,4) 2-(11,13) 3-(10,8) 4-(10,10)
Target Locations:  0-(6,15) 1-(1,2) 2-(2,14) 3-(12,1) 4-(10,13)
Task Assignment: 0-2 2-4 1-1 4-0 3-3
Robot 0 finished At time 183
Time 185
Robots Locations 0-(2,14) 1-(1,3) 2-(10,13) 3-(10,8) 4-(11,9)
Target Locations:  0-(6,15) 1-(1,2) 2-(12,1) 3-(10,13) 4-(10,1)
Task Assignment: 2-3 1-1 0-0 3-4 4-2
Robot 2 finished At time 186
Time 188
Robots Locations 0-(2,14) 1-(1,2) 2-(10,13) 3-(9,8) 4-(11,9)
Target Locations:  0-(6,15) 1-(1,2) 2-(12,1) 3-(10,1) 4-(4,6)
Task Assignment: 1-1 0-0 3-4 4-3 2-2
Robot 1 finished At time 191
Time 193
Robots Locations 0-(4,15) 1-(1,2) 2-(10,12) 3-(8,7) 4-(11,8)
Target Locations:  0-(6,15) 1-(12,1) 2-(10,1) 3-(4,6) 4-(12,14)
Task Assignment: 0-0 2-4 3-3 4-2 1-1
Robot 0 finished At time 198
Time 199
Robots Locations 0-(6,15) 1-(3,1) 2-(11,13) 3-(5,6) 4-(11,5)
Target Locations:  0-(12,1) 1-(10,1) 2-(4,6) 3-(12,14) 4-(4,12)
Task Assignment: 3-2 2-3 0-4 4-0 1-1
Robot 2 finished At time 203
Time 205
Robots Locations 0-(6,14) 1-(6,1) 2-(12,14) 3-(4,6) 4-(11,3)
Target Locations:  0-(12,1) 1-(10,1) 2-(4,6) 3-(4,12) 4-(5,7)
Task Assignment: 3-2 4-0 0-3 1-1 2-4
Robot 3 finished At time 206
Time 207
Robots Locations 0-(6,13) 1-(6,1) 2-(12,14) 3-(4,6) 4-(11,3)
Target Locations:  0-(12,1) 1-(10,1) 2-(4,12) 3-(5,7) 4-(13,7)
Task Assignment: 3-3 4-0 0-2 1-1 2-4
Robot 4 finished At time 213
Time 214
Robots Locations 0-(4,12) 1-(9,1) 2-(13,13) 3-(5,7) 4-(12,1)
Target Locations:  0-(10,1) 1-(4,12) 2-(5,7) 3-(13,7) 4-(2,9)
Task Assignment: 0-1 3-2 1-0 2-3 4-4
Robot 0 finished At time 215
Robot 3 finished At time 216
Robot 2 finished At time 226
Robot 1 finished At time 228
Robot 4 finished At time 242
/MURDOCH
Time 2
Robots Locations 0-(3,3) 1-(5,6) 2-(9,9) 3-(12,12) 4-(15,15)
Target Locations:  0-(4,12) 1-(7,4) 2-(4,15) 3-(10,2) 4-(8,2)
Task Assignment: 2-0 4-1 3-2 1-3 0-4
Robot 2 finished At time 23
Time 25
Robots Locations 0-(8,2) 1-(9,3) 2-(4,12) 3-(7,14) 4-(12,10)
Target Locations:  0-(7,4) 1-(4,15) 2-(10,2) 3-(8,2) 4-(4,3)
Task Assignment: 4-0 3-1 1-2 0-3 2-4
Robot 0 finished At time 25
Time 27
Robots Locations 0-(8,2) 1-(9,3) 2-(4,12) 3-(7,14) 4-(12,10)
Target Locations:  0-(7,4) 1-(4,15) 2-(10,2) 3-(4,3) 4-(6,9)
Task Assignment: 4-0 3-1 1-2 2-3 0-4
Robot 1 finished At time 31
Time 33
Robots Locations 0-(8,4) 1-(10,2) 2-(3,10) 3-(4,15) 4-(11,9)
Target Locations:  0-(7,4) 1-(4,15) 2-(4,3) 3-(6,9) 4-(14,6)
Task Assignment: 4-0 3-1 2-2 0-3 1-4
Robot 3 finished At time 36
Time 38
Robots Locations 0-(7,5) 1-(11,3) 2-(4,9) 3-(4,15) 4-(10,7)
Target Locations:  0-(7,4) 1-(4,3) 2-(6,9) 3-(14,6) 4-(6,14)
Task Assignment: 4-0 2-1 0-2 1-3 3-4
Robot 3 finished At time 46
Time 48
Robots Locations 0-(6,9) 1-(14,6) 2-(4,4) 3-(6,14) 4-(7,4)
Target Locations:  0-(7,4) 1-(4,3) 2-(6,9) 3-(14,6) 4-(8,2)
Task Assignment: 4-0 2-1 0-2 1-3 3-4
Robot 4 finished At time 50
Time 51
Robots Locations 0-(6,9) 1-(14,6) 2-(4,3) 3-(6,14) 4-(7,4)
Target Locations:  0-(4,3) 1-(6,9) 2-(14,6) 3-(8,2) 4-(6,4)
Task Assignment: 2-0 0-1 1-2 3-3 4-4
Robot 1 finished At time 52
Time 54
Robots Locations 0-(6,9) 1-(14,6) 2-(4,3) 3-(6,14) 4-(7,4)
Target Locations:  0-(4,3) 1-(6,9) 2-(8,2) 3-(6,4) 4-(1,5)
Task Assignment: 2-0 0-1 3-2 4-3 1-4
Robot 0 finished At time 54
Time 56
Robots Locations 0-(6,9) 1-(14,6) 2-(4,3) 3-(6,14) 4-(7,4)
Target Locations:  0-(4,3) 1-(8,2) 2-(6,4) 3-(1,5) 4-(9,12)
Task Assignment: 2-0 3-1 4-2 1-3 0-4
Robot 2 finished At time 58
Time 60
Robots Locations 0-(7,10) 1-(13,7) 2-(4,3) 3-(7,12) 4-(6,4)
Target Locations:  0-(8,2) 1-(6,4) 2-(1,5) 3-(9,12) 4-(15,6)
Task Assignment: 3-0 4-1 1-2 0-3 2-4
Robot 4 finished At time 61
Time 63
Robots Locations 0-(7,10) 1-(13,7) 2-(4,3) 3-(7,12) 4-(6,4)
Target Locations:  0-(8,2) 1-(1,5) 2-(9,12) 3-(15,6) 4-(2,7)
Task Assignment: 3-0 1-1 0-2 2-3 4-4
Robot 0 finished At time 70
Time 72
Robots Locations 0-(9,12) 1-(9,6) 2-(8,4) 3-(7,9) 4-(3,6)
Target Locations:  0-(8,2) 1-(1,5) 2-(15,6) 3-(2,7) 4-(12,8)
Task Assignment: 3-0 1-1 2-2 4-3 0-4
Robot 4 finished At time 78
Time 80
Robots Locations 0-(11,10) 1-(6,6) 2-(10,4) 3-(8,7) 4-(2,7)
Target Locations:  0-(8,2) 1-(1,5) 2-(15,6) 3-(12,8) 4-(2,1)
Task Assignment: 3-0 1-1 2-2 0-3 4-4
Robot 0 finished At time 88
Time 90
Robots Locations 0-(12,8) 1-(3,5) 2-(14,6) 3-(8,3) 4-(2,4)
Target Locations:  0-(8,2) 1-(1,5) 2-(15,6) 3-(2,1) 4-(3,2)
Task Assignment: 3-0 1-1 2-2 4-3 0-4
Robot 3 finished At time 94
Time 96
Robots Locations 0-(11,7) 1-(1,5) 2-(15,6) 3-(8,2) 4-(2,2)
Target Locations:  0-(1,5) 1-(15,6) 2-(2,1) 3-(3,2) 4-(8,9)
Task Assignment: 1-0 2-1 4-2 0-3 3-4
Robot 1 finished At time 97
Time 107
Robots Locations 0-(10,6) 1-(1,5) 2-(15,6) 3-(8,2) 4-(2,1)
Target Locations:  0-(15,6) 1-(2,1) 2-(3,2) 3-(8,9) 4-(7,13)
Task Assignment: 2-0 4-1 0-2 3-3 1-4
Robot 2 finished At time 108
Time 110
Robots Locations 0-(10,6) 1-(1,5) 2-(15,6) 3-(8,2) 4-(2,1)
Target Locations:  0-(2,1) 1-(3,2) 2-(8,9) 3-(7,13) 4-(12,4)
Task Assignment: 4-0 0-1 3-2 1-3 2-4
Robot 4 finished At time 113
Time 115
Robots Locations 0-(9,6) 1-(1,6) 2-(15,5) 3-(9,2) 4-(2,1)
Target Locations:  0-(3,2) 1-(8,9) 2-(7,13) 3-(12,4) 4-(5,1)
Task Assignment: 0-0 3-1 1-2 2-3 4-4
Robot 4 finished At time 122
Time 124
Robots Locations 0-(5,3) 1-(4,9) 2-(12,4) 3-(8,7) 4-(5,1)
Target Locations:  0-(3,2) 1-(8,9) 2-(7,13) 3-(12,4) 4-(3,9)
Task Assignment: 0-0 3-1 1-2 2-3 4-4
Robot 2 finished At time 125
Time 128
Robots Locations 0-(5,3) 1-(4,10) 2-(12,4) 3-(8,7) 4-(5,1)
Target Locations:  0-(3,2) 1-(8,9) 2-(7,13) 3-(3,9) 4-(6,5)
Task Assignment: 0-0 3-1 1-2 4-3 2-4
Robot 3 finished At time 133
Time 135
Robots Locations 0-(3,2) 1-(6,12) 2-(9,4) 3-(8,9) 4-(5,4)
Target Locations:  0-(3,2) 1-(7,13) 2-(3,9) 3-(6,5) 4-(9,5)
Task Assignment: 0-0 1-1 4-2 2-3 3-4
Robot 0 finished At time 135
Time 137
Robots Locations 0-(3,2) 1-(6,12) 2-(9,4) 3-(8,9) 4-(4,4)
Target Locations:  0-(7,13) 1-(3,9) 2-(6,5) 3-(9,5) 4-(10,10)
Task Assignment: 1-0 4-1 2-2 3-3 0-4
Robot 1 finished At time 141
Time 143
Robots Locations 0-(3,3) 1-(7,13) 2-(7,5) 3-(9,8) 4-(4,6)
Target Locations:  0-(3,9) 1-(6,5) 2-(9,5) 3-(10,10) 4-(11,5)
Task Assignment: 4-0 2-1 3-2 0-3 1-4
Robot 2 finished At time 146
Time 147
Robots Locations 0-(4,4) 1-(8,12) 2-(6,5) 3-(9,7) 4-(3,8)
Target Locations:  0-(3,9) 1-(9,5) 2-(10,10) 3-(11,5) 4-(14,4)
Task Assignment: 4-0 3-1 0-2 1-3 2-4
Robot 4 finished At time 151
Time 153
Robots Locations 0-(6,6) 1-(9,10) 2-(7,6) 3-(9,5) 4-(3,9)
Target Locations:  0-(9,5) 1-(10,10) 2-(11,5) 3-(14,4) 4-(3,9)
Task Assignment: 3-0 0-1 1-2 2-3 4-4
Robot 4 finished At time 153
Time 155
Robots Locations 0-(6,6) 1-(9,10) 2-(7,6) 3-(9,5) 4-(3,9)
Target Locations:  0-(9,5) 1-(10,10) 2-(11,5) 3-(14,4) 4-(2,3)
Task Assignment: 3-0 0-1 1-2 2-3 4-4
Robot 3 finished At time 156
Time 158
Robots Locations 0-(6,6) 1-(9,10) 2-(8,6) 3-(9,5) 4-(3,9)
Target Locations:  0-(10,10) 1-(11,5) 2-(14,4) 3-(2,3) 4-(14,5)
Task Assignment: 0-0 1-1 2-2 4-3 3-4
Robot 1 finished At time 168
Time 170
Robots Locations 0-(10,10) 1-(11,5) 2-(13,4) 3-(14,5) 4-(2,4)
Target Locations:  0-(10,10) 1-(14,4) 2-(2,3) 3-(14,5) 4-(6,15)
Task Assignment: 0-0 2-1 4-2 3-3 1-4
Robot 0 finished At time 171
Time 172
Robots Locations 0-(10,10) 1-(11,5) 2-(13,4) 3-(14,5) 4-(2,3)
Target Locations:  0-(14,4) 1-(2,3) 2-(14,5) 3-(6,15) 4-(2,10)
Task Assignment: 2-0 4-1 3-2 1-3 0-4
Robot 3 finished At time 173
Time 175
Robots Locations 0-(10,10) 1-(11,5) 2-(14,4) 3-(14,5) 4-(2,3)
Target Locations:  0-(14,4) 1-(2,3) 2-(6,15) 3-(2,10) 4-(11,10)
Task Assignment: 2-0 4-1 1-2 0-3 3-4
Robot 2 finished At time 177
Time 179
Robots Locations 0-(9,11) 1-(10,5) 2-(14,4) 3-(14,6) 4-(2,3)
Target Locations:  0-(2,3) 1-(6,15) 2-(2,10) 3-(11,10) 4-(12,12)
Task Assignment: 4-0 1-1 0-2 3-3 2-4
Robot 4 finished At time 179
Time 181
Robots Locations 0-(9,11) 1-(10,5) 2-(14,4) 3-(14,6) 4-(2,3)
Target Locations:  0-(6,15) 1-(2,10) 2-(11,10) 3-(12,12) 4-(2,12)
Task Assignment: 1-0 0-1 3-2 2-3 4-4
Robot 3 finished At time 192
Time 194
Robots Locations 0-(3,10) 1-(8,11) 2-(13,10) 3-(11,10) 4-(2,8)
Target Locations:  0-(6,15) 1-(2,10) 2-(12,12) 3-(2,12) 4-(1,12)
Task Assignment: 1-0 0-1 2-2 4-3 3-4
Robot 0 finished At time 198
Time 199
Robots Locations 0-(2,10) 1-(7,13) 2-(12,11) 3-(9,10) 4-(2,9)
Target Locations:  0-(6,15) 1-(12,12) 2-(2,12) 3-(1,12) 4-(3,7)
Task Assignment: 1-0 2-1 4-2 3-3 0-4
Robot 2 finished At time 203
Time 205
Robots Locations 0-(2,10) 1-(6,14) 2-(12,12) 3-(8,11) 4-(1,10)
Target Locations:  0-(6,15) 1-(2,12) 2-(1,12) 3-(3,7) 4-(1,2)
Task Assignment: 1-0 4-1 3-2 0-3 2-4
Robot 1 finished At time 207
Time 209
Robots Locations 0-(3,8) 1-(6,15) 2-(11,12) 3-(6,11) 4-(2,11)
Target Locations:  0-(2,12) 1-(1,12) 2-(3,7) 3-(1,2) 4-(10,8)
Task Assignment: 4-0 3-1 0-2 2-3 1-4
Robot 4 finished At time 212
Time 214
Robots Locations 0-(3,7) 1-(7,15) 2-(9,10) 3-(4,11) 4-(2,12)
Target Locations:  0-(1,12) 1-(3,7) 2-(1,2) 3-(10,8) 4-(2,14)
Task Assignment: 3-0 0-1 2-2 1-3 4-4
Robot 0 finished At time 214
Time 216
Robots Locations 0-(3,7) 1-(7,15) 2-(9,10) 3-(4,11) 4-(2,12)
Target Locations:  0-(1,12) 1-(1,2) 2-(10,8) 3-(2,14) 4-(12,1)
Task Assignment: 3-0 2-1 1-2 4-3 0-4
Robot 4 finished At time 221
Time 223
Robots Locations 0-(5,5) 1-(8,12) 2-(7,8) 3-(1,12) 4-(2,14)
Target Locations:  0-(1,12) 1-(1,2) 2-(10,8) 3-(12,1) 4-(10,13)
Task Assignment: 3-0 2-1 1-2 0-3 4-4
Robot 3 finished At time 225
Time 227
Robots Locations 0-(6,5) 1-(9,11) 2-(7,8) 3-(1,12) 4-(3,14)
Target Locations:  0-(1,2) 1-(10,8) 2-(12,1) 3-(10,13) 4-(10,1)
Task Assignment: 2-0 1-1 0-2 4-3 3-4
Robot 1 finished At time 234
Time 236
Robots Locations 0-(10,3) 1-(10,8) 2-(4,5) 3-(3,9) 4-(7,14)
Target Locations:  0-(1,2) 1-(12,1) 2-(10,13) 3-(10,1) 4-(4,6)
Task Assignment: 2-0 0-1 4-2 3-3 1-4
Robot 0 finished At time 243
Time 245
Robots Locations 0-(12,1) 1-(7,7) 2-(1,2) 3-(5,6) 4-(10,13)
Target Locations:  0-(1,2) 1-(10,13) 2-(10,1) 3-(4,6) 4-(12,14)
Task Assignment: 2-0 4-1 3-2 1-3 0-4
Robot 4 finished At time 245
Time 247
Robots Locations 0-(12,1) 1-(6,7) 2-(1,2) 3-(5,6) 4-(10,13)
Target Locations:  0-(1,2) 1-(10,1) 2-(4,6) 3-(12,14) 4-(4,12)
Task Assignment: 2-0 3-1 1-2 0-3 4-4
Robot 2 finished At time 249
Time 251
Robots Locations 0-(13,1) 1-(6,7) 2-(1,2) 3-(6,6) 4-(10,12)
Target Locations:  0-(10,1) 1-(4,6) 2-(12,14) 3-(4,12) 4-(5,7)
Task Assignment: 3-0 1-1 0-2 4-3 2-4
Robot 1 finished At time 260
Time 262
Robots Locations 0-(12,7) 1-(4,6) 2-(3,5) 3-(9,2) 4-(5,12)
Target Locations:  0-(10,1) 1-(12,14) 2-(4,12) 3-(5,7) 4-(13,7)
Task Assignment: 3-0 0-1 4-2 2-3 1-4
Robot 3 finished At time 266
Time 268
Robots Locations 0-(12,9) 1-(5,7) 2-(3,6) 3-(10,1) 4-(4,12)
Target Locations:  0-(12,14) 1-(4,12) 2-(5,7) 3-(13,7) 4-(2,9)
Task Assignment: 0-0 4-1 2-2 1-3 3-4
Robot 4 finished At time 268
Robot 2 finished At time 272
Robot 0 finished At time 278
Robot 1 finished At time 282
Robot 3 finished At time 289
/mmdr
Time 3
Robots Locations 0-(3,3) 1-(6,6) 2-(10,9) 3-(12,12) 4-(15,15)
Target Locations:  0-(4,12) 1-(7,4) 2-(4,15) 3-(10,2) 4-(8,2)
Task Assignment: 0-4 1-3 2-1 3-0 4-2
Robot 0 finished At time 16
Time 18
Robots Locations 0-(8,2) 1-(10,2) 2-(7,4) 3-(7,12) 4-(10,15)
Target Locations:  0-(4,12) 1-(7,4) 2-(4,15) 3-(10,2) 4-(4,3)
Task Assignment: 0-1 1-3 2-4 3-0 4-2
Robot 1 finished At time 20
Time 22
Robots Locations 0-(8,3) 1-(10,2) 2-(6,4) 3-(6,12) 4-(9,15)
Target Locations:  0-(4,12) 1-(7,4) 2-(4,15) 3-(4,3) 4-(6,9)
Task Assignment: 0-3 1-1 2-4 3-0 4-2
Robot 3 finished At time 27
Time 30
Robots Locations 0-(6,3) 1-(8,2) 2-(6,6) 3-(4,12) 4-(6,15)
Target Locations:  0-(7,4) 1-(4,15) 2-(4,3) 3-(6,9) 4-(14,6)
Task Assignment: 0-2 1-4 2-0 3-3 4-1
Robot 0 finished At time 34
Time 37
Robots Locations 0-(4,3) 1-(10,4) 2-(7,5) 3-(5,10) 4-(4,15)
Target Locations:  0-(7,4) 1-(4,15) 2-(6,9) 3-(14,6) 4-(6,14)
Task Assignment: 0-0 1-3 2-2 3-4 4-1
Robot 4 finished At time 37
Time 39
Robots Locations 0-(4,3) 1-(10,4) 2-(7,5) 3-(5,10) 4-(4,15)
Target Locations:  0-(7,4) 1-(6,9) 2-(14,6) 3-(6,14) 4-(8,2)
Task Assignment: 0-0 1-2 2-4 3-1 4-3
Robot 3 finished At time 44
Time 47
Robots Locations 0-(5,4) 1-(13,5) 2-(8,3) 3-(6,9) 4-(5,14)
Target Locations:  0-(7,4) 1-(14,6) 2-(6,14) 3-(8,2) 4-(6,4)
Task Assignment: 0-4 1-1 2-3 3-0 4-2
Robot 4 finished At time 50
Time 52
Robots Locations 0-(6,4) 1-(14,6) 2-(8,2) 3-(6,8) 4-(6,14)
Target Locations:  0-(7,4) 1-(14,6) 2-(8,2) 3-(6,4) 4-(1,5)
Task Assignment: 0-3 1-1 2-2 3-0 4-4
Robot 2 finished At time 53
Time 56
Robots Locations 0-(6,4) 1-(14,6) 2-(8,2) 3-(6,7) 4-(6,14)
Target Locations:  0-(7,4) 1-(14,6) 2-(6,4) 3-(1,5) 4-(9,12)
Task Assignment: 0-2 1-1 2-0 3-3 4-4
Robot 0 finished At time 56
Time 59
Robots Locations 0-(6,4) 1-(14,6) 2-(8,2) 3-(6,7) 4-(6,14)
Target Locations:  0-(7,4) 1-(14,6) 2-(1,5) 3-(9,12) 4-(15,6)
Task Assignment: 0-0 1-4 2-1 3-2 4-3
Robot 1 finished At time 63
Time 65
Robots Locations 0-(7,4) 1-(15,6) 2-(9,2) 3-(5,6) 4-(8,13)
Target Locations:  0-(7,4) 1-(14,6) 2-(1,5) 3-(9,12) 4-(2,7)
Task Assignment: 0-4 1-1 2-0 3-2 4-3
Robot 4 finished At time 69
Time 72
Robots Locations 0-(6,5) 1-(14,6) 2-(8,3) 3-(3,6) 4-(9,12)
Target Locations:  0-(7,4) 1-(14,6) 2-(1,5) 3-(2,7) 4-(12,8)
Task Assignment: 0-3 1-1 2-0 3-2 4-4
Robot 1 finished At time 74
Time 89
Robots Locations 0-(5,6) 1-(14,6) 2-(7,4) 3-(1,5) 4-(1,5)
Target Locations:  0-(7,4) 1-(1,5) 2-(2,7) 3-(12,8) 4-(2,1)
Task Assignment: 0-2 1-3 2-0 3-1 4-4
Robot 2 finished At time 91
Time 94
Robots Locations 0-(4,6) 1-(13,6) 2-(7,4) 3-(1,5) 4-(10,10)
Target Locations:  0-(1,5) 1-(2,7) 2-(12,8) 3-(2,1) 4-(3,2)
Task Assignment: 0-0 1-2 2-4 3-3 4-1
Robot 1 finished At time 100
Time 102
Robots Locations 0-(1,5) 1-(12,8) 2-(4,3) 3-(2,2) 4-(7,9)
Target Locations:  0-(1,5) 1-(2,7) 2-(2,1) 3-(3,2) 4-(8,9)
Task Assignment: 0-0 1-4 2-3 3-2 4-1
Robot 0 finished At time 104
Time 107
Robots Locations 0-(1,5) 1-(11,8) 2-(3,2) 3-(2,1) 4-(6,8)
Target Locations:  0-(2,7) 1-(2,1) 2-(3,2) 3-(8,9) 4-(7,13)
Task Assignment: 0-0 1-3 2-2 3-1 4-4
Robot 3 finished At time 109
Time 111
Robots Locations 0-(0,6) 1-(10,9) 2-(3,2) 3-(2,1) 4-(5,9)
Target Locations:  0-(2,7) 1-(3,2) 2-(8,9) 3-(7,13) 4-(12,4)
Task Assignment: 0-0 1-4 2-2 3-1 4-3
Robot 0 finished At time 117
Time 119
Robots Locations 0-(2,7) 1-(10,6) 2-(4,4) 3-(3,2) 4-(6,12)
Target Locations:  0-(3,2) 1-(8,9) 2-(7,13) 3-(12,4) 4-(5,1)
Task Assignment: 0-1 1-3 2-0 3-4 4-2
Robot 4 finished At time 123
Time 125
Robots Locations 0-(4,8) 1-(12,5) 2-(4,3) 3-(5,1) 4-(7,13)
Target Locations:  0-(3,2) 1-(8,9) 2-(12,4) 3-(5,1) 4-(3,9)
Task Assignment: 0-4 1-2 2-0 3-3 4-1
Robot 3 finished At time 128
Time 130
Robots Locations 0-(4,9) 1-(12,4) 2-(3,2) 3-(5,1) 4-(8,13)
Target Locations:  0-(3,2) 1-(8,9) 2-(12,4) 3-(3,9) 4-(6,5)
Task Assignment: 0-3 1-2 2-0 3-4 4-1
Robot 1 finished At time 130
Time 132
Robots Locations 0-(4,9) 1-(12,4) 2-(3,2) 3-(5,1) 4-(8,13)
Target Locations:  0-(3,2) 1-(8,9) 2-(3,9) 3-(6,5) 4-(9,5)
Task Assignment: 0-2 1-4 2-0 3-3 4-1
Robot 2 finished At time 134
Time 136
Robots Locations 0-(3,9) 1-(12,3) 2-(3,2) 3-(6,1) 4-(8,12)
Target Locations:  0-(8,9) 1-(3,9) 2-(6,5) 3-(9,5) 4-(10,10)
Task Assignment: 0-1 1-0 2-2 3-3 4-4
Robot 0 finished At time 139
Time 142
Robots Locations 0-(3,9) 1-(11,4) 2-(3,1) 3-(6,2) 4-(9,11)
Target Locations:  0-(8,9) 1-(6,5) 2-(9,5) 3-(10,10) 4-(11,5)
Task Assignment: 0-0 1-4 2-1 3-2 4-3
Robot 1 finished At time 146
Time 149
Robots Locations 0-(4,10) 1-(11,5) 2-(5,3) 3-(8,4) 4-(10,10)
Target Locations:  0-(8,9) 1-(6,5) 2-(9,5) 3-(10,10) 4-(14,4)
Task Assignment: 0-0 1-4 2-1 3-2 4-3
Robot 4 finished At time 150
Time 152
Robots Locations 0-(5,10) 1-(11,6) 2-(5,4) 3-(8,4) 4-(10,10)
Target Locations:  0-(8,9) 1-(6,5) 2-(9,5) 3-(14,4) 4-(3,9)
Task Assignment: 0-4 1-3 2-1 3-2 4-0
Robot 3 finished At time 156
Time 158
Robots Locations 0-(4,9) 1-(13,5) 2-(6,5) 3-(9,5) 4-(9,9)
Target Locations:  0-(8,9) 1-(6,5) 2-(14,4) 3-(3,9) 4-(2,3)
Task Assignment: 0-3 1-2 2-4 3-1 4-0
Robot 4 finished At time 171
Time 174
Robots Locations 0-(3,9) 1-(14,4) 2-(5,5) 3-(8,6) 4-(8,9)
Target Locations:  0-(6,5) 1-(14,4) 2-(3,9) 3-(2,3) 4-(14,5)
Task Assignment: 0-2 1-1 2-3 3-4 4-0
Robot 1 finished At time 176
Time 179
Robots Locations 0-(3,9) 1-(14,4) 2-(5,5) 3-(8,5) 4-(8,9)
Target Locations:  0-(6,5) 1-(3,9) 2-(2,3) 3-(14,5) 4-(6,15)
Task Assignment: 0-1 1-3 2-2 3-0 4-4
Robot 0 finished At time 179
Time 181
Robots Locations 0-(3,9) 1-(14,4) 2-(5,5) 3-(8,5) 4-(8,9)
Target Locations:  0-(6,5) 1-(2,3) 2-(14,5) 3-(6,15) 4-(2,10)
Task Assignment: 0-4 1-2 2-1 3-0 4-3
Robot 0 finished At time 186
Time 188
Robots Locations 0-(2,10) 1-(14,5) 2-(3,3) 3-(6,5) 4-(7,10)
Target Locations:  0-(6,5) 1-(2,3) 2-(14,5) 3-(6,15) 4-(11,10)
Task Assignment: 0-3 1-2 2-1 3-0 4-4
Robot 1 finished At time 189
Time 191
Robots Locations 0-(2,10) 1-(14,5) 2-(2,3) 3-(6,5) 4-(7,10)
Target Locations:  0-(6,5) 1-(2,3) 2-(6,15) 3-(11,10) 4-(12,12)
Task Assignment: 0-2 1-3 2-1 3-0 4-4
Robot 3 finished At time 192
Time 194
Robots Locations 0-(2,10) 1-(14,5) 2-(2,3) 3-(6,5) 4-(7,11)
Target Locations:  0-(2,3) 1-(6,15) 2-(11,10) 3-(12,12) 4-(2,12)
Task Assignment: 0-4 1-3 2-0 3-2 4-1
Robot 2 finished At time 196
Time 198
Robots Locations 0-(2,12) 1-(14,6) 2-(2,3) 3-(6,6) 4-(7,12)
Target Locations:  0-(6,15) 1-(11,10) 2-(12,12) 3-(2,12) 4-(1,12)
Task Assignment: 0-3 1-2 2-4 3-1 4-0
Robot 0 finished At time 201
Time 203
Robots Locations 0-(2,12) 1-(13,8) 2-(1,4) 3-(7,7) 4-(6,13)
Target Locations:  0-(6,15) 1-(11,10) 2-(12,12) 3-(1,12) 4-(3,7)
Task Assignment: 0-3 1-2 2-4 3-1 4-0
Robot 4 finished At time 208
Time 210
Robots Locations 0-(1,12) 1-(12,10) 2-(2,6) 3-(9,8) 4-(6,15)
Target Locations:  0-(11,10) 1-(12,12) 2-(1,12) 3-(3,7) 4-(1,2)
Task Assignment: 0-3 1-1 2-4 3-0 4-2
Robot 1 finished At time 215
Time 218
Robots Locations 0-(2,9) 1-(12,12) 2-(2,4) 3-(11,10) 4-(4,14)
Target Locations:  0-(11,10) 1-(1,12) 2-(3,7) 3-(1,2) 4-(10,8)
Task Assignment: 0-2 1-0 2-3 3-4 4-1
Robot 2 finished At time 225
Time 227
Robots Locations 0-(3,7) 1-(11,10) 2-(1,2) 3-(10,8) 4-(1,12)
Target Locations:  0-(11,10) 1-(1,12) 2-(3,7) 3-(10,8) 4-(2,14)
Task Assignment: 0-1 1-0 2-2 3-3 4-4
Robot 1 finished At time 228
Time 231
Robots Locations 0-(3,7) 1-(11,10) 2-(1,2) 3-(10,8) 4-(1,12)
Target Locations:  0-(1,12) 1-(3,7) 2-(10,8) 3-(2,14) 4-(12,1)
Task Assignment: 0-0 1-2 2-1 3-4 4-3
Robot 1 finished At time 237
Time 239
Robots Locations 0-(3,9) 1-(10,8) 2-(1,4) 3-(11,5) 4-(2,14)
Target Locations:  0-(1,12) 1-(3,7) 2-(2,14) 3-(12,1) 4-(10,13)
Task Assignment: 0-0 1-4 2-1 3-3 4-2
Robot 4 finished At time 241
Time 243
Robots Locations 0-(2,10) 1-(9,8) 2-(2,5) 3-(11,4) 4-(2,14)
Target Locations:  0-(1,12) 1-(3,7) 2-(12,1) 3-(10,13) 4-(10,1)
Task Assignment: 0-1 1-3 2-4 3-2 4-0
Robot 4 finished At time 260
Time 263
Robots Locations 0-(3,7) 1-(10,12) 2-(6,3) 3-(12,1) 4-(1,12)
Target Locations:  0-(3,7) 1-(12,1) 2-(10,13) 3-(10,1) 4-(4,6)
Task Assignment: 0-4 1-2 2-3 3-1 4-0
Robot 3 finished At time 263
Time 266
Robots Locations 0-(3,7) 1-(10,12) 2-(6,3) 3-(12,1) 4-(1,12)
Target Locations:  0-(3,7) 1-(10,13) 2-(10,1) 3-(4,6) 4-(12,14)
Task Assignment: 0-0 1-4 2-3 3-2 4-1
Robot 0 finished At time 266
Time 269
Robots Locations 0-(3,7) 1-(10,13) 2-(6,3) 3-(12,1) 4-(1,12)
Target Locations:  0-(10,13) 1-(10,1) 2-(4,6) 3-(12,14) 4-(4,12)
Task Assignment: 0-0 1-3 2-2 3-1 4-4
Robot 3 finished At time 275
Time 277
Robots Locations 0-(6,9) 1-(12,14) 2-(5,5) 3-(10,1) 4-(4,12)
Target Locations:  0-(10,13) 1-(4,6) 2-(12,14) 3-(4,12) 4-(5,7)
Task Assignment: 0-0 1-2 2-1 3-4 4-3
Robot 1 finished At time 277
Time 280
Robots Locations 0-(6,9) 1-(12,14) 2-(5,6) 3-(10,1) 4-(4,12)
Target Locations:  0-(10,13) 1-(4,6) 2-(4,12) 3-(5,7) 4-(13,7)
Task Assignment: 0-3 1-0 2-1 3-4 4-2
Robot 4 finished At time 282
Time 284
Robots Locations 0-(6,9) 1-(12,15) 2-(4,6) 3-(10,2) 4-(4,12)
Target Locations:  0-(10,13) 1-(4,6) 2-(5,7) 3-(13,7) 4-(2,9)
Task Assignment: 0-2 1-0 2-1 3-3 4-4
Robot 2 finished At time 285
Robot 0 finished At time 290
Robot 1 finished At time 290
Robot 4 finished At time 293
Robot 3 finished At time 295
/mmd_msd2
Time 2
Robots Locations 0-(3,2) 1-(6,6) 2-(10,9) 3-(12,13) 4-(15,15)
Target Locations:  0-(4,12) 1-(7,4) 2-(4,15) 3-(10,2) 4-(8,2)
Task Assignment: 0-4 1-3 2-1 3-2 4-0
Robot 1 finished At time 14
Time 16
Robots Locations 0-(8,2) 1-(10,2) 2-(7,4) 3-(6,15) 4-(10,14)
Target Locations:  0-(4,12) 1-(7,4) 2-(4,15) 3-(8,2) 4-(4,3)
Task Assignment: 0-1 1-3 2-4 3-2 4-0
Robot 3 finished At time 21
Time 23
Robots Locations 0-(7,4) 1-(8,2) 2-(5,3) 3-(4,15) 4-(7,13)
Target Locations:  0-(4,12) 1-(7,4) 2-(8,2) 3-(4,3) 4-(6,9)
Task Assignment: 0-1 1-2 2-3 3-0 4-4
Robot 0 finished At time 25
Time 27
Robots Locations 0-(7,4) 1-(8,2) 2-(4,3) 3-(3,14) 4-(7,12)
Target Locations:  0-(4,12) 1-(8,2) 2-(4,3) 3-(6,9) 4-(14,6)
Task Assignment: 0-4 1-1 2-2 3-0 4-3
Robot 1 finished At time 28
Time 29
Robots Locations 0-(7,4) 1-(8,2) 2-(4,3) 3-(4,14) 4-(7,12)
Target Locations:  0-(4,12) 1-(4,3) 2-(6,9) 3-(14,6) 4-(6,14)
Task Assignment: 0-2 1-3 2-1 3-0 4-4
Robot 2 finished At time 31
Time 32
Robots Locations 0-(7,5) 1-(8,2) 2-(4,3) 3-(4,14) 4-(6,12)
Target Locations:  0-(4,12) 1-(6,9) 2-(14,6) 3-(6,14) 4-(8,2)
Task Assignment: 0-1 1-2 2-4 3-0 4-3
Robot 3 finished At time 36
Time 38
Robots Locations 0-(6,7) 1-(10,4) 2-(5,2) 3-(4,12) 4-(6,14)
Target Locations:  0-(6,9) 1-(14,6) 2-(6,14) 3-(8,2) 4-(6,4)
Task Assignment: 0-4 1-1 2-3 3-0 4-2
Robot 4 finished At time 41
Time 42
Robots Locations 0-(5,7) 1-(11,4) 2-(7,2) 3-(5,11) 4-(6,14)
Target Locations:  0-(6,9) 1-(14,6) 2-(8,2) 3-(6,4) 4-(1,5)
Task Assignment: 0-3 1-1 2-2 3-4 4-0
Robot 2 finished At time 46
Time 48
Robots Locations 0-(6,5) 1-(13,6) 2-(8,2) 3-(4,9) 4-(7,13)
Target Locations:  0-(6,9) 1-(14,6) 2-(6,4) 3-(1,5) 4-(9,12)
Task Assignment: 0-3 1-1 2-2 3-0 4-4
Robot 1 finished At time 51
Time 53
Robots Locations 0-(4,4) 1-(14,6) 2-(8,3) 3-(5,9) 4-(8,12)
Target Locations:  0-(6,9) 1-(6,4) 2-(1,5) 3-(9,12) 4-(15,6)
Task Assignment: 0-2 1-4 2-1 3-0 4-3
Robot 4 finished At time 57
Time 59
Robots Locations 0-(2,5) 1-(15,6) 2-(6,4) 3-(6,9) 4-(9,12)
Target Locations:  0-(6,9) 1-(6,4) 2-(1,5) 3-(15,6) 4-(2,7)
Task Assignment: 0-2 1-3 2-1 3-4 4-0
Robot 1 finished At time 59
Time 61
Robots Locations 0-(2,5) 1-(15,6) 2-(6,4) 3-(6,9) 4-(9,12)
Target Locations:  0-(6,9) 1-(6,4) 2-(1,5) 3-(2,7) 4-(12,8)
Task Assignment: 0-2 1-4 2-1 3-3 4-0
Robot 2 finished At time 63
Time 65
Robots Locations 0-(1,5) 1-(15,7) 2-(6,4) 3-(7,8) 4-(9,11)
Target Locations:  0-(6,9) 1-(1,5) 2-(2,7) 3-(12,8) 4-(2,1)
Task Assignment: 0-1 1-3 2-4 3-2 4-0
Robot 0 finished At time 68
Time 70
Robots Locations 0-(1,5) 1-(14,7) 2-(5,3) 3-(5,8) 4-(8,10)
Target Locations:  0-(6,9) 1-(2,7) 2-(12,8) 3-(2,1) 4-(3,2)
Task Assignment: 0-4 1-2 2-3 3-1 4-0
Robot 1 finished At time 75
Time 77
Robots Locations 0-(2,3) 1-(12,8) 2-(2,1) 3-(2,7) 4-(6,9)
Target Locations:  0-(6,9) 1-(2,7) 2-(2,1) 3-(3,2) 4-(8,9)
Task Assignment: 0-3 1-4 2-2 3-1 4-0
Robot 4 finished At time 78
Time 80
Robots Locations 0-(2,3) 1-(12,8) 2-(2,1) 3-(2,7) 4-(6,9)
Target Locations:  0-(2,7) 1-(2,1) 2-(3,2) 3-(8,9) 4-(7,13)
Task Assignment: 0-2 1-3 2-1 3-0 4-4
Robot 3 finished At time 82
Time 84
Robots Locations 0-(3,2) 1-(10,8) 2-(2,1) 3-(2,7) 4-(5,10)
Target Locations:  0-(2,1) 1-(3,2) 2-(8,9) 3-(7,13) 4-(12,4)
Task Assignment: 0-1 1-4 2-0 3-2 4-3
Robot 2 finished At time 85
Time 87
Robots Locations 0-(3,2) 1-(10,8) 2-(2,1) 3-(2,7) 4-(6,10)
Target Locations:  0-(3,2) 1-(8,9) 2-(7,13) 3-(12,4) 4-(5,1)
Task Assignment: 0-4 1-3 2-0 3-1 4-2
Robot 0 finished At time 92
Time 94
Robots Locations 0-(5,1) 1-(11,5) 2-(3,2) 3-(4,8) 4-(7,13)
Target Locations:  0-(3,2) 1-(8,9) 2-(7,13) 3-(12,4) 4-(3,9)
Task Assignment: 0-0 1-3 2-4 3-1 4-2
Robot 4 finished At time 96
Time 98
Robots Locations 0-(5,0) 1-(12,5) 2-(3,3) 3-(5,8) 4-(7,13)
Target Locations:  0-(3,2) 1-(8,9) 2-(12,4) 3-(3,9) 4-(6,5)
Task Assignment: 0-0 1-2 2-4 3-3 4-1
Robot 1 finished At time 101
Time 103
Robots Locations 0-(4,1) 1-(12,4) 2-(4,4) 3-(5,9) 4-(8,13)
Target Locations:  0-(3,2) 1-(8,9) 2-(3,9) 3-(6,5) 4-(9,5)
Task Assignment: 0-0 1-4 2-3 3-2 4-1
Robot 0 finished At time 107
Time 109
Robots Locations 0-(3,2) 1-(11,4) 2-(6,5) 3-(3,9) 4-(8,10)
Target Locations:  0-(8,9) 1-(3,9) 2-(6,5) 3-(9,5) 4-(10,10)
Task Assignment: 0-2 1-3 2-0 3-1 4-4
Robot 3 finished At time 110
Time 112
Robots Locations 0-(3,3) 1-(10,4) 2-(6,6) 3-(3,9) 4-(8,10)
Target Locations:  0-(8,9) 1-(6,5) 2-(9,5) 3-(10,10) 4-(11,5)
Task Assignment: 0-1 1-4 2-2 3-0 4-3
Robot 4 finished At time 116
Time 118
Robots Locations 0-(5,4) 1-(11,5) 2-(9,5) 3-(4,8) 4-(10,10)
Target Locations:  0-(8,9) 1-(6,5) 2-(9,5) 3-(11,5) 4-(14,4)
Task Assignment: 0-2 1-4 2-3 3-1 4-0
Robot 2 finished At time 124
Time 126
Robots Locations 0-(8,5) 1-(14,4) 2-(11,5) 3-(6,5) 4-(8,9)
Target Locations:  0-(8,9) 1-(6,5) 2-(9,5) 3-(14,4) 4-(3,9)
Task Assignment: 0-1 1-3 2-2 3-4 4-0
Robot 1 finished At time 127
Time 129
Robots Locations 0-(9,5) 1-(14,4) 2-(11,5) 3-(6,5) 4-(8,9)
Target Locations:  0-(8,9) 1-(6,5) 2-(9,5) 3-(3,9) 4-(2,3)
Task Assignment: 0-1 1-2 2-0 3-4 4-3
Robot 0 finished At time 137
Time 139
Robots Locations 0-(6,5) 1-(11,4) 2-(9,7) 3-(2,3) 4-(4,9)
Target Locations:  0-(8,9) 1-(9,5) 2-(3,9) 3-(2,3) 4-(14,5)
Task Assignment: 0-1 1-4 2-0 3-3 4-2
Robot 3 finished At time 141
Time 143
Robots Locations 0-(6,4) 1-(11,5) 2-(9,8) 3-(2,3) 4-(3,9)
Target Locations:  0-(8,9) 1-(9,5) 2-(3,9) 3-(14,5) 4-(6,15)
Task Assignment: 0-1 1-3 2-0 3-2 4-4
Robot 2 finished At time 149
Time 151
Robots Locations 0-(8,5) 1-(13,5) 2-(8,9) 3-(2,5) 4-(4,11)
Target Locations:  0-(9,5) 1-(3,9) 2-(14,5) 3-(6,15) 4-(2,10)
Task Assignment: 0-0 1-2 2-1 3-4 4-3
Robot 1 finished At time 153
Time 155
Robots Locations 0-(9,5) 1-(14,5) 2-(7,9) 3-(2,7) 4-(4,12)
Target Locations:  0-(9,5) 1-(3,9) 2-(6,15) 3-(2,10) 4-(11,10)
Task Assignment: 0-0 1-4 2-1 3-3 4-2
Robot 0 finished At time 156
Time 158
Robots Locations 0-(9,5) 1-(14,5) 2-(6,9) 3-(2,7) 4-(5,13)
Target Locations:  0-(3,9) 1-(6,15) 2-(2,10) 3-(11,10) 4-(12,12)
Task Assignment: 0-4 1-3 2-0 3-2 4-1
Robot 4 finished At time 175
Time 177
Robots Locations 0-(10,8) 1-(13,8) 2-(3,9) 3-(2,10) 4-(6,15)
Target Locations:  0-(3,9) 1-(2,10) 2-(11,10) 3-(12,12) 4-(2,12)
Task Assignment: 0-2 1-3 2-0 3-1 4-4
Robot 2 finished At time 179
Time 180
Robots Locations 0-(11,9) 1-(12,9) 2-(3,9) 3-(2,10) 4-(6,16)
Target Locations:  0-(2,10) 1-(11,10) 2-(12,12) 3-(2,12) 4-(1,12)
Task Assignment: 0-1 1-2 2-0 3-4 4-3
Robot 0 finished At time 183
Time 185
Robots Locations 0-(11,10) 1-(12,11) 2-(2,10) 3-(1,12) 4-(4,15)
Target Locations:  0-(2,10) 1-(12,12) 2-(2,12) 3-(1,12) 4-(3,7)
Task Assignment: 0-4 1-1 2-0 3-3 4-2
Robot 2 finished At time 186
Time 188
Robots Locations 0-(11,10) 1-(12,11) 2-(2,10) 3-(1,12) 4-(4,14)
Target Locations:  0-(12,12) 1-(2,12) 2-(1,12) 3-(3,7) 4-(1,2)
Task Assignment: 0-3 1-0 2-4 3-2 4-1
Robot 3 finished At time 190
Time 192
Robots Locations 0-(10,10) 1-(12,12) 2-(1,10) 3-(1,12) 4-(3,14)
Target Locations:  0-(12,12) 1-(2,12) 2-(3,7) 3-(1,2) 4-(10,8)
Task Assignment: 0-4 1-0 2-3 3-2 4-1
Robot 1 finished At time 193
Time 195
Robots Locations 0-(10,10) 1-(12,12) 2-(1,9) 3-(0,12) 4-(3,13)
Target Locations:  0-(2,12) 1-(3,7) 2-(1,2) 3-(10,8) 4-(2,14)
Task Assignment: 0-1 1-3 2-2 3-4 4-0
Robot 4 finished At time 201
Time 202
Robots Locations 0-(8,8) 1-(11,11) 2-(1,6) 3-(1,13) 4-(2,12)
Target Locations:  0-(3,7) 1-(1,2) 2-(10,8) 3-(2,14) 4-(12,1)
Task Assignment: 0-4 1-2 2-1 3-3 4-0
Robot 3 finished At time 208
Time 210
Robots Locations 0-(8,6) 1-(10,8) 2-(1,4) 3-(2,14) 4-(2,10)
Target Locations:  0-(3,7) 1-(1,2) 2-(10,8) 3-(12,1) 4-(10,13)
Task Assignment: 0-3 1-2 2-1 3-4 4-0
Robot 1 finished At time 211
Time 213
Robots Locations 0-(9,5) 1-(10,8) 2-(1,3) 3-(3,14) 4-(3,9)
Target Locations:  0-(3,7) 1-(1,2) 2-(12,1) 3-(10,13) 4-(10,1)
Task Assignment: 0-4 1-2 2-1 3-3 4-0
Robot 2 finished At time 217
Time 218
Robots Locations 0-(9,4) 1-(10,6) 2-(1,2) 3-(4,14) 4-(3,7)
Target Locations:  0-(3,7) 1-(12,1) 2-(10,13) 3-(10,1) 4-(4,6)
Task Assignment: 0-3 1-1 2-4 3-2 4-0
Robot 4 finished At time 220
Time 222
Robots Locations 0-(10,3) 1-(11,5) 2-(2,2) 3-(6,14) 4-(3,7)
Target Locations:  0-(12,1) 1-(10,13) 2-(10,1) 3-(4,6) 4-(12,14)
Task Assignment: 0-0 1-1 2-2 3-4 4-3
Robot 4 finished At time 226
Time 228
Robots Locations 0-(12,1) 1-(11,6) 2-(4,1) 3-(8,14) 4-(4,6)
Target Locations:  0-(12,1) 1-(10,13) 2-(10,1) 3-(12,14) 4-(4,12)
Task Assignment: 0-0 1-1 2-2 3-3 4-4
Robot 0 finished At time 231
Time 233
Robots Locations 0-(12,1) 1-(11,8) 2-(6,1) 3-(9,14) 4-(5,7)
Target Locations:  0-(10,13) 1-(10,1) 2-(12,14) 3-(4,12) 4-(5,7)
Task Assignment: 0-1 1-0 2-4 3-2 4-3
Robot 3 finished At time 240
Time 242
Robots Locations 0-(10,1) 1-(10,12) 2-(6,5) 3-(12,14) 4-(4,10)
Target Locations:  0-(10,13) 1-(10,1) 2-(4,12) 3-(5,7) 4-(13,7)
Task Assignment: 0-1 1-4 2-3 3-0 4-2
Robot 0 finished At time 243
Time 245
Robots Locations 0-(10,1) 1-(10,12) 2-(5,5) 3-(12,14) 4-(4,11)
Target Locations:  0-(10,13) 1-(4,12) 2-(5,7) 3-(13,7) 4-(2,9)
Task Assignment: 0-3 1-1 2-2 3-0 4-4
Robot 2 finished At time 250
Robot 3 finished At time 252
Robot 4 finished At time 253
Robot 0 finished At time 258
Robot 1 finished At time 259
