Goals: (10,3) (8,12) (8,9) (6,1) (12,15) (2,11) (10,11) (1,14) (7,8) (3,6) (15,2) (4,10) (1,1) (5,14) (10,7) (9,15) (11,11) (4,9) (1,4) (10,1) (12,12) (15,3) (2,6) (5,15) (13,15) (2,14) (15,12) (12,12) (10,15) (6,8) (7,11) (6,7) (15,3) (13,1) (2,7) (4,7) (2,13) (10,3) (9,3) (9,6) (5,6) (9,2) (13,4) (11,6) (5,14) (1,8) (14,12) (6,13) (14,5) (12,3)
/BLE
Time 2
Robots Locations 0-(3,3) 1-(6,5) 2-(10,9) 3-(13,12) 4-(15,15)
Target Locations:  0-(12,3) 1-(14,5) 2-(6,13) 3-(14,12) 4-(1,8)
Task Assignment: 3-3 0-4 2-1 1-0 4-2
Robot 3 finished At time 6
Time 8
Robots Locations 0-(2,4) 1-(8,4) 2-(11,8) 3-(14,12) 4-(14,16)
Target Locations:  0-(12,3) 1-(14,5) 2-(6,13) 3-(1,8) 4-(5,14)
Task Assignment: 1-0 0-3 2-1 3-2 4-4
Robot 0 finished At time 17
Time 19
Robots Locations 0-(1,8) 1-(12,3) 2-(14,5) 3-(11,13) 4-(9,15)
Target Locations:  0-(12,3) 1-(14,5) 2-(6,13) 3-(5,14) 4-(11,6)
Task Assignment: 1-0 2-1 4-2 3-3 0-4
Robot 2 finished At time 19
Time 21
Robots Locations 0-(1,8) 1-(12,3) 2-(14,5) 3-(10,13) 4-(9,15)
Target Locations:  0-(12,3) 1-(6,13) 2-(5,14) 3-(11,6) 4-(13,4)
Task Assignment: 1-0 2-4 4-1 3-2 0-3
Robot 1 finished At time 22
Time 24
Robots Locations 0-(1,8) 1-(12,3) 2-(14,5) 3-(10,13) 4-(9,15)
Target Locations:  0-(6,13) 1-(5,14) 2-(11,6) 3-(13,4) 4-(9,2)
Task Assignment: 2-3 1-2 4-0 3-1 0-4
Robot 2 finished At time 29
Time 31
Robots Locations 0-(3,7) 1-(11,5) 2-(13,4) 3-(8,13) 4-(6,13)
Target Locations:  0-(6,13) 1-(5,14) 2-(11,6) 3-(9,2) 4-(5,6)
Task Assignment: 4-0 1-2 0-4 3-1 2-3
Robot 4 finished At time 34
Time 36
Robots Locations 0-(5,6) 1-(11,6) 2-(12,3) 3-(7,13) 4-(6,13)
Target Locations:  0-(5,14) 1-(11,6) 2-(9,2) 3-(5,6) 4-(9,6)
Task Assignment: 0-3 1-1 4-0 2-2 3-4
Robot 1 finished At time 37
Time 39
Robots Locations 0-(5,6) 1-(11,6) 2-(11,3) 3-(7,13) 4-(6,13)
Target Locations:  0-(5,14) 1-(9,2) 2-(5,6) 3-(9,6) 4-(9,3)
Task Assignment: 0-2 4-0 1-3 2-4 3-1
Robot 0 finished At time 42
Time 44
Robots Locations 0-(5,6) 1-(10,6) 2-(10,3) 3-(7,12) 4-(5,14)
Target Locations:  0-(5,14) 1-(9,2) 2-(9,6) 3-(9,3) 4-(10,3)
Task Assignment: 4-0 2-4 1-2 0-3 3-1
Robot 4 finished At time 45
Time 47
Robots Locations 0-(6,6) 1-(9,6) 2-(10,3) 3-(7,11) 4-(5,14)
Target Locations:  0-(9,2) 1-(9,6) 2-(9,3) 3-(10,3) 4-(2,13)
Task Assignment: 1-1 2-3 4-4 0-2 3-0
Robot 2 finished At time 48
Time 50
Robots Locations 0-(6,5) 1-(9,6) 2-(10,3) 3-(7,11) 4-(5,14)
Target Locations:  0-(9,2) 1-(9,6) 2-(9,3) 3-(2,13) 4-(4,7)
Task Assignment: 1-1 2-2 0-4 4-3 3-0
Robot 1 finished At time 51
Time 52
Robots Locations 0-(6,5) 1-(9,6) 2-(10,3) 3-(8,10) 4-(4,14)
Target Locations:  0-(9,2) 1-(9,3) 2-(2,13) 3-(4,7) 4-(2,7)
Task Assignment: 2-1 4-2 0-3 1-0 3-4
Robot 2 finished At time 56
Time 58
Robots Locations 0-(6,6) 1-(9,5) 2-(9,3) 3-(6,9) 4-(3,13)
Target Locations:  0-(9,2) 1-(2,13) 2-(4,7) 3-(2,7) 4-(13,1)
Task Assignment: 4-1 2-0 0-2 3-3 1-4
Robot 4 finished At time 61
Time 63
Robots Locations 0-(4,7) 1-(10,3) 2-(9,2) 3-(5,8) 4-(2,13)
Target Locations:  0-(9,2) 1-(4,7) 2-(2,7) 3-(13,1) 4-(15,3)
Task Assignment: 0-1 2-0 3-2 1-3 4-4
Robot 2 finished At time 64
Time 66
Robots Locations 0-(4,7) 1-(11,3) 2-(9,2) 3-(4,8) 4-(2,12)
Target Locations:  0-(4,7) 1-(2,7) 2-(13,1) 3-(15,3) 4-(6,7)
Task Assignment: 0-0 3-4 1-2 4-1 2-3
Robot 0 finished At time 67
Time 69
Robots Locations 0-(4,7) 1-(11,3) 2-(9,2) 3-(4,8) 4-(2,12)
Target Locations:  0-(2,7) 1-(13,1) 2-(15,3) 3-(6,7) 4-(7,11)
Task Assignment: 0-3 3-0 1-1 4-4 2-2
Robot 1 finished At time 75
Time 77
Robots Locations 0-(6,7) 1-(13,1) 2-(13,3) 3-(2,7) 4-(5,11)
Target Locations:  0-(2,7) 1-(15,3) 2-(6,7) 3-(7,11) 4-(6,8)
Task Assignment: 0-2 3-0 2-1 4-3 1-4
Robot 3 finished At time 79
Time 81
Robots Locations 0-(6,7) 1-(14,1) 2-(13,3) 3-(2,7) 4-(6,11)
Target Locations:  0-(15,3) 1-(6,7) 2-(7,11) 3-(6,8) 4-(10,15)
Task Assignment: 0-1 4-2 2-0 3-3 1-4
Robot 0 finished At time 81
Time 83
Robots Locations 0-(6,7) 1-(14,1) 2-(13,3) 3-(2,7) 4-(6,11)
Target Locations:  0-(15,3) 1-(7,11) 2-(6,8) 3-(10,15) 4-(12,12)
Task Assignment: 0-2 4-1 2-0 1-4 3-3
Robot 4 finished At time 87
Time 89
Robots Locations 0-(6,8) 1-(13,3) 2-(15,3) 3-(2,8) 4-(7,11)
Target Locations:  0-(15,3) 1-(6,8) 2-(10,15) 3-(12,12) 4-(15,12)
Task Assignment: 0-1 2-0 4-2 1-3 3-4
Robot 0 finished At time 90
Time 92
Robots Locations 0-(6,8) 1-(13,3) 2-(15,3) 3-(3,8) 4-(7,11)
Target Locations:  0-(15,3) 1-(10,15) 2-(12,12) 3-(15,12) 4-(2,14)
Task Assignment: 2-0 4-1 3-4 0-2 1-3
Robot 2 finished At time 93
Time 94
Robots Locations 0-(6,8) 1-(13,4) 2-(15,3) 3-(3,9) 4-(8,11)
Target Locations:  0-(10,15) 1-(12,12) 2-(15,12) 3-(2,14) 4-(13,15)
Task Assignment: 4-1 3-3 0-0 1-2 2-4
Robot 4 finished At time 105
Time 107
Robots Locations 0-(9,13) 1-(14,9) 2-(14,8) 3-(2,14) 4-(12,12)
Target Locations:  0-(10,15) 1-(15,12) 2-(2,14) 3-(13,15) 4-(5,15)
Task Assignment: 3-2 0-0 4-1 1-3 2-4
Robot 3 finished At time 109
Time 111
Robots Locations 0-(9,14) 1-(14,10) 2-(13,9) 3-(2,14) 4-(13,12)
Target Locations:  0-(10,15) 1-(15,12) 2-(13,15) 3-(5,15) 4-(2,6)
Task Assignment: 0-0 4-1 3-3 1-2 2-4
Robot 0 finished At time 115
Time 117
Robots Locations 0-(10,15) 1-(14,12) 2-(11,8) 3-(4,15) 4-(15,12)
Target Locations:  0-(15,12) 1-(13,15) 2-(5,15) 3-(2,6) 4-(15,3)
Task Assignment: 4-0 3-2 0-1 2-4 1-3
Robot 4 finished At time 118
Time 121
Robots Locations 0-(11,15) 1-(13,12) 2-(11,8) 3-(4,15) 4-(15,12)
Target Locations:  0-(13,15) 1-(5,15) 2-(2,6) 3-(15,3) 4-(12,12)
Task Assignment: 1-4 3-1 0-0 2-3 4-2
Robot 3 finished At time 124
Time 126
Robots Locations 0-(12,15) 1-(12,12) 2-(12,6) 3-(5,15) 4-(15,11)
Target Locations:  0-(13,15) 1-(2,6) 2-(15,3) 3-(12,12) 4-(10,1)
Task Assignment: 1-3 0-0 2-2 3-1 4-4
Robot 1 finished At time 127
Time 128
Robots Locations 0-(13,15) 1-(12,12) 2-(12,6) 3-(5,15) 4-(15,11)
Target Locations:  0-(13,15) 1-(2,6) 2-(15,3) 3-(10,1) 4-(1,4)
Task Assignment: 0-0 2-2 3-1 1-3 4-4
Robot 0 finished At time 131
Time 133
Robots Locations 0-(13,15) 1-(12,11) 2-(13,5) 3-(5,14) 4-(13,10)
Target Locations:  0-(2,6) 1-(15,3) 2-(10,1) 3-(1,4) 4-(4,9)
Task Assignment: 2-1 3-4 4-2 1-0 0-3
Robot 2 finished At time 139
Time 141
Robots Locations 0-(11,13) 1-(8,9) 2-(15,3) 3-(4,10) 4-(12,7)
Target Locations:  0-(2,6) 1-(10,1) 2-(1,4) 3-(4,9) 4-(11,11)
Task Assignment: 3-3 0-4 2-1 1-0 4-2
Robot 3 finished At time 145
Time 146
Robots Locations 0-(11,11) 1-(6,8) 2-(14,2) 3-(4,9) 4-(10,6)
Target Locations:  0-(2,6) 1-(10,1) 2-(1,4) 3-(11,11) 4-(9,15)
Task Assignment: 0-3 3-0 2-1 1-2 4-4
Robot 0 finished At time 148
Time 149
Robots Locations 0-(11,11) 1-(6,8) 2-(13,2) 3-(4,9) 4-(10,6)
Target Locations:  0-(2,6) 1-(10,1) 2-(1,4) 3-(9,15) 4-(10,7)
Task Assignment: 4-4 2-1 3-0 0-3 1-2
Robot 4 finished At time 153
Time 155
Robots Locations 0-(10,12) 1-(4,6) 2-(11,1) 3-(3,7) 4-(10,7)
Target Locations:  0-(2,6) 1-(10,1) 2-(1,4) 3-(9,15) 4-(5,14)
Task Assignment: 2-1 3-0 0-3 1-2 4-4
Robot 2 finished At time 159
Time 161
Robots Locations 0-(9,14) 1-(3,5) 2-(10,1) 3-(2,6) 4-(10,8)
Target Locations:  0-(2,6) 1-(1,4) 2-(9,15) 3-(5,14) 4-(1,1)
Task Assignment: 3-0 0-2 1-1 4-3 2-4
Robot 3 finished At time 161
Time 163
Robots Locations 0-(9,14) 1-(2,5) 2-(10,1) 3-(2,6) 4-(10,9)
Target Locations:  0-(1,4) 1-(9,15) 2-(5,14) 3-(1,1) 4-(4,10)
Task Assignment: 0-1 1-0 3-4 4-2 2-3
Robot 0 finished At time 167
Time 170
Robots Locations 0-(9,15) 1-(1,4) 2-(8,1) 3-(2,7) 4-(8,10)
Target Locations:  0-(1,4) 1-(5,14) 2-(1,1) 3-(4,10) 4-(15,2)
Task Assignment: 1-0 3-3 0-1 2-2 4-4
Robot 1 finished At time 171
Time 173
Robots Locations 0-(9,15) 1-(1,4) 2-(7,1) 3-(2,8) 4-(8,11)
Target Locations:  0-(5,14) 1-(1,1) 2-(4,10) 3-(15,2) 4-(3,6)
Task Assignment: 3-4 1-1 0-0 4-2 2-3
Robot 3 finished At time 179
Time 181
Robots Locations 0-(5,14) 1-(1,1) 2-(9,2) 3-(3,6) 4-(5,11)
Target Locations:  0-(5,14) 1-(1,1) 2-(4,10) 3-(15,2) 4-(7,8)
Task Assignment: 0-0 1-1 4-2 3-4 2-3
Robot 1 finished At time 182
Time 183
Robots Locations 0-(5,14) 1-(1,1) 2-(9,2) 3-(3,6) 4-(5,10)
Target Locations:  0-(5,14) 1-(4,10) 2-(15,2) 3-(7,8) 4-(1,14)
Task Assignment: 0-0 4-1 3-3 2-2 1-4
Robot 0 finished At time 185
Time 187
Robots Locations 0-(5,14) 1-(2,1) 2-(11,2) 3-(4,6) 4-(4,10)
Target Locations:  0-(4,10) 1-(15,2) 2-(7,8) 3-(1,14) 4-(10,11)
Task Assignment: 4-0 3-2 0-3 2-1 1-4
Robot 4 finished At time 189
Time 191
Robots Locations 0-(4,14) 1-(2,2) 2-(11,2) 3-(5,6) 4-(4,10)
Target Locations:  0-(15,2) 1-(7,8) 2-(1,14) 3-(10,11) 4-(2,11)
Task Assignment: 4-4 3-1 0-2 2-0 1-3
Robot 4 finished At time 197
Time 199
Robots Locations 0-(1,14) 1-(5,4) 2-(15,2) 3-(7,8) 4-(2,11)
Target Locations:  0-(15,2) 1-(7,8) 2-(1,14) 3-(10,11) 4-(12,15)
Task Assignment: 0-2 3-1 2-0 4-3 1-4
Robot 0 finished At time 201
Time 203
Robots Locations 0-(1,14) 1-(5,5) 2-(15,2) 3-(7,8) 4-(2,11)
Target Locations:  0-(15,2) 1-(7,8) 2-(10,11) 3-(12,15) 4-(6,1)
Task Assignment: 3-1 2-0 1-4 4-2 0-3
Robot 3 finished At time 203
Time 205
Robots Locations 0-(1,14) 1-(5,5) 2-(15,2) 3-(7,8) 4-(2,12)
Target Locations:  0-(15,2) 1-(10,11) 2-(12,15) 3-(6,1) 4-(8,9)
Task Assignment: 2-0 3-4 1-3 4-1 0-2
Robot 2 finished At time 206
Time 208
Robots Locations 0-(1,14) 1-(6,5) 2-(15,2) 3-(7,8) 4-(2,12)
Target Locations:  0-(10,11) 1-(12,15) 2-(6,1) 3-(8,9) 4-(8,12)
Task Assignment: 3-3 1-2 4-4 0-0 2-1
Robot 3 finished At time 212
Time 214
Robots Locations 0-(2,14) 1-(6,3) 2-(15,4) 3-(8,9) 4-(4,12)
Target Locations:  0-(10,11) 1-(12,15) 2-(6,1) 3-(8,12) 4-(10,3)
Task Assignment: 1-2 3-0 4-3 2-4 0-1
Robot 1 finished At time 219
Robot 3 finished At time 221
Robot 4 finished At time 222
Robot 2 finished At time 224
Robot 0 finished At time 231
/MURDOCH
Time 2
Robots Locations 0-(3,3) 1-(6,7) 2-(9,10) 3-(13,12) 4-(16,15)
Target Locations:  0-(12,3) 1-(14,5) 2-(6,13) 3-(14,12) 4-(1,8)
Task Assignment: 4-0 2-1 1-2 3-3 0-4
Robot 3 finished At time 6
Time 8
Robots Locations 0-(2,5) 1-(6,9) 2-(11,9) 3-(14,12) 4-(16,14)
Target Locations:  0-(12,3) 1-(14,5) 2-(6,13) 3-(1,8) 4-(5,14)
Task Assignment: 4-0 2-1 1-2 0-3 3-4
Robot 0 finished At time 16
Time 18
Robots Locations 0-(1,8) 1-(6,13) 2-(14,5) 3-(10,12) 4-(14,9)
Target Locations:  0-(12,3) 1-(14,5) 2-(6,13) 3-(5,14) 4-(11,6)
Task Assignment: 4-0 2-1 1-2 3-3 0-4
Robot 1 finished At time 19
Time 21
Robots Locations 0-(1,8) 1-(6,13) 2-(14,5) 3-(10,12) 4-(14,9)
Target Locations:  0-(12,3) 1-(14,5) 2-(5,14) 3-(11,6) 4-(13,4)
Task Assignment: 4-0 2-1 3-2 0-3 1-4
Robot 2 finished At time 23
Time 25
Robots Locations 0-(2,8) 1-(7,13) 2-(14,5) 3-(9,13) 4-(14,8)
Target Locations:  0-(12,3) 1-(5,14) 2-(11,6) 3-(13,4) 4-(9,2)
Task Assignment: 4-0 3-1 0-2 1-3 2-4
Robot 4 finished At time 35
Time 37
Robots Locations 0-(8,7) 1-(10,8) 2-(9,2) 3-(5,14) 4-(12,3)
Target Locations:  0-(5,14) 1-(11,6) 2-(13,4) 3-(9,2) 4-(5,6)
Task Assignment: 3-0 0-1 1-2 2-3 4-4
Robot 3 finished At time 38
Time 40
Robots Locations 0-(9,7) 1-(11,8) 2-(9,2) 3-(5,14) 4-(11,3)
Target Locations:  0-(11,6) 1-(13,4) 2-(9,2) 3-(5,6) 4-(9,6)
Task Assignment: 0-0 1-1 2-2 4-3 3-4
Robot 2 finished At time 42
Time 44
Robots Locations 0-(9,6) 1-(11,7) 2-(9,2) 3-(4,14) 4-(11,3)
Target Locations:  0-(11,6) 1-(13,4) 2-(5,6) 3-(9,6) 4-(9,3)
Task Assignment: 0-0 1-1 4-2 3-3 2-4
Robot 0 finished At time 52
Time 54
Robots Locations 0-(11,6) 1-(13,4) 2-(9,3) 3-(6,11) 4-(8,4)
Target Locations:  0-(13,4) 1-(5,6) 2-(9,6) 3-(9,3) 4-(10,3)
Task Assignment: 1-0 4-1 3-2 2-3 0-4
Robot 2 finished At time 56
Time 58
Robots Locations 0-(11,5) 1-(13,4) 2-(9,3) 3-(6,10) 4-(7,5)
Target Locations:  0-(13,4) 1-(5,6) 2-(9,6) 3-(10,3) 4-(2,13)
Task Assignment: 1-0 4-1 3-2 0-3 2-4
Robot 1 finished At time 59
Time 61
Robots Locations 0-(11,5) 1-(13,4) 2-(9,3) 3-(7,10) 4-(7,5)
Target Locations:  0-(5,6) 1-(9,6) 2-(10,3) 3-(2,13) 4-(4,7)
Task Assignment: 4-0 3-1 0-2 2-3 1-4
Robot 4 finished At time 66
Time 68
Robots Locations 0-(10,3) 1-(11,4) 2-(8,5) 3-(8,7) 4-(5,6)
Target Locations:  0-(9,6) 1-(10,3) 2-(2,13) 3-(4,7) 4-(2,7)
Task Assignment: 3-0 0-1 2-2 1-3 4-4
Robot 0 finished At time 69
Time 80
Robots Locations 0-(10,3) 1-(10,4) 2-(8,6) 3-(8,7) 4-(5,6)
Target Locations:  0-(9,6) 1-(2,13) 2-(4,7) 3-(2,7) 4-(13,1)
Task Assignment: 3-0 2-1 1-2 4-3 0-4
Robot 3 finished At time 84
Time 86
Robots Locations 0-(11,2) 1-(8,5) 2-(7,7) 3-(9,6) 4-(2,7)
Target Locations:  0-(2,13) 1-(4,7) 2-(2,7) 3-(13,1) 4-(15,3)
Task Assignment: 2-0 1-1 4-2 0-3 3-4
Robot 4 finished At time 88
Time 90
Robots Locations 0-(13,1) 1-(7,6) 2-(6,8) 3-(10,5) 4-(2,7)
Target Locations:  0-(2,13) 1-(4,7) 2-(13,1) 3-(15,3) 4-(6,7)
Task Assignment: 2-0 1-1 0-2 3-3 4-4
Robot 0 finished At time 92
Time 94
Robots Locations 0-(13,1) 1-(6,6) 2-(5,9) 3-(11,5) 4-(2,8)
Target Locations:  0-(2,13) 1-(4,7) 2-(15,3) 3-(6,7) 4-(7,11)
Task Assignment: 2-0 1-1 3-2 4-3 0-4
Robot 1 finished At time 102
Time 104
Robots Locations 0-(12,4) 1-(4,7) 2-(2,13) 3-(15,3) 4-(6,7)
Target Locations:  0-(2,13) 1-(15,3) 2-(6,7) 3-(7,11) 4-(6,8)
Task Assignment: 2-0 3-1 4-2 0-3 1-4
Robot 3 finished At time 105
Time 107
Robots Locations 0-(11,5) 1-(4,7) 2-(2,13) 3-(15,3) 4-(6,7)
Target Locations:  0-(2,13) 1-(6,7) 2-(7,11) 3-(6,8) 4-(10,15)
Task Assignment: 2-0 4-1 0-2 1-3 3-4
Robot 2 finished At time 108
Time 110
Robots Locations 0-(11,5) 1-(5,8) 2-(2,13) 3-(16,3) 4-(6,7)
Target Locations:  0-(6,7) 1-(7,11) 2-(6,8) 3-(10,15) 4-(12,12)
Task Assignment: 4-0 0-1 1-2 3-3 2-4
Robot 4 finished At time 111
Time 113
Robots Locations 0-(11,5) 1-(5,8) 2-(2,13) 3-(16,3) 4-(6,7)
Target Locations:  0-(7,11) 1-(6,8) 2-(10,15) 3-(12,12) 4-(15,12)
Task Assignment: 0-0 1-1 3-2 2-3 4-4
Robot 1 finished At time 117
Time 119
Robots Locations 0-(10,7) 1-(6,8) 2-(4,13) 3-(15,5) 4-(8,8)
Target Locations:  0-(7,11) 1-(10,15) 2-(12,12) 3-(15,12) 4-(2,14)
Task Assignment: 0-0 3-1 2-2 4-3 1-4
Robot 0 finished At time 132
Time 134
Robots Locations 0-(7,11) 1-(2,14) 2-(11,12) 3-(12,10) 4-(13,11)
Target Locations:  0-(10,15) 1-(12,12) 2-(15,12) 3-(2,14) 4-(13,15)
Task Assignment: 3-0 2-1 4-2 1-3 0-4
Robot 1 finished At time 137
Time 139
Robots Locations 0-(8,12) 1-(2,14) 2-(12,12) 3-(11,11) 4-(15,12)
Target Locations:  0-(10,15) 1-(12,12) 2-(15,12) 3-(13,15) 4-(5,15)
Task Assignment: 3-0 2-1 4-2 0-3 1-4
Robot 2 finished At time 141
Time 143
Robots Locations 0-(9,12) 1-(2,15) 2-(12,12) 3-(11,12) 4-(15,12)
Target Locations:  0-(10,15) 1-(15,12) 2-(13,15) 3-(5,15) 4-(2,6)
Task Assignment: 3-0 4-1 0-2 1-3 2-4
Robot 4 finished At time 143
Time 145
Robots Locations 0-(9,13) 1-(3,15) 2-(12,12) 3-(11,12) 4-(15,12)
Target Locations:  0-(10,15) 1-(13,15) 2-(5,15) 3-(2,6) 4-(15,3)
Task Assignment: 3-0 0-1 1-2 2-3 4-4
Robot 1 finished At time 151
Time 153
Robots Locations 0-(10,14) 1-(5,15) 2-(10,10) 3-(10,13) 4-(15,9)
Target Locations:  0-(10,15) 1-(13,15) 2-(2,6) 3-(15,3) 4-(12,12)
Task Assignment: 3-0 0-1 2-2 4-3 1-4
Robot 3 finished At time 159
Time 161
Robots Locations 0-(13,15) 1-(8,14) 2-(7,8) 3-(10,15) 4-(15,6)
Target Locations:  0-(13,15) 1-(2,6) 2-(15,3) 3-(12,12) 4-(10,1)
Task Assignment: 0-0 2-1 4-2 1-3 3-4
Robot 0 finished At time 162
Time 164
Robots Locations 0-(13,15) 1-(9,13) 2-(6,8) 3-(10,15) 4-(15,5)
Target Locations:  0-(2,6) 1-(15,3) 2-(12,12) 3-(10,1) 4-(1,4)
Task Assignment: 2-0 4-1 1-2 3-3 0-4
Robot 4 finished At time 170
Time 172
Robots Locations 0-(12,13) 1-(12,12) 2-(3,7) 3-(11,13) 4-(15,3)
Target Locations:  0-(2,6) 1-(12,12) 2-(10,1) 3-(1,4) 4-(4,9)
Task Assignment: 2-0 1-1 3-2 0-3 4-4
Robot 1 finished At time 174
Time 176
Robots Locations 0-(12,13) 1-(12,12) 2-(3,6) 3-(11,13) 4-(14,3)
Target Locations:  0-(2,6) 1-(10,1) 2-(1,4) 3-(4,9) 4-(11,11)
Task Assignment: 2-0 3-1 0-2 4-3 1-4
Robot 2 finished At time 180
Time 181
Robots Locations 0-(12,12) 1-(11,11) 2-(2,6) 3-(12,13) 4-(13,4)
Target Locations:  0-(10,1) 1-(1,4) 2-(4,9) 3-(11,11) 4-(9,15)
Task Assignment: 3-0 0-1 4-2 1-3 2-4
Robot 1 finished At time 185
Time 187
Robots Locations 0-(12,11) 1-(11,11) 2-(2,7) 3-(12,12) 4-(12,4)
Target Locations:  0-(10,1) 1-(1,4) 2-(4,9) 3-(9,15) 4-(10,7)
Task Assignment: 3-0 0-1 4-2 2-3 1-4
Robot 1 finished At time 196
Time 198
Robots Locations 0-(9,9) 1-(10,7) 2-(5,11) 3-(12,8) 4-(7,7)
Target Locations:  0-(10,1) 1-(1,4) 2-(4,9) 3-(9,15) 4-(5,14)
Task Assignment: 3-0 0-1 4-2 2-3 1-4
Robot 4 finished At time 206
Time 208
Robots Locations 0-(5,6) 1-(7,10) 2-(8,14) 3-(11,3) 4-(4,9)
Target Locations:  0-(10,1) 1-(1,4) 2-(9,15) 3-(5,14) 4-(1,1)
Task Assignment: 3-0 0-1 2-2 1-3 4-4
Robot 2 finished At time 212
Time 213
Robots Locations 0-(3,5) 1-(6,12) 2-(9,15) 3-(10,1) 4-(3,7)
Target Locations:  0-(10,1) 1-(1,4) 2-(5,14) 3-(1,1) 4-(4,10)
Task Assignment: 3-0 0-1 1-2 4-3 2-4
Robot 3 finished At time 215
Time 217
Robots Locations 0-(2,5) 1-(6,13) 2-(9,16) 3-(10,1) 4-(3,6)
Target Locations:  0-(1,4) 1-(5,14) 2-(1,1) 3-(4,10) 4-(15,2)
Task Assignment: 0-0 1-1 4-2 2-3 3-4
Robot 0 finished At time 221
Time 223
Robots Locations 0-(1,4) 1-(5,14) 2-(7,14) 3-(12,1) 4-(2,4)
Target Locations:  0-(5,14) 1-(1,1) 2-(4,10) 3-(15,2) 4-(3,6)
Task Assignment: 1-0 4-1 2-2 3-3 0-4
Robot 1 finished At time 223
Time 225
Robots Locations 0-(1,4) 1-(5,14) 2-(7,14) 3-(12,1) 4-(2,4)
Target Locations:  0-(1,1) 1-(4,10) 2-(15,2) 3-(3,6) 4-(7,8)
Task Assignment: 4-0 2-1 3-2 0-3 1-4
Robot 4 finished At time 233
Time 236
Robots Locations 0-(3,6) 1-(6,12) 2-(4,11) 3-(15,2) 4-(1,1)
Target Locations:  0-(4,10) 1-(15,2) 2-(3,6) 3-(7,8) 4-(1,14)
Task Assignment: 2-0 3-1 0-2 1-3 4-4
Robot 3 finished At time 236
Time 238
Robots Locations 0-(3,6) 1-(6,12) 2-(4,10) 3-(15,2) 4-(1,1)
Target Locations:  0-(4,10) 1-(3,6) 2-(7,8) 3-(1,14) 4-(10,11)
Task Assignment: 2-0 0-1 1-2 4-3 3-4
Robot 0 finished At time 239
Time 241
Robots Locations 0-(3,6) 1-(6,11) 2-(4,10) 3-(15,2) 4-(1,1)
Target Locations:  0-(4,10) 1-(7,8) 2-(1,14) 3-(10,11) 4-(2,11)
Task Assignment: 2-0 1-1 4-2 3-3 0-4
Robot 2 finished At time 243
Time 245
Robots Locations 0-(3,7) 1-(6,10) 2-(4,10) 3-(15,3) 4-(0,1)
Target Locations:  0-(7,8) 1-(1,14) 2-(10,11) 3-(2,11) 4-(12,15)
Task Assignment: 1-0 4-1 3-2 0-3 2-4
Robot 1 finished At time 251
Time 253
Robots Locations 0-(2,10) 1-(7,8) 2-(6,11) 3-(13,6) 4-(0,5)
Target Locations:  0-(1,14) 1-(10,11) 2-(2,11) 3-(12,15) 4-(6,1)
Task Assignment: 4-0 3-1 0-2 2-3 1-4
Robot 0 finished At time 257
Time 259
Robots Locations 0-(2,11) 1-(7,6) 2-(8,12) 3-(12,8) 4-(1,7)
Target Locations:  0-(1,14) 1-(10,11) 2-(12,15) 3-(6,1) 4-(8,9)
Task Assignment: 4-0 3-1 2-2 1-3 0-4
Robot 3 finished At time 267
Time 269
Robots Locations 0-(6,10) 1-(6,1) 2-(12,15) 3-(10,11) 4-(1,12)
Target Locations:  0-(1,14) 1-(12,15) 2-(6,1) 3-(8,9) 4-(8,12)
Task Assignment: 4-0 2-1 1-2 0-3 3-4
Robot 1 finished At time 271
Time 273
Robots Locations 0-(7,9) 1-(6,1) 2-(12,15) 3-(9,12) 4-(1,13)
Target Locations:  0-(1,14) 1-(12,15) 2-(8,9) 3-(8,12) 4-(10,3)
Task Assignment: 4-0 2-1 0-2 3-3 1-4
Robot 2 finished At time 274
Robot 0 finished At time 277
Robot 3 finished At time 277
Robot 4 finished At time 277
Robot 1 finished At time 283
/mmdr
Time 3
Robots Locations 0-(3,3) 1-(5,6) 2-(9,9) 3-(13,12) 4-(15,15)
Target Locations:  0-(12,3) 1-(14,5) 2-(6,13) 3-(14,12) 4-(1,8)
Task Assignment: 0-4 1-0 2-2 3-1 4-3
Robot 4 finished At time 12
Time 15
Robots Locations 0-(1,6) 1-(8,5) 2-(6,12) 3-(14,7) 4-(14,12)
Target Locations:  0-(12,3) 1-(14,5) 2-(6,13) 3-(1,8) 4-(5,14)
Task Assignment: 0-3 1-0 2-4 3-1 4-2
Robot 0 finished At time 19
Time 22
Robots Locations 0-(1,8) 1-(11,4) 2-(5,14) 3-(14,5) 4-(12,12)
Target Locations:  0-(12,3) 1-(14,5) 2-(6,13) 3-(5,14) 4-(11,6)
Task Assignment: 0-2 1-0 2-3 3-1 4-4
Robot 3 finished At time 24
Time 26
Robots Locations 0-(2,9) 1-(11,3) 2-(5,14) 3-(14,5) 4-(11,12)
Target Locations:  0-(12,3) 1-(6,13) 2-(5,14) 3-(11,6) 4-(13,4)
Task Assignment: 0-1 1-0 2-2 3-4 4-3
Robot 2 finished At time 28
Time 38
Robots Locations 0-(2,9) 1-(11,3) 2-(5,14) 3-(14,5) 4-(11,11)
Target Locations:  0-(12,3) 1-(6,13) 2-(11,6) 3-(13,4) 4-(9,2)
Task Assignment: 0-4 1-0 2-1 3-3 4-2
Robot 1 finished At time 41
Time 43
Robots Locations 0-(3,8) 1-(12,3) 2-(6,14) 3-(13,4) 4-(11,10)
Target Locations:  0-(6,13) 1-(11,6) 2-(13,4) 3-(9,2) 4-(5,6)
Task Assignment: 0-4 1-3 2-0 3-2 4-1
Robot 3 finished At time 45
Time 47
Robots Locations 0-(4,7) 1-(12,2) 2-(6,14) 3-(13,4) 4-(11,9)
Target Locations:  0-(6,13) 1-(11,6) 2-(9,2) 3-(5,6) 4-(9,6)
Task Assignment: 0-3 1-2 2-0 3-1 4-4
Robot 2 finished At time 50
Time 53
Robots Locations 0-(5,6) 1-(11,2) 2-(6,13) 3-(12,5) 4-(10,8)
Target Locations:  0-(11,6) 1-(9,2) 2-(5,6) 3-(9,6) 4-(9,3)
Task Assignment: 0-2 1-1 2-3 3-4 4-0
Robot 0 finished At time 55
Time 57
Robots Locations 0-(5,6) 1-(9,2) 2-(6,12) 3-(11,5) 4-(11,7)
Target Locations:  0-(11,6) 1-(9,2) 2-(9,6) 3-(9,3) 4-(10,3)
Task Assignment: 0-3 1-1 2-2 3-4 4-0
Robot 1 finished At time 60
Time 61
Robots Locations 0-(6,5) 1-(9,2) 2-(7,11) 3-(10,4) 4-(11,6)
Target Locations:  0-(11,6) 1-(9,6) 2-(9,3) 3-(10,3) 4-(2,13)
Task Assignment: 0-1 1-3 2-4 3-2 4-0
Robot 4 finished At time 63
Time 65
Robots Locations 0-(7,5) 1-(9,2) 2-(7,10) 3-(10,3) 4-(11,6)
Target Locations:  0-(9,6) 1-(9,3) 2-(10,3) 3-(2,13) 4-(4,7)
Task Assignment: 0-4 1-1 2-3 3-2 4-0
Robot 3 finished At time 70
Time 72
Robots Locations 0-(5,7) 1-(9,3) 2-(5,11) 3-(10,3) 4-(9,6)
Target Locations:  0-(9,6) 1-(9,3) 2-(2,13) 3-(4,7) 4-(2,7)
Task Assignment: 0-4 1-1 2-2 3-0 4-3
Robot 1 finished At time 77
Time 79
Robots Locations 0-(2,7) 1-(9,3) 2-(2,13) 3-(9,5) 4-(7,6)
Target Locations:  0-(9,6) 1-(2,13) 2-(4,7) 3-(2,7) 4-(13,1)
Task Assignment: 0-3 1-4 2-1 3-0 4-2
Robot 2 finished At time 82
Time 84
Robots Locations 0-(2,7) 1-(10,4) 2-(2,13) 3-(9,6) 4-(5,7)
Target Locations:  0-(9,6) 1-(4,7) 2-(2,7) 3-(13,1) 4-(15,3)
Task Assignment: 0-2 1-3 2-1 3-4 4-0
Robot 0 finished At time 84
Time 87
Robots Locations 0-(2,7) 1-(10,4) 2-(2,13) 3-(9,6) 4-(5,7)
Target Locations:  0-(9,6) 1-(4,7) 2-(13,1) 3-(15,3) 4-(6,7)
Task Assignment: 0-4 1-2 2-1 3-3 4-0
Robot 1 finished At time 99
Time 101
Robots Locations 0-(6,7) 1-(13,1) 2-(3,9) 3-(13,4) 4-(9,6)
Target Locations:  0-(9,6) 1-(4,7) 2-(15,3) 3-(6,7) 4-(7,11)
Task Assignment: 0-4 1-2 2-1 3-0 4-3
Robot 2 finished At time 106
Time 108
Robots Locations 0-(7,9) 1-(15,3) 2-(4,7) 3-(12,4) 4-(7,6)
Target Locations:  0-(9,6) 1-(15,3) 2-(6,7) 3-(7,11) 4-(6,8)
Task Assignment: 0-3 1-1 2-4 3-0 4-2
Robot 1 finished At time 112
Time 126
Robots Locations 0-(-1,-1) 1-(15,3) 2-(5,7) 3-(10,5) 4-(6,7)
Target Locations:  0-(9,6) 1-(6,7) 2-(7,11) 3-(6,8) 4-(10,15)
Task Assignment: 0-1 1-0 2-2 3-3 4-4
Robot 3 finished At time 138
Time 141
Robots Locations 0-(7,9) 1-(10,6) 2-(6,9) 3-(6,8) 4-(6,10)
Target Locations:  0-(9,6) 1-(6,7) 2-(7,11) 3-(10,15) 4-(12,12)
Task Assignment: 0-4 1-0 2-2 3-1 4-3
Robot 1 finished At time 144
Time 146
Robots Locations 0-(8,8) 1-(9,6) 2-(7,9) 3-(6,7) 4-(6,11)
Target Locations:  0-(6,7) 1-(7,11) 2-(10,15) 3-(12,12) 4-(15,12)
Task Assignment: 0-3 1-4 2-1 3-0 4-2
Robot 3 finished At time 149
Time 152
Robots Locations 0-(9,9) 1-(9,7) 2-(7,10) 3-(6,7) 4-(7,12)
Target Locations:  0-(7,11) 1-(10,15) 2-(12,12) 3-(15,12) 4-(2,14)
Task Assignment: 0-3 1-2 2-1 3-0 4-4
Robot 3 finished At time 162
Time 164
Robots Locations 0-(14,12) 1-(12,12) 2-(10,15) 3-(7,11) 4-(3,14)
Target Locations:  0-(10,15) 1-(12,12) 2-(15,12) 3-(2,14) 4-(13,15)
Task Assignment: 0-2 1-1 2-4 3-0 4-3
Robot 1 finished At time 166
Time 169
Robots Locations 0-(15,12) 1-(12,12) 2-(11,15) 3-(8,12) 4-(2,14)
Target Locations:  0-(10,15) 1-(15,12) 2-(2,14) 3-(13,15) 4-(5,15)
Task Assignment: 0-1 1-3 2-0 3-4 4-2
Robot 4 finished At time 170
Time 173
Robots Locations 0-(15,12) 1-(12,13) 2-(11,15) 3-(8,12) 4-(2,14)
Target Locations:  0-(10,15) 1-(15,12) 2-(13,15) 3-(5,15) 4-(2,6)
Task Assignment: 0-1 1-2 2-0 3-4 4-3
Robot 0 finished At time 174
Time 177
Robots Locations 0-(15,12) 1-(12,13) 2-(11,16) 3-(7,13) 4-(2,14)
Target Locations:  0-(10,15) 1-(13,15) 2-(5,15) 3-(2,6) 4-(15,3)
Task Assignment: 0-4 1-1 2-0 3-2 4-3
Robot 2 finished At time 182
Time 184
Robots Locations 0-(15,10) 1-(13,15) 2-(10,15) 3-(6,14) 4-(1,13)
Target Locations:  0-(13,15) 1-(5,15) 2-(2,6) 3-(15,3) 4-(12,12)
Task Assignment: 0-3 1-0 2-4 3-1 4-2
Robot 1 finished At time 186
Time 188
Robots Locations 0-(15,9) 1-(13,15) 2-(10,14) 3-(5,15) 4-(1,12)
Target Locations:  0-(5,15) 1-(2,6) 2-(15,3) 3-(12,12) 4-(10,1)
Task Assignment: 0-4 1-2 2-3 3-0 4-1
Robot 3 finished At time 191
Time 193
Robots Locations 0-(15,8) 1-(14,15) 2-(11,13) 3-(5,15) 4-(1,11)
Target Locations:  0-(2,6) 1-(15,3) 2-(12,12) 3-(10,1) 4-(1,4)
Task Assignment: 0-3 1-2 2-1 3-0 4-4
Robot 1 finished At time 209
Time 211
Robots Locations 0-(12,4) 1-(12,12) 2-(13,9) 3-(3,12) 4-(1,6)
Target Locations:  0-(2,6) 1-(15,3) 2-(10,1) 3-(1,4) 4-(4,9)
Task Assignment: 0-2 1-4 2-1 3-0 4-3
Robot 4 finished At time 216
Time 218
Robots Locations 0-(11,2) 1-(9,11) 2-(14,6) 3-(3,9) 4-(1,4)
Target Locations:  0-(2,6) 1-(15,3) 2-(10,1) 3-(4,9) 4-(11,11)
Task Assignment: 0-2 1-4 2-1 3-3 4-0
Robot 0 finished At time 222
Time 224
Robots Locations 0-(10,1) 1-(10,10) 2-(14,5) 3-(4,9) 4-(2,5)
Target Locations:  0-(2,6) 1-(15,3) 2-(4,9) 3-(11,11) 4-(9,15)
Task Assignment: 0-1 1-4 2-3 3-2 4-0
Robot 3 finished At time 227
Time 229
Robots Locations 0-(11,0) 1-(10,11) 2-(14,4) 3-(4,9) 4-(2,6)
Target Locations:  0-(2,6) 1-(15,3) 2-(11,11) 3-(9,15) 4-(10,7)
Task Assignment: 0-1 1-2 2-4 3-3 4-0
Robot 4 finished At time 231
Time 233
Robots Locations 0-(12,1) 1-(11,12) 2-(13,5) 3-(5,10) 4-(2,6)
Target Locations:  0-(15,3) 1-(11,11) 2-(9,15) 3-(10,7) 4-(5,14)
Task Assignment: 0-0 1-1 2-3 3-2 4-4
Robot 1 finished At time 236
Time 239
Robots Locations 0-(13,2) 1-(11,11) 2-(11,6) 3-(6,11) 4-(3,8)
Target Locations:  0-(15,3) 1-(9,15) 2-(10,7) 3-(5,14) 4-(1,1)
Task Assignment: 0-0 1-1 2-2 3-3 4-4
Robot 2 finished At time 243
Time 246
Robots Locations 0-(15,3) 1-(10,12) 2-(10,7) 3-(5,13) 4-(3,6)
Target Locations:  0-(15,3) 1-(9,15) 2-(5,14) 3-(1,1) 4-(4,10)
Task Assignment: 0-0 1-1 2-4 3-2 4-3
Robot 0 finished At time 247
Time 249
Robots Locations 0-(15,3) 1-(10,12) 2-(10,7) 3-(5,14) 4-(3,6)
Target Locations:  0-(9,15) 1-(5,14) 2-(1,1) 3-(4,10) 4-(15,2)
Task Assignment: 0-4 1-0 2-3 3-1 4-2
Robot 3 finished At time 251
Time 254
Robots Locations 0-(15,2) 1-(9,14) 2-(9,8) 3-(5,14) 4-(2,5)
Target Locations:  0-(9,15) 1-(1,1) 2-(4,10) 3-(15,2) 4-(3,6)
Task Assignment: 0-3 1-0 2-4 3-2 4-1
Robot 0 finished At time 256
Time 258
Robots Locations 0-(15,2) 1-(9,15) 2-(7,7) 3-(4,14) 4-(2,4)
Target Locations:  0-(9,15) 1-(1,1) 2-(4,10) 3-(3,6) 4-(7,8)
Task Assignment: 0-4 1-0 2-3 3-2 4-1
Robot 1 finished At time 260
Time 262
Robots Locations 0-(14,2) 1-(9,15) 2-(7,7) 3-(4,13) 4-(2,3)
Target Locations:  0-(1,1) 1-(4,10) 2-(3,6) 3-(7,8) 4-(1,14)
Task Assignment: 0-3 1-1 2-2 3-4 4-0
Robot 4 finished At time 267
Time 269
Robots Locations 0-(12,4) 1-(7,14) 2-(4,6) 3-(2,13) 4-(1,1)
Target Locations:  0-(4,10) 1-(3,6) 2-(7,8) 3-(1,14) 4-(10,11)
Task Assignment: 0-2 1-4 2-0 3-3 4-1
Robot 3 finished At time 273
Time 275
Robots Locations 0-(10,5) 1-(8,12) 2-(3,8) 3-(1,14) 4-(2,1)
Target Locations:  0-(4,10) 1-(3,6) 2-(7,8) 3-(10,11) 4-(2,11)
Task Assignment: 0-2 1-3 2-0 3-4 4-1
Robot 2 finished At time 280
Time 282
Robots Locations 0-(8,7) 1-(10,11) 2-(4,10) 3-(1,12) 4-(3,4)
Target Locations:  0-(3,6) 1-(7,8) 2-(10,11) 3-(2,11) 4-(12,15)
Task Assignment: 0-2 1-4 2-1 3-3 4-0
Robot 3 finished At time 286
Time 289
Robots Locations 0-(9,9) 1-(11,13) 2-(6,9) 3-(2,11) 4-(3,6)
Target Locations:  0-(3,6) 1-(7,8) 2-(10,11) 3-(12,15) 4-(6,1)
Task Assignment: 0-2 1-3 2-1 3-0 4-4
Robot 2 finished At time 295
Time 297
Robots Locations 0-(10,11) 1-(12,15) 2-(7,8) 3-(3,8) 4-(5,4)
Target Locations:  0-(3,6) 1-(10,11) 2-(12,15) 3-(6,1) 4-(8,9)
Task Assignment: 0-1 1-2 2-4 3-0 4-3
Robot 0 finished At time 297
Time 300
Robots Locations 0-(10,11) 1-(12,15) 2-(7,8) 3-(3,8) 4-(5,4)
Target Locations:  0-(3,6) 1-(12,15) 2-(6,1) 3-(8,9) 4-(8,12)
Task Assignment: 0-4 1-1 2-3 3-0 4-2
Robot 1 finished At time 300
Time 303
Robots Locations 0-(10,11) 1-(12,15) 2-(7,8) 3-(3,8) 4-(5,4)
Target Locations:  0-(3,6) 1-(6,1) 2-(8,9) 3-(8,12) 4-(10,3)
Task Assignment: 0-2 1-3 2-4 3-0 4-1
Robot 3 finished At time 308
Robot 4 finished At time 310
Robot 0 finished At time 311
Robot 2 finished At time 314
Robot 1 finished At time 314
/mmd_msd2
Time 2
Robots Locations 0-(3,2) 1-(6,5) 2-(9,10) 3-(12,12) 4-(15,15)
Target Locations:  0-(12,3) 1-(14,5) 2-(6,13) 3-(14,12) 4-(1,8)
Task Assignment: 0-4 1-0 2-2 3-1 4-3
Robot 2 finished At time 12
Time 14
Robots Locations 0-(1,7) 1-(10,3) 2-(6,13) 3-(14,8) 4-(14,12)
Target Locations:  0-(12,3) 1-(14,5) 2-(14,12) 3-(1,8) 4-(5,14)
Task Assignment: 0-3 1-0 2-4 3-1 4-2
Robot 4 finished At time 14
Time 16
Robots Locations 0-(1,7) 1-(11,3) 2-(6,13) 3-(14,7) 4-(14,12)
Target Locations:  0-(12,3) 1-(14,5) 2-(1,8) 3-(5,14) 4-(11,6)
Task Assignment: 0-2 1-0 2-3 3-1 4-4
Robot 0 finished At time 20
Time 22
Robots Locations 0-(1,8) 1-(12,3) 2-(5,14) 3-(14,6) 4-(13,10)
Target Locations:  0-(12,3) 1-(14,5) 2-(5,14) 3-(11,6) 4-(13,4)
Task Assignment: 0-3 1-0 2-2 3-4 4-1
Robot 2 finished At time 22
Time 24
Robots Locations 0-(1,8) 1-(12,3) 2-(5,14) 3-(14,5) 4-(13,10)
Target Locations:  0-(12,3) 1-(14,5) 2-(11,6) 3-(13,4) 4-(9,2)
Task Assignment: 0-4 1-0 2-2 3-3 4-1
Robot 1 finished At time 25
Time 27
Robots Locations 0-(1,8) 1-(12,3) 2-(5,14) 3-(14,5) 4-(13,10)
Target Locations:  0-(14,5) 1-(11,6) 2-(13,4) 3-(9,2) 4-(5,6)
Task Assignment: 0-4 1-3 2-1 3-2 4-0
Robot 3 finished At time 31
Time 33
Robots Locations 0-(3,7) 1-(11,2) 2-(5,12) 3-(13,4) 4-(14,7)
Target Locations:  0-(14,5) 1-(11,6) 2-(9,2) 3-(5,6) 4-(9,6)
Task Assignment: 0-4 1-2 2-3 3-1 4-0
Robot 1 finished At time 38
Time 40
Robots Locations 0-(6,7) 1-(9,2) 2-(5,10) 3-(11,5) 4-(14,5)
Target Locations:  0-(14,5) 1-(11,6) 2-(5,6) 3-(9,6) 4-(9,3)
Task Assignment: 0-3 1-4 2-2 3-1 4-0
Robot 4 finished At time 41
Time 43
Robots Locations 0-(7,7) 1-(9,3) 2-(5,9) 3-(11,6) 4-(14,5)
Target Locations:  0-(11,6) 1-(5,6) 2-(9,6) 3-(9,3) 4-(10,3)
Task Assignment: 0-2 1-3 2-1 3-4 4-0
Robot 1 finished At time 47
Time 49
Robots Locations 0-(8,6) 1-(9,3) 2-(5,8) 3-(10,5) 4-(13,5)
Target Locations:  0-(11,6) 1-(5,6) 2-(9,6) 3-(10,3) 4-(2,13)
Task Assignment: 0-1 1-3 2-4 3-2 4-0
Robot 1 finished At time 55
Time 57
Robots Locations 0-(8,5) 1-(10,3) 2-(4,8) 3-(9,5) 4-(11,6)
Target Locations:  0-(11,6) 1-(5,6) 2-(9,6) 3-(2,13) 4-(4,7)
Task Assignment: 0-4 1-2 2-3 3-1 4-0
Robot 4 finished At time 59
Time 61
Robots Locations 0-(7,6) 1-(10,4) 2-(4,9) 3-(8,6) 4-(11,6)
Target Locations:  0-(5,6) 1-(9,6) 2-(2,13) 3-(4,7) 4-(2,7)
Task Assignment: 0-4 1-0 2-2 3-3 4-1
Robot 4 finished At time 66
Time 68
Robots Locations 0-(4,7) 1-(7,5) 2-(2,12) 3-(5,7) 4-(9,6)
Target Locations:  0-(5,6) 1-(2,13) 2-(4,7) 3-(2,7) 4-(13,1)
Task Assignment: 0-3 1-0 2-1 3-2 4-4
Robot 2 finished At time 72
Time 82
Robots Locations 0-(2,7) 1-(5,6) 2-(2,13) 3-(4,7) 4-(10,4)
Target Locations:  0-(5,6) 1-(4,7) 2-(2,7) 3-(13,1) 4-(15,3)
Task Assignment: 0-2 1-3 2-1 3-0 4-4
Robot 0 finished At time 82
Time 84
Robots Locations 0-(2,7) 1-(5,6) 2-(2,13) 3-(4,7) 4-(10,4)
Target Locations:  0-(5,6) 1-(4,7) 2-(13,1) 3-(15,3) 4-(6,7)
Task Assignment: 0-0 1-2 2-1 3-4 4-3
Robot 3 finished At time 93
Time 95
Robots Locations 0-(5,6) 1-(8,3) 2-(3,9) 3-(6,7) 4-(14,3)
Target Locations:  0-(5,6) 1-(4,7) 2-(13,1) 3-(15,3) 4-(7,11)
Task Assignment: 0-1 1-2 2-4 3-0 4-3
Robot 4 finished At time 98
Time 100
Robots Locations 0-(5,7) 1-(10,3) 2-(4,10) 3-(6,6) 4-(15,3)
Target Locations:  0-(5,6) 1-(4,7) 2-(13,1) 3-(7,11) 4-(6,8)
Task Assignment: 0-1 1-0 2-3 3-4 4-2
Robot 0 finished At time 103
Time 105
Robots Locations 0-(4,7) 1-(10,4) 2-(6,10) 3-(6,7) 4-(15,2)
Target Locations:  0-(5,6) 1-(13,1) 2-(7,11) 3-(6,8) 4-(10,15)
Task Assignment: 0-0 1-3 2-4 3-2 4-1
Robot 4 finished At time 109
Time 111
Robots Locations 0-(5,6) 1-(8,6) 2-(8,12) 3-(7,10) 4-(13,1)
Target Locations:  0-(5,6) 1-(7,11) 2-(6,8) 3-(10,15) 4-(12,12)
Task Assignment: 0-0 1-4 2-3 3-1 4-2
Robot 0 finished At time 113
Time 115
Robots Locations 0-(5,6) 1-(8,6) 2-(8,13) 3-(7,11) 4-(12,1)
Target Locations:  0-(7,11) 1-(6,8) 2-(10,15) 3-(12,12) 4-(15,12)
Task Assignment: 0-0 1-4 2-2 3-3 4-1
Robot 2 finished At time 121
Time 123
Robots Locations 0-(6,9) 1-(11,9) 2-(10,15) 3-(10,12) 4-(10,4)
Target Locations:  0-(7,11) 1-(6,8) 2-(12,12) 3-(15,12) 4-(2,14)
Task Assignment: 0-4 1-3 2-2 3-0 4-1
Robot 2 finished At time 132
Time 134
Robots Locations 0-(3,13) 1-(15,12) 2-(12,12) 3-(7,11) 4-(7,7)
Target Locations:  0-(7,11) 1-(6,8) 2-(15,12) 3-(2,14) 4-(13,15)
Task Assignment: 0-3 1-2 2-4 3-0 4-1
Robot 3 finished At time 136
Time 138
Robots Locations 0-(2,14) 1-(15,12) 2-(13,12) 3-(7,11) 4-(6,8)
Target Locations:  0-(6,8) 1-(15,12) 2-(2,14) 3-(13,15) 4-(5,15)
Task Assignment: 0-2 1-1 2-3 3-4 4-0
Robot 1 finished At time 138
Time 140
Robots Locations 0-(2,14) 1-(15,12) 2-(13,12) 3-(7,11) 4-(6,8)
Target Locations:  0-(6,8) 1-(2,14) 2-(13,15) 3-(5,15) 4-(2,6)
Task Assignment: 0-1 1-2 2-3 3-0 4-4
Robot 0 finished At time 143
Time 145
Robots Locations 0-(2,14) 1-(15,13) 2-(12,13) 3-(6,10) 4-(5,8)
Target Locations:  0-(6,8) 1-(13,15) 2-(5,15) 3-(2,6) 4-(15,3)
Task Assignment: 0-2 1-1 2-4 3-0 4-3
Robot 3 finished At time 150
Time 152
Robots Locations 0-(4,15) 1-(13,15) 2-(12,11) 3-(6,8) 4-(2,6)
Target Locations:  0-(13,15) 1-(5,15) 2-(2,6) 3-(15,3) 4-(12,12)
Task Assignment: 0-1 1-0 2-3 3-4 4-2
Robot 1 finished At time 153
Time 155
Robots Locations 0-(5,15) 1-(13,15) 2-(12,10) 3-(6,8) 4-(2,6)
Target Locations:  0-(5,15) 1-(2,6) 2-(15,3) 3-(12,12) 4-(10,1)
Task Assignment: 0-0 1-3 2-2 3-4 4-1
Robot 4 finished At time 157
Time 158
Robots Locations 0-(5,15) 1-(12,15) 2-(12,9) 3-(7,7) 4-(2,6)
Target Locations:  0-(5,15) 1-(15,3) 2-(12,12) 3-(10,1) 4-(1,4)
Task Assignment: 0-0 1-2 2-1 3-3 4-4
Robot 0 finished At time 159
Time 161
Robots Locations 0-(5,15) 1-(12,14) 2-(13,9) 3-(7,6) 4-(2,6)
Target Locations:  0-(15,3) 1-(12,12) 2-(10,1) 3-(1,4) 4-(4,9)
Task Assignment: 0-4 1-1 2-0 3-2 4-3
Robot 4 finished At time 166
Time 168
Robots Locations 0-(5,13) 1-(12,12) 2-(14,6) 3-(8,4) 4-(1,4)
Target Locations:  0-(15,3) 1-(12,12) 2-(10,1) 3-(4,9) 4-(11,11)
Task Assignment: 0-4 1-1 2-0 3-2 4-3
Robot 1 finished At time 169
Time 171
Robots Locations 0-(5,12) 1-(12,12) 2-(14,6) 3-(9,4) 4-(1,4)
Target Locations:  0-(15,3) 1-(10,1) 2-(4,9) 3-(11,11) 4-(9,15)
Task Assignment: 0-4 1-3 2-0 3-1 4-2
Robot 1 finished At time 175
Time 177
Robots Locations 0-(7,13) 1-(11,11) 2-(15,3) 3-(10,1) 4-(2,5)
Target Locations:  0-(15,3) 1-(10,1) 2-(4,9) 3-(9,15) 4-(10,7)
Task Assignment: 0-3 1-4 2-0 3-1 4-2
Robot 2 finished At time 180
Time 182
Robots Locations 0-(8,14) 1-(11,10) 2-(15,3) 3-(10,1) 4-(3,6)
Target Locations:  0-(10,1) 1-(4,9) 2-(9,15) 3-(10,7) 4-(5,14)
Task Assignment: 0-4 1-2 2-3 3-0 4-1
Robot 3 finished At time 182
Time 184
Robots Locations 0-(8,14) 1-(11,9) 2-(15,3) 3-(10,1) 4-(3,6)
Target Locations:  0-(4,9) 1-(9,15) 2-(10,7) 3-(5,14) 4-(1,1)
Task Assignment: 0-3 1-1 2-2 3-4 4-0
Robot 4 finished At time 190
Time 192
Robots Locations 0-(5,14) 1-(9,12) 2-(12,4) 3-(7,1) 4-(4,9)
Target Locations:  0-(9,15) 1-(10,7) 2-(5,14) 3-(1,1) 4-(4,10)
Task Assignment: 0-2 1-0 2-1 3-3 4-4
Robot 0 finished At time 197
Time 199
Robots Locations 0-(5,14) 1-(9,14) 2-(12,5) 3-(6,1) 4-(4,10)
Target Locations:  0-(9,15) 1-(10,7) 2-(1,1) 3-(4,10) 4-(15,2)
Task Assignment: 0-3 1-0 2-4 3-2 4-1
Robot 1 finished At time 207
Time 209
Robots Locations 0-(4,12) 1-(9,15) 2-(13,5) 3-(3,1) 4-(6,9)
Target Locations:  0-(10,7) 1-(1,1) 2-(4,10) 3-(15,2) 4-(3,6)
Task Assignment: 0-4 1-2 2-3 3-1 4-0
Robot 3 finished At time 214
Time 216
Robots Locations 0-(4,9) 1-(7,14) 2-(15,3) 3-(1,1) 4-(9,8)
Target Locations:  0-(10,7) 1-(4,10) 2-(15,2) 3-(3,6) 4-(7,8)
Task Assignment: 0-4 1-1 2-2 3-3 4-0
Robot 2 finished At time 220
Time 235
Robots Locations 0-(5,8) 1-(6,12) 2-(6,12) 3-(1,2) 4-(10,7)
Target Locations:  0-(10,7) 1-(4,10) 2-(3,6) 3-(7,8) 4-(1,14)
Task Assignment: 0-3 1-1 2-4 3-2 4-0
Robot 4 finished At time 236
Time 238
Robots Locations 0-(6,8) 1-(5,12) 2-(15,1) 3-(1,3) 4-(10,7)
Target Locations:  0-(4,10) 1-(3,6) 2-(7,8) 3-(1,14) 4-(10,11)
Task Assignment: 0-0 1-3 2-2 3-1 4-4
Robot 3 finished At time 246
Time 248
Robots Locations 0-(4,10) 1-(2,14) 2-(11,4) 3-(3,6) 4-(10,11)
Target Locations:  0-(4,10) 1-(7,8) 2-(1,14) 3-(10,11) 4-(2,11)
Task Assignment: 0-4 1-2 2-1 3-0 4-3
Robot 4 finished At time 251
Time 252
Robots Locations 0-(3,11) 1-(1,14) 2-(10,5) 3-(3,7) 4-(10,11)
Target Locations:  0-(4,10) 1-(7,8) 2-(1,14) 3-(2,11) 4-(12,15)
Task Assignment: 0-3 1-2 2-1 3-0 4-4
Robot 1 finished At time 253
Time 255
Robots Locations 0-(3,11) 1-(1,14) 2-(10,5) 3-(3,7) 4-(10,11)
Target Locations:  0-(4,10) 1-(7,8) 2-(2,11) 3-(12,15) 4-(6,1)
Task Assignment: 0-0 1-2 2-4 3-1 4-3
Robot 0 finished At time 262
Time 264
Robots Locations 0-(4,10) 1-(2,11) 2-(7,2) 3-(7,8) 4-(12,15)
Target Locations:  0-(7,8) 1-(2,11) 2-(12,15) 3-(6,1) 4-(8,9)
Task Assignment: 0-0 1-1 2-3 3-4 4-2
Robot 1 finished At time 266
Time 268
Robots Locations 0-(5,9) 1-(2,11) 2-(7,2) 3-(8,9) 4-(12,15)
Target Locations:  0-(7,8) 1-(12,15) 2-(6,1) 3-(8,9) 4-(8,12)
Task Assignment: 0-4 1-0 2-2 3-3 4-1
Robot 4 finished At time 268
Time 270
Robots Locations 0-(5,9) 1-(2,11) 2-(7,2) 3-(8,9) 4-(12,15)
Target Locations:  0-(7,8) 1-(6,1) 2-(8,9) 3-(8,12) 4-(10,3)
Task Assignment: 0-2 1-0 2-1 3-4 4-3
Robot 2 finished At time 274
Robot 0 finished At time 277
Robot 1 finished At time 281
Robot 4 finished At time 282
Robot 3 finished At time 283
