Goals: (1,7) (11,7) (1,2) (11,12) (2,1) (7,5) (6,13) (9,15) (12,11) (9,4) (11,9) (5,10) (14,2) (13,10) (4,12) (10,1) (14,4) (13,12) (8,14) (15,8) (12,2) (14,13) (4,10) (5,14) (2,8) (1,5) (6,5) (13,12) (6,5) (8,10) (3,9) (4,10) (6,1) (7,1) (1,14) (15,6) (10,4) (13,5) (4,5) (12,9) (6,5) (1,12) (8,11) (7,13) (15,5) (5,15) (9,9) (9,1) (1,14) (4,15)
/BLE
Time 2
Robots Locations 0-(3,3) 1-(6,6) 2-(9,9) 3-(12,12) 4-(15,15)
Target Locations:  0-(4,15) 1-(1,14) 2-(9,1) 3-(9,9) 4-(5,15)
Task Assignment: 2-3 1-2 3-4 4-0 0-1
Robot 2 finished At time 3
Time 4
Robots Locations 0-(3,3) 1-(5,5) 2-(9,9) 3-(12,12) 4-(15,15)
Target Locations:  0-(4,15) 1-(1,14) 2-(9,1) 3-(5,15) 4-(15,5)
Task Assignment: 1-2 2-4 3-3 4-0 0-1
Robot 1 finished At time 16
Time 18
Robots Locations 0-(2,9) 1-(9,1) 2-(14,6) 3-(6,15) 4-(9,15)
Target Locations:  0-(4,15) 1-(1,14) 2-(5,15) 3-(15,5) 4-(7,13)
Task Assignment: 3-2 2-3 4-4 0-1 1-0
Robot 2 finished At time 22
Time 24
Robots Locations 0-(1,11) 1-(10,2) 2-(15,5) 3-(5,15) 4-(8,14)
Target Locations:  0-(4,15) 1-(1,14) 2-(5,15) 3-(7,13) 4-(8,11)
Task Assignment: 3-2 4-3 0-1 2-4 1-0
Robot 3 finished At time 24
Time 26
Robots Locations 0-(1,11) 1-(9,2) 2-(15,5) 3-(5,15) 4-(8,14)
Target Locations:  0-(4,15) 1-(1,14) 2-(7,13) 3-(8,11) 4-(1,12)
Task Assignment: 0-4 3-0 4-2 1-3 2-1
Robot 0 finished At time 29
Time 31
Robots Locations 0-(1,12) 1-(9,4) 2-(15,6) 3-(4,15) 4-(7,13)
Target Locations:  0-(4,15) 1-(1,14) 2-(7,13) 3-(8,11) 4-(6,5)
Task Assignment: 3-0 4-2 0-1 1-4 2-3
Robot 3 finished At time 31
Time 33
Robots Locations 0-(1,12) 1-(9,4) 2-(15,6) 3-(4,15) 4-(7,13)
Target Locations:  0-(1,14) 1-(7,13) 2-(8,11) 3-(6,5) 4-(12,9)
Task Assignment: 4-1 0-0 1-3 2-4 3-2
Robot 4 finished At time 34
Time 36
Robots Locations 0-(1,12) 1-(9,4) 2-(15,6) 3-(4,15) 4-(7,13)
Target Locations:  0-(1,14) 1-(8,11) 2-(6,5) 3-(12,9) 4-(4,5)
Task Assignment: 0-0 4-1 1-2 2-3 3-4
Robot 0 finished At time 40
Time 42
Robots Locations 0-(1,14) 1-(6,5) 2-(13,8) 3-(4,12) 4-(8,11)
Target Locations:  0-(8,11) 1-(6,5) 2-(12,9) 3-(4,5) 4-(13,5)
Task Assignment: 4-0 1-1 2-2 3-3 0-4
Robot 4 finished At time 44
Time 46
Robots Locations 0-(2,14) 1-(6,5) 2-(12,9) 3-(4,12) 4-(8,11)
Target Locations:  0-(6,5) 1-(12,9) 2-(4,5) 3-(13,5) 4-(10,4)
Task Assignment: 1-0 2-1 3-2 4-4 0-3
Robot 1 finished At time 47
Time 49
Robots Locations 0-(2,14) 1-(6,5) 2-(12,9) 3-(4,11) 4-(8,10)
Target Locations:  0-(12,9) 1-(4,5) 2-(13,5) 3-(10,4) 4-(15,6)
Task Assignment: 2-0 1-1 4-3 3-2 0-4
Robot 2 finished At time 50
Time 52
Robots Locations 0-(3,14) 1-(5,5) 2-(12,9) 3-(4,10) 4-(8,10)
Target Locations:  0-(4,5) 1-(13,5) 2-(10,4) 3-(15,6) 4-(1,14)
Task Assignment: 1-0 0-4 2-1 4-2 3-3
Robot 1 finished At time 56
Time 58
Robots Locations 0-(2,13) 1-(4,5) 2-(12,8) 3-(6,10) 4-(9,7)
Target Locations:  0-(13,5) 1-(10,4) 2-(15,6) 3-(1,14) 4-(7,1)
Task Assignment: 0-3 4-1 2-0 1-4 3-2
Robot 0 finished At time 62
Time 64
Robots Locations 0-(1,14) 1-(4,4) 2-(13,6) 3-(8,9) 4-(10,5)
Target Locations:  0-(13,5) 1-(10,4) 2-(15,6) 3-(7,1) 4-(6,1)
Task Assignment: 4-1 2-0 1-4 3-2 0-3
Robot 2 finished At time 67
Time 69
Robots Locations 0-(1,13) 1-(5,2) 2-(13,5) 3-(10,8) 4-(10,4)
Target Locations:  0-(10,4) 1-(15,6) 2-(7,1) 3-(6,1) 4-(4,10)
Task Assignment: 4-0 1-3 2-1 0-4 3-2
Robot 4 finished At time 71
Time 73
Robots Locations 0-(1,13) 1-(6,1) 2-(13,5) 3-(10,8) 4-(10,4)
Target Locations:  0-(15,6) 1-(7,1) 2-(6,1) 3-(4,10) 4-(3,9)
Task Assignment: 1-2 2-0 0-3 4-1 3-4
Robot 1 finished At time 75
Time 77
Robots Locations 0-(2,12) 1-(6,1) 2-(15,6) 3-(9,7) 4-(9,3)
Target Locations:  0-(15,6) 1-(7,1) 2-(4,10) 3-(3,9) 4-(8,10)
Task Assignment: 2-0 1-1 0-2 3-4 4-3
Robot 2 finished At time 80
Time 82
Robots Locations 0-(3,11) 1-(7,1) 2-(15,6) 3-(8,9) 4-(8,4)
Target Locations:  0-(7,1) 1-(4,10) 2-(3,9) 3-(8,10) 4-(6,5)
Task Assignment: 1-0 3-3 0-1 4-4 2-2
Robot 1 finished At time 83
Time 85
Robots Locations 0-(4,10) 1-(7,1) 2-(15,6) 3-(8,9) 4-(8,4)
Target Locations:  0-(4,10) 1-(3,9) 2-(8,10) 3-(6,5) 4-(13,12)
Task Assignment: 0-0 3-2 4-3 2-4 1-1
Robot 0 finished At time 88
Time 90
Robots Locations 0-(4,10) 1-(7,2) 2-(15,8) 3-(8,10) 4-(6,5)
Target Locations:  0-(3,9) 1-(8,10) 2-(6,5) 3-(13,12) 4-(6,5)
Task Assignment: 4-2 3-1 0-0 1-4 2-3
Robot 3 finished At time 90
Time 92
Robots Locations 0-(4,10) 1-(7,3) 2-(14,8) 3-(8,10) 4-(6,5)
Target Locations:  0-(3,9) 1-(6,5) 2-(13,12) 3-(6,5) 4-(1,5)
Task Assignment: 4-1 0-0 1-3 2-2 3-4
Robot 4 finished At time 94
Time 96
Robots Locations 0-(3,9) 1-(6,4) 2-(14,9) 3-(7,10) 4-(6,5)
Target Locations:  0-(3,9) 1-(13,12) 2-(6,5) 3-(1,5) 4-(2,8)
Task Assignment: 0-0 4-2 2-1 1-3 3-4
Robot 4 finished At time 97
Time 98
Robots Locations 0-(3,9) 1-(6,4) 2-(14,9) 3-(7,10) 4-(6,5)
Target Locations:  0-(3,9) 1-(13,12) 2-(1,5) 3-(2,8) 4-(5,14)
Task Assignment: 0-0 2-1 3-4 4-2 1-3
Robot 0 finished At time 101
Time 103
Robots Locations 0-(3,9) 1-(6,4) 2-(13,11) 3-(6,11) 4-(5,5)
Target Locations:  0-(13,12) 1-(1,5) 2-(2,8) 3-(5,14) 4-(4,10)
Task Assignment: 2-0 0-2 3-4 4-1 1-3
Robot 0 finished At time 108
Time 109
Robots Locations 0-(2,8) 1-(5,6) 2-(13,12) 3-(4,10) 4-(2,5)
Target Locations:  0-(13,12) 1-(1,5) 2-(5,14) 3-(4,10) 4-(14,13)
Task Assignment: 3-3 2-0 4-1 0-2 1-4
Robot 2 finished At time 110
Time 112
Robots Locations 0-(2,8) 1-(5,6) 2-(13,12) 3-(4,10) 4-(2,5)
Target Locations:  0-(1,5) 1-(5,14) 2-(4,10) 3-(14,13) 4-(12,2)
Task Assignment: 3-2 4-0 2-3 0-1 1-4
Robot 3 finished At time 114
Time 116
Robots Locations 0-(1,9) 1-(6,6) 2-(14,13) 3-(4,10) 4-(1,5)
Target Locations:  0-(1,5) 1-(5,14) 2-(14,13) 3-(12,2) 4-(15,8)
Task Assignment: 2-2 4-0 3-1 1-3 0-4
Robot 4 finished At time 119
Time 121
Robots Locations 0-(2,9) 1-(7,6) 2-(14,13) 3-(3,10) 4-(1,5)
Target Locations:  0-(5,14) 1-(14,13) 2-(12,2) 3-(15,8) 4-(8,14)
Task Assignment: 2-1 3-0 1-2 0-4 4-3
Robot 2 finished At time 122
Time 125
Robots Locations 0-(3,9) 1-(7,5) 2-(14,13) 3-(3,11) 4-(1,5)
Target Locations:  0-(5,14) 1-(12,2) 2-(15,8) 3-(8,14) 4-(13,12)
Task Assignment: 2-4 3-0 1-1 0-3 4-2
Robot 2 finished At time 132
Time 134
Robots Locations 0-(6,12) 1-(11,3) 2-(13,12) 3-(5,14) 4-(4,6)
Target Locations:  0-(5,14) 1-(12,2) 2-(15,8) 3-(8,14) 4-(14,4)
Task Assignment: 3-0 1-1 0-3 2-2 4-4
Robot 3 finished At time 136
Time 138
Robots Locations 0-(6,12) 1-(11,2) 2-(13,12) 3-(5,14) 4-(5,6)
Target Locations:  0-(12,2) 1-(15,8) 2-(8,14) 3-(14,4) 4-(10,1)
Task Assignment: 1-0 0-2 2-1 4-4 3-3
Robot 1 finished At time 141
Time 154
Robots Locations 0-(8,14) 1-(12,2) 2-(14,10) 3-(6,14) 4-(6,5)
Target Locations:  0-(15,8) 1-(8,14) 2-(14,4) 3-(10,1) 4-(4,12)
Task Assignment: 0-1 1-3 2-0 3-4 4-2
Robot 0 finished At time 157
Time 159
Robots Locations 0-(8,14) 1-(11,1) 2-(15,9) 3-(6,13) 4-(8,5)
Target Locations:  0-(15,8) 1-(14,4) 2-(10,1) 3-(4,12) 4-(13,10)
Task Assignment: 1-2 2-0 3-3 4-1 0-4
Robot 2 finished At time 162
Time 164
Robots Locations 0-(9,13) 1-(10,1) 2-(15,8) 3-(4,12) 4-(9,4)
Target Locations:  0-(14,4) 1-(10,1) 2-(4,12) 3-(13,10) 4-(14,2)
Task Assignment: 1-1 3-2 2-3 4-0 0-4
Robot 1 finished At time 164
Time 166
Robots Locations 0-(10,13) 1-(10,1) 2-(15,8) 3-(4,12) 4-(10,4)
Target Locations:  0-(14,4) 1-(4,12) 2-(13,10) 3-(14,2) 4-(5,10)
Task Assignment: 3-1 2-2 4-0 1-3 0-4
Robot 3 finished At time 168
Time 170
Robots Locations 0-(9,12) 1-(10,1) 2-(15,7) 3-(4,12) 4-(10,4)
Target Locations:  0-(14,4) 1-(13,10) 2-(14,2) 3-(5,10) 4-(11,9)
Task Assignment: 3-3 2-0 0-4 1-2 4-1
Robot 3 finished At time 177
Time 179
Robots Locations 0-(11,9) 1-(13,2) 2-(14,4) 3-(5,10) 4-(12,8)
Target Locations:  0-(14,4) 1-(13,10) 2-(14,2) 3-(11,9) 4-(9,4)
Task Assignment: 0-3 2-0 1-2 4-1 3-4
Robot 2 finished At time 181
Time 183
Robots Locations 0-(11,9) 1-(14,2) 2-(14,4) 3-(6,9) 4-(12,9)
Target Locations:  0-(13,10) 1-(14,2) 2-(11,9) 3-(9,4) 4-(12,11)
Task Assignment: 0-2 1-1 4-0 2-3 3-4
Robot 0 finished At time 183
Time 185
Robots Locations 0-(11,9) 1-(14,2) 2-(14,4) 3-(6,9) 4-(13,9)
Target Locations:  0-(13,10) 1-(14,2) 2-(9,4) 3-(12,11) 4-(9,15)
Task Assignment: 1-1 4-0 0-3 2-2 3-4
Robot 1 finished At time 186
Time 188
Robots Locations 0-(12,9) 1-(14,2) 2-(14,4) 3-(6,9) 4-(13,9)
Target Locations:  0-(13,10) 1-(9,4) 2-(12,11) 3-(9,15) 4-(6,13)
Task Assignment: 4-0 0-2 3-4 2-1 1-3
Robot 4 finished At time 191
Time 192
Robots Locations 0-(12,10) 1-(14,3) 2-(12,4) 3-(6,11) 4-(13,10)
Target Locations:  0-(9,4) 1-(12,11) 2-(9,15) 3-(6,13) 4-(7,5)
Task Assignment: 0-1 3-3 2-0 4-2 1-4
Robot 0 finished At time 195
Time 197
Robots Locations 0-(12,11) 1-(13,4) 2-(11,4) 3-(6,12) 4-(13,11)
Target Locations:  0-(9,4) 1-(9,15) 2-(6,13) 3-(7,5) 4-(2,1)
Task Assignment: 3-2 2-0 0-1 1-3 4-4
Robot 3 finished At time 201
Time 203
Robots Locations 0-(11,13) 1-(11,4) 2-(9,4) 3-(6,13) 4-(12,9)
Target Locations:  0-(9,4) 1-(9,15) 2-(7,5) 3-(2,1) 4-(11,12)
Task Assignment: 2-0 0-4 3-1 1-2 4-3
Robot 2 finished At time 204
Time 206
Robots Locations 0-(10,13) 1-(10,4) 2-(9,4) 3-(6,13) 4-(11,9)
Target Locations:  0-(9,15) 1-(7,5) 2-(2,1) 3-(11,12) 4-(1,2)
Task Assignment: 0-3 2-1 3-0 1-2 4-4
Robot 0 finished At time 214
Time 216
Robots Locations 0-(11,12) 1-(7,3) 2-(7,5) 3-(9,15) 4-(9,7)
Target Locations:  0-(9,15) 1-(7,5) 2-(2,1) 3-(1,2) 4-(11,7)
Task Assignment: 3-0 2-1 4-4 1-2 0-3
Robot 2 finished At time 216
Time 218
Robots Locations 0-(11,12) 1-(7,3) 2-(7,5) 3-(9,15) 4-(8,7)
Target Locations:  0-(9,15) 1-(2,1) 2-(1,2) 3-(11,7) 4-(1,7)
Task Assignment: 3-0 4-3 1-1 2-4 0-2
Robot 3 finished At time 220
Robot 4 finished At time 226
Robot 1 finished At time 230
Robot 2 finished At time 241
Robot 0 finished At time 253
/MURDOCH
Time 2
Robots Locations 0-(3,3) 1-(6,6) 2-(9,9) 3-(12,12) 4-(15,15)
Target Locations:  0-(4,15) 1-(1,14) 2-(9,1) 3-(9,9) 4-(5,15)
Task Assignment: 2-0 0-1 3-2 1-3 4-4
Robot 1 finished At time 11
Time 13
Robots Locations 0-(2,8) 1-(9,9) 2-(6,13) 3-(11,7) 4-(10,15)
Target Locations:  0-(4,15) 1-(1,14) 2-(9,1) 3-(5,15) 4-(15,5)
Task Assignment: 2-0 0-1 3-2 4-3 1-4
Robot 2 finished At time 21
Time 23
Robots Locations 0-(1,13) 1-(13,7) 2-(4,15) 3-(9,3) 4-(6,15)
Target Locations:  0-(1,14) 1-(9,1) 2-(5,15) 3-(15,5) 4-(7,13)
Task Assignment: 0-0 3-1 4-2 1-3 2-4
Robot 4 finished At time 27
Time 29
Robots Locations 0-(1,14) 1-(14,5) 2-(5,16) 3-(9,1) 4-(5,15)
Target Locations:  0-(1,14) 1-(9,1) 2-(15,5) 3-(7,13) 4-(8,11)
Task Assignment: 0-0 3-1 1-2 2-3 4-4
Robot 0 finished At time 29
Time 31
Robots Locations 0-(1,14) 1-(15,5) 2-(5,16) 3-(9,1) 4-(5,15)
Target Locations:  0-(9,1) 1-(15,5) 2-(7,13) 3-(8,11) 4-(1,12)
Task Assignment: 3-0 1-1 2-2 4-3 0-4
Robot 3 finished At time 32
Time 34
Robots Locations 0-(1,14) 1-(15,5) 2-(5,16) 3-(9,1) 4-(5,15)
Target Locations:  0-(15,5) 1-(7,13) 2-(8,11) 3-(1,12) 4-(6,5)
Task Assignment: 1-0 2-1 4-2 0-3 3-4
Robot 1 finished At time 36
Time 38
Robots Locations 0-(0,14) 1-(15,5) 2-(6,15) 3-(8,1) 4-(5,14)
Target Locations:  0-(7,13) 1-(8,11) 2-(1,12) 3-(6,5) 4-(12,9)
Task Assignment: 2-0 4-1 0-2 3-3 1-4
Robot 0 finished At time 44
Time 45
Robots Locations 0-(1,12) 1-(14,7) 2-(7,13) 3-(7,4) 4-(7,12)
Target Locations:  0-(7,13) 1-(8,11) 2-(6,5) 3-(12,9) 4-(4,5)
Task Assignment: 2-0 4-1 3-2 1-3 0-4
Robot 2 finished At time 47
Time 49
Robots Locations 0-(1,11) 1-(14,7) 2-(7,13) 3-(6,4) 4-(8,11)
Target Locations:  0-(8,11) 1-(6,5) 2-(12,9) 3-(4,5) 4-(13,5)
Task Assignment: 4-0 3-1 1-2 0-3 2-4
Robot 4 finished At time 51
Time 52
Robots Locations 0-(2,10) 1-(13,8) 2-(8,12) 3-(6,5) 4-(8,11)
Target Locations:  0-(6,5) 1-(12,9) 2-(4,5) 3-(13,5) 4-(10,4)
Task Assignment: 3-0 1-1 0-2 2-3 4-4
Robot 3 finished At time 54
Time 56
Robots Locations 0-(2,10) 1-(12,9) 2-(8,12) 3-(6,5) 4-(8,10)
Target Locations:  0-(12,9) 1-(4,5) 2-(13,5) 3-(10,4) 4-(15,6)
Task Assignment: 1-0 0-1 2-2 4-3 3-4
Robot 1 finished At time 58
Time 60
Robots Locations 0-(3,8) 1-(12,9) 2-(9,10) 3-(7,6) 4-(9,9)
Target Locations:  0-(4,5) 1-(13,5) 2-(10,4) 3-(15,6) 4-(1,14)
Task Assignment: 0-0 2-1 4-2 3-3 1-4
Robot 0 finished At time 69
Time 71
Robots Locations 0-(4,5) 1-(9,9) 2-(12,7) 3-(11,6) 4-(10,6)
Target Locations:  0-(13,5) 1-(10,4) 2-(15,6) 3-(1,14) 4-(7,1)
Task Assignment: 2-0 4-1 3-2 1-3 0-4
Robot 4 finished At time 77
Time 79
Robots Locations 0-(6,2) 1-(7,11) 2-(13,5) 3-(13,7) 4-(10,4)
Target Locations:  0-(13,5) 1-(15,6) 2-(1,14) 3-(7,1) 4-(6,1)
Task Assignment: 2-0 3-1 1-2 0-3 4-4
Robot 2 finished At time 81
Time 83
Robots Locations 0-(6,2) 1-(6,11) 2-(13,5) 3-(13,6) 4-(9,3)
Target Locations:  0-(15,6) 1-(1,14) 2-(7,1) 3-(6,1) 4-(4,10)
Task Assignment: 3-0 1-1 0-2 4-3 2-4
Robot 0 finished At time 86
Time 88
Robots Locations 0-(7,1) 1-(4,12) 2-(12,5) 3-(15,6) 4-(8,2)
Target Locations:  0-(15,6) 1-(1,14) 2-(6,1) 3-(4,10) 4-(3,9)
Task Assignment: 3-0 1-1 4-2 2-3 0-4
Robot 3 finished At time 90
Time 92
Robots Locations 0-(8,1) 1-(3,13) 2-(11,5) 3-(15,6) 4-(7,2)
Target Locations:  0-(1,14) 1-(6,1) 2-(4,10) 3-(3,9) 4-(8,10)
Task Assignment: 1-0 4-1 2-2 0-3 3-4
Robot 4 finished At time 96
Time 98
Robots Locations 0-(7,2) 1-(1,14) 2-(9,7) 3-(14,7) 4-(6,1)
Target Locations:  0-(1,14) 1-(4,10) 2-(3,9) 3-(8,10) 4-(6,5)
Task Assignment: 1-0 2-1 0-2 3-3 4-4
Robot 1 finished At time 100
Time 101
Robots Locations 0-(6,3) 1-(1,14) 2-(9,7) 3-(13,8) 4-(5,1)
Target Locations:  0-(4,10) 1-(3,9) 2-(8,10) 3-(6,5) 4-(13,12)
Task Assignment: 2-0 0-1 3-2 4-3 1-4
Robot 4 finished At time 110
Time 112
Robots Locations 0-(4,7) 1-(5,14) 2-(5,10) 3-(9,10) 4-(6,5)
Target Locations:  0-(4,10) 1-(3,9) 2-(8,10) 3-(13,12) 4-(6,5)
Task Assignment: 2-0 0-1 3-2 1-3 4-4
Robot 4 finished At time 113
Time 115
Robots Locations 0-(4,7) 1-(5,14) 2-(4,10) 3-(9,10) 4-(6,5)
Target Locations:  0-(4,10) 1-(3,9) 2-(8,10) 3-(13,12) 4-(1,5)
Task Assignment: 2-0 0-1 3-2 1-3 4-4
Robot 2 finished At time 118
Time 120
Robots Locations 0-(3,9) 1-(6,14) 2-(4,10) 3-(8,10) 4-(5,5)
Target Locations:  0-(3,9) 1-(8,10) 2-(13,12) 3-(1,5) 4-(2,8)
Task Assignment: 0-0 3-1 1-2 4-3 2-4
Robot 3 finished At time 121
Time 123
Robots Locations 0-(3,9) 1-(7,13) 2-(3,10) 3-(8,10) 4-(4,5)
Target Locations:  0-(3,9) 1-(13,12) 2-(1,5) 3-(2,8) 4-(5,14)
Task Assignment: 0-0 1-1 4-2 2-3 3-4
Robot 0 finished At time 124
Time 126
Robots Locations 0-(3,9) 1-(8,13) 2-(3,10) 3-(8,10) 4-(4,5)
Target Locations:  0-(13,12) 1-(1,5) 2-(2,8) 3-(5,14) 4-(4,10)
Task Assignment: 1-0 4-1 2-2 3-3 0-4
Robot 4 finished At time 132
Time 134
Robots Locations 0-(4,10) 1-(11,12) 2-(2,8) 3-(6,13) 4-(1,5)
Target Locations:  0-(13,12) 1-(2,8) 2-(5,14) 3-(4,10) 4-(14,13)
Task Assignment: 1-0 2-1 3-2 0-3 4-4
Robot 0 finished At time 135
Time 137
Robots Locations 0-(4,10) 1-(11,12) 2-(2,8) 3-(5,13) 4-(1,5)
Target Locations:  0-(13,12) 1-(2,8) 2-(5,14) 3-(14,13) 4-(12,2)
Task Assignment: 1-0 2-1 3-2 4-3 0-4
Robot 2 finished At time 138
Time 140
Robots Locations 0-(5,10) 1-(12,12) 2-(2,8) 3-(5,14) 4-(0,6)
Target Locations:  0-(13,12) 1-(5,14) 2-(14,13) 3-(12,2) 4-(15,8)
Task Assignment: 1-0 3-1 4-2 0-3 2-4
Robot 3 finished At time 143
Time 145
Robots Locations 0-(5,9) 1-(13,12) 2-(2,7) 3-(5,14) 4-(1,6)
Target Locations:  0-(13,12) 1-(14,13) 2-(12,2) 3-(15,8) 4-(8,14)
Task Assignment: 1-0 4-1 0-2 2-3 3-4
Robot 1 finished At time 146
Time 148
Robots Locations 0-(6,8) 1-(13,12) 2-(3,7) 3-(5,15) 4-(2,6)
Target Locations:  0-(14,13) 1-(12,2) 2-(15,8) 3-(8,14) 4-(13,12)
Task Assignment: 4-0 0-1 2-2 3-3 1-4
Robot 1 finished At time 148
Time 150
Robots Locations 0-(6,8) 1-(13,12) 2-(3,7) 3-(5,15) 4-(2,6)
Target Locations:  0-(14,13) 1-(12,2) 2-(15,8) 3-(8,14) 4-(14,4)
Task Assignment: 4-0 0-1 2-2 3-3 1-4
Robot 3 finished At time 157
Time 159
Robots Locations 0-(9,5) 1-(14,8) 2-(7,7) 3-(8,14) 4-(5,8)
Target Locations:  0-(14,13) 1-(12,2) 2-(15,8) 3-(14,4) 4-(10,1)
Task Assignment: 4-0 0-1 2-2 1-3 3-4
Robot 1 finished At time 169
Time 170
Robots Locations 0-(12,2) 1-(14,4) 2-(12,8) 3-(9,10) 4-(8,11)
Target Locations:  0-(14,13) 1-(12,2) 2-(15,8) 3-(10,1) 4-(4,12)
Task Assignment: 4-0 0-1 2-2 3-3 1-4
Robot 0 finished At time 171
Time 174
Robots Locations 0-(12,2) 1-(14,4) 2-(13,8) 3-(9,10) 4-(9,11)
Target Locations:  0-(14,13) 1-(15,8) 2-(10,1) 3-(4,12) 4-(13,10)
Task Assignment: 4-0 2-1 3-2 1-3 0-4
Robot 2 finished At time 180
Time 182
Robots Locations 0-(13,5) 1-(11,6) 2-(15,8) 3-(10,6) 4-(12,12)
Target Locations:  0-(14,13) 1-(10,1) 2-(4,12) 3-(13,10) 4-(14,2)
Task Assignment: 4-0 3-1 1-2 0-3 2-4
Robot 4 finished At time 188
Time 190
Robots Locations 0-(13,8) 1-(8,8) 2-(15,5) 3-(10,3) 4-(14,13)
Target Locations:  0-(10,1) 1-(4,12) 2-(13,10) 3-(14,2) 4-(5,10)
Task Assignment: 3-0 1-1 0-2 2-3 4-4
Robot 3 finished At time 195
Time 197
Robots Locations 0-(13,10) 1-(6,10) 2-(14,2) 3-(10,1) 4-(13,13)
Target Locations:  0-(4,12) 1-(13,10) 2-(14,2) 3-(5,10) 4-(11,9)
Task Assignment: 1-0 0-1 2-2 4-3 3-4
Robot 0 finished At time 197
Time 199
Robots Locations 0-(13,10) 1-(6,10) 2-(14,2) 3-(10,1) 4-(12,13)
Target Locations:  0-(4,12) 1-(14,2) 2-(5,10) 3-(11,9) 4-(9,4)
Task Assignment: 1-0 2-1 4-2 3-3 0-4
Robot 2 finished At time 201
Time 204
Robots Locations 0-(12,10) 1-(5,11) 2-(14,2) 3-(11,1) 4-(11,13)
Target Locations:  0-(4,12) 1-(5,10) 2-(11,9) 3-(9,4) 4-(12,11)
Task Assignment: 1-0 4-1 3-2 0-3 2-4
Robot 1 finished At time 209
Time 211
Robots Locations 0-(11,8) 1-(4,12) 2-(13,4) 3-(11,4) 4-(9,12)
Target Locations:  0-(5,10) 1-(11,9) 2-(9,4) 3-(12,11) 4-(9,15)
Task Assignment: 4-0 3-1 0-2 2-3 1-4
Robot 4 finished At time 220
Time 222
Robots Locations 0-(9,4) 1-(8,14) 2-(12,9) 3-(10,7) 4-(5,10)
Target Locations:  0-(11,9) 1-(9,4) 2-(12,11) 3-(9,15) 4-(6,13)
Task Assignment: 3-0 0-1 2-2 1-3 4-4
Robot 0 finished At time 223
Time 225
Robots Locations 0-(9,4) 1-(8,15) 2-(12,9) 3-(11,7) 4-(5,10)
Target Locations:  0-(11,9) 1-(12,11) 2-(9,15) 3-(6,13) 4-(7,5)
Task Assignment: 3-0 2-1 1-2 4-3 0-4
Robot 1 finished At time 228
Time 230
Robots Locations 0-(8,4) 1-(9,15) 2-(12,11) 3-(11,9) 4-(5,12)
Target Locations:  0-(11,9) 1-(12,11) 2-(6,13) 3-(7,5) 4-(2,1)
Task Assignment: 3-0 2-1 4-2 0-3 1-4
Robot 3 finished At time 231
Time 233
Robots Locations 0-(7,5) 1-(10,15) 2-(12,11) 3-(11,9) 4-(6,12)
Target Locations:  0-(12,11) 1-(6,13) 2-(7,5) 3-(2,1) 4-(11,12)
Task Assignment: 2-0 4-1 0-2 1-3 3-4
Robot 2 finished At time 234
Time 236
Robots Locations 0-(7,5) 1-(10,14) 2-(12,11) 3-(11,9) 4-(6,12)
Target Locations:  0-(6,13) 1-(7,5) 2-(2,1) 3-(11,12) 4-(1,2)
Task Assignment: 4-0 0-1 1-2 3-3 2-4
Robot 0 finished At time 237
Time 239
Robots Locations 0-(7,5) 1-(9,14) 2-(11,11) 3-(11,10) 4-(6,13)
Target Locations:  0-(6,13) 1-(2,1) 2-(11,12) 3-(1,2) 4-(11,7)
Task Assignment: 4-0 1-1 3-2 2-3 0-4
Robot 4 finished At time 241
Time 243
Robots Locations 0-(7,6) 1-(9,13) 2-(11,11) 3-(11,10) 4-(6,13)
Target Locations:  0-(2,1) 1-(11,12) 2-(1,2) 3-(11,7) 4-(1,7)
Task Assignment: 1-0 3-1 2-2 0-3 4-4
Robot 0 finished At time 253
Robot 3 finished At time 256
Robot 4 finished At time 260
Robot 1 finished At time 267
Robot 2 finished At time 273
/mmdr
Time 3
Robots Locations 0-(3,3) 1-(6,6) 2-(9,9) 3-(13,12) 4-(15,15)
Target Locations:  0-(4,15) 1-(1,14) 2-(9,1) 3-(9,9) 4-(5,15)
Task Assignment: 0-2 1-1 2-0 3-4 4-3
Robot 0 finished At time 18
Time 20
Robots Locations 0-(9,1) 1-(2,13) 2-(4,15) 3-(6,15) 4-(10,10)
Target Locations:  0-(4,15) 1-(1,14) 2-(9,9) 3-(5,15) 4-(15,5)
Task Assignment: 0-4 1-1 2-0 3-3 4-2
Robot 2 finished At time 22
Time 24
Robots Locations 0-(10,1) 1-(1,14) 2-(4,15) 3-(5,15) 4-(10,9)
Target Locations:  0-(1,14) 1-(9,9) 2-(5,15) 3-(15,5) 4-(7,13)
Task Assignment: 0-3 1-0 2-2 3-4 4-1
Robot 1 finished At time 26
Time 29
Robots Locations 0-(11,2) 1-(1,14) 2-(5,16) 3-(5,14) 4-(9,9)
Target Locations:  0-(9,9) 1-(5,15) 2-(15,5) 3-(7,13) 4-(8,11)
Task Assignment: 0-2 1-1 2-3 3-4 4-0
Robot 4 finished At time 29
Time 32
Robots Locations 0-(11,2) 1-(1,14) 2-(5,16) 3-(5,14) 4-(9,9)
Target Locations:  0-(5,15) 1-(15,5) 2-(7,13) 3-(8,11) 4-(1,12)
Task Assignment: 0-1 1-4 2-0 3-2 4-3
Robot 2 finished At time 35
Time 38
Robots Locations 0-(12,3) 1-(0,14) 2-(5,15) 3-(7,13) 4-(8,10)
Target Locations:  0-(15,5) 1-(7,13) 2-(8,11) 3-(1,12) 4-(6,5)
Task Assignment: 0-0 1-3 2-1 3-2 4-4
Robot 1 finished At time 43
Time 45
Robots Locations 0-(15,5) 1-(1,12) 2-(7,13) 3-(8,11) 4-(7,9)
Target Locations:  0-(15,5) 1-(7,13) 2-(8,11) 3-(6,5) 4-(12,9)
Task Assignment: 0-0 1-1 2-2 3-4 4-3
Robot 0 finished At time 48
Time 50
Robots Locations 0-(15,5) 1-(2,12) 2-(7,12) 3-(9,10) 4-(7,7)
Target Locations:  0-(7,13) 1-(8,11) 2-(6,5) 3-(12,9) 4-(4,5)
Task Assignment: 0-3 1-0 2-1 3-2 4-4
Robot 2 finished At time 54
Time 56
Robots Locations 0-(14,7) 1-(4,12) 2-(8,11) 3-(8,9) 4-(5,6)
Target Locations:  0-(7,13) 1-(6,5) 2-(12,9) 3-(4,5) 4-(13,5)
Task Assignment: 0-4 1-0 2-2 3-1 4-3
Robot 4 finished At time 59
Time 62
Robots Locations 0-(13,6) 1-(6,13) 2-(10,10) 3-(7,7) 4-(4,5)
Target Locations:  0-(7,13) 1-(6,5) 2-(12,9) 3-(13,5) 4-(10,4)
Task Assignment: 0-3 1-0 2-2 3-4 4-1
Robot 1 finished At time 65
Time 67
Robots Locations 0-(13,5) 1-(7,13) 2-(11,9) 3-(8,6) 4-(5,4)
Target Locations:  0-(6,5) 1-(12,9) 2-(13,5) 3-(10,4) 4-(15,6)
Task Assignment: 0-4 1-1 2-2 3-3 4-0
Robot 4 finished At time 72
Time 74
Robots Locations 0-(15,6) 1-(9,11) 2-(12,7) 3-(10,4) 4-(6,5)
Target Locations:  0-(12,9) 1-(13,5) 2-(10,4) 3-(15,6) 4-(1,14)
Task Assignment: 0-3 1-4 2-0 3-1 4-2
Robot 0 finished At time 77
Time 79
Robots Locations 0-(15,6) 1-(9,11) 2-(13,7) 3-(11,4) 4-(7,5)
Target Locations:  0-(12,9) 1-(13,5) 2-(10,4) 3-(1,14) 4-(7,1)
Task Assignment: 0-1 1-3 2-0 3-2 4-4
Robot 2 finished At time 84
Time 87
Robots Locations 0-(13,5) 1-(6,12) 2-(12,9) 3-(10,4) 4-(7,2)
Target Locations:  0-(13,5) 1-(10,4) 2-(1,14) 3-(7,1) 4-(6,1)
Task Assignment: 0-1 1-2 2-0 3-3 4-4
Robot 4 finished At time 91
Time 93
Robots Locations 0-(11,4) 1-(3,13) 2-(12,8) 3-(8,2) 4-(6,1)
Target Locations:  0-(13,5) 1-(10,4) 2-(1,14) 3-(7,1) 4-(4,10)
Task Assignment: 0-0 1-2 2-4 3-1 4-3
Robot 4 finished At time 99
Time 102
Robots Locations 0-(13,5) 1-(1,14) 2-(9,8) 3-(9,4) 4-(7,1)
Target Locations:  0-(13,5) 1-(10,4) 2-(1,14) 3-(4,10) 4-(3,9)
Task Assignment: 0-0 1-2 2-3 3-4 4-1
Robot 1 finished At time 102
Time 105
Robots Locations 0-(13,5) 1-(1,14) 2-(9,8) 3-(10,4) 4-(7,1)
Target Locations:  0-(13,5) 1-(10,4) 2-(4,10) 3-(3,9) 4-(8,10)
Task Assignment: 0-0 1-3 2-2 3-4 4-1
Robot 0 finished At time 107
Time 109
Robots Locations 0-(13,5) 1-(0,13) 2-(8,8) 3-(9,5) 4-(8,2)
Target Locations:  0-(10,4) 1-(4,10) 2-(3,9) 3-(8,10) 4-(6,5)
Task Assignment: 0-0 1-2 2-1 3-3 4-4
Robot 4 finished At time 118
Time 120
Robots Locations 0-(10,4) 1-(3,9) 2-(4,10) 3-(8,10) 4-(6,5)
Target Locations:  0-(10,4) 1-(4,10) 2-(3,9) 3-(8,10) 4-(13,12)
Task Assignment: 0-0 1-2 2-1 3-4 4-3
Robot 2 finished At time 121
Time 124
Robots Locations 0-(10,4) 1-(3,9) 2-(4,10) 3-(8,10) 4-(6,6)
Target Locations:  0-(10,4) 1-(3,9) 2-(8,10) 3-(13,12) 4-(6,5)
Task Assignment: 0-0 1-1 2-2 3-3 4-4
Robot 0 finished At time 124
Time 127
Robots Locations 0-(10,4) 1-(3,9) 2-(4,10) 3-(8,10) 4-(6,6)
Target Locations:  0-(3,9) 1-(8,10) 2-(13,12) 3-(6,5) 4-(1,5)
Task Assignment: 0-3 1-4 2-0 3-2 4-1
Robot 2 finished At time 132
Time 134
Robots Locations 0-(7,5) 1-(2,7) 2-(3,9) 3-(11,11) 4-(7,8)
Target Locations:  0-(8,10) 1-(13,12) 2-(6,5) 3-(1,5) 4-(2,8)
Task Assignment: 0-2 1-3 2-4 3-1 4-0
Robot 0 finished At time 138
Time 141
Robots Locations 0-(6,5) 1-(1,5) 2-(2,8) 3-(13,12) 4-(8,10)
Target Locations:  0-(8,10) 1-(13,12) 2-(1,5) 3-(2,8) 4-(5,14)
Task Assignment: 0-0 1-2 2-3 3-1 4-4
Robot 2 finished At time 141
Time 144
Robots Locations 0-(6,5) 1-(1,5) 2-(2,8) 3-(13,12) 4-(8,10)
Target Locations:  0-(8,10) 1-(13,12) 2-(1,5) 3-(5,14) 4-(4,10)
Task Assignment: 0-0 1-2 2-4 3-1 4-3
Robot 1 finished At time 144
Time 147
Robots Locations 0-(6,5) 1-(1,5) 2-(2,8) 3-(13,12) 4-(8,10)
Target Locations:  0-(8,10) 1-(13,12) 2-(5,14) 3-(4,10) 4-(14,13)
Task Assignment: 0-0 1-3 2-2 3-4 4-1
Robot 3 finished At time 151
Time 154
Robots Locations 0-(7,8) 1-(2,6) 2-(3,9) 3-(14,13) 4-(10,11)
Target Locations:  0-(8,10) 1-(13,12) 2-(5,14) 3-(4,10) 4-(12,2)
Task Assignment: 0-4 1-3 2-2 3-1 4-0
Robot 3 finished At time 161
Time 163
Robots Locations 0-(9,5) 1-(4,9) 2-(5,13) 3-(13,12) 4-(8,10)
Target Locations:  0-(8,10) 1-(5,14) 2-(4,10) 3-(12,2) 4-(15,8)
Task Assignment: 0-3 1-2 2-1 3-4 4-0
Robot 4 finished At time 164
Time 166
Robots Locations 0-(10,5) 1-(4,10) 2-(5,13) 3-(13,12) 4-(8,10)
Target Locations:  0-(5,14) 1-(4,10) 2-(12,2) 3-(15,8) 4-(8,14)
Task Assignment: 0-2 1-1 2-0 3-3 4-4
Robot 1 finished At time 169
Time 170
Robots Locations 0-(10,4) 1-(4,10) 2-(5,14) 3-(14,11) 4-(8,11)
Target Locations:  0-(5,14) 1-(12,2) 2-(15,8) 3-(8,14) 4-(13,12)
Task Assignment: 0-1 1-0 2-3 3-2 4-4
Robot 0 finished At time 177
Time 179
Robots Locations 0-(12,2) 1-(5,14) 2-(8,14) 3-(15,8) 4-(11,12)
Target Locations:  0-(5,14) 1-(15,8) 2-(8,14) 3-(13,12) 4-(14,4)
Task Assignment: 0-4 1-0 2-2 3-1 4-3
Robot 3 finished At time 180
Time 182
Robots Locations 0-(12,2) 1-(5,14) 2-(8,14) 3-(15,8) 4-(11,12)
Target Locations:  0-(5,14) 1-(8,14) 2-(13,12) 3-(14,4) 4-(10,1)
Task Assignment: 0-4 1-0 2-1 3-3 4-2
Robot 2 finished At time 183
Time 185
Robots Locations 0-(12,2) 1-(5,14) 2-(8,14) 3-(15,8) 4-(11,12)
Target Locations:  0-(5,14) 1-(13,12) 2-(14,4) 3-(10,1) 4-(4,12)
Task Assignment: 0-3 1-4 2-0 3-2 4-1
Robot 4 finished At time 190
Time 193
Robots Locations 0-(11,1) 1-(4,13) 2-(7,13) 3-(14,5) 4-(13,12)
Target Locations:  0-(5,14) 1-(14,4) 2-(10,1) 3-(4,12) 4-(13,10)
Task Assignment: 0-2 1-3 2-0 3-1 4-4
Robot 1 finished At time 197
Time 199
Robots Locations 0-(10,1) 1-(4,12) 2-(5,14) 3-(14,4) 4-(13,10)
Target Locations:  0-(5,14) 1-(14,4) 2-(10,1) 3-(13,10) 4-(14,2)
Task Assignment: 0-2 1-0 2-3 3-4 4-1
Robot 0 finished At time 200
Time 202
Robots Locations 0-(10,1) 1-(4,12) 2-(5,14) 3-(14,4) 4-(13,10)
Target Locations:  0-(5,14) 1-(14,4) 2-(13,10) 3-(14,2) 4-(5,10)
Task Assignment: 0-3 1-4 2-0 3-1 4-2
Robot 2 finished At time 203
Time 205
Robots Locations 0-(10,1) 1-(4,12) 2-(5,14) 3-(14,4) 4-(13,10)
Target Locations:  0-(14,4) 1-(13,10) 2-(14,2) 3-(5,10) 4-(11,9)
Task Assignment: 0-2 1-3 2-4 3-0 4-1
Robot 4 finished At time 207
Time 209
Robots Locations 0-(10,2) 1-(4,11) 2-(5,15) 3-(14,4) 4-(13,10)
Target Locations:  0-(14,4) 1-(14,2) 2-(5,10) 3-(11,9) 4-(9,4)
Task Assignment: 0-4 1-3 2-2 3-1 4-0
Robot 0 finished At time 215
Time 217
Robots Locations 0-(9,4) 1-(8,10) 2-(5,12) 3-(14,2) 4-(14,7)
Target Locations:  0-(14,4) 1-(14,2) 2-(5,10) 3-(11,9) 4-(12,11)
Task Assignment: 0-0 1-3 2-2 3-1 4-4
Robot 3 finished At time 218
Time 220
Robots Locations 0-(9,4) 1-(8,10) 2-(5,11) 3-(14,2) 4-(13,6)
Target Locations:  0-(14,4) 1-(5,10) 2-(11,9) 3-(12,11) 4-(9,15)
Task Assignment: 0-2 1-4 2-1 3-0 4-3
Robot 2 finished At time 225
Time 227
Robots Locations 0-(10,7) 1-(9,12) 2-(5,10) 3-(14,3) 4-(13,8)
Target Locations:  0-(14,4) 1-(11,9) 2-(12,11) 3-(9,15) 4-(6,13)
Task Assignment: 0-1 1-3 2-4 3-0 4-2
Robot 3 finished At time 231
Time 233
Robots Locations 0-(11,9) 1-(9,14) 2-(6,11) 3-(14,4) 4-(12,10)
Target Locations:  0-(11,9) 1-(12,11) 2-(9,15) 3-(6,13) 4-(7,5)
Task Assignment: 0-4 1-2 2-3 3-0 4-1
Robot 1 finished At time 237
Time 239
Robots Locations 0-(10,8) 1-(9,15) 2-(6,13) 3-(13,6) 4-(12,11)
Target Locations:  0-(11,9) 1-(12,11) 2-(6,13) 3-(7,5) 4-(2,1)
Task Assignment: 0-4 1-1 2-2 3-3 4-0
Robot 2 finished At time 242
Time 244
Robots Locations 0-(9,7) 1-(10,15) 2-(6,13) 3-(12,6) 4-(11,11)
Target Locations:  0-(11,9) 1-(12,11) 2-(7,5) 3-(2,1) 4-(11,12)
Task Assignment: 0-3 1-1 2-4 3-2 4-0
Robot 4 finished At time 249
Time 252
Robots Locations 0-(7,5) 1-(11,13) 2-(8,13) 3-(9,5) 4-(11,9)
Target Locations:  0-(12,11) 1-(7,5) 2-(2,1) 3-(11,12) 4-(1,2)
Task Assignment: 0-2 1-0 2-3 3-4 4-1
Robot 1 finished At time 257
Time 259
Robots Locations 0-(5,4) 1-(12,11) 2-(11,12) 3-(6,4) 4-(9,7)
Target Locations:  0-(7,5) 1-(2,1) 2-(11,12) 3-(1,2) 4-(11,7)
Task Assignment: 0-1 1-4 2-2 3-3 4-0
Robot 2 finished At time 261
Time 263
Robots Locations 0-(4,3) 1-(12,10) 2-(11,12) 3-(6,4) 4-(8,6)
Target Locations:  0-(7,5) 1-(2,1) 2-(1,2) 3-(11,7) 4-(1,7)
Task Assignment: 0-1 1-0 2-3 3-2 4-4
Robot 0 finished At time 269
Robot 3 finished At time 273
Robot 2 finished At time 273
Robot 1 finished At time 277
Robot 4 finished At time 278
/mmd_msd2
Time 2
Robots Locations 0-(3,3) 1-(5,6) 2-(9,10) 3-(12,12) 4-(15,15)
Target Locations:  0-(4,15) 1-(1,14) 2-(9,1) 3-(9,9) 4-(5,15)
Task Assignment: 0-2 1-1 2-0 3-4 4-3
Robot 0 finished At time 15
Time 17
Robots Locations 0-(9,1) 1-(2,13) 2-(4,15) 3-(6,15) 4-(11,11)
Target Locations:  0-(4,15) 1-(1,14) 2-(9,9) 3-(5,15) 4-(15,5)
Task Assignment: 0-4 1-1 2-0 3-3 4-2
Robot 2 finished At time 19
Time 20
Robots Locations 0-(10,1) 1-(1,14) 2-(4,15) 3-(5,15) 4-(10,10)
Target Locations:  0-(1,14) 1-(9,9) 2-(5,15) 3-(15,5) 4-(7,13)
Task Assignment: 0-3 1-0 2-2 3-4 4-1
Robot 1 finished At time 23
Time 25
Robots Locations 0-(11,2) 1-(1,14) 2-(5,16) 3-(5,14) 4-(9,9)
Target Locations:  0-(9,9) 1-(5,15) 2-(15,5) 3-(7,13) 4-(8,11)
Task Assignment: 0-2 1-1 2-3 3-4 4-0
Robot 4 finished At time 27
Time 29
Robots Locations 0-(12,3) 1-(1,15) 2-(5,15) 3-(6,13) 4-(9,9)
Target Locations:  0-(5,15) 1-(15,5) 2-(7,13) 3-(8,11) 4-(1,12)
Task Assignment: 0-1 1-4 2-0 3-2 4-3
Robot 3 finished At time 33
Time 35
Robots Locations 0-(14,4) 1-(1,13) 2-(5,15) 3-(7,13) 4-(8,11)
Target Locations:  0-(5,15) 1-(15,5) 2-(8,11) 3-(1,12) 4-(6,5)
Task Assignment: 0-1 1-3 2-0 3-2 4-4
Robot 2 finished At time 37
Time 39
Robots Locations 0-(15,5) 1-(1,12) 2-(5,15) 3-(7,12) 4-(7,11)
Target Locations:  0-(15,5) 1-(8,11) 2-(1,12) 3-(6,5) 4-(12,9)
Task Assignment: 0-0 1-2 2-1 3-4 4-3
Robot 1 finished At time 41
Time 43
Robots Locations 0-(15,5) 1-(1,12) 2-(6,14) 3-(8,12) 4-(7,10)
Target Locations:  0-(15,5) 1-(8,11) 2-(6,5) 3-(12,9) 4-(4,5)
Task Assignment: 0-0 1-4 2-1 3-3 4-2
Robot 0 finished At time 44
Time 46
Robots Locations 0-(15,5) 1-(1,11) 2-(6,14) 3-(9,11) 4-(7,9)
Target Locations:  0-(8,11) 1-(6,5) 2-(12,9) 3-(4,5) 4-(13,5)
Task Assignment: 0-4 1-3 2-0 3-2 4-1
Robot 0 finished At time 58
Time 60
Robots Locations 0-(13,5) 1-(3,7) 2-(8,11) 3-(12,9) 4-(6,5)
Target Locations:  0-(8,11) 1-(6,5) 2-(12,9) 3-(4,5) 4-(10,4)
Task Assignment: 0-4 1-3 2-0 3-2 4-1
Robot 2 finished At time 61
Time 63
Robots Locations 0-(13,5) 1-(3,7) 2-(8,11) 3-(12,9) 4-(6,5)
Target Locations:  0-(6,5) 1-(12,9) 2-(4,5) 3-(10,4) 4-(15,6)
Task Assignment: 0-3 1-2 2-1 3-4 4-0
Robot 4 finished At time 65
Time 67
Robots Locations 0-(12,5) 1-(3,6) 2-(9,11) 3-(13,8) 4-(6,5)
Target Locations:  0-(12,9) 1-(4,5) 2-(10,4) 3-(15,6) 4-(1,14)
Task Assignment: 0-2 1-4 2-0 3-3 4-1
Robot 0 finished At time 72
Time 74
Robots Locations 0-(10,4) 1-(4,8) 2-(11,9) 3-(15,6) 4-(4,5)
Target Locations:  0-(12,9) 1-(4,5) 2-(15,6) 3-(1,14) 4-(7,1)
Task Assignment: 0-4 1-3 2-0 3-2 4-1
Robot 4 finished At time 75
Time 89
Robots Locations 0-(-1,-1) 1-(4,8) 2-(12,9) 3-(15,6) 4-(4,5)
Target Locations:  0-(12,9) 1-(15,6) 2-(1,14) 3-(7,1) 4-(6,1)
Task Assignment: 0-4 1-2 2-0 3-1 4-3
Robot 3 finished At time 91
Time 93
Robots Locations 0-(9,3) 1-(3,9) 2-(12,9) 3-(15,6) 4-(4,4)
Target Locations:  0-(12,9) 1-(1,14) 2-(7,1) 3-(6,1) 4-(4,10)
Task Assignment: 0-2 1-1 2-4 3-0 4-3
Robot 0 finished At time 99
Time 101
Robots Locations 0-(7,1) 1-(2,12) 2-(9,9) 3-(14,8) 4-(6,1)
Target Locations:  0-(12,9) 1-(1,14) 2-(6,1) 3-(4,10) 4-(3,9)
Task Assignment: 0-4 1-1 2-3 3-0 4-2
Robot 1 finished At time 105
Time 107
Robots Locations 0-(6,1) 1-(1,14) 2-(7,9) 3-(12,9) 4-(6,1)
Target Locations:  0-(12,9) 1-(6,1) 2-(4,10) 3-(3,9) 4-(8,10)
Task Assignment: 0-1 1-2 2-4 3-0 4-3
Robot 3 finished At time 109
Time 110
Robots Locations 0-(6,1) 1-(1,15) 2-(7,10) 3-(12,9) 4-(6,1)
Target Locations:  0-(6,1) 1-(4,10) 2-(3,9) 3-(8,10) 4-(6,5)
Task Assignment: 0-0 1-1 2-2 3-3 4-4
Robot 0 finished At time 115
Time 117
Robots Locations 0-(6,1) 1-(3,12) 2-(5,10) 3-(9,10) 4-(6,4)
Target Locations:  0-(4,10) 1-(3,9) 2-(8,10) 3-(6,5) 4-(13,12)
Task Assignment: 0-3 1-0 2-2 3-4 4-1
Robot 1 finished At time 124
Time 126
Robots Locations 0-(6,3) 1-(4,10) 2-(7,10) 3-(11,11) 4-(4,7)
Target Locations:  0-(3,9) 1-(8,10) 2-(6,5) 3-(13,12) 4-(6,5)
Task Assignment: 0-2 1-0 2-1 3-3 4-4
Robot 2 finished At time 130
Time 132
Robots Locations 0-(6,5) 1-(3,9) 2-(8,10) 3-(13,12) 4-(5,7)
Target Locations:  0-(3,9) 1-(6,5) 2-(13,12) 3-(6,5) 4-(1,5)
Task Assignment: 0-1 1-0 2-3 3-2 4-4
Robot 1 finished At time 133
Time 134
Robots Locations 0-(6,5) 1-(3,9) 2-(8,10) 3-(13,12) 4-(5,7)
Target Locations:  0-(6,5) 1-(13,12) 2-(6,5) 3-(1,5) 4-(2,8)
Task Assignment: 0-0 1-4 2-2 3-1 4-3
Robot 3 finished At time 135
Time 137
Robots Locations 0-(6,5) 1-(3,9) 2-(8,10) 3-(13,12) 4-(5,7)
Target Locations:  0-(6,5) 1-(6,5) 2-(1,5) 3-(2,8) 4-(5,14)
Task Assignment: 0-0 1-3 2-1 3-4 4-2
Robot 0 finished At time 137
Time 139
Robots Locations 0-(6,5) 1-(3,9) 2-(9,10) 3-(13,12) 4-(5,6)
Target Locations:  0-(6,5) 1-(1,5) 2-(2,8) 3-(5,14) 4-(4,10)
Task Assignment: 0-0 1-2 2-4 3-3 4-1
Robot 0 finished At time 140
Time 142
Robots Locations 0-(6,5) 1-(3,9) 2-(9,10) 3-(13,12) 4-(5,6)
Target Locations:  0-(1,5) 1-(2,8) 2-(5,14) 3-(4,10) 4-(14,13)
Task Assignment: 0-0 1-3 2-2 3-4 4-1
Robot 3 finished At time 146
Time 148
Robots Locations 0-(4,5) 1-(4,9) 2-(7,10) 3-(14,13) 4-(3,7)
Target Locations:  0-(1,5) 1-(2,8) 2-(5,14) 3-(4,10) 4-(12,2)
Task Assignment: 0-4 1-1 2-3 3-2 4-0
Robot 1 finished At time 155
Time 157
Robots Locations 0-(6,4) 1-(2,8) 2-(4,10) 3-(11,14) 4-(1,5)
Target Locations:  0-(1,5) 1-(5,14) 2-(4,10) 3-(12,2) 4-(15,8)
Task Assignment: 0-3 1-2 2-1 3-4 4-0
Robot 4 finished At time 158
Time 160
Robots Locations 0-(7,4) 1-(2,8) 2-(4,10) 3-(11,14) 4-(1,5)
Target Locations:  0-(5,14) 1-(4,10) 2-(12,2) 3-(15,8) 4-(8,14)
Task Assignment: 0-2 1-0 2-4 3-3 4-1
Robot 0 finished At time 171
Time 173
Robots Locations 0-(12,2) 1-(4,12) 2-(8,14) 3-(14,9) 4-(3,9)
Target Locations:  0-(5,14) 1-(4,10) 2-(15,8) 3-(8,14) 4-(13,12)
Task Assignment: 0-2 1-0 2-3 3-4 4-1
Robot 2 finished At time 176
Time 178
Robots Locations 0-(13,3) 1-(5,14) 2-(8,14) 3-(15,9) 4-(4,10)
Target Locations:  0-(5,14) 1-(4,10) 2-(15,8) 3-(13,12) 4-(14,4)
Task Assignment: 0-4 1-0 2-3 3-2 4-1
Robot 4 finished At time 179
Time 181
Robots Locations 0-(13,3) 1-(5,14) 2-(9,14) 3-(14,10) 4-(4,10)
Target Locations:  0-(5,14) 1-(15,8) 2-(13,12) 3-(14,4) 4-(10,1)
Task Assignment: 0-4 1-2 2-1 3-3 4-0
Robot 4 finished At time 189
Time 192
Robots Locations 0-(10,1) 1-(10,13) 2-(12,10) 3-(14,5) 4-(5,14)
Target Locations:  0-(15,8) 1-(13,12) 2-(14,4) 3-(10,1) 4-(4,12)
Task Assignment: 0-3 1-1 2-0 3-2 4-4
Robot 0 finished At time 194
Time 196
Robots Locations 0-(10,1) 1-(11,13) 2-(13,10) 3-(14,4) 4-(4,15)
Target Locations:  0-(15,8) 1-(13,12) 2-(14,4) 3-(4,12) 4-(13,10)
Task Assignment: 0-2 1-1 2-4 3-0 4-3
Robot 2 finished At time 202
Time 203
Robots Locations 0-(12,2) 1-(13,12) 2-(13,10) 3-(15,6) 4-(4,12)
Target Locations:  0-(15,8) 1-(13,12) 2-(14,4) 3-(4,12) 4-(14,2)
Task Assignment: 0-4 1-1 2-0 3-2 4-3
Robot 4 finished At time 204
Time 206
Robots Locations 0-(12,2) 1-(13,12) 2-(13,10) 3-(15,6) 4-(4,12)
Target Locations:  0-(15,8) 1-(13,12) 2-(14,4) 3-(14,2) 4-(5,10)
Task Assignment: 0-3 1-1 2-0 3-2 4-4
Robot 1 finished At time 206
Time 208
Robots Locations 0-(12,2) 1-(13,12) 2-(13,10) 3-(15,6) 4-(4,12)
Target Locations:  0-(15,8) 1-(14,4) 2-(14,2) 3-(5,10) 4-(11,9)
Task Assignment: 0-2 1-4 2-0 3-1 4-3
Robot 0 finished At time 213
Time 215
Robots Locations 0-(14,2) 1-(12,10) 2-(15,8) 3-(14,5) 4-(5,10)
Target Locations:  0-(15,8) 1-(14,4) 2-(5,10) 3-(11,9) 4-(9,4)
Task Assignment: 0-4 1-3 2-0 3-1 4-2
Robot 4 finished At time 216
Time 218
Robots Locations 0-(14,2) 1-(12,10) 2-(15,8) 3-(14,4) 4-(5,10)
Target Locations:  0-(15,8) 1-(14,4) 2-(11,9) 3-(9,4) 4-(12,11)
Task Assignment: 0-3 1-4 2-0 3-1 4-2
Robot 2 finished At time 219
Time 221
Robots Locations 0-(14,3) 1-(11,9) 2-(15,8) 3-(14,4) 4-(5,10)
Target Locations:  0-(14,4) 1-(11,9) 2-(9,4) 3-(12,11) 4-(9,15)
Task Assignment: 0-2 1-1 2-3 3-0 4-4
Robot 3 finished At time 223
Time 225
Robots Locations 0-(14,3) 1-(11,9) 2-(16,8) 3-(14,4) 4-(6,10)
Target Locations:  0-(11,9) 1-(9,4) 2-(12,11) 3-(9,15) 4-(6,13)
Task Assignment: 0-1 1-3 2-2 3-0 4-4
Robot 4 finished At time 232
Time 234
Robots Locations 0-(10,4) 1-(11,12) 2-(13,10) 3-(12,5) 4-(6,13)
Target Locations:  0-(11,9) 1-(9,4) 2-(12,11) 3-(9,15) 4-(7,5)
Task Assignment: 0-4 1-2 2-0 3-1 4-3
Robot 2 finished At time 240
Time 241
Robots Locations 0-(7,5) 1-(12,11) 2-(11,9) 3-(9,4) 4-(9,15)
Target Locations:  0-(9,4) 1-(12,11) 2-(9,15) 3-(7,5) 4-(2,1)
Task Assignment: 0-4 1-1 2-3 3-0 4-2
Robot 1 finished At time 242
Time 244
Robots Locations 0-(7,5) 1-(12,11) 2-(11,9) 3-(9,4) 4-(9,15)
Target Locations:  0-(9,4) 1-(9,15) 2-(7,5) 3-(2,1) 4-(11,12)
Task Assignment: 0-3 1-4 2-2 3-0 4-1
Robot 4 finished At time 246
Time 248
Robots Locations 0-(6,4) 1-(11,10) 2-(10,8) 3-(9,4) 4-(9,15)
Target Locations:  0-(9,4) 1-(7,5) 2-(2,1) 3-(11,12) 4-(1,2)
Task Assignment: 0-4 1-0 2-1 3-2 4-3
Robot 4 finished At time 256
Time 258
Robots Locations 0-(2,2) 1-(10,6) 2-(7,5) 3-(5,2) 4-(11,12)
Target Locations:  0-(9,4) 1-(7,5) 2-(2,1) 3-(1,2) 4-(11,7)
Task Assignment: 0-3 1-0 2-1 3-2 4-4
Robot 2 finished At time 259
Time 261
Robots Locations 0-(1,2) 1-(9,6) 2-(7,5) 3-(4,2) 4-(11,11)
Target Locations:  0-(9,4) 1-(2,1) 2-(1,2) 3-(11,7) 4-(1,7)
Task Assignment: 0-2 1-0 2-4 3-1 4-3
Robot 0 finished At time 262
Robot 1 finished At time 265
Robot 3 finished At time 266
Robot 4 finished At time 269
Robot 2 finished At time 272
