Goals: (12,1) (5,3) (15,13) (3,9) (3,3) (14,14) (3,8) (10,15) (4,2) (14,2) (8,10) (3,10) (10,1) (6,4) (10,11) (3,10) (4,14) (11,14) (8,3) (12,5) (11,2) (1,11) (2,13) (6,2) (3,12) (7,4) (14,10) (2,1) (11,8) (10,8) (9,6) (11,5) (3,4) (7,6) (11,2) (10,10) (5,6) (10,2) (4,6) (10,7) (11,6) (8,1) (8,1) (15,9) (8,4) (1,2) (6,8) (12,11) (8,15) (9,10)
/BLE
Time 2
Robots Locations 0-(4,3) 1-(5,7) 2-(10,9) 3-(12,12) 4-(15,15)
Target Locations:  0-(9,10) 1-(8,15) 2-(12,11) 3-(6,8) 4-(1,2)
Task Assignment: 3-2 1-3 2-0 0-4 4-1
Robot 1 finished At time 7
Time 9
Robots Locations 0-(3,2) 1-(6,8) 2-(9,10) 3-(12,11) 4-(13,16)
Target Locations:  0-(9,10) 1-(8,15) 2-(12,11) 3-(1,2) 4-(8,4)
Task Assignment: 3-2 2-0 0-3 1-4 4-1
Robot 2 finished At time 10
Time 12
Robots Locations 0-(3,2) 1-(6,8) 2-(9,10) 3-(12,11) 4-(13,16)
Target Locations:  0-(8,15) 1-(12,11) 2-(1,2) 3-(8,4) 4-(15,9)
Task Assignment: 3-1 0-2 1-3 2-0 4-4
Robot 3 finished At time 13
Time 15
Robots Locations 0-(2,2) 1-(7,8) 2-(9,10) 3-(12,11) 4-(13,15)
Target Locations:  0-(8,15) 1-(1,2) 2-(8,4) 3-(15,9) 4-(8,1)
Task Assignment: 0-1 3-3 1-2 4-0 2-4
Robot 0 finished At time 21
Time 22
Robots Locations 0-(1,2) 1-(7,6) 2-(8,9) 3-(13,10) 4-(10,15)
Target Locations:  0-(8,15) 1-(8,4) 2-(15,9) 3-(8,1) 4-(8,1)
Task Assignment: 4-0 3-2 1-1 0-4 2-3
Robot 3 finished At time 28
Time 30
Robots Locations 0-(3,1) 1-(8,4) 2-(8,6) 3-(15,9) 4-(8,15)
Target Locations:  0-(8,15) 1-(8,4) 2-(8,1) 3-(8,1) 4-(11,6)
Task Assignment: 4-0 1-1 2-4 0-2 3-3
Robot 4 finished At time 30
Time 33
Robots Locations 0-(3,1) 1-(8,4) 2-(8,6) 3-(15,9) 4-(8,15)
Target Locations:  0-(8,4) 1-(8,1) 2-(8,1) 3-(11,6) 4-(10,7)
Task Assignment: 1-0 2-4 3-3 0-2 4-1
Robot 1 finished At time 33
Time 44
Robots Locations 0-(3,1) 1-(8,4) 2-(8,6) 3-(15,9) 4-(8,15)
Target Locations:  0-(8,1) 1-(8,1) 2-(11,6) 3-(10,7) 4-(4,6)
Task Assignment: 2-3 1-0 3-2 0-1 4-4
Robot 2 finished At time 51
Time 53
Robots Locations 0-(7,1) 1-(8,1) 2-(10,7) 3-(12,7) 4-(6,12)
Target Locations:  0-(8,1) 1-(8,1) 2-(11,6) 3-(4,6) 4-(10,2)
Task Assignment: 1-0 0-1 3-2 2-4 4-3
Robot 1 finished At time 53
Time 55
Robots Locations 0-(7,1) 1-(8,1) 2-(10,7) 3-(12,7) 4-(6,12)
Target Locations:  0-(8,1) 1-(11,6) 2-(4,6) 3-(10,2) 4-(5,6)
Task Assignment: 1-0 3-1 0-3 2-4 4-2
Robot 1 finished At time 56
Time 58
Robots Locations 0-(7,1) 1-(8,1) 2-(10,7) 3-(12,7) 4-(6,11)
Target Locations:  0-(11,6) 1-(4,6) 2-(10,2) 3-(5,6) 4-(10,10)
Task Assignment: 3-0 1-2 2-4 4-3 0-1
Robot 3 finished At time 62
Time 64
Robots Locations 0-(6,3) 1-(10,2) 2-(10,9) 3-(11,6) 4-(6,9)
Target Locations:  0-(4,6) 1-(10,2) 2-(5,6) 3-(10,10) 4-(11,2)
Task Assignment: 1-1 2-3 0-2 4-0 3-4
Robot 1 finished At time 66
Time 68
Robots Locations 0-(6,4) 1-(10,2) 2-(10,10) 3-(11,5) 4-(5,8)
Target Locations:  0-(4,6) 1-(5,6) 2-(10,10) 3-(11,2) 4-(7,6)
Task Assignment: 2-2 1-3 4-1 0-4 3-0
Robot 2 finished At time 69
Time 71
Robots Locations 0-(6,4) 1-(10,2) 2-(10,10) 3-(11,5) 4-(5,8)
Target Locations:  0-(4,6) 1-(5,6) 2-(11,2) 3-(7,6) 4-(3,4)
Task Assignment: 1-2 4-1 0-3 3-0 2-4
Robot 1 finished At time 74
Time 76
Robots Locations 0-(7,6) 1-(11,2) 2-(9,10) 3-(9,4) 4-(5,6)
Target Locations:  0-(4,6) 1-(5,6) 2-(7,6) 3-(3,4) 4-(11,5)
Task Assignment: 0-2 4-1 3-4 2-0 1-3
Robot 4 finished At time 78
Time 80
Robots Locations 0-(7,6) 1-(11,1) 2-(8,9) 3-(9,5) 4-(5,6)
Target Locations:  0-(4,6) 1-(7,6) 2-(3,4) 3-(11,5) 4-(9,6)
Task Assignment: 0-1 4-0 3-4 1-3 2-2
Robot 0 finished At time 81
Time 83
Robots Locations 0-(7,6) 1-(10,1) 2-(8,9) 3-(10,6) 4-(5,6)
Target Locations:  0-(4,6) 1-(3,4) 2-(11,5) 3-(9,6) 4-(10,8)
Task Assignment: 4-0 3-3 2-4 0-2 1-1
Robot 4 finished At time 86
Time 88
Robots Locations 0-(8,6) 1-(9,2) 2-(9,8) 3-(9,6) 4-(4,6)
Target Locations:  0-(3,4) 1-(11,5) 2-(9,6) 3-(10,8) 4-(11,8)
Task Assignment: 3-2 2-3 4-0 0-1 1-4
Robot 2 finished At time 93
Time 95
Robots Locations 0-(9,7) 1-(9,4) 2-(10,8) 3-(9,6) 4-(3,5)
Target Locations:  0-(3,4) 1-(11,5) 2-(9,6) 3-(11,8) 4-(2,1)
Task Assignment: 3-2 4-0 2-3 1-1 0-4
Robot 4 finished At time 99
Time 100
Robots Locations 0-(10,6) 1-(11,5) 2-(11,8) 3-(9,6) 4-(3,4)
Target Locations:  0-(11,5) 1-(9,6) 2-(11,8) 3-(2,1) 4-(14,10)
Task Assignment: 1-0 3-1 2-2 4-3 0-4
Robot 2 finished At time 101
Time 103
Robots Locations 0-(10,6) 1-(11,5) 2-(11,8) 3-(9,6) 4-(3,4)
Target Locations:  0-(11,5) 1-(9,6) 2-(2,1) 3-(14,10) 4-(7,4)
Task Assignment: 3-1 1-0 4-2 0-4 2-3
Robot 1 finished At time 105
Time 107
Robots Locations 0-(10,6) 1-(11,5) 2-(12,8) 3-(9,6) 4-(3,3)
Target Locations:  0-(9,6) 1-(2,1) 2-(14,10) 3-(7,4) 4-(3,12)
Task Assignment: 3-0 4-1 2-2 0-3 1-4
Robot 3 finished At time 109
Time 111
Robots Locations 0-(10,6) 1-(11,6) 2-(13,9) 3-(9,6) 4-(2,2)
Target Locations:  0-(2,1) 1-(14,10) 2-(7,4) 3-(3,12) 4-(6,2)
Task Assignment: 4-0 2-1 3-2 0-4 1-3
Robot 4 finished At time 115
Time 117
Robots Locations 0-(9,6) 1-(11,6) 2-(14,10) 3-(8,5) 4-(2,1)
Target Locations:  0-(14,10) 1-(7,4) 2-(3,12) 3-(6,2) 4-(2,13)
Task Assignment: 2-0 3-1 4-3 0-2 1-4
Robot 2 finished At time 118
Time 120
Robots Locations 0-(8,6) 1-(10,6) 2-(14,10) 3-(7,4) 4-(2,0)
Target Locations:  0-(7,4) 1-(3,12) 2-(6,2) 3-(2,13) 4-(1,11)
Task Assignment: 3-0 0-2 1-1 4-4 2-3
Robot 3 finished At time 123
Time 125
Robots Locations 0-(8,5) 1-(9,7) 2-(13,11) 3-(7,4) 4-(3,2)
Target Locations:  0-(3,12) 1-(6,2) 2-(2,13) 3-(1,11) 4-(11,2)
Task Assignment: 3-1 0-4 1-0 4-3 2-2
Robot 3 finished At time 131
Time 133
Robots Locations 0-(10,3) 1-(6,9) 2-(10,11) 3-(6,2) 4-(2,5)
Target Locations:  0-(3,12) 1-(2,13) 2-(1,11) 3-(11,2) 4-(12,5)
Task Assignment: 0-3 1-0 4-2 2-4 3-1
Robot 0 finished At time 137
Time 139
Robots Locations 0-(11,2) 1-(4,11) 2-(10,9) 3-(5,4) 4-(2,7)
Target Locations:  0-(3,12) 1-(2,13) 2-(1,11) 3-(12,5) 4-(8,3)
Task Assignment: 1-0 3-4 0-3 4-2 2-1
Robot 1 finished At time 144
Time 146
Robots Locations 0-(12,4) 1-(3,12) 2-(9,9) 3-(7,4) 4-(1,10)
Target Locations:  0-(2,13) 1-(1,11) 2-(12,5) 3-(8,3) 4-(11,14)
Task Assignment: 0-2 4-1 3-3 1-0 2-4
Robot 4 finished At time 150
Time 151
Robots Locations 0-(12,5) 1-(2,13) 2-(9,11) 3-(8,3) 4-(1,11)
Target Locations:  0-(2,13) 1-(12,5) 2-(8,3) 3-(11,14) 4-(4,14)
Task Assignment: 0-1 3-2 1-0 2-3 4-4
Robot 1 finished At time 152
Time 154
Robots Locations 0-(12,5) 1-(2,13) 2-(9,11) 3-(8,3) 4-(1,11)
Target Locations:  0-(12,5) 1-(8,3) 2-(11,14) 3-(4,14) 4-(3,10)
Task Assignment: 3-1 0-0 1-3 4-4 2-2
Robot 3 finished At time 154
Time 156
Robots Locations 0-(12,5) 1-(2,13) 2-(9,11) 3-(8,3) 4-(1,11)
Target Locations:  0-(12,5) 1-(11,14) 2-(4,14) 3-(3,10) 4-(10,11)
Task Assignment: 0-0 2-4 4-3 1-2 3-1
Robot 0 finished At time 156
Time 158
Robots Locations 0-(12,5) 1-(2,13) 2-(10,12) 3-(8,3) 4-(1,11)
Target Locations:  0-(11,14) 1-(4,14) 2-(3,10) 3-(10,11) 4-(6,4)
Task Assignment: 2-3 3-4 4-2 1-1 0-0
Robot 2 finished At time 163
Time 165
Robots Locations 0-(12,7) 1-(4,14) 2-(10,11) 3-(7,4) 4-(3,10)
Target Locations:  0-(11,14) 1-(4,14) 2-(3,10) 3-(6,4) 4-(10,1)
Task Assignment: 4-2 1-1 3-3 2-0 0-4
Robot 1 finished At time 166
Time 168
Robots Locations 0-(11,8) 1-(4,14) 2-(9,11) 3-(6,4) 4-(3,10)
Target Locations:  0-(11,14) 1-(3,10) 2-(6,4) 3-(10,1) 4-(3,10)
Task Assignment: 4-1 3-2 2-0 1-4 0-3
Robot 4 finished At time 169
Time 171
Robots Locations 0-(11,7) 1-(5,14) 2-(9,11) 3-(6,4) 4-(3,10)
Target Locations:  0-(11,14) 1-(6,4) 2-(10,1) 3-(3,10) 4-(8,10)
Task Assignment: 3-1 4-3 2-4 1-0 0-2
Robot 4 finished At time 172
Time 173
Robots Locations 0-(11,7) 1-(5,13) 2-(9,12) 3-(6,4) 4-(3,10)
Target Locations:  0-(11,14) 1-(6,4) 2-(10,1) 3-(8,10) 4-(14,2)
Task Assignment: 3-1 2-3 0-4 1-0 4-2
Robot 3 finished At time 175
Time 177
Robots Locations 0-(11,7) 1-(5,13) 2-(9,12) 3-(6,4) 4-(3,9)
Target Locations:  0-(11,14) 1-(10,1) 2-(8,10) 3-(14,2) 4-(4,2)
Task Assignment: 2-2 3-4 0-3 1-0 4-1
Robot 2 finished At time 183
Time 184
Robots Locations 0-(13,4) 1-(9,14) 2-(8,10) 3-(4,2) 4-(6,7)
Target Locations:  0-(11,14) 1-(10,1) 2-(14,2) 3-(4,2) 4-(10,15)
Task Assignment: 3-3 1-4 0-2 2-0 4-1
Robot 3 finished At time 185
Time 187
Robots Locations 0-(13,3) 1-(9,14) 2-(8,10) 3-(4,2) 4-(6,6)
Target Locations:  0-(11,14) 1-(10,1) 2-(14,2) 3-(10,15) 4-(3,8)
Task Assignment: 1-3 0-2 4-4 2-0 3-1
Robot 1 finished At time 190
Time 192
Robots Locations 0-(14,2) 1-(10,15) 2-(9,11) 3-(5,1) 4-(5,6)
Target Locations:  0-(11,14) 1-(10,1) 2-(14,2) 3-(3,8) 4-(14,14)
Task Assignment: 0-2 1-0 4-3 3-1 2-4
Robot 0 finished At time 193
Time 195
Robots Locations 0-(14,2) 1-(10,15) 2-(9,11) 3-(5,1) 4-(5,6)
Target Locations:  0-(11,14) 1-(10,1) 2-(3,8) 3-(14,14) 4-(3,3)
Task Assignment: 1-0 3-4 4-2 0-1 2-3
Robot 1 finished At time 199
Time 201
Robots Locations 0-(12,1) 1-(11,14) 2-(12,12) 3-(4,3) 4-(3,8)
Target Locations:  0-(10,1) 1-(3,8) 2-(14,14) 3-(3,3) 4-(3,9)
Task Assignment: 4-1 3-3 0-0 2-2 1-4
Robot 4 finished At time 202
Time 204
Robots Locations 0-(11,1) 1-(11,14) 2-(12,13) 3-(4,3) 4-(3,8)
Target Locations:  0-(10,1) 1-(14,14) 2-(3,3) 3-(3,9) 4-(15,13)
Task Assignment: 0-0 4-3 3-2 2-1 1-4
Robot 3 finished At time 208
Time 210
Robots Locations 0-(10,1) 1-(12,13) 2-(14,14) 3-(3,3) 4-(3,9)
Target Locations:  0-(10,1) 1-(14,14) 2-(3,9) 3-(15,13) 4-(5,3)
Task Assignment: 0-0 2-1 4-2 3-4 1-3
Robot 4 finished At time 210
Time 212
Robots Locations 0-(10,1) 1-(12,13) 2-(14,14) 3-(3,3) 4-(3,9)
Target Locations:  0-(10,1) 1-(14,14) 2-(15,13) 3-(5,3) 4-(12,1)
Task Assignment: 0-0 2-1 3-3 1-2 4-4
Robot 0 finished At time 213
Robot 2 finished At time 214
Robot 1 finished At time 218
Robot 3 finished At time 219
Robot 4 finished At time 232
/MURDOCH
Time 1
Robots Locations 0-(2,3) 1-(6,6) 2-(9,9) 3-(12,12) 4-(15,15)
Target Locations:  0-(9,10) 1-(8,15) 2-(12,11) 3-(6,8) 4-(1,2)
Task Assignment: 3-0 2-1 0-2 4-3 1-4
Robot 3 finished At time 21
Time 23
Robots Locations 0-(6,7) 1-(1,2) 2-(8,14) 3-(9,10) 4-(11,12)
Target Locations:  0-(8,15) 1-(12,11) 2-(6,8) 3-(1,2) 4-(8,4)
Task Assignment: 2-0 0-1 4-2 1-3 3-4
Robot 1 finished At time 26
Time 28
Robots Locations 0-(7,8) 1-(1,2) 2-(8,15) 3-(9,9) 4-(9,11)
Target Locations:  0-(8,15) 1-(12,11) 2-(6,8) 3-(8,4) 4-(15,9)
Task Assignment: 2-0 0-1 4-2 3-3 1-4
Robot 2 finished At time 29
Time 31
Robots Locations 0-(8,8) 1-(1,2) 2-(8,15) 3-(9,8) 4-(9,11)
Target Locations:  0-(12,11) 1-(6,8) 2-(8,4) 3-(15,9) 4-(8,1)
Task Assignment: 0-0 4-1 3-2 1-3 2-4
Robot 4 finished At time 40
Time 42
Robots Locations 0-(11,11) 1-(5,3) 2-(7,11) 3-(8,4) 4-(6,8)
Target Locations:  0-(12,11) 1-(8,4) 2-(15,9) 3-(8,1) 4-(8,1)
Task Assignment: 0-0 3-1 1-2 2-3 4-4
Robot 3 finished At time 42
Time 44
Robots Locations 0-(11,11) 1-(5,4) 2-(7,11) 3-(8,4) 4-(6,8)
Target Locations:  0-(12,11) 1-(15,9) 2-(8,1) 3-(8,1) 4-(11,6)
Task Assignment: 0-0 1-1 2-2 4-3 3-4
Robot 0 finished At time 47
Time 49
Robots Locations 0-(12,11) 1-(7,4) 2-(7,10) 3-(9,4) 4-(6,6)
Target Locations:  0-(15,9) 1-(8,1) 2-(8,1) 3-(11,6) 4-(10,7)
Task Assignment: 1-0 2-1 4-2 3-3 0-4
Robot 3 finished At time 56
Time 58
Robots Locations 0-(11,8) 1-(10,6) 2-(8,6) 3-(11,6) 4-(7,3)
Target Locations:  0-(15,9) 1-(8,1) 2-(8,1) 3-(10,7) 4-(4,6)
Task Assignment: 1-0 2-1 4-2 0-3 3-4
Robot 4 finished At time 63
Time 65
Robots Locations 0-(11,7) 1-(10,7) 2-(8,3) 3-(10,6) 4-(8,1)
Target Locations:  0-(15,9) 1-(8,1) 2-(10,7) 3-(4,6) 4-(10,2)
Task Assignment: 1-0 4-1 0-2 3-3 2-4
Robot 4 finished At time 66
Time 68
Robots Locations 0-(11,7) 1-(10,7) 2-(8,3) 3-(10,6) 4-(8,1)
Target Locations:  0-(15,9) 1-(10,7) 2-(4,6) 3-(10,2) 4-(5,6)
Task Assignment: 1-0 0-1 3-2 2-3 4-4
Robot 2 finished At time 73
Time 75
Robots Locations 0-(10,7) 1-(13,8) 2-(10,2) 3-(7,6) 4-(7,2)
Target Locations:  0-(15,9) 1-(10,7) 2-(4,6) 3-(5,6) 4-(10,10)
Task Assignment: 1-0 0-1 3-2 4-3 2-4
Robot 0 finished At time 75
Time 77
Robots Locations 0-(10,7) 1-(13,8) 2-(10,2) 3-(7,6) 4-(6,2)
Target Locations:  0-(15,9) 1-(4,6) 2-(5,6) 3-(10,10) 4-(11,2)
Task Assignment: 1-0 3-1 4-2 2-3 0-4
Robot 1 finished At time 82
Time 84
Robots Locations 0-(11,5) 1-(15,9) 2-(10,5) 3-(4,6) 4-(5,5)
Target Locations:  0-(4,6) 1-(5,6) 2-(10,10) 3-(11,2) 4-(7,6)
Task Assignment: 3-0 4-1 2-2 0-3 1-4
Robot 3 finished At time 85
Time 87
Robots Locations 0-(11,5) 1-(16,9) 2-(10,5) 3-(4,6) 4-(5,6)
Target Locations:  0-(5,6) 1-(10,10) 2-(11,2) 3-(7,6) 4-(3,4)
Task Assignment: 4-0 2-1 0-2 1-3 3-4
Robot 4 finished At time 89
Time 91
Robots Locations 0-(11,4) 1-(15,8) 2-(10,6) 3-(3,5) 4-(5,6)
Target Locations:  0-(10,10) 1-(11,2) 2-(7,6) 3-(3,4) 4-(11,5)
Task Assignment: 2-0 0-1 1-2 3-3 4-4
Robot 3 finished At time 96
Time 97
Robots Locations 0-(11,2) 1-(13,8) 2-(10,8) 3-(3,4) 4-(7,6)
Target Locations:  0-(10,10) 1-(11,2) 2-(7,6) 3-(11,5) 4-(9,6)
Task Assignment: 2-0 0-1 1-2 4-3 3-4
Robot 0 finished At time 99
Time 101
Robots Locations 0-(11,2) 1-(12,7) 2-(10,9) 3-(4,4) 4-(8,6)
Target Locations:  0-(10,10) 1-(7,6) 2-(11,5) 3-(9,6) 4-(10,8)
Task Assignment: 2-0 1-1 4-2 3-3 0-4
Robot 2 finished At time 105
Time 107
Robots Locations 0-(10,3) 1-(9,7) 2-(10,10) 3-(6,4) 4-(10,5)
Target Locations:  0-(7,6) 1-(11,5) 2-(9,6) 3-(10,8) 4-(11,8)
Task Assignment: 1-0 4-1 3-2 0-3 2-4
Robot 4 finished At time 112
Time 114
Robots Locations 0-(10,5) 1-(8,6) 2-(11,9) 3-(7,5) 4-(11,5)
Target Locations:  0-(7,6) 1-(9,6) 2-(10,8) 3-(11,8) 4-(2,1)
Task Assignment: 1-0 3-1 0-2 2-3 4-4
Robot 2 finished At time 118
Time 120
Robots Locations 0-(10,7) 1-(7,5) 2-(11,8) 3-(7,6) 4-(10,4)
Target Locations:  0-(7,6) 1-(9,6) 2-(10,8) 3-(2,1) 4-(14,10)
Task Assignment: 1-0 3-1 0-2 4-3 2-4
Robot 0 finished At time 124
Time 126
Robots Locations 0-(10,8) 1-(7,6) 2-(12,8) 3-(9,6) 4-(8,3)
Target Locations:  0-(7,6) 1-(9,6) 2-(2,1) 3-(14,10) 4-(7,4)
Task Assignment: 1-0 3-1 4-2 2-3 0-4
Robot 1 finished At time 126
Time 128
Robots Locations 0-(10,8) 1-(7,6) 2-(12,8) 3-(9,6) 4-(8,3)
Target Locations:  0-(9,6) 1-(2,1) 2-(14,10) 3-(7,4) 4-(3,12)
Task Assignment: 3-0 4-1 2-2 0-3 1-4
Robot 3 finished At time 130
Time 132
Robots Locations 0-(10,8) 1-(7,7) 2-(13,9) 3-(9,6) 4-(7,3)
Target Locations:  0-(2,1) 1-(14,10) 2-(7,4) 3-(3,12) 4-(6,2)
Task Assignment: 4-0 2-1 0-2 1-3 3-4
Robot 2 finished At time 137
Time 138
Robots Locations 0-(8,6) 1-(5,9) 2-(14,10) 3-(8,4) 4-(5,2)
Target Locations:  0-(2,1) 1-(7,4) 2-(3,12) 3-(6,2) 4-(2,13)
Task Assignment: 4-0 0-1 1-2 3-3 2-4
Robot 0 finished At time 144
Time 146
Robots Locations 0-(7,4) 1-(3,12) 2-(11,11) 3-(6,2) 4-(2,1)
Target Locations:  0-(2,1) 1-(3,12) 2-(6,2) 3-(2,13) 4-(1,11)
Task Assignment: 4-0 1-1 3-2 2-3 0-4
Robot 3 finished At time 147
Time 149
Robots Locations 0-(6,4) 1-(3,12) 2-(11,11) 3-(6,2) 4-(2,1)
Target Locations:  0-(2,1) 1-(3,12) 2-(2,13) 3-(1,11) 4-(11,2)
Task Assignment: 4-0 1-1 2-2 0-3 3-4
Robot 4 finished At time 149
Time 151
Robots Locations 0-(6,4) 1-(3,12) 2-(11,11) 3-(6,2) 4-(2,1)
Target Locations:  0-(3,12) 1-(2,13) 2-(1,11) 3-(11,2) 4-(12,5)
Task Assignment: 1-0 2-1 0-2 3-3 4-4
Robot 1 finished At time 152
Time 154
Robots Locations 0-(6,4) 1-(3,12) 2-(10,11) 3-(6,1) 4-(2,1)
Target Locations:  0-(2,13) 1-(1,11) 2-(11,2) 3-(12,5) 4-(8,3)
Task Assignment: 2-0 0-1 3-2 4-3 1-4
Robot 3 finished At time 166
Time 167
Robots Locations 0-(2,9) 1-(5,7) 2-(4,13) 3-(11,2) 4-(7,3)
Target Locations:  0-(2,13) 1-(1,11) 2-(12,5) 3-(8,3) 4-(11,14)
Task Assignment: 2-0 0-1 4-2 1-3 3-4
Robot 2 finished At time 173
Time 174
Robots Locations 0-(1,11) 1-(7,5) 2-(2,13) 3-(11,5) 4-(10,4)
Target Locations:  0-(1,11) 1-(12,5) 2-(8,3) 3-(11,14) 4-(4,14)
Task Assignment: 0-0 4-1 1-2 3-3 2-4
Robot 0 finished At time 175
Time 177
Robots Locations 0-(1,11) 1-(7,5) 2-(2,13) 3-(11,5) 4-(10,4)
Target Locations:  0-(12,5) 1-(8,3) 2-(11,14) 3-(4,14) 4-(3,10)
Task Assignment: 4-0 1-1 3-2 2-3 0-4
Robot 1 finished At time 182
Time 184
Robots Locations 0-(3,10) 1-(8,3) 2-(4,14) 3-(11,8) 4-(12,5)
Target Locations:  0-(12,5) 1-(11,14) 2-(4,14) 3-(3,10) 4-(10,11)
Task Assignment: 4-0 3-1 2-2 0-3 1-4
Robot 4 finished At time 185
Time 187
Robots Locations 0-(3,10) 1-(8,3) 2-(4,14) 3-(11,8) 4-(12,5)
Target Locations:  0-(11,14) 1-(4,14) 2-(3,10) 3-(10,11) 4-(6,4)
Task Assignment: 3-0 2-1 0-2 1-3 4-4
Robot 2 finished At time 189
Time 191
Robots Locations 0-(3,10) 1-(9,3) 2-(4,14) 3-(11,9) 4-(12,6)
Target Locations:  0-(11,14) 1-(3,10) 2-(10,11) 3-(6,4) 4-(10,1)
Task Assignment: 3-0 0-1 1-2 4-3 2-4
Robot 0 finished At time 191
Time 193
Robots Locations 0-(3,10) 1-(9,4) 2-(4,14) 3-(11,9) 4-(12,6)
Target Locations:  0-(11,14) 1-(10,11) 2-(6,4) 3-(10,1) 4-(3,10)
Task Assignment: 3-0 1-1 4-2 2-3 0-4
Robot 0 finished At time 194
Time 196
Robots Locations 0-(3,10) 1-(9,4) 2-(4,14) 3-(11,9) 4-(12,6)
Target Locations:  0-(11,14) 1-(10,11) 2-(6,4) 3-(10,1) 4-(8,10)
Task Assignment: 3-0 1-1 4-2 2-3 0-4
Robot 3 finished At time 206
Time 208
Robots Locations 0-(8,10) 1-(10,9) 2-(6,9) 3-(11,14) 4-(7,4)
Target Locations:  0-(10,11) 1-(6,4) 2-(10,1) 3-(8,10) 4-(14,2)
Task Assignment: 1-0 4-1 2-2 0-3 3-4
Robot 0 finished At time 210
Time 212
Robots Locations 0-(8,10) 1-(10,10) 2-(7,9) 3-(11,14) 4-(6,4)
Target Locations:  0-(10,11) 1-(6,4) 2-(10,1) 3-(14,2) 4-(4,2)
Task Assignment: 1-0 4-1 2-2 3-3 0-4
Robot 4 finished At time 215
Time 217
Robots Locations 0-(8,9) 1-(10,11) 2-(7,8) 3-(12,14) 4-(6,4)
Target Locations:  0-(10,11) 1-(10,1) 2-(14,2) 3-(4,2) 4-(10,15)
Task Assignment: 1-0 2-1 3-2 0-3 4-4
Robot 1 finished At time 219
Time 220
Robots Locations 0-(8,8) 1-(10,11) 2-(7,7) 3-(12,13) 4-(5,4)
Target Locations:  0-(10,1) 1-(14,2) 2-(4,2) 3-(10,15) 4-(3,8)
Task Assignment: 2-0 3-1 0-2 4-3 1-4
Robot 2 finished At time 245
Time 247
Robots Locations 0-(5,3) 1-(4,9) 2-(10,1) 3-(13,5) 4-(8,10)
Target Locations:  0-(14,2) 1-(4,2) 2-(10,15) 3-(3,8) 4-(14,14)
Task Assignment: 3-0 0-1 4-2 1-3 2-4
Robot 1 finished At time 251
Time 253
Robots Locations 0-(4,2) 1-(3,8) 2-(11,2) 3-(14,3) 4-(9,12)
Target Locations:  0-(14,2) 1-(4,2) 2-(10,15) 3-(14,14) 4-(3,3)
Task Assignment: 3-0 0-1 4-2 2-3 1-4
Robot 0 finished At time 254
Time 256
Robots Locations 0-(4,2) 1-(3,8) 2-(11,3) 3-(14,3) 4-(9,12)
Target Locations:  0-(14,2) 1-(10,15) 2-(14,14) 3-(3,3) 4-(3,9)
Task Assignment: 3-0 4-1 2-2 1-3 0-4
Robot 3 finished At time 260
Time 262
Robots Locations 0-(3,3) 1-(3,6) 2-(12,4) 3-(14,2) 4-(10,14)
Target Locations:  0-(10,15) 1-(14,14) 2-(3,3) 3-(3,9) 4-(15,13)
Task Assignment: 4-0 2-1 1-2 0-3 3-4
Robot 4 finished At time 266
Time 268
Robots Locations 0-(3,4) 1-(3,5) 2-(12,6) 3-(15,3) 4-(10,15)
Target Locations:  0-(14,14) 1-(3,3) 2-(3,9) 3-(15,13) 4-(5,3)
Task Assignment: 2-0 1-1 0-2 3-3 4-4
Robot 1 finished At time 275
Time 277
Robots Locations 0-(3,7) 1-(3,3) 2-(13,10) 3-(15,7) 4-(10,12)
Target Locations:  0-(14,14) 1-(3,9) 2-(15,13) 3-(5,3) 4-(12,1)
Task Assignment: 2-0 0-1 3-2 4-3 1-4
Robot 0 finished At time 282
Robot 2 finished At time 285
Robot 3 finished At time 289
Robot 1 finished At time 295
Robot 4 finished At time 296
/mmdr
Time 2
Robots Locations 0-(3,2) 1-(5,6) 2-(9,9) 3-(11,11) 4-(15,15)
Target Locations:  0-(9,10) 1-(8,15) 2-(12,11) 3-(6,8) 4-(1,2)
Task Assignment: 0-4 1-3 2-0 3-1 4-2
Robot 1 finished At time 8
Time 10
Robots Locations 0-(1,2) 1-(6,8) 2-(9,10) 3-(9,13) 4-(14,14)
Target Locations:  0-(9,10) 1-(8,15) 2-(12,11) 3-(1,2) 4-(8,4)
Task Assignment: 0-3 1-4 2-0 3-1 4-2
Robot 0 finished At time 11
Time 13
Robots Locations 0-(1,2) 1-(6,8) 2-(9,10) 3-(9,13) 4-(14,14)
Target Locations:  0-(9,10) 1-(8,15) 2-(12,11) 3-(8,4) 4-(15,9)
Task Assignment: 0-3 1-0 2-2 3-1 4-4
Robot 3 finished At time 18
Time 21
Robots Locations 0-(3,3) 1-(9,10) 2-(12,11) 3-(8,15) 4-(14,11)
Target Locations:  0-(9,10) 1-(12,11) 2-(8,4) 3-(15,9) 4-(8,1)
Task Assignment: 0-4 1-2 2-1 3-0 4-3
Robot 2 finished At time 23
Time 26
Robots Locations 0-(4,3) 1-(9,9) 2-(12,11) 3-(7,15) 4-(15,10)
Target Locations:  0-(9,10) 1-(8,4) 2-(15,9) 3-(8,1) 4-(8,1)
Task Assignment: 0-3 1-4 2-1 3-0 4-2
Robot 4 finished At time 29
Time 32
Robots Locations 0-(5,2) 1-(9,7) 2-(12,10) 3-(8,13) 4-(15,9)
Target Locations:  0-(9,10) 1-(8,4) 2-(8,1) 3-(8,1) 4-(11,6)
Task Assignment: 0-2 1-3 2-1 3-0 4-4
Robot 0 finished At time 39
Time 41
Robots Locations 0-(8,1) 1-(8,4) 2-(10,7) 3-(9,10) 4-(12,7)
Target Locations:  0-(9,10) 1-(8,4) 2-(8,1) 3-(11,6) 4-(10,7)
Task Assignment: 0-2 1-1 2-4 3-0 4-3
Robot 0 finished At time 41
Time 44
Robots Locations 0-(8,1) 1-(8,4) 2-(10,7) 3-(9,10) 4-(12,7)
Target Locations:  0-(9,10) 1-(8,4) 2-(11,6) 3-(10,7) 4-(4,6)
Task Assignment: 0-1 1-4 2-3 3-0 4-2
Robot 3 finished At time 45
Time 47
Robots Locations 0-(8,1) 1-(8,3) 2-(10,7) 3-(9,10) 4-(12,6)
Target Locations:  0-(8,4) 1-(11,6) 2-(10,7) 3-(4,6) 4-(10,2)
Task Assignment: 0-4 1-3 2-0 3-2 4-1
Robot 4 finished At time 50
Time 53
Robots Locations 0-(10,2) 1-(7,4) 2-(9,6) 3-(10,8) 4-(11,6)
Target Locations:  0-(8,4) 1-(10,7) 2-(4,6) 3-(10,2) 4-(5,6)
Task Assignment: 0-3 1-2 2-4 3-1 4-0
Robot 0 finished At time 54
Time 57
Robots Locations 0-(10,2) 1-(6,5) 2-(8,5) 3-(10,8) 4-(10,6)
Target Locations:  0-(8,4) 1-(10,7) 2-(4,6) 3-(5,6) 4-(10,10)
Task Assignment: 0-0 1-2 2-3 3-4 4-1
Robot 4 finished At time 63
Time 65
Robots Locations 0-(8,4) 1-(4,6) 2-(5,6) 3-(10,10) 4-(10,7)
Target Locations:  0-(8,4) 1-(4,6) 2-(5,6) 3-(10,10) 4-(11,2)
Task Assignment: 0-4 1-1 2-2 3-3 4-0
Robot 1 finished At time 65
Time 68
Robots Locations 0-(8,4) 1-(4,6) 2-(5,6) 3-(10,10) 4-(10,7)
Target Locations:  0-(8,4) 1-(5,6) 2-(10,10) 3-(11,2) 4-(7,6)
Task Assignment: 0-3 1-1 2-4 3-2 4-0
Robot 3 finished At time 70
Time 73
Robots Locations 0-(8,3) 1-(4,7) 2-(5,5) 3-(10,10) 4-(9,7)
Target Locations:  0-(8,4) 1-(5,6) 2-(11,2) 3-(7,6) 4-(3,4)
Task Assignment: 0-2 1-1 2-4 3-3 4-0
Robot 1 finished At time 76
Time 79
Robots Locations 0-(10,2) 1-(5,6) 2-(5,4) 3-(9,9) 4-(8,5)
Target Locations:  0-(8,4) 1-(11,2) 2-(7,6) 3-(3,4) 4-(11,5)
Task Assignment: 0-1 1-0 2-3 3-2 4-4
Robot 0 finished At time 83
Time 86
Robots Locations 0-(11,2) 1-(7,5) 2-(3,4) 3-(8,7) 4-(10,5)
Target Locations:  0-(8,4) 1-(7,6) 2-(3,4) 3-(11,5) 4-(9,6)
Task Assignment: 0-0 1-1 2-2 3-4 4-3
Robot 2 finished At time 88
Time 90
Robots Locations 0-(12,3) 1-(8,5) 2-(3,4) 3-(8,7) 4-(11,5)
Target Locations:  0-(8,4) 1-(7,6) 2-(11,5) 3-(9,6) 4-(10,8)
Task Assignment: 0-2 1-0 2-1 3-4 4-3
Robot 0 finished At time 98
Time 101
Robots Locations 0-(11,5) 1-(8,4) 2-(5,5) 3-(10,8) 4-(9,6)
Target Locations:  0-(8,4) 1-(7,6) 2-(9,6) 3-(10,8) 4-(11,8)
Task Assignment: 0-2 1-0 2-1 3-3 4-4
Robot 3 finished At time 101
Time 104
Robots Locations 0-(11,5) 1-(8,4) 2-(5,5) 3-(10,8) 4-(9,6)
Target Locations:  0-(8,4) 1-(7,6) 2-(9,6) 3-(11,8) 4-(2,1)
Task Assignment: 0-2 1-0 2-4 3-3 4-1
Robot 1 finished At time 105
Time 108
Robots Locations 0-(11,5) 1-(8,4) 2-(6,5) 3-(10,8) 4-(8,6)
Target Locations:  0-(7,6) 1-(9,6) 2-(11,8) 3-(2,1) 4-(14,10)
Task Assignment: 0-2 1-1 2-3 3-4 4-0
Robot 4 finished At time 112
Time 114
Robots Locations 0-(11,8) 1-(9,5) 2-(4,3) 3-(13,9) 4-(7,6)
Target Locations:  0-(9,6) 1-(11,8) 2-(2,1) 3-(14,10) 4-(7,4)
Task Assignment: 0-1 1-0 2-2 3-3 4-4
Robot 0 finished At time 117
Time 119
Robots Locations 0-(11,8) 1-(9,6) 2-(3,2) 3-(14,10) 4-(7,5)
Target Locations:  0-(9,6) 1-(2,1) 2-(14,10) 3-(7,4) 4-(3,12)
Task Assignment: 0-4 1-0 2-1 3-2 4-3
Robot 1 finished At time 131
Time 134
Robots Locations 0-(11,9) 1-(9,6) 2-(3,2) 3-(14,10) 4-(7,4)
Target Locations:  0-(2,1) 1-(14,10) 2-(7,4) 3-(3,12) 4-(6,2)
Task Assignment: 0-3 1-2 2-0 3-1 4-4
Robot 3 finished At time 136
Time 138
Robots Locations 0-(10,9) 1-(9,6) 2-(2,1) 3-(14,10) 4-(7,4)
Target Locations:  0-(2,1) 1-(7,4) 2-(3,12) 3-(6,2) 4-(2,13)
Task Assignment: 0-4 1-2 2-0 3-1 4-3
Robot 2 finished At time 140
Time 143
Robots Locations 0-(9,9) 1-(8,7) 2-(2,1) 3-(15,9) 4-(6,2)
Target Locations:  0-(7,4) 1-(3,12) 2-(6,2) 3-(2,13) 4-(1,11)
Task Assignment: 0-1 1-3 2-4 3-0 4-2
Robot 4 finished At time 146
Time 149
Robots Locations 0-(8,10) 1-(7,8) 2-(1,2) 3-(13,8) 4-(6,2)
Target Locations:  0-(7,4) 1-(3,12) 2-(2,13) 3-(1,11) 4-(11,2)
Task Assignment: 0-2 1-1 2-3 3-4 4-0
Robot 4 finished At time 157
Time 160
Robots Locations 0-(3,12) 1-(4,11) 2-(1,6) 3-(12,4) 4-(7,4)
Target Locations:  0-(3,12) 1-(2,13) 2-(1,11) 3-(11,2) 4-(12,5)
Task Assignment: 0-1 1-0 2-2 3-4 4-3
Robot 1 finished At time 164
Time 166
Robots Locations 0-(2,13) 1-(3,12) 2-(1,9) 3-(12,5) 4-(9,4)
Target Locations:  0-(2,13) 1-(1,11) 2-(11,2) 3-(12,5) 4-(8,3)
Task Assignment: 0-0 1-1 2-4 3-3 4-2
Robot 0 finished At time 167
Time 169
Robots Locations 0-(2,13) 1-(3,12) 2-(1,9) 3-(12,5) 4-(9,4)
Target Locations:  0-(1,11) 1-(11,2) 2-(12,5) 3-(8,3) 4-(11,14)
Task Assignment: 0-0 1-4 2-3 3-2 4-1
Robot 3 finished At time 172
Time 174
Robots Locations 0-(1,12) 1-(3,13) 2-(2,9) 3-(12,5) 4-(10,3)
Target Locations:  0-(1,11) 1-(11,2) 2-(8,3) 3-(11,14) 4-(4,14)
Task Assignment: 0-4 1-3 2-0 3-1 4-2
Robot 4 finished At time 182
Time 184
Robots Locations 0-(4,14) 1-(8,14) 2-(1,11) 3-(11,2) 4-(8,3)
Target Locations:  0-(1,11) 1-(11,2) 2-(11,14) 3-(4,14) 4-(3,10)
Task Assignment: 0-3 1-2 2-0 3-1 4-4
Robot 2 finished At time 186
Time 188
Robots Locations 0-(4,14) 1-(8,14) 2-(1,11) 3-(11,2) 4-(8,4)
Target Locations:  0-(11,2) 1-(11,14) 2-(4,14) 3-(3,10) 4-(10,11)
Task Assignment: 0-2 1-1 2-3 3-0 4-4
Robot 3 finished At time 189
Time 191
Robots Locations 0-(4,14) 1-(9,14) 2-(1,11) 3-(11,2) 4-(7,4)
Target Locations:  0-(11,14) 1-(4,14) 2-(3,10) 3-(10,11) 4-(6,4)
Task Assignment: 0-1 1-0 2-2 3-4 4-3
Robot 0 finished At time 192
Time 194
Robots Locations 0-(4,14) 1-(9,14) 2-(1,11) 3-(11,2) 4-(7,4)
Target Locations:  0-(11,14) 1-(3,10) 2-(10,11) 3-(6,4) 4-(10,1)
Task Assignment: 0-2 1-0 2-1 3-4 4-3
Robot 3 finished At time 198
Time 201
Robots Locations 0-(6,13) 1-(11,14) 2-(2,11) 3-(10,1) 4-(6,4)
Target Locations:  0-(11,14) 1-(3,10) 2-(10,11) 3-(6,4) 4-(3,10)
Task Assignment: 0-2 1-0 2-1 3-3 4-4
Robot 1 finished At time 203
Time 206
Robots Locations 0-(7,13) 1-(11,14) 2-(3,10) 3-(9,1) 4-(5,4)
Target Locations:  0-(3,10) 1-(10,11) 2-(6,4) 3-(3,10) 4-(8,10)
Task Assignment: 0-4 1-1 2-0 3-2 4-3
Robot 2 finished At time 209
Time 212
Robots Locations 0-(7,12) 1-(11,13) 2-(3,10) 3-(8,2) 4-(5,5)
Target Locations:  0-(10,11) 1-(6,4) 2-(3,10) 3-(8,10) 4-(14,2)
Task Assignment: 0-3 1-0 2-2 3-4 4-1
Robot 2 finished At time 212
Time 214
Robots Locations 0-(7,12) 1-(11,13) 2-(3,10) 3-(8,2) 4-(5,6)
Target Locations:  0-(10,11) 1-(6,4) 2-(8,10) 3-(14,2) 4-(4,2)
Task Assignment: 0-2 1-0 2-1 3-3 4-4
Robot 0 finished At time 219
Time 221
Robots Locations 0-(8,10) 1-(10,11) 2-(4,8) 3-(10,3) 4-(4,4)
Target Locations:  0-(10,11) 1-(6,4) 2-(14,2) 3-(4,2) 4-(10,15)
Task Assignment: 0-0 1-4 2-1 3-2 4-3
Robot 4 finished At time 228
Time 242
Robots Locations 0-(-1,-1) 1-(10,13) 2-(6,5) 3-(13,2) 4-(4,2)
Target Locations:  0-(10,11) 1-(6,4) 2-(14,2) 3-(10,15) 4-(3,8)
Task Assignment: 0-1 1-3 2-0 3-2 4-4
Robot 3 finished At time 246
Time 248
Robots Locations 0-(10,10) 1-(10,15) 2-(7,5) 3-(14,2) 4-(3,2)
Target Locations:  0-(10,11) 1-(6,4) 2-(10,15) 3-(3,8) 4-(14,14)
Task Assignment: 0-4 1-2 2-0 3-1 4-3
Robot 1 finished At time 250
Time 253
Robots Locations 0-(11,9) 1-(10,15) 2-(7,6) 3-(14,3) 4-(3,3)
Target Locations:  0-(10,11) 1-(6,4) 2-(3,8) 3-(14,14) 4-(3,3)
Task Assignment: 0-0 1-3 2-2 3-1 4-4
Robot 4 finished At time 259
Time 261
Robots Locations 0-(10,11) 1-(13,14) 2-(5,8) 3-(11,3) 4-(3,3)
Target Locations:  0-(10,11) 1-(6,4) 2-(3,8) 3-(14,14) 4-(3,9)
Task Assignment: 0-0 1-3 2-4 3-1 4-2
Robot 0 finished At time 261
Time 264
Robots Locations 0-(10,11) 1-(13,14) 2-(5,8) 3-(11,3) 4-(3,3)
Target Locations:  0-(6,4) 1-(3,8) 2-(14,14) 3-(3,9) 4-(15,13)
Task Assignment: 0-4 1-2 2-3 3-0 4-1
Robot 1 finished At time 267
Time 270
Robots Locations 0-(11,12) 1-(14,14) 2-(3,9) 3-(9,4) 4-(3,5)
Target Locations:  0-(6,4) 1-(3,8) 2-(3,9) 3-(15,13) 4-(5,3)
Task Assignment: 0-1 1-3 2-2 3-0 4-4
Robot 2 finished At time 272
Time 275
Robots Locations 0-(12,11) 1-(15,13) 2-(3,9) 3-(8,4) 4-(4,5)
Target Locations:  0-(6,4) 1-(3,8) 2-(15,13) 3-(5,3) 4-(12,1)
Task Assignment: 0-0 1-2 2-1 3-4 4-3
Robot 1 finished At time 277
Robot 2 finished At time 280
Robot 4 finished At time 280
Robot 3 finished At time 286
Robot 0 finished At time 290
/mmd_msd2
Time 2
Robots Locations 0-(2,3) 1-(6,6) 2-(10,9) 3-(12,12) 4-(15,15)
Target Locations:  0-(9,10) 1-(8,15) 2-(12,11) 3-(6,8) 4-(1,2)
Task Assignment: 0-4 1-3 2-0 3-1 4-2
Robot 0 finished At time 7
Time 9
Robots Locations 0-(1,2) 1-(6,7) 2-(9,10) 3-(10,14) 4-(14,15)
Target Locations:  0-(9,10) 1-(8,15) 2-(12,11) 3-(6,8) 4-(8,4)
Task Assignment: 0-4 1-3 2-0 3-1 4-2
Robot 2 finished At time 10
Time 12
Robots Locations 0-(1,2) 1-(6,8) 2-(9,10) 3-(10,14) 4-(14,14)
Target Locations:  0-(8,15) 1-(12,11) 2-(6,8) 3-(8,4) 4-(15,9)
Task Assignment: 0-3 1-2 2-1 3-0 4-4
Robot 1 finished At time 14
Time 16
Robots Locations 0-(2,1) 1-(6,8) 2-(9,11) 3-(9,15) 4-(14,13)
Target Locations:  0-(8,15) 1-(12,11) 2-(8,4) 3-(15,9) 4-(8,1)
Task Assignment: 0-4 1-2 2-1 3-0 4-3
Robot 3 finished At time 20
Time 22
Robots Locations 0-(4,1) 1-(7,7) 2-(11,11) 3-(8,15) 4-(14,11)
Target Locations:  0-(12,11) 1-(8,4) 2-(15,9) 3-(8,1) 4-(8,1)
Task Assignment: 0-3 1-4 2-1 3-0 4-2
Robot 4 finished At time 28
Time 30
Robots Locations 0-(7,1) 1-(8,4) 2-(10,8) 3-(9,13) 4-(15,9)
Target Locations:  0-(12,11) 1-(8,4) 2-(8,1) 3-(8,1) 4-(11,6)
Task Assignment: 0-2 1-3 2-1 3-0 4-4
Robot 0 finished At time 33
Time 35
Robots Locations 0-(8,1) 1-(8,2) 2-(9,6) 3-(11,12) 4-(14,8)
Target Locations:  0-(12,11) 1-(8,4) 2-(8,1) 3-(11,6) 4-(10,7)
Task Assignment: 0-2 1-1 2-4 3-0 4-3
Robot 0 finished At time 35
Time 37
Robots Locations 0-(8,1) 1-(8,2) 2-(9,6) 3-(11,12) 4-(14,8)
Target Locations:  0-(12,11) 1-(8,4) 2-(11,6) 3-(10,7) 4-(4,6)
Task Assignment: 0-1 1-4 2-3 3-0 4-2
Robot 3 finished At time 43
Time 45
Robots Locations 0-(8,2) 1-(7,3) 2-(10,7) 3-(12,11) 4-(11,6)
Target Locations:  0-(8,4) 1-(11,6) 2-(10,7) 3-(4,6) 4-(10,2)
Task Assignment: 0-4 1-3 2-0 3-2 4-1
Robot 4 finished At time 47
Time 49
Robots Locations 0-(9,3) 1-(6,4) 2-(9,7) 3-(12,10) 4-(11,6)
Target Locations:  0-(8,4) 1-(10,7) 2-(4,6) 3-(10,2) 4-(5,6)
Task Assignment: 0-3 1-2 2-4 3-1 4-0
Robot 0 finished At time 54
Time 56
Robots Locations 0-(10,2) 1-(4,6) 2-(7,6) 3-(11,8) 4-(9,5)
Target Locations:  0-(8,4) 1-(10,7) 2-(4,6) 3-(5,6) 4-(10,10)
Task Assignment: 0-0 1-2 2-3 3-4 4-1
Robot 1 finished At time 58
Time 60
Robots Locations 0-(11,3) 1-(4,6) 2-(6,6) 3-(10,8) 4-(9,5)
Target Locations:  0-(8,4) 1-(10,7) 2-(5,6) 3-(10,10) 4-(11,2)
Task Assignment: 0-4 1-2 2-0 3-3 4-1
Robot 3 finished At time 65
Time 67
Robots Locations 0-(11,2) 1-(5,6) 2-(7,4) 3-(10,10) 4-(10,7)
Target Locations:  0-(8,4) 1-(10,7) 2-(5,6) 3-(11,2) 4-(7,6)
Task Assignment: 0-3 1-2 2-0 3-1 4-4
Robot 1 finished At time 68
Time 70
Robots Locations 0-(11,2) 1-(5,6) 2-(8,4) 3-(10,10) 4-(10,7)
Target Locations:  0-(8,4) 1-(10,7) 2-(11,2) 3-(7,6) 4-(3,4)
Task Assignment: 0-2 1-4 2-0 3-1 4-3
Robot 0 finished At time 71
Time 73
Robots Locations 0-(11,2) 1-(5,6) 2-(8,4) 3-(10,10) 4-(10,8)
Target Locations:  0-(8,4) 1-(10,7) 2-(7,6) 3-(3,4) 4-(11,5)
Task Assignment: 0-4 1-3 2-0 3-1 4-2
Robot 2 finished At time 75
Time 77
Robots Locations 0-(11,3) 1-(4,5) 2-(8,4) 3-(11,9) 4-(9,7)
Target Locations:  0-(10,7) 1-(7,6) 2-(3,4) 3-(11,5) 4-(9,6)
Task Assignment: 0-3 1-2 2-1 3-0 4-4
Robot 4 finished At time 82
Time 84
Robots Locations 0-(11,5) 1-(3,4) 2-(8,5) 3-(10,7) 4-(9,6)
Target Locations:  0-(10,7) 1-(7,6) 2-(3,4) 3-(11,5) 4-(10,8)
Task Assignment: 0-3 1-2 2-1 3-4 4-0
Robot 1 finished At time 84
Time 86
Robots Locations 0-(11,5) 1-(3,4) 2-(8,5) 3-(10,7) 4-(9,6)
Target Locations:  0-(10,7) 1-(7,6) 2-(11,5) 3-(10,8) 4-(11,8)
Task Assignment: 0-2 1-1 2-0 3-3 4-4
Robot 0 finished At time 87
Time 89
Robots Locations 0-(11,5) 1-(3,4) 2-(7,6) 3-(10,7) 4-(10,6)
Target Locations:  0-(10,7) 1-(7,6) 2-(10,8) 3-(11,8) 4-(2,1)
Task Assignment: 0-0 1-4 2-1 3-2 4-3
Robot 2 finished At time 93
Time 95
Robots Locations 0-(10,6) 1-(2,2) 2-(7,6) 3-(10,8) 4-(10,7)
Target Locations:  0-(10,7) 1-(10,8) 2-(11,8) 3-(2,1) 4-(14,10)
Task Assignment: 0-0 1-3 2-1 3-4 4-2
Robot 1 finished At time 99
Time 101
Robots Locations 0-(10,7) 1-(2,1) 2-(8,6) 3-(11,9) 4-(10,7)
Target Locations:  0-(10,7) 1-(10,8) 2-(11,8) 3-(14,10) 4-(7,4)
Task Assignment: 0-0 1-4 2-1 3-3 4-2
Robot 4 finished At time 107
Time 109
Robots Locations 0-(10,7) 1-(4,2) 2-(9,8) 3-(14,10) 4-(11,8)
Target Locations:  0-(10,7) 1-(10,8) 2-(14,10) 3-(7,4) 4-(3,12)
Task Assignment: 0-0 1-3 2-4 3-2 4-1
Robot 3 finished At time 111
Time 113
Robots Locations 0-(10,7) 1-(5,2) 2-(9,8) 3-(14,10) 4-(10,8)
Target Locations:  0-(10,7) 1-(10,8) 2-(7,4) 3-(3,12) 4-(6,2)
Task Assignment: 0-2 1-4 2-3 3-1 4-0
Robot 1 finished At time 118
Time 120
Robots Locations 0-(8,6) 1-(6,2) 2-(7,10) 3-(13,9) 4-(10,7)
Target Locations:  0-(10,7) 1-(10,8) 2-(7,4) 3-(3,12) 4-(2,13)
Task Assignment: 0-3 1-2 2-4 3-1 4-0
Robot 4 finished At time 120
Time 122
Robots Locations 0-(8,6) 1-(6,2) 2-(7,10) 3-(13,9) 4-(10,7)
Target Locations:  0-(10,8) 1-(7,4) 2-(3,12) 3-(2,13) 4-(1,11)
Task Assignment: 0-4 1-1 2-3 3-0 4-2
Robot 1 finished At time 129
Time 131
Robots Locations 0-(5,8) 1-(7,4) 2-(4,12) 3-(10,8) 4-(7,9)
Target Locations:  0-(10,8) 1-(3,12) 2-(2,13) 3-(1,11) 4-(11,2)
Task Assignment: 0-3 1-4 2-2 3-0 4-1
Robot 3 finished At time 133
Time 135
Robots Locations 0-(5,8) 1-(8,4) 2-(3,12) 3-(10,8) 4-(7,9)
Target Locations:  0-(3,12) 1-(2,13) 2-(1,11) 3-(11,2) 4-(12,5)
Task Assignment: 0-2 1-3 2-1 3-4 4-0
Robot 2 finished At time 139
Time 141
Robots Locations 0-(3,10) 1-(10,3) 2-(2,13) 3-(11,6) 4-(5,11)
Target Locations:  0-(3,12) 1-(1,11) 2-(11,2) 3-(12,5) 4-(8,3)
Task Assignment: 0-1 1-2 2-0 3-3 4-4
Robot 1 finished At time 145
Time 147
Robots Locations 0-(1,11) 1-(11,2) 2-(3,12) 3-(12,5) 4-(5,9)
Target Locations:  0-(3,12) 1-(1,11) 2-(12,5) 3-(8,3) 4-(11,14)
Task Assignment: 0-1 1-3 2-0 3-2 4-4
Robot 3 finished At time 148
Time 150
Robots Locations 0-(1,11) 1-(11,2) 2-(3,12) 3-(12,5) 4-(5,9)
Target Locations:  0-(3,12) 1-(1,11) 2-(8,3) 3-(11,14) 4-(4,14)
Task Assignment: 0-1 1-2 2-4 3-3 4-0
Robot 0 finished At time 151
Time 153
Robots Locations 0-(1,11) 1-(11,1) 2-(3,12) 3-(12,5) 4-(5,9)
Target Locations:  0-(3,12) 1-(8,3) 2-(11,14) 3-(4,14) 4-(3,10)
Task Assignment: 0-0 1-1 2-3 3-2 4-4
Robot 2 finished At time 158
Time 160
Robots Locations 0-(3,12) 1-(8,3) 2-(4,14) 3-(12,8) 4-(3,10)
Target Locations:  0-(3,12) 1-(8,3) 2-(11,14) 3-(3,10) 4-(10,11)
Task Assignment: 0-0 1-1 2-4 3-2 4-3
Robot 0 finished At time 162
Time 164
Robots Locations 0-(3,12) 1-(8,3) 2-(5,14) 3-(12,9) 4-(3,10)
Target Locations:  0-(8,3) 1-(11,14) 2-(3,10) 3-(10,11) 4-(6,4)
Task Assignment: 0-2 1-0 2-1 3-3 4-4
Robot 1 finished At time 165
Time 167
Robots Locations 0-(3,12) 1-(8,3) 2-(5,14) 3-(12,9) 4-(3,10)
Target Locations:  0-(11,14) 1-(3,10) 2-(10,11) 3-(6,4) 4-(10,1)
Task Assignment: 0-1 1-4 2-0 3-2 4-3
Robot 0 finished At time 172
Time 174
Robots Locations 0-(3,10) 1-(9,2) 2-(8,14) 3-(10,11) 4-(4,7)
Target Locations:  0-(11,14) 1-(10,11) 2-(6,4) 3-(10,1) 4-(3,10)
Task Assignment: 0-4 1-3 2-0 3-1 4-2
Robot 0 finished At time 174
Time 176
Robots Locations 0-(3,10) 1-(9,2) 2-(8,14) 3-(10,11) 4-(4,7)
Target Locations:  0-(11,14) 1-(10,11) 2-(6,4) 3-(10,1) 4-(8,10)
Task Assignment: 0-4 1-3 2-0 3-1 4-2
Robot 3 finished At time 177
Time 179
Robots Locations 0-(3,9) 1-(10,1) 2-(9,14) 3-(10,11) 4-(4,7)
Target Locations:  0-(11,14) 1-(6,4) 2-(10,1) 3-(8,10) 4-(14,2)
Task Assignment: 0-1 1-4 2-0 3-3 4-2
Robot 2 finished At time 185
Time 187
Robots Locations 0-(5,7) 1-(13,2) 2-(11,14) 3-(8,10) 4-(6,5)
Target Locations:  0-(6,4) 1-(10,1) 2-(8,10) 3-(14,2) 4-(4,2)
Task Assignment: 0-4 1-3 2-2 3-0 4-1
Robot 1 finished At time 191
Time 193
Robots Locations 0-(4,4) 1-(14,2) 2-(10,12) 3-(7,8) 4-(8,3)
Target Locations:  0-(6,4) 1-(10,1) 2-(8,10) 3-(4,2) 4-(10,15)
Task Assignment: 0-3 1-1 2-4 3-2 4-0
Robot 0 finished At time 198
Time 201
Robots Locations 0-(4,2) 1-(12,1) 2-(10,15) 3-(8,9) 4-(6,4)
Target Locations:  0-(6,4) 1-(10,1) 2-(8,10) 3-(10,15) 4-(3,8)
Task Assignment: 0-0 1-1 2-3 3-2 4-4
Robot 2 finished At time 203
Time 205
Robots Locations 0-(5,2) 1-(11,1) 2-(10,15) 3-(8,10) 4-(6,5)
Target Locations:  0-(6,4) 1-(10,1) 2-(8,10) 3-(3,8) 4-(14,14)
Task Assignment: 0-0 1-1 2-4 3-2 4-3
Robot 3 finished At time 206
Time 208
Robots Locations 0-(5,2) 1-(10,1) 2-(10,15) 3-(8,10) 4-(5,5)
Target Locations:  0-(6,4) 1-(10,1) 2-(3,8) 3-(14,14) 4-(3,3)
Task Assignment: 0-4 1-1 2-3 3-2 4-0
Robot 1 finished At time 210
Time 212
Robots Locations 0-(4,3) 1-(10,1) 2-(12,15) 3-(7,10) 4-(5,4)
Target Locations:  0-(6,4) 1-(3,8) 2-(14,14) 3-(3,3) 4-(3,9)
Task Assignment: 0-3 1-0 2-2 3-4 4-1
Robot 0 finished At time 217
Time 219
Robots Locations 0-(3,3) 1-(8,2) 2-(14,14) 3-(5,9) 4-(5,6)
Target Locations:  0-(6,4) 1-(3,8) 2-(14,14) 3-(3,9) 4-(15,13)
Task Assignment: 0-1 1-0 2-2 3-4 4-3
Robot 2 finished At time 221
Time 223
Robots Locations 0-(3,4) 1-(7,3) 2-(14,14) 3-(4,10) 4-(4,7)
Target Locations:  0-(6,4) 1-(3,8) 2-(3,9) 3-(15,13) 4-(5,3)
Task Assignment: 0-4 1-0 2-3 3-2 4-1
Robot 2 finished At time 227
Time 229
Robots Locations 0-(4,4) 1-(6,4) 2-(15,13) 3-(4,9) 4-(3,8)
Target Locations:  0-(6,4) 1-(3,8) 2-(3,9) 3-(5,3) 4-(12,1)
Task Assignment: 0-3 1-0 2-4 3-2 4-1
Robot 1 finished At time 230
Robot 4 finished At time 230
Robot 0 finished At time 232
Robot 3 finished At time 233
Robot 2 finished At time 249
