Goals: (4,10) (7,3) (5,1) (13,8) (15,8) (5,7) (7,2) (9,4) (13,7) (2,8) (1,12) (5,2) (4,13) (13,8) (2,11) (13,6) (15,12) (12,4) (12,4) (3,10) (1,3) (4,8) (11,15) (6,12) (11,15) (4,14) (7,12) (9,15) (7,10) (12,13) (3,15) (11,9) (5,3) (13,8) (9,8) (10,1) (15,9) (8,5) (1,2) (9,5) (3,3) (6,4) (3,9) (10,15) (4,1) (15,7) (7,7) (1,2) (9,3) (10,5)
/BLE
Time 2
Robots Locations 0-(2,4) 1-(6,7) 2-(9,9) 3-(12,12) 4-(15,15)
Target Locations:  0-(10,5) 1-(9,3) 2-(1,2) 3-(7,7) 4-(15,7)
Task Assignment: 1-3 0-2 2-0 3-4 4-1
Robot 1 finished At time 6
Time 8
Robots Locations 0-(1,2) 1-(7,7) 2-(8,8) 3-(14,10) 4-(15,13)
Target Locations:  0-(10,5) 1-(9,3) 2-(1,2) 3-(15,7) 4-(4,1)
Task Assignment: 0-2 3-3 1-0 2-1 4-4
Robot 0 finished At time 10
Time 12
Robots Locations 0-(1,2) 1-(8,6) 2-(9,7) 3-(14,9) 4-(14,13)
Target Locations:  0-(10,5) 1-(9,3) 2-(15,7) 3-(4,1) 4-(10,15)
Task Assignment: 1-0 3-2 0-3 2-1 4-4
Robot 3 finished At time 18
Time 20
Robots Locations 0-(4,1) 1-(10,5) 2-(10,6) 3-(15,7) 4-(12,14)
Target Locations:  0-(10,5) 1-(9,3) 2-(4,1) 3-(10,15) 4-(3,9)
Task Assignment: 0-2 1-0 4-3 2-1 3-4
Robot 1 finished At time 21
Time 23
Robots Locations 0-(4,1) 1-(10,5) 2-(10,6) 3-(15,7) 4-(11,14)
Target Locations:  0-(9,3) 1-(4,1) 2-(10,15) 3-(3,9) 4-(6,4)
Task Assignment: 0-1 4-2 1-0 2-4 3-3
Robot 0 finished At time 25
Time 27
Robots Locations 0-(4,1) 1-(10,4) 2-(10,5) 3-(14,6) 4-(11,15)
Target Locations:  0-(9,3) 1-(10,15) 2-(3,9) 3-(6,4) 4-(3,3)
Task Assignment: 4-1 1-0 0-4 2-3 3-2
Robot 4 finished At time 30
Time 32
Robots Locations 0-(4,2) 1-(9,3) 2-(8,5) 3-(13,7) 4-(10,15)
Target Locations:  0-(9,3) 1-(3,9) 2-(6,4) 3-(3,3) 4-(9,5)
Task Assignment: 1-0 2-4 0-3 3-2 4-1
Robot 1 finished At time 33
Time 35
Robots Locations 0-(3,3) 1-(9,3) 2-(8,5) 3-(12,7) 4-(9,15)
Target Locations:  0-(3,9) 1-(6,4) 2-(3,3) 3-(9,5) 4-(1,2)
Task Assignment: 0-2 2-3 1-1 4-0 3-4
Robot 0 finished At time 38
Time 40
Robots Locations 0-(3,3) 1-(8,3) 2-(9,5) 3-(11,6) 4-(8,14)
Target Locations:  0-(3,9) 1-(6,4) 2-(9,5) 3-(1,2) 4-(8,5)
Task Assignment: 2-2 1-4 0-3 3-1 4-0
Robot 2 finished At time 42
Time 44
Robots Locations 0-(2,3) 1-(8,4) 2-(9,5) 3-(10,6) 4-(7,13)
Target Locations:  0-(3,9) 1-(6,4) 2-(1,2) 3-(8,5) 4-(15,9)
Task Assignment: 1-3 0-2 2-1 4-0 3-4
Robot 1 finished At time 47
Time 49
Robots Locations 0-(1,2) 1-(8,5) 2-(9,4) 3-(10,5) 4-(6,12)
Target Locations:  0-(3,9) 1-(6,4) 2-(1,2) 3-(15,9) 4-(10,1)
Task Assignment: 0-2 1-1 2-4 4-0 3-3
Robot 0 finished At time 50
Time 52
Robots Locations 0-(1,2) 1-(8,6) 2-(8,4) 3-(11,6) 4-(6,12)
Target Locations:  0-(3,9) 1-(6,4) 2-(15,9) 3-(10,1) 4-(9,8)
Task Assignment: 2-1 1-4 4-0 3-2 0-3
Robot 1 finished At time 60
Time 62
Robots Locations 0-(4,1) 1-(9,8) 2-(6,4) 3-(14,8) 4-(3,9)
Target Locations:  0-(3,9) 1-(6,4) 2-(15,9) 3-(10,1) 4-(13,8)
Task Assignment: 4-0 2-1 3-4 0-3 1-2
Robot 2 finished At time 62
Time 64
Robots Locations 0-(4,1) 1-(9,8) 2-(6,4) 3-(14,8) 4-(3,9)
Target Locations:  0-(3,9) 1-(15,9) 2-(10,1) 3-(13,8) 4-(5,3)
Task Assignment: 4-0 3-3 2-4 0-2 1-1
Robot 4 finished At time 65
Time 67
Robots Locations 0-(5,1) 1-(10,8) 2-(6,4) 3-(14,9) 4-(3,9)
Target Locations:  0-(15,9) 1-(10,1) 2-(13,8) 3-(5,3) 4-(11,9)
Task Assignment: 3-0 2-3 1-4 0-1 4-2
Robot 2 finished At time 71
Time 73
Robots Locations 0-(7,1) 1-(11,9) 2-(5,3) 3-(15,9) 4-(4,8)
Target Locations:  0-(15,9) 1-(10,1) 2-(13,8) 3-(11,9) 4-(3,15)
Task Assignment: 1-3 3-0 0-1 4-4 2-2
Robot 1 finished At time 74
Time 76
Robots Locations 0-(7,1) 1-(11,9) 2-(5,3) 3-(15,9) 4-(4,8)
Target Locations:  0-(15,9) 1-(10,1) 2-(13,8) 3-(3,15) 4-(12,13)
Task Assignment: 3-0 1-2 0-1 4-3 2-4
Robot 3 finished At time 76
Time 78
Robots Locations 0-(8,1) 1-(11,9) 2-(5,2) 3-(15,9) 4-(5,9)
Target Locations:  0-(10,1) 1-(13,8) 2-(3,15) 3-(12,13) 4-(7,10)
Task Assignment: 0-0 3-1 4-4 1-3 2-2
Robot 3 finished At time 84
Time 86
Robots Locations 0-(10,1) 1-(12,12) 2-(5,5) 3-(13,8) 4-(7,10)
Target Locations:  0-(10,1) 1-(3,15) 2-(12,13) 3-(7,10) 4-(9,15)
Task Assignment: 4-3 0-0 1-2 3-4 2-1
Robot 0 finished At time 86
Time 88
Robots Locations 0-(10,1) 1-(12,12) 2-(5,5) 3-(13,8) 4-(7,10)
Target Locations:  0-(3,15) 1-(12,13) 2-(7,10) 3-(9,15) 4-(7,12)
Task Assignment: 4-2 1-1 3-4 2-0 0-3
Robot 4 finished At time 89
Time 91
Robots Locations 0-(10,1) 1-(12,12) 2-(5,5) 3-(13,8) 4-(7,10)
Target Locations:  0-(3,15) 1-(12,13) 2-(9,15) 3-(7,12) 4-(4,14)
Task Assignment: 1-1 4-3 3-2 2-4 0-0
Robot 1 finished At time 94
Time 96
Robots Locations 0-(10,3) 1-(12,13) 2-(5,7) 3-(12,9) 4-(7,12)
Target Locations:  0-(3,15) 1-(9,15) 2-(7,12) 3-(4,14) 4-(11,15)
Task Assignment: 4-2 1-4 3-1 2-3 0-0
Robot 4 finished At time 98
Time 100
Robots Locations 0-(9,4) 1-(11,14) 2-(5,9) 3-(11,11) 4-(7,12)
Target Locations:  0-(3,15) 1-(9,15) 2-(4,14) 3-(11,15) 4-(6,12)
Task Assignment: 4-4 1-3 3-1 2-2 0-0
Robot 1 finished At time 104
Time 105
Robots Locations 0-(8,5) 1-(11,15) 2-(5,10) 3-(10,12) 4-(6,12)
Target Locations:  0-(3,15) 1-(9,15) 2-(4,14) 3-(6,12) 4-(11,15)
Task Assignment: 4-3 1-4 3-1 2-2 0-0
Robot 1 finished At time 106
Time 107
Robots Locations 0-(8,5) 1-(11,15) 2-(5,10) 3-(10,13) 4-(6,12)
Target Locations:  0-(3,15) 1-(9,15) 2-(4,14) 3-(6,12) 4-(4,8)
Task Assignment: 4-3 1-1 2-4 3-2 0-0
Robot 4 finished At time 108
Time 110
Robots Locations 0-(8,6) 1-(11,15) 2-(4,11) 3-(10,13) 4-(6,12)
Target Locations:  0-(3,15) 1-(9,15) 2-(4,14) 3-(4,8) 4-(1,3)
Task Assignment: 1-1 4-2 2-3 3-0 0-4
Robot 1 finished At time 115
Time 117
Robots Locations 0-(6,5) 1-(9,15) 2-(4,8) 3-(7,14) 4-(4,14)
Target Locations:  0-(3,15) 1-(4,14) 2-(4,8) 3-(1,3) 4-(3,10)
Task Assignment: 4-1 2-2 3-0 0-3 1-4
Robot 4 finished At time 119
Time 121
Robots Locations 0-(5,5) 1-(8,14) 2-(4,8) 3-(6,14) 4-(4,14)
Target Locations:  0-(3,15) 1-(4,8) 2-(1,3) 3-(3,10) 4-(12,4)
Task Assignment: 2-1 4-0 0-2 3-3 1-4
Robot 2 finished At time 122
Time 124
Robots Locations 0-(4,5) 1-(8,14) 2-(4,8) 3-(6,14) 4-(4,14)
Target Locations:  0-(3,15) 1-(1,3) 2-(3,10) 3-(12,4) 4-(12,4)
Task Assignment: 4-0 2-2 0-1 1-4 3-3
Robot 4 finished At time 128
Time 130
Robots Locations 0-(2,4) 1-(9,12) 2-(3,9) 3-(6,12) 4-(3,15)
Target Locations:  0-(1,3) 1-(3,10) 2-(12,4) 3-(12,4) 4-(15,12)
Task Assignment: 2-1 0-0 1-4 3-2 4-3
Robot 0 finished At time 134
Time 136
Robots Locations 0-(1,3) 1-(11,12) 2-(3,10) 3-(8,10) 4-(3,14)
Target Locations:  0-(3,10) 1-(12,4) 2-(12,4) 3-(15,12) 4-(13,6)
Task Assignment: 2-0 1-3 3-4 0-2 4-1
Robot 2 finished At time 136
Time 138
Robots Locations 0-(1,3) 1-(11,12) 2-(3,10) 3-(8,10) 4-(3,14)
Target Locations:  0-(12,4) 1-(12,4) 2-(15,12) 3-(13,6) 4-(2,11)
Task Assignment: 2-4 1-2 3-3 0-0 4-1
Robot 2 finished At time 144
Time 146
Robots Locations 0-(3,2) 1-(14,12) 2-(2,11) 3-(10,9) 4-(5,12)
Target Locations:  0-(12,4) 1-(12,4) 2-(15,12) 3-(13,6) 4-(13,8)
Task Assignment: 1-2 3-4 0-0 4-3 2-1
Robot 1 finished At time 151
Time 153
Robots Locations 0-(5,3) 1-(15,12) 2-(3,11) 3-(12,8) 4-(7,11)
Target Locations:  0-(12,4) 1-(12,4) 2-(13,6) 3-(13,8) 4-(4,13)
Task Assignment: 3-3 2-4 1-2 0-1 4-0
Robot 3 finished At time 157
Time 160
Robots Locations 0-(7,3) 1-(15,10) 2-(4,13) 3-(13,8) 4-(8,9)
Target Locations:  0-(12,4) 1-(12,4) 2-(13,6) 3-(4,13) 4-(5,2)
Task Assignment: 2-3 3-2 0-4 4-1 1-0
Robot 2 finished At time 163
Time 165
Robots Locations 0-(7,2) 1-(14,9) 2-(4,13) 3-(13,7) 4-(9,8)
Target Locations:  0-(12,4) 1-(12,4) 2-(13,6) 3-(5,2) 4-(1,12)
Task Assignment: 3-2 0-3 2-4 4-0 1-1
Robot 3 finished At time 178
Time 180
Robots Locations 0-(7,2) 1-(13,7) 2-(4,13) 3-(13,6) 4-(10,6)
Target Locations:  0-(12,4) 1-(12,4) 2-(5,2) 3-(1,12) 4-(2,8)
Task Assignment: 0-2 3-0 4-1 2-3 1-4
Robot 0 finished At time 186
Time 188
Robots Locations 0-(5,2) 1-(10,7) 2-(1,12) 3-(12,4) 4-(12,5)
Target Locations:  0-(12,4) 1-(12,4) 2-(1,12) 3-(2,8) 4-(13,7)
Task Assignment: 3-1 2-2 4-0 1-4 0-3
Robot 3 finished At time 188
Time 190
Robots Locations 0-(5,2) 1-(10,7) 2-(1,12) 3-(12,4) 4-(12,5)
Target Locations:  0-(12,4) 1-(1,12) 2-(2,8) 3-(13,7) 4-(9,4)
Task Assignment: 3-0 2-1 4-3 1-4 0-2
Robot 3 finished At time 191
Time 193
Robots Locations 0-(5,2) 1-(10,7) 2-(1,12) 3-(12,4) 4-(12,5)
Target Locations:  0-(1,12) 1-(2,8) 2-(13,7) 3-(9,4) 4-(7,2)
Task Assignment: 2-0 0-4 4-2 3-3 1-1
Robot 2 finished At time 195
Time 197
Robots Locations 0-(5,3) 1-(9,8) 2-(1,12) 3-(11,4) 4-(13,6)
Target Locations:  0-(2,8) 1-(13,7) 2-(9,4) 3-(7,2) 4-(5,7)
Task Assignment: 4-1 3-2 0-3 2-0 1-4
Robot 4 finished At time 201
Time 203
Robots Locations 0-(7,2) 1-(6,7) 2-(1,10) 3-(9,4) 4-(13,7)
Target Locations:  0-(2,8) 1-(9,4) 2-(7,2) 3-(5,7) 4-(15,8)
Task Assignment: 0-2 3-1 1-3 4-4 2-0
Robot 3 finished At time 204
Time 206
Robots Locations 0-(7,2) 1-(6,7) 2-(1,9) 3-(9,4) 4-(13,7)
Target Locations:  0-(2,8) 1-(7,2) 2-(5,7) 3-(15,8) 4-(13,8)
Task Assignment: 0-1 1-2 4-4 2-0 3-3
Robot 0 finished At time 207
Time 209
Robots Locations 0-(7,2) 1-(6,7) 2-(2,9) 3-(9,4) 4-(14,7)
Target Locations:  0-(2,8) 1-(5,7) 2-(15,8) 3-(13,8) 4-(5,1)
Task Assignment: 1-1 2-0 4-2 0-4 3-3
Robot 1 finished At time 212
Time 213
Robots Locations 0-(7,1) 1-(5,7) 2-(2,8) 3-(9,5) 4-(15,8)
Target Locations:  0-(2,8) 1-(15,8) 2-(13,8) 3-(5,1) 4-(7,3)
Task Assignment: 4-1 2-0 0-3 3-4 1-2
Robot 2 finished At time 215
Time 217
Robots Locations 0-(6,1) 1-(5,6) 2-(2,8) 3-(10,5) 4-(15,8)
Target Locations:  0-(15,8) 1-(13,8) 2-(5,1) 3-(7,3) 4-(4,10)
Task Assignment: 4-0 0-2 2-4 3-3 1-1
Robot 4 finished At time 217
Robot 0 finished At time 220
Robot 2 finished At time 224
Robot 3 finished At time 225
Robot 1 finished At time 233
/MURDOCH
Time 2
Robots Locations 0-(3,4) 1-(6,6) 2-(9,9) 3-(12,12) 4-(15,15)
Target Locations:  0-(10,5) 1-(9,3) 2-(1,2) 3-(7,7) 4-(15,7)
Task Assignment: 0-0 3-1 4-2 1-3 2-4
Robot 1 finished At time 16
Time 18
Robots Locations 0-(6,4) 1-(7,7) 2-(13,8) 3-(12,9) 4-(13,14)
Target Locations:  0-(10,5) 1-(9,3) 2-(1,2) 3-(15,7) 4-(4,1)
Task Assignment: 0-0 3-1 4-2 2-3 1-4
Robot 2 finished At time 24
Time 26
Robots Locations 0-(9,5) 1-(6,5) 2-(15,7) 3-(11,7) 4-(11,12)
Target Locations:  0-(10,5) 1-(9,3) 2-(1,2) 3-(4,1) 4-(10,15)
Task Assignment: 0-0 3-1 4-2 1-3 2-4
Robot 1 finished At time 35
Time 37
Robots Locations 0-(10,5) 1-(4,1) 2-(13,11) 3-(10,4) 4-(7,8)
Target Locations:  0-(10,5) 1-(9,3) 2-(1,2) 3-(10,15) 4-(3,9)
Task Assignment: 0-0 3-1 4-2 2-3 1-4
Robot 0 finished At time 39
Time 41
Robots Locations 0-(10,5) 1-(3,1) 2-(13,12) 3-(9,3) 4-(7,8)
Target Locations:  0-(9,3) 1-(1,2) 2-(10,15) 3-(3,9) 4-(6,4)
Task Assignment: 3-0 4-1 2-2 1-3 0-4
Robot 3 finished At time 42
Time 44
Robots Locations 0-(9,5) 1-(3,2) 2-(12,12) 3-(9,3) 4-(6,7)
Target Locations:  0-(1,2) 1-(10,15) 2-(3,9) 3-(6,4) 4-(3,3)
Task Assignment: 4-0 2-1 1-2 0-3 3-4
Robot 0 finished At time 52
Time 54
Robots Locations 0-(6,4) 1-(3,6) 2-(10,15) 3-(5,3) 4-(4,4)
Target Locations:  0-(1,2) 1-(10,15) 2-(3,9) 3-(3,3) 4-(9,5)
Task Assignment: 4-0 2-1 1-2 3-3 0-4
Robot 2 finished At time 55
Time 56
Robots Locations 0-(6,4) 1-(3,6) 2-(10,15) 3-(4,3) 4-(3,4)
Target Locations:  0-(1,2) 1-(3,9) 2-(3,3) 3-(9,5) 4-(1,2)
Task Assignment: 4-0 1-1 3-2 0-3 2-4
Robot 3 finished At time 62
Time 64
Robots Locations 0-(8,5) 1-(3,9) 2-(8,13) 3-(3,3) 4-(1,2)
Target Locations:  0-(1,2) 1-(3,9) 2-(9,5) 3-(1,2) 4-(8,5)
Task Assignment: 4-0 1-1 0-2 2-3 3-4
Robot 1 finished At time 65
Time 67
Robots Locations 0-(8,5) 1-(3,9) 2-(8,13) 3-(3,3) 4-(1,2)
Target Locations:  0-(1,2) 1-(9,5) 2-(1,2) 3-(8,5) 4-(15,9)
Task Assignment: 4-0 0-1 2-2 3-3 1-4
Robot 4 finished At time 68
Time 70
Robots Locations 0-(9,5) 1-(3,9) 2-(7,12) 3-(4,4) 4-(1,2)
Target Locations:  0-(9,5) 1-(1,2) 2-(8,5) 3-(15,9) 4-(10,1)
Task Assignment: 0-0 2-1 3-2 1-3 4-4
Robot 0 finished At time 71
Time 73
Robots Locations 0-(9,5) 1-(4,9) 2-(7,11) 3-(4,4) 4-(1,1)
Target Locations:  0-(1,2) 1-(8,5) 2-(15,9) 3-(10,1) 4-(9,8)
Task Assignment: 2-0 3-1 1-2 4-3 0-4
Robot 0 finished At time 81
Time 83
Robots Locations 0-(9,8) 1-(9,9) 2-(7,10) 3-(8,5) 4-(5,1)
Target Locations:  0-(1,2) 1-(8,5) 2-(15,9) 3-(10,1) 4-(13,8)
Task Assignment: 2-0 3-1 1-2 4-3 0-4
Robot 3 finished At time 84
Time 86
Robots Locations 0-(9,8) 1-(9,9) 2-(7,9) 3-(8,5) 4-(6,1)
Target Locations:  0-(1,2) 1-(15,9) 2-(10,1) 3-(13,8) 4-(5,3)
Task Assignment: 2-0 1-1 4-2 0-3 3-4
Robot 4 finished At time 95
Time 97
Robots Locations 0-(13,8) 1-(14,9) 2-(4,5) 3-(5,3) 4-(10,1)
Target Locations:  0-(1,2) 1-(15,9) 2-(13,8) 3-(5,3) 4-(11,9)
Task Assignment: 2-0 1-1 0-2 3-3 4-4
Robot 3 finished At time 99
Time 101
Robots Locations 0-(13,8) 1-(15,9) 2-(3,5) 3-(5,3) 4-(10,2)
Target Locations:  0-(1,2) 1-(15,9) 2-(13,8) 3-(11,9) 4-(3,15)
Task Assignment: 2-0 1-1 0-2 4-3 3-4
Robot 0 finished At time 102
Time 103
Robots Locations 0-(13,8) 1-(15,9) 2-(3,5) 3-(5,3) 4-(10,2)
Target Locations:  0-(1,2) 1-(15,9) 2-(11,9) 3-(3,15) 4-(12,13)
Task Assignment: 2-0 1-1 4-2 3-3 0-4
Robot 1 finished At time 104
Time 106
Robots Locations 0-(13,8) 1-(15,9) 2-(3,4) 3-(4,3) 4-(10,2)
Target Locations:  0-(1,2) 1-(11,9) 2-(3,15) 3-(12,13) 4-(7,10)
Task Assignment: 2-0 4-1 3-2 0-3 1-4
Robot 2 finished At time 113
Time 115
Robots Locations 0-(12,12) 1-(13,10) 2-(1,2) 3-(4,7) 4-(11,6)
Target Locations:  0-(11,9) 1-(3,15) 2-(12,13) 3-(7,10) 4-(9,15)
Task Assignment: 4-0 3-1 0-2 1-3 2-4
Robot 0 finished At time 120
Time 122
Robots Locations 0-(12,13) 1-(10,10) 2-(1,3) 3-(4,10) 4-(11,9)
Target Locations:  0-(11,9) 1-(3,15) 2-(7,10) 3-(9,15) 4-(7,12)
Task Assignment: 4-0 3-1 1-2 2-3 0-4
Robot 4 finished At time 124
Time 126
Robots Locations 0-(11,13) 1-(9,10) 2-(2,4) 3-(4,11) 4-(11,9)
Target Locations:  0-(3,15) 1-(7,10) 2-(9,15) 3-(7,12) 4-(4,14)
Task Assignment: 3-0 1-1 2-2 0-3 4-4
Robot 1 finished At time 131
Time 132
Robots Locations 0-(8,12) 1-(7,10) 2-(3,7) 3-(3,14) 4-(9,11)
Target Locations:  0-(3,15) 1-(9,15) 2-(7,12) 3-(4,14) 4-(11,15)
Task Assignment: 3-0 2-1 0-2 4-3 1-4
Robot 3 finished At time 137
Time 139
Robots Locations 0-(7,12) 1-(7,11) 2-(5,9) 3-(3,15) 4-(8,11)
Target Locations:  0-(9,15) 1-(7,12) 2-(4,14) 3-(11,15) 4-(6,12)
Task Assignment: 2-0 0-1 4-2 1-3 3-4
Robot 0 finished At time 140
Time 142
Robots Locations 0-(7,12) 1-(7,11) 2-(5,9) 3-(3,15) 4-(8,11)
Target Locations:  0-(9,15) 1-(4,14) 2-(11,15) 3-(6,12) 4-(11,15)
Task Assignment: 2-0 4-1 1-2 3-3 0-4
Robot 0 finished At time 155
Time 157
Robots Locations 0-(11,15) 1-(10,15) 2-(8,14) 3-(6,12) 4-(5,13)
Target Locations:  0-(9,15) 1-(4,14) 2-(11,15) 3-(6,12) 4-(4,8)
Task Assignment: 2-0 4-1 3-2 0-3 1-4
Robot 4 finished At time 162
Time 164
Robots Locations 0-(10,14) 1-(9,15) 2-(9,15) 3-(7,13) 4-(4,14)
Target Locations:  0-(9,15) 1-(11,15) 2-(6,12) 3-(4,8) 4-(1,3)
Task Assignment: 2-0 3-1 0-2 1-3 4-4
Robot 0 finished At time 175
Time 177
Robots Locations 0-(6,12) 1-(7,11) 2-(9,14) 3-(9,15) 4-(2,9)
Target Locations:  0-(9,15) 1-(11,15) 2-(4,8) 3-(1,3) 4-(3,10)
Task Assignment: 2-0 3-1 1-2 4-3 0-4
Robot 2 finished At time 181
Time 183
Robots Locations 0-(4,11) 1-(5,9) 2-(9,15) 3-(11,15) 4-(2,7)
Target Locations:  0-(11,15) 1-(4,8) 2-(1,3) 3-(3,10) 4-(12,4)
Task Assignment: 3-0 1-1 4-2 0-3 2-4
Robot 3 finished At time 184
Time 186
Robots Locations 0-(4,11) 1-(5,9) 2-(10,15) 3-(11,15) 4-(2,6)
Target Locations:  0-(4,8) 1-(1,3) 2-(3,10) 3-(12,4) 4-(12,4)
Task Assignment: 1-0 4-1 0-2 2-3 3-4
Robot 0 finished At time 190
Time 192
Robots Locations 0-(3,10) 1-(4,8) 2-(10,13) 3-(11,13) 4-(1,4)
Target Locations:  0-(4,8) 1-(1,3) 2-(12,4) 3-(12,4) 4-(15,12)
Task Assignment: 1-0 4-1 2-2 3-3 0-4
Robot 1 finished At time 192
Time 194
Robots Locations 0-(3,10) 1-(4,8) 2-(10,13) 3-(11,13) 4-(1,4)
Target Locations:  0-(1,3) 1-(12,4) 2-(12,4) 3-(15,12) 4-(13,6)
Task Assignment: 4-0 2-1 3-2 0-3 1-4
Robot 4 finished At time 198
Time 200
Robots Locations 0-(4,9) 1-(6,7) 2-(11,11) 3-(12,11) 4-(1,3)
Target Locations:  0-(12,4) 1-(12,4) 2-(15,12) 3-(13,6) 4-(2,11)
Task Assignment: 2-0 3-1 0-2 1-3 4-4
Robot 3 finished At time 215
Time 217
Robots Locations 0-(12,11) 1-(12,7) 2-(12,5) 3-(12,4) 4-(2,10)
Target Locations:  0-(12,4) 1-(15,12) 2-(13,6) 3-(2,11) 4-(13,8)
Task Assignment: 3-0 0-1 1-2 4-3 2-4
Robot 3 finished At time 218
Time 220
Robots Locations 0-(13,11) 1-(12,7) 2-(12,5) 3-(12,4) 4-(2,10)
Target Locations:  0-(15,12) 1-(13,6) 2-(2,11) 3-(13,8) 4-(4,13)
Task Assignment: 0-0 1-1 4-2 2-3 3-4
Robot 4 finished At time 224
Time 226
Robots Locations 0-(15,12) 1-(13,6) 2-(13,5) 3-(11,5) 4-(2,11)
Target Locations:  0-(15,12) 1-(13,6) 2-(13,8) 3-(4,13) 4-(5,2)
Task Assignment: 0-0 1-1 2-2 3-3 4-4
Robot 1 finished At time 227
Time 229
Robots Locations 0-(15,12) 1-(13,6) 2-(12,6) 3-(10,5) 4-(2,11)
Target Locations:  0-(15,12) 1-(13,8) 2-(4,13) 3-(5,2) 4-(1,12)
Task Assignment: 0-0 2-1 3-2 4-3 1-4
Robot 0 finished At time 230
Time 232
Robots Locations 0-(15,12) 1-(13,6) 2-(12,6) 3-(10,5) 4-(3,11)
Target Locations:  0-(13,8) 1-(4,13) 2-(5,2) 3-(1,12) 4-(2,8)
Task Assignment: 2-0 3-1 4-2 1-3 0-4
Robot 2 finished At time 239
Time 241
Robots Locations 0-(13,11) 1-(10,7) 2-(13,8) 3-(8,8) 4-(4,8)
Target Locations:  0-(4,13) 1-(5,2) 2-(1,12) 3-(2,8) 4-(13,7)
Task Assignment: 3-0 4-1 1-2 0-3 2-4
Robot 2 finished At time 247
Time 249
Robots Locations 0-(10,10) 1-(7,8) 2-(13,7) 3-(6,11) 4-(4,4)
Target Locations:  0-(4,13) 1-(5,2) 2-(1,12) 3-(2,8) 4-(9,4)
Task Assignment: 3-0 4-1 1-2 0-3 2-4
Robot 4 finished At time 254
Time 256
Robots Locations 0-(7,9) 1-(4,10) 2-(11,5) 3-(4,13) 4-(5,2)
Target Locations:  0-(4,13) 1-(1,12) 2-(2,8) 3-(9,4) 4-(7,2)
Task Assignment: 3-0 1-1 0-2 2-3 4-4
Robot 3 finished At time 257
Time 259
Robots Locations 0-(6,9) 1-(4,10) 2-(10,5) 3-(4,13) 4-(5,2)
Target Locations:  0-(1,12) 1-(2,8) 2-(9,4) 3-(7,2) 4-(5,7)
Task Assignment: 1-0 0-1 2-2 4-3 3-4
Robot 2 finished At time 263
Time 265
Robots Locations 0-(4,8) 1-(2,12) 2-(9,4) 3-(4,11) 4-(7,2)
Target Locations:  0-(1,12) 1-(2,8) 2-(7,2) 3-(5,7) 4-(15,8)
Task Assignment: 1-0 0-1 4-2 3-3 2-4
Robot 4 finished At time 266
Time 267
Robots Locations 0-(3,8) 1-(2,12) 2-(9,4) 3-(4,11) 4-(7,2)
Target Locations:  0-(1,12) 1-(2,8) 2-(5,7) 3-(15,8) 4-(13,8)
Task Assignment: 1-0 0-1 3-2 2-3 4-4
Robot 1 finished At time 270
Time 272
Robots Locations 0-(2,8) 1-(1,12) 2-(10,3) 3-(4,10) 4-(8,3)
Target Locations:  0-(2,8) 1-(5,7) 2-(15,8) 3-(13,8) 4-(5,1)
Task Assignment: 0-0 3-1 2-2 4-3 1-4
Robot 0 finished At time 274
Time 276
Robots Locations 0-(2,8) 1-(0,11) 2-(10,4) 3-(4,9) 4-(9,4)
Target Locations:  0-(5,7) 1-(15,8) 2-(13,8) 3-(5,1) 4-(7,3)
Task Assignment: 3-0 2-1 4-2 1-3 0-4
Robot 3 finished At time 281
Time 283
Robots Locations 0-(3,6) 1-(2,9) 2-(13,6) 3-(5,7) 4-(11,6)
Target Locations:  0-(15,8) 1-(13,8) 2-(5,1) 3-(7,3) 4-(4,10)
Task Assignment: 2-0 4-1 1-2 0-3 3-4
Robot 2 finished At time 290
Robot 4 finished At time 290
Robot 0 finished At time 292
Robot 3 finished At time 293
Robot 1 finished At time 298
/mmdr
Time 2
Robots Locations 0-(3,3) 1-(6,6) 2-(9,9) 3-(12,12) 4-(15,15)
Target Locations:  0-(10,5) 1-(9,3) 2-(1,2) 3-(7,7) 4-(15,7)
Task Assignment: 0-2 1-1 2-3 3-0 4-4
Robot 0 finished At time 8
Time 10
Robots Locations 0-(1,2) 1-(8,5) 2-(7,7) 3-(12,9) 4-(16,13)
Target Locations:  0-(10,5) 1-(9,3) 2-(7,7) 3-(15,7) 4-(4,1)
Task Assignment: 0-4 1-1 2-2 3-0 4-3
Robot 2 finished At time 12
Time 14
Robots Locations 0-(1,2) 1-(8,4) 2-(7,7) 3-(11,9) 4-(16,13)
Target Locations:  0-(10,5) 1-(9,3) 2-(15,7) 3-(4,1) 4-(10,15)
Task Assignment: 0-3 1-1 2-0 3-2 4-4
Robot 1 finished At time 18
Time 21
Robots Locations 0-(3,1) 1-(9,3) 2-(9,6) 3-(13,8) 4-(14,13)
Target Locations:  0-(10,5) 1-(15,7) 2-(4,1) 3-(10,15) 4-(3,9)
Task Assignment: 0-2 1-0 2-4 3-1 4-3
Robot 0 finished At time 24
Time 26
Robots Locations 0-(4,1) 1-(10,4) 2-(9,7) 3-(15,7) 4-(12,14)
Target Locations:  0-(10,5) 1-(15,7) 2-(10,15) 3-(3,9) 4-(6,4)
Task Assignment: 0-4 1-0 2-3 3-1 4-2
Robot 3 finished At time 27
Time 29
Robots Locations 0-(5,2) 1-(10,5) 2-(8,7) 3-(15,7) 4-(11,14)
Target Locations:  0-(10,5) 1-(10,15) 2-(3,9) 3-(6,4) 4-(3,3)
Task Assignment: 0-4 1-3 2-2 3-0 4-1
Robot 4 finished At time 33
Time 36
Robots Locations 0-(3,3) 1-(8,5) 2-(6,8) 3-(14,6) 4-(10,15)
Target Locations:  0-(10,5) 1-(3,9) 2-(6,4) 3-(3,3) 4-(9,5)
Task Assignment: 0-3 1-4 2-2 3-0 4-1
Robot 0 finished At time 38
Time 40
Robots Locations 0-(3,3) 1-(8,4) 2-(5,7) 3-(13,6) 4-(9,15)
Target Locations:  0-(10,5) 1-(3,9) 2-(6,4) 3-(9,5) 4-(1,2)
Task Assignment: 0-4 1-3 2-2 3-0 4-1
Robot 1 finished At time 45
Time 48
Robots Locations 0-(1,2) 1-(9,5) 2-(6,5) 3-(10,5) 4-(7,13)
Target Locations:  0-(10,5) 1-(3,9) 2-(6,4) 3-(1,2) 4-(8,5)
Task Assignment: 0-3 1-4 2-2 3-0 4-1
Robot 0 finished At time 50
Time 52
Robots Locations 0-(1,2) 1-(9,6) 2-(6,4) 3-(10,5) 4-(7,12)
Target Locations:  0-(10,5) 1-(3,9) 2-(6,4) 3-(8,5) 4-(15,9)
Task Assignment: 0-2 1-4 2-3 3-0 4-1
Robot 3 finished At time 54
Time 56
Robots Locations 0-(1,1) 1-(8,6) 2-(7,4) 3-(10,5) 4-(6,12)
Target Locations:  0-(3,9) 1-(6,4) 2-(8,5) 3-(15,9) 4-(10,1)
Task Assignment: 0-1 1-2 2-4 3-3 4-0
Robot 4 finished At time 65
Time 67
Robots Locations 0-(5,3) 1-(8,5) 2-(10,1) 3-(13,8) 4-(3,9)
Target Locations:  0-(6,4) 1-(8,5) 2-(15,9) 3-(10,1) 4-(9,8)
Task Assignment: 0-1 1-4 2-3 3-2 4-0
Robot 2 finished At time 68
Time 71
Robots Locations 0-(6,4) 1-(8,5) 2-(10,1) 3-(14,8) 4-(3,8)
Target Locations:  0-(6,4) 1-(8,5) 2-(15,9) 3-(9,8) 4-(13,8)
Task Assignment: 0-3 1-4 2-1 3-2 4-0
Robot 3 finished At time 76
Time 78
Robots Locations 0-(8,6) 1-(10,7) 2-(10,3) 3-(15,9) 4-(5,6)
Target Locations:  0-(6,4) 1-(8,5) 2-(9,8) 3-(13,8) 4-(5,3)
Task Assignment: 0-0 1-2 2-1 3-3 4-4
Robot 1 finished At time 84
Time 87
Robots Locations 0-(7,5) 1-(9,8) 2-(8,4) 3-(13,8) 4-(5,3)
Target Locations:  0-(6,4) 1-(8,5) 2-(13,8) 3-(5,3) 4-(11,9)
Task Assignment: 0-0 1-4 2-1 3-2 4-3
Robot 4 finished At time 89
Time 91
Robots Locations 0-(6,4) 1-(9,9) 2-(8,5) 3-(13,8) 4-(5,3)
Target Locations:  0-(6,4) 1-(8,5) 2-(13,8) 3-(11,9) 4-(3,15)
Task Assignment: 0-1 1-4 2-3 3-2 4-0
Robot 3 finished At time 92
Time 95
Robots Locations 0-(6,3) 1-(9,9) 2-(8,5) 3-(13,8) 4-(6,3)
Target Locations:  0-(6,4) 1-(8,5) 2-(11,9) 3-(3,15) 4-(12,13)
Task Assignment: 0-0 1-3 2-2 3-4 4-1
Robot 2 finished At time 106
Time 108
Robots Locations 0-(6,4) 1-(4,14) 2-(11,9) 3-(12,13) 4-(7,5)
Target Locations:  0-(6,4) 1-(8,5) 2-(3,15) 3-(12,13) 4-(7,10)
Task Assignment: 0-0 1-2 2-4 3-3 4-1
Robot 3 finished At time 109
Time 112
Robots Locations 0-(6,4) 1-(4,14) 2-(11,10) 3-(12,13) 4-(8,5)
Target Locations:  0-(6,4) 1-(8,5) 2-(3,15) 3-(7,10) 4-(9,15)
Task Assignment: 0-0 1-2 2-3 3-4 4-1
Robot 4 finished At time 113
Time 116
Robots Locations 0-(6,4) 1-(3,15) 2-(10,10) 3-(11,14) 4-(8,5)
Target Locations:  0-(6,4) 1-(3,15) 2-(7,10) 3-(9,15) 4-(7,12)
Task Assignment: 0-0 1-1 2-4 3-3 4-2
Robot 0 finished At time 116
Time 119
Robots Locations 0-(6,4) 1-(3,15) 2-(10,10) 3-(11,14) 4-(8,5)
Target Locations:  0-(3,15) 1-(7,10) 2-(9,15) 3-(7,12) 4-(4,14)
Task Assignment: 0-1 1-0 2-4 3-2 4-3
Robot 1 finished At time 120
Time 123
Robots Locations 0-(7,4) 1-(3,15) 2-(9,10) 3-(10,14) 4-(8,6)
Target Locations:  0-(7,10) 1-(9,15) 2-(7,12) 3-(4,14) 4-(11,15)
Task Assignment: 0-0 1-3 2-4 3-1 4-2
Robot 3 finished At time 128
Time 130
Robots Locations 0-(7,7) 1-(4,14) 2-(10,13) 3-(9,15) 4-(8,8)
Target Locations:  0-(7,10) 1-(7,12) 2-(4,14) 3-(11,15) 4-(6,12)
Task Assignment: 0-0 1-2 2-3 3-1 4-4
Robot 1 finished At time 133
Time 135
Robots Locations 0-(7,8) 1-(4,14) 2-(10,14) 3-(8,14) 4-(7,10)
Target Locations:  0-(7,10) 1-(7,12) 2-(11,15) 3-(6,12) 4-(11,15)
Task Assignment: 0-0 1-3 2-2 3-4 4-1
Robot 2 finished At time 140
Time 142
Robots Locations 0-(7,10) 1-(6,12) 2-(11,15) 3-(10,14) 4-(7,12)
Target Locations:  0-(7,10) 1-(7,12) 2-(6,12) 3-(11,15) 4-(4,8)
Task Assignment: 0-4 1-2 2-3 3-1 4-0
Robot 2 finished At time 143
Time 145
Robots Locations 0-(7,10) 1-(6,12) 2-(11,15) 3-(10,14) 4-(7,12)
Target Locations:  0-(7,10) 1-(7,12) 2-(6,12) 3-(4,8) 4-(1,3)
Task Assignment: 0-4 1-3 2-2 3-1 4-0
Robot 4 finished At time 153
Time 155
Robots Locations 0-(4,8) 1-(5,9) 2-(8,14) 3-(7,12) 4-(7,10)
Target Locations:  0-(7,12) 1-(6,12) 2-(4,8) 3-(1,3) 4-(3,10)
Task Assignment: 0-3 1-4 2-1 3-0 4-2
Robot 3 finished At time 159
Time 161
Robots Locations 0-(3,6) 1-(3,9) 2-(7,13) 3-(7,12) 4-(6,9)
Target Locations:  0-(6,12) 1-(4,8) 2-(1,3) 3-(3,10) 4-(12,4)
Task Assignment: 0-2 1-1 2-0 3-3 4-4
Robot 2 finished At time 166
Time 169
Robots Locations 0-(1,4) 1-(4,8) 2-(6,12) 3-(4,11) 4-(7,7)
Target Locations:  0-(4,8) 1-(1,3) 2-(3,10) 3-(12,4) 4-(12,4)
Task Assignment: 0-1 1-3 2-2 3-0 4-4
Robot 0 finished At time 172
Time 174
Robots Locations 0-(1,3) 1-(5,7) 2-(5,11) 3-(4,9) 4-(9,6)
Target Locations:  0-(4,8) 1-(3,10) 2-(12,4) 3-(12,4) 4-(15,12)
Task Assignment: 0-0 1-2 2-3 3-1 4-4
Robot 3 finished At time 180
Time 183
Robots Locations 0-(2,5) 1-(9,6) 2-(7,9) 3-(3,10) 4-(11,8)
Target Locations:  0-(4,8) 1-(12,4) 2-(12,4) 3-(15,12) 4-(13,6)
Task Assignment: 0-2 1-1 2-4 3-0 4-3
Robot 3 finished At time 193
Time 196
Robots Locations 0-(6,5) 1-(12,4) 2-(11,7) 3-(4,8) 4-(15,12)
Target Locations:  0-(12,4) 1-(12,4) 2-(15,12) 3-(13,6) 4-(2,11)
Task Assignment: 0-0 1-1 2-3 3-4 4-2
Robot 1 finished At time 196
Time 198
Robots Locations 0-(6,5) 1-(12,4) 2-(11,7) 3-(4,8) 4-(15,12)
Target Locations:  0-(12,4) 1-(15,12) 2-(13,6) 3-(2,11) 4-(13,8)
Task Assignment: 0-0 1-2 2-4 3-3 4-1
Robot 4 finished At time 201
Time 203
Robots Locations 0-(8,5) 1-(13,5) 2-(12,7) 3-(3,8) 4-(15,12)
Target Locations:  0-(12,4) 1-(13,6) 2-(2,11) 3-(13,8) 4-(4,13)
Task Assignment: 0-4 1-0 2-1 3-2 4-3
Robot 2 finished At time 218
Time 221
Robots Locations 0-(7,7) 1-(12,4) 2-(13,6) 3-(2,11) 4-(15,10)
Target Locations:  0-(12,4) 1-(2,11) 2-(13,8) 3-(4,13) 4-(5,2)
Task Assignment: 0-3 1-4 2-0 3-1 4-2
Robot 3 finished At time 222
Time 225
Robots Locations 0-(7,8) 1-(12,4) 2-(13,5) 3-(2,11) 4-(14,10)
Target Locations:  0-(12,4) 1-(13,8) 2-(4,13) 3-(5,2) 4-(1,12)
Task Assignment: 0-2 1-3 2-0 3-4 4-1
Robot 3 finished At time 229
Time 231
Robots Locations 0-(6,10) 1-(9,3) 2-(12,4) 3-(1,12) 4-(13,8)
Target Locations:  0-(12,4) 1-(13,8) 2-(4,13) 3-(5,2) 4-(2,8)
Task Assignment: 0-2 1-3 2-0 3-4 4-1
Robot 2 finished At time 232
Time 234
Robots Locations 0-(6,10) 1-(9,3) 2-(12,4) 3-(1,12) 4-(13,8)
Target Locations:  0-(13,8) 1-(4,13) 2-(5,2) 3-(2,8) 4-(13,7)
Task Assignment: 0-1 1-2 2-4 3-3 4-0
Robot 4 finished At time 235
Time 238
Robots Locations 0-(5,11) 1-(8,3) 2-(12,4) 3-(0,12) 4-(13,8)
Target Locations:  0-(4,13) 1-(5,2) 2-(2,8) 3-(13,7) 4-(9,4)
Task Assignment: 0-0 1-1 2-4 3-2 4-3
Robot 4 finished At time 242
Time 244
Robots Locations 0-(4,12) 1-(7,2) 2-(10,4) 3-(1,10) 4-(13,7)
Target Locations:  0-(4,13) 1-(5,2) 2-(2,8) 3-(9,4) 4-(7,2)
Task Assignment: 0-0 1-1 2-4 3-2 4-3
Robot 0 finished At time 247
Time 249
Robots Locations 0-(4,13) 1-(5,2) 2-(8,3) 3-(2,9) 4-(12,6)
Target Locations:  0-(5,2) 1-(2,8) 2-(9,4) 3-(7,2) 4-(5,7)
Task Assignment: 0-1 1-0 2-3 3-4 4-2
Robot 1 finished At time 251
Time 253
Robots Locations 0-(3,13) 1-(5,2) 2-(8,3) 3-(2,8) 4-(11,6)
Target Locations:  0-(2,8) 1-(9,4) 2-(7,2) 3-(5,7) 4-(15,8)
Task Assignment: 0-0 1-2 2-1 3-3 4-4
Robot 3 finished At time 260
Time 263
Robots Locations 0-(2,9) 1-(7,2) 2-(9,4) 3-(5,7) 4-(13,7)
Target Locations:  0-(2,8) 1-(9,4) 2-(7,2) 3-(15,8) 4-(13,8)
Task Assignment: 0-0 1-2 2-4 3-1 4-3
Robot 1 finished At time 263
Time 265
Robots Locations 0-(2,9) 1-(7,2) 2-(9,4) 3-(5,7) 4-(13,7)
Target Locations:  0-(2,8) 1-(9,4) 2-(15,8) 3-(13,8) 4-(5,1)
Task Assignment: 0-0 1-4 2-3 3-1 4-2
Robot 0 finished At time 269
Time 271
Robots Locations 0-(2,8) 1-(7,1) 2-(11,6) 3-(7,6) 4-(15,8)
Target Locations:  0-(9,4) 1-(15,8) 2-(13,8) 3-(5,1) 4-(7,3)
Task Assignment: 0-3 1-4 2-2 3-0 4-1
Robot 4 finished At time 273
Time 275
Robots Locations 0-(2,7) 1-(6,1) 2-(11,6) 3-(7,5) 4-(15,8)
Target Locations:  0-(9,4) 1-(13,8) 2-(5,1) 3-(7,3) 4-(4,10)
Task Assignment: 0-4 1-2 2-0 3-3 4-1
Robot 1 finished At time 282
Robot 3 finished At time 284
Robot 4 finished At time 286
Robot 0 finished At time 287
Robot 2 finished At time 287
/mmd_msd2
Time 2
Robots Locations 0-(3,3) 1-(6,6) 2-(9,9) 3-(12,12) 4-(15,15)
Target Locations:  0-(10,5) 1-(9,3) 2-(1,2) 3-(7,7) 4-(15,7)
Task Assignment: 0-2 1-1 2-3 3-0 4-4
Robot 0 finished At time 8
Time 10
Robots Locations 0-(1,2) 1-(8,4) 2-(7,8) 3-(12,10) 4-(16,13)
Target Locations:  0-(10,5) 1-(9,3) 2-(7,7) 3-(15,7) 4-(4,1)
Task Assignment: 0-4 1-1 2-2 3-0 4-3
Robot 2 finished At time 14
Time 16
Robots Locations 0-(2,1) 1-(9,3) 2-(7,7) 3-(11,8) 4-(15,11)
Target Locations:  0-(10,5) 1-(9,3) 2-(15,7) 3-(4,1) 4-(10,15)
Task Assignment: 0-3 1-1 2-0 3-2 4-4
Robot 1 finished At time 17
Time 19
Robots Locations 0-(2,1) 1-(9,3) 2-(7,7) 3-(11,8) 4-(15,11)
Target Locations:  0-(10,5) 1-(15,7) 2-(4,1) 3-(10,15) 4-(3,9)
Task Assignment: 0-2 1-0 2-4 3-1 4-3
Robot 0 finished At time 24
Time 26
Robots Locations 0-(4,1) 1-(10,5) 2-(5,7) 3-(14,7) 4-(13,12)
Target Locations:  0-(10,5) 1-(15,7) 2-(10,15) 3-(3,9) 4-(6,4)
Task Assignment: 0-4 1-0 2-3 3-1 4-2
Robot 1 finished At time 28
Time 30
Robots Locations 0-(5,2) 1-(10,5) 2-(4,8) 3-(15,7) 4-(12,13)
Target Locations:  0-(15,7) 1-(10,15) 2-(3,9) 3-(6,4) 4-(3,3)
Task Assignment: 0-4 1-3 2-2 3-0 4-1
Robot 3 finished At time 32
Time 34
Robots Locations 0-(4,3) 1-(9,5) 2-(3,9) 3-(15,7) 4-(12,14)
Target Locations:  0-(10,15) 1-(3,9) 2-(6,4) 3-(3,3) 4-(9,5)
Task Assignment: 0-3 1-2 2-1 3-4 4-0
Robot 2 finished At time 37
Time 38
Robots Locations 0-(3,3) 1-(8,5) 2-(3,9) 3-(15,6) 4-(10,15)
Target Locations:  0-(10,15) 1-(6,4) 2-(3,3) 3-(9,5) 4-(1,2)
Task Assignment: 0-4 1-1 2-2 3-3 4-0
Robot 4 finished At time 41
Time 43
Robots Locations 0-(2,2) 1-(6,4) 2-(2,8) 3-(13,6) 4-(10,15)
Target Locations:  0-(6,4) 1-(3,3) 2-(9,5) 3-(1,2) 4-(8,5)
Task Assignment: 0-3 1-0 2-1 3-2 4-4
Robot 1 finished At time 46
Time 48
Robots Locations 0-(1,2) 1-(6,4) 2-(2,7) 3-(12,6) 4-(9,15)
Target Locations:  0-(3,3) 1-(9,5) 2-(1,2) 3-(8,5) 4-(15,9)
Task Assignment: 0-2 1-3 2-0 3-1 4-4
Robot 0 finished At time 49
Time 51
Robots Locations 0-(1,2) 1-(5,4) 2-(3,6) 3-(11,5) 4-(10,14)
Target Locations:  0-(3,3) 1-(9,5) 2-(8,5) 3-(15,9) 4-(10,1)
Task Assignment: 0-0 1-4 2-2 3-1 4-3
Robot 3 finished At time 59
Time 61
Robots Locations 0-(3,3) 1-(8,3) 2-(6,5) 3-(9,5) 4-(12,12)
Target Locations:  0-(3,3) 1-(8,5) 2-(15,9) 3-(10,1) 4-(9,8)
Task Assignment: 0-0 1-3 2-1 3-4 4-2
Robot 0 finished At time 65
Time 67
Robots Locations 0-(3,3) 1-(9,2) 2-(7,5) 3-(9,6) 4-(13,11)
Target Locations:  0-(8,5) 1-(15,9) 2-(10,1) 3-(9,8) 4-(13,8)
Task Assignment: 0-0 1-2 2-3 3-4 4-1
Robot 1 finished At time 71
Time 73
Robots Locations 0-(5,4) 1-(10,1) 2-(9,7) 3-(11,7) 4-(15,9)
Target Locations:  0-(8,5) 1-(15,9) 2-(9,8) 3-(13,8) 4-(5,3)
Task Assignment: 0-4 1-0 2-2 3-3 4-1
Robot 4 finished At time 74
Time 76
Robots Locations 0-(6,4) 1-(11,1) 2-(9,8) 3-(11,7) 4-(15,9)
Target Locations:  0-(8,5) 1-(9,8) 2-(13,8) 3-(5,3) 4-(11,9)
Task Assignment: 0-3 1-0 2-1 3-4 4-2
Robot 2 finished At time 79
Time 93
Robots Locations 0-(5,3) 1-(10,2) 2-(9,8) 3-(11,8) 4-(11,8)
Target Locations:  0-(8,5) 1-(13,8) 2-(5,3) 3-(11,9) 4-(3,15)
Task Assignment: 0-2 1-0 2-4 3-1 4-3
Robot 0 finished At time 95
Time 97
Robots Locations 0-(5,3) 1-(10,3) 2-(9,9) 3-(12,9) 4-(14,8)
Target Locations:  0-(8,5) 1-(13,8) 2-(11,9) 3-(3,15) 4-(12,13)
Task Assignment: 0-0 1-1 2-3 3-4 4-2
Robot 4 finished At time 104
Time 106
Robots Locations 0-(7,5) 1-(12,6) 2-(6,12) 3-(12,13) 4-(11,9)
Target Locations:  0-(8,5) 1-(13,8) 2-(3,15) 3-(12,13) 4-(7,10)
Task Assignment: 0-0 1-1 2-2 3-3 4-4
Robot 3 finished At time 109
Time 111
Robots Locations 0-(8,5) 1-(12,7) 2-(5,13) 3-(12,13) 4-(10,9)
Target Locations:  0-(8,5) 1-(13,8) 2-(3,15) 3-(7,10) 4-(9,15)
Task Assignment: 0-0 1-1 2-2 3-4 4-3
Robot 0 finished At time 112
Time 114
Robots Locations 0-(8,5) 1-(13,8) 2-(5,13) 3-(12,13) 4-(9,9)
Target Locations:  0-(13,8) 1-(3,15) 2-(7,10) 3-(9,15) 4-(7,12)
Task Assignment: 0-2 1-0 2-1 3-3 4-4
Robot 1 finished At time 116
Time 118
Robots Locations 0-(8,6) 1-(13,8) 2-(4,14) 3-(11,14) 4-(8,10)
Target Locations:  0-(3,15) 1-(7,10) 2-(9,15) 3-(7,12) 4-(4,14)
Task Assignment: 0-3 1-1 2-0 3-2 4-4
Robot 2 finished At time 121
Time 123
Robots Locations 0-(8,8) 1-(12,9) 2-(3,15) 3-(9,15) 4-(7,12)
Target Locations:  0-(7,10) 1-(9,15) 2-(7,12) 3-(4,14) 4-(11,15)
Task Assignment: 0-0 1-2 2-3 3-4 4-1
Robot 0 finished At time 128
Time 130
Robots Locations 0-(7,10) 1-(9,11) 2-(4,14) 3-(11,15) 4-(8,14)
Target Locations:  0-(9,15) 1-(7,12) 2-(4,14) 3-(11,15) 4-(6,12)
Task Assignment: 0-4 1-1 2-2 3-3 4-0
Robot 2 finished At time 132
Time 134
Robots Locations 0-(7,11) 1-(8,11) 2-(4,14) 3-(11,15) 4-(9,15)
Target Locations:  0-(9,15) 1-(7,12) 2-(11,15) 3-(6,12) 4-(11,15)
Task Assignment: 0-0 1-1 2-3 3-2 4-4
Robot 3 finished At time 135
Time 137
Robots Locations 0-(6,11) 1-(8,11) 2-(4,14) 3-(11,15) 4-(9,15)
Target Locations:  0-(9,15) 1-(7,12) 2-(6,12) 3-(11,15) 4-(4,8)
Task Assignment: 0-4 1-1 2-2 3-3 4-0
Robot 3 finished At time 137
Time 140
Robots Locations 0-(6,11) 1-(8,11) 2-(4,14) 3-(11,15) 4-(9,15)
Target Locations:  0-(9,15) 1-(7,12) 2-(6,12) 3-(4,8) 4-(1,3)
Task Assignment: 0-4 1-3 2-2 3-0 4-1
Robot 2 finished At time 148
Time 150
Robots Locations 0-(4,9) 1-(6,10) 2-(6,12) 3-(9,15) 4-(8,13)
Target Locations:  0-(9,15) 1-(7,12) 2-(4,8) 3-(1,3) 4-(3,10)
Task Assignment: 0-3 1-2 2-4 3-0 4-1
Robot 3 finished At time 153
Time 155
Robots Locations 0-(4,8) 1-(5,9) 2-(5,11) 3-(9,15) 4-(7,12)
Target Locations:  0-(7,12) 1-(4,8) 2-(1,3) 3-(3,10) 4-(12,4)
Task Assignment: 0-2 1-4 2-1 3-0 4-3
Robot 2 finished At time 162
Time 165
Robots Locations 0-(2,4) 1-(8,6) 2-(4,8) 3-(7,12) 4-(3,10)
Target Locations:  0-(7,12) 1-(1,3) 2-(3,10) 3-(12,4) 4-(12,4)
Task Assignment: 0-1 1-3 2-4 3-0 4-2
Robot 3 finished At time 167
Time 177
Robots Locations 0-(1,3) 1-(9,6) 2-(4,7) 3-(7,12) 4-(3,10)
Target Locations:  0-(1,3) 1-(3,10) 2-(12,4) 3-(12,4) 4-(15,12)
Task Assignment: 0-0 1-2 2-3 3-4 4-1
Robot 4 finished At time 178
Time 180
Robots Locations 0-(1,3) 1-(9,5) 2-(5,7) 3-(7,11) 4-(3,10)
Target Locations:  0-(1,3) 1-(12,4) 2-(12,4) 3-(15,12) 4-(13,6)
Task Assignment: 0-0 1-1 2-2 3-3 4-4
Robot 0 finished At time 181
Time 183
Robots Locations 0-(1,3) 1-(10,5) 2-(6,7) 3-(8,11) 4-(3,9)
Target Locations:  0-(12,4) 1-(12,4) 2-(15,12) 3-(13,6) 4-(2,11)
Task Assignment: 0-4 1-0 2-1 3-2 4-3
Robot 1 finished At time 190
Time 191
Robots Locations 0-(1,5) 1-(12,4) 2-(9,5) 3-(11,12) 4-(6,8)
Target Locations:  0-(12,4) 1-(15,12) 2-(13,6) 3-(2,11) 4-(13,8)
Task Assignment: 0-3 1-2 2-0 3-1 4-4
Robot 1 finished At time 197
Time 199
Robots Locations 0-(2,9) 1-(13,6) 2-(12,4) 3-(15,12) 4-(9,8)
Target Locations:  0-(12,4) 1-(15,12) 2-(2,11) 3-(13,8) 4-(4,13)
Task Assignment: 0-2 1-3 2-0 3-1 4-4
Robot 2 finished At time 201
Time 203
Robots Locations 0-(2,10) 1-(13,7) 2-(12,4) 3-(15,12) 4-(10,9)
Target Locations:  0-(15,12) 1-(2,11) 2-(13,8) 3-(4,13) 4-(5,2)
Task Assignment: 0-1 1-2 2-4 3-0 4-3
Robot 3 finished At time 204
Time 206
Robots Locations 0-(2,10) 1-(13,7) 2-(12,4) 3-(15,12) 4-(10,9)
Target Locations:  0-(2,11) 1-(13,8) 2-(4,13) 3-(5,2) 4-(1,12)
Task Assignment: 0-4 1-2 2-3 3-1 4-0
Robot 0 finished At time 211
Time 213
Robots Locations 0-(1,12) 1-(11,9) 2-(10,3) 3-(14,10) 4-(7,10)
Target Locations:  0-(2,11) 1-(13,8) 2-(4,13) 3-(5,2) 4-(2,8)
Task Assignment: 0-0 1-2 2-3 3-1 4-4
Robot 3 finished At time 219
Time 221
Robots Locations 0-(2,11) 1-(8,11) 2-(7,2) 3-(13,8) 4-(4,9)
Target Locations:  0-(2,11) 1-(4,13) 2-(5,2) 3-(2,8) 4-(13,7)
Task Assignment: 0-0 1-1 2-2 3-4 4-3
Robot 0 finished At time 223
Time 225
Robots Locations 0-(2,11) 1-(7,11) 2-(6,2) 3-(13,7) 4-(3,8)
Target Locations:  0-(4,13) 1-(5,2) 2-(2,8) 3-(13,7) 4-(9,4)
Task Assignment: 0-2 1-0 2-4 3-3 4-1
Robot 3 finished At time 227
Time 229
Robots Locations 0-(2,10) 1-(6,12) 2-(5,3) 3-(13,7) 4-(3,7)
Target Locations:  0-(4,13) 1-(5,2) 2-(2,8) 3-(9,4) 4-(7,2)
Task Assignment: 0-2 1-0 2-4 3-3 4-1
Robot 0 finished At time 234
Time 236
Robots Locations 0-(2,8) 1-(4,13) 2-(7,2) 3-(11,5) 4-(4,5)
Target Locations:  0-(4,13) 1-(5,2) 2-(9,4) 3-(7,2) 4-(5,7)
Task Assignment: 0-4 1-0 2-3 3-2 4-1
Robot 1 finished At time 236
Time 238
Robots Locations 0-(2,8) 1-(4,13) 2-(7,2) 3-(11,5) 4-(4,5)
Target Locations:  0-(5,2) 1-(9,4) 2-(7,2) 3-(5,7) 4-(15,8)
Task Assignment: 0-0 1-3 2-1 3-4 4-2
Robot 2 finished At time 247
Time 248
Robots Locations 0-(4,4) 1-(4,9) 2-(9,4) 3-(13,7) 4-(7,2)
Target Locations:  0-(5,2) 1-(7,2) 2-(5,7) 3-(15,8) 4-(13,8)
Task Assignment: 0-0 1-2 2-4 3-3 4-1
Robot 4 finished At time 250
Time 253
Robots Locations 0-(5,3) 1-(5,8) 2-(10,5) 3-(14,7) 4-(7,2)
Target Locations:  0-(5,2) 1-(5,7) 2-(15,8) 3-(13,8) 4-(5,1)
Task Assignment: 0-0 1-1 2-3 3-2 4-4
Robot 0 finished At time 257
Time 259
Robots Locations 0-(5,2) 1-(5,7) 2-(11,6) 3-(15,8) 4-(6,1)
Target Locations:  0-(5,7) 1-(15,8) 2-(13,8) 3-(5,1) 4-(7,3)
Task Assignment: 0-3 1-0 2-2 3-1 4-4
Robot 3 finished At time 259
Time 261
Robots Locations 0-(5,2) 1-(5,7) 2-(11,6) 3-(15,8) 4-(5,1)
Target Locations:  0-(5,7) 1-(13,8) 2-(5,1) 3-(7,3) 4-(4,10)
Task Assignment: 0-0 1-4 2-3 3-1 4-2
Robot 4 finished At time 264
Robot 3 finished At time 268
Robot 1 finished At time 270
Robot 0 finished At time 272
Robot 2 finished At time 274
